<?xml version="1.0" encoding="utf-8"?>
<testsuites>
<testsuite package="org.eslint" time="0" tests="52" errors="52" name="C:\work\dyrectorio\web\crux-ui\src\pages\api\auth\login.ts">
<testcase time="0" name="org.eslint.linebreak-style" classname="C:\work\dyrectorio\web\crux-ui\src\pages\api\auth\login"><failure message="Expected linebreaks to be &apos;LF&apos; but found &apos;CRLF&apos;."><![CDATA[line 1, col 36, Error - Expected linebreaks to be &apos;LF&apos; but found &apos;CRLF&apos;. (linebreak-style)]]></failure></testcase>
<testcase time="0" name="org.eslint.semi" classname="C:\work\dyrectorio\web\crux-ui\src\pages\api\auth\login"><failure message="Missing semicolon."><![CDATA[line 1, col 36, Error - Missing semicolon. (semi)]]></failure></testcase>
<testcase time="0" name="org.eslint.linebreak-style" classname="C:\work\dyrectorio\web\crux-ui\src\pages\api\auth\login"><failure message="Expected linebreaks to be &apos;LF&apos; but found &apos;CRLF&apos;."><![CDATA[line 2, col 50, Error - Expected linebreaks to be &apos;LF&apos; but found &apos;CRLF&apos;. (linebreak-style)]]></failure></testcase>
<testcase time="0" name="org.eslint.semi" classname="C:\work\dyrectorio\web\crux-ui\src\pages\api\auth\login"><failure message="Missing semicolon."><![CDATA[line 2, col 50, Error - Missing semicolon. (semi)]]></failure></testcase>
<testcase time="0" name="org.eslint.linebreak-style" classname="C:\work\dyrectorio\web\crux-ui\src\pages\api\auth\login"><failure message="Expected linebreaks to be &apos;LF&apos; but found &apos;CRLF&apos;."><![CDATA[line 3, col 62, Error - Expected linebreaks to be &apos;LF&apos; but found &apos;CRLF&apos;. (linebreak-style)]]></failure></testcase>
<testcase time="0" name="org.eslint.semi" classname="C:\work\dyrectorio\web\crux-ui\src\pages\api\auth\login"><failure message="Missing semicolon."><![CDATA[line 3, col 62, Error - Missing semicolon. (semi)]]></failure></testcase>
<testcase time="0" name="org.eslint.linebreak-style" classname="C:\work\dyrectorio\web\crux-ui\src\pages\api\auth\login"><failure message="Expected linebreaks to be &apos;LF&apos; but found &apos;CRLF&apos;."><![CDATA[line 4, col 75, Error - Expected linebreaks to be &apos;LF&apos; but found &apos;CRLF&apos;. (linebreak-style)]]></failure></testcase>
<testcase time="0" name="org.eslint.semi" classname="C:\work\dyrectorio\web\crux-ui\src\pages\api\auth\login"><failure message="Missing semicolon."><![CDATA[line 4, col 75, Error - Missing semicolon. (semi)]]></failure></testcase>
<testcase time="0" name="org.eslint.linebreak-style" classname="C:\work\dyrectorio\web\crux-ui\src\pages\api\auth\login"><failure message="Expected linebreaks to be &apos;LF&apos; but found &apos;CRLF&apos;."><![CDATA[line 5, col 75, Error - Expected linebreaks to be &apos;LF&apos; but found &apos;CRLF&apos;. (linebreak-style)]]></failure></testcase>
<testcase time="0" name="org.eslint.semi" classname="C:\work\dyrectorio\web\crux-ui\src\pages\api\auth\login"><failure message="Missing semicolon."><![CDATA[line 5, col 75, Error - Missing semicolon. (semi)]]></failure></testcase>
<testcase time="0" name="org.eslint.linebreak-style" classname="C:\work\dyrectorio\web\crux-ui\src\pages\api\auth\login"><failure message="Expected linebreaks to be &apos;LF&apos; but found &apos;CRLF&apos;."><![CDATA[line 6, col 54, Error - Expected linebreaks to be &apos;LF&apos; but found &apos;CRLF&apos;. (linebreak-style)]]></failure></testcase>
<testcase time="0" name="org.eslint.semi" classname="C:\work\dyrectorio\web\crux-ui\src\pages\api\auth\login"><failure message="Missing semicolon."><![CDATA[line 6, col 54, Error - Missing semicolon. (semi)]]></failure></testcase>
<testcase time="0" name="org.eslint.linebreak-style" classname="C:\work\dyrectorio\web\crux-ui\src\pages\api\auth\login"><failure message="Expected linebreaks to be &apos;LF&apos; but found &apos;CRLF&apos;."><![CDATA[line 7, col 55, Error - Expected linebreaks to be &apos;LF&apos; but found &apos;CRLF&apos;. (linebreak-style)]]></failure></testcase>
<testcase time="0" name="org.eslint.semi" classname="C:\work\dyrectorio\web\crux-ui\src\pages\api\auth\login"><failure message="Missing semicolon."><![CDATA[line 7, col 55, Error - Missing semicolon. (semi)]]></failure></testcase>
<testcase time="0" name="org.eslint.linebreak-style" classname="C:\work\dyrectorio\web\crux-ui\src\pages\api\auth\login"><failure message="Expected linebreaks to be &apos;LF&apos; but found &apos;CRLF&apos;."><![CDATA[line 8, col 1, Error - Expected linebreaks to be &apos;LF&apos; but found &apos;CRLF&apos;. (linebreak-style)]]></failure></testcase>
<testcase time="0" name="org.eslint.linebreak-style" classname="C:\work\dyrectorio\web\crux-ui\src\pages\api\auth\login"><failure message="Expected linebreaks to be &apos;LF&apos; but found &apos;CRLF&apos;."><![CDATA[line 9, col 70, Error - Expected linebreaks to be &apos;LF&apos; but found &apos;CRLF&apos;. (linebreak-style)]]></failure></testcase>
<testcase time="0" name="org.eslint.linebreak-style" classname="C:\work\dyrectorio\web\crux-ui\src\pages\api\auth\login"><failure message="Expected linebreaks to be &apos;LF&apos; but found &apos;CRLF&apos;."><![CDATA[line 10, col 32, Error - Expected linebreaks to be &apos;LF&apos; but found &apos;CRLF&apos;. (linebreak-style)]]></failure></testcase>
<testcase time="0" name="org.eslint.semi" classname="C:\work\dyrectorio\web\crux-ui\src\pages\api\auth\login"><failure message="Missing semicolon."><![CDATA[line 10, col 32, Error - Missing semicolon. (semi)]]></failure></testcase>
<testcase time="0" name="org.eslint.linebreak-style" classname="C:\work\dyrectorio\web\crux-ui\src\pages\api\auth\login"><failure message="Expected linebreaks to be &apos;LF&apos; but found &apos;CRLF&apos;."><![CDATA[line 11, col 37, Error - Expected linebreaks to be &apos;LF&apos; but found &apos;CRLF&apos;. (linebreak-style)]]></failure></testcase>
<testcase time="0" name="org.eslint.semi" classname="C:\work\dyrectorio\web\crux-ui\src\pages\api\auth\login"><failure message="Missing semicolon."><![CDATA[line 11, col 37, Error - Missing semicolon. (semi)]]></failure></testcase>
<testcase time="0" name="org.eslint.linebreak-style" classname="C:\work\dyrectorio\web\crux-ui\src\pages\api\auth\login"><failure message="Expected linebreaks to be &apos;LF&apos; but found &apos;CRLF&apos;."><![CDATA[line 12, col 31, Error - Expected linebreaks to be &apos;LF&apos; but found &apos;CRLF&apos;. (linebreak-style)]]></failure></testcase>
<testcase time="0" name="org.eslint.semi" classname="C:\work\dyrectorio\web\crux-ui\src\pages\api\auth\login"><failure message="Missing semicolon."><![CDATA[line 12, col 31, Error - Missing semicolon. (semi)]]></failure></testcase>
<testcase time="0" name="org.eslint.linebreak-style" classname="C:\work\dyrectorio\web\crux-ui\src\pages\api\auth\login"><failure message="Expected linebreaks to be &apos;LF&apos; but found &apos;CRLF&apos;."><![CDATA[line 13, col 1, Error - Expected linebreaks to be &apos;LF&apos; but found &apos;CRLF&apos;. (linebreak-style)]]></failure></testcase>
<testcase time="0" name="org.eslint.linebreak-style" classname="C:\work\dyrectorio\web\crux-ui\src\pages\api\auth\login"><failure message="Expected linebreaks to be &apos;LF&apos; but found &apos;CRLF&apos;."><![CDATA[line 14, col 61, Error - Expected linebreaks to be &apos;LF&apos; but found &apos;CRLF&apos;. (linebreak-style)]]></failure></testcase>
<testcase time="0" name="org.eslint.linebreak-style" classname="C:\work\dyrectorio\web\crux-ui\src\pages\api\auth\login"><failure message="Expected linebreaks to be &apos;LF&apos; but found &apos;CRLF&apos;."><![CDATA[line 15, col 14, Error - Expected linebreaks to be &apos;LF&apos; but found &apos;CRLF&apos;. (linebreak-style)]]></failure></testcase>
<testcase time="0" name="org.eslint.linebreak-style" classname="C:\work\dyrectorio\web\crux-ui\src\pages\api\auth\login"><failure message="Expected linebreaks to be &apos;LF&apos; but found &apos;CRLF&apos;."><![CDATA[line 16, col 6, Error - Expected linebreaks to be &apos;LF&apos; but found &apos;CRLF&apos;. (linebreak-style)]]></failure></testcase>
<testcase time="0" name="org.eslint.linebreak-style" classname="C:\work\dyrectorio\web\crux-ui\src\pages\api\auth\login"><failure message="Expected linebreaks to be &apos;LF&apos; but found &apos;CRLF&apos;."><![CDATA[line 17, col 26, Error - Expected linebreaks to be &apos;LF&apos; but found &apos;CRLF&apos;. (linebreak-style)]]></failure></testcase>
<testcase time="0" name="org.eslint.linebreak-style" classname="C:\work\dyrectorio\web\crux-ui\src\pages\api\auth\login"><failure message="Expected linebreaks to be &apos;LF&apos; but found &apos;CRLF&apos;."><![CDATA[line 18, col 33, Error - Expected linebreaks to be &apos;LF&apos; but found &apos;CRLF&apos;. (linebreak-style)]]></failure></testcase>
<testcase time="0" name="org.eslint.linebreak-style" classname="C:\work\dyrectorio\web\crux-ui\src\pages\api\auth\login"><failure message="Expected linebreaks to be &apos;LF&apos; but found &apos;CRLF&apos;."><![CDATA[line 19, col 29, Error - Expected linebreaks to be &apos;LF&apos; but found &apos;CRLF&apos;. (linebreak-style)]]></failure></testcase>
<testcase time="0" name="org.eslint.linebreak-style" classname="C:\work\dyrectorio\web\crux-ui\src\pages\api\auth\login"><failure message="Expected linebreaks to be &apos;LF&apos; but found &apos;CRLF&apos;."><![CDATA[line 20, col 30, Error - Expected linebreaks to be &apos;LF&apos; but found &apos;CRLF&apos;. (linebreak-style)]]></failure></testcase>
<testcase time="0" name="org.eslint.linebreak-style" classname="C:\work\dyrectorio\web\crux-ui\src\pages\api\auth\login"><failure message="Expected linebreaks to be &apos;LF&apos; but found &apos;CRLF&apos;."><![CDATA[line 21, col 7, Error - Expected linebreaks to be &apos;LF&apos; but found &apos;CRLF&apos;. (linebreak-style)]]></failure></testcase>
<testcase time="0" name="org.eslint.linebreak-style" classname="C:\work\dyrectorio\web\crux-ui\src\pages\api\auth\login"><failure message="Expected linebreaks to be &apos;LF&apos; but found &apos;CRLF&apos;."><![CDATA[line 22, col 15, Error - Expected linebreaks to be &apos;LF&apos; but found &apos;CRLF&apos;. (linebreak-style)]]></failure></testcase>
<testcase time="0" name="org.eslint.linebreak-style" classname="C:\work\dyrectorio\web\crux-ui\src\pages\api\auth\login"><failure message="Expected linebreaks to be &apos;LF&apos; but found &apos;CRLF&apos;."><![CDATA[line 23, col 12, Error - Expected linebreaks to be &apos;LF&apos; but found &apos;CRLF&apos;. (linebreak-style)]]></failure></testcase>
<testcase time="0" name="org.eslint.linebreak-style" classname="C:\work\dyrectorio\web\crux-ui\src\pages\api\auth\login"><failure message="Expected linebreaks to be &apos;LF&apos; but found &apos;CRLF&apos;."><![CDATA[line 24, col 4, Error - Expected linebreaks to be &apos;LF&apos; but found &apos;CRLF&apos;. (linebreak-style)]]></failure></testcase>
<testcase time="0" name="org.eslint.semi" classname="C:\work\dyrectorio\web\crux-ui\src\pages\api\auth\login"><failure message="Missing semicolon."><![CDATA[line 24, col 4, Error - Missing semicolon. (semi)]]></failure></testcase>
<testcase time="0" name="org.eslint.linebreak-style" classname="C:\work\dyrectorio\web\crux-ui\src\pages\api\auth\login"><failure message="Expected linebreaks to be &apos;LF&apos; but found &apos;CRLF&apos;."><![CDATA[line 25, col 1, Error - Expected linebreaks to be &apos;LF&apos; but found &apos;CRLF&apos;. (linebreak-style)]]></failure></testcase>
<testcase time="0" name="org.eslint.linebreak-style" classname="C:\work\dyrectorio\web\crux-ui\src\pages\api\auth\login"><failure message="Expected linebreaks to be &apos;LF&apos; but found &apos;CRLF&apos;."><![CDATA[line 26, col 42, Error - Expected linebreaks to be &apos;LF&apos; but found &apos;CRLF&apos;. (linebreak-style)]]></failure></testcase>
<testcase time="0" name="org.eslint.semi" classname="C:\work\dyrectorio\web\crux-ui\src\pages\api\auth\login"><failure message="Missing semicolon."><![CDATA[line 26, col 42, Error - Missing semicolon. (semi)]]></failure></testcase>
<testcase time="0" name="org.eslint.linebreak-style" classname="C:\work\dyrectorio\web\crux-ui\src\pages\api\auth\login"><failure message="Expected linebreaks to be &apos;LF&apos; but found &apos;CRLF&apos;."><![CDATA[line 27, col 1, Error - Expected linebreaks to be &apos;LF&apos; but found &apos;CRLF&apos;. (linebreak-style)]]></failure></testcase>
<testcase time="0" name="org.eslint.linebreak-style" classname="C:\work\dyrectorio\web\crux-ui\src\pages\api\auth\login"><failure message="Expected linebreaks to be &apos;LF&apos; but found &apos;CRLF&apos;."><![CDATA[line 28, col 37, Error - Expected linebreaks to be &apos;LF&apos; but found &apos;CRLF&apos;. (linebreak-style)]]></failure></testcase>
<testcase time="0" name="org.eslint.semi" classname="C:\work\dyrectorio\web\crux-ui\src\pages\api\auth\login"><failure message="Missing semicolon."><![CDATA[line 28, col 37, Error - Missing semicolon. (semi)]]></failure></testcase>
<testcase time="0" name="org.eslint.linebreak-style" classname="C:\work\dyrectorio\web\crux-ui\src\pages\api\auth\login"><failure message="Expected linebreaks to be &apos;LF&apos; but found &apos;CRLF&apos;."><![CDATA[line 29, col 2, Error - Expected linebreaks to be &apos;LF&apos; but found &apos;CRLF&apos;. (linebreak-style)]]></failure></testcase>
<testcase time="0" name="org.eslint.semi" classname="C:\work\dyrectorio\web\crux-ui\src\pages\api\auth\login"><failure message="Missing semicolon."><![CDATA[line 29, col 2, Error - Missing semicolon. (semi)]]></failure></testcase>
<testcase time="0" name="org.eslint.linebreak-style" classname="C:\work\dyrectorio\web\crux-ui\src\pages\api\auth\login"><failure message="Expected linebreaks to be &apos;LF&apos; but found &apos;CRLF&apos;."><![CDATA[line 30, col 1, Error - Expected linebreaks to be &apos;LF&apos; but found &apos;CRLF&apos;. (linebreak-style)]]></failure></testcase>
<testcase time="0" name="org.eslint.linebreak-style" classname="C:\work\dyrectorio\web\crux-ui\src\pages\api\auth\login"><failure message="Expected linebreaks to be &apos;LF&apos; but found &apos;CRLF&apos;."><![CDATA[line 31, col 32, Error - Expected linebreaks to be &apos;LF&apos; but found &apos;CRLF&apos;. (linebreak-style)]]></failure></testcase>
<testcase time="0" name="org.eslint.linebreak-style" classname="C:\work\dyrectorio\web\crux-ui\src\pages\api\auth\login"><failure message="Expected linebreaks to be &apos;LF&apos; but found &apos;CRLF&apos;."><![CDATA[line 32, col 4, Error - Expected linebreaks to be &apos;LF&apos; but found &apos;CRLF&apos;. (linebreak-style)]]></failure></testcase>
<testcase time="0" name="org.eslint.linebreak-style" classname="C:\work\dyrectorio\web\crux-ui\src\pages\api\auth\login"><failure message="Expected linebreaks to be &apos;LF&apos; but found &apos;CRLF&apos;."><![CDATA[line 33, col 12, Error - Expected linebreaks to be &apos;LF&apos; but found &apos;CRLF&apos;. (linebreak-style)]]></failure></testcase>
<testcase time="0" name="org.eslint.linebreak-style" classname="C:\work\dyrectorio\web\crux-ui\src\pages\api\auth\login"><failure message="Expected linebreaks to be &apos;LF&apos; but found &apos;CRLF&apos;."><![CDATA[line 34, col 5, Error - Expected linebreaks to be &apos;LF&apos; but found &apos;CRLF&apos;. (linebreak-style)]]></failure></testcase>
<testcase time="0" name="org.eslint.linebreak-style" classname="C:\work\dyrectorio\web\crux-ui\src\pages\api\auth\login"><failure message="Expected linebreaks to be &apos;LF&apos; but found &apos;CRLF&apos;."><![CDATA[line 35, col 50, Error - Expected linebreaks to be &apos;LF&apos; but found &apos;CRLF&apos;. (linebreak-style)]]></failure></testcase>
<testcase time="0" name="org.eslint.linebreak-style" classname="C:\work\dyrectorio\web\crux-ui\src\pages\api\auth\login"><failure message="Expected linebreaks to be &apos;LF&apos; but found &apos;CRLF&apos;."><![CDATA[line 36, col 9, Error - Expected linebreaks to be &apos;LF&apos; but found &apos;CRLF&apos;. (linebreak-style)]]></failure></testcase>
<testcase time="0" name="org.eslint.linebreak-style" classname="C:\work\dyrectorio\web\crux-ui\src\pages\api\auth\login"><failure message="Expected linebreaks to be &apos;LF&apos; but found &apos;CRLF&apos;."><![CDATA[line 37, col 2, Error - Expected linebreaks to be &apos;LF&apos; but found &apos;CRLF&apos;. (linebreak-style)]]></failure></testcase>
<testcase time="0" name="org.eslint.semi" classname="C:\work\dyrectorio\web\crux-ui\src\pages\api\auth\login"><failure message="Missing semicolon."><![CDATA[line 37, col 2, Error - Missing semicolon. (semi)]]></failure></testcase>
</testsuite>
<testsuite package="org.eslint" time="0" tests="31" errors="31" name="C:\work\dyrectorio\web\crux-ui\src\pages\api\auth\logout.ts">
<testcase time="0" name="org.eslint.linebreak-style" classname="C:\work\dyrectorio\web\crux-ui\src\pages\api\auth\logout"><failure message="Expected linebreaks to be &apos;LF&apos; but found &apos;CRLF&apos;."><![CDATA[line 1, col 37, Error - Expected linebreaks to be &apos;LF&apos; but found &apos;CRLF&apos;. (linebreak-style)]]></failure></testcase>
<testcase time="0" name="org.eslint.semi" classname="C:\work\dyrectorio\web\crux-ui\src\pages\api\auth\logout"><failure message="Missing semicolon."><![CDATA[line 1, col 37, Error - Missing semicolon. (semi)]]></failure></testcase>
<testcase time="0" name="org.eslint.linebreak-style" classname="C:\work\dyrectorio\web\crux-ui\src\pages\api\auth\logout"><failure message="Expected linebreaks to be &apos;LF&apos; but found &apos;CRLF&apos;."><![CDATA[line 2, col 36, Error - Expected linebreaks to be &apos;LF&apos; but found &apos;CRLF&apos;. (linebreak-style)]]></failure></testcase>
<testcase time="0" name="org.eslint.semi" classname="C:\work\dyrectorio\web\crux-ui\src\pages\api\auth\logout"><failure message="Missing semicolon."><![CDATA[line 2, col 36, Error - Missing semicolon. (semi)]]></failure></testcase>
<testcase time="0" name="org.eslint.linebreak-style" classname="C:\work\dyrectorio\web\crux-ui\src\pages\api\auth\logout"><failure message="Expected linebreaks to be &apos;LF&apos; but found &apos;CRLF&apos;."><![CDATA[line 3, col 75, Error - Expected linebreaks to be &apos;LF&apos; but found &apos;CRLF&apos;. (linebreak-style)]]></failure></testcase>
<testcase time="0" name="org.eslint.semi" classname="C:\work\dyrectorio\web\crux-ui\src\pages\api\auth\logout"><failure message="Missing semicolon."><![CDATA[line 3, col 75, Error - Missing semicolon. (semi)]]></failure></testcase>
<testcase time="0" name="org.eslint.linebreak-style" classname="C:\work\dyrectorio\web\crux-ui\src\pages\api\auth\logout"><failure message="Expected linebreaks to be &apos;LF&apos; but found &apos;CRLF&apos;."><![CDATA[line 4, col 54, Error - Expected linebreaks to be &apos;LF&apos; but found &apos;CRLF&apos;. (linebreak-style)]]></failure></testcase>
<testcase time="0" name="org.eslint.semi" classname="C:\work\dyrectorio\web\crux-ui\src\pages\api\auth\logout"><failure message="Missing semicolon."><![CDATA[line 4, col 54, Error - Missing semicolon. (semi)]]></failure></testcase>
<testcase time="0" name="org.eslint.linebreak-style" classname="C:\work\dyrectorio\web\crux-ui\src\pages\api\auth\logout"><failure message="Expected linebreaks to be &apos;LF&apos; but found &apos;CRLF&apos;."><![CDATA[line 5, col 55, Error - Expected linebreaks to be &apos;LF&apos; but found &apos;CRLF&apos;. (linebreak-style)]]></failure></testcase>
<testcase time="0" name="org.eslint.semi" classname="C:\work\dyrectorio\web\crux-ui\src\pages\api\auth\logout"><failure message="Missing semicolon."><![CDATA[line 5, col 55, Error - Missing semicolon. (semi)]]></failure></testcase>
<testcase time="0" name="org.eslint.linebreak-style" classname="C:\work\dyrectorio\web\crux-ui\src\pages\api\auth\logout"><failure message="Expected linebreaks to be &apos;LF&apos; but found &apos;CRLF&apos;."><![CDATA[line 6, col 1, Error - Expected linebreaks to be &apos;LF&apos; but found &apos;CRLF&apos;. (linebreak-style)]]></failure></testcase>
<testcase time="0" name="org.eslint.linebreak-style" classname="C:\work\dyrectorio\web\crux-ui\src\pages\api\auth\logout"><failure message="Expected linebreaks to be &apos;LF&apos; but found &apos;CRLF&apos;."><![CDATA[line 7, col 70, Error - Expected linebreaks to be &apos;LF&apos; but found &apos;CRLF&apos;. (linebreak-style)]]></failure></testcase>
<testcase time="0" name="org.eslint.linebreak-style" classname="C:\work\dyrectorio\web\crux-ui\src\pages\api\auth\logout"><failure message="Expected linebreaks to be &apos;LF&apos; but found &apos;CRLF&apos;."><![CDATA[line 8, col 95, Error - Expected linebreaks to be &apos;LF&apos; but found &apos;CRLF&apos;. (linebreak-style)]]></failure></testcase>
<testcase time="0" name="org.eslint.semi" classname="C:\work\dyrectorio\web\crux-ui\src\pages\api\auth\logout"><failure message="Missing semicolon."><![CDATA[line 8, col 95, Error - Missing semicolon. (semi)]]></failure></testcase>
<testcase time="0" name="org.eslint.linebreak-style" classname="C:\work\dyrectorio\web\crux-ui\src\pages\api\auth\logout"><failure message="Expected linebreaks to be &apos;LF&apos; but found &apos;CRLF&apos;."><![CDATA[line 9, col 24, Error - Expected linebreaks to be &apos;LF&apos; but found &apos;CRLF&apos;. (linebreak-style)]]></failure></testcase>
<testcase time="0" name="org.eslint.linebreak-style" classname="C:\work\dyrectorio\web\crux-ui\src\pages\api\auth\logout"><failure message="Expected linebreaks to be &apos;LF&apos; but found &apos;CRLF&apos;."><![CDATA[line 10, col 36, Error - Expected linebreaks to be &apos;LF&apos; but found &apos;CRLF&apos;. (linebreak-style)]]></failure></testcase>
<testcase time="0" name="org.eslint.linebreak-style" classname="C:\work\dyrectorio\web\crux-ui\src\pages\api\auth\logout"><failure message="Expected linebreaks to be &apos;LF&apos; but found &apos;CRLF&apos;."><![CDATA[line 11, col 4, Error - Expected linebreaks to be &apos;LF&apos; but found &apos;CRLF&apos;. (linebreak-style)]]></failure></testcase>
<testcase time="0" name="org.eslint.semi" classname="C:\work\dyrectorio\web\crux-ui\src\pages\api\auth\logout"><failure message="Missing semicolon."><![CDATA[line 11, col 4, Error - Missing semicolon. (semi)]]></failure></testcase>
<testcase time="0" name="org.eslint.linebreak-style" classname="C:\work\dyrectorio\web\crux-ui\src\pages\api\auth\logout"><failure message="Expected linebreaks to be &apos;LF&apos; but found &apos;CRLF&apos;."><![CDATA[line 12, col 1, Error - Expected linebreaks to be &apos;LF&apos; but found &apos;CRLF&apos;. (linebreak-style)]]></failure></testcase>
<testcase time="0" name="org.eslint.linebreak-style" classname="C:\work\dyrectorio\web\crux-ui\src\pages\api\auth\logout"><failure message="Expected linebreaks to be &apos;LF&apos; but found &apos;CRLF&apos;."><![CDATA[line 13, col 28, Error - Expected linebreaks to be &apos;LF&apos; but found &apos;CRLF&apos;. (linebreak-style)]]></failure></testcase>
<testcase time="0" name="org.eslint.semi" classname="C:\work\dyrectorio\web\crux-ui\src\pages\api\auth\logout"><failure message="Missing semicolon."><![CDATA[line 13, col 28, Error - Missing semicolon. (semi)]]></failure></testcase>
<testcase time="0" name="org.eslint.linebreak-style" classname="C:\work\dyrectorio\web\crux-ui\src\pages\api\auth\logout"><failure message="Expected linebreaks to be &apos;LF&apos; but found &apos;CRLF&apos;."><![CDATA[line 14, col 2, Error - Expected linebreaks to be &apos;LF&apos; but found &apos;CRLF&apos;. (linebreak-style)]]></failure></testcase>
<testcase time="0" name="org.eslint.semi" classname="C:\work\dyrectorio\web\crux-ui\src\pages\api\auth\logout"><failure message="Missing semicolon."><![CDATA[line 14, col 2, Error - Missing semicolon. (semi)]]></failure></testcase>
<testcase time="0" name="org.eslint.linebreak-style" classname="C:\work\dyrectorio\web\crux-ui\src\pages\api\auth\logout"><failure message="Expected linebreaks to be &apos;LF&apos; but found &apos;CRLF&apos;."><![CDATA[line 15, col 1, Error - Expected linebreaks to be &apos;LF&apos; but found &apos;CRLF&apos;. (linebreak-style)]]></failure></testcase>
<testcase time="0" name="org.eslint.linebreak-style" classname="C:\work\dyrectorio\web\crux-ui\src\pages\api\auth\logout"><failure message="Expected linebreaks to be &apos;LF&apos; but found &apos;CRLF&apos;."><![CDATA[line 16, col 32, Error - Expected linebreaks to be &apos;LF&apos; but found &apos;CRLF&apos;. (linebreak-style)]]></failure></testcase>
<testcase time="0" name="org.eslint.linebreak-style" classname="C:\work\dyrectorio\web\crux-ui\src\pages\api\auth\logout"><failure message="Expected linebreaks to be &apos;LF&apos; but found &apos;CRLF&apos;."><![CDATA[line 17, col 4, Error - Expected linebreaks to be &apos;LF&apos; but found &apos;CRLF&apos;. (linebreak-style)]]></failure></testcase>
<testcase time="0" name="org.eslint.linebreak-style" classname="C:\work\dyrectorio\web\crux-ui\src\pages\api\auth\logout"><failure message="Expected linebreaks to be &apos;LF&apos; but found &apos;CRLF&apos;."><![CDATA[line 18, col 12, Error - Expected linebreaks to be &apos;LF&apos; but found &apos;CRLF&apos;. (linebreak-style)]]></failure></testcase>
<testcase time="0" name="org.eslint.linebreak-style" classname="C:\work\dyrectorio\web\crux-ui\src\pages\api\auth\logout"><failure message="Expected linebreaks to be &apos;LF&apos; but found &apos;CRLF&apos;."><![CDATA[line 19, col 5, Error - Expected linebreaks to be &apos;LF&apos; but found &apos;CRLF&apos;. (linebreak-style)]]></failure></testcase>
<testcase time="0" name="org.eslint.linebreak-style" classname="C:\work\dyrectorio\web\crux-ui\src\pages\api\auth\logout"><failure message="Expected linebreaks to be &apos;LF&apos; but found &apos;CRLF&apos;."><![CDATA[line 20, col 30, Error - Expected linebreaks to be &apos;LF&apos; but found &apos;CRLF&apos;. (linebreak-style)]]></failure></testcase>
<testcase time="0" name="org.eslint.linebreak-style" classname="C:\work\dyrectorio\web\crux-ui\src\pages\api\auth\logout"><failure message="Expected linebreaks to be &apos;LF&apos; but found &apos;CRLF&apos;."><![CDATA[line 21, col 2, Error - Expected linebreaks to be &apos;LF&apos; but found &apos;CRLF&apos;. (linebreak-style)]]></failure></testcase>
<testcase time="0" name="org.eslint.semi" classname="C:\work\dyrectorio\web\crux-ui\src\pages\api\auth\logout"><failure message="Missing semicolon."><![CDATA[line 21, col 2, Error - Missing semicolon. (semi)]]></failure></testcase>
</testsuite>
<testsuite package="org.eslint" time="0" tests="48" errors="48" name="C:\work\dyrectorio\web\crux-ui\src\pages\api\auth\recovery.ts">
<testcase time="0" name="org.eslint.linebreak-style" classname="C:\work\dyrectorio\web\crux-ui\src\pages\api\auth\recovery"><failure message="Expected linebreaks to be &apos;LF&apos; but found &apos;CRLF&apos;."><![CDATA[line 1, col 43, Error - Expected linebreaks to be &apos;LF&apos; but found &apos;CRLF&apos;. (linebreak-style)]]></failure></testcase>
<testcase time="0" name="org.eslint.semi" classname="C:\work\dyrectorio\web\crux-ui\src\pages\api\auth\recovery"><failure message="Missing semicolon."><![CDATA[line 1, col 43, Error - Missing semicolon. (semi)]]></failure></testcase>
<testcase time="0" name="org.eslint.linebreak-style" classname="C:\work\dyrectorio\web\crux-ui\src\pages\api\auth\recovery"><failure message="Expected linebreaks to be &apos;LF&apos; but found &apos;CRLF&apos;."><![CDATA[line 2, col 50, Error - Expected linebreaks to be &apos;LF&apos; but found &apos;CRLF&apos;. (linebreak-style)]]></failure></testcase>
<testcase time="0" name="org.eslint.semi" classname="C:\work\dyrectorio\web\crux-ui\src\pages\api\auth\recovery"><failure message="Missing semicolon."><![CDATA[line 2, col 50, Error - Missing semicolon. (semi)]]></failure></testcase>
<testcase time="0" name="org.eslint.linebreak-style" classname="C:\work\dyrectorio\web\crux-ui\src\pages\api\auth\recovery"><failure message="Expected linebreaks to be &apos;LF&apos; but found &apos;CRLF&apos;."><![CDATA[line 3, col 62, Error - Expected linebreaks to be &apos;LF&apos; but found &apos;CRLF&apos;. (linebreak-style)]]></failure></testcase>
<testcase time="0" name="org.eslint.semi" classname="C:\work\dyrectorio\web\crux-ui\src\pages\api\auth\recovery"><failure message="Missing semicolon."><![CDATA[line 3, col 62, Error - Missing semicolon. (semi)]]></failure></testcase>
<testcase time="0" name="org.eslint.linebreak-style" classname="C:\work\dyrectorio\web\crux-ui\src\pages\api\auth\recovery"><failure message="Expected linebreaks to be &apos;LF&apos; but found &apos;CRLF&apos;."><![CDATA[line 4, col 50, Error - Expected linebreaks to be &apos;LF&apos; but found &apos;CRLF&apos;. (linebreak-style)]]></failure></testcase>
<testcase time="0" name="org.eslint.semi" classname="C:\work\dyrectorio\web\crux-ui\src\pages\api\auth\recovery"><failure message="Missing semicolon."><![CDATA[line 4, col 50, Error - Missing semicolon. (semi)]]></failure></testcase>
<testcase time="0" name="org.eslint.linebreak-style" classname="C:\work\dyrectorio\web\crux-ui\src\pages\api\auth\recovery"><failure message="Expected linebreaks to be &apos;LF&apos; but found &apos;CRLF&apos;."><![CDATA[line 5, col 75, Error - Expected linebreaks to be &apos;LF&apos; but found &apos;CRLF&apos;. (linebreak-style)]]></failure></testcase>
<testcase time="0" name="org.eslint.semi" classname="C:\work\dyrectorio\web\crux-ui\src\pages\api\auth\recovery"><failure message="Missing semicolon."><![CDATA[line 5, col 75, Error - Missing semicolon. (semi)]]></failure></testcase>
<testcase time="0" name="org.eslint.linebreak-style" classname="C:\work\dyrectorio\web\crux-ui\src\pages\api\auth\recovery"><failure message="Expected linebreaks to be &apos;LF&apos; but found &apos;CRLF&apos;."><![CDATA[line 6, col 54, Error - Expected linebreaks to be &apos;LF&apos; but found &apos;CRLF&apos;. (linebreak-style)]]></failure></testcase>
<testcase time="0" name="org.eslint.semi" classname="C:\work\dyrectorio\web\crux-ui\src\pages\api\auth\recovery"><failure message="Missing semicolon."><![CDATA[line 6, col 54, Error - Missing semicolon. (semi)]]></failure></testcase>
<testcase time="0" name="org.eslint.linebreak-style" classname="C:\work\dyrectorio\web\crux-ui\src\pages\api\auth\recovery"><failure message="Expected linebreaks to be &apos;LF&apos; but found &apos;CRLF&apos;."><![CDATA[line 7, col 55, Error - Expected linebreaks to be &apos;LF&apos; but found &apos;CRLF&apos;. (linebreak-style)]]></failure></testcase>
<testcase time="0" name="org.eslint.semi" classname="C:\work\dyrectorio\web\crux-ui\src\pages\api\auth\recovery"><failure message="Missing semicolon."><![CDATA[line 7, col 55, Error - Missing semicolon. (semi)]]></failure></testcase>
<testcase time="0" name="org.eslint.linebreak-style" classname="C:\work\dyrectorio\web\crux-ui\src\pages\api\auth\recovery"><failure message="Expected linebreaks to be &apos;LF&apos; but found &apos;CRLF&apos;."><![CDATA[line 8, col 1, Error - Expected linebreaks to be &apos;LF&apos; but found &apos;CRLF&apos;. (linebreak-style)]]></failure></testcase>
<testcase time="0" name="org.eslint.linebreak-style" classname="C:\work\dyrectorio\web\crux-ui\src\pages\api\auth\recovery"><failure message="Expected linebreaks to be &apos;LF&apos; but found &apos;CRLF&apos;."><![CDATA[line 9, col 70, Error - Expected linebreaks to be &apos;LF&apos; but found &apos;CRLF&apos;. (linebreak-style)]]></failure></testcase>
<testcase time="0" name="org.eslint.linebreak-style" classname="C:\work\dyrectorio\web\crux-ui\src\pages\api\auth\recovery"><failure message="Expected linebreaks to be &apos;LF&apos; but found &apos;CRLF&apos;."><![CDATA[line 10, col 39, Error - Expected linebreaks to be &apos;LF&apos; but found &apos;CRLF&apos;. (linebreak-style)]]></failure></testcase>
<testcase time="0" name="org.eslint.semi" classname="C:\work\dyrectorio\web\crux-ui\src\pages\api\auth\recovery"><failure message="Missing semicolon."><![CDATA[line 10, col 39, Error - Missing semicolon. (semi)]]></failure></testcase>
<testcase time="0" name="org.eslint.linebreak-style" classname="C:\work\dyrectorio\web\crux-ui\src\pages\api\auth\recovery"><failure message="Expected linebreaks to be &apos;LF&apos; but found &apos;CRLF&apos;."><![CDATA[line 11, col 37, Error - Expected linebreaks to be &apos;LF&apos; but found &apos;CRLF&apos;. (linebreak-style)]]></failure></testcase>
<testcase time="0" name="org.eslint.semi" classname="C:\work\dyrectorio\web\crux-ui\src\pages\api\auth\recovery"><failure message="Missing semicolon."><![CDATA[line 11, col 37, Error - Missing semicolon. (semi)]]></failure></testcase>
<testcase time="0" name="org.eslint.linebreak-style" classname="C:\work\dyrectorio\web\crux-ui\src\pages\api\auth\recovery"><failure message="Expected linebreaks to be &apos;LF&apos; but found &apos;CRLF&apos;."><![CDATA[line 12, col 1, Error - Expected linebreaks to be &apos;LF&apos; but found &apos;CRLF&apos;. (linebreak-style)]]></failure></testcase>
<testcase time="0" name="org.eslint.linebreak-style" classname="C:\work\dyrectorio\web\crux-ui\src\pages\api\auth\recovery"><failure message="Expected linebreaks to be &apos;LF&apos; but found &apos;CRLF&apos;."><![CDATA[line 13, col 31, Error - Expected linebreaks to be &apos;LF&apos; but found &apos;CRLF&apos;. (linebreak-style)]]></failure></testcase>
<testcase time="0" name="org.eslint.semi" classname="C:\work\dyrectorio\web\crux-ui\src\pages\api\auth\recovery"><failure message="Missing semicolon."><![CDATA[line 13, col 31, Error - Missing semicolon. (semi)]]></failure></testcase>
<testcase time="0" name="org.eslint.linebreak-style" classname="C:\work\dyrectorio\web\crux-ui\src\pages\api\auth\recovery"><failure message="Expected linebreaks to be &apos;LF&apos; but found &apos;CRLF&apos;."><![CDATA[line 14, col 64, Error - Expected linebreaks to be &apos;LF&apos; but found &apos;CRLF&apos;. (linebreak-style)]]></failure></testcase>
<testcase time="0" name="org.eslint.linebreak-style" classname="C:\work\dyrectorio\web\crux-ui\src\pages\api\auth\recovery"><failure message="Expected linebreaks to be &apos;LF&apos; but found &apos;CRLF&apos;."><![CDATA[line 15, col 14, Error - Expected linebreaks to be &apos;LF&apos; but found &apos;CRLF&apos;. (linebreak-style)]]></failure></testcase>
<testcase time="0" name="org.eslint.linebreak-style" classname="C:\work\dyrectorio\web\crux-ui\src\pages\api\auth\recovery"><failure message="Expected linebreaks to be &apos;LF&apos; but found &apos;CRLF&apos;."><![CDATA[line 16, col 6, Error - Expected linebreaks to be &apos;LF&apos; but found &apos;CRLF&apos;. (linebreak-style)]]></failure></testcase>
<testcase time="0" name="org.eslint.linebreak-style" classname="C:\work\dyrectorio\web\crux-ui\src\pages\api\auth\recovery"><failure message="Expected linebreaks to be &apos;LF&apos; but found &apos;CRLF&apos;."><![CDATA[line 17, col 33, Error - Expected linebreaks to be &apos;LF&apos; but found &apos;CRLF&apos;. (linebreak-style)]]></failure></testcase>
<testcase time="0" name="org.eslint.linebreak-style" classname="C:\work\dyrectorio\web\crux-ui\src\pages\api\auth\recovery"><failure message="Expected linebreaks to be &apos;LF&apos; but found &apos;CRLF&apos;."><![CDATA[line 18, col 22, Error - Expected linebreaks to be &apos;LF&apos; but found &apos;CRLF&apos;. (linebreak-style)]]></failure></testcase>
<testcase time="0" name="org.eslint.linebreak-style" classname="C:\work\dyrectorio\web\crux-ui\src\pages\api\auth\recovery"><failure message="Expected linebreaks to be &apos;LF&apos; but found &apos;CRLF&apos;."><![CDATA[line 19, col 24, Error - Expected linebreaks to be &apos;LF&apos; but found &apos;CRLF&apos;. (linebreak-style)]]></failure></testcase>
<testcase time="0" name="org.eslint.linebreak-style" classname="C:\work\dyrectorio\web\crux-ui\src\pages\api\auth\recovery"><failure message="Expected linebreaks to be &apos;LF&apos; but found &apos;CRLF&apos;."><![CDATA[line 20, col 7, Error - Expected linebreaks to be &apos;LF&apos; but found &apos;CRLF&apos;. (linebreak-style)]]></failure></testcase>
<testcase time="0" name="org.eslint.linebreak-style" classname="C:\work\dyrectorio\web\crux-ui\src\pages\api\auth\recovery"><failure message="Expected linebreaks to be &apos;LF&apos; but found &apos;CRLF&apos;."><![CDATA[line 21, col 15, Error - Expected linebreaks to be &apos;LF&apos; but found &apos;CRLF&apos;. (linebreak-style)]]></failure></testcase>
<testcase time="0" name="org.eslint.linebreak-style" classname="C:\work\dyrectorio\web\crux-ui\src\pages\api\auth\recovery"><failure message="Expected linebreaks to be &apos;LF&apos; but found &apos;CRLF&apos;."><![CDATA[line 22, col 12, Error - Expected linebreaks to be &apos;LF&apos; but found &apos;CRLF&apos;. (linebreak-style)]]></failure></testcase>
<testcase time="0" name="org.eslint.linebreak-style" classname="C:\work\dyrectorio\web\crux-ui\src\pages\api\auth\recovery"><failure message="Expected linebreaks to be &apos;LF&apos; but found &apos;CRLF&apos;."><![CDATA[line 23, col 4, Error - Expected linebreaks to be &apos;LF&apos; but found &apos;CRLF&apos;. (linebreak-style)]]></failure></testcase>
<testcase time="0" name="org.eslint.semi" classname="C:\work\dyrectorio\web\crux-ui\src\pages\api\auth\recovery"><failure message="Missing semicolon."><![CDATA[line 23, col 4, Error - Missing semicolon. (semi)]]></failure></testcase>
<testcase time="0" name="org.eslint.linebreak-style" classname="C:\work\dyrectorio\web\crux-ui\src\pages\api\auth\recovery"><failure message="Expected linebreaks to be &apos;LF&apos; but found &apos;CRLF&apos;."><![CDATA[line 24, col 1, Error - Expected linebreaks to be &apos;LF&apos; but found &apos;CRLF&apos;. (linebreak-style)]]></failure></testcase>
<testcase time="0" name="org.eslint.linebreak-style" classname="C:\work\dyrectorio\web\crux-ui\src\pages\api\auth\recovery"><failure message="Expected linebreaks to be &apos;LF&apos; but found &apos;CRLF&apos;."><![CDATA[line 25, col 37, Error - Expected linebreaks to be &apos;LF&apos; but found &apos;CRLF&apos;. (linebreak-style)]]></failure></testcase>
<testcase time="0" name="org.eslint.semi" classname="C:\work\dyrectorio\web\crux-ui\src\pages\api\auth\recovery"><failure message="Missing semicolon."><![CDATA[line 25, col 37, Error - Missing semicolon. (semi)]]></failure></testcase>
<testcase time="0" name="org.eslint.linebreak-style" classname="C:\work\dyrectorio\web\crux-ui\src\pages\api\auth\recovery"><failure message="Expected linebreaks to be &apos;LF&apos; but found &apos;CRLF&apos;."><![CDATA[line 26, col 2, Error - Expected linebreaks to be &apos;LF&apos; but found &apos;CRLF&apos;. (linebreak-style)]]></failure></testcase>
<testcase time="0" name="org.eslint.semi" classname="C:\work\dyrectorio\web\crux-ui\src\pages\api\auth\recovery"><failure message="Missing semicolon."><![CDATA[line 26, col 2, Error - Missing semicolon. (semi)]]></failure></testcase>
<testcase time="0" name="org.eslint.linebreak-style" classname="C:\work\dyrectorio\web\crux-ui\src\pages\api\auth\recovery"><failure message="Expected linebreaks to be &apos;LF&apos; but found &apos;CRLF&apos;."><![CDATA[line 27, col 1, Error - Expected linebreaks to be &apos;LF&apos; but found &apos;CRLF&apos;. (linebreak-style)]]></failure></testcase>
<testcase time="0" name="org.eslint.linebreak-style" classname="C:\work\dyrectorio\web\crux-ui\src\pages\api\auth\recovery"><failure message="Expected linebreaks to be &apos;LF&apos; but found &apos;CRLF&apos;."><![CDATA[line 28, col 32, Error - Expected linebreaks to be &apos;LF&apos; but found &apos;CRLF&apos;. (linebreak-style)]]></failure></testcase>
<testcase time="0" name="org.eslint.linebreak-style" classname="C:\work\dyrectorio\web\crux-ui\src\pages\api\auth\recovery"><failure message="Expected linebreaks to be &apos;LF&apos; but found &apos;CRLF&apos;."><![CDATA[line 29, col 4, Error - Expected linebreaks to be &apos;LF&apos; but found &apos;CRLF&apos;. (linebreak-style)]]></failure></testcase>
<testcase time="0" name="org.eslint.linebreak-style" classname="C:\work\dyrectorio\web\crux-ui\src\pages\api\auth\recovery"><failure message="Expected linebreaks to be &apos;LF&apos; but found &apos;CRLF&apos;."><![CDATA[line 30, col 12, Error - Expected linebreaks to be &apos;LF&apos; but found &apos;CRLF&apos;. (linebreak-style)]]></failure></testcase>
<testcase time="0" name="org.eslint.linebreak-style" classname="C:\work\dyrectorio\web\crux-ui\src\pages\api\auth\recovery"><failure message="Expected linebreaks to be &apos;LF&apos; but found &apos;CRLF&apos;."><![CDATA[line 31, col 5, Error - Expected linebreaks to be &apos;LF&apos; but found &apos;CRLF&apos;. (linebreak-style)]]></failure></testcase>
<testcase time="0" name="org.eslint.linebreak-style" classname="C:\work\dyrectorio\web\crux-ui\src\pages\api\auth\recovery"><failure message="Expected linebreaks to be &apos;LF&apos; but found &apos;CRLF&apos;."><![CDATA[line 32, col 50, Error - Expected linebreaks to be &apos;LF&apos; but found &apos;CRLF&apos;. (linebreak-style)]]></failure></testcase>
<testcase time="0" name="org.eslint.linebreak-style" classname="C:\work\dyrectorio\web\crux-ui\src\pages\api\auth\recovery"><failure message="Expected linebreaks to be &apos;LF&apos; but found &apos;CRLF&apos;."><![CDATA[line 33, col 9, Error - Expected linebreaks to be &apos;LF&apos; but found &apos;CRLF&apos;. (linebreak-style)]]></failure></testcase>
<testcase time="0" name="org.eslint.linebreak-style" classname="C:\work\dyrectorio\web\crux-ui\src\pages\api\auth\recovery"><failure message="Expected linebreaks to be &apos;LF&apos; but found &apos;CRLF&apos;."><![CDATA[line 34, col 2, Error - Expected linebreaks to be &apos;LF&apos; but found &apos;CRLF&apos;. (linebreak-style)]]></failure></testcase>
<testcase time="0" name="org.eslint.semi" classname="C:\work\dyrectorio\web\crux-ui\src\pages\api\auth\recovery"><failure message="Missing semicolon."><![CDATA[line 34, col 2, Error - Missing semicolon. (semi)]]></failure></testcase>
</testsuite>
<testsuite package="org.eslint" time="0" tests="55" errors="55" name="C:\work\dyrectorio\web\crux-ui\src\pages\api\auth\register.ts">
<testcase time="0" name="org.eslint.linebreak-style" classname="C:\work\dyrectorio\web\crux-ui\src\pages\api\auth\register"><failure message="Expected linebreaks to be &apos;LF&apos; but found &apos;CRLF&apos;."><![CDATA[line 1, col 39, Error - Expected linebreaks to be &apos;LF&apos; but found &apos;CRLF&apos;. (linebreak-style)]]></failure></testcase>
<testcase time="0" name="org.eslint.semi" classname="C:\work\dyrectorio\web\crux-ui\src\pages\api\auth\register"><failure message="Missing semicolon."><![CDATA[line 1, col 39, Error - Missing semicolon. (semi)]]></failure></testcase>
<testcase time="0" name="org.eslint.linebreak-style" classname="C:\work\dyrectorio\web\crux-ui\src\pages\api\auth\register"><failure message="Expected linebreaks to be &apos;LF&apos; but found &apos;CRLF&apos;."><![CDATA[line 2, col 50, Error - Expected linebreaks to be &apos;LF&apos; but found &apos;CRLF&apos;. (linebreak-style)]]></failure></testcase>
<testcase time="0" name="org.eslint.semi" classname="C:\work\dyrectorio\web\crux-ui\src\pages\api\auth\register"><failure message="Missing semicolon."><![CDATA[line 2, col 50, Error - Missing semicolon. (semi)]]></failure></testcase>
<testcase time="0" name="org.eslint.linebreak-style" classname="C:\work\dyrectorio\web\crux-ui\src\pages\api\auth\register"><failure message="Expected linebreaks to be &apos;LF&apos; but found &apos;CRLF&apos;."><![CDATA[line 3, col 62, Error - Expected linebreaks to be &apos;LF&apos; but found &apos;CRLF&apos;. (linebreak-style)]]></failure></testcase>
<testcase time="0" name="org.eslint.semi" classname="C:\work\dyrectorio\web\crux-ui\src\pages\api\auth\register"><failure message="Missing semicolon."><![CDATA[line 3, col 62, Error - Missing semicolon. (semi)]]></failure></testcase>
<testcase time="0" name="org.eslint.linebreak-style" classname="C:\work\dyrectorio\web\crux-ui\src\pages\api\auth\register"><failure message="Expected linebreaks to be &apos;LF&apos; but found &apos;CRLF&apos;."><![CDATA[line 4, col 65, Error - Expected linebreaks to be &apos;LF&apos; but found &apos;CRLF&apos;. (linebreak-style)]]></failure></testcase>
<testcase time="0" name="org.eslint.semi" classname="C:\work\dyrectorio\web\crux-ui\src\pages\api\auth\register"><failure message="Missing semicolon."><![CDATA[line 4, col 65, Error - Missing semicolon. (semi)]]></failure></testcase>
<testcase time="0" name="org.eslint.linebreak-style" classname="C:\work\dyrectorio\web\crux-ui\src\pages\api\auth\register"><failure message="Expected linebreaks to be &apos;LF&apos; but found &apos;CRLF&apos;."><![CDATA[line 5, col 75, Error - Expected linebreaks to be &apos;LF&apos; but found &apos;CRLF&apos;. (linebreak-style)]]></failure></testcase>
<testcase time="0" name="org.eslint.semi" classname="C:\work\dyrectorio\web\crux-ui\src\pages\api\auth\register"><failure message="Missing semicolon."><![CDATA[line 5, col 75, Error - Missing semicolon. (semi)]]></failure></testcase>
<testcase time="0" name="org.eslint.linebreak-style" classname="C:\work\dyrectorio\web\crux-ui\src\pages\api\auth\register"><failure message="Expected linebreaks to be &apos;LF&apos; but found &apos;CRLF&apos;."><![CDATA[line 6, col 54, Error - Expected linebreaks to be &apos;LF&apos; but found &apos;CRLF&apos;. (linebreak-style)]]></failure></testcase>
<testcase time="0" name="org.eslint.semi" classname="C:\work\dyrectorio\web\crux-ui\src\pages\api\auth\register"><failure message="Missing semicolon."><![CDATA[line 6, col 54, Error - Missing semicolon. (semi)]]></failure></testcase>
<testcase time="0" name="org.eslint.linebreak-style" classname="C:\work\dyrectorio\web\crux-ui\src\pages\api\auth\register"><failure message="Expected linebreaks to be &apos;LF&apos; but found &apos;CRLF&apos;."><![CDATA[line 7, col 55, Error - Expected linebreaks to be &apos;LF&apos; but found &apos;CRLF&apos;. (linebreak-style)]]></failure></testcase>
<testcase time="0" name="org.eslint.semi" classname="C:\work\dyrectorio\web\crux-ui\src\pages\api\auth\register"><failure message="Missing semicolon."><![CDATA[line 7, col 55, Error - Missing semicolon. (semi)]]></failure></testcase>
<testcase time="0" name="org.eslint.linebreak-style" classname="C:\work\dyrectorio\web\crux-ui\src\pages\api\auth\register"><failure message="Expected linebreaks to be &apos;LF&apos; but found &apos;CRLF&apos;."><![CDATA[line 8, col 1, Error - Expected linebreaks to be &apos;LF&apos; but found &apos;CRLF&apos;. (linebreak-style)]]></failure></testcase>
<testcase time="0" name="org.eslint.linebreak-style" classname="C:\work\dyrectorio\web\crux-ui\src\pages\api\auth\register"><failure message="Expected linebreaks to be &apos;LF&apos; but found &apos;CRLF&apos;."><![CDATA[line 9, col 70, Error - Expected linebreaks to be &apos;LF&apos; but found &apos;CRLF&apos;. (linebreak-style)]]></failure></testcase>
<testcase time="0" name="org.eslint.linebreak-style" classname="C:\work\dyrectorio\web\crux-ui\src\pages\api\auth\register"><failure message="Expected linebreaks to be &apos;LF&apos; but found &apos;CRLF&apos;."><![CDATA[line 10, col 35, Error - Expected linebreaks to be &apos;LF&apos; but found &apos;CRLF&apos;. (linebreak-style)]]></failure></testcase>
<testcase time="0" name="org.eslint.semi" classname="C:\work\dyrectorio\web\crux-ui\src\pages\api\auth\register"><failure message="Missing semicolon."><![CDATA[line 10, col 35, Error - Missing semicolon. (semi)]]></failure></testcase>
<testcase time="0" name="org.eslint.linebreak-style" classname="C:\work\dyrectorio\web\crux-ui\src\pages\api\auth\register"><failure message="Expected linebreaks to be &apos;LF&apos; but found &apos;CRLF&apos;."><![CDATA[line 11, col 37, Error - Expected linebreaks to be &apos;LF&apos; but found &apos;CRLF&apos;. (linebreak-style)]]></failure></testcase>
<testcase time="0" name="org.eslint.semi" classname="C:\work\dyrectorio\web\crux-ui\src\pages\api\auth\register"><failure message="Missing semicolon."><![CDATA[line 11, col 37, Error - Missing semicolon. (semi)]]></failure></testcase>
<testcase time="0" name="org.eslint.linebreak-style" classname="C:\work\dyrectorio\web\crux-ui\src\pages\api\auth\register"><failure message="Expected linebreaks to be &apos;LF&apos; but found &apos;CRLF&apos;."><![CDATA[line 12, col 1, Error - Expected linebreaks to be &apos;LF&apos; but found &apos;CRLF&apos;. (linebreak-style)]]></failure></testcase>
<testcase time="0" name="org.eslint.prefer-destructuring" classname="C:\work\dyrectorio\web\crux-ui\src\pages\api\auth\register"><failure message="Use object destructuring."><![CDATA[line 13, col 9, Error - Use object destructuring. (prefer-destructuring)]]></failure></testcase>
<testcase time="0" name="org.eslint.linebreak-style" classname="C:\work\dyrectorio\web\crux-ui\src\pages\api\auth\register"><failure message="Expected linebreaks to be &apos;LF&apos; but found &apos;CRLF&apos;."><![CDATA[line 13, col 36, Error - Expected linebreaks to be &apos;LF&apos; but found &apos;CRLF&apos;. (linebreak-style)]]></failure></testcase>
<testcase time="0" name="org.eslint.semi" classname="C:\work\dyrectorio\web\crux-ui\src\pages\api\auth\register"><failure message="Missing semicolon."><![CDATA[line 13, col 36, Error - Missing semicolon. (semi)]]></failure></testcase>
<testcase time="0" name="org.eslint.linebreak-style" classname="C:\work\dyrectorio\web\crux-ui\src\pages\api\auth\register"><failure message="Expected linebreaks to be &apos;LF&apos; but found &apos;CRLF&apos;."><![CDATA[line 14, col 1, Error - Expected linebreaks to be &apos;LF&apos; but found &apos;CRLF&apos;. (linebreak-style)]]></failure></testcase>
<testcase time="0" name="org.eslint.linebreak-style" classname="C:\work\dyrectorio\web\crux-ui\src\pages\api\auth\register"><failure message="Expected linebreaks to be &apos;LF&apos; but found &apos;CRLF&apos;."><![CDATA[line 15, col 68, Error - Expected linebreaks to be &apos;LF&apos; but found &apos;CRLF&apos;. (linebreak-style)]]></failure></testcase>
<testcase time="0" name="org.eslint.linebreak-style" classname="C:\work\dyrectorio\web\crux-ui\src\pages\api\auth\register"><failure message="Expected linebreaks to be &apos;LF&apos; but found &apos;CRLF&apos;."><![CDATA[line 16, col 14, Error - Expected linebreaks to be &apos;LF&apos; but found &apos;CRLF&apos;. (linebreak-style)]]></failure></testcase>
<testcase time="0" name="org.eslint.linebreak-style" classname="C:\work\dyrectorio\web\crux-ui\src\pages\api\auth\register"><failure message="Expected linebreaks to be &apos;LF&apos; but found &apos;CRLF&apos;."><![CDATA[line 17, col 6, Error - Expected linebreaks to be &apos;LF&apos; but found &apos;CRLF&apos;. (linebreak-style)]]></failure></testcase>
<testcase time="0" name="org.eslint.linebreak-style" classname="C:\work\dyrectorio\web\crux-ui\src\pages\api\auth\register"><failure message="Expected linebreaks to be &apos;LF&apos; but found &apos;CRLF&apos;."><![CDATA[line 18, col 33, Error - Expected linebreaks to be &apos;LF&apos; but found &apos;CRLF&apos;. (linebreak-style)]]></failure></testcase>
<testcase time="0" name="org.eslint.linebreak-style" classname="C:\work\dyrectorio\web\crux-ui\src\pages\api\auth\register"><failure message="Expected linebreaks to be &apos;LF&apos; but found &apos;CRLF&apos;."><![CDATA[line 19, col 26, Error - Expected linebreaks to be &apos;LF&apos; but found &apos;CRLF&apos;. (linebreak-style)]]></failure></testcase>
<testcase time="0" name="org.eslint.linebreak-style" classname="C:\work\dyrectorio\web\crux-ui\src\pages\api\auth\register"><failure message="Expected linebreaks to be &apos;LF&apos; but found &apos;CRLF&apos;."><![CDATA[line 20, col 30, Error - Expected linebreaks to be &apos;LF&apos; but found &apos;CRLF&apos;. (linebreak-style)]]></failure></testcase>
<testcase time="0" name="org.eslint.linebreak-style" classname="C:\work\dyrectorio\web\crux-ui\src\pages\api\auth\register"><failure message="Expected linebreaks to be &apos;LF&apos; but found &apos;CRLF&apos;."><![CDATA[line 21, col 16, Error - Expected linebreaks to be &apos;LF&apos; but found &apos;CRLF&apos;. (linebreak-style)]]></failure></testcase>
<testcase time="0" name="org.eslint.linebreak-style" classname="C:\work\dyrectorio\web\crux-ui\src\pages\api\auth\register"><failure message="Expected linebreaks to be &apos;LF&apos; but found &apos;CRLF&apos;."><![CDATA[line 22, col 26, Error - Expected linebreaks to be &apos;LF&apos; but found &apos;CRLF&apos;. (linebreak-style)]]></failure></testcase>
<testcase time="0" name="org.eslint.linebreak-style" classname="C:\work\dyrectorio\web\crux-ui\src\pages\api\auth\register"><failure message="Expected linebreaks to be &apos;LF&apos; but found &apos;CRLF&apos;."><![CDATA[line 23, col 9, Error - Expected linebreaks to be &apos;LF&apos; but found &apos;CRLF&apos;. (linebreak-style)]]></failure></testcase>
<testcase time="0" name="org.eslint.linebreak-style" classname="C:\work\dyrectorio\web\crux-ui\src\pages\api\auth\register"><failure message="Expected linebreaks to be &apos;LF&apos; but found &apos;CRLF&apos;."><![CDATA[line 24, col 7, Error - Expected linebreaks to be &apos;LF&apos; but found &apos;CRLF&apos;. (linebreak-style)]]></failure></testcase>
<testcase time="0" name="org.eslint.linebreak-style" classname="C:\work\dyrectorio\web\crux-ui\src\pages\api\auth\register"><failure message="Expected linebreaks to be &apos;LF&apos; but found &apos;CRLF&apos;."><![CDATA[line 25, col 12, Error - Expected linebreaks to be &apos;LF&apos; but found &apos;CRLF&apos;. (linebreak-style)]]></failure></testcase>
<testcase time="0" name="org.eslint.linebreak-style" classname="C:\work\dyrectorio\web\crux-ui\src\pages\api\auth\register"><failure message="Expected linebreaks to be &apos;LF&apos; but found &apos;CRLF&apos;."><![CDATA[line 26, col 4, Error - Expected linebreaks to be &apos;LF&apos; but found &apos;CRLF&apos;. (linebreak-style)]]></failure></testcase>
<testcase time="0" name="org.eslint.semi" classname="C:\work\dyrectorio\web\crux-ui\src\pages\api\auth\register"><failure message="Missing semicolon."><![CDATA[line 26, col 4, Error - Missing semicolon. (semi)]]></failure></testcase>
<testcase time="0" name="org.eslint.linebreak-style" classname="C:\work\dyrectorio\web\crux-ui\src\pages\api\auth\register"><failure message="Expected linebreaks to be &apos;LF&apos; but found &apos;CRLF&apos;."><![CDATA[line 27, col 1, Error - Expected linebreaks to be &apos;LF&apos; but found &apos;CRLF&apos;. (linebreak-style)]]></failure></testcase>
<testcase time="0" name="org.eslint.linebreak-style" classname="C:\work\dyrectorio\web\crux-ui\src\pages\api\auth\register"><failure message="Expected linebreaks to be &apos;LF&apos; but found &apos;CRLF&apos;."><![CDATA[line 28, col 42, Error - Expected linebreaks to be &apos;LF&apos; but found &apos;CRLF&apos;. (linebreak-style)]]></failure></testcase>
<testcase time="0" name="org.eslint.semi" classname="C:\work\dyrectorio\web\crux-ui\src\pages\api\auth\register"><failure message="Missing semicolon."><![CDATA[line 28, col 42, Error - Missing semicolon. (semi)]]></failure></testcase>
<testcase time="0" name="org.eslint.linebreak-style" classname="C:\work\dyrectorio\web\crux-ui\src\pages\api\auth\register"><failure message="Expected linebreaks to be &apos;LF&apos; but found &apos;CRLF&apos;."><![CDATA[line 29, col 1, Error - Expected linebreaks to be &apos;LF&apos; but found &apos;CRLF&apos;. (linebreak-style)]]></failure></testcase>
<testcase time="0" name="org.eslint.linebreak-style" classname="C:\work\dyrectorio\web\crux-ui\src\pages\api\auth\register"><failure message="Expected linebreaks to be &apos;LF&apos; but found &apos;CRLF&apos;."><![CDATA[line 30, col 37, Error - Expected linebreaks to be &apos;LF&apos; but found &apos;CRLF&apos;. (linebreak-style)]]></failure></testcase>
<testcase time="0" name="org.eslint.semi" classname="C:\work\dyrectorio\web\crux-ui\src\pages\api\auth\register"><failure message="Missing semicolon."><![CDATA[line 30, col 37, Error - Missing semicolon. (semi)]]></failure></testcase>
<testcase time="0" name="org.eslint.linebreak-style" classname="C:\work\dyrectorio\web\crux-ui\src\pages\api\auth\register"><failure message="Expected linebreaks to be &apos;LF&apos; but found &apos;CRLF&apos;."><![CDATA[line 31, col 2, Error - Expected linebreaks to be &apos;LF&apos; but found &apos;CRLF&apos;. (linebreak-style)]]></failure></testcase>
<testcase time="0" name="org.eslint.semi" classname="C:\work\dyrectorio\web\crux-ui\src\pages\api\auth\register"><failure message="Missing semicolon."><![CDATA[line 31, col 2, Error - Missing semicolon. (semi)]]></failure></testcase>
<testcase time="0" name="org.eslint.linebreak-style" classname="C:\work\dyrectorio\web\crux-ui\src\pages\api\auth\register"><failure message="Expected linebreaks to be &apos;LF&apos; but found &apos;CRLF&apos;."><![CDATA[line 32, col 1, Error - Expected linebreaks to be &apos;LF&apos; but found &apos;CRLF&apos;. (linebreak-style)]]></failure></testcase>
<testcase time="0" name="org.eslint.linebreak-style" classname="C:\work\dyrectorio\web\crux-ui\src\pages\api\auth\register"><failure message="Expected linebreaks to be &apos;LF&apos; but found &apos;CRLF&apos;."><![CDATA[line 33, col 32, Error - Expected linebreaks to be &apos;LF&apos; but found &apos;CRLF&apos;. (linebreak-style)]]></failure></testcase>
<testcase time="0" name="org.eslint.linebreak-style" classname="C:\work\dyrectorio\web\crux-ui\src\pages\api\auth\register"><failure message="Expected linebreaks to be &apos;LF&apos; but found &apos;CRLF&apos;."><![CDATA[line 34, col 4, Error - Expected linebreaks to be &apos;LF&apos; but found &apos;CRLF&apos;. (linebreak-style)]]></failure></testcase>
<testcase time="0" name="org.eslint.linebreak-style" classname="C:\work\dyrectorio\web\crux-ui\src\pages\api\auth\register"><failure message="Expected linebreaks to be &apos;LF&apos; but found &apos;CRLF&apos;."><![CDATA[line 35, col 12, Error - Expected linebreaks to be &apos;LF&apos; but found &apos;CRLF&apos;. (linebreak-style)]]></failure></testcase>
<testcase time="0" name="org.eslint.linebreak-style" classname="C:\work\dyrectorio\web\crux-ui\src\pages\api\auth\register"><failure message="Expected linebreaks to be &apos;LF&apos; but found &apos;CRLF&apos;."><![CDATA[line 36, col 5, Error - Expected linebreaks to be &apos;LF&apos; but found &apos;CRLF&apos;. (linebreak-style)]]></failure></testcase>
<testcase time="0" name="org.eslint.linebreak-style" classname="C:\work\dyrectorio\web\crux-ui\src\pages\api\auth\register"><failure message="Expected linebreaks to be &apos;LF&apos; but found &apos;CRLF&apos;."><![CDATA[line 37, col 50, Error - Expected linebreaks to be &apos;LF&apos; but found &apos;CRLF&apos;. (linebreak-style)]]></failure></testcase>
<testcase time="0" name="org.eslint.linebreak-style" classname="C:\work\dyrectorio\web\crux-ui\src\pages\api\auth\register"><failure message="Expected linebreaks to be &apos;LF&apos; but found &apos;CRLF&apos;."><![CDATA[line 38, col 9, Error - Expected linebreaks to be &apos;LF&apos; but found &apos;CRLF&apos;. (linebreak-style)]]></failure></testcase>
<testcase time="0" name="org.eslint.linebreak-style" classname="C:\work\dyrectorio\web\crux-ui\src\pages\api\auth\register"><failure message="Expected linebreaks to be &apos;LF&apos; but found &apos;CRLF&apos;."><![CDATA[line 39, col 2, Error - Expected linebreaks to be &apos;LF&apos; but found &apos;CRLF&apos;. (linebreak-style)]]></failure></testcase>
<testcase time="0" name="org.eslint.semi" classname="C:\work\dyrectorio\web\crux-ui\src\pages\api\auth\register"><failure message="Missing semicolon."><![CDATA[line 39, col 2, Error - Missing semicolon. (semi)]]></failure></testcase>
</testsuite>
<testsuite package="org.eslint" time="0" tests="41" errors="41" name="C:\work\dyrectorio\web\crux-ui\src\pages\api\auth\settings\change-password.ts">
<testcase time="0" name="org.eslint.linebreak-style" classname="C:\work\dyrectorio\web\crux-ui\src\pages\api\auth\settings\change-password"><failure message="Expected linebreaks to be &apos;LF&apos; but found &apos;CRLF&apos;."><![CDATA[line 1, col 45, Error - Expected linebreaks to be &apos;LF&apos; but found &apos;CRLF&apos;. (linebreak-style)]]></failure></testcase>
<testcase time="0" name="org.eslint.semi" classname="C:\work\dyrectorio\web\crux-ui\src\pages\api\auth\settings\change-password"><failure message="Missing semicolon."><![CDATA[line 1, col 45, Error - Missing semicolon. (semi)]]></failure></testcase>
<testcase time="0" name="org.eslint.linebreak-style" classname="C:\work\dyrectorio\web\crux-ui\src\pages\api\auth\settings\change-password"><failure message="Expected linebreaks to be &apos;LF&apos; but found &apos;CRLF&apos;."><![CDATA[line 2, col 50, Error - Expected linebreaks to be &apos;LF&apos; but found &apos;CRLF&apos;. (linebreak-style)]]></failure></testcase>
<testcase time="0" name="org.eslint.semi" classname="C:\work\dyrectorio\web\crux-ui\src\pages\api\auth\settings\change-password"><failure message="Missing semicolon."><![CDATA[line 2, col 50, Error - Missing semicolon. (semi)]]></failure></testcase>
<testcase time="0" name="org.eslint.linebreak-style" classname="C:\work\dyrectorio\web\crux-ui\src\pages\api\auth\settings\change-password"><failure message="Expected linebreaks to be &apos;LF&apos; but found &apos;CRLF&apos;."><![CDATA[line 3, col 75, Error - Expected linebreaks to be &apos;LF&apos; but found &apos;CRLF&apos;. (linebreak-style)]]></failure></testcase>
<testcase time="0" name="org.eslint.semi" classname="C:\work\dyrectorio\web\crux-ui\src\pages\api\auth\settings\change-password"><failure message="Missing semicolon."><![CDATA[line 3, col 75, Error - Missing semicolon. (semi)]]></failure></testcase>
<testcase time="0" name="org.eslint.linebreak-style" classname="C:\work\dyrectorio\web\crux-ui\src\pages\api\auth\settings\change-password"><failure message="Expected linebreaks to be &apos;LF&apos; but found &apos;CRLF&apos;."><![CDATA[line 4, col 54, Error - Expected linebreaks to be &apos;LF&apos; but found &apos;CRLF&apos;. (linebreak-style)]]></failure></testcase>
<testcase time="0" name="org.eslint.semi" classname="C:\work\dyrectorio\web\crux-ui\src\pages\api\auth\settings\change-password"><failure message="Missing semicolon."><![CDATA[line 4, col 54, Error - Missing semicolon. (semi)]]></failure></testcase>
<testcase time="0" name="org.eslint.linebreak-style" classname="C:\work\dyrectorio\web\crux-ui\src\pages\api\auth\settings\change-password"><failure message="Expected linebreaks to be &apos;LF&apos; but found &apos;CRLF&apos;."><![CDATA[line 5, col 55, Error - Expected linebreaks to be &apos;LF&apos; but found &apos;CRLF&apos;. (linebreak-style)]]></failure></testcase>
<testcase time="0" name="org.eslint.semi" classname="C:\work\dyrectorio\web\crux-ui\src\pages\api\auth\settings\change-password"><failure message="Missing semicolon."><![CDATA[line 5, col 55, Error - Missing semicolon. (semi)]]></failure></testcase>
<testcase time="0" name="org.eslint.linebreak-style" classname="C:\work\dyrectorio\web\crux-ui\src\pages\api\auth\settings\change-password"><failure message="Expected linebreaks to be &apos;LF&apos; but found &apos;CRLF&apos;."><![CDATA[line 6, col 1, Error - Expected linebreaks to be &apos;LF&apos; but found &apos;CRLF&apos;. (linebreak-style)]]></failure></testcase>
<testcase time="0" name="org.eslint.linebreak-style" classname="C:\work\dyrectorio\web\crux-ui\src\pages\api\auth\settings\change-password"><failure message="Expected linebreaks to be &apos;LF&apos; but found &apos;CRLF&apos;."><![CDATA[line 7, col 70, Error - Expected linebreaks to be &apos;LF&apos; but found &apos;CRLF&apos;. (linebreak-style)]]></failure></testcase>
<testcase time="0" name="org.eslint.linebreak-style" classname="C:\work\dyrectorio\web\crux-ui\src\pages\api\auth\settings\change-password"><failure message="Expected linebreaks to be &apos;LF&apos; but found &apos;CRLF&apos;."><![CDATA[line 8, col 41, Error - Expected linebreaks to be &apos;LF&apos; but found &apos;CRLF&apos;. (linebreak-style)]]></failure></testcase>
<testcase time="0" name="org.eslint.semi" classname="C:\work\dyrectorio\web\crux-ui\src\pages\api\auth\settings\change-password"><failure message="Missing semicolon."><![CDATA[line 8, col 41, Error - Missing semicolon. (semi)]]></failure></testcase>
<testcase time="0" name="org.eslint.linebreak-style" classname="C:\work\dyrectorio\web\crux-ui\src\pages\api\auth\settings\change-password"><failure message="Expected linebreaks to be &apos;LF&apos; but found &apos;CRLF&apos;."><![CDATA[line 9, col 31, Error - Expected linebreaks to be &apos;LF&apos; but found &apos;CRLF&apos;. (linebreak-style)]]></failure></testcase>
<testcase time="0" name="org.eslint.semi" classname="C:\work\dyrectorio\web\crux-ui\src\pages\api\auth\settings\change-password"><failure message="Missing semicolon."><![CDATA[line 9, col 31, Error - Missing semicolon. (semi)]]></failure></testcase>
<testcase time="0" name="org.eslint.linebreak-style" classname="C:\work\dyrectorio\web\crux-ui\src\pages\api\auth\settings\change-password"><failure message="Expected linebreaks to be &apos;LF&apos; but found &apos;CRLF&apos;."><![CDATA[line 10, col 1, Error - Expected linebreaks to be &apos;LF&apos; but found &apos;CRLF&apos;. (linebreak-style)]]></failure></testcase>
<testcase time="0" name="org.eslint.linebreak-style" classname="C:\work\dyrectorio\web\crux-ui\src\pages\api\auth\settings\change-password"><failure message="Expected linebreaks to be &apos;LF&apos; but found &apos;CRLF&apos;."><![CDATA[line 11, col 64, Error - Expected linebreaks to be &apos;LF&apos; but found &apos;CRLF&apos;. (linebreak-style)]]></failure></testcase>
<testcase time="0" name="org.eslint.linebreak-style" classname="C:\work\dyrectorio\web\crux-ui\src\pages\api\auth\settings\change-password"><failure message="Expected linebreaks to be &apos;LF&apos; but found &apos;CRLF&apos;."><![CDATA[line 12, col 14, Error - Expected linebreaks to be &apos;LF&apos; but found &apos;CRLF&apos;. (linebreak-style)]]></failure></testcase>
<testcase time="0" name="org.eslint.linebreak-style" classname="C:\work\dyrectorio\web\crux-ui\src\pages\api\auth\settings\change-password"><failure message="Expected linebreaks to be &apos;LF&apos; but found &apos;CRLF&apos;."><![CDATA[line 13, col 6, Error - Expected linebreaks to be &apos;LF&apos; but found &apos;CRLF&apos;. (linebreak-style)]]></failure></testcase>
<testcase time="0" name="org.eslint.linebreak-style" classname="C:\work\dyrectorio\web\crux-ui\src\pages\api\auth\settings\change-password"><failure message="Expected linebreaks to be &apos;LF&apos; but found &apos;CRLF&apos;."><![CDATA[line 14, col 26, Error - Expected linebreaks to be &apos;LF&apos; but found &apos;CRLF&apos;. (linebreak-style)]]></failure></testcase>
<testcase time="0" name="org.eslint.linebreak-style" classname="C:\work\dyrectorio\web\crux-ui\src\pages\api\auth\settings\change-password"><failure message="Expected linebreaks to be &apos;LF&apos; but found &apos;CRLF&apos;."><![CDATA[line 15, col 33, Error - Expected linebreaks to be &apos;LF&apos; but found &apos;CRLF&apos;. (linebreak-style)]]></failure></testcase>
<testcase time="0" name="org.eslint.linebreak-style" classname="C:\work\dyrectorio\web\crux-ui\src\pages\api\auth\settings\change-password"><failure message="Expected linebreaks to be &apos;LF&apos; but found &apos;CRLF&apos;."><![CDATA[line 16, col 30, Error - Expected linebreaks to be &apos;LF&apos; but found &apos;CRLF&apos;. (linebreak-style)]]></failure></testcase>
<testcase time="0" name="org.eslint.linebreak-style" classname="C:\work\dyrectorio\web\crux-ui\src\pages\api\auth\settings\change-password"><failure message="Expected linebreaks to be &apos;LF&apos; but found &apos;CRLF&apos;."><![CDATA[line 17, col 7, Error - Expected linebreaks to be &apos;LF&apos; but found &apos;CRLF&apos;. (linebreak-style)]]></failure></testcase>
<testcase time="0" name="org.eslint.linebreak-style" classname="C:\work\dyrectorio\web\crux-ui\src\pages\api\auth\settings\change-password"><failure message="Expected linebreaks to be &apos;LF&apos; but found &apos;CRLF&apos;."><![CDATA[line 18, col 15, Error - Expected linebreaks to be &apos;LF&apos; but found &apos;CRLF&apos;. (linebreak-style)]]></failure></testcase>
<testcase time="0" name="org.eslint.linebreak-style" classname="C:\work\dyrectorio\web\crux-ui\src\pages\api\auth\settings\change-password"><failure message="Expected linebreaks to be &apos;LF&apos; but found &apos;CRLF&apos;."><![CDATA[line 19, col 12, Error - Expected linebreaks to be &apos;LF&apos; but found &apos;CRLF&apos;. (linebreak-style)]]></failure></testcase>
<testcase time="0" name="org.eslint.linebreak-style" classname="C:\work\dyrectorio\web\crux-ui\src\pages\api\auth\settings\change-password"><failure message="Expected linebreaks to be &apos;LF&apos; but found &apos;CRLF&apos;."><![CDATA[line 20, col 4, Error - Expected linebreaks to be &apos;LF&apos; but found &apos;CRLF&apos;. (linebreak-style)]]></failure></testcase>
<testcase time="0" name="org.eslint.semi" classname="C:\work\dyrectorio\web\crux-ui\src\pages\api\auth\settings\change-password"><failure message="Missing semicolon."><![CDATA[line 20, col 4, Error - Missing semicolon. (semi)]]></failure></testcase>
<testcase time="0" name="org.eslint.linebreak-style" classname="C:\work\dyrectorio\web\crux-ui\src\pages\api\auth\settings\change-password"><failure message="Expected linebreaks to be &apos;LF&apos; but found &apos;CRLF&apos;."><![CDATA[line 21, col 1, Error - Expected linebreaks to be &apos;LF&apos; but found &apos;CRLF&apos;. (linebreak-style)]]></failure></testcase>
<testcase time="0" name="org.eslint.linebreak-style" classname="C:\work\dyrectorio\web\crux-ui\src\pages\api\auth\settings\change-password"><failure message="Expected linebreaks to be &apos;LF&apos; but found &apos;CRLF&apos;."><![CDATA[line 22, col 37, Error - Expected linebreaks to be &apos;LF&apos; but found &apos;CRLF&apos;. (linebreak-style)]]></failure></testcase>
<testcase time="0" name="org.eslint.semi" classname="C:\work\dyrectorio\web\crux-ui\src\pages\api\auth\settings\change-password"><failure message="Missing semicolon."><![CDATA[line 22, col 37, Error - Missing semicolon. (semi)]]></failure></testcase>
<testcase time="0" name="org.eslint.linebreak-style" classname="C:\work\dyrectorio\web\crux-ui\src\pages\api\auth\settings\change-password"><failure message="Expected linebreaks to be &apos;LF&apos; but found &apos;CRLF&apos;."><![CDATA[line 23, col 2, Error - Expected linebreaks to be &apos;LF&apos; but found &apos;CRLF&apos;. (linebreak-style)]]></failure></testcase>
<testcase time="0" name="org.eslint.semi" classname="C:\work\dyrectorio\web\crux-ui\src\pages\api\auth\settings\change-password"><failure message="Missing semicolon."><![CDATA[line 23, col 2, Error - Missing semicolon. (semi)]]></failure></testcase>
<testcase time="0" name="org.eslint.linebreak-style" classname="C:\work\dyrectorio\web\crux-ui\src\pages\api\auth\settings\change-password"><failure message="Expected linebreaks to be &apos;LF&apos; but found &apos;CRLF&apos;."><![CDATA[line 24, col 1, Error - Expected linebreaks to be &apos;LF&apos; but found &apos;CRLF&apos;. (linebreak-style)]]></failure></testcase>
<testcase time="0" name="org.eslint.linebreak-style" classname="C:\work\dyrectorio\web\crux-ui\src\pages\api\auth\settings\change-password"><failure message="Expected linebreaks to be &apos;LF&apos; but found &apos;CRLF&apos;."><![CDATA[line 25, col 32, Error - Expected linebreaks to be &apos;LF&apos; but found &apos;CRLF&apos;. (linebreak-style)]]></failure></testcase>
<testcase time="0" name="org.eslint.linebreak-style" classname="C:\work\dyrectorio\web\crux-ui\src\pages\api\auth\settings\change-password"><failure message="Expected linebreaks to be &apos;LF&apos; but found &apos;CRLF&apos;."><![CDATA[line 26, col 4, Error - Expected linebreaks to be &apos;LF&apos; but found &apos;CRLF&apos;. (linebreak-style)]]></failure></testcase>
<testcase time="0" name="org.eslint.linebreak-style" classname="C:\work\dyrectorio\web\crux-ui\src\pages\api\auth\settings\change-password"><failure message="Expected linebreaks to be &apos;LF&apos; but found &apos;CRLF&apos;."><![CDATA[line 27, col 12, Error - Expected linebreaks to be &apos;LF&apos; but found &apos;CRLF&apos;. (linebreak-style)]]></failure></testcase>
<testcase time="0" name="org.eslint.linebreak-style" classname="C:\work\dyrectorio\web\crux-ui\src\pages\api\auth\settings\change-password"><failure message="Expected linebreaks to be &apos;LF&apos; but found &apos;CRLF&apos;."><![CDATA[line 28, col 5, Error - Expected linebreaks to be &apos;LF&apos; but found &apos;CRLF&apos;. (linebreak-style)]]></failure></testcase>
<testcase time="0" name="org.eslint.linebreak-style" classname="C:\work\dyrectorio\web\crux-ui\src\pages\api\auth\settings\change-password"><failure message="Expected linebreaks to be &apos;LF&apos; but found &apos;CRLF&apos;."><![CDATA[line 29, col 30, Error - Expected linebreaks to be &apos;LF&apos; but found &apos;CRLF&apos;. (linebreak-style)]]></failure></testcase>
<testcase time="0" name="org.eslint.linebreak-style" classname="C:\work\dyrectorio\web\crux-ui\src\pages\api\auth\settings\change-password"><failure message="Expected linebreaks to be &apos;LF&apos; but found &apos;CRLF&apos;."><![CDATA[line 30, col 2, Error - Expected linebreaks to be &apos;LF&apos; but found &apos;CRLF&apos;. (linebreak-style)]]></failure></testcase>
<testcase time="0" name="org.eslint.semi" classname="C:\work\dyrectorio\web\crux-ui\src\pages\api\auth\settings\change-password"><failure message="Missing semicolon."><![CDATA[line 30, col 2, Error - Missing semicolon. (semi)]]></failure></testcase>
</testsuite>
<testsuite package="org.eslint" time="0" tests="48" errors="48" name="C:\work\dyrectorio\web\crux-ui\src\pages\api\auth\settings\edit-profile.ts">
<testcase time="0" name="org.eslint.linebreak-style" classname="C:\work\dyrectorio\web\crux-ui\src\pages\api\auth\settings\edit-profile"><failure message="Expected linebreaks to be &apos;LF&apos; but found &apos;CRLF&apos;."><![CDATA[line 1, col 42, Error - Expected linebreaks to be &apos;LF&apos; but found &apos;CRLF&apos;. (linebreak-style)]]></failure></testcase>
<testcase time="0" name="org.eslint.semi" classname="C:\work\dyrectorio\web\crux-ui\src\pages\api\auth\settings\edit-profile"><failure message="Missing semicolon."><![CDATA[line 1, col 42, Error - Missing semicolon. (semi)]]></failure></testcase>
<testcase time="0" name="org.eslint.linebreak-style" classname="C:\work\dyrectorio\web\crux-ui\src\pages\api\auth\settings\edit-profile"><failure message="Expected linebreaks to be &apos;LF&apos; but found &apos;CRLF&apos;."><![CDATA[line 2, col 50, Error - Expected linebreaks to be &apos;LF&apos; but found &apos;CRLF&apos;. (linebreak-style)]]></failure></testcase>
<testcase time="0" name="org.eslint.semi" classname="C:\work\dyrectorio\web\crux-ui\src\pages\api\auth\settings\edit-profile"><failure message="Missing semicolon."><![CDATA[line 2, col 50, Error - Missing semicolon. (semi)]]></failure></testcase>
<testcase time="0" name="org.eslint.linebreak-style" classname="C:\work\dyrectorio\web\crux-ui\src\pages\api\auth\settings\edit-profile"><failure message="Expected linebreaks to be &apos;LF&apos; but found &apos;CRLF&apos;."><![CDATA[line 3, col 75, Error - Expected linebreaks to be &apos;LF&apos; but found &apos;CRLF&apos;. (linebreak-style)]]></failure></testcase>
<testcase time="0" name="org.eslint.semi" classname="C:\work\dyrectorio\web\crux-ui\src\pages\api\auth\settings\edit-profile"><failure message="Missing semicolon."><![CDATA[line 3, col 75, Error - Missing semicolon. (semi)]]></failure></testcase>
<testcase time="0" name="org.eslint.linebreak-style" classname="C:\work\dyrectorio\web\crux-ui\src\pages\api\auth\settings\edit-profile"><failure message="Expected linebreaks to be &apos;LF&apos; but found &apos;CRLF&apos;."><![CDATA[line 4, col 54, Error - Expected linebreaks to be &apos;LF&apos; but found &apos;CRLF&apos;. (linebreak-style)]]></failure></testcase>
<testcase time="0" name="org.eslint.semi" classname="C:\work\dyrectorio\web\crux-ui\src\pages\api\auth\settings\edit-profile"><failure message="Missing semicolon."><![CDATA[line 4, col 54, Error - Missing semicolon. (semi)]]></failure></testcase>
<testcase time="0" name="org.eslint.linebreak-style" classname="C:\work\dyrectorio\web\crux-ui\src\pages\api\auth\settings\edit-profile"><failure message="Expected linebreaks to be &apos;LF&apos; but found &apos;CRLF&apos;."><![CDATA[line 5, col 55, Error - Expected linebreaks to be &apos;LF&apos; but found &apos;CRLF&apos;. (linebreak-style)]]></failure></testcase>
<testcase time="0" name="org.eslint.semi" classname="C:\work\dyrectorio\web\crux-ui\src\pages\api\auth\settings\edit-profile"><failure message="Missing semicolon."><![CDATA[line 5, col 55, Error - Missing semicolon. (semi)]]></failure></testcase>
<testcase time="0" name="org.eslint.linebreak-style" classname="C:\work\dyrectorio\web\crux-ui\src\pages\api\auth\settings\edit-profile"><failure message="Expected linebreaks to be &apos;LF&apos; but found &apos;CRLF&apos;."><![CDATA[line 6, col 1, Error - Expected linebreaks to be &apos;LF&apos; but found &apos;CRLF&apos;. (linebreak-style)]]></failure></testcase>
<testcase time="0" name="org.eslint.linebreak-style" classname="C:\work\dyrectorio\web\crux-ui\src\pages\api\auth\settings\edit-profile"><failure message="Expected linebreaks to be &apos;LF&apos; but found &apos;CRLF&apos;."><![CDATA[line 7, col 70, Error - Expected linebreaks to be &apos;LF&apos; but found &apos;CRLF&apos;. (linebreak-style)]]></failure></testcase>
<testcase time="0" name="org.eslint.linebreak-style" classname="C:\work\dyrectorio\web\crux-ui\src\pages\api\auth\settings\edit-profile"><failure message="Expected linebreaks to be &apos;LF&apos; but found &apos;CRLF&apos;."><![CDATA[line 8, col 38, Error - Expected linebreaks to be &apos;LF&apos; but found &apos;CRLF&apos;. (linebreak-style)]]></failure></testcase>
<testcase time="0" name="org.eslint.semi" classname="C:\work\dyrectorio\web\crux-ui\src\pages\api\auth\settings\edit-profile"><failure message="Missing semicolon."><![CDATA[line 8, col 38, Error - Missing semicolon. (semi)]]></failure></testcase>
<testcase time="0" name="org.eslint.linebreak-style" classname="C:\work\dyrectorio\web\crux-ui\src\pages\api\auth\settings\edit-profile"><failure message="Expected linebreaks to be &apos;LF&apos; but found &apos;CRLF&apos;."><![CDATA[line 9, col 1, Error - Expected linebreaks to be &apos;LF&apos; but found &apos;CRLF&apos;. (linebreak-style)]]></failure></testcase>
<testcase time="0" name="org.eslint.linebreak-style" classname="C:\work\dyrectorio\web\crux-ui\src\pages\api\auth\settings\edit-profile"><failure message="Expected linebreaks to be &apos;LF&apos; but found &apos;CRLF&apos;."><![CDATA[line 10, col 31, Error - Expected linebreaks to be &apos;LF&apos; but found &apos;CRLF&apos;. (linebreak-style)]]></failure></testcase>
<testcase time="0" name="org.eslint.semi" classname="C:\work\dyrectorio\web\crux-ui\src\pages\api\auth\settings\edit-profile"><failure message="Missing semicolon."><![CDATA[line 10, col 31, Error - Missing semicolon. (semi)]]></failure></testcase>
<testcase time="0" name="org.eslint.linebreak-style" classname="C:\work\dyrectorio\web\crux-ui\src\pages\api\auth\settings\edit-profile"><failure message="Expected linebreaks to be &apos;LF&apos; but found &apos;CRLF&apos;."><![CDATA[line 11, col 1, Error - Expected linebreaks to be &apos;LF&apos; but found &apos;CRLF&apos;. (linebreak-style)]]></failure></testcase>
<testcase time="0" name="org.eslint.linebreak-style" classname="C:\work\dyrectorio\web\crux-ui\src\pages\api\auth\settings\edit-profile"><failure message="Expected linebreaks to be &apos;LF&apos; but found &apos;CRLF&apos;."><![CDATA[line 12, col 64, Error - Expected linebreaks to be &apos;LF&apos; but found &apos;CRLF&apos;. (linebreak-style)]]></failure></testcase>
<testcase time="0" name="org.eslint.linebreak-style" classname="C:\work\dyrectorio\web\crux-ui\src\pages\api\auth\settings\edit-profile"><failure message="Expected linebreaks to be &apos;LF&apos; but found &apos;CRLF&apos;."><![CDATA[line 13, col 14, Error - Expected linebreaks to be &apos;LF&apos; but found &apos;CRLF&apos;. (linebreak-style)]]></failure></testcase>
<testcase time="0" name="org.eslint.linebreak-style" classname="C:\work\dyrectorio\web\crux-ui\src\pages\api\auth\settings\edit-profile"><failure message="Expected linebreaks to be &apos;LF&apos; but found &apos;CRLF&apos;."><![CDATA[line 14, col 6, Error - Expected linebreaks to be &apos;LF&apos; but found &apos;CRLF&apos;. (linebreak-style)]]></failure></testcase>
<testcase time="0" name="org.eslint.linebreak-style" classname="C:\work\dyrectorio\web\crux-ui\src\pages\api\auth\settings\edit-profile"><failure message="Expected linebreaks to be &apos;LF&apos; but found &apos;CRLF&apos;."><![CDATA[line 15, col 25, Error - Expected linebreaks to be &apos;LF&apos; but found &apos;CRLF&apos;. (linebreak-style)]]></failure></testcase>
<testcase time="0" name="org.eslint.linebreak-style" classname="C:\work\dyrectorio\web\crux-ui\src\pages\api\auth\settings\edit-profile"><failure message="Expected linebreaks to be &apos;LF&apos; but found &apos;CRLF&apos;."><![CDATA[line 16, col 33, Error - Expected linebreaks to be &apos;LF&apos; but found &apos;CRLF&apos;. (linebreak-style)]]></failure></testcase>
<testcase time="0" name="org.eslint.linebreak-style" classname="C:\work\dyrectorio\web\crux-ui\src\pages\api\auth\settings\edit-profile"><failure message="Expected linebreaks to be &apos;LF&apos; but found &apos;CRLF&apos;."><![CDATA[line 17, col 16, Error - Expected linebreaks to be &apos;LF&apos; but found &apos;CRLF&apos;. (linebreak-style)]]></failure></testcase>
<testcase time="0" name="org.eslint.linebreak-style" classname="C:\work\dyrectorio\web\crux-ui\src\pages\api\auth\settings\edit-profile"><failure message="Expected linebreaks to be &apos;LF&apos; but found &apos;CRLF&apos;."><![CDATA[line 18, col 26, Error - Expected linebreaks to be &apos;LF&apos; but found &apos;CRLF&apos;. (linebreak-style)]]></failure></testcase>
<testcase time="0" name="org.eslint.linebreak-style" classname="C:\work\dyrectorio\web\crux-ui\src\pages\api\auth\settings\edit-profile"><failure message="Expected linebreaks to be &apos;LF&apos; but found &apos;CRLF&apos;."><![CDATA[line 19, col 16, Error - Expected linebreaks to be &apos;LF&apos; but found &apos;CRLF&apos;. (linebreak-style)]]></failure></testcase>
<testcase time="0" name="org.eslint.linebreak-style" classname="C:\work\dyrectorio\web\crux-ui\src\pages\api\auth\settings\edit-profile"><failure message="Expected linebreaks to be &apos;LF&apos; but found &apos;CRLF&apos;."><![CDATA[line 20, col 32, Error - Expected linebreaks to be &apos;LF&apos; but found &apos;CRLF&apos;. (linebreak-style)]]></failure></testcase>
<testcase time="0" name="org.eslint.linebreak-style" classname="C:\work\dyrectorio\web\crux-ui\src\pages\api\auth\settings\edit-profile"><failure message="Expected linebreaks to be &apos;LF&apos; but found &apos;CRLF&apos;."><![CDATA[line 21, col 30, Error - Expected linebreaks to be &apos;LF&apos; but found &apos;CRLF&apos;. (linebreak-style)]]></failure></testcase>
<testcase time="0" name="org.eslint.linebreak-style" classname="C:\work\dyrectorio\web\crux-ui\src\pages\api\auth\settings\edit-profile"><failure message="Expected linebreaks to be &apos;LF&apos; but found &apos;CRLF&apos;."><![CDATA[line 22, col 11, Error - Expected linebreaks to be &apos;LF&apos; but found &apos;CRLF&apos;. (linebreak-style)]]></failure></testcase>
<testcase time="0" name="org.eslint.linebreak-style" classname="C:\work\dyrectorio\web\crux-ui\src\pages\api\auth\settings\edit-profile"><failure message="Expected linebreaks to be &apos;LF&apos; but found &apos;CRLF&apos;."><![CDATA[line 23, col 9, Error - Expected linebreaks to be &apos;LF&apos; but found &apos;CRLF&apos;. (linebreak-style)]]></failure></testcase>
<testcase time="0" name="org.eslint.linebreak-style" classname="C:\work\dyrectorio\web\crux-ui\src\pages\api\auth\settings\edit-profile"><failure message="Expected linebreaks to be &apos;LF&apos; but found &apos;CRLF&apos;."><![CDATA[line 24, col 7, Error - Expected linebreaks to be &apos;LF&apos; but found &apos;CRLF&apos;. (linebreak-style)]]></failure></testcase>
<testcase time="0" name="org.eslint.linebreak-style" classname="C:\work\dyrectorio\web\crux-ui\src\pages\api\auth\settings\edit-profile"><failure message="Expected linebreaks to be &apos;LF&apos; but found &apos;CRLF&apos;."><![CDATA[line 25, col 15, Error - Expected linebreaks to be &apos;LF&apos; but found &apos;CRLF&apos;. (linebreak-style)]]></failure></testcase>
<testcase time="0" name="org.eslint.linebreak-style" classname="C:\work\dyrectorio\web\crux-ui\src\pages\api\auth\settings\edit-profile"><failure message="Expected linebreaks to be &apos;LF&apos; but found &apos;CRLF&apos;."><![CDATA[line 26, col 12, Error - Expected linebreaks to be &apos;LF&apos; but found &apos;CRLF&apos;. (linebreak-style)]]></failure></testcase>
<testcase time="0" name="org.eslint.linebreak-style" classname="C:\work\dyrectorio\web\crux-ui\src\pages\api\auth\settings\edit-profile"><failure message="Expected linebreaks to be &apos;LF&apos; but found &apos;CRLF&apos;."><![CDATA[line 27, col 4, Error - Expected linebreaks to be &apos;LF&apos; but found &apos;CRLF&apos;. (linebreak-style)]]></failure></testcase>
<testcase time="0" name="org.eslint.semi" classname="C:\work\dyrectorio\web\crux-ui\src\pages\api\auth\settings\edit-profile"><failure message="Missing semicolon."><![CDATA[line 27, col 4, Error - Missing semicolon. (semi)]]></failure></testcase>
<testcase time="0" name="org.eslint.linebreak-style" classname="C:\work\dyrectorio\web\crux-ui\src\pages\api\auth\settings\edit-profile"><failure message="Expected linebreaks to be &apos;LF&apos; but found &apos;CRLF&apos;."><![CDATA[line 28, col 1, Error - Expected linebreaks to be &apos;LF&apos; but found &apos;CRLF&apos;. (linebreak-style)]]></failure></testcase>
<testcase time="0" name="org.eslint.linebreak-style" classname="C:\work\dyrectorio\web\crux-ui\src\pages\api\auth\settings\edit-profile"><failure message="Expected linebreaks to be &apos;LF&apos; but found &apos;CRLF&apos;."><![CDATA[line 29, col 37, Error - Expected linebreaks to be &apos;LF&apos; but found &apos;CRLF&apos;. (linebreak-style)]]></failure></testcase>
<testcase time="0" name="org.eslint.semi" classname="C:\work\dyrectorio\web\crux-ui\src\pages\api\auth\settings\edit-profile"><failure message="Missing semicolon."><![CDATA[line 29, col 37, Error - Missing semicolon. (semi)]]></failure></testcase>
<testcase time="0" name="org.eslint.linebreak-style" classname="C:\work\dyrectorio\web\crux-ui\src\pages\api\auth\settings\edit-profile"><failure message="Expected linebreaks to be &apos;LF&apos; but found &apos;CRLF&apos;."><![CDATA[line 30, col 2, Error - Expected linebreaks to be &apos;LF&apos; but found &apos;CRLF&apos;. (linebreak-style)]]></failure></testcase>
<testcase time="0" name="org.eslint.semi" classname="C:\work\dyrectorio\web\crux-ui\src\pages\api\auth\settings\edit-profile"><failure message="Missing semicolon."><![CDATA[line 30, col 2, Error - Missing semicolon. (semi)]]></failure></testcase>
<testcase time="0" name="org.eslint.linebreak-style" classname="C:\work\dyrectorio\web\crux-ui\src\pages\api\auth\settings\edit-profile"><failure message="Expected linebreaks to be &apos;LF&apos; but found &apos;CRLF&apos;."><![CDATA[line 31, col 1, Error - Expected linebreaks to be &apos;LF&apos; but found &apos;CRLF&apos;. (linebreak-style)]]></failure></testcase>
<testcase time="0" name="org.eslint.linebreak-style" classname="C:\work\dyrectorio\web\crux-ui\src\pages\api\auth\settings\edit-profile"><failure message="Expected linebreaks to be &apos;LF&apos; but found &apos;CRLF&apos;."><![CDATA[line 32, col 32, Error - Expected linebreaks to be &apos;LF&apos; but found &apos;CRLF&apos;. (linebreak-style)]]></failure></testcase>
<testcase time="0" name="org.eslint.linebreak-style" classname="C:\work\dyrectorio\web\crux-ui\src\pages\api\auth\settings\edit-profile"><failure message="Expected linebreaks to be &apos;LF&apos; but found &apos;CRLF&apos;."><![CDATA[line 33, col 4, Error - Expected linebreaks to be &apos;LF&apos; but found &apos;CRLF&apos;. (linebreak-style)]]></failure></testcase>
<testcase time="0" name="org.eslint.linebreak-style" classname="C:\work\dyrectorio\web\crux-ui\src\pages\api\auth\settings\edit-profile"><failure message="Expected linebreaks to be &apos;LF&apos; but found &apos;CRLF&apos;."><![CDATA[line 34, col 12, Error - Expected linebreaks to be &apos;LF&apos; but found &apos;CRLF&apos;. (linebreak-style)]]></failure></testcase>
<testcase time="0" name="org.eslint.linebreak-style" classname="C:\work\dyrectorio\web\crux-ui\src\pages\api\auth\settings\edit-profile"><failure message="Expected linebreaks to be &apos;LF&apos; but found &apos;CRLF&apos;."><![CDATA[line 35, col 5, Error - Expected linebreaks to be &apos;LF&apos; but found &apos;CRLF&apos;. (linebreak-style)]]></failure></testcase>
<testcase time="0" name="org.eslint.linebreak-style" classname="C:\work\dyrectorio\web\crux-ui\src\pages\api\auth\settings\edit-profile"><failure message="Expected linebreaks to be &apos;LF&apos; but found &apos;CRLF&apos;."><![CDATA[line 36, col 30, Error - Expected linebreaks to be &apos;LF&apos; but found &apos;CRLF&apos;. (linebreak-style)]]></failure></testcase>
<testcase time="0" name="org.eslint.linebreak-style" classname="C:\work\dyrectorio\web\crux-ui\src\pages\api\auth\settings\edit-profile"><failure message="Expected linebreaks to be &apos;LF&apos; but found &apos;CRLF&apos;."><![CDATA[line 37, col 2, Error - Expected linebreaks to be &apos;LF&apos; but found &apos;CRLF&apos;. (linebreak-style)]]></failure></testcase>
<testcase time="0" name="org.eslint.semi" classname="C:\work\dyrectorio\web\crux-ui\src\pages\api\auth\settings\edit-profile"><failure message="Missing semicolon."><![CDATA[line 37, col 2, Error - Missing semicolon. (semi)]]></failure></testcase>
</testsuite>
<testsuite package="org.eslint" time="0" tests="46" errors="46" name="C:\work\dyrectorio\web\crux-ui\src\pages\api\auth\verify.ts">
<testcase time="0" name="org.eslint.linebreak-style" classname="C:\work\dyrectorio\web\crux-ui\src\pages\api\auth\verify"><failure message="Expected linebreaks to be &apos;LF&apos; but found &apos;CRLF&apos;."><![CDATA[line 1, col 42, Error - Expected linebreaks to be &apos;LF&apos; but found &apos;CRLF&apos;. (linebreak-style)]]></failure></testcase>
<testcase time="0" name="org.eslint.semi" classname="C:\work\dyrectorio\web\crux-ui\src\pages\api\auth\verify"><failure message="Missing semicolon."><![CDATA[line 1, col 42, Error - Missing semicolon. (semi)]]></failure></testcase>
<testcase time="0" name="org.eslint.linebreak-style" classname="C:\work\dyrectorio\web\crux-ui\src\pages\api\auth\verify"><failure message="Expected linebreaks to be &apos;LF&apos; but found &apos;CRLF&apos;."><![CDATA[line 2, col 50, Error - Expected linebreaks to be &apos;LF&apos; but found &apos;CRLF&apos;. (linebreak-style)]]></failure></testcase>
<testcase time="0" name="org.eslint.semi" classname="C:\work\dyrectorio\web\crux-ui\src\pages\api\auth\verify"><failure message="Missing semicolon."><![CDATA[line 2, col 50, Error - Missing semicolon. (semi)]]></failure></testcase>
<testcase time="0" name="org.eslint.linebreak-style" classname="C:\work\dyrectorio\web\crux-ui\src\pages\api\auth\verify"><failure message="Expected linebreaks to be &apos;LF&apos; but found &apos;CRLF&apos;."><![CDATA[line 3, col 50, Error - Expected linebreaks to be &apos;LF&apos; but found &apos;CRLF&apos;. (linebreak-style)]]></failure></testcase>
<testcase time="0" name="org.eslint.semi" classname="C:\work\dyrectorio\web\crux-ui\src\pages\api\auth\verify"><failure message="Missing semicolon."><![CDATA[line 3, col 50, Error - Missing semicolon. (semi)]]></failure></testcase>
<testcase time="0" name="org.eslint.linebreak-style" classname="C:\work\dyrectorio\web\crux-ui\src\pages\api\auth\verify"><failure message="Expected linebreaks to be &apos;LF&apos; but found &apos;CRLF&apos;."><![CDATA[line 4, col 75, Error - Expected linebreaks to be &apos;LF&apos; but found &apos;CRLF&apos;. (linebreak-style)]]></failure></testcase>
<testcase time="0" name="org.eslint.semi" classname="C:\work\dyrectorio\web\crux-ui\src\pages\api\auth\verify"><failure message="Missing semicolon."><![CDATA[line 4, col 75, Error - Missing semicolon. (semi)]]></failure></testcase>
<testcase time="0" name="org.eslint.linebreak-style" classname="C:\work\dyrectorio\web\crux-ui\src\pages\api\auth\verify"><failure message="Expected linebreaks to be &apos;LF&apos; but found &apos;CRLF&apos;."><![CDATA[line 5, col 54, Error - Expected linebreaks to be &apos;LF&apos; but found &apos;CRLF&apos;. (linebreak-style)]]></failure></testcase>
<testcase time="0" name="org.eslint.semi" classname="C:\work\dyrectorio\web\crux-ui\src\pages\api\auth\verify"><failure message="Missing semicolon."><![CDATA[line 5, col 54, Error - Missing semicolon. (semi)]]></failure></testcase>
<testcase time="0" name="org.eslint.linebreak-style" classname="C:\work\dyrectorio\web\crux-ui\src\pages\api\auth\verify"><failure message="Expected linebreaks to be &apos;LF&apos; but found &apos;CRLF&apos;."><![CDATA[line 6, col 55, Error - Expected linebreaks to be &apos;LF&apos; but found &apos;CRLF&apos;. (linebreak-style)]]></failure></testcase>
<testcase time="0" name="org.eslint.semi" classname="C:\work\dyrectorio\web\crux-ui\src\pages\api\auth\verify"><failure message="Missing semicolon."><![CDATA[line 6, col 55, Error - Missing semicolon. (semi)]]></failure></testcase>
<testcase time="0" name="org.eslint.linebreak-style" classname="C:\work\dyrectorio\web\crux-ui\src\pages\api\auth\verify"><failure message="Expected linebreaks to be &apos;LF&apos; but found &apos;CRLF&apos;."><![CDATA[line 7, col 1, Error - Expected linebreaks to be &apos;LF&apos; but found &apos;CRLF&apos;. (linebreak-style)]]></failure></testcase>
<testcase time="0" name="org.eslint.linebreak-style" classname="C:\work\dyrectorio\web\crux-ui\src\pages\api\auth\verify"><failure message="Expected linebreaks to be &apos;LF&apos; but found &apos;CRLF&apos;."><![CDATA[line 8, col 70, Error - Expected linebreaks to be &apos;LF&apos; but found &apos;CRLF&apos;. (linebreak-style)]]></failure></testcase>
<testcase time="0" name="org.eslint.linebreak-style" classname="C:\work\dyrectorio\web\crux-ui\src\pages\api\auth\verify"><failure message="Expected linebreaks to be &apos;LF&apos; but found &apos;CRLF&apos;."><![CDATA[line 9, col 38, Error - Expected linebreaks to be &apos;LF&apos; but found &apos;CRLF&apos;. (linebreak-style)]]></failure></testcase>
<testcase time="0" name="org.eslint.semi" classname="C:\work\dyrectorio\web\crux-ui\src\pages\api\auth\verify"><failure message="Missing semicolon."><![CDATA[line 9, col 38, Error - Missing semicolon. (semi)]]></failure></testcase>
<testcase time="0" name="org.eslint.linebreak-style" classname="C:\work\dyrectorio\web\crux-ui\src\pages\api\auth\verify"><failure message="Expected linebreaks to be &apos;LF&apos; but found &apos;CRLF&apos;."><![CDATA[line 10, col 37, Error - Expected linebreaks to be &apos;LF&apos; but found &apos;CRLF&apos;. (linebreak-style)]]></failure></testcase>
<testcase time="0" name="org.eslint.semi" classname="C:\work\dyrectorio\web\crux-ui\src\pages\api\auth\verify"><failure message="Missing semicolon."><![CDATA[line 10, col 37, Error - Missing semicolon. (semi)]]></failure></testcase>
<testcase time="0" name="org.eslint.linebreak-style" classname="C:\work\dyrectorio\web\crux-ui\src\pages\api\auth\verify"><failure message="Expected linebreaks to be &apos;LF&apos; but found &apos;CRLF&apos;."><![CDATA[line 11, col 1, Error - Expected linebreaks to be &apos;LF&apos; but found &apos;CRLF&apos;. (linebreak-style)]]></failure></testcase>
<testcase time="0" name="org.eslint.linebreak-style" classname="C:\work\dyrectorio\web\crux-ui\src\pages\api\auth\verify"><failure message="Expected linebreaks to be &apos;LF&apos; but found &apos;CRLF&apos;."><![CDATA[line 12, col 31, Error - Expected linebreaks to be &apos;LF&apos; but found &apos;CRLF&apos;. (linebreak-style)]]></failure></testcase>
<testcase time="0" name="org.eslint.semi" classname="C:\work\dyrectorio\web\crux-ui\src\pages\api\auth\verify"><failure message="Missing semicolon."><![CDATA[line 12, col 31, Error - Missing semicolon. (semi)]]></failure></testcase>
<testcase time="0" name="org.eslint.linebreak-style" classname="C:\work\dyrectorio\web\crux-ui\src\pages\api\auth\verify"><failure message="Expected linebreaks to be &apos;LF&apos; but found &apos;CRLF&apos;."><![CDATA[line 13, col 1, Error - Expected linebreaks to be &apos;LF&apos; but found &apos;CRLF&apos;. (linebreak-style)]]></failure></testcase>
<testcase time="0" name="org.eslint.linebreak-style" classname="C:\work\dyrectorio\web\crux-ui\src\pages\api\auth\verify"><failure message="Expected linebreaks to be &apos;LF&apos; but found &apos;CRLF&apos;."><![CDATA[line 14, col 68, Error - Expected linebreaks to be &apos;LF&apos; but found &apos;CRLF&apos;. (linebreak-style)]]></failure></testcase>
<testcase time="0" name="org.eslint.linebreak-style" classname="C:\work\dyrectorio\web\crux-ui\src\pages\api\auth\verify"><failure message="Expected linebreaks to be &apos;LF&apos; but found &apos;CRLF&apos;."><![CDATA[line 15, col 14, Error - Expected linebreaks to be &apos;LF&apos; but found &apos;CRLF&apos;. (linebreak-style)]]></failure></testcase>
<testcase time="0" name="org.eslint.linebreak-style" classname="C:\work\dyrectorio\web\crux-ui\src\pages\api\auth\verify"><failure message="Expected linebreaks to be &apos;LF&apos; but found &apos;CRLF&apos;."><![CDATA[line 16, col 6, Error - Expected linebreaks to be &apos;LF&apos; but found &apos;CRLF&apos;. (linebreak-style)]]></failure></testcase>
<testcase time="0" name="org.eslint.linebreak-style" classname="C:\work\dyrectorio\web\crux-ui\src\pages\api\auth\verify"><failure message="Expected linebreaks to be &apos;LF&apos; but found &apos;CRLF&apos;."><![CDATA[line 17, col 33, Error - Expected linebreaks to be &apos;LF&apos; but found &apos;CRLF&apos;. (linebreak-style)]]></failure></testcase>
<testcase time="0" name="org.eslint.linebreak-style" classname="C:\work\dyrectorio\web\crux-ui\src\pages\api\auth\verify"><failure message="Expected linebreaks to be &apos;LF&apos; but found &apos;CRLF&apos;."><![CDATA[line 18, col 22, Error - Expected linebreaks to be &apos;LF&apos; but found &apos;CRLF&apos;. (linebreak-style)]]></failure></testcase>
<testcase time="0" name="org.eslint.linebreak-style" classname="C:\work\dyrectorio\web\crux-ui\src\pages\api\auth\verify"><failure message="Expected linebreaks to be &apos;LF&apos; but found &apos;CRLF&apos;."><![CDATA[line 19, col 24, Error - Expected linebreaks to be &apos;LF&apos; but found &apos;CRLF&apos;. (linebreak-style)]]></failure></testcase>
<testcase time="0" name="org.eslint.linebreak-style" classname="C:\work\dyrectorio\web\crux-ui\src\pages\api\auth\verify"><failure message="Expected linebreaks to be &apos;LF&apos; but found &apos;CRLF&apos;."><![CDATA[line 20, col 7, Error - Expected linebreaks to be &apos;LF&apos; but found &apos;CRLF&apos;. (linebreak-style)]]></failure></testcase>
<testcase time="0" name="org.eslint.linebreak-style" classname="C:\work\dyrectorio\web\crux-ui\src\pages\api\auth\verify"><failure message="Expected linebreaks to be &apos;LF&apos; but found &apos;CRLF&apos;."><![CDATA[line 21, col 15, Error - Expected linebreaks to be &apos;LF&apos; but found &apos;CRLF&apos;. (linebreak-style)]]></failure></testcase>
<testcase time="0" name="org.eslint.linebreak-style" classname="C:\work\dyrectorio\web\crux-ui\src\pages\api\auth\verify"><failure message="Expected linebreaks to be &apos;LF&apos; but found &apos;CRLF&apos;."><![CDATA[line 22, col 12, Error - Expected linebreaks to be &apos;LF&apos; but found &apos;CRLF&apos;. (linebreak-style)]]></failure></testcase>
<testcase time="0" name="org.eslint.linebreak-style" classname="C:\work\dyrectorio\web\crux-ui\src\pages\api\auth\verify"><failure message="Expected linebreaks to be &apos;LF&apos; but found &apos;CRLF&apos;."><![CDATA[line 23, col 4, Error - Expected linebreaks to be &apos;LF&apos; but found &apos;CRLF&apos;. (linebreak-style)]]></failure></testcase>
<testcase time="0" name="org.eslint.semi" classname="C:\work\dyrectorio\web\crux-ui\src\pages\api\auth\verify"><failure message="Missing semicolon."><![CDATA[line 23, col 4, Error - Missing semicolon. (semi)]]></failure></testcase>
<testcase time="0" name="org.eslint.linebreak-style" classname="C:\work\dyrectorio\web\crux-ui\src\pages\api\auth\verify"><failure message="Expected linebreaks to be &apos;LF&apos; but found &apos;CRLF&apos;."><![CDATA[line 24, col 1, Error - Expected linebreaks to be &apos;LF&apos; but found &apos;CRLF&apos;. (linebreak-style)]]></failure></testcase>
<testcase time="0" name="org.eslint.linebreak-style" classname="C:\work\dyrectorio\web\crux-ui\src\pages\api\auth\verify"><failure message="Expected linebreaks to be &apos;LF&apos; but found &apos;CRLF&apos;."><![CDATA[line 25, col 37, Error - Expected linebreaks to be &apos;LF&apos; but found &apos;CRLF&apos;. (linebreak-style)]]></failure></testcase>
<testcase time="0" name="org.eslint.semi" classname="C:\work\dyrectorio\web\crux-ui\src\pages\api\auth\verify"><failure message="Missing semicolon."><![CDATA[line 25, col 37, Error - Missing semicolon. (semi)]]></failure></testcase>
<testcase time="0" name="org.eslint.linebreak-style" classname="C:\work\dyrectorio\web\crux-ui\src\pages\api\auth\verify"><failure message="Expected linebreaks to be &apos;LF&apos; but found &apos;CRLF&apos;."><![CDATA[line 26, col 2, Error - Expected linebreaks to be &apos;LF&apos; but found &apos;CRLF&apos;. (linebreak-style)]]></failure></testcase>
<testcase time="0" name="org.eslint.semi" classname="C:\work\dyrectorio\web\crux-ui\src\pages\api\auth\verify"><failure message="Missing semicolon."><![CDATA[line 26, col 2, Error - Missing semicolon. (semi)]]></failure></testcase>
<testcase time="0" name="org.eslint.linebreak-style" classname="C:\work\dyrectorio\web\crux-ui\src\pages\api\auth\verify"><failure message="Expected linebreaks to be &apos;LF&apos; but found &apos;CRLF&apos;."><![CDATA[line 27, col 1, Error - Expected linebreaks to be &apos;LF&apos; but found &apos;CRLF&apos;. (linebreak-style)]]></failure></testcase>
<testcase time="0" name="org.eslint.linebreak-style" classname="C:\work\dyrectorio\web\crux-ui\src\pages\api\auth\verify"><failure message="Expected linebreaks to be &apos;LF&apos; but found &apos;CRLF&apos;."><![CDATA[line 28, col 32, Error - Expected linebreaks to be &apos;LF&apos; but found &apos;CRLF&apos;. (linebreak-style)]]></failure></testcase>
<testcase time="0" name="org.eslint.linebreak-style" classname="C:\work\dyrectorio\web\crux-ui\src\pages\api\auth\verify"><failure message="Expected linebreaks to be &apos;LF&apos; but found &apos;CRLF&apos;."><![CDATA[line 29, col 4, Error - Expected linebreaks to be &apos;LF&apos; but found &apos;CRLF&apos;. (linebreak-style)]]></failure></testcase>
<testcase time="0" name="org.eslint.linebreak-style" classname="C:\work\dyrectorio\web\crux-ui\src\pages\api\auth\verify"><failure message="Expected linebreaks to be &apos;LF&apos; but found &apos;CRLF&apos;."><![CDATA[line 30, col 12, Error - Expected linebreaks to be &apos;LF&apos; but found &apos;CRLF&apos;. (linebreak-style)]]></failure></testcase>
<testcase time="0" name="org.eslint.linebreak-style" classname="C:\work\dyrectorio\web\crux-ui\src\pages\api\auth\verify"><failure message="Expected linebreaks to be &apos;LF&apos; but found &apos;CRLF&apos;."><![CDATA[line 31, col 5, Error - Expected linebreaks to be &apos;LF&apos; but found &apos;CRLF&apos;. (linebreak-style)]]></failure></testcase>
<testcase time="0" name="org.eslint.linebreak-style" classname="C:\work\dyrectorio\web\crux-ui\src\pages\api\auth\verify"><failure message="Expected linebreaks to be &apos;LF&apos; but found &apos;CRLF&apos;."><![CDATA[line 32, col 30, Error - Expected linebreaks to be &apos;LF&apos; but found &apos;CRLF&apos;. (linebreak-style)]]></failure></testcase>
<testcase time="0" name="org.eslint.linebreak-style" classname="C:\work\dyrectorio\web\crux-ui\src\pages\api\auth\verify"><failure message="Expected linebreaks to be &apos;LF&apos; but found &apos;CRLF&apos;."><![CDATA[line 33, col 2, Error - Expected linebreaks to be &apos;LF&apos; but found &apos;CRLF&apos;. (linebreak-style)]]></failure></testcase>
<testcase time="0" name="org.eslint.semi" classname="C:\work\dyrectorio\web\crux-ui\src\pages\api\auth\verify"><failure message="Missing semicolon."><![CDATA[line 33, col 2, Error - Missing semicolon. (semi)]]></failure></testcase>
</testsuite>
<testsuite package="org.eslint" time="0" tests="42" errors="42" name="C:\work\dyrectorio\web\crux-ui\src\pages\api\nodes.ts">
<testcase time="0" name="org.eslint.linebreak-style" classname="C:\work\dyrectorio\web\crux-ui\src\pages\api\nodes"><failure message="Expected linebreaks to be &apos;LF&apos; but found &apos;CRLF&apos;."><![CDATA[line 1, col 44, Error - Expected linebreaks to be &apos;LF&apos; but found &apos;CRLF&apos;. (linebreak-style)]]></failure></testcase>
<testcase time="0" name="org.eslint.semi" classname="C:\work\dyrectorio\web\crux-ui\src\pages\api\nodes"><failure message="Missing semicolon."><![CDATA[line 1, col 44, Error - Missing semicolon. (semi)]]></failure></testcase>
<testcase time="0" name="org.eslint.linebreak-style" classname="C:\work\dyrectorio\web\crux-ui\src\pages\api\nodes"><failure message="Expected linebreaks to be &apos;LF&apos; but found &apos;CRLF&apos;."><![CDATA[line 2, col 45, Error - Expected linebreaks to be &apos;LF&apos; but found &apos;CRLF&apos;. (linebreak-style)]]></failure></testcase>
<testcase time="0" name="org.eslint.semi" classname="C:\work\dyrectorio\web\crux-ui\src\pages\api\nodes"><failure message="Missing semicolon."><![CDATA[line 2, col 45, Error - Missing semicolon. (semi)]]></failure></testcase>
<testcase time="0" name="org.eslint.linebreak-style" classname="C:\work\dyrectorio\web\crux-ui\src\pages\api\nodes"><failure message="Expected linebreaks to be &apos;LF&apos; but found &apos;CRLF&apos;."><![CDATA[line 3, col 37, Error - Expected linebreaks to be &apos;LF&apos; but found &apos;CRLF&apos;. (linebreak-style)]]></failure></testcase>
<testcase time="0" name="org.eslint.semi" classname="C:\work\dyrectorio\web\crux-ui\src\pages\api\nodes"><failure message="Missing semicolon."><![CDATA[line 3, col 37, Error - Missing semicolon. (semi)]]></failure></testcase>
<testcase time="0" name="org.eslint.linebreak-style" classname="C:\work\dyrectorio\web\crux-ui\src\pages\api\nodes"><failure message="Expected linebreaks to be &apos;LF&apos; but found &apos;CRLF&apos;."><![CDATA[line 4, col 54, Error - Expected linebreaks to be &apos;LF&apos; but found &apos;CRLF&apos;. (linebreak-style)]]></failure></testcase>
<testcase time="0" name="org.eslint.semi" classname="C:\work\dyrectorio\web\crux-ui\src\pages\api\nodes"><failure message="Missing semicolon."><![CDATA[line 4, col 54, Error - Missing semicolon. (semi)]]></failure></testcase>
<testcase time="0" name="org.eslint.linebreak-style" classname="C:\work\dyrectorio\web\crux-ui\src\pages\api\nodes"><failure message="Expected linebreaks to be &apos;LF&apos; but found &apos;CRLF&apos;."><![CDATA[line 5, col 72, Error - Expected linebreaks to be &apos;LF&apos; but found &apos;CRLF&apos;. (linebreak-style)]]></failure></testcase>
<testcase time="0" name="org.eslint.semi" classname="C:\work\dyrectorio\web\crux-ui\src\pages\api\nodes"><failure message="Missing semicolon."><![CDATA[line 5, col 72, Error - Missing semicolon. (semi)]]></failure></testcase>
<testcase time="0" name="org.eslint.linebreak-style" classname="C:\work\dyrectorio\web\crux-ui\src\pages\api\nodes"><failure message="Expected linebreaks to be &apos;LF&apos; but found &apos;CRLF&apos;."><![CDATA[line 6, col 55, Error - Expected linebreaks to be &apos;LF&apos; but found &apos;CRLF&apos;. (linebreak-style)]]></failure></testcase>
<testcase time="0" name="org.eslint.semi" classname="C:\work\dyrectorio\web\crux-ui\src\pages\api\nodes"><failure message="Missing semicolon."><![CDATA[line 6, col 55, Error - Missing semicolon. (semi)]]></failure></testcase>
<testcase time="0" name="org.eslint.linebreak-style" classname="C:\work\dyrectorio\web\crux-ui\src\pages\api\nodes"><failure message="Expected linebreaks to be &apos;LF&apos; but found &apos;CRLF&apos;."><![CDATA[line 7, col 1, Error - Expected linebreaks to be &apos;LF&apos; but found &apos;CRLF&apos;. (linebreak-style)]]></failure></testcase>
<testcase time="0" name="org.eslint.linebreak-style" classname="C:\work\dyrectorio\web\crux-ui\src\pages\api\nodes"><failure message="Expected linebreaks to be &apos;LF&apos; but found &apos;CRLF&apos;."><![CDATA[line 8, col 69, Error - Expected linebreaks to be &apos;LF&apos; but found &apos;CRLF&apos;. (linebreak-style)]]></failure></testcase>
<testcase time="0" name="org.eslint.linebreak-style" classname="C:\work\dyrectorio\web\crux-ui\src\pages\api\nodes"><failure message="Expected linebreaks to be &apos;LF&apos; but found &apos;CRLF&apos;."><![CDATA[line 9, col 47, Error - Expected linebreaks to be &apos;LF&apos; but found &apos;CRLF&apos;. (linebreak-style)]]></failure></testcase>
<testcase time="0" name="org.eslint.semi" classname="C:\work\dyrectorio\web\crux-ui\src\pages\api\nodes"><failure message="Missing semicolon."><![CDATA[line 9, col 47, Error - Missing semicolon. (semi)]]></failure></testcase>
<testcase time="0" name="org.eslint.linebreak-style" classname="C:\work\dyrectorio\web\crux-ui\src\pages\api\nodes"><failure message="Expected linebreaks to be &apos;LF&apos; but found &apos;CRLF&apos;."><![CDATA[line 10, col 1, Error - Expected linebreaks to be &apos;LF&apos; but found &apos;CRLF&apos;. (linebreak-style)]]></failure></testcase>
<testcase time="0" name="org.eslint.linebreak-style" classname="C:\work\dyrectorio\web\crux-ui\src\pages\api\nodes"><failure message="Expected linebreaks to be &apos;LF&apos; but found &apos;CRLF&apos;."><![CDATA[line 11, col 30, Error - Expected linebreaks to be &apos;LF&apos; but found &apos;CRLF&apos;. (linebreak-style)]]></failure></testcase>
<testcase time="0" name="org.eslint.semi" classname="C:\work\dyrectorio\web\crux-ui\src\pages\api\nodes"><failure message="Missing semicolon."><![CDATA[line 11, col 30, Error - Missing semicolon. (semi)]]></failure></testcase>
<testcase time="0" name="org.eslint.linebreak-style" classname="C:\work\dyrectorio\web\crux-ui\src\pages\api\nodes"><failure message="Expected linebreaks to be &apos;LF&apos; but found &apos;CRLF&apos;."><![CDATA[line 12, col 2, Error - Expected linebreaks to be &apos;LF&apos; but found &apos;CRLF&apos;. (linebreak-style)]]></failure></testcase>
<testcase time="0" name="org.eslint.semi" classname="C:\work\dyrectorio\web\crux-ui\src\pages\api\nodes"><failure message="Missing semicolon."><![CDATA[line 12, col 2, Error - Missing semicolon. (semi)]]></failure></testcase>
<testcase time="0" name="org.eslint.linebreak-style" classname="C:\work\dyrectorio\web\crux-ui\src\pages\api\nodes"><failure message="Expected linebreaks to be &apos;LF&apos; but found &apos;CRLF&apos;."><![CDATA[line 13, col 1, Error - Expected linebreaks to be &apos;LF&apos; but found &apos;CRLF&apos;. (linebreak-style)]]></failure></testcase>
<testcase time="0" name="org.eslint.linebreak-style" classname="C:\work\dyrectorio\web\crux-ui\src\pages\api\nodes"><failure message="Expected linebreaks to be &apos;LF&apos; but found &apos;CRLF&apos;."><![CDATA[line 14, col 70, Error - Expected linebreaks to be &apos;LF&apos; but found &apos;CRLF&apos;. (linebreak-style)]]></failure></testcase>
<testcase time="0" name="org.eslint.linebreak-style" classname="C:\work\dyrectorio\web\crux-ui\src\pages\api\nodes"><failure message="Expected linebreaks to be &apos;LF&apos; but found &apos;CRLF&apos;."><![CDATA[line 15, col 40, Error - Expected linebreaks to be &apos;LF&apos; but found &apos;CRLF&apos;. (linebreak-style)]]></failure></testcase>
<testcase time="0" name="org.eslint.semi" classname="C:\work\dyrectorio\web\crux-ui\src\pages\api\nodes"><failure message="Missing semicolon."><![CDATA[line 15, col 40, Error - Missing semicolon. (semi)]]></failure></testcase>
<testcase time="0" name="org.eslint.linebreak-style" classname="C:\work\dyrectorio\web\crux-ui\src\pages\api\nodes"><failure message="Expected linebreaks to be &apos;LF&apos; but found &apos;CRLF&apos;."><![CDATA[line 16, col 1, Error - Expected linebreaks to be &apos;LF&apos; but found &apos;CRLF&apos;. (linebreak-style)]]></failure></testcase>
<testcase time="0" name="org.eslint.linebreak-style" classname="C:\work\dyrectorio\web\crux-ui\src\pages\api\nodes"><failure message="Expected linebreaks to be &apos;LF&apos; but found &apos;CRLF&apos;."><![CDATA[line 17, col 49, Error - Expected linebreaks to be &apos;LF&apos; but found &apos;CRLF&apos;. (linebreak-style)]]></failure></testcase>
<testcase time="0" name="org.eslint.semi" classname="C:\work\dyrectorio\web\crux-ui\src\pages\api\nodes"><failure message="Missing semicolon."><![CDATA[line 17, col 49, Error - Missing semicolon. (semi)]]></failure></testcase>
<testcase time="0" name="org.eslint.linebreak-style" classname="C:\work\dyrectorio\web\crux-ui\src\pages\api\nodes"><failure message="Expected linebreaks to be &apos;LF&apos; but found &apos;CRLF&apos;."><![CDATA[line 18, col 1, Error - Expected linebreaks to be &apos;LF&apos; but found &apos;CRLF&apos;. (linebreak-style)]]></failure></testcase>
<testcase time="0" name="org.eslint.linebreak-style" classname="C:\work\dyrectorio\web\crux-ui\src\pages\api\nodes"><failure message="Expected linebreaks to be &apos;LF&apos; but found &apos;CRLF&apos;."><![CDATA[line 19, col 29, Error - Expected linebreaks to be &apos;LF&apos; but found &apos;CRLF&apos;. (linebreak-style)]]></failure></testcase>
<testcase time="0" name="org.eslint.semi" classname="C:\work\dyrectorio\web\crux-ui\src\pages\api\nodes"><failure message="Missing semicolon."><![CDATA[line 19, col 29, Error - Missing semicolon. (semi)]]></failure></testcase>
<testcase time="0" name="org.eslint.linebreak-style" classname="C:\work\dyrectorio\web\crux-ui\src\pages\api\nodes"><failure message="Expected linebreaks to be &apos;LF&apos; but found &apos;CRLF&apos;."><![CDATA[line 20, col 2, Error - Expected linebreaks to be &apos;LF&apos; but found &apos;CRLF&apos;. (linebreak-style)]]></failure></testcase>
<testcase time="0" name="org.eslint.semi" classname="C:\work\dyrectorio\web\crux-ui\src\pages\api\nodes"><failure message="Missing semicolon."><![CDATA[line 20, col 2, Error - Missing semicolon. (semi)]]></failure></testcase>
<testcase time="0" name="org.eslint.linebreak-style" classname="C:\work\dyrectorio\web\crux-ui\src\pages\api\nodes"><failure message="Expected linebreaks to be &apos;LF&apos; but found &apos;CRLF&apos;."><![CDATA[line 21, col 1, Error - Expected linebreaks to be &apos;LF&apos; but found &apos;CRLF&apos;. (linebreak-style)]]></failure></testcase>
<testcase time="0" name="org.eslint.linebreak-style" classname="C:\work\dyrectorio\web\crux-ui\src\pages\api\nodes"><failure message="Expected linebreaks to be &apos;LF&apos; but found &apos;CRLF&apos;."><![CDATA[line 22, col 33, Error - Expected linebreaks to be &apos;LF&apos; but found &apos;CRLF&apos;. (linebreak-style)]]></failure></testcase>
<testcase time="0" name="org.eslint.linebreak-style" classname="C:\work\dyrectorio\web\crux-ui\src\pages\api\nodes"><failure message="Expected linebreaks to be &apos;LF&apos; but found &apos;CRLF&apos;."><![CDATA[line 23, col 9, Error - Expected linebreaks to be &apos;LF&apos; but found &apos;CRLF&apos;. (linebreak-style)]]></failure></testcase>
<testcase time="0" name="org.eslint.linebreak-style" classname="C:\work\dyrectorio\web\crux-ui\src\pages\api\nodes"><failure message="Expected linebreaks to be &apos;LF&apos; but found &apos;CRLF&apos;."><![CDATA[line 24, col 12, Error - Expected linebreaks to be &apos;LF&apos; but found &apos;CRLF&apos;. (linebreak-style)]]></failure></testcase>
<testcase time="0" name="org.eslint.linebreak-style" classname="C:\work\dyrectorio\web\crux-ui\src\pages\api\nodes"><failure message="Expected linebreaks to be &apos;LF&apos; but found &apos;CRLF&apos;."><![CDATA[line 25, col 56, Error - Expected linebreaks to be &apos;LF&apos; but found &apos;CRLF&apos;. (linebreak-style)]]></failure></testcase>
<testcase time="0" name="org.eslint.linebreak-style" classname="C:\work\dyrectorio\web\crux-ui\src\pages\api\nodes"><failure message="Expected linebreaks to be &apos;LF&apos; but found &apos;CRLF&apos;."><![CDATA[line 26, col 22, Error - Expected linebreaks to be &apos;LF&apos; but found &apos;CRLF&apos;. (linebreak-style)]]></failure></testcase>
<testcase time="0" name="org.eslint.linebreak-style" classname="C:\work\dyrectorio\web\crux-ui\src\pages\api\nodes"><failure message="Expected linebreaks to be &apos;LF&apos; but found &apos;CRLF&apos;."><![CDATA[line 27, col 5, Error - Expected linebreaks to be &apos;LF&apos; but found &apos;CRLF&apos;. (linebreak-style)]]></failure></testcase>
<testcase time="0" name="org.eslint.linebreak-style" classname="C:\work\dyrectorio\web\crux-ui\src\pages\api\nodes"><failure message="Expected linebreaks to be &apos;LF&apos; but found &apos;CRLF&apos;."><![CDATA[line 28, col 3, Error - Expected linebreaks to be &apos;LF&apos; but found &apos;CRLF&apos;. (linebreak-style)]]></failure></testcase>
<testcase time="0" name="org.eslint.semi" classname="C:\work\dyrectorio\web\crux-ui\src\pages\api\nodes"><failure message="Missing semicolon."><![CDATA[line 28, col 3, Error - Missing semicolon. (semi)]]></failure></testcase>
</testsuite>
<testsuite package="org.eslint" time="0" tests="59" errors="59" name="C:\work\dyrectorio\web\crux-ui\src\pages\api\nodes\[nodeId].ts">
<testcase time="0" name="org.eslint.linebreak-style" classname="C:\work\dyrectorio\web\crux-ui\src\pages\api\nodes\[nodeId]"><failure message="Expected linebreaks to be &apos;LF&apos; but found &apos;CRLF&apos;."><![CDATA[line 1, col 44, Error - Expected linebreaks to be &apos;LF&apos; but found &apos;CRLF&apos;. (linebreak-style)]]></failure></testcase>
<testcase time="0" name="org.eslint.semi" classname="C:\work\dyrectorio\web\crux-ui\src\pages\api\nodes\[nodeId]"><failure message="Missing semicolon."><![CDATA[line 1, col 44, Error - Missing semicolon. (semi)]]></failure></testcase>
<testcase time="0" name="org.eslint.linebreak-style" classname="C:\work\dyrectorio\web\crux-ui\src\pages\api\nodes\[nodeId]"><failure message="Expected linebreaks to be &apos;LF&apos; but found &apos;CRLF&apos;."><![CDATA[line 2, col 45, Error - Expected linebreaks to be &apos;LF&apos; but found &apos;CRLF&apos;. (linebreak-style)]]></failure></testcase>
<testcase time="0" name="org.eslint.semi" classname="C:\work\dyrectorio\web\crux-ui\src\pages\api\nodes\[nodeId]"><failure message="Missing semicolon."><![CDATA[line 2, col 45, Error - Missing semicolon. (semi)]]></failure></testcase>
<testcase time="0" name="org.eslint.linebreak-style" classname="C:\work\dyrectorio\web\crux-ui\src\pages\api\nodes\[nodeId]"><failure message="Expected linebreaks to be &apos;LF&apos; but found &apos;CRLF&apos;."><![CDATA[line 3, col 37, Error - Expected linebreaks to be &apos;LF&apos; but found &apos;CRLF&apos;. (linebreak-style)]]></failure></testcase>
<testcase time="0" name="org.eslint.semi" classname="C:\work\dyrectorio\web\crux-ui\src\pages\api\nodes\[nodeId]"><failure message="Missing semicolon."><![CDATA[line 3, col 37, Error - Missing semicolon. (semi)]]></failure></testcase>
<testcase time="0" name="org.eslint.linebreak-style" classname="C:\work\dyrectorio\web\crux-ui\src\pages\api\nodes\[nodeId]"><failure message="Expected linebreaks to be &apos;LF&apos; but found &apos;CRLF&apos;."><![CDATA[line 4, col 54, Error - Expected linebreaks to be &apos;LF&apos; but found &apos;CRLF&apos;. (linebreak-style)]]></failure></testcase>
<testcase time="0" name="org.eslint.semi" classname="C:\work\dyrectorio\web\crux-ui\src\pages\api\nodes\[nodeId]"><failure message="Missing semicolon."><![CDATA[line 4, col 54, Error - Missing semicolon. (semi)]]></failure></testcase>
<testcase time="0" name="org.eslint.linebreak-style" classname="C:\work\dyrectorio\web\crux-ui\src\pages\api\nodes\[nodeId]"><failure message="Expected linebreaks to be &apos;LF&apos; but found &apos;CRLF&apos;."><![CDATA[line 5, col 72, Error - Expected linebreaks to be &apos;LF&apos; but found &apos;CRLF&apos;. (linebreak-style)]]></failure></testcase>
<testcase time="0" name="org.eslint.semi" classname="C:\work\dyrectorio\web\crux-ui\src\pages\api\nodes\[nodeId]"><failure message="Missing semicolon."><![CDATA[line 5, col 72, Error - Missing semicolon. (semi)]]></failure></testcase>
<testcase time="0" name="org.eslint.linebreak-style" classname="C:\work\dyrectorio\web\crux-ui\src\pages\api\nodes\[nodeId]"><failure message="Expected linebreaks to be &apos;LF&apos; but found &apos;CRLF&apos;."><![CDATA[line 6, col 55, Error - Expected linebreaks to be &apos;LF&apos; but found &apos;CRLF&apos;. (linebreak-style)]]></failure></testcase>
<testcase time="0" name="org.eslint.semi" classname="C:\work\dyrectorio\web\crux-ui\src\pages\api\nodes\[nodeId]"><failure message="Missing semicolon."><![CDATA[line 6, col 55, Error - Missing semicolon. (semi)]]></failure></testcase>
<testcase time="0" name="org.eslint.linebreak-style" classname="C:\work\dyrectorio\web\crux-ui\src\pages\api\nodes\[nodeId]"><failure message="Expected linebreaks to be &apos;LF&apos; but found &apos;CRLF&apos;."><![CDATA[line 7, col 1, Error - Expected linebreaks to be &apos;LF&apos; but found &apos;CRLF&apos;. (linebreak-style)]]></failure></testcase>
<testcase time="0" name="org.eslint.linebreak-style" classname="C:\work\dyrectorio\web\crux-ui\src\pages\api\nodes\[nodeId]"><failure message="Expected linebreaks to be &apos;LF&apos; but found &apos;CRLF&apos;."><![CDATA[line 8, col 69, Error - Expected linebreaks to be &apos;LF&apos; but found &apos;CRLF&apos;. (linebreak-style)]]></failure></testcase>
<testcase time="0" name="org.eslint.linebreak-style" classname="C:\work\dyrectorio\web\crux-ui\src\pages\api\nodes\[nodeId]"><failure message="Expected linebreaks to be &apos;LF&apos; but found &apos;CRLF&apos;."><![CDATA[line 9, col 44, Error - Expected linebreaks to be &apos;LF&apos; but found &apos;CRLF&apos;. (linebreak-style)]]></failure></testcase>
<testcase time="0" name="org.eslint.semi" classname="C:\work\dyrectorio\web\crux-ui\src\pages\api\nodes\[nodeId]"><failure message="Missing semicolon."><![CDATA[line 9, col 44, Error - Missing semicolon. (semi)]]></failure></testcase>
<testcase time="0" name="org.eslint.linebreak-style" classname="C:\work\dyrectorio\web\crux-ui\src\pages\api\nodes\[nodeId]"><failure message="Expected linebreaks to be &apos;LF&apos; but found &apos;CRLF&apos;."><![CDATA[line 10, col 60, Error - Expected linebreaks to be &apos;LF&apos; but found &apos;CRLF&apos;. (linebreak-style)]]></failure></testcase>
<testcase time="0" name="org.eslint.semi" classname="C:\work\dyrectorio\web\crux-ui\src\pages\api\nodes\[nodeId]"><failure message="Missing semicolon."><![CDATA[line 10, col 60, Error - Missing semicolon. (semi)]]></failure></testcase>
<testcase time="0" name="org.eslint.linebreak-style" classname="C:\work\dyrectorio\web\crux-ui\src\pages\api\nodes\[nodeId]"><failure message="Expected linebreaks to be &apos;LF&apos; but found &apos;CRLF&apos;."><![CDATA[line 11, col 1, Error - Expected linebreaks to be &apos;LF&apos; but found &apos;CRLF&apos;. (linebreak-style)]]></failure></testcase>
<testcase time="0" name="org.eslint.linebreak-style" classname="C:\work\dyrectorio\web\crux-ui\src\pages\api\nodes\[nodeId]"><failure message="Expected linebreaks to be &apos;LF&apos; but found &apos;CRLF&apos;."><![CDATA[line 12, col 29, Error - Expected linebreaks to be &apos;LF&apos; but found &apos;CRLF&apos;. (linebreak-style)]]></failure></testcase>
<testcase time="0" name="org.eslint.semi" classname="C:\work\dyrectorio\web\crux-ui\src\pages\api\nodes\[nodeId]"><failure message="Missing semicolon."><![CDATA[line 12, col 29, Error - Missing semicolon. (semi)]]></failure></testcase>
<testcase time="0" name="org.eslint.linebreak-style" classname="C:\work\dyrectorio\web\crux-ui\src\pages\api\nodes\[nodeId]"><failure message="Expected linebreaks to be &apos;LF&apos; but found &apos;CRLF&apos;."><![CDATA[line 13, col 2, Error - Expected linebreaks to be &apos;LF&apos; but found &apos;CRLF&apos;. (linebreak-style)]]></failure></testcase>
<testcase time="0" name="org.eslint.semi" classname="C:\work\dyrectorio\web\crux-ui\src\pages\api\nodes\[nodeId]"><failure message="Missing semicolon."><![CDATA[line 13, col 2, Error - Missing semicolon. (semi)]]></failure></testcase>
<testcase time="0" name="org.eslint.linebreak-style" classname="C:\work\dyrectorio\web\crux-ui\src\pages\api\nodes\[nodeId]"><failure message="Expected linebreaks to be &apos;LF&apos; but found &apos;CRLF&apos;."><![CDATA[line 14, col 1, Error - Expected linebreaks to be &apos;LF&apos; but found &apos;CRLF&apos;. (linebreak-style)]]></failure></testcase>
<testcase time="0" name="org.eslint.linebreak-style" classname="C:\work\dyrectorio\web\crux-ui\src\pages\api\nodes\[nodeId]"><failure message="Expected linebreaks to be &apos;LF&apos; but found &apos;CRLF&apos;."><![CDATA[line 15, col 69, Error - Expected linebreaks to be &apos;LF&apos; but found &apos;CRLF&apos;. (linebreak-style)]]></failure></testcase>
<testcase time="0" name="org.eslint.linebreak-style" classname="C:\work\dyrectorio\web\crux-ui\src\pages\api\nodes\[nodeId]"><failure message="Expected linebreaks to be &apos;LF&apos; but found &apos;CRLF&apos;."><![CDATA[line 16, col 44, Error - Expected linebreaks to be &apos;LF&apos; but found &apos;CRLF&apos;. (linebreak-style)]]></failure></testcase>
<testcase time="0" name="org.eslint.semi" classname="C:\work\dyrectorio\web\crux-ui\src\pages\api\nodes\[nodeId]"><failure message="Missing semicolon."><![CDATA[line 16, col 44, Error - Missing semicolon. (semi)]]></failure></testcase>
<testcase time="0" name="org.eslint.linebreak-style" classname="C:\work\dyrectorio\web\crux-ui\src\pages\api\nodes\[nodeId]"><failure message="Expected linebreaks to be &apos;LF&apos; but found &apos;CRLF&apos;."><![CDATA[line 17, col 40, Error - Expected linebreaks to be &apos;LF&apos; but found &apos;CRLF&apos;. (linebreak-style)]]></failure></testcase>
<testcase time="0" name="org.eslint.semi" classname="C:\work\dyrectorio\web\crux-ui\src\pages\api\nodes\[nodeId]"><failure message="Missing semicolon."><![CDATA[line 17, col 40, Error - Missing semicolon. (semi)]]></failure></testcase>
<testcase time="0" name="org.eslint.linebreak-style" classname="C:\work\dyrectorio\web\crux-ui\src\pages\api\nodes\[nodeId]"><failure message="Expected linebreaks to be &apos;LF&apos; but found &apos;CRLF&apos;."><![CDATA[line 18, col 1, Error - Expected linebreaks to be &apos;LF&apos; but found &apos;CRLF&apos;. (linebreak-style)]]></failure></testcase>
<testcase time="0" name="org.eslint.linebreak-style" classname="C:\work\dyrectorio\web\crux-ui\src\pages\api\nodes\[nodeId]"><failure message="Expected linebreaks to be &apos;LF&apos; but found &apos;CRLF&apos;."><![CDATA[line 19, col 44, Error - Expected linebreaks to be &apos;LF&apos; but found &apos;CRLF&apos;. (linebreak-style)]]></failure></testcase>
<testcase time="0" name="org.eslint.semi" classname="C:\work\dyrectorio\web\crux-ui\src\pages\api\nodes\[nodeId]"><failure message="Missing semicolon."><![CDATA[line 19, col 44, Error - Missing semicolon. (semi)]]></failure></testcase>
<testcase time="0" name="org.eslint.linebreak-style" classname="C:\work\dyrectorio\web\crux-ui\src\pages\api\nodes\[nodeId]"><failure message="Expected linebreaks to be &apos;LF&apos; but found &apos;CRLF&apos;."><![CDATA[line 20, col 1, Error - Expected linebreaks to be &apos;LF&apos; but found &apos;CRLF&apos;. (linebreak-style)]]></failure></testcase>
<testcase time="0" name="org.eslint.linebreak-style" classname="C:\work\dyrectorio\web\crux-ui\src\pages\api\nodes\[nodeId]"><failure message="Expected linebreaks to be &apos;LF&apos; but found &apos;CRLF&apos;."><![CDATA[line 21, col 24, Error - Expected linebreaks to be &apos;LF&apos; but found &apos;CRLF&apos;. (linebreak-style)]]></failure></testcase>
<testcase time="0" name="org.eslint.semi" classname="C:\work\dyrectorio\web\crux-ui\src\pages\api\nodes\[nodeId]"><failure message="Missing semicolon."><![CDATA[line 21, col 24, Error - Missing semicolon. (semi)]]></failure></testcase>
<testcase time="0" name="org.eslint.linebreak-style" classname="C:\work\dyrectorio\web\crux-ui\src\pages\api\nodes\[nodeId]"><failure message="Expected linebreaks to be &apos;LF&apos; but found &apos;CRLF&apos;."><![CDATA[line 22, col 2, Error - Expected linebreaks to be &apos;LF&apos; but found &apos;CRLF&apos;. (linebreak-style)]]></failure></testcase>
<testcase time="0" name="org.eslint.semi" classname="C:\work\dyrectorio\web\crux-ui\src\pages\api\nodes\[nodeId]"><failure message="Missing semicolon."><![CDATA[line 22, col 2, Error - Missing semicolon. (semi)]]></failure></testcase>
<testcase time="0" name="org.eslint.linebreak-style" classname="C:\work\dyrectorio\web\crux-ui\src\pages\api\nodes\[nodeId]"><failure message="Expected linebreaks to be &apos;LF&apos; but found &apos;CRLF&apos;."><![CDATA[line 23, col 1, Error - Expected linebreaks to be &apos;LF&apos; but found &apos;CRLF&apos;. (linebreak-style)]]></failure></testcase>
<testcase time="0" name="org.eslint.linebreak-style" classname="C:\work\dyrectorio\web\crux-ui\src\pages\api\nodes\[nodeId]"><failure message="Expected linebreaks to be &apos;LF&apos; but found &apos;CRLF&apos;."><![CDATA[line 24, col 72, Error - Expected linebreaks to be &apos;LF&apos; but found &apos;CRLF&apos;. (linebreak-style)]]></failure></testcase>
<testcase time="0" name="org.eslint.linebreak-style" classname="C:\work\dyrectorio\web\crux-ui\src\pages\api\nodes\[nodeId]"><failure message="Expected linebreaks to be &apos;LF&apos; but found &apos;CRLF&apos;."><![CDATA[line 25, col 44, Error - Expected linebreaks to be &apos;LF&apos; but found &apos;CRLF&apos;. (linebreak-style)]]></failure></testcase>
<testcase time="0" name="org.eslint.semi" classname="C:\work\dyrectorio\web\crux-ui\src\pages\api\nodes\[nodeId]"><failure message="Missing semicolon."><![CDATA[line 25, col 44, Error - Missing semicolon. (semi)]]></failure></testcase>
<testcase time="0" name="org.eslint.linebreak-style" classname="C:\work\dyrectorio\web\crux-ui\src\pages\api\nodes\[nodeId]"><failure message="Expected linebreaks to be &apos;LF&apos; but found &apos;CRLF&apos;."><![CDATA[line 26, col 1, Error - Expected linebreaks to be &apos;LF&apos; but found &apos;CRLF&apos;. (linebreak-style)]]></failure></testcase>
<testcase time="0" name="org.eslint.linebreak-style" classname="C:\work\dyrectorio\web\crux-ui\src\pages\api\nodes\[nodeId]"><failure message="Expected linebreaks to be &apos;LF&apos; but found &apos;CRLF&apos;."><![CDATA[line 27, col 39, Error - Expected linebreaks to be &apos;LF&apos; but found &apos;CRLF&apos;. (linebreak-style)]]></failure></testcase>
<testcase time="0" name="org.eslint.semi" classname="C:\work\dyrectorio\web\crux-ui\src\pages\api\nodes\[nodeId]"><failure message="Missing semicolon."><![CDATA[line 27, col 39, Error - Missing semicolon. (semi)]]></failure></testcase>
<testcase time="0" name="org.eslint.linebreak-style" classname="C:\work\dyrectorio\web\crux-ui\src\pages\api\nodes\[nodeId]"><failure message="Expected linebreaks to be &apos;LF&apos; but found &apos;CRLF&apos;."><![CDATA[line 28, col 1, Error - Expected linebreaks to be &apos;LF&apos; but found &apos;CRLF&apos;. (linebreak-style)]]></failure></testcase>
<testcase time="0" name="org.eslint.linebreak-style" classname="C:\work\dyrectorio\web\crux-ui\src\pages\api\nodes\[nodeId]"><failure message="Expected linebreaks to be &apos;LF&apos; but found &apos;CRLF&apos;."><![CDATA[line 29, col 24, Error - Expected linebreaks to be &apos;LF&apos; but found &apos;CRLF&apos;. (linebreak-style)]]></failure></testcase>
<testcase time="0" name="org.eslint.semi" classname="C:\work\dyrectorio\web\crux-ui\src\pages\api\nodes\[nodeId]"><failure message="Missing semicolon."><![CDATA[line 29, col 24, Error - Missing semicolon. (semi)]]></failure></testcase>
<testcase time="0" name="org.eslint.linebreak-style" classname="C:\work\dyrectorio\web\crux-ui\src\pages\api\nodes\[nodeId]"><failure message="Expected linebreaks to be &apos;LF&apos; but found &apos;CRLF&apos;."><![CDATA[line 30, col 2, Error - Expected linebreaks to be &apos;LF&apos; but found &apos;CRLF&apos;. (linebreak-style)]]></failure></testcase>
<testcase time="0" name="org.eslint.semi" classname="C:\work\dyrectorio\web\crux-ui\src\pages\api\nodes\[nodeId]"><failure message="Missing semicolon."><![CDATA[line 30, col 2, Error - Missing semicolon. (semi)]]></failure></testcase>
<testcase time="0" name="org.eslint.linebreak-style" classname="C:\work\dyrectorio\web\crux-ui\src\pages\api\nodes\[nodeId]"><failure message="Expected linebreaks to be &apos;LF&apos; but found &apos;CRLF&apos;."><![CDATA[line 31, col 1, Error - Expected linebreaks to be &apos;LF&apos; but found &apos;CRLF&apos;. (linebreak-style)]]></failure></testcase>
<testcase time="0" name="org.eslint.linebreak-style" classname="C:\work\dyrectorio\web\crux-ui\src\pages\api\nodes\[nodeId]"><failure message="Expected linebreaks to be &apos;LF&apos; but found &apos;CRLF&apos;."><![CDATA[line 32, col 33, Error - Expected linebreaks to be &apos;LF&apos; but found &apos;CRLF&apos;. (linebreak-style)]]></failure></testcase>
<testcase time="0" name="org.eslint.linebreak-style" classname="C:\work\dyrectorio\web\crux-ui\src\pages\api\nodes\[nodeId]"><failure message="Expected linebreaks to be &apos;LF&apos; but found &apos;CRLF&apos;."><![CDATA[line 33, col 9, Error - Expected linebreaks to be &apos;LF&apos; but found &apos;CRLF&apos;. (linebreak-style)]]></failure></testcase>
<testcase time="0" name="org.eslint.linebreak-style" classname="C:\work\dyrectorio\web\crux-ui\src\pages\api\nodes\[nodeId]"><failure message="Expected linebreaks to be &apos;LF&apos; but found &apos;CRLF&apos;."><![CDATA[line 34, col 12, Error - Expected linebreaks to be &apos;LF&apos; but found &apos;CRLF&apos;. (linebreak-style)]]></failure></testcase>
<testcase time="0" name="org.eslint.linebreak-style" classname="C:\work\dyrectorio\web\crux-ui\src\pages\api\nodes\[nodeId]"><failure message="Expected linebreaks to be &apos;LF&apos; but found &apos;CRLF&apos;."><![CDATA[line 35, col 11, Error - Expected linebreaks to be &apos;LF&apos; but found &apos;CRLF&apos;. (linebreak-style)]]></failure></testcase>
<testcase time="0" name="org.eslint.linebreak-style" classname="C:\work\dyrectorio\web\crux-ui\src\pages\api\nodes\[nodeId]"><failure message="Expected linebreaks to be &apos;LF&apos; but found &apos;CRLF&apos;."><![CDATA[line 36, col 56, Error - Expected linebreaks to be &apos;LF&apos; but found &apos;CRLF&apos;. (linebreak-style)]]></failure></testcase>
<testcase time="0" name="org.eslint.linebreak-style" classname="C:\work\dyrectorio\web\crux-ui\src\pages\api\nodes\[nodeId]"><failure message="Expected linebreaks to be &apos;LF&apos; but found &apos;CRLF&apos;."><![CDATA[line 37, col 21, Error - Expected linebreaks to be &apos;LF&apos; but found &apos;CRLF&apos;. (linebreak-style)]]></failure></testcase>
<testcase time="0" name="org.eslint.linebreak-style" classname="C:\work\dyrectorio\web\crux-ui\src\pages\api\nodes\[nodeId]"><failure message="Expected linebreaks to be &apos;LF&apos; but found &apos;CRLF&apos;."><![CDATA[line 38, col 5, Error - Expected linebreaks to be &apos;LF&apos; but found &apos;CRLF&apos;. (linebreak-style)]]></failure></testcase>
<testcase time="0" name="org.eslint.linebreak-style" classname="C:\work\dyrectorio\web\crux-ui\src\pages\api\nodes\[nodeId]"><failure message="Expected linebreaks to be &apos;LF&apos; but found &apos;CRLF&apos;."><![CDATA[line 39, col 3, Error - Expected linebreaks to be &apos;LF&apos; but found &apos;CRLF&apos;. (linebreak-style)]]></failure></testcase>
<testcase time="0" name="org.eslint.semi" classname="C:\work\dyrectorio\web\crux-ui\src\pages\api\nodes\[nodeId]"><failure message="Missing semicolon."><![CDATA[line 39, col 3, Error - Missing semicolon. (semi)]]></failure></testcase>
</testsuite>
<testsuite package="org.eslint" time="0" tests="118" errors="118" name="C:\work\dyrectorio\web\crux-ui\src\pages\api\nodes\[nodeId]\connect.ts">
<testcase time="0" name="org.eslint.linebreak-style" classname="C:\work\dyrectorio\web\crux-ui\src\pages\api\nodes\[nodeId]\connect"><failure message="Expected linebreaks to be &apos;LF&apos; but found &apos;CRLF&apos;."><![CDATA[line 1, col 37, Error - Expected linebreaks to be &apos;LF&apos; but found &apos;CRLF&apos;. (linebreak-style)]]></failure></testcase>
<testcase time="0" name="org.eslint.semi" classname="C:\work\dyrectorio\web\crux-ui\src\pages\api\nodes\[nodeId]\connect"><failure message="Missing semicolon."><![CDATA[line 1, col 37, Error - Missing semicolon. (semi)]]></failure></testcase>
<testcase time="0" name="org.eslint.linebreak-style" classname="C:\work\dyrectorio\web\crux-ui\src\pages\api\nodes\[nodeId]\connect"><failure message="Expected linebreaks to be &apos;LF&apos; but found &apos;CRLF&apos;."><![CDATA[line 2, col 9, Error - Expected linebreaks to be &apos;LF&apos; but found &apos;CRLF&apos;. (linebreak-style)]]></failure></testcase>
<testcase time="0" name="org.eslint.linebreak-style" classname="C:\work\dyrectorio\web\crux-ui\src\pages\api\nodes\[nodeId]\connect"><failure message="Expected linebreaks to be &apos;LF&apos; but found &apos;CRLF&apos;."><![CDATA[line 3, col 31, Error - Expected linebreaks to be &apos;LF&apos; but found &apos;CRLF&apos;. (linebreak-style)]]></failure></testcase>
<testcase time="0" name="org.eslint.linebreak-style" classname="C:\work\dyrectorio\web\crux-ui\src\pages\api\nodes\[nodeId]\connect"><failure message="Expected linebreaks to be &apos;LF&apos; but found &apos;CRLF&apos;."><![CDATA[line 4, col 42, Error - Expected linebreaks to be &apos;LF&apos; but found &apos;CRLF&apos;. (linebreak-style)]]></failure></testcase>
<testcase time="0" name="org.eslint.linebreak-style" classname="C:\work\dyrectorio\web\crux-ui\src\pages\api\nodes\[nodeId]\connect"><failure message="Expected linebreaks to be &apos;LF&apos; but found &apos;CRLF&apos;."><![CDATA[line 5, col 34, Error - Expected linebreaks to be &apos;LF&apos; but found &apos;CRLF&apos;. (linebreak-style)]]></failure></testcase>
<testcase time="0" name="org.eslint.linebreak-style" classname="C:\work\dyrectorio\web\crux-ui\src\pages\api\nodes\[nodeId]\connect"><failure message="Expected linebreaks to be &apos;LF&apos; but found &apos;CRLF&apos;."><![CDATA[line 6, col 21, Error - Expected linebreaks to be &apos;LF&apos; but found &apos;CRLF&apos;. (linebreak-style)]]></failure></testcase>
<testcase time="0" name="org.eslint.semi" classname="C:\work\dyrectorio\web\crux-ui\src\pages\api\nodes\[nodeId]\connect"><failure message="Missing semicolon."><![CDATA[line 6, col 21, Error - Missing semicolon. (semi)]]></failure></testcase>
<testcase time="0" name="org.eslint.linebreak-style" classname="C:\work\dyrectorio\web\crux-ui\src\pages\api\nodes\[nodeId]\connect"><failure message="Expected linebreaks to be &apos;LF&apos; but found &apos;CRLF&apos;."><![CDATA[line 7, col 51, Error - Expected linebreaks to be &apos;LF&apos; but found &apos;CRLF&apos;. (linebreak-style)]]></failure></testcase>
<testcase time="0" name="org.eslint.semi" classname="C:\work\dyrectorio\web\crux-ui\src\pages\api\nodes\[nodeId]\connect"><failure message="Missing semicolon."><![CDATA[line 7, col 51, Error - Missing semicolon. (semi)]]></failure></testcase>
<testcase time="0" name="org.eslint.linebreak-style" classname="C:\work\dyrectorio\web\crux-ui\src\pages\api\nodes\[nodeId]\connect"><failure message="Expected linebreaks to be &apos;LF&apos; but found &apos;CRLF&apos;."><![CDATA[line 8, col 66, Error - Expected linebreaks to be &apos;LF&apos; but found &apos;CRLF&apos;. (linebreak-style)]]></failure></testcase>
<testcase time="0" name="org.eslint.semi" classname="C:\work\dyrectorio\web\crux-ui\src\pages\api\nodes\[nodeId]\connect"><failure message="Missing semicolon."><![CDATA[line 8, col 66, Error - Missing semicolon. (semi)]]></failure></testcase>
<testcase time="0" name="org.eslint.linebreak-style" classname="C:\work\dyrectorio\web\crux-ui\src\pages\api\nodes\[nodeId]\connect"><failure message="Expected linebreaks to be &apos;LF&apos; but found &apos;CRLF&apos;."><![CDATA[line 9, col 82, Error - Expected linebreaks to be &apos;LF&apos; but found &apos;CRLF&apos;. (linebreak-style)]]></failure></testcase>
<testcase time="0" name="org.eslint.semi" classname="C:\work\dyrectorio\web\crux-ui\src\pages\api\nodes\[nodeId]\connect"><failure message="Missing semicolon."><![CDATA[line 9, col 82, Error - Missing semicolon. (semi)]]></failure></testcase>
<testcase time="0" name="org.eslint.linebreak-style" classname="C:\work\dyrectorio\web\crux-ui\src\pages\api\nodes\[nodeId]\connect"><failure message="Expected linebreaks to be &apos;LF&apos; but found &apos;CRLF&apos;."><![CDATA[line 10, col 61, Error - Expected linebreaks to be &apos;LF&apos; but found &apos;CRLF&apos;. (linebreak-style)]]></failure></testcase>
<testcase time="0" name="org.eslint.semi" classname="C:\work\dyrectorio\web\crux-ui\src\pages\api\nodes\[nodeId]\connect"><failure message="Missing semicolon."><![CDATA[line 10, col 61, Error - Missing semicolon. (semi)]]></failure></testcase>
<testcase time="0" name="org.eslint.linebreak-style" classname="C:\work\dyrectorio\web\crux-ui\src\pages\api\nodes\[nodeId]\connect"><failure message="Expected linebreaks to be &apos;LF&apos; but found &apos;CRLF&apos;."><![CDATA[line 11, col 69, Error - Expected linebreaks to be &apos;LF&apos; but found &apos;CRLF&apos;. (linebreak-style)]]></failure></testcase>
<testcase time="0" name="org.eslint.semi" classname="C:\work\dyrectorio\web\crux-ui\src\pages\api\nodes\[nodeId]\connect"><failure message="Missing semicolon."><![CDATA[line 11, col 69, Error - Missing semicolon. (semi)]]></failure></testcase>
<testcase time="0" name="org.eslint.linebreak-style" classname="C:\work\dyrectorio\web\crux-ui\src\pages\api\nodes\[nodeId]\connect"><failure message="Expected linebreaks to be &apos;LF&apos; but found &apos;CRLF&apos;."><![CDATA[line 12, col 81, Error - Expected linebreaks to be &apos;LF&apos; but found &apos;CRLF&apos;. (linebreak-style)]]></failure></testcase>
<testcase time="0" name="org.eslint.semi" classname="C:\work\dyrectorio\web\crux-ui\src\pages\api\nodes\[nodeId]\connect"><failure message="Missing semicolon."><![CDATA[line 12, col 81, Error - Missing semicolon. (semi)]]></failure></testcase>
<testcase time="0" name="org.eslint.linebreak-style" classname="C:\work\dyrectorio\web\crux-ui\src\pages\api\nodes\[nodeId]\connect"><failure message="Expected linebreaks to be &apos;LF&apos; but found &apos;CRLF&apos;."><![CDATA[line 13, col 38, Error - Expected linebreaks to be &apos;LF&apos; but found &apos;CRLF&apos;. (linebreak-style)]]></failure></testcase>
<testcase time="0" name="org.eslint.semi" classname="C:\work\dyrectorio\web\crux-ui\src\pages\api\nodes\[nodeId]\connect"><failure message="Missing semicolon."><![CDATA[line 13, col 38, Error - Missing semicolon. (semi)]]></failure></testcase>
<testcase time="0" name="org.eslint.linebreak-style" classname="C:\work\dyrectorio\web\crux-ui\src\pages\api\nodes\[nodeId]\connect"><failure message="Expected linebreaks to be &apos;LF&apos; but found &apos;CRLF&apos;."><![CDATA[line 14, col 1, Error - Expected linebreaks to be &apos;LF&apos; but found &apos;CRLF&apos;. (linebreak-style)]]></failure></testcase>
<testcase time="0" name="org.eslint.linebreak-style" classname="C:\work\dyrectorio\web\crux-ui\src\pages\api\nodes\[nodeId]\connect"><failure message="Expected linebreaks to be &apos;LF&apos; but found &apos;CRLF&apos;."><![CDATA[line 15, col 45, Error - Expected linebreaks to be &apos;LF&apos; but found &apos;CRLF&apos;. (linebreak-style)]]></failure></testcase>
<testcase time="0" name="org.eslint.semi" classname="C:\work\dyrectorio\web\crux-ui\src\pages\api\nodes\[nodeId]\connect"><failure message="Missing semicolon."><![CDATA[line 15, col 45, Error - Missing semicolon. (semi)]]></failure></testcase>
<testcase time="0" name="org.eslint.linebreak-style" classname="C:\work\dyrectorio\web\crux-ui\src\pages\api\nodes\[nodeId]\connect"><failure message="Expected linebreaks to be &apos;LF&apos; but found &apos;CRLF&apos;."><![CDATA[line 16, col 1, Error - Expected linebreaks to be &apos;LF&apos; but found &apos;CRLF&apos;. (linebreak-style)]]></failure></testcase>
<testcase time="0" name="org.eslint.linebreak-style" classname="C:\work\dyrectorio\web\crux-ui\src\pages\api\nodes\[nodeId]\connect"><failure message="Expected linebreaks to be &apos;LF&apos; but found &apos;CRLF&apos;."><![CDATA[line 17, col 78, Error - Expected linebreaks to be &apos;LF&apos; but found &apos;CRLF&apos;. (linebreak-style)]]></failure></testcase>
<testcase time="0" name="org.eslint.semi" classname="C:\work\dyrectorio\web\crux-ui\src\pages\api\nodes\[nodeId]\connect"><failure message="Missing semicolon."><![CDATA[line 17, col 78, Error - Missing semicolon. (semi)]]></failure></testcase>
<testcase time="0" name="org.eslint.linebreak-style" classname="C:\work\dyrectorio\web\crux-ui\src\pages\api\nodes\[nodeId]\connect"><failure message="Expected linebreaks to be &apos;LF&apos; but found &apos;CRLF&apos;."><![CDATA[line 18, col 1, Error - Expected linebreaks to be &apos;LF&apos; but found &apos;CRLF&apos;. (linebreak-style)]]></failure></testcase>
<testcase time="0" name="org.eslint.linebreak-style" classname="C:\work\dyrectorio\web\crux-ui\src\pages\api\nodes\[nodeId]\connect"><failure message="Expected linebreaks to be &apos;LF&apos; but found &apos;CRLF&apos;."><![CDATA[line 19, col 93, Error - Expected linebreaks to be &apos;LF&apos; but found &apos;CRLF&apos;. (linebreak-style)]]></failure></testcase>
<testcase time="0" name="org.eslint.linebreak-style" classname="C:\work\dyrectorio\web\crux-ui\src\pages\api\nodes\[nodeId]\connect"><failure message="Expected linebreaks to be &apos;LF&apos; but found &apos;CRLF&apos;."><![CDATA[line 20, col 49, Error - Expected linebreaks to be &apos;LF&apos; but found &apos;CRLF&apos;. (linebreak-style)]]></failure></testcase>
<testcase time="0" name="org.eslint.semi" classname="C:\work\dyrectorio\web\crux-ui\src\pages\api\nodes\[nodeId]\connect"><failure message="Missing semicolon."><![CDATA[line 20, col 49, Error - Missing semicolon. (semi)]]></failure></testcase>
<testcase time="0" name="org.eslint.linebreak-style" classname="C:\work\dyrectorio\web\crux-ui\src\pages\api\nodes\[nodeId]\connect"><failure message="Expected linebreaks to be &apos;LF&apos; but found &apos;CRLF&apos;."><![CDATA[line 21, col 1, Error - Expected linebreaks to be &apos;LF&apos; but found &apos;CRLF&apos;. (linebreak-style)]]></failure></testcase>
<testcase time="0" name="org.eslint.linebreak-style" classname="C:\work\dyrectorio\web\crux-ui\src\pages\api\nodes\[nodeId]\connect"><failure message="Expected linebreaks to be &apos;LF&apos; but found &apos;CRLF&apos;."><![CDATA[line 22, col 8, Error - Expected linebreaks to be &apos;LF&apos; but found &apos;CRLF&apos;. (linebreak-style)]]></failure></testcase>
<testcase time="0" name="org.eslint.linebreak-style" classname="C:\work\dyrectorio\web\crux-ui\src\pages\api\nodes\[nodeId]\connect"><failure message="Expected linebreaks to be &apos;LF&apos; but found &apos;CRLF&apos;."><![CDATA[line 23, col 49, Error - Expected linebreaks to be &apos;LF&apos; but found &apos;CRLF&apos;. (linebreak-style)]]></failure></testcase>
<testcase time="0" name="org.eslint.semi" classname="C:\work\dyrectorio\web\crux-ui\src\pages\api\nodes\[nodeId]\connect"><failure message="Missing semicolon."><![CDATA[line 23, col 49, Error - Missing semicolon. (semi)]]></failure></testcase>
<testcase time="0" name="org.eslint.linebreak-style" classname="C:\work\dyrectorio\web\crux-ui\src\pages\api\nodes\[nodeId]\connect"><failure message="Expected linebreaks to be &apos;LF&apos; but found &apos;CRLF&apos;."><![CDATA[line 24, col 16, Error - Expected linebreaks to be &apos;LF&apos; but found &apos;CRLF&apos;. (linebreak-style)]]></failure></testcase>
<testcase time="0" name="org.eslint.semi" classname="C:\work\dyrectorio\web\crux-ui\src\pages\api\nodes\[nodeId]\connect"><failure message="Missing semicolon."><![CDATA[line 24, col 16, Error - Missing semicolon. (semi)]]></failure></testcase>
<testcase time="0" name="org.eslint.linebreak-style" classname="C:\work\dyrectorio\web\crux-ui\src\pages\api\nodes\[nodeId]\connect"><failure message="Expected linebreaks to be &apos;LF&apos; but found &apos;CRLF&apos;."><![CDATA[line 25, col 12, Error - Expected linebreaks to be &apos;LF&apos; but found &apos;CRLF&apos;. (linebreak-style)]]></failure></testcase>
<testcase time="0" name="org.eslint.linebreak-style" classname="C:\work\dyrectorio\web\crux-ui\src\pages\api\nodes\[nodeId]\connect"><failure message="Expected linebreaks to be &apos;LF&apos; but found &apos;CRLF&apos;."><![CDATA[line 26, col 17, Error - Expected linebreaks to be &apos;LF&apos; but found &apos;CRLF&apos;. (linebreak-style)]]></failure></testcase>
<testcase time="0" name="org.eslint.semi" classname="C:\work\dyrectorio\web\crux-ui\src\pages\api\nodes\[nodeId]\connect"><failure message="Missing semicolon."><![CDATA[line 26, col 17, Error - Missing semicolon. (semi)]]></failure></testcase>
<testcase time="0" name="org.eslint.linebreak-style" classname="C:\work\dyrectorio\web\crux-ui\src\pages\api\nodes\[nodeId]\connect"><failure message="Expected linebreaks to be &apos;LF&apos; but found &apos;CRLF&apos;."><![CDATA[line 27, col 4, Error - Expected linebreaks to be &apos;LF&apos; but found &apos;CRLF&apos;. (linebreak-style)]]></failure></testcase>
<testcase time="0" name="org.eslint.linebreak-style" classname="C:\work\dyrectorio\web\crux-ui\src\pages\api\nodes\[nodeId]\connect"><failure message="Expected linebreaks to be &apos;LF&apos; but found &apos;CRLF&apos;."><![CDATA[line 28, col 2, Error - Expected linebreaks to be &apos;LF&apos; but found &apos;CRLF&apos;. (linebreak-style)]]></failure></testcase>
<testcase time="0" name="org.eslint.semi" classname="C:\work\dyrectorio\web\crux-ui\src\pages\api\nodes\[nodeId]\connect"><failure message="Missing semicolon."><![CDATA[line 28, col 2, Error - Missing semicolon. (semi)]]></failure></testcase>
<testcase time="0" name="org.eslint.linebreak-style" classname="C:\work\dyrectorio\web\crux-ui\src\pages\api\nodes\[nodeId]\connect"><failure message="Expected linebreaks to be &apos;LF&apos; but found &apos;CRLF&apos;."><![CDATA[line 29, col 1, Error - Expected linebreaks to be &apos;LF&apos; but found &apos;CRLF&apos;. (linebreak-style)]]></failure></testcase>
<testcase time="0" name="org.eslint.linebreak-style" classname="C:\work\dyrectorio\web\crux-ui\src\pages\api\nodes\[nodeId]\connect"><failure message="Expected linebreaks to be &apos;LF&apos; but found &apos;CRLF&apos;."><![CDATA[line 30, col 46, Error - Expected linebreaks to be &apos;LF&apos; but found &apos;CRLF&apos;. (linebreak-style)]]></failure></testcase>
<testcase time="0" name="org.eslint.linebreak-style" classname="C:\work\dyrectorio\web\crux-ui\src\pages\api\nodes\[nodeId]\connect"><failure message="Expected linebreaks to be &apos;LF&apos; but found &apos;CRLF&apos;."><![CDATA[line 31, col 49, Error - Expected linebreaks to be &apos;LF&apos; but found &apos;CRLF&apos;. (linebreak-style)]]></failure></testcase>
<testcase time="0" name="org.eslint.semi" classname="C:\work\dyrectorio\web\crux-ui\src\pages\api\nodes\[nodeId]\connect"><failure message="Missing semicolon."><![CDATA[line 31, col 49, Error - Missing semicolon. (semi)]]></failure></testcase>
<testcase time="0" name="org.eslint.linebreak-style" classname="C:\work\dyrectorio\web\crux-ui\src\pages\api\nodes\[nodeId]\connect"><failure message="Expected linebreaks to be &apos;LF&apos; but found &apos;CRLF&apos;."><![CDATA[line 32, col 1, Error - Expected linebreaks to be &apos;LF&apos; but found &apos;CRLF&apos;. (linebreak-style)]]></failure></testcase>
<testcase time="0" name="org.eslint.linebreak-style" classname="C:\work\dyrectorio\web\crux-ui\src\pages\api\nodes\[nodeId]\connect"><failure message="Expected linebreaks to be &apos;LF&apos; but found &apos;CRLF&apos;."><![CDATA[line 33, col 47, Error - Expected linebreaks to be &apos;LF&apos; but found &apos;CRLF&apos;. (linebreak-style)]]></failure></testcase>
<testcase time="0" name="org.eslint.semi" classname="C:\work\dyrectorio\web\crux-ui\src\pages\api\nodes\[nodeId]\connect"><failure message="Missing semicolon."><![CDATA[line 33, col 47, Error - Missing semicolon. (semi)]]></failure></testcase>
<testcase time="0" name="org.eslint.linebreak-style" classname="C:\work\dyrectorio\web\crux-ui\src\pages\api\nodes\[nodeId]\connect"><failure message="Expected linebreaks to be &apos;LF&apos; but found &apos;CRLF&apos;."><![CDATA[line 34, col 19, Error - Expected linebreaks to be &apos;LF&apos; but found &apos;CRLF&apos;. (linebreak-style)]]></failure></testcase>
<testcase time="0" name="org.eslint.linebreak-style" classname="C:\work\dyrectorio\web\crux-ui\src\pages\api\nodes\[nodeId]\connect"><failure message="Expected linebreaks to be &apos;LF&apos; but found &apos;CRLF&apos;."><![CDATA[line 35, col 75, Error - Expected linebreaks to be &apos;LF&apos; but found &apos;CRLF&apos;. (linebreak-style)]]></failure></testcase>
<testcase time="0" name="org.eslint.semi" classname="C:\work\dyrectorio\web\crux-ui\src\pages\api\nodes\[nodeId]\connect"><failure message="Missing semicolon."><![CDATA[line 35, col 75, Error - Missing semicolon. (semi)]]></failure></testcase>
<testcase time="0" name="org.eslint.linebreak-style" classname="C:\work\dyrectorio\web\crux-ui\src\pages\api\nodes\[nodeId]\connect"><failure message="Expected linebreaks to be &apos;LF&apos; but found &apos;CRLF&apos;."><![CDATA[line 36, col 4, Error - Expected linebreaks to be &apos;LF&apos; but found &apos;CRLF&apos;. (linebreak-style)]]></failure></testcase>
<testcase time="0" name="org.eslint.linebreak-style" classname="C:\work\dyrectorio\web\crux-ui\src\pages\api\nodes\[nodeId]\connect"><failure message="Expected linebreaks to be &apos;LF&apos; but found &apos;CRLF&apos;."><![CDATA[line 37, col 2, Error - Expected linebreaks to be &apos;LF&apos; but found &apos;CRLF&apos;. (linebreak-style)]]></failure></testcase>
<testcase time="0" name="org.eslint.semi" classname="C:\work\dyrectorio\web\crux-ui\src\pages\api\nodes\[nodeId]\connect"><failure message="Missing semicolon."><![CDATA[line 37, col 2, Error - Missing semicolon. (semi)]]></failure></testcase>
<testcase time="0" name="org.eslint.linebreak-style" classname="C:\work\dyrectorio\web\crux-ui\src\pages\api\nodes\[nodeId]\connect"><failure message="Expected linebreaks to be &apos;LF&apos; but found &apos;CRLF&apos;."><![CDATA[line 38, col 1, Error - Expected linebreaks to be &apos;LF&apos; but found &apos;CRLF&apos;. (linebreak-style)]]></failure></testcase>
<testcase time="0" name="org.eslint.linebreak-style" classname="C:\work\dyrectorio\web\crux-ui\src\pages\api\nodes\[nodeId]\connect"><failure message="Expected linebreaks to be &apos;LF&apos; but found &apos;CRLF&apos;."><![CDATA[line 39, col 75, Error - Expected linebreaks to be &apos;LF&apos; but found &apos;CRLF&apos;. (linebreak-style)]]></failure></testcase>
<testcase time="0" name="org.eslint.linebreak-style" classname="C:\work\dyrectorio\web\crux-ui\src\pages\api\nodes\[nodeId]\connect"><failure message="Expected linebreaks to be &apos;LF&apos; but found &apos;CRLF&apos;."><![CDATA[line 40, col 49, Error - Expected linebreaks to be &apos;LF&apos; but found &apos;CRLF&apos;. (linebreak-style)]]></failure></testcase>
<testcase time="0" name="org.eslint.semi" classname="C:\work\dyrectorio\web\crux-ui\src\pages\api\nodes\[nodeId]\connect"><failure message="Missing semicolon."><![CDATA[line 40, col 49, Error - Missing semicolon. (semi)]]></failure></testcase>
<testcase time="0" name="org.eslint.linebreak-style" classname="C:\work\dyrectorio\web\crux-ui\src\pages\api\nodes\[nodeId]\connect"><failure message="Expected linebreaks to be &apos;LF&apos; but found &apos;CRLF&apos;."><![CDATA[line 41, col 1, Error - Expected linebreaks to be &apos;LF&apos; but found &apos;CRLF&apos;. (linebreak-style)]]></failure></testcase>
<testcase time="0" name="org.eslint.linebreak-style" classname="C:\work\dyrectorio\web\crux-ui\src\pages\api\nodes\[nodeId]\connect"><failure message="Expected linebreaks to be &apos;LF&apos; but found &apos;CRLF&apos;."><![CDATA[line 42, col 47, Error - Expected linebreaks to be &apos;LF&apos; but found &apos;CRLF&apos;. (linebreak-style)]]></failure></testcase>
<testcase time="0" name="org.eslint.semi" classname="C:\work\dyrectorio\web\crux-ui\src\pages\api\nodes\[nodeId]\connect"><failure message="Missing semicolon."><![CDATA[line 42, col 47, Error - Missing semicolon. (semi)]]></failure></testcase>
<testcase time="0" name="org.eslint.linebreak-style" classname="C:\work\dyrectorio\web\crux-ui\src\pages\api\nodes\[nodeId]\connect"><failure message="Expected linebreaks to be &apos;LF&apos; but found &apos;CRLF&apos;."><![CDATA[line 43, col 19, Error - Expected linebreaks to be &apos;LF&apos; but found &apos;CRLF&apos;. (linebreak-style)]]></failure></testcase>
<testcase time="0" name="org.eslint.linebreak-style" classname="C:\work\dyrectorio\web\crux-ui\src\pages\api\nodes\[nodeId]\connect"><failure message="Expected linebreaks to be &apos;LF&apos; but found &apos;CRLF&apos;."><![CDATA[line 44, col 11, Error - Expected linebreaks to be &apos;LF&apos; but found &apos;CRLF&apos;. (linebreak-style)]]></failure></testcase>
<testcase time="0" name="org.eslint.semi" classname="C:\work\dyrectorio\web\crux-ui\src\pages\api\nodes\[nodeId]\connect"><failure message="Missing semicolon."><![CDATA[line 44, col 11, Error - Missing semicolon. (semi)]]></failure></testcase>
<testcase time="0" name="org.eslint.linebreak-style" classname="C:\work\dyrectorio\web\crux-ui\src\pages\api\nodes\[nodeId]\connect"><failure message="Expected linebreaks to be &apos;LF&apos; but found &apos;CRLF&apos;."><![CDATA[line 45, col 4, Error - Expected linebreaks to be &apos;LF&apos; but found &apos;CRLF&apos;. (linebreak-style)]]></failure></testcase>
<testcase time="0" name="org.eslint.linebreak-style" classname="C:\work\dyrectorio\web\crux-ui\src\pages\api\nodes\[nodeId]\connect"><failure message="Expected linebreaks to be &apos;LF&apos; but found &apos;CRLF&apos;."><![CDATA[line 46, col 1, Error - Expected linebreaks to be &apos;LF&apos; but found &apos;CRLF&apos;. (linebreak-style)]]></failure></testcase>
<testcase time="0" name="org.eslint.linebreak-style" classname="C:\work\dyrectorio\web\crux-ui\src\pages\api\nodes\[nodeId]\connect"><failure message="Expected linebreaks to be &apos;LF&apos; but found &apos;CRLF&apos;."><![CDATA[line 47, col 47, Error - Expected linebreaks to be &apos;LF&apos; but found &apos;CRLF&apos;. (linebreak-style)]]></failure></testcase>
<testcase time="0" name="org.eslint.semi" classname="C:\work\dyrectorio\web\crux-ui\src\pages\api\nodes\[nodeId]\connect"><failure message="Missing semicolon."><![CDATA[line 47, col 47, Error - Missing semicolon. (semi)]]></failure></testcase>
<testcase time="0" name="org.eslint.linebreak-style" classname="C:\work\dyrectorio\web\crux-ui\src\pages\api\nodes\[nodeId]\connect"><failure message="Expected linebreaks to be &apos;LF&apos; but found &apos;CRLF&apos;."><![CDATA[line 48, col 2, Error - Expected linebreaks to be &apos;LF&apos; but found &apos;CRLF&apos;. (linebreak-style)]]></failure></testcase>
<testcase time="0" name="org.eslint.semi" classname="C:\work\dyrectorio\web\crux-ui\src\pages\api\nodes\[nodeId]\connect"><failure message="Missing semicolon."><![CDATA[line 48, col 2, Error - Missing semicolon. (semi)]]></failure></testcase>
<testcase time="0" name="org.eslint.linebreak-style" classname="C:\work\dyrectorio\web\crux-ui\src\pages\api\nodes\[nodeId]\connect"><failure message="Expected linebreaks to be &apos;LF&apos; but found &apos;CRLF&apos;."><![CDATA[line 49, col 1, Error - Expected linebreaks to be &apos;LF&apos; but found &apos;CRLF&apos;. (linebreak-style)]]></failure></testcase>
<testcase time="0" name="org.eslint.linebreak-style" classname="C:\work\dyrectorio\web\crux-ui\src\pages\api\nodes\[nodeId]\connect"><failure message="Expected linebreaks to be &apos;LF&apos; but found &apos;CRLF&apos;."><![CDATA[line 50, col 39, Error - Expected linebreaks to be &apos;LF&apos; but found &apos;CRLF&apos;. (linebreak-style)]]></failure></testcase>
<testcase time="0" name="org.eslint.linebreak-style" classname="C:\work\dyrectorio\web\crux-ui\src\pages\api\nodes\[nodeId]\connect"><failure message="Expected linebreaks to be &apos;LF&apos; but found &apos;CRLF&apos;."><![CDATA[line 51, col 24, Error - Expected linebreaks to be &apos;LF&apos; but found &apos;CRLF&apos;. (linebreak-style)]]></failure></testcase>
<testcase time="0" name="org.eslint.linebreak-style" classname="C:\work\dyrectorio\web\crux-ui\src\pages\api\nodes\[nodeId]\connect"><failure message="Expected linebreaks to be &apos;LF&apos; but found &apos;CRLF&apos;."><![CDATA[line 52, col 28, Error - Expected linebreaks to be &apos;LF&apos; but found &apos;CRLF&apos;. (linebreak-style)]]></failure></testcase>
<testcase time="0" name="org.eslint.linebreak-style" classname="C:\work\dyrectorio\web\crux-ui\src\pages\api\nodes\[nodeId]\connect"><failure message="Expected linebreaks to be &apos;LF&apos; but found &apos;CRLF&apos;."><![CDATA[line 53, col 51, Error - Expected linebreaks to be &apos;LF&apos; but found &apos;CRLF&apos;. (linebreak-style)]]></failure></testcase>
<testcase time="0" name="org.eslint.linebreak-style" classname="C:\work\dyrectorio\web\crux-ui\src\pages\api\nodes\[nodeId]\connect"><failure message="Expected linebreaks to be &apos;LF&apos; but found &apos;CRLF&apos;."><![CDATA[line 54, col 7, Error - Expected linebreaks to be &apos;LF&apos; but found &apos;CRLF&apos;. (linebreak-style)]]></failure></testcase>
<testcase time="0" name="org.eslint.linebreak-style" classname="C:\work\dyrectorio\web\crux-ui\src\pages\api\nodes\[nodeId]\connect"><failure message="Expected linebreaks to be &apos;LF&apos; but found &apos;CRLF&apos;."><![CDATA[line 55, col 49, Error - Expected linebreaks to be &apos;LF&apos; but found &apos;CRLF&apos;. (linebreak-style)]]></failure></testcase>
<testcase time="0" name="org.eslint.semi" classname="C:\work\dyrectorio\web\crux-ui\src\pages\api\nodes\[nodeId]\connect"><failure message="Missing semicolon."><![CDATA[line 55, col 49, Error - Missing semicolon. (semi)]]></failure></testcase>
<testcase time="0" name="org.eslint.linebreak-style" classname="C:\work\dyrectorio\web\crux-ui\src\pages\api\nodes\[nodeId]\connect"><failure message="Expected linebreaks to be &apos;LF&apos; but found &apos;CRLF&apos;."><![CDATA[line 56, col 47, Error - Expected linebreaks to be &apos;LF&apos; but found &apos;CRLF&apos;. (linebreak-style)]]></failure></testcase>
<testcase time="0" name="org.eslint.semi" classname="C:\work\dyrectorio\web\crux-ui\src\pages\api\nodes\[nodeId]\connect"><failure message="Missing semicolon."><![CDATA[line 56, col 47, Error - Missing semicolon. (semi)]]></failure></testcase>
<testcase time="0" name="org.eslint.linebreak-style" classname="C:\work\dyrectorio\web\crux-ui\src\pages\api\nodes\[nodeId]\connect"><failure message="Expected linebreaks to be &apos;LF&apos; but found &apos;CRLF&apos;."><![CDATA[line 57, col 1, Error - Expected linebreaks to be &apos;LF&apos; but found &apos;CRLF&apos;. (linebreak-style)]]></failure></testcase>
<testcase time="0" name="org.eslint.linebreak-style" classname="C:\work\dyrectorio\web\crux-ui\src\pages\api\nodes\[nodeId]\connect"><failure message="Expected linebreaks to be &apos;LF&apos; but found &apos;CRLF&apos;."><![CDATA[line 58, col 105, Error - Expected linebreaks to be &apos;LF&apos; but found &apos;CRLF&apos;. (linebreak-style)]]></failure></testcase>
<testcase time="0" name="org.eslint.semi" classname="C:\work\dyrectorio\web\crux-ui\src\pages\api\nodes\[nodeId]\connect"><failure message="Missing semicolon."><![CDATA[line 58, col 105, Error - Missing semicolon. (semi)]]></failure></testcase>
<testcase time="0" name="org.eslint.linebreak-style" classname="C:\work\dyrectorio\web\crux-ui\src\pages\api\nodes\[nodeId]\connect"><failure message="Expected linebreaks to be &apos;LF&apos; but found &apos;CRLF&apos;."><![CDATA[line 59, col 2, Error - Expected linebreaks to be &apos;LF&apos; but found &apos;CRLF&apos;. (linebreak-style)]]></failure></testcase>
<testcase time="0" name="org.eslint.semi" classname="C:\work\dyrectorio\web\crux-ui\src\pages\api\nodes\[nodeId]\connect"><failure message="Missing semicolon."><![CDATA[line 59, col 2, Error - Missing semicolon. (semi)]]></failure></testcase>
<testcase time="0" name="org.eslint.linebreak-style" classname="C:\work\dyrectorio\web\crux-ui\src\pages\api\nodes\[nodeId]\connect"><failure message="Expected linebreaks to be &apos;LF&apos; but found &apos;CRLF&apos;."><![CDATA[line 60, col 1, Error - Expected linebreaks to be &apos;LF&apos; but found &apos;CRLF&apos;. (linebreak-style)]]></failure></testcase>
<testcase time="0" name="org.eslint.linebreak-style" classname="C:\work\dyrectorio\web\crux-ui\src\pages\api\nodes\[nodeId]\connect"><failure message="Expected linebreaks to be &apos;LF&apos; but found &apos;CRLF&apos;."><![CDATA[line 61, col 46, Error - Expected linebreaks to be &apos;LF&apos; but found &apos;CRLF&apos;. (linebreak-style)]]></failure></testcase>
<testcase time="0" name="org.eslint.linebreak-style" classname="C:\work\dyrectorio\web\crux-ui\src\pages\api\nodes\[nodeId]\connect"><failure message="Expected linebreaks to be &apos;LF&apos; but found &apos;CRLF&apos;."><![CDATA[line 62, col 24, Error - Expected linebreaks to be &apos;LF&apos; but found &apos;CRLF&apos;. (linebreak-style)]]></failure></testcase>
<testcase time="0" name="org.eslint.linebreak-style" classname="C:\work\dyrectorio\web\crux-ui\src\pages\api\nodes\[nodeId]\connect"><failure message="Expected linebreaks to be &apos;LF&apos; but found &apos;CRLF&apos;."><![CDATA[line 63, col 28, Error - Expected linebreaks to be &apos;LF&apos; but found &apos;CRLF&apos;. (linebreak-style)]]></failure></testcase>
<testcase time="0" name="org.eslint.linebreak-style" classname="C:\work\dyrectorio\web\crux-ui\src\pages\api\nodes\[nodeId]\connect"><failure message="Expected linebreaks to be &apos;LF&apos; but found &apos;CRLF&apos;."><![CDATA[line 64, col 51, Error - Expected linebreaks to be &apos;LF&apos; but found &apos;CRLF&apos;. (linebreak-style)]]></failure></testcase>
<testcase time="0" name="org.eslint.linebreak-style" classname="C:\work\dyrectorio\web\crux-ui\src\pages\api\nodes\[nodeId]\connect"><failure message="Expected linebreaks to be &apos;LF&apos; but found &apos;CRLF&apos;."><![CDATA[line 65, col 7, Error - Expected linebreaks to be &apos;LF&apos; but found &apos;CRLF&apos;. (linebreak-style)]]></failure></testcase>
<testcase time="0" name="org.eslint.linebreak-style" classname="C:\work\dyrectorio\web\crux-ui\src\pages\api\nodes\[nodeId]\connect"><failure message="Expected linebreaks to be &apos;LF&apos; but found &apos;CRLF&apos;."><![CDATA[line 66, col 49, Error - Expected linebreaks to be &apos;LF&apos; but found &apos;CRLF&apos;. (linebreak-style)]]></failure></testcase>
<testcase time="0" name="org.eslint.semi" classname="C:\work\dyrectorio\web\crux-ui\src\pages\api\nodes\[nodeId]\connect"><failure message="Missing semicolon."><![CDATA[line 66, col 49, Error - Missing semicolon. (semi)]]></failure></testcase>
<testcase time="0" name="org.eslint.linebreak-style" classname="C:\work\dyrectorio\web\crux-ui\src\pages\api\nodes\[nodeId]\connect"><failure message="Expected linebreaks to be &apos;LF&apos; but found &apos;CRLF&apos;."><![CDATA[line 67, col 47, Error - Expected linebreaks to be &apos;LF&apos; but found &apos;CRLF&apos;. (linebreak-style)]]></failure></testcase>
<testcase time="0" name="org.eslint.semi" classname="C:\work\dyrectorio\web\crux-ui\src\pages\api\nodes\[nodeId]\connect"><failure message="Missing semicolon."><![CDATA[line 67, col 47, Error - Missing semicolon. (semi)]]></failure></testcase>
<testcase time="0" name="org.eslint.linebreak-style" classname="C:\work\dyrectorio\web\crux-ui\src\pages\api\nodes\[nodeId]\connect"><failure message="Expected linebreaks to be &apos;LF&apos; but found &apos;CRLF&apos;."><![CDATA[line 68, col 1, Error - Expected linebreaks to be &apos;LF&apos; but found &apos;CRLF&apos;. (linebreak-style)]]></failure></testcase>
<testcase time="0" name="org.eslint.linebreak-style" classname="C:\work\dyrectorio\web\crux-ui\src\pages\api\nodes\[nodeId]\connect"><failure message="Expected linebreaks to be &apos;LF&apos; but found &apos;CRLF&apos;."><![CDATA[line 69, col 66, Error - Expected linebreaks to be &apos;LF&apos; but found &apos;CRLF&apos;. (linebreak-style)]]></failure></testcase>
<testcase time="0" name="org.eslint.semi" classname="C:\work\dyrectorio\web\crux-ui\src\pages\api\nodes\[nodeId]\connect"><failure message="Missing semicolon."><![CDATA[line 69, col 66, Error - Missing semicolon. (semi)]]></failure></testcase>
<testcase time="0" name="org.eslint.linebreak-style" classname="C:\work\dyrectorio\web\crux-ui\src\pages\api\nodes\[nodeId]\connect"><failure message="Expected linebreaks to be &apos;LF&apos; but found &apos;CRLF&apos;."><![CDATA[line 70, col 2, Error - Expected linebreaks to be &apos;LF&apos; but found &apos;CRLF&apos;. (linebreak-style)]]></failure></testcase>
<testcase time="0" name="org.eslint.semi" classname="C:\work\dyrectorio\web\crux-ui\src\pages\api\nodes\[nodeId]\connect"><failure message="Missing semicolon."><![CDATA[line 70, col 2, Error - Missing semicolon. (semi)]]></failure></testcase>
<testcase time="0" name="org.eslint.linebreak-style" classname="C:\work\dyrectorio\web\crux-ui\src\pages\api\nodes\[nodeId]\connect"><failure message="Expected linebreaks to be &apos;LF&apos; but found &apos;CRLF&apos;."><![CDATA[line 71, col 1, Error - Expected linebreaks to be &apos;LF&apos; but found &apos;CRLF&apos;. (linebreak-style)]]></failure></testcase>
<testcase time="0" name="org.eslint.linebreak-style" classname="C:\work\dyrectorio\web\crux-ui\src\pages\api\nodes\[nodeId]\connect"><failure message="Expected linebreaks to be &apos;LF&apos; but found &apos;CRLF&apos;."><![CDATA[line 72, col 40, Error - Expected linebreaks to be &apos;LF&apos; but found &apos;CRLF&apos;. (linebreak-style)]]></failure></testcase>
<testcase time="0" name="org.eslint.linebreak-style" classname="C:\work\dyrectorio\web\crux-ui\src\pages\api\nodes\[nodeId]\connect"><failure message="Expected linebreaks to be &apos;LF&apos; but found &apos;CRLF&apos;."><![CDATA[line 73, col 10, Error - Expected linebreaks to be &apos;LF&apos; but found &apos;CRLF&apos;. (linebreak-style)]]></failure></testcase>
<testcase time="0" name="org.eslint.linebreak-style" classname="C:\work\dyrectorio\web\crux-ui\src\pages\api\nodes\[nodeId]\connect"><failure message="Expected linebreaks to be &apos;LF&apos; but found &apos;CRLF&apos;."><![CDATA[line 74, col 4, Error - Expected linebreaks to be &apos;LF&apos; but found &apos;CRLF&apos;. (linebreak-style)]]></failure></testcase>
<testcase time="0" name="org.eslint.linebreak-style" classname="C:\work\dyrectorio\web\crux-ui\src\pages\api\nodes\[nodeId]\connect"><failure message="Expected linebreaks to be &apos;LF&apos; but found &apos;CRLF&apos;."><![CDATA[line 75, col 62, Error - Expected linebreaks to be &apos;LF&apos; but found &apos;CRLF&apos;. (linebreak-style)]]></failure></testcase>
<testcase time="0" name="org.eslint.linebreak-style" classname="C:\work\dyrectorio\web\crux-ui\src\pages\api\nodes\[nodeId]\connect"><failure message="Expected linebreaks to be &apos;LF&apos; but found &apos;CRLF&apos;."><![CDATA[line 76, col 77, Error - Expected linebreaks to be &apos;LF&apos; but found &apos;CRLF&apos;. (linebreak-style)]]></failure></testcase>
<testcase time="0" name="org.eslint.linebreak-style" classname="C:\work\dyrectorio\web\crux-ui\src\pages\api\nodes\[nodeId]\connect"><failure message="Expected linebreaks to be &apos;LF&apos; but found &apos;CRLF&apos;."><![CDATA[line 77, col 5, Error - Expected linebreaks to be &apos;LF&apos; but found &apos;CRLF&apos;. (linebreak-style)]]></failure></testcase>
<testcase time="0" name="org.eslint.linebreak-style" classname="C:\work\dyrectorio\web\crux-ui\src\pages\api\nodes\[nodeId]\connect"><failure message="Expected linebreaks to be &apos;LF&apos; but found &apos;CRLF&apos;."><![CDATA[line 78, col 33, Error - Expected linebreaks to be &apos;LF&apos; but found &apos;CRLF&apos;. (linebreak-style)]]></failure></testcase>
<testcase time="0" name="org.eslint.linebreak-style" classname="C:\work\dyrectorio\web\crux-ui\src\pages\api\nodes\[nodeId]\connect"><failure message="Expected linebreaks to be &apos;LF&apos; but found &apos;CRLF&apos;."><![CDATA[line 79, col 4, Error - Expected linebreaks to be &apos;LF&apos; but found &apos;CRLF&apos;. (linebreak-style)]]></failure></testcase>
<testcase time="0" name="org.eslint.linebreak-style" classname="C:\work\dyrectorio\web\crux-ui\src\pages\api\nodes\[nodeId]\connect"><failure message="Expected linebreaks to be &apos;LF&apos; but found &apos;CRLF&apos;."><![CDATA[line 80, col 17, Error - Expected linebreaks to be &apos;LF&apos; but found &apos;CRLF&apos;. (linebreak-style)]]></failure></testcase>
<testcase time="0" name="org.eslint.linebreak-style" classname="C:\work\dyrectorio\web\crux-ui\src\pages\api\nodes\[nodeId]\connect"><failure message="Expected linebreaks to be &apos;LF&apos; but found &apos;CRLF&apos;."><![CDATA[line 81, col 15, Error - Expected linebreaks to be &apos;LF&apos; but found &apos;CRLF&apos;. (linebreak-style)]]></failure></testcase>
<testcase time="0" name="org.eslint.linebreak-style" classname="C:\work\dyrectorio\web\crux-ui\src\pages\api\nodes\[nodeId]\connect"><failure message="Expected linebreaks to be &apos;LF&apos; but found &apos;CRLF&apos;."><![CDATA[line 82, col 18, Error - Expected linebreaks to be &apos;LF&apos; but found &apos;CRLF&apos;. (linebreak-style)]]></failure></testcase>
<testcase time="0" name="org.eslint.linebreak-style" classname="C:\work\dyrectorio\web\crux-ui\src\pages\api\nodes\[nodeId]\connect"><failure message="Expected linebreaks to be &apos;LF&apos; but found &apos;CRLF&apos;."><![CDATA[line 83, col 5, Error - Expected linebreaks to be &apos;LF&apos; but found &apos;CRLF&apos;. (linebreak-style)]]></failure></testcase>
<testcase time="0" name="org.eslint.linebreak-style" classname="C:\work\dyrectorio\web\crux-ui\src\pages\api\nodes\[nodeId]\connect"><failure message="Expected linebreaks to be &apos;LF&apos; but found &apos;CRLF&apos;."><![CDATA[line 84, col 2, Error - Expected linebreaks to be &apos;LF&apos; but found &apos;CRLF&apos;. (linebreak-style)]]></failure></testcase>
<testcase time="0" name="org.eslint.semi" classname="C:\work\dyrectorio\web\crux-ui\src\pages\api\nodes\[nodeId]\connect"><failure message="Missing semicolon."><![CDATA[line 84, col 2, Error - Missing semicolon. (semi)]]></failure></testcase>
</testsuite>
<testsuite package="org.eslint" time="0" tests="39" errors="39" name="C:\work\dyrectorio\web\crux-ui\src\pages\api\nodes\[nodeId]\script.ts">
<testcase time="0" name="org.eslint.linebreak-style" classname="C:\work\dyrectorio\web\crux-ui\src\pages\api\nodes\[nodeId]\script"><failure message="Expected linebreaks to be &apos;LF&apos; but found &apos;CRLF&apos;."><![CDATA[line 1, col 41, Error - Expected linebreaks to be &apos;LF&apos; but found &apos;CRLF&apos;. (linebreak-style)]]></failure></testcase>
<testcase time="0" name="org.eslint.semi" classname="C:\work\dyrectorio\web\crux-ui\src\pages\api\nodes\[nodeId]\script"><failure message="Missing semicolon."><![CDATA[line 1, col 41, Error - Missing semicolon. (semi)]]></failure></testcase>
<testcase time="0" name="org.eslint.linebreak-style" classname="C:\work\dyrectorio\web\crux-ui\src\pages\api\nodes\[nodeId]\script"><failure message="Expected linebreaks to be &apos;LF&apos; but found &apos;CRLF&apos;."><![CDATA[line 2, col 62, Error - Expected linebreaks to be &apos;LF&apos; but found &apos;CRLF&apos;. (linebreak-style)]]></failure></testcase>
<testcase time="0" name="org.eslint.semi" classname="C:\work\dyrectorio\web\crux-ui\src\pages\api\nodes\[nodeId]\script"><failure message="Missing semicolon."><![CDATA[line 2, col 62, Error - Missing semicolon. (semi)]]></failure></testcase>
<testcase time="0" name="org.eslint.linebreak-style" classname="C:\work\dyrectorio\web\crux-ui\src\pages\api\nodes\[nodeId]\script"><failure message="Expected linebreaks to be &apos;LF&apos; but found &apos;CRLF&apos;."><![CDATA[line 3, col 54, Error - Expected linebreaks to be &apos;LF&apos; but found &apos;CRLF&apos;. (linebreak-style)]]></failure></testcase>
<testcase time="0" name="org.eslint.semi" classname="C:\work\dyrectorio\web\crux-ui\src\pages\api\nodes\[nodeId]\script"><failure message="Missing semicolon."><![CDATA[line 3, col 54, Error - Missing semicolon. (semi)]]></failure></testcase>
<testcase time="0" name="org.eslint.linebreak-style" classname="C:\work\dyrectorio\web\crux-ui\src\pages\api\nodes\[nodeId]\script"><failure message="Expected linebreaks to be &apos;LF&apos; but found &apos;CRLF&apos;."><![CDATA[line 4, col 55, Error - Expected linebreaks to be &apos;LF&apos; but found &apos;CRLF&apos;. (linebreak-style)]]></failure></testcase>
<testcase time="0" name="org.eslint.semi" classname="C:\work\dyrectorio\web\crux-ui\src\pages\api\nodes\[nodeId]\script"><failure message="Missing semicolon."><![CDATA[line 4, col 55, Error - Missing semicolon. (semi)]]></failure></testcase>
<testcase time="0" name="org.eslint.linebreak-style" classname="C:\work\dyrectorio\web\crux-ui\src\pages\api\nodes\[nodeId]\script"><failure message="Expected linebreaks to be &apos;LF&apos; but found &apos;CRLF&apos;."><![CDATA[line 5, col 34, Error - Expected linebreaks to be &apos;LF&apos; but found &apos;CRLF&apos;. (linebreak-style)]]></failure></testcase>
<testcase time="0" name="org.eslint.semi" classname="C:\work\dyrectorio\web\crux-ui\src\pages\api\nodes\[nodeId]\script"><failure message="Missing semicolon."><![CDATA[line 5, col 34, Error - Missing semicolon. (semi)]]></failure></testcase>
<testcase time="0" name="org.eslint.linebreak-style" classname="C:\work\dyrectorio\web\crux-ui\src\pages\api\nodes\[nodeId]\script"><failure message="Expected linebreaks to be &apos;LF&apos; but found &apos;CRLF&apos;."><![CDATA[line 6, col 1, Error - Expected linebreaks to be &apos;LF&apos; but found &apos;CRLF&apos;. (linebreak-style)]]></failure></testcase>
<testcase time="0" name="org.eslint.linebreak-style" classname="C:\work\dyrectorio\web\crux-ui\src\pages\api\nodes\[nodeId]\script"><failure message="Expected linebreaks to be &apos;LF&apos; but found &apos;CRLF&apos;."><![CDATA[line 7, col 69, Error - Expected linebreaks to be &apos;LF&apos; but found &apos;CRLF&apos;. (linebreak-style)]]></failure></testcase>
<testcase time="0" name="org.eslint.linebreak-style" classname="C:\work\dyrectorio\web\crux-ui\src\pages\api\nodes\[nodeId]\script"><failure message="Expected linebreaks to be &apos;LF&apos; but found &apos;CRLF&apos;."><![CDATA[line 8, col 44, Error - Expected linebreaks to be &apos;LF&apos; but found &apos;CRLF&apos;. (linebreak-style)]]></failure></testcase>
<testcase time="0" name="org.eslint.semi" classname="C:\work\dyrectorio\web\crux-ui\src\pages\api\nodes\[nodeId]\script"><failure message="Missing semicolon."><![CDATA[line 8, col 44, Error - Missing semicolon. (semi)]]></failure></testcase>
<testcase time="0" name="org.eslint.linebreak-style" classname="C:\work\dyrectorio\web\crux-ui\src\pages\api\nodes\[nodeId]\script"><failure message="Expected linebreaks to be &apos;LF&apos; but found &apos;CRLF&apos;."><![CDATA[line 9, col 1, Error - Expected linebreaks to be &apos;LF&apos; but found &apos;CRLF&apos;. (linebreak-style)]]></failure></testcase>
<testcase time="0" name="org.eslint.linebreak-style" classname="C:\work\dyrectorio\web\crux-ui\src\pages\api\nodes\[nodeId]\script"><failure message="Expected linebreaks to be &apos;LF&apos; but found &apos;CRLF&apos;."><![CDATA[line 10, col 68, Error - Expected linebreaks to be &apos;LF&apos; but found &apos;CRLF&apos;. (linebreak-style)]]></failure></testcase>
<testcase time="0" name="org.eslint.semi" classname="C:\work\dyrectorio\web\crux-ui\src\pages\api\nodes\[nodeId]\script"><failure message="Missing semicolon."><![CDATA[line 10, col 68, Error - Missing semicolon. (semi)]]></failure></testcase>
<testcase time="0" name="org.eslint.linebreak-style" classname="C:\work\dyrectorio\web\crux-ui\src\pages\api\nodes\[nodeId]\script"><failure message="Expected linebreaks to be &apos;LF&apos; but found &apos;CRLF&apos;."><![CDATA[line 11, col 1, Error - Expected linebreaks to be &apos;LF&apos; but found &apos;CRLF&apos;. (linebreak-style)]]></failure></testcase>
<testcase time="0" name="org.eslint.linebreak-style" classname="C:\work\dyrectorio\web\crux-ui\src\pages\api\nodes\[nodeId]\script"><failure message="Expected linebreaks to be &apos;LF&apos; but found &apos;CRLF&apos;."><![CDATA[line 12, col 23, Error - Expected linebreaks to be &apos;LF&apos; but found &apos;CRLF&apos;. (linebreak-style)]]></failure></testcase>
<testcase time="0" name="org.eslint.linebreak-style" classname="C:\work\dyrectorio\web\crux-ui\src\pages\api\nodes\[nodeId]\script"><failure message="Expected linebreaks to be &apos;LF&apos; but found &apos;CRLF&apos;."><![CDATA[line 13, col 34, Error - Expected linebreaks to be &apos;LF&apos; but found &apos;CRLF&apos;. (linebreak-style)]]></failure></testcase>
<testcase time="0" name="org.eslint.linebreak-style" classname="C:\work\dyrectorio\web\crux-ui\src\pages\api\nodes\[nodeId]\script"><failure message="Expected linebreaks to be &apos;LF&apos; but found &apos;CRLF&apos;."><![CDATA[line 14, col 42, Error - Expected linebreaks to be &apos;LF&apos; but found &apos;CRLF&apos;. (linebreak-style)]]></failure></testcase>
<testcase time="0" name="org.eslint.linebreak-style" classname="C:\work\dyrectorio\web\crux-ui\src\pages\api\nodes\[nodeId]\script"><failure message="Expected linebreaks to be &apos;LF&apos; but found &apos;CRLF&apos;."><![CDATA[line 15, col 5, Error - Expected linebreaks to be &apos;LF&apos; but found &apos;CRLF&apos;. (linebreak-style)]]></failure></testcase>
<testcase time="0" name="org.eslint.semi" classname="C:\work\dyrectorio\web\crux-ui\src\pages\api\nodes\[nodeId]\script"><failure message="Missing semicolon."><![CDATA[line 15, col 5, Error - Missing semicolon. (semi)]]></failure></testcase>
<testcase time="0" name="org.eslint.linebreak-style" classname="C:\work\dyrectorio\web\crux-ui\src\pages\api\nodes\[nodeId]\script"><failure message="Expected linebreaks to be &apos;LF&apos; but found &apos;CRLF&apos;."><![CDATA[line 16, col 1, Error - Expected linebreaks to be &apos;LF&apos; but found &apos;CRLF&apos;. (linebreak-style)]]></failure></testcase>
<testcase time="0" name="org.eslint.linebreak-style" classname="C:\work\dyrectorio\web\crux-ui\src\pages\api\nodes\[nodeId]\script"><failure message="Expected linebreaks to be &apos;LF&apos; but found &apos;CRLF&apos;."><![CDATA[line 17, col 46, Error - Expected linebreaks to be &apos;LF&apos; but found &apos;CRLF&apos;. (linebreak-style)]]></failure></testcase>
<testcase time="0" name="org.eslint.semi" classname="C:\work\dyrectorio\web\crux-ui\src\pages\api\nodes\[nodeId]\script"><failure message="Missing semicolon."><![CDATA[line 17, col 46, Error - Missing semicolon. (semi)]]></failure></testcase>
<testcase time="0" name="org.eslint.linebreak-style" classname="C:\work\dyrectorio\web\crux-ui\src\pages\api\nodes\[nodeId]\script"><failure message="Expected linebreaks to be &apos;LF&apos; but found &apos;CRLF&apos;."><![CDATA[line 18, col 21, Error - Expected linebreaks to be &apos;LF&apos; but found &apos;CRLF&apos;. (linebreak-style)]]></failure></testcase>
<testcase time="0" name="org.eslint.semi" classname="C:\work\dyrectorio\web\crux-ui\src\pages\api\nodes\[nodeId]\script"><failure message="Missing semicolon."><![CDATA[line 18, col 21, Error - Missing semicolon. (semi)]]></failure></testcase>
<testcase time="0" name="org.eslint.linebreak-style" classname="C:\work\dyrectorio\web\crux-ui\src\pages\api\nodes\[nodeId]\script"><failure message="Expected linebreaks to be &apos;LF&apos; but found &apos;CRLF&apos;."><![CDATA[line 19, col 2, Error - Expected linebreaks to be &apos;LF&apos; but found &apos;CRLF&apos;. (linebreak-style)]]></failure></testcase>
<testcase time="0" name="org.eslint.semi" classname="C:\work\dyrectorio\web\crux-ui\src\pages\api\nodes\[nodeId]\script"><failure message="Missing semicolon."><![CDATA[line 19, col 2, Error - Missing semicolon. (semi)]]></failure></testcase>
<testcase time="0" name="org.eslint.linebreak-style" classname="C:\work\dyrectorio\web\crux-ui\src\pages\api\nodes\[nodeId]\script"><failure message="Expected linebreaks to be &apos;LF&apos; but found &apos;CRLF&apos;."><![CDATA[line 20, col 1, Error - Expected linebreaks to be &apos;LF&apos; but found &apos;CRLF&apos;. (linebreak-style)]]></failure></testcase>
<testcase time="0" name="org.eslint.linebreak-style" classname="C:\work\dyrectorio\web\crux-ui\src\pages\api\nodes\[nodeId]\script"><failure message="Expected linebreaks to be &apos;LF&apos; but found &apos;CRLF&apos;."><![CDATA[line 21, col 32, Error - Expected linebreaks to be &apos;LF&apos; but found &apos;CRLF&apos;. (linebreak-style)]]></failure></testcase>
<testcase time="0" name="org.eslint.linebreak-style" classname="C:\work\dyrectorio\web\crux-ui\src\pages\api\nodes\[nodeId]\script"><failure message="Expected linebreaks to be &apos;LF&apos; but found &apos;CRLF&apos;."><![CDATA[line 22, col 4, Error - Expected linebreaks to be &apos;LF&apos; but found &apos;CRLF&apos;. (linebreak-style)]]></failure></testcase>
<testcase time="0" name="org.eslint.linebreak-style" classname="C:\work\dyrectorio\web\crux-ui\src\pages\api\nodes\[nodeId]\script"><failure message="Expected linebreaks to be &apos;LF&apos; but found &apos;CRLF&apos;."><![CDATA[line 23, col 11, Error - Expected linebreaks to be &apos;LF&apos; but found &apos;CRLF&apos;. (linebreak-style)]]></failure></testcase>
<testcase time="0" name="org.eslint.linebreak-style" classname="C:\work\dyrectorio\web\crux-ui\src\pages\api\nodes\[nodeId]\script"><failure message="Expected linebreaks to be &apos;LF&apos; but found &apos;CRLF&apos;."><![CDATA[line 24, col 5, Error - Expected linebreaks to be &apos;LF&apos; but found &apos;CRLF&apos;. (linebreak-style)]]></failure></testcase>
<testcase time="0" name="org.eslint.linebreak-style" classname="C:\work\dyrectorio\web\crux-ui\src\pages\api\nodes\[nodeId]\script"><failure message="Expected linebreaks to be &apos;LF&apos; but found &apos;CRLF&apos;."><![CDATA[line 25, col 24, Error - Expected linebreaks to be &apos;LF&apos; but found &apos;CRLF&apos;. (linebreak-style)]]></failure></testcase>
<testcase time="0" name="org.eslint.linebreak-style" classname="C:\work\dyrectorio\web\crux-ui\src\pages\api\nodes\[nodeId]\script"><failure message="Expected linebreaks to be &apos;LF&apos; but found &apos;CRLF&apos;."><![CDATA[line 26, col 9, Error - Expected linebreaks to be &apos;LF&apos; but found &apos;CRLF&apos;. (linebreak-style)]]></failure></testcase>
<testcase time="0" name="org.eslint.linebreak-style" classname="C:\work\dyrectorio\web\crux-ui\src\pages\api\nodes\[nodeId]\script"><failure message="Expected linebreaks to be &apos;LF&apos; but found &apos;CRLF&apos;."><![CDATA[line 27, col 2, Error - Expected linebreaks to be &apos;LF&apos; but found &apos;CRLF&apos;. (linebreak-style)]]></failure></testcase>
<testcase time="0" name="org.eslint.semi" classname="C:\work\dyrectorio\web\crux-ui\src\pages\api\nodes\[nodeId]\script"><failure message="Missing semicolon."><![CDATA[line 27, col 2, Error - Missing semicolon. (semi)]]></failure></testcase>
</testsuite>
<testsuite package="org.eslint" time="0" tests="48" errors="48" name="C:\work\dyrectorio\web\crux-ui\src\pages\api\nodes\[nodeId]\setup.ts">
<testcase time="0" name="org.eslint.linebreak-style" classname="C:\work\dyrectorio\web\crux-ui\src\pages\api\nodes\[nodeId]\setup"><failure message="Expected linebreaks to be &apos;LF&apos; but found &apos;CRLF&apos;."><![CDATA[line 1, col 39, Error - Expected linebreaks to be &apos;LF&apos; but found &apos;CRLF&apos;. (linebreak-style)]]></failure></testcase>
<testcase time="0" name="org.eslint.semi" classname="C:\work\dyrectorio\web\crux-ui\src\pages\api\nodes\[nodeId]\setup"><failure message="Missing semicolon."><![CDATA[line 1, col 39, Error - Missing semicolon. (semi)]]></failure></testcase>
<testcase time="0" name="org.eslint.linebreak-style" classname="C:\work\dyrectorio\web\crux-ui\src\pages\api\nodes\[nodeId]\setup"><failure message="Expected linebreaks to be &apos;LF&apos; but found &apos;CRLF&apos;."><![CDATA[line 2, col 43, Error - Expected linebreaks to be &apos;LF&apos; but found &apos;CRLF&apos;. (linebreak-style)]]></failure></testcase>
<testcase time="0" name="org.eslint.semi" classname="C:\work\dyrectorio\web\crux-ui\src\pages\api\nodes\[nodeId]\setup"><failure message="Missing semicolon."><![CDATA[line 2, col 43, Error - Missing semicolon. (semi)]]></failure></testcase>
<testcase time="0" name="org.eslint.linebreak-style" classname="C:\work\dyrectorio\web\crux-ui\src\pages\api\nodes\[nodeId]\setup"><failure message="Expected linebreaks to be &apos;LF&apos; but found &apos;CRLF&apos;."><![CDATA[line 3, col 37, Error - Expected linebreaks to be &apos;LF&apos; but found &apos;CRLF&apos;. (linebreak-style)]]></failure></testcase>
<testcase time="0" name="org.eslint.semi" classname="C:\work\dyrectorio\web\crux-ui\src\pages\api\nodes\[nodeId]\setup"><failure message="Missing semicolon."><![CDATA[line 3, col 37, Error - Missing semicolon. (semi)]]></failure></testcase>
<testcase time="0" name="org.eslint.linebreak-style" classname="C:\work\dyrectorio\web\crux-ui\src\pages\api\nodes\[nodeId]\setup"><failure message="Expected linebreaks to be &apos;LF&apos; but found &apos;CRLF&apos;."><![CDATA[line 4, col 61, Error - Expected linebreaks to be &apos;LF&apos; but found &apos;CRLF&apos;. (linebreak-style)]]></failure></testcase>
<testcase time="0" name="org.eslint.semi" classname="C:\work\dyrectorio\web\crux-ui\src\pages\api\nodes\[nodeId]\setup"><failure message="Missing semicolon."><![CDATA[line 4, col 61, Error - Missing semicolon. (semi)]]></failure></testcase>
<testcase time="0" name="org.eslint.linebreak-style" classname="C:\work\dyrectorio\web\crux-ui\src\pages\api\nodes\[nodeId]\setup"><failure message="Expected linebreaks to be &apos;LF&apos; but found &apos;CRLF&apos;."><![CDATA[line 5, col 54, Error - Expected linebreaks to be &apos;LF&apos; but found &apos;CRLF&apos;. (linebreak-style)]]></failure></testcase>
<testcase time="0" name="org.eslint.semi" classname="C:\work\dyrectorio\web\crux-ui\src\pages\api\nodes\[nodeId]\setup"><failure message="Missing semicolon."><![CDATA[line 5, col 54, Error - Missing semicolon. (semi)]]></failure></testcase>
<testcase time="0" name="org.eslint.linebreak-style" classname="C:\work\dyrectorio\web\crux-ui\src\pages\api\nodes\[nodeId]\setup"><failure message="Expected linebreaks to be &apos;LF&apos; but found &apos;CRLF&apos;."><![CDATA[line 6, col 72, Error - Expected linebreaks to be &apos;LF&apos; but found &apos;CRLF&apos;. (linebreak-style)]]></failure></testcase>
<testcase time="0" name="org.eslint.semi" classname="C:\work\dyrectorio\web\crux-ui\src\pages\api\nodes\[nodeId]\setup"><failure message="Missing semicolon."><![CDATA[line 6, col 72, Error - Missing semicolon. (semi)]]></failure></testcase>
<testcase time="0" name="org.eslint.linebreak-style" classname="C:\work\dyrectorio\web\crux-ui\src\pages\api\nodes\[nodeId]\setup"><failure message="Expected linebreaks to be &apos;LF&apos; but found &apos;CRLF&apos;."><![CDATA[line 7, col 55, Error - Expected linebreaks to be &apos;LF&apos; but found &apos;CRLF&apos;. (linebreak-style)]]></failure></testcase>
<testcase time="0" name="org.eslint.semi" classname="C:\work\dyrectorio\web\crux-ui\src\pages\api\nodes\[nodeId]\setup"><failure message="Missing semicolon."><![CDATA[line 7, col 55, Error - Missing semicolon. (semi)]]></failure></testcase>
<testcase time="0" name="org.eslint.linebreak-style" classname="C:\work\dyrectorio\web\crux-ui\src\pages\api\nodes\[nodeId]\setup"><failure message="Expected linebreaks to be &apos;LF&apos; but found &apos;CRLF&apos;."><![CDATA[line 8, col 1, Error - Expected linebreaks to be &apos;LF&apos; but found &apos;CRLF&apos;. (linebreak-style)]]></failure></testcase>
<testcase time="0" name="org.eslint.linebreak-style" classname="C:\work\dyrectorio\web\crux-ui\src\pages\api\nodes\[nodeId]\setup"><failure message="Expected linebreaks to be &apos;LF&apos; but found &apos;CRLF&apos;."><![CDATA[line 9, col 70, Error - Expected linebreaks to be &apos;LF&apos; but found &apos;CRLF&apos;. (linebreak-style)]]></failure></testcase>
<testcase time="0" name="org.eslint.linebreak-style" classname="C:\work\dyrectorio\web\crux-ui\src\pages\api\nodes\[nodeId]\setup"><failure message="Expected linebreaks to be &apos;LF&apos; but found &apos;CRLF&apos;."><![CDATA[line 10, col 44, Error - Expected linebreaks to be &apos;LF&apos; but found &apos;CRLF&apos;. (linebreak-style)]]></failure></testcase>
<testcase time="0" name="org.eslint.semi" classname="C:\work\dyrectorio\web\crux-ui\src\pages\api\nodes\[nodeId]\setup"><failure message="Missing semicolon."><![CDATA[line 10, col 44, Error - Missing semicolon. (semi)]]></failure></testcase>
<testcase time="0" name="org.eslint.no-shadow" classname="C:\work\dyrectorio\web\crux-ui\src\pages\api\nodes\[nodeId]\setup"><failure message="&apos;nodeType&apos; is already declared in the upper scope on line 2 column 10."><![CDATA[line 11, col 9, Error - &apos;nodeType&apos; is already declared in the upper scope on line 2 column 10. (no-shadow)]]></failure></testcase>
<testcase time="0" name="org.eslint.linebreak-style" classname="C:\work\dyrectorio\web\crux-ui\src\pages\api\nodes\[nodeId]\setup"><failure message="Expected linebreaks to be &apos;LF&apos; but found &apos;CRLF&apos;."><![CDATA[line 11, col 45, Error - Expected linebreaks to be &apos;LF&apos; but found &apos;CRLF&apos;. (linebreak-style)]]></failure></testcase>
<testcase time="0" name="org.eslint.semi" classname="C:\work\dyrectorio\web\crux-ui\src\pages\api\nodes\[nodeId]\setup"><failure message="Missing semicolon."><![CDATA[line 11, col 45, Error - Missing semicolon. (semi)]]></failure></testcase>
<testcase time="0" name="org.eslint.linebreak-style" classname="C:\work\dyrectorio\web\crux-ui\src\pages\api\nodes\[nodeId]\setup"><failure message="Expected linebreaks to be &apos;LF&apos; but found &apos;CRLF&apos;."><![CDATA[line 12, col 1, Error - Expected linebreaks to be &apos;LF&apos; but found &apos;CRLF&apos;. (linebreak-style)]]></failure></testcase>
<testcase time="0" name="org.eslint.linebreak-style" classname="C:\work\dyrectorio\web\crux-ui\src\pages\api\nodes\[nodeId]\setup"><failure message="Expected linebreaks to be &apos;LF&apos; but found &apos;CRLF&apos;."><![CDATA[line 13, col 87, Error - Expected linebreaks to be &apos;LF&apos; but found &apos;CRLF&apos;. (linebreak-style)]]></failure></testcase>
<testcase time="0" name="org.eslint.semi" classname="C:\work\dyrectorio\web\crux-ui\src\pages\api\nodes\[nodeId]\setup"><failure message="Missing semicolon."><![CDATA[line 13, col 87, Error - Missing semicolon. (semi)]]></failure></testcase>
<testcase time="0" name="org.eslint.linebreak-style" classname="C:\work\dyrectorio\web\crux-ui\src\pages\api\nodes\[nodeId]\setup"><failure message="Expected linebreaks to be &apos;LF&apos; but found &apos;CRLF&apos;."><![CDATA[line 14, col 16, Error - Expected linebreaks to be &apos;LF&apos; but found &apos;CRLF&apos;. (linebreak-style)]]></failure></testcase>
<testcase time="0" name="org.eslint.semi" classname="C:\work\dyrectorio\web\crux-ui\src\pages\api\nodes\[nodeId]\setup"><failure message="Missing semicolon."><![CDATA[line 14, col 16, Error - Missing semicolon. (semi)]]></failure></testcase>
<testcase time="0" name="org.eslint.linebreak-style" classname="C:\work\dyrectorio\web\crux-ui\src\pages\api\nodes\[nodeId]\setup"><failure message="Expected linebreaks to be &apos;LF&apos; but found &apos;CRLF&apos;."><![CDATA[line 15, col 2, Error - Expected linebreaks to be &apos;LF&apos; but found &apos;CRLF&apos;. (linebreak-style)]]></failure></testcase>
<testcase time="0" name="org.eslint.semi" classname="C:\work\dyrectorio\web\crux-ui\src\pages\api\nodes\[nodeId]\setup"><failure message="Missing semicolon."><![CDATA[line 15, col 2, Error - Missing semicolon. (semi)]]></failure></testcase>
<testcase time="0" name="org.eslint.linebreak-style" classname="C:\work\dyrectorio\web\crux-ui\src\pages\api\nodes\[nodeId]\setup"><failure message="Expected linebreaks to be &apos;LF&apos; but found &apos;CRLF&apos;."><![CDATA[line 16, col 1, Error - Expected linebreaks to be &apos;LF&apos; but found &apos;CRLF&apos;. (linebreak-style)]]></failure></testcase>
<testcase time="0" name="org.eslint.linebreak-style" classname="C:\work\dyrectorio\web\crux-ui\src\pages\api\nodes\[nodeId]\setup"><failure message="Expected linebreaks to be &apos;LF&apos; but found &apos;CRLF&apos;."><![CDATA[line 17, col 72, Error - Expected linebreaks to be &apos;LF&apos; but found &apos;CRLF&apos;. (linebreak-style)]]></failure></testcase>
<testcase time="0" name="org.eslint.linebreak-style" classname="C:\work\dyrectorio\web\crux-ui\src\pages\api\nodes\[nodeId]\setup"><failure message="Expected linebreaks to be &apos;LF&apos; but found &apos;CRLF&apos;."><![CDATA[line 18, col 44, Error - Expected linebreaks to be &apos;LF&apos; but found &apos;CRLF&apos;. (linebreak-style)]]></failure></testcase>
<testcase time="0" name="org.eslint.semi" classname="C:\work\dyrectorio\web\crux-ui\src\pages\api\nodes\[nodeId]\setup"><failure message="Missing semicolon."><![CDATA[line 18, col 44, Error - Missing semicolon. (semi)]]></failure></testcase>
<testcase time="0" name="org.eslint.linebreak-style" classname="C:\work\dyrectorio\web\crux-ui\src\pages\api\nodes\[nodeId]\setup"><failure message="Expected linebreaks to be &apos;LF&apos; but found &apos;CRLF&apos;."><![CDATA[line 19, col 1, Error - Expected linebreaks to be &apos;LF&apos; but found &apos;CRLF&apos;. (linebreak-style)]]></failure></testcase>
<testcase time="0" name="org.eslint.linebreak-style" classname="C:\work\dyrectorio\web\crux-ui\src\pages\api\nodes\[nodeId]\setup"><failure message="Expected linebreaks to be &apos;LF&apos; but found &apos;CRLF&apos;."><![CDATA[line 20, col 46, Error - Expected linebreaks to be &apos;LF&apos; but found &apos;CRLF&apos;. (linebreak-style)]]></failure></testcase>
<testcase time="0" name="org.eslint.semi" classname="C:\work\dyrectorio\web\crux-ui\src\pages\api\nodes\[nodeId]\setup"><failure message="Missing semicolon."><![CDATA[line 20, col 46, Error - Missing semicolon. (semi)]]></failure></testcase>
<testcase time="0" name="org.eslint.linebreak-style" classname="C:\work\dyrectorio\web\crux-ui\src\pages\api\nodes\[nodeId]\setup"><failure message="Expected linebreaks to be &apos;LF&apos; but found &apos;CRLF&apos;."><![CDATA[line 21, col 24, Error - Expected linebreaks to be &apos;LF&apos; but found &apos;CRLF&apos;. (linebreak-style)]]></failure></testcase>
<testcase time="0" name="org.eslint.semi" classname="C:\work\dyrectorio\web\crux-ui\src\pages\api\nodes\[nodeId]\setup"><failure message="Missing semicolon."><![CDATA[line 21, col 24, Error - Missing semicolon. (semi)]]></failure></testcase>
<testcase time="0" name="org.eslint.linebreak-style" classname="C:\work\dyrectorio\web\crux-ui\src\pages\api\nodes\[nodeId]\setup"><failure message="Expected linebreaks to be &apos;LF&apos; but found &apos;CRLF&apos;."><![CDATA[line 22, col 2, Error - Expected linebreaks to be &apos;LF&apos; but found &apos;CRLF&apos;. (linebreak-style)]]></failure></testcase>
<testcase time="0" name="org.eslint.semi" classname="C:\work\dyrectorio\web\crux-ui\src\pages\api\nodes\[nodeId]\setup"><failure message="Missing semicolon."><![CDATA[line 22, col 2, Error - Missing semicolon. (semi)]]></failure></testcase>
<testcase time="0" name="org.eslint.linebreak-style" classname="C:\work\dyrectorio\web\crux-ui\src\pages\api\nodes\[nodeId]\setup"><failure message="Expected linebreaks to be &apos;LF&apos; but found &apos;CRLF&apos;."><![CDATA[line 23, col 1, Error - Expected linebreaks to be &apos;LF&apos; but found &apos;CRLF&apos;. (linebreak-style)]]></failure></testcase>
<testcase time="0" name="org.eslint.linebreak-style" classname="C:\work\dyrectorio\web\crux-ui\src\pages\api\nodes\[nodeId]\setup"><failure message="Expected linebreaks to be &apos;LF&apos; but found &apos;CRLF&apos;."><![CDATA[line 24, col 33, Error - Expected linebreaks to be &apos;LF&apos; but found &apos;CRLF&apos;. (linebreak-style)]]></failure></testcase>
<testcase time="0" name="org.eslint.linebreak-style" classname="C:\work\dyrectorio\web\crux-ui\src\pages\api\nodes\[nodeId]\setup"><failure message="Expected linebreaks to be &apos;LF&apos; but found &apos;CRLF&apos;."><![CDATA[line 25, col 12, Error - Expected linebreaks to be &apos;LF&apos; but found &apos;CRLF&apos;. (linebreak-style)]]></failure></testcase>
<testcase time="0" name="org.eslint.linebreak-style" classname="C:\work\dyrectorio\web\crux-ui\src\pages\api\nodes\[nodeId]\setup"><failure message="Expected linebreaks to be &apos;LF&apos; but found &apos;CRLF&apos;."><![CDATA[line 26, col 54, Error - Expected linebreaks to be &apos;LF&apos; but found &apos;CRLF&apos;. (linebreak-style)]]></failure></testcase>
<testcase time="0" name="org.eslint.linebreak-style" classname="C:\work\dyrectorio\web\crux-ui\src\pages\api\nodes\[nodeId]\setup"><failure message="Expected linebreaks to be &apos;LF&apos; but found &apos;CRLF&apos;."><![CDATA[line 27, col 22, Error - Expected linebreaks to be &apos;LF&apos; but found &apos;CRLF&apos;. (linebreak-style)]]></failure></testcase>
<testcase time="0" name="org.eslint.linebreak-style" classname="C:\work\dyrectorio\web\crux-ui\src\pages\api\nodes\[nodeId]\setup"><failure message="Expected linebreaks to be &apos;LF&apos; but found &apos;CRLF&apos;."><![CDATA[line 28, col 5, Error - Expected linebreaks to be &apos;LF&apos; but found &apos;CRLF&apos;. (linebreak-style)]]></failure></testcase>
<testcase time="0" name="org.eslint.linebreak-style" classname="C:\work\dyrectorio\web\crux-ui\src\pages\api\nodes\[nodeId]\setup"><failure message="Expected linebreaks to be &apos;LF&apos; but found &apos;CRLF&apos;."><![CDATA[line 29, col 12, Error - Expected linebreaks to be &apos;LF&apos; but found &apos;CRLF&apos;. (linebreak-style)]]></failure></testcase>
<testcase time="0" name="org.eslint.linebreak-style" classname="C:\work\dyrectorio\web\crux-ui\src\pages\api\nodes\[nodeId]\setup"><failure message="Expected linebreaks to be &apos;LF&apos; but found &apos;CRLF&apos;."><![CDATA[line 30, col 3, Error - Expected linebreaks to be &apos;LF&apos; but found &apos;CRLF&apos;. (linebreak-style)]]></failure></testcase>
<testcase time="0" name="org.eslint.semi" classname="C:\work\dyrectorio\web\crux-ui\src\pages\api\nodes\[nodeId]\setup"><failure message="Missing semicolon."><![CDATA[line 30, col 3, Error - Missing semicolon. (semi)]]></failure></testcase>
</testsuite>
<testsuite package="org.eslint" time="0" tests="22" errors="22" name="C:\work\dyrectorio\web\crux-ui\src\pages\api\nodes\[nodeId]\token.ts">
<testcase time="0" name="org.eslint.linebreak-style" classname="C:\work\dyrectorio\web\crux-ui\src\pages\api\nodes\[nodeId]\token"><failure message="Expected linebreaks to be &apos;LF&apos; but found &apos;CRLF&apos;."><![CDATA[line 1, col 37, Error - Expected linebreaks to be &apos;LF&apos; but found &apos;CRLF&apos;. (linebreak-style)]]></failure></testcase>
<testcase time="0" name="org.eslint.semi" classname="C:\work\dyrectorio\web\crux-ui\src\pages\api\nodes\[nodeId]\token"><failure message="Missing semicolon."><![CDATA[line 1, col 37, Error - Missing semicolon. (semi)]]></failure></testcase>
<testcase time="0" name="org.eslint.linebreak-style" classname="C:\work\dyrectorio\web\crux-ui\src\pages\api\nodes\[nodeId]\token"><failure message="Expected linebreaks to be &apos;LF&apos; but found &apos;CRLF&apos;."><![CDATA[line 2, col 54, Error - Expected linebreaks to be &apos;LF&apos; but found &apos;CRLF&apos;. (linebreak-style)]]></failure></testcase>
<testcase time="0" name="org.eslint.semi" classname="C:\work\dyrectorio\web\crux-ui\src\pages\api\nodes\[nodeId]\token"><failure message="Missing semicolon."><![CDATA[line 2, col 54, Error - Missing semicolon. (semi)]]></failure></testcase>
<testcase time="0" name="org.eslint.linebreak-style" classname="C:\work\dyrectorio\web\crux-ui\src\pages\api\nodes\[nodeId]\token"><failure message="Expected linebreaks to be &apos;LF&apos; but found &apos;CRLF&apos;."><![CDATA[line 3, col 55, Error - Expected linebreaks to be &apos;LF&apos; but found &apos;CRLF&apos;. (linebreak-style)]]></failure></testcase>
<testcase time="0" name="org.eslint.semi" classname="C:\work\dyrectorio\web\crux-ui\src\pages\api\nodes\[nodeId]\token"><failure message="Missing semicolon."><![CDATA[line 3, col 55, Error - Missing semicolon. (semi)]]></failure></testcase>
<testcase time="0" name="org.eslint.linebreak-style" classname="C:\work\dyrectorio\web\crux-ui\src\pages\api\nodes\[nodeId]\token"><failure message="Expected linebreaks to be &apos;LF&apos; but found &apos;CRLF&apos;."><![CDATA[line 4, col 1, Error - Expected linebreaks to be &apos;LF&apos; but found &apos;CRLF&apos;. (linebreak-style)]]></failure></testcase>
<testcase time="0" name="org.eslint.linebreak-style" classname="C:\work\dyrectorio\web\crux-ui\src\pages\api\nodes\[nodeId]\token"><failure message="Expected linebreaks to be &apos;LF&apos; but found &apos;CRLF&apos;."><![CDATA[line 5, col 72, Error - Expected linebreaks to be &apos;LF&apos; but found &apos;CRLF&apos;. (linebreak-style)]]></failure></testcase>
<testcase time="0" name="org.eslint.linebreak-style" classname="C:\work\dyrectorio\web\crux-ui\src\pages\api\nodes\[nodeId]\token"><failure message="Expected linebreaks to be &apos;LF&apos; but found &apos;CRLF&apos;."><![CDATA[line 6, col 44, Error - Expected linebreaks to be &apos;LF&apos; but found &apos;CRLF&apos;. (linebreak-style)]]></failure></testcase>
<testcase time="0" name="org.eslint.semi" classname="C:\work\dyrectorio\web\crux-ui\src\pages\api\nodes\[nodeId]\token"><failure message="Missing semicolon."><![CDATA[line 6, col 44, Error - Missing semicolon. (semi)]]></failure></testcase>
<testcase time="0" name="org.eslint.linebreak-style" classname="C:\work\dyrectorio\web\crux-ui\src\pages\api\nodes\[nodeId]\token"><failure message="Expected linebreaks to be &apos;LF&apos; but found &apos;CRLF&apos;."><![CDATA[line 7, col 1, Error - Expected linebreaks to be &apos;LF&apos; but found &apos;CRLF&apos;. (linebreak-style)]]></failure></testcase>
<testcase time="0" name="org.eslint.linebreak-style" classname="C:\work\dyrectorio\web\crux-ui\src\pages\api\nodes\[nodeId]\token"><failure message="Expected linebreaks to be &apos;LF&apos; but found &apos;CRLF&apos;."><![CDATA[line 8, col 44, Error - Expected linebreaks to be &apos;LF&apos; but found &apos;CRLF&apos;. (linebreak-style)]]></failure></testcase>
<testcase time="0" name="org.eslint.semi" classname="C:\work\dyrectorio\web\crux-ui\src\pages\api\nodes\[nodeId]\token"><failure message="Missing semicolon."><![CDATA[line 8, col 44, Error - Missing semicolon. (semi)]]></failure></testcase>
<testcase time="0" name="org.eslint.linebreak-style" classname="C:\work\dyrectorio\web\crux-ui\src\pages\api\nodes\[nodeId]\token"><failure message="Expected linebreaks to be &apos;LF&apos; but found &apos;CRLF&apos;."><![CDATA[line 9, col 24, Error - Expected linebreaks to be &apos;LF&apos; but found &apos;CRLF&apos;. (linebreak-style)]]></failure></testcase>
<testcase time="0" name="org.eslint.semi" classname="C:\work\dyrectorio\web\crux-ui\src\pages\api\nodes\[nodeId]\token"><failure message="Missing semicolon."><![CDATA[line 9, col 24, Error - Missing semicolon. (semi)]]></failure></testcase>
<testcase time="0" name="org.eslint.linebreak-style" classname="C:\work\dyrectorio\web\crux-ui\src\pages\api\nodes\[nodeId]\token"><failure message="Expected linebreaks to be &apos;LF&apos; but found &apos;CRLF&apos;."><![CDATA[line 10, col 2, Error - Expected linebreaks to be &apos;LF&apos; but found &apos;CRLF&apos;. (linebreak-style)]]></failure></testcase>
<testcase time="0" name="org.eslint.semi" classname="C:\work\dyrectorio\web\crux-ui\src\pages\api\nodes\[nodeId]\token"><failure message="Missing semicolon."><![CDATA[line 10, col 2, Error - Missing semicolon. (semi)]]></failure></testcase>
<testcase time="0" name="org.eslint.linebreak-style" classname="C:\work\dyrectorio\web\crux-ui\src\pages\api\nodes\[nodeId]\token"><failure message="Expected linebreaks to be &apos;LF&apos; but found &apos;CRLF&apos;."><![CDATA[line 11, col 1, Error - Expected linebreaks to be &apos;LF&apos; but found &apos;CRLF&apos;. (linebreak-style)]]></failure></testcase>
<testcase time="0" name="org.eslint.linebreak-style" classname="C:\work\dyrectorio\web\crux-ui\src\pages\api\nodes\[nodeId]\token"><failure message="Expected linebreaks to be &apos;LF&apos; but found &apos;CRLF&apos;."><![CDATA[line 12, col 33, Error - Expected linebreaks to be &apos;LF&apos; but found &apos;CRLF&apos;. (linebreak-style)]]></failure></testcase>
<testcase time="0" name="org.eslint.linebreak-style" classname="C:\work\dyrectorio\web\crux-ui\src\pages\api\nodes\[nodeId]\token"><failure message="Expected linebreaks to be &apos;LF&apos; but found &apos;CRLF&apos;."><![CDATA[line 13, col 12, Error - Expected linebreaks to be &apos;LF&apos; but found &apos;CRLF&apos;. (linebreak-style)]]></failure></testcase>
<testcase time="0" name="org.eslint.linebreak-style" classname="C:\work\dyrectorio\web\crux-ui\src\pages\api\nodes\[nodeId]\token"><failure message="Expected linebreaks to be &apos;LF&apos; but found &apos;CRLF&apos;."><![CDATA[line 14, col 3, Error - Expected linebreaks to be &apos;LF&apos; but found &apos;CRLF&apos;. (linebreak-style)]]></failure></testcase>
<testcase time="0" name="org.eslint.semi" classname="C:\work\dyrectorio\web\crux-ui\src\pages\api\nodes\[nodeId]\token"><failure message="Missing semicolon."><![CDATA[line 14, col 3, Error - Missing semicolon. (semi)]]></failure></testcase>
</testsuite>
<testsuite package="org.eslint" time="0" tests="25" errors="25" name="C:\work\dyrectorio\web\crux-ui\src\pages\api\nodes\connect.ts">
<testcase time="0" name="org.eslint.linebreak-style" classname="C:\work\dyrectorio\web\crux-ui\src\pages\api\nodes\connect"><failure message="Expected linebreaks to be &apos;LF&apos; but found &apos;CRLF&apos;."><![CDATA[line 1, col 37, Error - Expected linebreaks to be &apos;LF&apos; but found &apos;CRLF&apos;. (linebreak-style)]]></failure></testcase>
<testcase time="0" name="org.eslint.semi" classname="C:\work\dyrectorio\web\crux-ui\src\pages\api\nodes\connect"><failure message="Missing semicolon."><![CDATA[line 1, col 37, Error - Missing semicolon. (semi)]]></failure></testcase>
<testcase time="0" name="org.eslint.linebreak-style" classname="C:\work\dyrectorio\web\crux-ui\src\pages\api\nodes\connect"><failure message="Expected linebreaks to be &apos;LF&apos; but found &apos;CRLF&apos;."><![CDATA[line 2, col 37, Error - Expected linebreaks to be &apos;LF&apos; but found &apos;CRLF&apos;. (linebreak-style)]]></failure></testcase>
<testcase time="0" name="org.eslint.semi" classname="C:\work\dyrectorio\web\crux-ui\src\pages\api\nodes\connect"><failure message="Missing semicolon."><![CDATA[line 2, col 37, Error - Missing semicolon. (semi)]]></failure></testcase>
<testcase time="0" name="org.eslint.linebreak-style" classname="C:\work\dyrectorio\web\crux-ui\src\pages\api\nodes\connect"><failure message="Expected linebreaks to be &apos;LF&apos; but found &apos;CRLF&apos;."><![CDATA[line 3, col 73, Error - Expected linebreaks to be &apos;LF&apos; but found &apos;CRLF&apos;. (linebreak-style)]]></failure></testcase>
<testcase time="0" name="org.eslint.semi" classname="C:\work\dyrectorio\web\crux-ui\src\pages\api\nodes\connect"><failure message="Missing semicolon."><![CDATA[line 3, col 73, Error - Missing semicolon. (semi)]]></failure></testcase>
<testcase time="0" name="org.eslint.linebreak-style" classname="C:\work\dyrectorio\web\crux-ui\src\pages\api\nodes\connect"><failure message="Expected linebreaks to be &apos;LF&apos; but found &apos;CRLF&apos;."><![CDATA[line 4, col 38, Error - Expected linebreaks to be &apos;LF&apos; but found &apos;CRLF&apos;. (linebreak-style)]]></failure></testcase>
<testcase time="0" name="org.eslint.semi" classname="C:\work\dyrectorio\web\crux-ui\src\pages\api\nodes\connect"><failure message="Missing semicolon."><![CDATA[line 4, col 38, Error - Missing semicolon. (semi)]]></failure></testcase>
<testcase time="0" name="org.eslint.linebreak-style" classname="C:\work\dyrectorio\web\crux-ui\src\pages\api\nodes\connect"><failure message="Expected linebreaks to be &apos;LF&apos; but found &apos;CRLF&apos;."><![CDATA[line 5, col 1, Error - Expected linebreaks to be &apos;LF&apos; but found &apos;CRLF&apos;. (linebreak-style)]]></failure></testcase>
<testcase time="0" name="org.eslint.linebreak-style" classname="C:\work\dyrectorio\web\crux-ui\src\pages\api\nodes\connect"><failure message="Expected linebreaks to be &apos;LF&apos; but found &apos;CRLF&apos;."><![CDATA[line 6, col 47, Error - Expected linebreaks to be &apos;LF&apos; but found &apos;CRLF&apos;. (linebreak-style)]]></failure></testcase>
<testcase time="0" name="org.eslint.semi" classname="C:\work\dyrectorio\web\crux-ui\src\pages\api\nodes\connect"><failure message="Missing semicolon."><![CDATA[line 6, col 47, Error - Missing semicolon. (semi)]]></failure></testcase>
<testcase time="0" name="org.eslint.linebreak-style" classname="C:\work\dyrectorio\web\crux-ui\src\pages\api\nodes\connect"><failure message="Expected linebreaks to be &apos;LF&apos; but found &apos;CRLF&apos;."><![CDATA[line 7, col 1, Error - Expected linebreaks to be &apos;LF&apos; but found &apos;CRLF&apos;. (linebreak-style)]]></failure></testcase>
<testcase time="0" name="org.eslint.linebreak-style" classname="C:\work\dyrectorio\web\crux-ui\src\pages\api\nodes\connect"><failure message="Expected linebreaks to be &apos;LF&apos; but found &apos;CRLF&apos;."><![CDATA[line 8, col 73, Error - Expected linebreaks to be &apos;LF&apos; but found &apos;CRLF&apos;. (linebreak-style)]]></failure></testcase>
<testcase time="0" name="org.eslint.linebreak-style" classname="C:\work\dyrectorio\web\crux-ui\src\pages\api\nodes\connect"><failure message="Expected linebreaks to be &apos;LF&apos; but found &apos;CRLF&apos;."><![CDATA[line 9, col 28, Error - Expected linebreaks to be &apos;LF&apos; but found &apos;CRLF&apos;. (linebreak-style)]]></failure></testcase>
<testcase time="0" name="org.eslint.semi" classname="C:\work\dyrectorio\web\crux-ui\src\pages\api\nodes\connect"><failure message="Missing semicolon."><![CDATA[line 9, col 28, Error - Missing semicolon. (semi)]]></failure></testcase>
<testcase time="0" name="org.eslint.linebreak-style" classname="C:\work\dyrectorio\web\crux-ui\src\pages\api\nodes\connect"><failure message="Expected linebreaks to be &apos;LF&apos; but found &apos;CRLF&apos;."><![CDATA[line 10, col 1, Error - Expected linebreaks to be &apos;LF&apos; but found &apos;CRLF&apos;. (linebreak-style)]]></failure></testcase>
<testcase time="0" name="org.eslint.linebreak-style" classname="C:\work\dyrectorio\web\crux-ui\src\pages\api\nodes\connect"><failure message="Expected linebreaks to be &apos;LF&apos; but found &apos;CRLF&apos;."><![CDATA[line 11, col 57, Error - Expected linebreaks to be &apos;LF&apos; but found &apos;CRLF&apos;. (linebreak-style)]]></failure></testcase>
<testcase time="0" name="org.eslint.semi" classname="C:\work\dyrectorio\web\crux-ui\src\pages\api\nodes\connect"><failure message="Missing semicolon."><![CDATA[line 11, col 57, Error - Missing semicolon. (semi)]]></failure></testcase>
<testcase time="0" name="org.eslint.linebreak-style" classname="C:\work\dyrectorio\web\crux-ui\src\pages\api\nodes\connect"><failure message="Expected linebreaks to be &apos;LF&apos; but found &apos;CRLF&apos;."><![CDATA[line 12, col 31, Error - Expected linebreaks to be &apos;LF&apos; but found &apos;CRLF&apos;. (linebreak-style)]]></failure></testcase>
<testcase time="0" name="org.eslint.semi" classname="C:\work\dyrectorio\web\crux-ui\src\pages\api\nodes\connect"><failure message="Missing semicolon."><![CDATA[line 12, col 31, Error - Missing semicolon. (semi)]]></failure></testcase>
<testcase time="0" name="org.eslint.linebreak-style" classname="C:\work\dyrectorio\web\crux-ui\src\pages\api\nodes\connect"><failure message="Expected linebreaks to be &apos;LF&apos; but found &apos;CRLF&apos;."><![CDATA[line 13, col 2, Error - Expected linebreaks to be &apos;LF&apos; but found &apos;CRLF&apos;. (linebreak-style)]]></failure></testcase>
<testcase time="0" name="org.eslint.semi" classname="C:\work\dyrectorio\web\crux-ui\src\pages\api\nodes\connect"><failure message="Missing semicolon."><![CDATA[line 13, col 2, Error - Missing semicolon. (semi)]]></failure></testcase>
<testcase time="0" name="org.eslint.linebreak-style" classname="C:\work\dyrectorio\web\crux-ui\src\pages\api\nodes\connect"><failure message="Expected linebreaks to be &apos;LF&apos; but found &apos;CRLF&apos;."><![CDATA[line 14, col 1, Error - Expected linebreaks to be &apos;LF&apos; but found &apos;CRLF&apos;. (linebreak-style)]]></failure></testcase>
<testcase time="0" name="org.eslint.linebreak-style" classname="C:\work\dyrectorio\web\crux-ui\src\pages\api\nodes\connect"><failure message="Expected linebreaks to be &apos;LF&apos; but found &apos;CRLF&apos;."><![CDATA[line 15, col 63, Error - Expected linebreaks to be &apos;LF&apos; but found &apos;CRLF&apos;. (linebreak-style)]]></failure></testcase>
<testcase time="0" name="org.eslint.semi" classname="C:\work\dyrectorio\web\crux-ui\src\pages\api\nodes\connect"><failure message="Missing semicolon."><![CDATA[line 15, col 63, Error - Missing semicolon. (semi)]]></failure></testcase>
</testsuite>
<testsuite package="org.eslint" time="0" tests="89" errors="89" name="C:\work\dyrectorio\web\crux-ui\src\pages\api\nodes\connect\[teamId].ts">
<testcase time="0" name="org.eslint.linebreak-style" classname="C:\work\dyrectorio\web\crux-ui\src\pages\api\nodes\connect\[teamId]"><failure message="Expected linebreaks to be &apos;LF&apos; but found &apos;CRLF&apos;."><![CDATA[line 1, col 37, Error - Expected linebreaks to be &apos;LF&apos; but found &apos;CRLF&apos;. (linebreak-style)]]></failure></testcase>
<testcase time="0" name="org.eslint.semi" classname="C:\work\dyrectorio\web\crux-ui\src\pages\api\nodes\connect\[teamId]"><failure message="Missing semicolon."><![CDATA[line 1, col 37, Error - Missing semicolon. (semi)]]></failure></testcase>
<testcase time="0" name="org.eslint.linebreak-style" classname="C:\work\dyrectorio\web\crux-ui\src\pages\api\nodes\connect\[teamId]"><failure message="Expected linebreaks to be &apos;LF&apos; but found &apos;CRLF&apos;."><![CDATA[line 2, col 9, Error - Expected linebreaks to be &apos;LF&apos; but found &apos;CRLF&apos;. (linebreak-style)]]></failure></testcase>
<testcase time="0" name="org.eslint.linebreak-style" classname="C:\work\dyrectorio\web\crux-ui\src\pages\api\nodes\connect\[teamId]"><failure message="Expected linebreaks to be &apos;LF&apos; but found &apos;CRLF&apos;."><![CDATA[line 3, col 28, Error - Expected linebreaks to be &apos;LF&apos; but found &apos;CRLF&apos;. (linebreak-style)]]></failure></testcase>
<testcase time="0" name="org.eslint.linebreak-style" classname="C:\work\dyrectorio\web\crux-ui\src\pages\api\nodes\connect\[teamId]"><failure message="Expected linebreaks to be &apos;LF&apos; but found &apos;CRLF&apos;."><![CDATA[line 4, col 21, Error - Expected linebreaks to be &apos;LF&apos; but found &apos;CRLF&apos;. (linebreak-style)]]></failure></testcase>
<testcase time="0" name="org.eslint.linebreak-style" classname="C:\work\dyrectorio\web\crux-ui\src\pages\api\nodes\connect\[teamId]"><failure message="Expected linebreaks to be &apos;LF&apos; but found &apos;CRLF&apos;."><![CDATA[line 5, col 32, Error - Expected linebreaks to be &apos;LF&apos; but found &apos;CRLF&apos;. (linebreak-style)]]></failure></testcase>
<testcase time="0" name="org.eslint.linebreak-style" classname="C:\work\dyrectorio\web\crux-ui\src\pages\api\nodes\connect\[teamId]"><failure message="Expected linebreaks to be &apos;LF&apos; but found &apos;CRLF&apos;."><![CDATA[line 6, col 23, Error - Expected linebreaks to be &apos;LF&apos; but found &apos;CRLF&apos;. (linebreak-style)]]></failure></testcase>
<testcase time="0" name="org.eslint.linebreak-style" classname="C:\work\dyrectorio\web\crux-ui\src\pages\api\nodes\connect\[teamId]"><failure message="Expected linebreaks to be &apos;LF&apos; but found &apos;CRLF&apos;."><![CDATA[line 7, col 25, Error - Expected linebreaks to be &apos;LF&apos; but found &apos;CRLF&apos;. (linebreak-style)]]></failure></testcase>
<testcase time="0" name="org.eslint.linebreak-style" classname="C:\work\dyrectorio\web\crux-ui\src\pages\api\nodes\connect\[teamId]"><failure message="Expected linebreaks to be &apos;LF&apos; but found &apos;CRLF&apos;."><![CDATA[line 8, col 21, Error - Expected linebreaks to be &apos;LF&apos; but found &apos;CRLF&apos;. (linebreak-style)]]></failure></testcase>
<testcase time="0" name="org.eslint.semi" classname="C:\work\dyrectorio\web\crux-ui\src\pages\api\nodes\connect\[teamId]"><failure message="Missing semicolon."><![CDATA[line 8, col 21, Error - Missing semicolon. (semi)]]></failure></testcase>
<testcase time="0" name="org.eslint.linebreak-style" classname="C:\work\dyrectorio\web\crux-ui\src\pages\api\nodes\connect\[teamId]"><failure message="Expected linebreaks to be &apos;LF&apos; but found &apos;CRLF&apos;."><![CDATA[line 9, col 51, Error - Expected linebreaks to be &apos;LF&apos; but found &apos;CRLF&apos;. (linebreak-style)]]></failure></testcase>
<testcase time="0" name="org.eslint.semi" classname="C:\work\dyrectorio\web\crux-ui\src\pages\api\nodes\connect\[teamId]"><failure message="Missing semicolon."><![CDATA[line 9, col 51, Error - Missing semicolon. (semi)]]></failure></testcase>
<testcase time="0" name="org.eslint.linebreak-style" classname="C:\work\dyrectorio\web\crux-ui\src\pages\api\nodes\connect\[teamId]"><failure message="Expected linebreaks to be &apos;LF&apos; but found &apos;CRLF&apos;."><![CDATA[line 10, col 66, Error - Expected linebreaks to be &apos;LF&apos; but found &apos;CRLF&apos;. (linebreak-style)]]></failure></testcase>
<testcase time="0" name="org.eslint.semi" classname="C:\work\dyrectorio\web\crux-ui\src\pages\api\nodes\connect\[teamId]"><failure message="Missing semicolon."><![CDATA[line 10, col 66, Error - Missing semicolon. (semi)]]></failure></testcase>
<testcase time="0" name="org.eslint.linebreak-style" classname="C:\work\dyrectorio\web\crux-ui\src\pages\api\nodes\connect\[teamId]"><failure message="Expected linebreaks to be &apos;LF&apos; but found &apos;CRLF&apos;."><![CDATA[line 11, col 67, Error - Expected linebreaks to be &apos;LF&apos; but found &apos;CRLF&apos;. (linebreak-style)]]></failure></testcase>
<testcase time="0" name="org.eslint.semi" classname="C:\work\dyrectorio\web\crux-ui\src\pages\api\nodes\connect\[teamId]"><failure message="Missing semicolon."><![CDATA[line 11, col 67, Error - Missing semicolon. (semi)]]></failure></testcase>
<testcase time="0" name="org.eslint.linebreak-style" classname="C:\work\dyrectorio\web\crux-ui\src\pages\api\nodes\connect\[teamId]"><failure message="Expected linebreaks to be &apos;LF&apos; but found &apos;CRLF&apos;."><![CDATA[line 12, col 69, Error - Expected linebreaks to be &apos;LF&apos; but found &apos;CRLF&apos;. (linebreak-style)]]></failure></testcase>
<testcase time="0" name="org.eslint.semi" classname="C:\work\dyrectorio\web\crux-ui\src\pages\api\nodes\connect\[teamId]"><failure message="Missing semicolon."><![CDATA[line 12, col 69, Error - Missing semicolon. (semi)]]></failure></testcase>
<testcase time="0" name="org.eslint.linebreak-style" classname="C:\work\dyrectorio\web\crux-ui\src\pages\api\nodes\connect\[teamId]"><failure message="Expected linebreaks to be &apos;LF&apos; but found &apos;CRLF&apos;."><![CDATA[line 13, col 38, Error - Expected linebreaks to be &apos;LF&apos; but found &apos;CRLF&apos;. (linebreak-style)]]></failure></testcase>
<testcase time="0" name="org.eslint.semi" classname="C:\work\dyrectorio\web\crux-ui\src\pages\api\nodes\connect\[teamId]"><failure message="Missing semicolon."><![CDATA[line 13, col 38, Error - Missing semicolon. (semi)]]></failure></testcase>
<testcase time="0" name="org.eslint.linebreak-style" classname="C:\work\dyrectorio\web\crux-ui\src\pages\api\nodes\connect\[teamId]"><failure message="Expected linebreaks to be &apos;LF&apos; but found &apos;CRLF&apos;."><![CDATA[line 14, col 1, Error - Expected linebreaks to be &apos;LF&apos; but found &apos;CRLF&apos;. (linebreak-style)]]></failure></testcase>
<testcase time="0" name="org.eslint.linebreak-style" classname="C:\work\dyrectorio\web\crux-ui\src\pages\api\nodes\connect\[teamId]"><failure message="Expected linebreaks to be &apos;LF&apos; but found &apos;CRLF&apos;."><![CDATA[line 15, col 38, Error - Expected linebreaks to be &apos;LF&apos; but found &apos;CRLF&apos;. (linebreak-style)]]></failure></testcase>
<testcase time="0" name="org.eslint.semi" classname="C:\work\dyrectorio\web\crux-ui\src\pages\api\nodes\connect\[teamId]"><failure message="Missing semicolon."><![CDATA[line 15, col 38, Error - Missing semicolon. (semi)]]></failure></testcase>
<testcase time="0" name="org.eslint.linebreak-style" classname="C:\work\dyrectorio\web\crux-ui\src\pages\api\nodes\connect\[teamId]"><failure message="Expected linebreaks to be &apos;LF&apos; but found &apos;CRLF&apos;."><![CDATA[line 16, col 1, Error - Expected linebreaks to be &apos;LF&apos; but found &apos;CRLF&apos;. (linebreak-style)]]></failure></testcase>
<testcase time="0" name="org.eslint.linebreak-style" classname="C:\work\dyrectorio\web\crux-ui\src\pages\api\nodes\connect\[teamId]"><failure message="Expected linebreaks to be &apos;LF&apos; but found &apos;CRLF&apos;."><![CDATA[line 17, col 50, Error - Expected linebreaks to be &apos;LF&apos; but found &apos;CRLF&apos;. (linebreak-style)]]></failure></testcase>
<testcase time="0" name="org.eslint.linebreak-style" classname="C:\work\dyrectorio\web\crux-ui\src\pages\api\nodes\connect\[teamId]"><failure message="Expected linebreaks to be &apos;LF&apos; but found &apos;CRLF&apos;."><![CDATA[line 18, col 49, Error - Expected linebreaks to be &apos;LF&apos; but found &apos;CRLF&apos;. (linebreak-style)]]></failure></testcase>
<testcase time="0" name="org.eslint.semi" classname="C:\work\dyrectorio\web\crux-ui\src\pages\api\nodes\connect\[teamId]"><failure message="Missing semicolon."><![CDATA[line 18, col 49, Error - Missing semicolon. (semi)]]></failure></testcase>
<testcase time="0" name="org.eslint.linebreak-style" classname="C:\work\dyrectorio\web\crux-ui\src\pages\api\nodes\connect\[teamId]"><failure message="Expected linebreaks to be &apos;LF&apos; but found &apos;CRLF&apos;."><![CDATA[line 19, col 1, Error - Expected linebreaks to be &apos;LF&apos; but found &apos;CRLF&apos;. (linebreak-style)]]></failure></testcase>
<testcase time="0" name="org.eslint.linebreak-style" classname="C:\work\dyrectorio\web\crux-ui\src\pages\api\nodes\connect\[teamId]"><failure message="Expected linebreaks to be &apos;LF&apos; but found &apos;CRLF&apos;."><![CDATA[line 20, col 70, Error - Expected linebreaks to be &apos;LF&apos; but found &apos;CRLF&apos;. (linebreak-style)]]></failure></testcase>
<testcase time="0" name="org.eslint.linebreak-style" classname="C:\work\dyrectorio\web\crux-ui\src\pages\api\nodes\connect\[teamId]"><failure message="Expected linebreaks to be &apos;LF&apos; but found &apos;CRLF&apos;."><![CDATA[line 21, col 69, Error - Expected linebreaks to be &apos;LF&apos; but found &apos;CRLF&apos;. (linebreak-style)]]></failure></testcase>
<testcase time="0" name="org.eslint.arrow-parens" classname="C:\work\dyrectorio\web\crux-ui\src\pages\api\nodes\connect\[teamId]"><failure message="Expected parentheses around arrow function argument."><![CDATA[line 22, col 16, Error - Expected parentheses around arrow function argument. (arrow-parens)]]></failure></testcase>
<testcase time="0" name="org.eslint.linebreak-style" classname="C:\work\dyrectorio\web\crux-ui\src\pages\api\nodes\connect\[teamId]"><failure message="Expected linebreaks to be &apos;LF&apos; but found &apos;CRLF&apos;."><![CDATA[line 22, col 74, Error - Expected linebreaks to be &apos;LF&apos; but found &apos;CRLF&apos;. (linebreak-style)]]></failure></testcase>
<testcase time="0" name="org.eslint.linebreak-style" classname="C:\work\dyrectorio\web\crux-ui\src\pages\api\nodes\connect\[teamId]"><failure message="Expected linebreaks to be &apos;LF&apos; but found &apos;CRLF&apos;."><![CDATA[line 23, col 5, Error - Expected linebreaks to be &apos;LF&apos; but found &apos;CRLF&apos;. (linebreak-style)]]></failure></testcase>
<testcase time="0" name="org.eslint.semi" classname="C:\work\dyrectorio\web\crux-ui\src\pages\api\nodes\connect\[teamId]"><failure message="Missing semicolon."><![CDATA[line 23, col 5, Error - Missing semicolon. (semi)]]></failure></testcase>
<testcase time="0" name="org.eslint.linebreak-style" classname="C:\work\dyrectorio\web\crux-ui\src\pages\api\nodes\connect\[teamId]"><failure message="Expected linebreaks to be &apos;LF&apos; but found &apos;CRLF&apos;."><![CDATA[line 24, col 2, Error - Expected linebreaks to be &apos;LF&apos; but found &apos;CRLF&apos;. (linebreak-style)]]></failure></testcase>
<testcase time="0" name="org.eslint.semi" classname="C:\work\dyrectorio\web\crux-ui\src\pages\api\nodes\connect\[teamId]"><failure message="Missing semicolon."><![CDATA[line 24, col 2, Error - Missing semicolon. (semi)]]></failure></testcase>
<testcase time="0" name="org.eslint.linebreak-style" classname="C:\work\dyrectorio\web\crux-ui\src\pages\api\nodes\connect\[teamId]"><failure message="Expected linebreaks to be &apos;LF&apos; but found &apos;CRLF&apos;."><![CDATA[line 25, col 1, Error - Expected linebreaks to be &apos;LF&apos; but found &apos;CRLF&apos;. (linebreak-style)]]></failure></testcase>
<testcase time="0" name="org.eslint.linebreak-style" classname="C:\work\dyrectorio\web\crux-ui\src\pages\api\nodes\connect\[teamId]"><failure message="Expected linebreaks to be &apos;LF&apos; but found &apos;CRLF&apos;."><![CDATA[line 26, col 93, Error - Expected linebreaks to be &apos;LF&apos; but found &apos;CRLF&apos;. (linebreak-style)]]></failure></testcase>
<testcase time="0" name="org.eslint.linebreak-style" classname="C:\work\dyrectorio\web\crux-ui\src\pages\api\nodes\connect\[teamId]"><failure message="Expected linebreaks to be &apos;LF&apos; but found &apos;CRLF&apos;."><![CDATA[line 27, col 49, Error - Expected linebreaks to be &apos;LF&apos; but found &apos;CRLF&apos;. (linebreak-style)]]></failure></testcase>
<testcase time="0" name="org.eslint.semi" classname="C:\work\dyrectorio\web\crux-ui\src\pages\api\nodes\connect\[teamId]"><failure message="Missing semicolon."><![CDATA[line 27, col 49, Error - Missing semicolon. (semi)]]></failure></testcase>
<testcase time="0" name="org.eslint.linebreak-style" classname="C:\work\dyrectorio\web\crux-ui\src\pages\api\nodes\connect\[teamId]"><failure message="Expected linebreaks to be &apos;LF&apos; but found &apos;CRLF&apos;."><![CDATA[line 28, col 1, Error - Expected linebreaks to be &apos;LF&apos; but found &apos;CRLF&apos;. (linebreak-style)]]></failure></testcase>
<testcase time="0" name="org.eslint.linebreak-style" classname="C:\work\dyrectorio\web\crux-ui\src\pages\api\nodes\connect\[teamId]"><failure message="Expected linebreaks to be &apos;LF&apos; but found &apos;CRLF&apos;."><![CDATA[line 29, col 8, Error - Expected linebreaks to be &apos;LF&apos; but found &apos;CRLF&apos;. (linebreak-style)]]></failure></testcase>
<testcase time="0" name="org.eslint.linebreak-style" classname="C:\work\dyrectorio\web\crux-ui\src\pages\api\nodes\connect\[teamId]"><failure message="Expected linebreaks to be &apos;LF&apos; but found &apos;CRLF&apos;."><![CDATA[line 30, col 55, Error - Expected linebreaks to be &apos;LF&apos; but found &apos;CRLF&apos;. (linebreak-style)]]></failure></testcase>
<testcase time="0" name="org.eslint.semi" classname="C:\work\dyrectorio\web\crux-ui\src\pages\api\nodes\connect\[teamId]"><failure message="Missing semicolon."><![CDATA[line 30, col 55, Error - Missing semicolon. (semi)]]></failure></testcase>
<testcase time="0" name="org.eslint.linebreak-style" classname="C:\work\dyrectorio\web\crux-ui\src\pages\api\nodes\connect\[teamId]"><failure message="Expected linebreaks to be &apos;LF&apos; but found &apos;CRLF&apos;."><![CDATA[line 31, col 30, Error - Expected linebreaks to be &apos;LF&apos; but found &apos;CRLF&apos;. (linebreak-style)]]></failure></testcase>
<testcase time="0" name="org.eslint.semi" classname="C:\work\dyrectorio\web\crux-ui\src\pages\api\nodes\connect\[teamId]"><failure message="Missing semicolon."><![CDATA[line 31, col 30, Error - Missing semicolon. (semi)]]></failure></testcase>
<testcase time="0" name="org.eslint.linebreak-style" classname="C:\work\dyrectorio\web\crux-ui\src\pages\api\nodes\connect\[teamId]"><failure message="Expected linebreaks to be &apos;LF&apos; but found &apos;CRLF&apos;."><![CDATA[line 32, col 12, Error - Expected linebreaks to be &apos;LF&apos; but found &apos;CRLF&apos;. (linebreak-style)]]></failure></testcase>
<testcase time="0" name="org.eslint.linebreak-style" classname="C:\work\dyrectorio\web\crux-ui\src\pages\api\nodes\connect\[teamId]"><failure message="Expected linebreaks to be &apos;LF&apos; but found &apos;CRLF&apos;."><![CDATA[line 33, col 17, Error - Expected linebreaks to be &apos;LF&apos; but found &apos;CRLF&apos;. (linebreak-style)]]></failure></testcase>
<testcase time="0" name="org.eslint.semi" classname="C:\work\dyrectorio\web\crux-ui\src\pages\api\nodes\connect\[teamId]"><failure message="Missing semicolon."><![CDATA[line 33, col 17, Error - Missing semicolon. (semi)]]></failure></testcase>
<testcase time="0" name="org.eslint.linebreak-style" classname="C:\work\dyrectorio\web\crux-ui\src\pages\api\nodes\connect\[teamId]"><failure message="Expected linebreaks to be &apos;LF&apos; but found &apos;CRLF&apos;."><![CDATA[line 34, col 4, Error - Expected linebreaks to be &apos;LF&apos; but found &apos;CRLF&apos;. (linebreak-style)]]></failure></testcase>
<testcase time="0" name="org.eslint.linebreak-style" classname="C:\work\dyrectorio\web\crux-ui\src\pages\api\nodes\connect\[teamId]"><failure message="Expected linebreaks to be &apos;LF&apos; but found &apos;CRLF&apos;."><![CDATA[line 35, col 2, Error - Expected linebreaks to be &apos;LF&apos; but found &apos;CRLF&apos;. (linebreak-style)]]></failure></testcase>
<testcase time="0" name="org.eslint.semi" classname="C:\work\dyrectorio\web\crux-ui\src\pages\api\nodes\connect\[teamId]"><failure message="Missing semicolon."><![CDATA[line 35, col 2, Error - Missing semicolon. (semi)]]></failure></testcase>
<testcase time="0" name="org.eslint.linebreak-style" classname="C:\work\dyrectorio\web\crux-ui\src\pages\api\nodes\connect\[teamId]"><failure message="Expected linebreaks to be &apos;LF&apos; but found &apos;CRLF&apos;."><![CDATA[line 36, col 1, Error - Expected linebreaks to be &apos;LF&apos; but found &apos;CRLF&apos;. (linebreak-style)]]></failure></testcase>
<testcase time="0" name="org.eslint.linebreak-style" classname="C:\work\dyrectorio\web\crux-ui\src\pages\api\nodes\connect\[teamId]"><failure message="Expected linebreaks to be &apos;LF&apos; but found &apos;CRLF&apos;."><![CDATA[line 37, col 34, Error - Expected linebreaks to be &apos;LF&apos; but found &apos;CRLF&apos;. (linebreak-style)]]></failure></testcase>
<testcase time="0" name="org.eslint.linebreak-style" classname="C:\work\dyrectorio\web\crux-ui\src\pages\api\nodes\connect\[teamId]"><failure message="Expected linebreaks to be &apos;LF&apos; but found &apos;CRLF&apos;."><![CDATA[line 38, col 24, Error - Expected linebreaks to be &apos;LF&apos; but found &apos;CRLF&apos;. (linebreak-style)]]></failure></testcase>
<testcase time="0" name="org.eslint.linebreak-style" classname="C:\work\dyrectorio\web\crux-ui\src\pages\api\nodes\connect\[teamId]"><failure message="Expected linebreaks to be &apos;LF&apos; but found &apos;CRLF&apos;."><![CDATA[line 39, col 28, Error - Expected linebreaks to be &apos;LF&apos; but found &apos;CRLF&apos;. (linebreak-style)]]></failure></testcase>
<testcase time="0" name="org.eslint.linebreak-style" classname="C:\work\dyrectorio\web\crux-ui\src\pages\api\nodes\connect\[teamId]"><failure message="Expected linebreaks to be &apos;LF&apos; but found &apos;CRLF&apos;."><![CDATA[line 40, col 48, Error - Expected linebreaks to be &apos;LF&apos; but found &apos;CRLF&apos;. (linebreak-style)]]></failure></testcase>
<testcase time="0" name="org.eslint.linebreak-style" classname="C:\work\dyrectorio\web\crux-ui\src\pages\api\nodes\connect\[teamId]"><failure message="Expected linebreaks to be &apos;LF&apos; but found &apos;CRLF&apos;."><![CDATA[line 41, col 7, Error - Expected linebreaks to be &apos;LF&apos; but found &apos;CRLF&apos;. (linebreak-style)]]></failure></testcase>
<testcase time="0" name="org.eslint.linebreak-style" classname="C:\work\dyrectorio\web\crux-ui\src\pages\api\nodes\connect\[teamId]"><failure message="Expected linebreaks to be &apos;LF&apos; but found &apos;CRLF&apos;."><![CDATA[line 42, col 30, Error - Expected linebreaks to be &apos;LF&apos; but found &apos;CRLF&apos;. (linebreak-style)]]></failure></testcase>
<testcase time="0" name="org.eslint.semi" classname="C:\work\dyrectorio\web\crux-ui\src\pages\api\nodes\connect\[teamId]"><failure message="Missing semicolon."><![CDATA[line 42, col 30, Error - Missing semicolon. (semi)]]></failure></testcase>
<testcase time="0" name="org.eslint.linebreak-style" classname="C:\work\dyrectorio\web\crux-ui\src\pages\api\nodes\connect\[teamId]"><failure message="Expected linebreaks to be &apos;LF&apos; but found &apos;CRLF&apos;."><![CDATA[line 43, col 1, Error - Expected linebreaks to be &apos;LF&apos; but found &apos;CRLF&apos;. (linebreak-style)]]></failure></testcase>
<testcase time="0" name="org.eslint.linebreak-style" classname="C:\work\dyrectorio\web\crux-ui\src\pages\api\nodes\connect\[teamId]"><failure message="Expected linebreaks to be &apos;LF&apos; but found &apos;CRLF&apos;."><![CDATA[line 44, col 68, Error - Expected linebreaks to be &apos;LF&apos; but found &apos;CRLF&apos;. (linebreak-style)]]></failure></testcase>
<testcase time="0" name="org.eslint.semi" classname="C:\work\dyrectorio\web\crux-ui\src\pages\api\nodes\connect\[teamId]"><failure message="Missing semicolon."><![CDATA[line 44, col 68, Error - Missing semicolon. (semi)]]></failure></testcase>
<testcase time="0" name="org.eslint.linebreak-style" classname="C:\work\dyrectorio\web\crux-ui\src\pages\api\nodes\connect\[teamId]"><failure message="Expected linebreaks to be &apos;LF&apos; but found &apos;CRLF&apos;."><![CDATA[line 45, col 20, Error - Expected linebreaks to be &apos;LF&apos; but found &apos;CRLF&apos;. (linebreak-style)]]></failure></testcase>
<testcase time="0" name="org.eslint.arrow-parens" classname="C:\work\dyrectorio\web\crux-ui\src\pages\api\nodes\connect\[teamId]"><failure message="Expected parentheses around arrow function argument."><![CDATA[line 46, col 13, Error - Expected parentheses around arrow function argument. (arrow-parens)]]></failure></testcase>
<testcase time="0" name="org.eslint.linebreak-style" classname="C:\work\dyrectorio\web\crux-ui\src\pages\api\nodes\connect\[teamId]"><failure message="Expected linebreaks to be &apos;LF&apos; but found &apos;CRLF&apos;."><![CDATA[line 46, col 47, Error - Expected linebreaks to be &apos;LF&apos; but found &apos;CRLF&apos;. (linebreak-style)]]></failure></testcase>
<testcase time="0" name="org.eslint.arrow-parens" classname="C:\work\dyrectorio\web\crux-ui\src\pages\api\nodes\connect\[teamId]"><failure message="Expected parentheses around arrow function argument."><![CDATA[line 47, col 10, Error - Expected parentheses around arrow function argument. (arrow-parens)]]></failure></testcase>
<testcase time="0" name="org.eslint.arrow-body-style" classname="C:\work\dyrectorio\web\crux-ui\src\pages\api\nodes\connect\[teamId]"><failure message="Unexpected block statement surrounding arrow body; parenthesize the returned value and move it immediately after the `=&gt;`."><![CDATA[line 47, col 16, Error - Unexpected block statement surrounding arrow body; parenthesize the returned value and move it immediately after the `=&gt;`. (arrow-body-style)]]></failure></testcase>
<testcase time="0" name="org.eslint.linebreak-style" classname="C:\work\dyrectorio\web\crux-ui\src\pages\api\nodes\connect\[teamId]"><failure message="Expected linebreaks to be &apos;LF&apos; but found &apos;CRLF&apos;."><![CDATA[line 47, col 17, Error - Expected linebreaks to be &apos;LF&apos; but found &apos;CRLF&apos;. (linebreak-style)]]></failure></testcase>
<testcase time="0" name="org.eslint.linebreak-style" classname="C:\work\dyrectorio\web\crux-ui\src\pages\api\nodes\connect\[teamId]"><failure message="Expected linebreaks to be &apos;LF&apos; but found &apos;CRLF&apos;."><![CDATA[line 48, col 15, Error - Expected linebreaks to be &apos;LF&apos; but found &apos;CRLF&apos;. (linebreak-style)]]></failure></testcase>
<testcase time="0" name="org.eslint.linebreak-style" classname="C:\work\dyrectorio\web\crux-ui\src\pages\api\nodes\connect\[teamId]"><failure message="Expected linebreaks to be &apos;LF&apos; but found &apos;CRLF&apos;."><![CDATA[line 49, col 23, Error - Expected linebreaks to be &apos;LF&apos; but found &apos;CRLF&apos;. (linebreak-style)]]></failure></testcase>
<testcase time="0" name="org.eslint.linebreak-style" classname="C:\work\dyrectorio\web\crux-ui\src\pages\api\nodes\connect\[teamId]"><failure message="Expected linebreaks to be &apos;LF&apos; but found &apos;CRLF&apos;."><![CDATA[line 50, col 27, Error - Expected linebreaks to be &apos;LF&apos; but found &apos;CRLF&apos;. (linebreak-style)]]></failure></testcase>
<testcase time="0" name="org.eslint.linebreak-style" classname="C:\work\dyrectorio\web\crux-ui\src\pages\api\nodes\connect\[teamId]"><failure message="Expected linebreaks to be &apos;LF&apos; but found &apos;CRLF&apos;."><![CDATA[line 51, col 29, Error - Expected linebreaks to be &apos;LF&apos; but found &apos;CRLF&apos;. (linebreak-style)]]></failure></testcase>
<testcase time="0" name="org.eslint.linebreak-style" classname="C:\work\dyrectorio\web\crux-ui\src\pages\api\nodes\connect\[teamId]"><failure message="Expected linebreaks to be &apos;LF&apos; but found &apos;CRLF&apos;."><![CDATA[line 52, col 29, Error - Expected linebreaks to be &apos;LF&apos; but found &apos;CRLF&apos;. (linebreak-style)]]></failure></testcase>
<testcase time="0" name="org.eslint.semi" classname="C:\work\dyrectorio\web\crux-ui\src\pages\api\nodes\connect\[teamId]"><failure message="Missing semicolon."><![CDATA[line 52, col 29, Error - Missing semicolon. (semi)]]></failure></testcase>
<testcase time="0" name="org.eslint.linebreak-style" classname="C:\work\dyrectorio\web\crux-ui\src\pages\api\nodes\connect\[teamId]"><failure message="Expected linebreaks to be &apos;LF&apos; but found &apos;CRLF&apos;."><![CDATA[line 53, col 7, Error - Expected linebreaks to be &apos;LF&apos; but found &apos;CRLF&apos;. (linebreak-style)]]></failure></testcase>
<testcase time="0" name="org.eslint.semi" classname="C:\work\dyrectorio\web\crux-ui\src\pages\api\nodes\connect\[teamId]"><failure message="Missing semicolon."><![CDATA[line 53, col 7, Error - Missing semicolon. (semi)]]></failure></testcase>
<testcase time="0" name="org.eslint.linebreak-style" classname="C:\work\dyrectorio\web\crux-ui\src\pages\api\nodes\connect\[teamId]"><failure message="Expected linebreaks to be &apos;LF&apos; but found &apos;CRLF&apos;."><![CDATA[line 54, col 1, Error - Expected linebreaks to be &apos;LF&apos; but found &apos;CRLF&apos;. (linebreak-style)]]></failure></testcase>
<testcase time="0" name="org.eslint.linebreak-style" classname="C:\work\dyrectorio\web\crux-ui\src\pages\api\nodes\connect\[teamId]"><failure message="Expected linebreaks to be &apos;LF&apos; but found &apos;CRLF&apos;."><![CDATA[line 55, col 69, Error - Expected linebreaks to be &apos;LF&apos; but found &apos;CRLF&apos;. (linebreak-style)]]></failure></testcase>
<testcase time="0" name="org.eslint.semi" classname="C:\work\dyrectorio\web\crux-ui\src\pages\api\nodes\connect\[teamId]"><failure message="Missing semicolon."><![CDATA[line 55, col 69, Error - Missing semicolon. (semi)]]></failure></testcase>
<testcase time="0" name="org.eslint.linebreak-style" classname="C:\work\dyrectorio\web\crux-ui\src\pages\api\nodes\connect\[teamId]"><failure message="Expected linebreaks to be &apos;LF&apos; but found &apos;CRLF&apos;."><![CDATA[line 56, col 2, Error - Expected linebreaks to be &apos;LF&apos; but found &apos;CRLF&apos;. (linebreak-style)]]></failure></testcase>
<testcase time="0" name="org.eslint.semi" classname="C:\work\dyrectorio\web\crux-ui\src\pages\api\nodes\connect\[teamId]"><failure message="Missing semicolon."><![CDATA[line 56, col 2, Error - Missing semicolon. (semi)]]></failure></testcase>
<testcase time="0" name="org.eslint.linebreak-style" classname="C:\work\dyrectorio\web\crux-ui\src\pages\api\nodes\connect\[teamId]"><failure message="Expected linebreaks to be &apos;LF&apos; but found &apos;CRLF&apos;."><![CDATA[line 57, col 1, Error - Expected linebreaks to be &apos;LF&apos; but found &apos;CRLF&apos;. (linebreak-style)]]></failure></testcase>
<testcase time="0" name="org.eslint.max-len" classname="C:\work\dyrectorio\web\crux-ui\src\pages\api\nodes\connect\[teamId]"><failure message="This line has a length of 105. Maximum allowed is 100."><![CDATA[line 58, col 1, Error - This line has a length of 105. Maximum allowed is 100. (max-len)]]></failure></testcase>
<testcase time="0" name="org.eslint.linebreak-style" classname="C:\work\dyrectorio\web\crux-ui\src\pages\api\nodes\connect\[teamId]"><failure message="Expected linebreaks to be &apos;LF&apos; but found &apos;CRLF&apos;."><![CDATA[line 58, col 106, Error - Expected linebreaks to be &apos;LF&apos; but found &apos;CRLF&apos;. (linebreak-style)]]></failure></testcase>
<testcase time="0" name="org.eslint.linebreak-style" classname="C:\work\dyrectorio\web\crux-ui\src\pages\api\nodes\connect\[teamId]"><failure message="Expected linebreaks to be &apos;LF&apos; but found &apos;CRLF&apos;."><![CDATA[line 59, col 11, Error - Expected linebreaks to be &apos;LF&apos; but found &apos;CRLF&apos;. (linebreak-style)]]></failure></testcase>
<testcase time="0" name="org.eslint.linebreak-style" classname="C:\work\dyrectorio\web\crux-ui\src\pages\api\nodes\connect\[teamId]"><failure message="Expected linebreaks to be &apos;LF&apos; but found &apos;CRLF&apos;."><![CDATA[line 60, col 15, Error - Expected linebreaks to be &apos;LF&apos; but found &apos;CRLF&apos;. (linebreak-style)]]></failure></testcase>
<testcase time="0" name="org.eslint.linebreak-style" classname="C:\work\dyrectorio\web\crux-ui\src\pages\api\nodes\connect\[teamId]"><failure message="Expected linebreaks to be &apos;LF&apos; but found &apos;CRLF&apos;."><![CDATA[line 61, col 3, Error - Expected linebreaks to be &apos;LF&apos; but found &apos;CRLF&apos;. (linebreak-style)]]></failure></testcase>
<testcase time="0" name="org.eslint.semi" classname="C:\work\dyrectorio\web\crux-ui\src\pages\api\nodes\connect\[teamId]"><failure message="Missing semicolon."><![CDATA[line 61, col 3, Error - Missing semicolon. (semi)]]></failure></testcase>
</testsuite>
<testsuite package="org.eslint" time="0" tests="43" errors="43" name="C:\work\dyrectorio\web\crux-ui\src\pages\api\notifications.ts">
<testcase time="0" name="org.eslint.linebreak-style" classname="C:\work\dyrectorio\web\crux-ui\src\pages\api\notifications"><failure message="Expected linebreaks to be &apos;LF&apos; but found &apos;CRLF&apos;."><![CDATA[line 1, col 49, Error - Expected linebreaks to be &apos;LF&apos; but found &apos;CRLF&apos;. (linebreak-style)]]></failure></testcase>
<testcase time="0" name="org.eslint.semi" classname="C:\work\dyrectorio\web\crux-ui\src\pages\api\notifications"><failure message="Missing semicolon."><![CDATA[line 1, col 49, Error - Missing semicolon. (semi)]]></failure></testcase>
<testcase time="0" name="org.eslint.linebreak-style" classname="C:\work\dyrectorio\web\crux-ui\src\pages\api\notifications"><failure message="Expected linebreaks to be &apos;LF&apos; but found &apos;CRLF&apos;."><![CDATA[line 2, col 53, Error - Expected linebreaks to be &apos;LF&apos; but found &apos;CRLF&apos;. (linebreak-style)]]></failure></testcase>
<testcase time="0" name="org.eslint.semi" classname="C:\work\dyrectorio\web\crux-ui\src\pages\api\notifications"><failure message="Missing semicolon."><![CDATA[line 2, col 53, Error - Missing semicolon. (semi)]]></failure></testcase>
<testcase time="0" name="org.eslint.linebreak-style" classname="C:\work\dyrectorio\web\crux-ui\src\pages\api\notifications"><failure message="Expected linebreaks to be &apos;LF&apos; but found &apos;CRLF&apos;."><![CDATA[line 3, col 37, Error - Expected linebreaks to be &apos;LF&apos; but found &apos;CRLF&apos;. (linebreak-style)]]></failure></testcase>
<testcase time="0" name="org.eslint.semi" classname="C:\work\dyrectorio\web\crux-ui\src\pages\api\notifications"><failure message="Missing semicolon."><![CDATA[line 3, col 37, Error - Missing semicolon. (semi)]]></failure></testcase>
<testcase time="0" name="org.eslint.linebreak-style" classname="C:\work\dyrectorio\web\crux-ui\src\pages\api\notifications"><failure message="Expected linebreaks to be &apos;LF&apos; but found &apos;CRLF&apos;."><![CDATA[line 4, col 54, Error - Expected linebreaks to be &apos;LF&apos; but found &apos;CRLF&apos;. (linebreak-style)]]></failure></testcase>
<testcase time="0" name="org.eslint.semi" classname="C:\work\dyrectorio\web\crux-ui\src\pages\api\notifications"><failure message="Missing semicolon."><![CDATA[line 4, col 54, Error - Missing semicolon. (semi)]]></failure></testcase>
<testcase time="0" name="org.eslint.linebreak-style" classname="C:\work\dyrectorio\web\crux-ui\src\pages\api\notifications"><failure message="Expected linebreaks to be &apos;LF&apos; but found &apos;CRLF&apos;."><![CDATA[line 5, col 72, Error - Expected linebreaks to be &apos;LF&apos; but found &apos;CRLF&apos;. (linebreak-style)]]></failure></testcase>
<testcase time="0" name="org.eslint.semi" classname="C:\work\dyrectorio\web\crux-ui\src\pages\api\notifications"><failure message="Missing semicolon."><![CDATA[line 5, col 72, Error - Missing semicolon. (semi)]]></failure></testcase>
<testcase time="0" name="org.eslint.linebreak-style" classname="C:\work\dyrectorio\web\crux-ui\src\pages\api\notifications"><failure message="Expected linebreaks to be &apos;LF&apos; but found &apos;CRLF&apos;."><![CDATA[line 6, col 55, Error - Expected linebreaks to be &apos;LF&apos; but found &apos;CRLF&apos;. (linebreak-style)]]></failure></testcase>
<testcase time="0" name="org.eslint.semi" classname="C:\work\dyrectorio\web\crux-ui\src\pages\api\notifications"><failure message="Missing semicolon."><![CDATA[line 6, col 55, Error - Missing semicolon. (semi)]]></failure></testcase>
<testcase time="0" name="org.eslint.linebreak-style" classname="C:\work\dyrectorio\web\crux-ui\src\pages\api\notifications"><failure message="Expected linebreaks to be &apos;LF&apos; but found &apos;CRLF&apos;."><![CDATA[line 7, col 1, Error - Expected linebreaks to be &apos;LF&apos; but found &apos;CRLF&apos;. (linebreak-style)]]></failure></testcase>
<testcase time="0" name="org.eslint.linebreak-style" classname="C:\work\dyrectorio\web\crux-ui\src\pages\api\notifications"><failure message="Expected linebreaks to be &apos;LF&apos; but found &apos;CRLF&apos;."><![CDATA[line 8, col 69, Error - Expected linebreaks to be &apos;LF&apos; but found &apos;CRLF&apos;. (linebreak-style)]]></failure></testcase>
<testcase time="0" name="org.eslint.linebreak-style" classname="C:\work\dyrectorio\web\crux-ui\src\pages\api\notifications"><failure message="Expected linebreaks to be &apos;LF&apos; but found &apos;CRLF&apos;."><![CDATA[line 9, col 64, Error - Expected linebreaks to be &apos;LF&apos; but found &apos;CRLF&apos;. (linebreak-style)]]></failure></testcase>
<testcase time="0" name="org.eslint.semi" classname="C:\work\dyrectorio\web\crux-ui\src\pages\api\notifications"><failure message="Missing semicolon."><![CDATA[line 9, col 64, Error - Missing semicolon. (semi)]]></failure></testcase>
<testcase time="0" name="org.eslint.linebreak-style" classname="C:\work\dyrectorio\web\crux-ui\src\pages\api\notifications"><failure message="Expected linebreaks to be &apos;LF&apos; but found &apos;CRLF&apos;."><![CDATA[line 10, col 1, Error - Expected linebreaks to be &apos;LF&apos; but found &apos;CRLF&apos;. (linebreak-style)]]></failure></testcase>
<testcase time="0" name="org.eslint.linebreak-style" classname="C:\work\dyrectorio\web\crux-ui\src\pages\api\notifications"><failure message="Expected linebreaks to be &apos;LF&apos; but found &apos;CRLF&apos;."><![CDATA[line 11, col 38, Error - Expected linebreaks to be &apos;LF&apos; but found &apos;CRLF&apos;. (linebreak-style)]]></failure></testcase>
<testcase time="0" name="org.eslint.semi" classname="C:\work\dyrectorio\web\crux-ui\src\pages\api\notifications"><failure message="Missing semicolon."><![CDATA[line 11, col 38, Error - Missing semicolon. (semi)]]></failure></testcase>
<testcase time="0" name="org.eslint.linebreak-style" classname="C:\work\dyrectorio\web\crux-ui\src\pages\api\notifications"><failure message="Expected linebreaks to be &apos;LF&apos; but found &apos;CRLF&apos;."><![CDATA[line 12, col 2, Error - Expected linebreaks to be &apos;LF&apos; but found &apos;CRLF&apos;. (linebreak-style)]]></failure></testcase>
<testcase time="0" name="org.eslint.semi" classname="C:\work\dyrectorio\web\crux-ui\src\pages\api\notifications"><failure message="Missing semicolon."><![CDATA[line 12, col 2, Error - Missing semicolon. (semi)]]></failure></testcase>
<testcase time="0" name="org.eslint.linebreak-style" classname="C:\work\dyrectorio\web\crux-ui\src\pages\api\notifications"><failure message="Expected linebreaks to be &apos;LF&apos; but found &apos;CRLF&apos;."><![CDATA[line 13, col 1, Error - Expected linebreaks to be &apos;LF&apos; but found &apos;CRLF&apos;. (linebreak-style)]]></failure></testcase>
<testcase time="0" name="org.eslint.linebreak-style" classname="C:\work\dyrectorio\web\crux-ui\src\pages\api\notifications"><failure message="Expected linebreaks to be &apos;LF&apos; but found &apos;CRLF&apos;."><![CDATA[line 14, col 70, Error - Expected linebreaks to be &apos;LF&apos; but found &apos;CRLF&apos;. (linebreak-style)]]></failure></testcase>
<testcase time="0" name="org.eslint.linebreak-style" classname="C:\work\dyrectorio\web\crux-ui\src\pages\api\notifications"><failure message="Expected linebreaks to be &apos;LF&apos; but found &apos;CRLF&apos;."><![CDATA[line 15, col 45, Error - Expected linebreaks to be &apos;LF&apos; but found &apos;CRLF&apos;. (linebreak-style)]]></failure></testcase>
<testcase time="0" name="org.eslint.semi" classname="C:\work\dyrectorio\web\crux-ui\src\pages\api\notifications"><failure message="Missing semicolon."><![CDATA[line 15, col 45, Error - Missing semicolon. (semi)]]></failure></testcase>
<testcase time="0" name="org.eslint.linebreak-style" classname="C:\work\dyrectorio\web\crux-ui\src\pages\api\notifications"><failure message="Expected linebreaks to be &apos;LF&apos; but found &apos;CRLF&apos;."><![CDATA[line 16, col 1, Error - Expected linebreaks to be &apos;LF&apos; but found &apos;CRLF&apos;. (linebreak-style)]]></failure></testcase>
<testcase time="0" name="org.eslint.linebreak-style" classname="C:\work\dyrectorio\web\crux-ui\src\pages\api\notifications"><failure message="Expected linebreaks to be &apos;LF&apos; but found &apos;CRLF&apos;."><![CDATA[line 17, col 66, Error - Expected linebreaks to be &apos;LF&apos; but found &apos;CRLF&apos;. (linebreak-style)]]></failure></testcase>
<testcase time="0" name="org.eslint.semi" classname="C:\work\dyrectorio\web\crux-ui\src\pages\api\notifications"><failure message="Missing semicolon."><![CDATA[line 17, col 66, Error - Missing semicolon. (semi)]]></failure></testcase>
<testcase time="0" name="org.eslint.linebreak-style" classname="C:\work\dyrectorio\web\crux-ui\src\pages\api\notifications"><failure message="Expected linebreaks to be &apos;LF&apos; but found &apos;CRLF&apos;."><![CDATA[line 18, col 1, Error - Expected linebreaks to be &apos;LF&apos; but found &apos;CRLF&apos;. (linebreak-style)]]></failure></testcase>
<testcase time="0" name="org.eslint.linebreak-style" classname="C:\work\dyrectorio\web\crux-ui\src\pages\api\notifications"><failure message="Expected linebreaks to be &apos;LF&apos; but found &apos;CRLF&apos;."><![CDATA[line 19, col 37, Error - Expected linebreaks to be &apos;LF&apos; but found &apos;CRLF&apos;. (linebreak-style)]]></failure></testcase>
<testcase time="0" name="org.eslint.semi" classname="C:\work\dyrectorio\web\crux-ui\src\pages\api\notifications"><failure message="Missing semicolon."><![CDATA[line 19, col 37, Error - Missing semicolon. (semi)]]></failure></testcase>
<testcase time="0" name="org.eslint.linebreak-style" classname="C:\work\dyrectorio\web\crux-ui\src\pages\api\notifications"><failure message="Expected linebreaks to be &apos;LF&apos; but found &apos;CRLF&apos;."><![CDATA[line 20, col 2, Error - Expected linebreaks to be &apos;LF&apos; but found &apos;CRLF&apos;. (linebreak-style)]]></failure></testcase>
<testcase time="0" name="org.eslint.semi" classname="C:\work\dyrectorio\web\crux-ui\src\pages\api\notifications"><failure message="Missing semicolon."><![CDATA[line 20, col 2, Error - Missing semicolon. (semi)]]></failure></testcase>
<testcase time="0" name="org.eslint.linebreak-style" classname="C:\work\dyrectorio\web\crux-ui\src\pages\api\notifications"><failure message="Expected linebreaks to be &apos;LF&apos; but found &apos;CRLF&apos;."><![CDATA[line 21, col 1, Error - Expected linebreaks to be &apos;LF&apos; but found &apos;CRLF&apos;. (linebreak-style)]]></failure></testcase>
<testcase time="0" name="org.eslint.linebreak-style" classname="C:\work\dyrectorio\web\crux-ui\src\pages\api\notifications"><failure message="Expected linebreaks to be &apos;LF&apos; but found &apos;CRLF&apos;."><![CDATA[line 22, col 33, Error - Expected linebreaks to be &apos;LF&apos; but found &apos;CRLF&apos;. (linebreak-style)]]></failure></testcase>
<testcase time="0" name="org.eslint.object-shorthand" classname="C:\work\dyrectorio\web\crux-ui\src\pages\api\notifications"><failure message="Expected property shorthand."><![CDATA[line 23, col 3, Error - Expected property shorthand. (object-shorthand)]]></failure></testcase>
<testcase time="0" name="org.eslint.linebreak-style" classname="C:\work\dyrectorio\web\crux-ui\src\pages\api\notifications"><failure message="Expected linebreaks to be &apos;LF&apos; but found &apos;CRLF&apos;."><![CDATA[line 23, col 16, Error - Expected linebreaks to be &apos;LF&apos; but found &apos;CRLF&apos;. (linebreak-style)]]></failure></testcase>
<testcase time="0" name="org.eslint.linebreak-style" classname="C:\work\dyrectorio\web\crux-ui\src\pages\api\notifications"><failure message="Expected linebreaks to be &apos;LF&apos; but found &apos;CRLF&apos;."><![CDATA[line 24, col 12, Error - Expected linebreaks to be &apos;LF&apos; but found &apos;CRLF&apos;. (linebreak-style)]]></failure></testcase>
<testcase time="0" name="org.eslint.linebreak-style" classname="C:\work\dyrectorio\web\crux-ui\src\pages\api\notifications"><failure message="Expected linebreaks to be &apos;LF&apos; but found &apos;CRLF&apos;."><![CDATA[line 25, col 64, Error - Expected linebreaks to be &apos;LF&apos; but found &apos;CRLF&apos;. (linebreak-style)]]></failure></testcase>
<testcase time="0" name="org.eslint.linebreak-style" classname="C:\work\dyrectorio\web\crux-ui\src\pages\api\notifications"><failure message="Expected linebreaks to be &apos;LF&apos; but found &apos;CRLF&apos;."><![CDATA[line 26, col 22, Error - Expected linebreaks to be &apos;LF&apos; but found &apos;CRLF&apos;. (linebreak-style)]]></failure></testcase>
<testcase time="0" name="org.eslint.linebreak-style" classname="C:\work\dyrectorio\web\crux-ui\src\pages\api\notifications"><failure message="Expected linebreaks to be &apos;LF&apos; but found &apos;CRLF&apos;."><![CDATA[line 27, col 5, Error - Expected linebreaks to be &apos;LF&apos; but found &apos;CRLF&apos;. (linebreak-style)]]></failure></testcase>
<testcase time="0" name="org.eslint.linebreak-style" classname="C:\work\dyrectorio\web\crux-ui\src\pages\api\notifications"><failure message="Expected linebreaks to be &apos;LF&apos; but found &apos;CRLF&apos;."><![CDATA[line 28, col 3, Error - Expected linebreaks to be &apos;LF&apos; but found &apos;CRLF&apos;. (linebreak-style)]]></failure></testcase>
<testcase time="0" name="org.eslint.semi" classname="C:\work\dyrectorio\web\crux-ui\src\pages\api\notifications"><failure message="Missing semicolon."><![CDATA[line 28, col 3, Error - Missing semicolon. (semi)]]></failure></testcase>
</testsuite>
<testsuite package="org.eslint" time="0" tests="46" errors="46" name="C:\work\dyrectorio\web\crux-ui\src\pages\api\notifications\[notificationId].ts">
<testcase time="0" name="org.eslint.linebreak-style" classname="C:\work\dyrectorio\web\crux-ui\src\pages\api\notifications\[notificationId]"><failure message="Expected linebreaks to be &apos;LF&apos; but found &apos;CRLF&apos;."><![CDATA[line 1, col 49, Error - Expected linebreaks to be &apos;LF&apos; but found &apos;CRLF&apos;. (linebreak-style)]]></failure></testcase>
<testcase time="0" name="org.eslint.semi" classname="C:\work\dyrectorio\web\crux-ui\src\pages\api\notifications\[notificationId]"><failure message="Missing semicolon."><![CDATA[line 1, col 49, Error - Missing semicolon. (semi)]]></failure></testcase>
<testcase time="0" name="org.eslint.linebreak-style" classname="C:\work\dyrectorio\web\crux-ui\src\pages\api\notifications\[notificationId]"><failure message="Expected linebreaks to be &apos;LF&apos; but found &apos;CRLF&apos;."><![CDATA[line 2, col 53, Error - Expected linebreaks to be &apos;LF&apos; but found &apos;CRLF&apos;. (linebreak-style)]]></failure></testcase>
<testcase time="0" name="org.eslint.semi" classname="C:\work\dyrectorio\web\crux-ui\src\pages\api\notifications\[notificationId]"><failure message="Missing semicolon."><![CDATA[line 2, col 53, Error - Missing semicolon. (semi)]]></failure></testcase>
<testcase time="0" name="org.eslint.linebreak-style" classname="C:\work\dyrectorio\web\crux-ui\src\pages\api\notifications\[notificationId]"><failure message="Expected linebreaks to be &apos;LF&apos; but found &apos;CRLF&apos;."><![CDATA[line 3, col 37, Error - Expected linebreaks to be &apos;LF&apos; but found &apos;CRLF&apos;. (linebreak-style)]]></failure></testcase>
<testcase time="0" name="org.eslint.semi" classname="C:\work\dyrectorio\web\crux-ui\src\pages\api\notifications\[notificationId]"><failure message="Missing semicolon."><![CDATA[line 3, col 37, Error - Missing semicolon. (semi)]]></failure></testcase>
<testcase time="0" name="org.eslint.linebreak-style" classname="C:\work\dyrectorio\web\crux-ui\src\pages\api\notifications\[notificationId]"><failure message="Expected linebreaks to be &apos;LF&apos; but found &apos;CRLF&apos;."><![CDATA[line 4, col 54, Error - Expected linebreaks to be &apos;LF&apos; but found &apos;CRLF&apos;. (linebreak-style)]]></failure></testcase>
<testcase time="0" name="org.eslint.semi" classname="C:\work\dyrectorio\web\crux-ui\src\pages\api\notifications\[notificationId]"><failure message="Missing semicolon."><![CDATA[line 4, col 54, Error - Missing semicolon. (semi)]]></failure></testcase>
<testcase time="0" name="org.eslint.linebreak-style" classname="C:\work\dyrectorio\web\crux-ui\src\pages\api\notifications\[notificationId]"><failure message="Expected linebreaks to be &apos;LF&apos; but found &apos;CRLF&apos;."><![CDATA[line 5, col 72, Error - Expected linebreaks to be &apos;LF&apos; but found &apos;CRLF&apos;. (linebreak-style)]]></failure></testcase>
<testcase time="0" name="org.eslint.semi" classname="C:\work\dyrectorio\web\crux-ui\src\pages\api\notifications\[notificationId]"><failure message="Missing semicolon."><![CDATA[line 5, col 72, Error - Missing semicolon. (semi)]]></failure></testcase>
<testcase time="0" name="org.eslint.linebreak-style" classname="C:\work\dyrectorio\web\crux-ui\src\pages\api\notifications\[notificationId]"><failure message="Expected linebreaks to be &apos;LF&apos; but found &apos;CRLF&apos;."><![CDATA[line 6, col 55, Error - Expected linebreaks to be &apos;LF&apos; but found &apos;CRLF&apos;. (linebreak-style)]]></failure></testcase>
<testcase time="0" name="org.eslint.semi" classname="C:\work\dyrectorio\web\crux-ui\src\pages\api\notifications\[notificationId]"><failure message="Missing semicolon."><![CDATA[line 6, col 55, Error - Missing semicolon. (semi)]]></failure></testcase>
<testcase time="0" name="org.eslint.linebreak-style" classname="C:\work\dyrectorio\web\crux-ui\src\pages\api\notifications\[notificationId]"><failure message="Expected linebreaks to be &apos;LF&apos; but found &apos;CRLF&apos;."><![CDATA[line 7, col 1, Error - Expected linebreaks to be &apos;LF&apos; but found &apos;CRLF&apos;. (linebreak-style)]]></failure></testcase>
<testcase time="0" name="org.eslint.linebreak-style" classname="C:\work\dyrectorio\web\crux-ui\src\pages\api\notifications\[notificationId]"><failure message="Expected linebreaks to be &apos;LF&apos; but found &apos;CRLF&apos;."><![CDATA[line 8, col 69, Error - Expected linebreaks to be &apos;LF&apos; but found &apos;CRLF&apos;. (linebreak-style)]]></failure></testcase>
<testcase time="0" name="org.eslint.linebreak-style" classname="C:\work\dyrectorio\web\crux-ui\src\pages\api\notifications\[notificationId]"><failure message="Expected linebreaks to be &apos;LF&apos; but found &apos;CRLF&apos;."><![CDATA[line 9, col 45, Error - Expected linebreaks to be &apos;LF&apos; but found &apos;CRLF&apos;. (linebreak-style)]]></failure></testcase>
<testcase time="0" name="org.eslint.semi" classname="C:\work\dyrectorio\web\crux-ui\src\pages\api\notifications\[notificationId]"><failure message="Missing semicolon."><![CDATA[line 9, col 45, Error - Missing semicolon. (semi)]]></failure></testcase>
<testcase time="0" name="org.eslint.linebreak-style" classname="C:\work\dyrectorio\web\crux-ui\src\pages\api\notifications\[notificationId]"><failure message="Expected linebreaks to be &apos;LF&apos; but found &apos;CRLF&apos;."><![CDATA[line 10, col 1, Error - Expected linebreaks to be &apos;LF&apos; but found &apos;CRLF&apos;. (linebreak-style)]]></failure></testcase>
<testcase time="0" name="org.eslint.linebreak-style" classname="C:\work\dyrectorio\web\crux-ui\src\pages\api\notifications\[notificationId]"><failure message="Expected linebreaks to be &apos;LF&apos; but found &apos;CRLF&apos;."><![CDATA[line 11, col 45, Error - Expected linebreaks to be &apos;LF&apos; but found &apos;CRLF&apos;. (linebreak-style)]]></failure></testcase>
<testcase time="0" name="org.eslint.semi" classname="C:\work\dyrectorio\web\crux-ui\src\pages\api\notifications\[notificationId]"><failure message="Missing semicolon."><![CDATA[line 11, col 45, Error - Missing semicolon. (semi)]]></failure></testcase>
<testcase time="0" name="org.eslint.linebreak-style" classname="C:\work\dyrectorio\web\crux-ui\src\pages\api\notifications\[notificationId]"><failure message="Expected linebreaks to be &apos;LF&apos; but found &apos;CRLF&apos;."><![CDATA[line 12, col 1, Error - Expected linebreaks to be &apos;LF&apos; but found &apos;CRLF&apos;. (linebreak-style)]]></failure></testcase>
<testcase time="0" name="org.eslint.linebreak-style" classname="C:\work\dyrectorio\web\crux-ui\src\pages\api\notifications\[notificationId]"><failure message="Expected linebreaks to be &apos;LF&apos; but found &apos;CRLF&apos;."><![CDATA[line 13, col 24, Error - Expected linebreaks to be &apos;LF&apos; but found &apos;CRLF&apos;. (linebreak-style)]]></failure></testcase>
<testcase time="0" name="org.eslint.semi" classname="C:\work\dyrectorio\web\crux-ui\src\pages\api\notifications\[notificationId]"><failure message="Missing semicolon."><![CDATA[line 13, col 24, Error - Missing semicolon. (semi)]]></failure></testcase>
<testcase time="0" name="org.eslint.linebreak-style" classname="C:\work\dyrectorio\web\crux-ui\src\pages\api\notifications\[notificationId]"><failure message="Expected linebreaks to be &apos;LF&apos; but found &apos;CRLF&apos;."><![CDATA[line 14, col 2, Error - Expected linebreaks to be &apos;LF&apos; but found &apos;CRLF&apos;. (linebreak-style)]]></failure></testcase>
<testcase time="0" name="org.eslint.semi" classname="C:\work\dyrectorio\web\crux-ui\src\pages\api\notifications\[notificationId]"><failure message="Missing semicolon."><![CDATA[line 14, col 2, Error - Missing semicolon. (semi)]]></failure></testcase>
<testcase time="0" name="org.eslint.linebreak-style" classname="C:\work\dyrectorio\web\crux-ui\src\pages\api\notifications\[notificationId]"><failure message="Expected linebreaks to be &apos;LF&apos; but found &apos;CRLF&apos;."><![CDATA[line 15, col 1, Error - Expected linebreaks to be &apos;LF&apos; but found &apos;CRLF&apos;. (linebreak-style)]]></failure></testcase>
<testcase time="0" name="org.eslint.linebreak-style" classname="C:\work\dyrectorio\web\crux-ui\src\pages\api\notifications\[notificationId]"><failure message="Expected linebreaks to be &apos;LF&apos; but found &apos;CRLF&apos;."><![CDATA[line 16, col 72, Error - Expected linebreaks to be &apos;LF&apos; but found &apos;CRLF&apos;. (linebreak-style)]]></failure></testcase>
<testcase time="0" name="org.eslint.linebreak-style" classname="C:\work\dyrectorio\web\crux-ui\src\pages\api\notifications\[notificationId]"><failure message="Expected linebreaks to be &apos;LF&apos; but found &apos;CRLF&apos;."><![CDATA[line 17, col 48, Error - Expected linebreaks to be &apos;LF&apos; but found &apos;CRLF&apos;. (linebreak-style)]]></failure></testcase>
<testcase time="0" name="org.eslint.semi" classname="C:\work\dyrectorio\web\crux-ui\src\pages\api\notifications\[notificationId]"><failure message="Missing semicolon."><![CDATA[line 17, col 48, Error - Missing semicolon. (semi)]]></failure></testcase>
<testcase time="0" name="org.eslint.linebreak-style" classname="C:\work\dyrectorio\web\crux-ui\src\pages\api\notifications\[notificationId]"><failure message="Expected linebreaks to be &apos;LF&apos; but found &apos;CRLF&apos;."><![CDATA[line 18, col 1, Error - Expected linebreaks to be &apos;LF&apos; but found &apos;CRLF&apos;. (linebreak-style)]]></failure></testcase>
<testcase time="0" name="org.eslint.linebreak-style" classname="C:\work\dyrectorio\web\crux-ui\src\pages\api\notifications\[notificationId]"><failure message="Expected linebreaks to be &apos;LF&apos; but found &apos;CRLF&apos;."><![CDATA[line 19, col 44, Error - Expected linebreaks to be &apos;LF&apos; but found &apos;CRLF&apos;. (linebreak-style)]]></failure></testcase>
<testcase time="0" name="org.eslint.semi" classname="C:\work\dyrectorio\web\crux-ui\src\pages\api\notifications\[notificationId]"><failure message="Missing semicolon."><![CDATA[line 19, col 44, Error - Missing semicolon. (semi)]]></failure></testcase>
<testcase time="0" name="org.eslint.linebreak-style" classname="C:\work\dyrectorio\web\crux-ui\src\pages\api\notifications\[notificationId]"><failure message="Expected linebreaks to be &apos;LF&apos; but found &apos;CRLF&apos;."><![CDATA[line 20, col 1, Error - Expected linebreaks to be &apos;LF&apos; but found &apos;CRLF&apos;. (linebreak-style)]]></failure></testcase>
<testcase time="0" name="org.eslint.linebreak-style" classname="C:\work\dyrectorio\web\crux-ui\src\pages\api\notifications\[notificationId]"><failure message="Expected linebreaks to be &apos;LF&apos; but found &apos;CRLF&apos;."><![CDATA[line 21, col 24, Error - Expected linebreaks to be &apos;LF&apos; but found &apos;CRLF&apos;. (linebreak-style)]]></failure></testcase>
<testcase time="0" name="org.eslint.semi" classname="C:\work\dyrectorio\web\crux-ui\src\pages\api\notifications\[notificationId]"><failure message="Missing semicolon."><![CDATA[line 21, col 24, Error - Missing semicolon. (semi)]]></failure></testcase>
<testcase time="0" name="org.eslint.linebreak-style" classname="C:\work\dyrectorio\web\crux-ui\src\pages\api\notifications\[notificationId]"><failure message="Expected linebreaks to be &apos;LF&apos; but found &apos;CRLF&apos;."><![CDATA[line 22, col 2, Error - Expected linebreaks to be &apos;LF&apos; but found &apos;CRLF&apos;. (linebreak-style)]]></failure></testcase>
<testcase time="0" name="org.eslint.semi" classname="C:\work\dyrectorio\web\crux-ui\src\pages\api\notifications\[notificationId]"><failure message="Missing semicolon."><![CDATA[line 22, col 2, Error - Missing semicolon. (semi)]]></failure></testcase>
<testcase time="0" name="org.eslint.linebreak-style" classname="C:\work\dyrectorio\web\crux-ui\src\pages\api\notifications\[notificationId]"><failure message="Expected linebreaks to be &apos;LF&apos; but found &apos;CRLF&apos;."><![CDATA[line 23, col 1, Error - Expected linebreaks to be &apos;LF&apos; but found &apos;CRLF&apos;. (linebreak-style)]]></failure></testcase>
<testcase time="0" name="org.eslint.linebreak-style" classname="C:\work\dyrectorio\web\crux-ui\src\pages\api\notifications\[notificationId]"><failure message="Expected linebreaks to be &apos;LF&apos; but found &apos;CRLF&apos;."><![CDATA[line 24, col 33, Error - Expected linebreaks to be &apos;LF&apos; but found &apos;CRLF&apos;. (linebreak-style)]]></failure></testcase>
<testcase time="0" name="org.eslint.linebreak-style" classname="C:\work\dyrectorio\web\crux-ui\src\pages\api\notifications\[notificationId]"><failure message="Expected linebreaks to be &apos;LF&apos; but found &apos;CRLF&apos;."><![CDATA[line 25, col 11, Error - Expected linebreaks to be &apos;LF&apos; but found &apos;CRLF&apos;. (linebreak-style)]]></failure></testcase>
<testcase time="0" name="org.eslint.linebreak-style" classname="C:\work\dyrectorio\web\crux-ui\src\pages\api\notifications\[notificationId]"><failure message="Expected linebreaks to be &apos;LF&apos; but found &apos;CRLF&apos;."><![CDATA[line 26, col 21, Error - Expected linebreaks to be &apos;LF&apos; but found &apos;CRLF&apos;. (linebreak-style)]]></failure></testcase>
<testcase time="0" name="org.eslint.linebreak-style" classname="C:\work\dyrectorio\web\crux-ui\src\pages\api\notifications\[notificationId]"><failure message="Expected linebreaks to be &apos;LF&apos; but found &apos;CRLF&apos;."><![CDATA[line 27, col 64, Error - Expected linebreaks to be &apos;LF&apos; but found &apos;CRLF&apos;. (linebreak-style)]]></failure></testcase>
<testcase time="0" name="org.eslint.linebreak-style" classname="C:\work\dyrectorio\web\crux-ui\src\pages\api\notifications\[notificationId]"><failure message="Expected linebreaks to be &apos;LF&apos; but found &apos;CRLF&apos;."><![CDATA[line 28, col 5, Error - Expected linebreaks to be &apos;LF&apos; but found &apos;CRLF&apos;. (linebreak-style)]]></failure></testcase>
<testcase time="0" name="org.eslint.object-shorthand" classname="C:\work\dyrectorio\web\crux-ui\src\pages\api\notifications\[notificationId]"><failure message="Expected property shorthand."><![CDATA[line 29, col 3, Error - Expected property shorthand. (object-shorthand)]]></failure></testcase>
<testcase time="0" name="org.eslint.linebreak-style" classname="C:\work\dyrectorio\web\crux-ui\src\pages\api\notifications\[notificationId]"><failure message="Expected linebreaks to be &apos;LF&apos; but found &apos;CRLF&apos;."><![CDATA[line 29, col 22, Error - Expected linebreaks to be &apos;LF&apos; but found &apos;CRLF&apos;. (linebreak-style)]]></failure></testcase>
<testcase time="0" name="org.eslint.linebreak-style" classname="C:\work\dyrectorio\web\crux-ui\src\pages\api\notifications\[notificationId]"><failure message="Expected linebreaks to be &apos;LF&apos; but found &apos;CRLF&apos;."><![CDATA[line 30, col 3, Error - Expected linebreaks to be &apos;LF&apos; but found &apos;CRLF&apos;. (linebreak-style)]]></failure></testcase>
<testcase time="0" name="org.eslint.semi" classname="C:\work\dyrectorio\web\crux-ui\src\pages\api\notifications\[notificationId]"><failure message="Missing semicolon."><![CDATA[line 30, col 3, Error - Missing semicolon. (semi)]]></failure></testcase>
</testsuite>
<testsuite package="org.eslint" time="0" tests="24" errors="24" name="C:\work\dyrectorio\web\crux-ui\src\pages\api\notifications\[notificationId]\hook.ts">
<testcase time="0" name="org.eslint.linebreak-style" classname="C:\work\dyrectorio\web\crux-ui\src\pages\api\notifications\[notificationId]\hook"><failure message="Expected linebreaks to be &apos;LF&apos; but found &apos;CRLF&apos;."><![CDATA[line 1, col 37, Error - Expected linebreaks to be &apos;LF&apos; but found &apos;CRLF&apos;. (linebreak-style)]]></failure></testcase>
<testcase time="0" name="org.eslint.semi" classname="C:\work\dyrectorio\web\crux-ui\src\pages\api\notifications\[notificationId]\hook"><failure message="Missing semicolon."><![CDATA[line 1, col 37, Error - Missing semicolon. (semi)]]></failure></testcase>
<testcase time="0" name="org.eslint.linebreak-style" classname="C:\work\dyrectorio\web\crux-ui\src\pages\api\notifications\[notificationId]\hook"><failure message="Expected linebreaks to be &apos;LF&apos; but found &apos;CRLF&apos;."><![CDATA[line 2, col 54, Error - Expected linebreaks to be &apos;LF&apos; but found &apos;CRLF&apos;. (linebreak-style)]]></failure></testcase>
<testcase time="0" name="org.eslint.semi" classname="C:\work\dyrectorio\web\crux-ui\src\pages\api\notifications\[notificationId]\hook"><failure message="Missing semicolon."><![CDATA[line 2, col 54, Error - Missing semicolon. (semi)]]></failure></testcase>
<testcase time="0" name="org.eslint.linebreak-style" classname="C:\work\dyrectorio\web\crux-ui\src\pages\api\notifications\[notificationId]\hook"><failure message="Expected linebreaks to be &apos;LF&apos; but found &apos;CRLF&apos;."><![CDATA[line 3, col 55, Error - Expected linebreaks to be &apos;LF&apos; but found &apos;CRLF&apos;. (linebreak-style)]]></failure></testcase>
<testcase time="0" name="org.eslint.semi" classname="C:\work\dyrectorio\web\crux-ui\src\pages\api\notifications\[notificationId]\hook"><failure message="Missing semicolon."><![CDATA[line 3, col 55, Error - Missing semicolon. (semi)]]></failure></testcase>
<testcase time="0" name="org.eslint.linebreak-style" classname="C:\work\dyrectorio\web\crux-ui\src\pages\api\notifications\[notificationId]\hook"><failure message="Expected linebreaks to be &apos;LF&apos; but found &apos;CRLF&apos;."><![CDATA[line 4, col 1, Error - Expected linebreaks to be &apos;LF&apos; but found &apos;CRLF&apos;. (linebreak-style)]]></failure></testcase>
<testcase time="0" name="org.eslint.linebreak-style" classname="C:\work\dyrectorio\web\crux-ui\src\pages\api\notifications\[notificationId]\hook"><failure message="Expected linebreaks to be &apos;LF&apos; but found &apos;CRLF&apos;."><![CDATA[line 5, col 70, Error - Expected linebreaks to be &apos;LF&apos; but found &apos;CRLF&apos;. (linebreak-style)]]></failure></testcase>
<testcase time="0" name="org.eslint.linebreak-style" classname="C:\work\dyrectorio\web\crux-ui\src\pages\api\notifications\[notificationId]\hook"><failure message="Expected linebreaks to be &apos;LF&apos; but found &apos;CRLF&apos;."><![CDATA[line 6, col 48, Error - Expected linebreaks to be &apos;LF&apos; but found &apos;CRLF&apos;. (linebreak-style)]]></failure></testcase>
<testcase time="0" name="org.eslint.semi" classname="C:\work\dyrectorio\web\crux-ui\src\pages\api\notifications\[notificationId]\hook"><failure message="Missing semicolon."><![CDATA[line 6, col 48, Error - Missing semicolon. (semi)]]></failure></testcase>
<testcase time="0" name="org.eslint.linebreak-style" classname="C:\work\dyrectorio\web\crux-ui\src\pages\api\notifications\[notificationId]\hook"><failure message="Expected linebreaks to be &apos;LF&apos; but found &apos;CRLF&apos;."><![CDATA[line 7, col 1, Error - Expected linebreaks to be &apos;LF&apos; but found &apos;CRLF&apos;. (linebreak-style)]]></failure></testcase>
<testcase time="0" name="org.eslint.linebreak-style" classname="C:\work\dyrectorio\web\crux-ui\src\pages\api\notifications\[notificationId]\hook"><failure message="Expected linebreaks to be &apos;LF&apos; but found &apos;CRLF&apos;."><![CDATA[line 8, col 54, Error - Expected linebreaks to be &apos;LF&apos; but found &apos;CRLF&apos;. (linebreak-style)]]></failure></testcase>
<testcase time="0" name="org.eslint.semi" classname="C:\work\dyrectorio\web\crux-ui\src\pages\api\notifications\[notificationId]\hook"><failure message="Missing semicolon."><![CDATA[line 8, col 54, Error - Missing semicolon. (semi)]]></failure></testcase>
<testcase time="0" name="org.eslint.linebreak-style" classname="C:\work\dyrectorio\web\crux-ui\src\pages\api\notifications\[notificationId]\hook"><failure message="Expected linebreaks to be &apos;LF&apos; but found &apos;CRLF&apos;."><![CDATA[line 9, col 1, Error - Expected linebreaks to be &apos;LF&apos; but found &apos;CRLF&apos;. (linebreak-style)]]></failure></testcase>
<testcase time="0" name="org.eslint.linebreak-style" classname="C:\work\dyrectorio\web\crux-ui\src\pages\api\notifications\[notificationId]\hook"><failure message="Expected linebreaks to be &apos;LF&apos; but found &apos;CRLF&apos;."><![CDATA[line 10, col 24, Error - Expected linebreaks to be &apos;LF&apos; but found &apos;CRLF&apos;. (linebreak-style)]]></failure></testcase>
<testcase time="0" name="org.eslint.semi" classname="C:\work\dyrectorio\web\crux-ui\src\pages\api\notifications\[notificationId]\hook"><failure message="Missing semicolon."><![CDATA[line 10, col 24, Error - Missing semicolon. (semi)]]></failure></testcase>
<testcase time="0" name="org.eslint.linebreak-style" classname="C:\work\dyrectorio\web\crux-ui\src\pages\api\notifications\[notificationId]\hook"><failure message="Expected linebreaks to be &apos;LF&apos; but found &apos;CRLF&apos;."><![CDATA[line 11, col 2, Error - Expected linebreaks to be &apos;LF&apos; but found &apos;CRLF&apos;. (linebreak-style)]]></failure></testcase>
<testcase time="0" name="org.eslint.semi" classname="C:\work\dyrectorio\web\crux-ui\src\pages\api\notifications\[notificationId]\hook"><failure message="Missing semicolon."><![CDATA[line 11, col 2, Error - Missing semicolon. (semi)]]></failure></testcase>
<testcase time="0" name="org.eslint.linebreak-style" classname="C:\work\dyrectorio\web\crux-ui\src\pages\api\notifications\[notificationId]\hook"><failure message="Expected linebreaks to be &apos;LF&apos; but found &apos;CRLF&apos;."><![CDATA[line 12, col 1, Error - Expected linebreaks to be &apos;LF&apos; but found &apos;CRLF&apos;. (linebreak-style)]]></failure></testcase>
<testcase time="0" name="org.eslint.linebreak-style" classname="C:\work\dyrectorio\web\crux-ui\src\pages\api\notifications\[notificationId]\hook"><failure message="Expected linebreaks to be &apos;LF&apos; but found &apos;CRLF&apos;."><![CDATA[line 13, col 33, Error - Expected linebreaks to be &apos;LF&apos; but found &apos;CRLF&apos;. (linebreak-style)]]></failure></testcase>
<testcase time="0" name="org.eslint.object-shorthand" classname="C:\work\dyrectorio\web\crux-ui\src\pages\api\notifications\[notificationId]\hook"><failure message="Expected property shorthand."><![CDATA[line 14, col 3, Error - Expected property shorthand. (object-shorthand)]]></failure></testcase>
<testcase time="0" name="org.eslint.linebreak-style" classname="C:\work\dyrectorio\web\crux-ui\src\pages\api\notifications\[notificationId]\hook"><failure message="Expected linebreaks to be &apos;LF&apos; but found &apos;CRLF&apos;."><![CDATA[line 14, col 18, Error - Expected linebreaks to be &apos;LF&apos; but found &apos;CRLF&apos;. (linebreak-style)]]></failure></testcase>
<testcase time="0" name="org.eslint.linebreak-style" classname="C:\work\dyrectorio\web\crux-ui\src\pages\api\notifications\[notificationId]\hook"><failure message="Expected linebreaks to be &apos;LF&apos; but found &apos;CRLF&apos;."><![CDATA[line 15, col 3, Error - Expected linebreaks to be &apos;LF&apos; but found &apos;CRLF&apos;. (linebreak-style)]]></failure></testcase>
<testcase time="0" name="org.eslint.semi" classname="C:\work\dyrectorio\web\crux-ui\src\pages\api\notifications\[notificationId]\hook"><failure message="Missing semicolon."><![CDATA[line 15, col 3, Error - Missing semicolon. (semi)]]></failure></testcase>
</testsuite>
<testsuite package="org.eslint" time="0" tests="31" errors="31" name="C:\work\dyrectorio\web\crux-ui\src\pages\api\products.ts">
<testcase time="0" name="org.eslint.linebreak-style" classname="C:\work\dyrectorio\web\crux-ui\src\pages\api\products"><failure message="Expected linebreaks to be &apos;LF&apos; but found &apos;CRLF&apos;."><![CDATA[line 1, col 44, Error - Expected linebreaks to be &apos;LF&apos; but found &apos;CRLF&apos;. (linebreak-style)]]></failure></testcase>
<testcase time="0" name="org.eslint.semi" classname="C:\work\dyrectorio\web\crux-ui\src\pages\api\products"><failure message="Missing semicolon."><![CDATA[line 1, col 44, Error - Missing semicolon. (semi)]]></failure></testcase>
<testcase time="0" name="org.eslint.linebreak-style" classname="C:\work\dyrectorio\web\crux-ui\src\pages\api\products"><failure message="Expected linebreaks to be &apos;LF&apos; but found &apos;CRLF&apos;."><![CDATA[line 2, col 54, Error - Expected linebreaks to be &apos;LF&apos; but found &apos;CRLF&apos;. (linebreak-style)]]></failure></testcase>
<testcase time="0" name="org.eslint.semi" classname="C:\work\dyrectorio\web\crux-ui\src\pages\api\products"><failure message="Missing semicolon."><![CDATA[line 2, col 54, Error - Missing semicolon. (semi)]]></failure></testcase>
<testcase time="0" name="org.eslint.linebreak-style" classname="C:\work\dyrectorio\web\crux-ui\src\pages\api\products"><failure message="Expected linebreaks to be &apos;LF&apos; but found &apos;CRLF&apos;."><![CDATA[line 3, col 37, Error - Expected linebreaks to be &apos;LF&apos; but found &apos;CRLF&apos;. (linebreak-style)]]></failure></testcase>
<testcase time="0" name="org.eslint.semi" classname="C:\work\dyrectorio\web\crux-ui\src\pages\api\products"><failure message="Missing semicolon."><![CDATA[line 3, col 37, Error - Missing semicolon. (semi)]]></failure></testcase>
<testcase time="0" name="org.eslint.linebreak-style" classname="C:\work\dyrectorio\web\crux-ui\src\pages\api\products"><failure message="Expected linebreaks to be &apos;LF&apos; but found &apos;CRLF&apos;."><![CDATA[line 4, col 54, Error - Expected linebreaks to be &apos;LF&apos; but found &apos;CRLF&apos;. (linebreak-style)]]></failure></testcase>
<testcase time="0" name="org.eslint.semi" classname="C:\work\dyrectorio\web\crux-ui\src\pages\api\products"><failure message="Missing semicolon."><![CDATA[line 4, col 54, Error - Missing semicolon. (semi)]]></failure></testcase>
<testcase time="0" name="org.eslint.linebreak-style" classname="C:\work\dyrectorio\web\crux-ui\src\pages\api\products"><failure message="Expected linebreaks to be &apos;LF&apos; but found &apos;CRLF&apos;."><![CDATA[line 5, col 72, Error - Expected linebreaks to be &apos;LF&apos; but found &apos;CRLF&apos;. (linebreak-style)]]></failure></testcase>
<testcase time="0" name="org.eslint.semi" classname="C:\work\dyrectorio\web\crux-ui\src\pages\api\products"><failure message="Missing semicolon."><![CDATA[line 5, col 72, Error - Missing semicolon. (semi)]]></failure></testcase>
<testcase time="0" name="org.eslint.linebreak-style" classname="C:\work\dyrectorio\web\crux-ui\src\pages\api\products"><failure message="Expected linebreaks to be &apos;LF&apos; but found &apos;CRLF&apos;."><![CDATA[line 6, col 55, Error - Expected linebreaks to be &apos;LF&apos; but found &apos;CRLF&apos;. (linebreak-style)]]></failure></testcase>
<testcase time="0" name="org.eslint.semi" classname="C:\work\dyrectorio\web\crux-ui\src\pages\api\products"><failure message="Missing semicolon."><![CDATA[line 6, col 55, Error - Missing semicolon. (semi)]]></failure></testcase>
<testcase time="0" name="org.eslint.linebreak-style" classname="C:\work\dyrectorio\web\crux-ui\src\pages\api\products"><failure message="Expected linebreaks to be &apos;LF&apos; but found &apos;CRLF&apos;."><![CDATA[line 7, col 1, Error - Expected linebreaks to be &apos;LF&apos; but found &apos;CRLF&apos;. (linebreak-style)]]></failure></testcase>
<testcase time="0" name="org.eslint.linebreak-style" classname="C:\work\dyrectorio\web\crux-ui\src\pages\api\products"><failure message="Expected linebreaks to be &apos;LF&apos; but found &apos;CRLF&apos;."><![CDATA[line 8, col 70, Error - Expected linebreaks to be &apos;LF&apos; but found &apos;CRLF&apos;. (linebreak-style)]]></failure></testcase>
<testcase time="0" name="org.eslint.linebreak-style" classname="C:\work\dyrectorio\web\crux-ui\src\pages\api\products"><failure message="Expected linebreaks to be &apos;LF&apos; but found &apos;CRLF&apos;."><![CDATA[line 9, col 40, Error - Expected linebreaks to be &apos;LF&apos; but found &apos;CRLF&apos;. (linebreak-style)]]></failure></testcase>
<testcase time="0" name="org.eslint.semi" classname="C:\work\dyrectorio\web\crux-ui\src\pages\api\products"><failure message="Missing semicolon."><![CDATA[line 9, col 40, Error - Missing semicolon. (semi)]]></failure></testcase>
<testcase time="0" name="org.eslint.linebreak-style" classname="C:\work\dyrectorio\web\crux-ui\src\pages\api\products"><failure message="Expected linebreaks to be &apos;LF&apos; but found &apos;CRLF&apos;."><![CDATA[line 10, col 55, Error - Expected linebreaks to be &apos;LF&apos; but found &apos;CRLF&apos;. (linebreak-style)]]></failure></testcase>
<testcase time="0" name="org.eslint.semi" classname="C:\work\dyrectorio\web\crux-ui\src\pages\api\products"><failure message="Missing semicolon."><![CDATA[line 10, col 55, Error - Missing semicolon. (semi)]]></failure></testcase>
<testcase time="0" name="org.eslint.linebreak-style" classname="C:\work\dyrectorio\web\crux-ui\src\pages\api\products"><failure message="Expected linebreaks to be &apos;LF&apos; but found &apos;CRLF&apos;."><![CDATA[line 11, col 1, Error - Expected linebreaks to be &apos;LF&apos; but found &apos;CRLF&apos;. (linebreak-style)]]></failure></testcase>
<testcase time="0" name="org.eslint.linebreak-style" classname="C:\work\dyrectorio\web\crux-ui\src\pages\api\products"><failure message="Expected linebreaks to be &apos;LF&apos; but found &apos;CRLF&apos;."><![CDATA[line 12, col 32, Error - Expected linebreaks to be &apos;LF&apos; but found &apos;CRLF&apos;. (linebreak-style)]]></failure></testcase>
<testcase time="0" name="org.eslint.semi" classname="C:\work\dyrectorio\web\crux-ui\src\pages\api\products"><failure message="Missing semicolon."><![CDATA[line 12, col 32, Error - Missing semicolon. (semi)]]></failure></testcase>
<testcase time="0" name="org.eslint.linebreak-style" classname="C:\work\dyrectorio\web\crux-ui\src\pages\api\products"><failure message="Expected linebreaks to be &apos;LF&apos; but found &apos;CRLF&apos;."><![CDATA[line 13, col 2, Error - Expected linebreaks to be &apos;LF&apos; but found &apos;CRLF&apos;. (linebreak-style)]]></failure></testcase>
<testcase time="0" name="org.eslint.semi" classname="C:\work\dyrectorio\web\crux-ui\src\pages\api\products"><failure message="Missing semicolon."><![CDATA[line 13, col 2, Error - Missing semicolon. (semi)]]></failure></testcase>
<testcase time="0" name="org.eslint.linebreak-style" classname="C:\work\dyrectorio\web\crux-ui\src\pages\api\products"><failure message="Expected linebreaks to be &apos;LF&apos; but found &apos;CRLF&apos;."><![CDATA[line 14, col 1, Error - Expected linebreaks to be &apos;LF&apos; but found &apos;CRLF&apos;. (linebreak-style)]]></failure></testcase>
<testcase time="0" name="org.eslint.linebreak-style" classname="C:\work\dyrectorio\web\crux-ui\src\pages\api\products"><failure message="Expected linebreaks to be &apos;LF&apos; but found &apos;CRLF&apos;."><![CDATA[line 15, col 33, Error - Expected linebreaks to be &apos;LF&apos; but found &apos;CRLF&apos;. (linebreak-style)]]></failure></testcase>
<testcase time="0" name="org.eslint.linebreak-style" classname="C:\work\dyrectorio\web\crux-ui\src\pages\api\products"><failure message="Expected linebreaks to be &apos;LF&apos; but found &apos;CRLF&apos;."><![CDATA[line 16, col 12, Error - Expected linebreaks to be &apos;LF&apos; but found &apos;CRLF&apos;. (linebreak-style)]]></failure></testcase>
<testcase time="0" name="org.eslint.linebreak-style" classname="C:\work\dyrectorio\web\crux-ui\src\pages\api\products"><failure message="Expected linebreaks to be &apos;LF&apos; but found &apos;CRLF&apos;."><![CDATA[line 17, col 65, Error - Expected linebreaks to be &apos;LF&apos; but found &apos;CRLF&apos;. (linebreak-style)]]></failure></testcase>
<testcase time="0" name="org.eslint.linebreak-style" classname="C:\work\dyrectorio\web\crux-ui\src\pages\api\products"><failure message="Expected linebreaks to be &apos;LF&apos; but found &apos;CRLF&apos;."><![CDATA[line 18, col 22, Error - Expected linebreaks to be &apos;LF&apos; but found &apos;CRLF&apos;. (linebreak-style)]]></failure></testcase>
<testcase time="0" name="org.eslint.linebreak-style" classname="C:\work\dyrectorio\web\crux-ui\src\pages\api\products"><failure message="Expected linebreaks to be &apos;LF&apos; but found &apos;CRLF&apos;."><![CDATA[line 19, col 5, Error - Expected linebreaks to be &apos;LF&apos; but found &apos;CRLF&apos;. (linebreak-style)]]></failure></testcase>
<testcase time="0" name="org.eslint.linebreak-style" classname="C:\work\dyrectorio\web\crux-ui\src\pages\api\products"><failure message="Expected linebreaks to be &apos;LF&apos; but found &apos;CRLF&apos;."><![CDATA[line 20, col 3, Error - Expected linebreaks to be &apos;LF&apos; but found &apos;CRLF&apos;. (linebreak-style)]]></failure></testcase>
<testcase time="0" name="org.eslint.semi" classname="C:\work\dyrectorio\web\crux-ui\src\pages\api\products"><failure message="Missing semicolon."><![CDATA[line 20, col 3, Error - Missing semicolon. (semi)]]></failure></testcase>
</testsuite>
<testsuite package="org.eslint" time="0" tests="47" errors="47" name="C:\work\dyrectorio\web\crux-ui\src\pages\api\products\[productId].ts">
<testcase time="0" name="org.eslint.linebreak-style" classname="C:\work\dyrectorio\web\crux-ui\src\pages\api\products\[productId]"><failure message="Expected linebreaks to be &apos;LF&apos; but found &apos;CRLF&apos;."><![CDATA[line 1, col 44, Error - Expected linebreaks to be &apos;LF&apos; but found &apos;CRLF&apos;. (linebreak-style)]]></failure></testcase>
<testcase time="0" name="org.eslint.semi" classname="C:\work\dyrectorio\web\crux-ui\src\pages\api\products\[productId]"><failure message="Missing semicolon."><![CDATA[line 1, col 44, Error - Missing semicolon. (semi)]]></failure></testcase>
<testcase time="0" name="org.eslint.linebreak-style" classname="C:\work\dyrectorio\web\crux-ui\src\pages\api\products\[productId]"><failure message="Expected linebreaks to be &apos;LF&apos; but found &apos;CRLF&apos;."><![CDATA[line 2, col 54, Error - Expected linebreaks to be &apos;LF&apos; but found &apos;CRLF&apos;. (linebreak-style)]]></failure></testcase>
<testcase time="0" name="org.eslint.semi" classname="C:\work\dyrectorio\web\crux-ui\src\pages\api\products\[productId]"><failure message="Missing semicolon."><![CDATA[line 2, col 54, Error - Missing semicolon. (semi)]]></failure></testcase>
<testcase time="0" name="org.eslint.linebreak-style" classname="C:\work\dyrectorio\web\crux-ui\src\pages\api\products\[productId]"><failure message="Expected linebreaks to be &apos;LF&apos; but found &apos;CRLF&apos;."><![CDATA[line 3, col 37, Error - Expected linebreaks to be &apos;LF&apos; but found &apos;CRLF&apos;. (linebreak-style)]]></failure></testcase>
<testcase time="0" name="org.eslint.semi" classname="C:\work\dyrectorio\web\crux-ui\src\pages\api\products\[productId]"><failure message="Missing semicolon."><![CDATA[line 3, col 37, Error - Missing semicolon. (semi)]]></failure></testcase>
<testcase time="0" name="org.eslint.linebreak-style" classname="C:\work\dyrectorio\web\crux-ui\src\pages\api\products\[productId]"><failure message="Expected linebreaks to be &apos;LF&apos; but found &apos;CRLF&apos;."><![CDATA[line 4, col 54, Error - Expected linebreaks to be &apos;LF&apos; but found &apos;CRLF&apos;. (linebreak-style)]]></failure></testcase>
<testcase time="0" name="org.eslint.semi" classname="C:\work\dyrectorio\web\crux-ui\src\pages\api\products\[productId]"><failure message="Missing semicolon."><![CDATA[line 4, col 54, Error - Missing semicolon. (semi)]]></failure></testcase>
<testcase time="0" name="org.eslint.linebreak-style" classname="C:\work\dyrectorio\web\crux-ui\src\pages\api\products\[productId]"><failure message="Expected linebreaks to be &apos;LF&apos; but found &apos;CRLF&apos;."><![CDATA[line 5, col 72, Error - Expected linebreaks to be &apos;LF&apos; but found &apos;CRLF&apos;. (linebreak-style)]]></failure></testcase>
<testcase time="0" name="org.eslint.semi" classname="C:\work\dyrectorio\web\crux-ui\src\pages\api\products\[productId]"><failure message="Missing semicolon."><![CDATA[line 5, col 72, Error - Missing semicolon. (semi)]]></failure></testcase>
<testcase time="0" name="org.eslint.linebreak-style" classname="C:\work\dyrectorio\web\crux-ui\src\pages\api\products\[productId]"><failure message="Expected linebreaks to be &apos;LF&apos; but found &apos;CRLF&apos;."><![CDATA[line 6, col 55, Error - Expected linebreaks to be &apos;LF&apos; but found &apos;CRLF&apos;. (linebreak-style)]]></failure></testcase>
<testcase time="0" name="org.eslint.semi" classname="C:\work\dyrectorio\web\crux-ui\src\pages\api\products\[productId]"><failure message="Missing semicolon."><![CDATA[line 6, col 55, Error - Missing semicolon. (semi)]]></failure></testcase>
<testcase time="0" name="org.eslint.linebreak-style" classname="C:\work\dyrectorio\web\crux-ui\src\pages\api\products\[productId]"><failure message="Expected linebreaks to be &apos;LF&apos; but found &apos;CRLF&apos;."><![CDATA[line 7, col 1, Error - Expected linebreaks to be &apos;LF&apos; but found &apos;CRLF&apos;. (linebreak-style)]]></failure></testcase>
<testcase time="0" name="org.eslint.linebreak-style" classname="C:\work\dyrectorio\web\crux-ui\src\pages\api\products\[productId]"><failure message="Expected linebreaks to be &apos;LF&apos; but found &apos;CRLF&apos;."><![CDATA[line 8, col 69, Error - Expected linebreaks to be &apos;LF&apos; but found &apos;CRLF&apos;. (linebreak-style)]]></failure></testcase>
<testcase time="0" name="org.eslint.linebreak-style" classname="C:\work\dyrectorio\web\crux-ui\src\pages\api\products\[productId]"><failure message="Expected linebreaks to be &apos;LF&apos; but found &apos;CRLF&apos;."><![CDATA[line 9, col 50, Error - Expected linebreaks to be &apos;LF&apos; but found &apos;CRLF&apos;. (linebreak-style)]]></failure></testcase>
<testcase time="0" name="org.eslint.semi" classname="C:\work\dyrectorio\web\crux-ui\src\pages\api\products\[productId]"><failure message="Missing semicolon."><![CDATA[line 9, col 50, Error - Missing semicolon. (semi)]]></failure></testcase>
<testcase time="0" name="org.eslint.linebreak-style" classname="C:\work\dyrectorio\web\crux-ui\src\pages\api\products\[productId]"><failure message="Expected linebreaks to be &apos;LF&apos; but found &apos;CRLF&apos;."><![CDATA[line 10, col 40, Error - Expected linebreaks to be &apos;LF&apos; but found &apos;CRLF&apos;. (linebreak-style)]]></failure></testcase>
<testcase time="0" name="org.eslint.semi" classname="C:\work\dyrectorio\web\crux-ui\src\pages\api\products\[productId]"><failure message="Missing semicolon."><![CDATA[line 10, col 40, Error - Missing semicolon. (semi)]]></failure></testcase>
<testcase time="0" name="org.eslint.linebreak-style" classname="C:\work\dyrectorio\web\crux-ui\src\pages\api\products\[productId]"><failure message="Expected linebreaks to be &apos;LF&apos; but found &apos;CRLF&apos;."><![CDATA[line 11, col 1, Error - Expected linebreaks to be &apos;LF&apos; but found &apos;CRLF&apos;. (linebreak-style)]]></failure></testcase>
<testcase time="0" name="org.eslint.linebreak-style" classname="C:\work\dyrectorio\web\crux-ui\src\pages\api\products\[productId]"><failure message="Expected linebreaks to be &apos;LF&apos; but found &apos;CRLF&apos;."><![CDATA[line 12, col 50, Error - Expected linebreaks to be &apos;LF&apos; but found &apos;CRLF&apos;. (linebreak-style)]]></failure></testcase>
<testcase time="0" name="org.eslint.semi" classname="C:\work\dyrectorio\web\crux-ui\src\pages\api\products\[productId]"><failure message="Missing semicolon."><![CDATA[line 12, col 50, Error - Missing semicolon. (semi)]]></failure></testcase>
<testcase time="0" name="org.eslint.linebreak-style" classname="C:\work\dyrectorio\web\crux-ui\src\pages\api\products\[productId]"><failure message="Expected linebreaks to be &apos;LF&apos; but found &apos;CRLF&apos;."><![CDATA[line 13, col 1, Error - Expected linebreaks to be &apos;LF&apos; but found &apos;CRLF&apos;. (linebreak-style)]]></failure></testcase>
<testcase time="0" name="org.eslint.linebreak-style" classname="C:\work\dyrectorio\web\crux-ui\src\pages\api\products\[productId]"><failure message="Expected linebreaks to be &apos;LF&apos; but found &apos;CRLF&apos;."><![CDATA[line 14, col 24, Error - Expected linebreaks to be &apos;LF&apos; but found &apos;CRLF&apos;. (linebreak-style)]]></failure></testcase>
<testcase time="0" name="org.eslint.semi" classname="C:\work\dyrectorio\web\crux-ui\src\pages\api\products\[productId]"><failure message="Missing semicolon."><![CDATA[line 14, col 24, Error - Missing semicolon. (semi)]]></failure></testcase>
<testcase time="0" name="org.eslint.linebreak-style" classname="C:\work\dyrectorio\web\crux-ui\src\pages\api\products\[productId]"><failure message="Expected linebreaks to be &apos;LF&apos; but found &apos;CRLF&apos;."><![CDATA[line 15, col 2, Error - Expected linebreaks to be &apos;LF&apos; but found &apos;CRLF&apos;. (linebreak-style)]]></failure></testcase>
<testcase time="0" name="org.eslint.semi" classname="C:\work\dyrectorio\web\crux-ui\src\pages\api\products\[productId]"><failure message="Missing semicolon."><![CDATA[line 15, col 2, Error - Missing semicolon. (semi)]]></failure></testcase>
<testcase time="0" name="org.eslint.linebreak-style" classname="C:\work\dyrectorio\web\crux-ui\src\pages\api\products\[productId]"><failure message="Expected linebreaks to be &apos;LF&apos; but found &apos;CRLF&apos;."><![CDATA[line 16, col 1, Error - Expected linebreaks to be &apos;LF&apos; but found &apos;CRLF&apos;. (linebreak-style)]]></failure></testcase>
<testcase time="0" name="org.eslint.linebreak-style" classname="C:\work\dyrectorio\web\crux-ui\src\pages\api\products\[productId]"><failure message="Expected linebreaks to be &apos;LF&apos; but found &apos;CRLF&apos;."><![CDATA[line 17, col 72, Error - Expected linebreaks to be &apos;LF&apos; but found &apos;CRLF&apos;. (linebreak-style)]]></failure></testcase>
<testcase time="0" name="org.eslint.linebreak-style" classname="C:\work\dyrectorio\web\crux-ui\src\pages\api\products\[productId]"><failure message="Expected linebreaks to be &apos;LF&apos; but found &apos;CRLF&apos;."><![CDATA[line 18, col 50, Error - Expected linebreaks to be &apos;LF&apos; but found &apos;CRLF&apos;. (linebreak-style)]]></failure></testcase>
<testcase time="0" name="org.eslint.semi" classname="C:\work\dyrectorio\web\crux-ui\src\pages\api\products\[productId]"><failure message="Missing semicolon."><![CDATA[line 18, col 50, Error - Missing semicolon. (semi)]]></failure></testcase>
<testcase time="0" name="org.eslint.linebreak-style" classname="C:\work\dyrectorio\web\crux-ui\src\pages\api\products\[productId]"><failure message="Expected linebreaks to be &apos;LF&apos; but found &apos;CRLF&apos;."><![CDATA[line 19, col 1, Error - Expected linebreaks to be &apos;LF&apos; but found &apos;CRLF&apos;. (linebreak-style)]]></failure></testcase>
<testcase time="0" name="org.eslint.linebreak-style" classname="C:\work\dyrectorio\web\crux-ui\src\pages\api\products\[productId]"><failure message="Expected linebreaks to be &apos;LF&apos; but found &apos;CRLF&apos;."><![CDATA[line 20, col 45, Error - Expected linebreaks to be &apos;LF&apos; but found &apos;CRLF&apos;. (linebreak-style)]]></failure></testcase>
<testcase time="0" name="org.eslint.semi" classname="C:\work\dyrectorio\web\crux-ui\src\pages\api\products\[productId]"><failure message="Missing semicolon."><![CDATA[line 20, col 45, Error - Missing semicolon. (semi)]]></failure></testcase>
<testcase time="0" name="org.eslint.linebreak-style" classname="C:\work\dyrectorio\web\crux-ui\src\pages\api\products\[productId]"><failure message="Expected linebreaks to be &apos;LF&apos; but found &apos;CRLF&apos;."><![CDATA[line 21, col 1, Error - Expected linebreaks to be &apos;LF&apos; but found &apos;CRLF&apos;. (linebreak-style)]]></failure></testcase>
<testcase time="0" name="org.eslint.linebreak-style" classname="C:\work\dyrectorio\web\crux-ui\src\pages\api\products\[productId]"><failure message="Expected linebreaks to be &apos;LF&apos; but found &apos;CRLF&apos;."><![CDATA[line 22, col 24, Error - Expected linebreaks to be &apos;LF&apos; but found &apos;CRLF&apos;. (linebreak-style)]]></failure></testcase>
<testcase time="0" name="org.eslint.semi" classname="C:\work\dyrectorio\web\crux-ui\src\pages\api\products\[productId]"><failure message="Missing semicolon."><![CDATA[line 22, col 24, Error - Missing semicolon. (semi)]]></failure></testcase>
<testcase time="0" name="org.eslint.linebreak-style" classname="C:\work\dyrectorio\web\crux-ui\src\pages\api\products\[productId]"><failure message="Expected linebreaks to be &apos;LF&apos; but found &apos;CRLF&apos;."><![CDATA[line 23, col 2, Error - Expected linebreaks to be &apos;LF&apos; but found &apos;CRLF&apos;. (linebreak-style)]]></failure></testcase>
<testcase time="0" name="org.eslint.semi" classname="C:\work\dyrectorio\web\crux-ui\src\pages\api\products\[productId]"><failure message="Missing semicolon."><![CDATA[line 23, col 2, Error - Missing semicolon. (semi)]]></failure></testcase>
<testcase time="0" name="org.eslint.linebreak-style" classname="C:\work\dyrectorio\web\crux-ui\src\pages\api\products\[productId]"><failure message="Expected linebreaks to be &apos;LF&apos; but found &apos;CRLF&apos;."><![CDATA[line 24, col 1, Error - Expected linebreaks to be &apos;LF&apos; but found &apos;CRLF&apos;. (linebreak-style)]]></failure></testcase>
<testcase time="0" name="org.eslint.linebreak-style" classname="C:\work\dyrectorio\web\crux-ui\src\pages\api\products\[productId]"><failure message="Expected linebreaks to be &apos;LF&apos; but found &apos;CRLF&apos;."><![CDATA[line 25, col 33, Error - Expected linebreaks to be &apos;LF&apos; but found &apos;CRLF&apos;. (linebreak-style)]]></failure></testcase>
<testcase time="0" name="org.eslint.linebreak-style" classname="C:\work\dyrectorio\web\crux-ui\src\pages\api\products\[productId]"><failure message="Expected linebreaks to be &apos;LF&apos; but found &apos;CRLF&apos;."><![CDATA[line 26, col 11, Error - Expected linebreaks to be &apos;LF&apos; but found &apos;CRLF&apos;. (linebreak-style)]]></failure></testcase>
<testcase time="0" name="org.eslint.linebreak-style" classname="C:\work\dyrectorio\web\crux-ui\src\pages\api\products\[productId]"><failure message="Expected linebreaks to be &apos;LF&apos; but found &apos;CRLF&apos;."><![CDATA[line 27, col 65, Error - Expected linebreaks to be &apos;LF&apos; but found &apos;CRLF&apos;. (linebreak-style)]]></failure></testcase>
<testcase time="0" name="org.eslint.linebreak-style" classname="C:\work\dyrectorio\web\crux-ui\src\pages\api\products\[productId]"><failure message="Expected linebreaks to be &apos;LF&apos; but found &apos;CRLF&apos;."><![CDATA[line 28, col 21, Error - Expected linebreaks to be &apos;LF&apos; but found &apos;CRLF&apos;. (linebreak-style)]]></failure></testcase>
<testcase time="0" name="org.eslint.linebreak-style" classname="C:\work\dyrectorio\web\crux-ui\src\pages\api\products\[productId]"><failure message="Expected linebreaks to be &apos;LF&apos; but found &apos;CRLF&apos;."><![CDATA[line 29, col 5, Error - Expected linebreaks to be &apos;LF&apos; but found &apos;CRLF&apos;. (linebreak-style)]]></failure></testcase>
<testcase time="0" name="org.eslint.linebreak-style" classname="C:\work\dyrectorio\web\crux-ui\src\pages\api\products\[productId]"><failure message="Expected linebreaks to be &apos;LF&apos; but found &apos;CRLF&apos;."><![CDATA[line 30, col 12, Error - Expected linebreaks to be &apos;LF&apos; but found &apos;CRLF&apos;. (linebreak-style)]]></failure></testcase>
<testcase time="0" name="org.eslint.linebreak-style" classname="C:\work\dyrectorio\web\crux-ui\src\pages\api\products\[productId]"><failure message="Expected linebreaks to be &apos;LF&apos; but found &apos;CRLF&apos;."><![CDATA[line 31, col 3, Error - Expected linebreaks to be &apos;LF&apos; but found &apos;CRLF&apos;. (linebreak-style)]]></failure></testcase>
<testcase time="0" name="org.eslint.semi" classname="C:\work\dyrectorio\web\crux-ui\src\pages\api\products\[productId]"><failure message="Missing semicolon."><![CDATA[line 31, col 3, Error - Missing semicolon. (semi)]]></failure></testcase>
</testsuite>
<testsuite package="org.eslint" time="0" tests="34" errors="34" name="C:\work\dyrectorio\web\crux-ui\src\pages\api\products\[productId]\versions.ts">
<testcase time="0" name="org.eslint.linebreak-style" classname="C:\work\dyrectorio\web\crux-ui\src\pages\api\products\[productId]\versions"><failure message="Expected linebreaks to be &apos;LF&apos; but found &apos;CRLF&apos;."><![CDATA[line 1, col 44, Error - Expected linebreaks to be &apos;LF&apos; but found &apos;CRLF&apos;. (linebreak-style)]]></failure></testcase>
<testcase time="0" name="org.eslint.semi" classname="C:\work\dyrectorio\web\crux-ui\src\pages\api\products\[productId]\versions"><failure message="Missing semicolon."><![CDATA[line 1, col 44, Error - Missing semicolon. (semi)]]></failure></testcase>
<testcase time="0" name="org.eslint.linebreak-style" classname="C:\work\dyrectorio\web\crux-ui\src\pages\api\products\[productId]\versions"><failure message="Expected linebreaks to be &apos;LF&apos; but found &apos;CRLF&apos;."><![CDATA[line 2, col 54, Error - Expected linebreaks to be &apos;LF&apos; but found &apos;CRLF&apos;. (linebreak-style)]]></failure></testcase>
<testcase time="0" name="org.eslint.semi" classname="C:\work\dyrectorio\web\crux-ui\src\pages\api\products\[productId]\versions"><failure message="Missing semicolon."><![CDATA[line 2, col 54, Error - Missing semicolon. (semi)]]></failure></testcase>
<testcase time="0" name="org.eslint.linebreak-style" classname="C:\work\dyrectorio\web\crux-ui\src\pages\api\products\[productId]\versions"><failure message="Expected linebreaks to be &apos;LF&apos; but found &apos;CRLF&apos;."><![CDATA[line 3, col 37, Error - Expected linebreaks to be &apos;LF&apos; but found &apos;CRLF&apos;. (linebreak-style)]]></failure></testcase>
<testcase time="0" name="org.eslint.semi" classname="C:\work\dyrectorio\web\crux-ui\src\pages\api\products\[productId]\versions"><failure message="Missing semicolon."><![CDATA[line 3, col 37, Error - Missing semicolon. (semi)]]></failure></testcase>
<testcase time="0" name="org.eslint.linebreak-style" classname="C:\work\dyrectorio\web\crux-ui\src\pages\api\products\[productId]\versions"><failure message="Expected linebreaks to be &apos;LF&apos; but found &apos;CRLF&apos;."><![CDATA[line 4, col 54, Error - Expected linebreaks to be &apos;LF&apos; but found &apos;CRLF&apos;. (linebreak-style)]]></failure></testcase>
<testcase time="0" name="org.eslint.semi" classname="C:\work\dyrectorio\web\crux-ui\src\pages\api\products\[productId]\versions"><failure message="Missing semicolon."><![CDATA[line 4, col 54, Error - Missing semicolon. (semi)]]></failure></testcase>
<testcase time="0" name="org.eslint.linebreak-style" classname="C:\work\dyrectorio\web\crux-ui\src\pages\api\products\[productId]\versions"><failure message="Expected linebreaks to be &apos;LF&apos; but found &apos;CRLF&apos;."><![CDATA[line 5, col 72, Error - Expected linebreaks to be &apos;LF&apos; but found &apos;CRLF&apos;. (linebreak-style)]]></failure></testcase>
<testcase time="0" name="org.eslint.semi" classname="C:\work\dyrectorio\web\crux-ui\src\pages\api\products\[productId]\versions"><failure message="Missing semicolon."><![CDATA[line 5, col 72, Error - Missing semicolon. (semi)]]></failure></testcase>
<testcase time="0" name="org.eslint.linebreak-style" classname="C:\work\dyrectorio\web\crux-ui\src\pages\api\products\[productId]\versions"><failure message="Expected linebreaks to be &apos;LF&apos; but found &apos;CRLF&apos;."><![CDATA[line 6, col 55, Error - Expected linebreaks to be &apos;LF&apos; but found &apos;CRLF&apos;. (linebreak-style)]]></failure></testcase>
<testcase time="0" name="org.eslint.semi" classname="C:\work\dyrectorio\web\crux-ui\src\pages\api\products\[productId]\versions"><failure message="Missing semicolon."><![CDATA[line 6, col 55, Error - Missing semicolon. (semi)]]></failure></testcase>
<testcase time="0" name="org.eslint.linebreak-style" classname="C:\work\dyrectorio\web\crux-ui\src\pages\api\products\[productId]\versions"><failure message="Expected linebreaks to be &apos;LF&apos; but found &apos;CRLF&apos;."><![CDATA[line 7, col 1, Error - Expected linebreaks to be &apos;LF&apos; but found &apos;CRLF&apos;. (linebreak-style)]]></failure></testcase>
<testcase time="0" name="org.eslint.linebreak-style" classname="C:\work\dyrectorio\web\crux-ui\src\pages\api\products\[productId]\versions"><failure message="Expected linebreaks to be &apos;LF&apos; but found &apos;CRLF&apos;."><![CDATA[line 8, col 70, Error - Expected linebreaks to be &apos;LF&apos; but found &apos;CRLF&apos;. (linebreak-style)]]></failure></testcase>
<testcase time="0" name="org.eslint.linebreak-style" classname="C:\work\dyrectorio\web\crux-ui\src\pages\api\products\[productId]\versions"><failure message="Expected linebreaks to be &apos;LF&apos; but found &apos;CRLF&apos;."><![CDATA[line 9, col 50, Error - Expected linebreaks to be &apos;LF&apos; but found &apos;CRLF&apos;. (linebreak-style)]]></failure></testcase>
<testcase time="0" name="org.eslint.semi" classname="C:\work\dyrectorio\web\crux-ui\src\pages\api\products\[productId]\versions"><failure message="Missing semicolon."><![CDATA[line 9, col 50, Error - Missing semicolon. (semi)]]></failure></testcase>
<testcase time="0" name="org.eslint.linebreak-style" classname="C:\work\dyrectorio\web\crux-ui\src\pages\api\products\[productId]\versions"><failure message="Expected linebreaks to be &apos;LF&apos; but found &apos;CRLF&apos;."><![CDATA[line 10, col 40, Error - Expected linebreaks to be &apos;LF&apos; but found &apos;CRLF&apos;. (linebreak-style)]]></failure></testcase>
<testcase time="0" name="org.eslint.semi" classname="C:\work\dyrectorio\web\crux-ui\src\pages\api\products\[productId]\versions"><failure message="Missing semicolon."><![CDATA[line 10, col 40, Error - Missing semicolon. (semi)]]></failure></testcase>
<testcase time="0" name="org.eslint.linebreak-style" classname="C:\work\dyrectorio\web\crux-ui\src\pages\api\products\[productId]\versions"><failure message="Expected linebreaks to be &apos;LF&apos; but found &apos;CRLF&apos;."><![CDATA[line 11, col 1, Error - Expected linebreaks to be &apos;LF&apos; but found &apos;CRLF&apos;. (linebreak-style)]]></failure></testcase>
<testcase time="0" name="org.eslint.linebreak-style" classname="C:\work\dyrectorio\web\crux-ui\src\pages\api\products\[productId]\versions"><failure message="Expected linebreaks to be &apos;LF&apos; but found &apos;CRLF&apos;."><![CDATA[line 12, col 66, Error - Expected linebreaks to be &apos;LF&apos; but found &apos;CRLF&apos;. (linebreak-style)]]></failure></testcase>
<testcase time="0" name="org.eslint.semi" classname="C:\work\dyrectorio\web\crux-ui\src\pages\api\products\[productId]\versions"><failure message="Missing semicolon."><![CDATA[line 12, col 66, Error - Missing semicolon. (semi)]]></failure></testcase>
<testcase time="0" name="org.eslint.linebreak-style" classname="C:\work\dyrectorio\web\crux-ui\src\pages\api\products\[productId]\versions"><failure message="Expected linebreaks to be &apos;LF&apos; but found &apos;CRLF&apos;."><![CDATA[line 13, col 1, Error - Expected linebreaks to be &apos;LF&apos; but found &apos;CRLF&apos;. (linebreak-style)]]></failure></testcase>
<testcase time="0" name="org.eslint.linebreak-style" classname="C:\work\dyrectorio\web\crux-ui\src\pages\api\products\[productId]\versions"><failure message="Expected linebreaks to be &apos;LF&apos; but found &apos;CRLF&apos;."><![CDATA[line 14, col 32, Error - Expected linebreaks to be &apos;LF&apos; but found &apos;CRLF&apos;. (linebreak-style)]]></failure></testcase>
<testcase time="0" name="org.eslint.semi" classname="C:\work\dyrectorio\web\crux-ui\src\pages\api\products\[productId]\versions"><failure message="Missing semicolon."><![CDATA[line 14, col 32, Error - Missing semicolon. (semi)]]></failure></testcase>
<testcase time="0" name="org.eslint.linebreak-style" classname="C:\work\dyrectorio\web\crux-ui\src\pages\api\products\[productId]\versions"><failure message="Expected linebreaks to be &apos;LF&apos; but found &apos;CRLF&apos;."><![CDATA[line 15, col 2, Error - Expected linebreaks to be &apos;LF&apos; but found &apos;CRLF&apos;. (linebreak-style)]]></failure></testcase>
<testcase time="0" name="org.eslint.semi" classname="C:\work\dyrectorio\web\crux-ui\src\pages\api\products\[productId]\versions"><failure message="Missing semicolon."><![CDATA[line 15, col 2, Error - Missing semicolon. (semi)]]></failure></testcase>
<testcase time="0" name="org.eslint.linebreak-style" classname="C:\work\dyrectorio\web\crux-ui\src\pages\api\products\[productId]\versions"><failure message="Expected linebreaks to be &apos;LF&apos; but found &apos;CRLF&apos;."><![CDATA[line 16, col 1, Error - Expected linebreaks to be &apos;LF&apos; but found &apos;CRLF&apos;. (linebreak-style)]]></failure></testcase>
<testcase time="0" name="org.eslint.linebreak-style" classname="C:\work\dyrectorio\web\crux-ui\src\pages\api\products\[productId]\versions"><failure message="Expected linebreaks to be &apos;LF&apos; but found &apos;CRLF&apos;."><![CDATA[line 17, col 33, Error - Expected linebreaks to be &apos;LF&apos; but found &apos;CRLF&apos;. (linebreak-style)]]></failure></testcase>
<testcase time="0" name="org.eslint.linebreak-style" classname="C:\work\dyrectorio\web\crux-ui\src\pages\api\products\[productId]\versions"><failure message="Expected linebreaks to be &apos;LF&apos; but found &apos;CRLF&apos;."><![CDATA[line 18, col 12, Error - Expected linebreaks to be &apos;LF&apos; but found &apos;CRLF&apos;. (linebreak-style)]]></failure></testcase>
<testcase time="0" name="org.eslint.linebreak-style" classname="C:\work\dyrectorio\web\crux-ui\src\pages\api\products\[productId]\versions"><failure message="Expected linebreaks to be &apos;LF&apos; but found &apos;CRLF&apos;."><![CDATA[line 19, col 65, Error - Expected linebreaks to be &apos;LF&apos; but found &apos;CRLF&apos;. (linebreak-style)]]></failure></testcase>
<testcase time="0" name="org.eslint.linebreak-style" classname="C:\work\dyrectorio\web\crux-ui\src\pages\api\products\[productId]\versions"><failure message="Expected linebreaks to be &apos;LF&apos; but found &apos;CRLF&apos;."><![CDATA[line 20, col 22, Error - Expected linebreaks to be &apos;LF&apos; but found &apos;CRLF&apos;. (linebreak-style)]]></failure></testcase>
<testcase time="0" name="org.eslint.linebreak-style" classname="C:\work\dyrectorio\web\crux-ui\src\pages\api\products\[productId]\versions"><failure message="Expected linebreaks to be &apos;LF&apos; but found &apos;CRLF&apos;."><![CDATA[line 21, col 5, Error - Expected linebreaks to be &apos;LF&apos; but found &apos;CRLF&apos;. (linebreak-style)]]></failure></testcase>
<testcase time="0" name="org.eslint.linebreak-style" classname="C:\work\dyrectorio\web\crux-ui\src\pages\api\products\[productId]\versions"><failure message="Expected linebreaks to be &apos;LF&apos; but found &apos;CRLF&apos;."><![CDATA[line 22, col 3, Error - Expected linebreaks to be &apos;LF&apos; but found &apos;CRLF&apos;. (linebreak-style)]]></failure></testcase>
<testcase time="0" name="org.eslint.semi" classname="C:\work\dyrectorio\web\crux-ui\src\pages\api\products\[productId]\versions"><failure message="Missing semicolon."><![CDATA[line 22, col 3, Error - Missing semicolon. (semi)]]></failure></testcase>
</testsuite>
<testsuite package="org.eslint" time="0" tests="47" errors="47" name="C:\work\dyrectorio\web\crux-ui\src\pages\api\products\[productId]\versions\[versionId].ts">
<testcase time="0" name="org.eslint.linebreak-style" classname="C:\work\dyrectorio\web\crux-ui\src\pages\api\products\[productId]\versions\[versionId]"><failure message="Expected linebreaks to be &apos;LF&apos; but found &apos;CRLF&apos;."><![CDATA[line 1, col 44, Error - Expected linebreaks to be &apos;LF&apos; but found &apos;CRLF&apos;. (linebreak-style)]]></failure></testcase>
<testcase time="0" name="org.eslint.semi" classname="C:\work\dyrectorio\web\crux-ui\src\pages\api\products\[productId]\versions\[versionId]"><failure message="Missing semicolon."><![CDATA[line 1, col 44, Error - Missing semicolon. (semi)]]></failure></testcase>
<testcase time="0" name="org.eslint.linebreak-style" classname="C:\work\dyrectorio\web\crux-ui\src\pages\api\products\[productId]\versions\[versionId]"><failure message="Expected linebreaks to be &apos;LF&apos; but found &apos;CRLF&apos;."><![CDATA[line 2, col 54, Error - Expected linebreaks to be &apos;LF&apos; but found &apos;CRLF&apos;. (linebreak-style)]]></failure></testcase>
<testcase time="0" name="org.eslint.semi" classname="C:\work\dyrectorio\web\crux-ui\src\pages\api\products\[productId]\versions\[versionId]"><failure message="Missing semicolon."><![CDATA[line 2, col 54, Error - Missing semicolon. (semi)]]></failure></testcase>
<testcase time="0" name="org.eslint.linebreak-style" classname="C:\work\dyrectorio\web\crux-ui\src\pages\api\products\[productId]\versions\[versionId]"><failure message="Expected linebreaks to be &apos;LF&apos; but found &apos;CRLF&apos;."><![CDATA[line 3, col 37, Error - Expected linebreaks to be &apos;LF&apos; but found &apos;CRLF&apos;. (linebreak-style)]]></failure></testcase>
<testcase time="0" name="org.eslint.semi" classname="C:\work\dyrectorio\web\crux-ui\src\pages\api\products\[productId]\versions\[versionId]"><failure message="Missing semicolon."><![CDATA[line 3, col 37, Error - Missing semicolon. (semi)]]></failure></testcase>
<testcase time="0" name="org.eslint.linebreak-style" classname="C:\work\dyrectorio\web\crux-ui\src\pages\api\products\[productId]\versions\[versionId]"><failure message="Expected linebreaks to be &apos;LF&apos; but found &apos;CRLF&apos;."><![CDATA[line 4, col 54, Error - Expected linebreaks to be &apos;LF&apos; but found &apos;CRLF&apos;. (linebreak-style)]]></failure></testcase>
<testcase time="0" name="org.eslint.semi" classname="C:\work\dyrectorio\web\crux-ui\src\pages\api\products\[productId]\versions\[versionId]"><failure message="Missing semicolon."><![CDATA[line 4, col 54, Error - Missing semicolon. (semi)]]></failure></testcase>
<testcase time="0" name="org.eslint.linebreak-style" classname="C:\work\dyrectorio\web\crux-ui\src\pages\api\products\[productId]\versions\[versionId]"><failure message="Expected linebreaks to be &apos;LF&apos; but found &apos;CRLF&apos;."><![CDATA[line 5, col 72, Error - Expected linebreaks to be &apos;LF&apos; but found &apos;CRLF&apos;. (linebreak-style)]]></failure></testcase>
<testcase time="0" name="org.eslint.semi" classname="C:\work\dyrectorio\web\crux-ui\src\pages\api\products\[productId]\versions\[versionId]"><failure message="Missing semicolon."><![CDATA[line 5, col 72, Error - Missing semicolon. (semi)]]></failure></testcase>
<testcase time="0" name="org.eslint.linebreak-style" classname="C:\work\dyrectorio\web\crux-ui\src\pages\api\products\[productId]\versions\[versionId]"><failure message="Expected linebreaks to be &apos;LF&apos; but found &apos;CRLF&apos;."><![CDATA[line 6, col 55, Error - Expected linebreaks to be &apos;LF&apos; but found &apos;CRLF&apos;. (linebreak-style)]]></failure></testcase>
<testcase time="0" name="org.eslint.semi" classname="C:\work\dyrectorio\web\crux-ui\src\pages\api\products\[productId]\versions\[versionId]"><failure message="Missing semicolon."><![CDATA[line 6, col 55, Error - Missing semicolon. (semi)]]></failure></testcase>
<testcase time="0" name="org.eslint.linebreak-style" classname="C:\work\dyrectorio\web\crux-ui\src\pages\api\products\[productId]\versions\[versionId]"><failure message="Expected linebreaks to be &apos;LF&apos; but found &apos;CRLF&apos;."><![CDATA[line 7, col 1, Error - Expected linebreaks to be &apos;LF&apos; but found &apos;CRLF&apos;. (linebreak-style)]]></failure></testcase>
<testcase time="0" name="org.eslint.linebreak-style" classname="C:\work\dyrectorio\web\crux-ui\src\pages\api\products\[productId]\versions\[versionId]"><failure message="Expected linebreaks to be &apos;LF&apos; but found &apos;CRLF&apos;."><![CDATA[line 8, col 69, Error - Expected linebreaks to be &apos;LF&apos; but found &apos;CRLF&apos;. (linebreak-style)]]></failure></testcase>
<testcase time="0" name="org.eslint.linebreak-style" classname="C:\work\dyrectorio\web\crux-ui\src\pages\api\products\[productId]\versions\[versionId]"><failure message="Expected linebreaks to be &apos;LF&apos; but found &apos;CRLF&apos;."><![CDATA[line 9, col 50, Error - Expected linebreaks to be &apos;LF&apos; but found &apos;CRLF&apos;. (linebreak-style)]]></failure></testcase>
<testcase time="0" name="org.eslint.semi" classname="C:\work\dyrectorio\web\crux-ui\src\pages\api\products\[productId]\versions\[versionId]"><failure message="Missing semicolon."><![CDATA[line 9, col 50, Error - Missing semicolon. (semi)]]></failure></testcase>
<testcase time="0" name="org.eslint.linebreak-style" classname="C:\work\dyrectorio\web\crux-ui\src\pages\api\products\[productId]\versions\[versionId]"><failure message="Expected linebreaks to be &apos;LF&apos; but found &apos;CRLF&apos;."><![CDATA[line 10, col 40, Error - Expected linebreaks to be &apos;LF&apos; but found &apos;CRLF&apos;. (linebreak-style)]]></failure></testcase>
<testcase time="0" name="org.eslint.semi" classname="C:\work\dyrectorio\web\crux-ui\src\pages\api\products\[productId]\versions\[versionId]"><failure message="Missing semicolon."><![CDATA[line 10, col 40, Error - Missing semicolon. (semi)]]></failure></testcase>
<testcase time="0" name="org.eslint.linebreak-style" classname="C:\work\dyrectorio\web\crux-ui\src\pages\api\products\[productId]\versions\[versionId]"><failure message="Expected linebreaks to be &apos;LF&apos; but found &apos;CRLF&apos;."><![CDATA[line 11, col 1, Error - Expected linebreaks to be &apos;LF&apos; but found &apos;CRLF&apos;. (linebreak-style)]]></failure></testcase>
<testcase time="0" name="org.eslint.linebreak-style" classname="C:\work\dyrectorio\web\crux-ui\src\pages\api\products\[productId]\versions\[versionId]"><failure message="Expected linebreaks to be &apos;LF&apos; but found &apos;CRLF&apos;."><![CDATA[line 12, col 50, Error - Expected linebreaks to be &apos;LF&apos; but found &apos;CRLF&apos;. (linebreak-style)]]></failure></testcase>
<testcase time="0" name="org.eslint.semi" classname="C:\work\dyrectorio\web\crux-ui\src\pages\api\products\[productId]\versions\[versionId]"><failure message="Missing semicolon."><![CDATA[line 12, col 50, Error - Missing semicolon. (semi)]]></failure></testcase>
<testcase time="0" name="org.eslint.linebreak-style" classname="C:\work\dyrectorio\web\crux-ui\src\pages\api\products\[productId]\versions\[versionId]"><failure message="Expected linebreaks to be &apos;LF&apos; but found &apos;CRLF&apos;."><![CDATA[line 13, col 1, Error - Expected linebreaks to be &apos;LF&apos; but found &apos;CRLF&apos;. (linebreak-style)]]></failure></testcase>
<testcase time="0" name="org.eslint.linebreak-style" classname="C:\work\dyrectorio\web\crux-ui\src\pages\api\products\[productId]\versions\[versionId]"><failure message="Expected linebreaks to be &apos;LF&apos; but found &apos;CRLF&apos;."><![CDATA[line 14, col 24, Error - Expected linebreaks to be &apos;LF&apos; but found &apos;CRLF&apos;. (linebreak-style)]]></failure></testcase>
<testcase time="0" name="org.eslint.semi" classname="C:\work\dyrectorio\web\crux-ui\src\pages\api\products\[productId]\versions\[versionId]"><failure message="Missing semicolon."><![CDATA[line 14, col 24, Error - Missing semicolon. (semi)]]></failure></testcase>
<testcase time="0" name="org.eslint.linebreak-style" classname="C:\work\dyrectorio\web\crux-ui\src\pages\api\products\[productId]\versions\[versionId]"><failure message="Expected linebreaks to be &apos;LF&apos; but found &apos;CRLF&apos;."><![CDATA[line 15, col 2, Error - Expected linebreaks to be &apos;LF&apos; but found &apos;CRLF&apos;. (linebreak-style)]]></failure></testcase>
<testcase time="0" name="org.eslint.semi" classname="C:\work\dyrectorio\web\crux-ui\src\pages\api\products\[productId]\versions\[versionId]"><failure message="Missing semicolon."><![CDATA[line 15, col 2, Error - Missing semicolon. (semi)]]></failure></testcase>
<testcase time="0" name="org.eslint.linebreak-style" classname="C:\work\dyrectorio\web\crux-ui\src\pages\api\products\[productId]\versions\[versionId]"><failure message="Expected linebreaks to be &apos;LF&apos; but found &apos;CRLF&apos;."><![CDATA[line 16, col 1, Error - Expected linebreaks to be &apos;LF&apos; but found &apos;CRLF&apos;. (linebreak-style)]]></failure></testcase>
<testcase time="0" name="org.eslint.linebreak-style" classname="C:\work\dyrectorio\web\crux-ui\src\pages\api\products\[productId]\versions\[versionId]"><failure message="Expected linebreaks to be &apos;LF&apos; but found &apos;CRLF&apos;."><![CDATA[line 17, col 72, Error - Expected linebreaks to be &apos;LF&apos; but found &apos;CRLF&apos;. (linebreak-style)]]></failure></testcase>
<testcase time="0" name="org.eslint.linebreak-style" classname="C:\work\dyrectorio\web\crux-ui\src\pages\api\products\[productId]\versions\[versionId]"><failure message="Expected linebreaks to be &apos;LF&apos; but found &apos;CRLF&apos;."><![CDATA[line 18, col 50, Error - Expected linebreaks to be &apos;LF&apos; but found &apos;CRLF&apos;. (linebreak-style)]]></failure></testcase>
<testcase time="0" name="org.eslint.semi" classname="C:\work\dyrectorio\web\crux-ui\src\pages\api\products\[productId]\versions\[versionId]"><failure message="Missing semicolon."><![CDATA[line 18, col 50, Error - Missing semicolon. (semi)]]></failure></testcase>
<testcase time="0" name="org.eslint.linebreak-style" classname="C:\work\dyrectorio\web\crux-ui\src\pages\api\products\[productId]\versions\[versionId]"><failure message="Expected linebreaks to be &apos;LF&apos; but found &apos;CRLF&apos;."><![CDATA[line 19, col 1, Error - Expected linebreaks to be &apos;LF&apos; but found &apos;CRLF&apos;. (linebreak-style)]]></failure></testcase>
<testcase time="0" name="org.eslint.linebreak-style" classname="C:\work\dyrectorio\web\crux-ui\src\pages\api\products\[productId]\versions\[versionId]"><failure message="Expected linebreaks to be &apos;LF&apos; but found &apos;CRLF&apos;."><![CDATA[line 20, col 45, Error - Expected linebreaks to be &apos;LF&apos; but found &apos;CRLF&apos;. (linebreak-style)]]></failure></testcase>
<testcase time="0" name="org.eslint.semi" classname="C:\work\dyrectorio\web\crux-ui\src\pages\api\products\[productId]\versions\[versionId]"><failure message="Missing semicolon."><![CDATA[line 20, col 45, Error - Missing semicolon. (semi)]]></failure></testcase>
<testcase time="0" name="org.eslint.linebreak-style" classname="C:\work\dyrectorio\web\crux-ui\src\pages\api\products\[productId]\versions\[versionId]"><failure message="Expected linebreaks to be &apos;LF&apos; but found &apos;CRLF&apos;."><![CDATA[line 21, col 1, Error - Expected linebreaks to be &apos;LF&apos; but found &apos;CRLF&apos;. (linebreak-style)]]></failure></testcase>
<testcase time="0" name="org.eslint.linebreak-style" classname="C:\work\dyrectorio\web\crux-ui\src\pages\api\products\[productId]\versions\[versionId]"><failure message="Expected linebreaks to be &apos;LF&apos; but found &apos;CRLF&apos;."><![CDATA[line 22, col 24, Error - Expected linebreaks to be &apos;LF&apos; but found &apos;CRLF&apos;. (linebreak-style)]]></failure></testcase>
<testcase time="0" name="org.eslint.semi" classname="C:\work\dyrectorio\web\crux-ui\src\pages\api\products\[productId]\versions\[versionId]"><failure message="Missing semicolon."><![CDATA[line 22, col 24, Error - Missing semicolon. (semi)]]></failure></testcase>
<testcase time="0" name="org.eslint.linebreak-style" classname="C:\work\dyrectorio\web\crux-ui\src\pages\api\products\[productId]\versions\[versionId]"><failure message="Expected linebreaks to be &apos;LF&apos; but found &apos;CRLF&apos;."><![CDATA[line 23, col 2, Error - Expected linebreaks to be &apos;LF&apos; but found &apos;CRLF&apos;. (linebreak-style)]]></failure></testcase>
<testcase time="0" name="org.eslint.semi" classname="C:\work\dyrectorio\web\crux-ui\src\pages\api\products\[productId]\versions\[versionId]"><failure message="Missing semicolon."><![CDATA[line 23, col 2, Error - Missing semicolon. (semi)]]></failure></testcase>
<testcase time="0" name="org.eslint.linebreak-style" classname="C:\work\dyrectorio\web\crux-ui\src\pages\api\products\[productId]\versions\[versionId]"><failure message="Expected linebreaks to be &apos;LF&apos; but found &apos;CRLF&apos;."><![CDATA[line 24, col 1, Error - Expected linebreaks to be &apos;LF&apos; but found &apos;CRLF&apos;. (linebreak-style)]]></failure></testcase>
<testcase time="0" name="org.eslint.linebreak-style" classname="C:\work\dyrectorio\web\crux-ui\src\pages\api\products\[productId]\versions\[versionId]"><failure message="Expected linebreaks to be &apos;LF&apos; but found &apos;CRLF&apos;."><![CDATA[line 25, col 33, Error - Expected linebreaks to be &apos;LF&apos; but found &apos;CRLF&apos;. (linebreak-style)]]></failure></testcase>
<testcase time="0" name="org.eslint.linebreak-style" classname="C:\work\dyrectorio\web\crux-ui\src\pages\api\products\[productId]\versions\[versionId]"><failure message="Expected linebreaks to be &apos;LF&apos; but found &apos;CRLF&apos;."><![CDATA[line 26, col 11, Error - Expected linebreaks to be &apos;LF&apos; but found &apos;CRLF&apos;. (linebreak-style)]]></failure></testcase>
<testcase time="0" name="org.eslint.linebreak-style" classname="C:\work\dyrectorio\web\crux-ui\src\pages\api\products\[productId]\versions\[versionId]"><failure message="Expected linebreaks to be &apos;LF&apos; but found &apos;CRLF&apos;."><![CDATA[line 27, col 65, Error - Expected linebreaks to be &apos;LF&apos; but found &apos;CRLF&apos;. (linebreak-style)]]></failure></testcase>
<testcase time="0" name="org.eslint.linebreak-style" classname="C:\work\dyrectorio\web\crux-ui\src\pages\api\products\[productId]\versions\[versionId]"><failure message="Expected linebreaks to be &apos;LF&apos; but found &apos;CRLF&apos;."><![CDATA[line 28, col 21, Error - Expected linebreaks to be &apos;LF&apos; but found &apos;CRLF&apos;. (linebreak-style)]]></failure></testcase>
<testcase time="0" name="org.eslint.linebreak-style" classname="C:\work\dyrectorio\web\crux-ui\src\pages\api\products\[productId]\versions\[versionId]"><failure message="Expected linebreaks to be &apos;LF&apos; but found &apos;CRLF&apos;."><![CDATA[line 29, col 5, Error - Expected linebreaks to be &apos;LF&apos; but found &apos;CRLF&apos;. (linebreak-style)]]></failure></testcase>
<testcase time="0" name="org.eslint.linebreak-style" classname="C:\work\dyrectorio\web\crux-ui\src\pages\api\products\[productId]\versions\[versionId]"><failure message="Expected linebreaks to be &apos;LF&apos; but found &apos;CRLF&apos;."><![CDATA[line 30, col 12, Error - Expected linebreaks to be &apos;LF&apos; but found &apos;CRLF&apos;. (linebreak-style)]]></failure></testcase>
<testcase time="0" name="org.eslint.linebreak-style" classname="C:\work\dyrectorio\web\crux-ui\src\pages\api\products\[productId]\versions\[versionId]"><failure message="Expected linebreaks to be &apos;LF&apos; but found &apos;CRLF&apos;."><![CDATA[line 31, col 3, Error - Expected linebreaks to be &apos;LF&apos; but found &apos;CRLF&apos;. (linebreak-style)]]></failure></testcase>
<testcase time="0" name="org.eslint.semi" classname="C:\work\dyrectorio\web\crux-ui\src\pages\api\products\[productId]\versions\[versionId]"><failure message="Missing semicolon."><![CDATA[line 31, col 3, Error - Missing semicolon. (semi)]]></failure></testcase>
</testsuite>
<testsuite package="org.eslint" time="0" tests="156" errors="156" name="C:\work\dyrectorio\web\crux-ui\src\pages\api\products\[productId]\versions\[versionId]\connect.ts">
<testcase time="0" name="org.eslint.linebreak-style" classname="C:\work\dyrectorio\web\crux-ui\src\pages\api\products\[productId]\versions\[versionId]\connect"><failure message="Expected linebreaks to be &apos;LF&apos; but found &apos;CRLF&apos;."><![CDATA[line 1, col 37, Error - Expected linebreaks to be &apos;LF&apos; but found &apos;CRLF&apos;. (linebreak-style)]]></failure></testcase>
<testcase time="0" name="org.eslint.semi" classname="C:\work\dyrectorio\web\crux-ui\src\pages\api\products\[productId]\versions\[versionId]\connect"><failure message="Missing semicolon."><![CDATA[line 1, col 37, Error - Missing semicolon. (semi)]]></failure></testcase>
<testcase time="0" name="org.eslint.linebreak-style" classname="C:\work\dyrectorio\web\crux-ui\src\pages\api\products\[productId]\versions\[versionId]\connect"><failure message="Expected linebreaks to be &apos;LF&apos; but found &apos;CRLF&apos;."><![CDATA[line 2, col 9, Error - Expected linebreaks to be &apos;LF&apos; but found &apos;CRLF&apos;. (linebreak-style)]]></failure></testcase>
<testcase time="0" name="org.eslint.linebreak-style" classname="C:\work\dyrectorio\web\crux-ui\src\pages\api\products\[productId]\versions\[versionId]\connect"><failure message="Expected linebreaks to be &apos;LF&apos; but found &apos;CRLF&apos;."><![CDATA[line 3, col 20, Error - Expected linebreaks to be &apos;LF&apos; but found &apos;CRLF&apos;. (linebreak-style)]]></failure></testcase>
<testcase time="0" name="org.eslint.linebreak-style" classname="C:\work\dyrectorio\web\crux-ui\src\pages\api\products\[productId]\versions\[versionId]\connect"><failure message="Expected linebreaks to be &apos;LF&apos; but found &apos;CRLF&apos;."><![CDATA[line 4, col 22, Error - Expected linebreaks to be &apos;LF&apos; but found &apos;CRLF&apos;. (linebreak-style)]]></failure></testcase>
<testcase time="0" name="org.eslint.linebreak-style" classname="C:\work\dyrectorio\web\crux-ui\src\pages\api\products\[productId]\versions\[versionId]\connect"><failure message="Expected linebreaks to be &apos;LF&apos; but found &apos;CRLF&apos;."><![CDATA[line 5, col 19, Error - Expected linebreaks to be &apos;LF&apos; but found &apos;CRLF&apos;. (linebreak-style)]]></failure></testcase>
<testcase time="0" name="org.eslint.linebreak-style" classname="C:\work\dyrectorio\web\crux-ui\src\pages\api\products\[productId]\versions\[versionId]\connect"><failure message="Expected linebreaks to be &apos;LF&apos; but found &apos;CRLF&apos;."><![CDATA[line 6, col 23, Error - Expected linebreaks to be &apos;LF&apos; but found &apos;CRLF&apos;. (linebreak-style)]]></failure></testcase>
<testcase time="0" name="org.eslint.linebreak-style" classname="C:\work\dyrectorio\web\crux-ui\src\pages\api\products\[productId]\versions\[versionId]\connect"><failure message="Expected linebreaks to be &apos;LF&apos; but found &apos;CRLF&apos;."><![CDATA[line 7, col 16, Error - Expected linebreaks to be &apos;LF&apos; but found &apos;CRLF&apos;. (linebreak-style)]]></failure></testcase>
<testcase time="0" name="org.eslint.linebreak-style" classname="C:\work\dyrectorio\web\crux-ui\src\pages\api\products\[productId]\versions\[versionId]\connect"><failure message="Expected linebreaks to be &apos;LF&apos; but found &apos;CRLF&apos;."><![CDATA[line 8, col 22, Error - Expected linebreaks to be &apos;LF&apos; but found &apos;CRLF&apos;. (linebreak-style)]]></failure></testcase>
<testcase time="0" name="org.eslint.linebreak-style" classname="C:\work\dyrectorio\web\crux-ui\src\pages\api\products\[productId]\versions\[versionId]\connect"><failure message="Expected linebreaks to be &apos;LF&apos; but found &apos;CRLF&apos;."><![CDATA[line 9, col 30, Error - Expected linebreaks to be &apos;LF&apos; but found &apos;CRLF&apos;. (linebreak-style)]]></failure></testcase>
<testcase time="0" name="org.eslint.linebreak-style" classname="C:\work\dyrectorio\web\crux-ui\src\pages\api\products\[productId]\versions\[versionId]\connect"><failure message="Expected linebreaks to be &apos;LF&apos; but found &apos;CRLF&apos;."><![CDATA[line 10, col 22, Error - Expected linebreaks to be &apos;LF&apos; but found &apos;CRLF&apos;. (linebreak-style)]]></failure></testcase>
<testcase time="0" name="org.eslint.linebreak-style" classname="C:\work\dyrectorio\web\crux-ui\src\pages\api\products\[productId]\versions\[versionId]\connect"><failure message="Expected linebreaks to be &apos;LF&apos; but found &apos;CRLF&apos;."><![CDATA[line 11, col 22, Error - Expected linebreaks to be &apos;LF&apos; but found &apos;CRLF&apos;. (linebreak-style)]]></failure></testcase>
<testcase time="0" name="org.eslint.linebreak-style" classname="C:\work\dyrectorio\web\crux-ui\src\pages\api\products\[productId]\versions\[versionId]\connect"><failure message="Expected linebreaks to be &apos;LF&apos; but found &apos;CRLF&apos;."><![CDATA[line 12, col 21, Error - Expected linebreaks to be &apos;LF&apos; but found &apos;CRLF&apos;. (linebreak-style)]]></failure></testcase>
<testcase time="0" name="org.eslint.linebreak-style" classname="C:\work\dyrectorio\web\crux-ui\src\pages\api\products\[productId]\versions\[versionId]\connect"><failure message="Expected linebreaks to be &apos;LF&apos; but found &apos;CRLF&apos;."><![CDATA[line 13, col 22, Error - Expected linebreaks to be &apos;LF&apos; but found &apos;CRLF&apos;. (linebreak-style)]]></failure></testcase>
<testcase time="0" name="org.eslint.linebreak-style" classname="C:\work\dyrectorio\web\crux-ui\src\pages\api\products\[productId]\versions\[versionId]\connect"><failure message="Expected linebreaks to be &apos;LF&apos; but found &apos;CRLF&apos;."><![CDATA[line 14, col 24, Error - Expected linebreaks to be &apos;LF&apos; but found &apos;CRLF&apos;. (linebreak-style)]]></failure></testcase>
<testcase time="0" name="org.eslint.linebreak-style" classname="C:\work\dyrectorio\web\crux-ui\src\pages\api\products\[productId]\versions\[versionId]\connect"><failure message="Expected linebreaks to be &apos;LF&apos; but found &apos;CRLF&apos;."><![CDATA[line 15, col 21, Error - Expected linebreaks to be &apos;LF&apos; but found &apos;CRLF&apos;. (linebreak-style)]]></failure></testcase>
<testcase time="0" name="org.eslint.linebreak-style" classname="C:\work\dyrectorio\web\crux-ui\src\pages\api\products\[productId]\versions\[versionId]\connect"><failure message="Expected linebreaks to be &apos;LF&apos; but found &apos;CRLF&apos;."><![CDATA[line 16, col 17, Error - Expected linebreaks to be &apos;LF&apos; but found &apos;CRLF&apos;. (linebreak-style)]]></failure></testcase>
<testcase time="0" name="org.eslint.linebreak-style" classname="C:\work\dyrectorio\web\crux-ui\src\pages\api\products\[productId]\versions\[versionId]\connect"><failure message="Expected linebreaks to be &apos;LF&apos; but found &apos;CRLF&apos;."><![CDATA[line 17, col 24, Error - Expected linebreaks to be &apos;LF&apos; but found &apos;CRLF&apos;. (linebreak-style)]]></failure></testcase>
<testcase time="0" name="org.eslint.linebreak-style" classname="C:\work\dyrectorio\web\crux-ui\src\pages\api\products\[productId]\versions\[versionId]\connect"><failure message="Expected linebreaks to be &apos;LF&apos; but found &apos;CRLF&apos;."><![CDATA[line 18, col 33, Error - Expected linebreaks to be &apos;LF&apos; but found &apos;CRLF&apos;. (linebreak-style)]]></failure></testcase>
<testcase time="0" name="org.eslint.linebreak-style" classname="C:\work\dyrectorio\web\crux-ui\src\pages\api\products\[productId]\versions\[versionId]\connect"><failure message="Expected linebreaks to be &apos;LF&apos; but found &apos;CRLF&apos;."><![CDATA[line 19, col 25, Error - Expected linebreaks to be &apos;LF&apos; but found &apos;CRLF&apos;. (linebreak-style)]]></failure></testcase>
<testcase time="0" name="org.eslint.linebreak-style" classname="C:\work\dyrectorio\web\crux-ui\src\pages\api\products\[productId]\versions\[versionId]\connect"><failure message="Expected linebreaks to be &apos;LF&apos; but found &apos;CRLF&apos;."><![CDATA[line 20, col 25, Error - Expected linebreaks to be &apos;LF&apos; but found &apos;CRLF&apos;. (linebreak-style)]]></failure></testcase>
<testcase time="0" name="org.eslint.linebreak-style" classname="C:\work\dyrectorio\web\crux-ui\src\pages\api\products\[productId]\versions\[versionId]\connect"><failure message="Expected linebreaks to be &apos;LF&apos; but found &apos;CRLF&apos;."><![CDATA[line 21, col 24, Error - Expected linebreaks to be &apos;LF&apos; but found &apos;CRLF&apos;. (linebreak-style)]]></failure></testcase>
<testcase time="0" name="org.eslint.linebreak-style" classname="C:\work\dyrectorio\web\crux-ui\src\pages\api\products\[productId]\versions\[versionId]\connect"><failure message="Expected linebreaks to be &apos;LF&apos; but found &apos;CRLF&apos;."><![CDATA[line 22, col 23, Error - Expected linebreaks to be &apos;LF&apos; but found &apos;CRLF&apos;. (linebreak-style)]]></failure></testcase>
<testcase time="0" name="org.eslint.linebreak-style" classname="C:\work\dyrectorio\web\crux-ui\src\pages\api\products\[productId]\versions\[versionId]\connect"><failure message="Expected linebreaks to be &apos;LF&apos; but found &apos;CRLF&apos;."><![CDATA[line 23, col 21, Error - Expected linebreaks to be &apos;LF&apos; but found &apos;CRLF&apos;. (linebreak-style)]]></failure></testcase>
<testcase time="0" name="org.eslint.semi" classname="C:\work\dyrectorio\web\crux-ui\src\pages\api\products\[productId]\versions\[versionId]\connect"><failure message="Missing semicolon."><![CDATA[line 23, col 21, Error - Missing semicolon. (semi)]]></failure></testcase>
<testcase time="0" name="org.eslint.linebreak-style" classname="C:\work\dyrectorio\web\crux-ui\src\pages\api\products\[productId]\versions\[versionId]\connect"><failure message="Expected linebreaks to be &apos;LF&apos; but found &apos;CRLF&apos;."><![CDATA[line 24, col 51, Error - Expected linebreaks to be &apos;LF&apos; but found &apos;CRLF&apos;. (linebreak-style)]]></failure></testcase>
<testcase time="0" name="org.eslint.semi" classname="C:\work\dyrectorio\web\crux-ui\src\pages\api\products\[productId]\versions\[versionId]\connect"><failure message="Missing semicolon."><![CDATA[line 24, col 51, Error - Missing semicolon. (semi)]]></failure></testcase>
<testcase time="0" name="org.eslint.linebreak-style" classname="C:\work\dyrectorio\web\crux-ui\src\pages\api\products\[productId]\versions\[versionId]\connect"><failure message="Expected linebreaks to be &apos;LF&apos; but found &apos;CRLF&apos;."><![CDATA[line 25, col 66, Error - Expected linebreaks to be &apos;LF&apos; but found &apos;CRLF&apos;. (linebreak-style)]]></failure></testcase>
<testcase time="0" name="org.eslint.semi" classname="C:\work\dyrectorio\web\crux-ui\src\pages\api\products\[productId]\versions\[versionId]\connect"><failure message="Missing semicolon."><![CDATA[line 25, col 66, Error - Missing semicolon. (semi)]]></failure></testcase>
<testcase time="0" name="org.eslint.linebreak-style" classname="C:\work\dyrectorio\web\crux-ui\src\pages\api\products\[productId]\versions\[versionId]\connect"><failure message="Expected linebreaks to be &apos;LF&apos; but found &apos;CRLF&apos;."><![CDATA[line 26, col 61, Error - Expected linebreaks to be &apos;LF&apos; but found &apos;CRLF&apos;. (linebreak-style)]]></failure></testcase>
<testcase time="0" name="org.eslint.semi" classname="C:\work\dyrectorio\web\crux-ui\src\pages\api\products\[productId]\versions\[versionId]\connect"><failure message="Missing semicolon."><![CDATA[line 26, col 61, Error - Missing semicolon. (semi)]]></failure></testcase>
<testcase time="0" name="org.eslint.linebreak-style" classname="C:\work\dyrectorio\web\crux-ui\src\pages\api\products\[productId]\versions\[versionId]\connect"><failure message="Expected linebreaks to be &apos;LF&apos; but found &apos;CRLF&apos;."><![CDATA[line 27, col 69, Error - Expected linebreaks to be &apos;LF&apos; but found &apos;CRLF&apos;. (linebreak-style)]]></failure></testcase>
<testcase time="0" name="org.eslint.semi" classname="C:\work\dyrectorio\web\crux-ui\src\pages\api\products\[productId]\versions\[versionId]\connect"><failure message="Missing semicolon."><![CDATA[line 27, col 69, Error - Missing semicolon. (semi)]]></failure></testcase>
<testcase time="0" name="org.eslint.linebreak-style" classname="C:\work\dyrectorio\web\crux-ui\src\pages\api\products\[productId]\versions\[versionId]\connect"><failure message="Expected linebreaks to be &apos;LF&apos; but found &apos;CRLF&apos;."><![CDATA[line 28, col 81, Error - Expected linebreaks to be &apos;LF&apos; but found &apos;CRLF&apos;. (linebreak-style)]]></failure></testcase>
<testcase time="0" name="org.eslint.semi" classname="C:\work\dyrectorio\web\crux-ui\src\pages\api\products\[productId]\versions\[versionId]\connect"><failure message="Missing semicolon."><![CDATA[line 28, col 81, Error - Missing semicolon. (semi)]]></failure></testcase>
<testcase time="0" name="org.eslint.linebreak-style" classname="C:\work\dyrectorio\web\crux-ui\src\pages\api\products\[productId]\versions\[versionId]\connect"><failure message="Expected linebreaks to be &apos;LF&apos; but found &apos;CRLF&apos;."><![CDATA[line 29, col 38, Error - Expected linebreaks to be &apos;LF&apos; but found &apos;CRLF&apos;. (linebreak-style)]]></failure></testcase>
<testcase time="0" name="org.eslint.semi" classname="C:\work\dyrectorio\web\crux-ui\src\pages\api\products\[productId]\versions\[versionId]\connect"><failure message="Missing semicolon."><![CDATA[line 29, col 38, Error - Missing semicolon. (semi)]]></failure></testcase>
<testcase time="0" name="org.eslint.linebreak-style" classname="C:\work\dyrectorio\web\crux-ui\src\pages\api\products\[productId]\versions\[versionId]\connect"><failure message="Expected linebreaks to be &apos;LF&apos; but found &apos;CRLF&apos;."><![CDATA[line 30, col 1, Error - Expected linebreaks to be &apos;LF&apos; but found &apos;CRLF&apos;. (linebreak-style)]]></failure></testcase>
<testcase time="0" name="org.eslint.linebreak-style" classname="C:\work\dyrectorio\web\crux-ui\src\pages\api\products\[productId]\versions\[versionId]\connect"><failure message="Expected linebreaks to be &apos;LF&apos; but found &apos;CRLF&apos;."><![CDATA[line 31, col 40, Error - Expected linebreaks to be &apos;LF&apos; but found &apos;CRLF&apos;. (linebreak-style)]]></failure></testcase>
<testcase time="0" name="org.eslint.semi" classname="C:\work\dyrectorio\web\crux-ui\src\pages\api\products\[productId]\versions\[versionId]\connect"><failure message="Missing semicolon."><![CDATA[line 31, col 40, Error - Missing semicolon. (semi)]]></failure></testcase>
<testcase time="0" name="org.eslint.linebreak-style" classname="C:\work\dyrectorio\web\crux-ui\src\pages\api\products\[productId]\versions\[versionId]\connect"><failure message="Expected linebreaks to be &apos;LF&apos; but found &apos;CRLF&apos;."><![CDATA[line 32, col 1, Error - Expected linebreaks to be &apos;LF&apos; but found &apos;CRLF&apos;. (linebreak-style)]]></failure></testcase>
<testcase time="0" name="org.eslint.linebreak-style" classname="C:\work\dyrectorio\web\crux-ui\src\pages\api\products\[productId]\versions\[versionId]\connect"><failure message="Expected linebreaks to be &apos;LF&apos; but found &apos;CRLF&apos;."><![CDATA[line 33, col 93, Error - Expected linebreaks to be &apos;LF&apos; but found &apos;CRLF&apos;. (linebreak-style)]]></failure></testcase>
<testcase time="0" name="org.eslint.linebreak-style" classname="C:\work\dyrectorio\web\crux-ui\src\pages\api\products\[productId]\versions\[versionId]\connect"><failure message="Expected linebreaks to be &apos;LF&apos; but found &apos;CRLF&apos;."><![CDATA[line 34, col 55, Error - Expected linebreaks to be &apos;LF&apos; but found &apos;CRLF&apos;. (linebreak-style)]]></failure></testcase>
<testcase time="0" name="org.eslint.semi" classname="C:\work\dyrectorio\web\crux-ui\src\pages\api\products\[productId]\versions\[versionId]\connect"><failure message="Missing semicolon."><![CDATA[line 34, col 55, Error - Missing semicolon. (semi)]]></failure></testcase>
<testcase time="0" name="org.eslint.linebreak-style" classname="C:\work\dyrectorio\web\crux-ui\src\pages\api\products\[productId]\versions\[versionId]\connect"><failure message="Expected linebreaks to be &apos;LF&apos; but found &apos;CRLF&apos;."><![CDATA[line 35, col 1, Error - Expected linebreaks to be &apos;LF&apos; but found &apos;CRLF&apos;. (linebreak-style)]]></failure></testcase>
<testcase time="0" name="org.eslint.linebreak-style" classname="C:\work\dyrectorio\web\crux-ui\src\pages\api\products\[productId]\versions\[versionId]\connect"><failure message="Expected linebreaks to be &apos;LF&apos; but found &apos;CRLF&apos;."><![CDATA[line 36, col 8, Error - Expected linebreaks to be &apos;LF&apos; but found &apos;CRLF&apos;. (linebreak-style)]]></failure></testcase>
<testcase time="0" name="org.eslint.linebreak-style" classname="C:\work\dyrectorio\web\crux-ui\src\pages\api\products\[productId]\versions\[versionId]\connect"><failure message="Expected linebreaks to be &apos;LF&apos; but found &apos;CRLF&apos;."><![CDATA[line 37, col 48, Error - Expected linebreaks to be &apos;LF&apos; but found &apos;CRLF&apos;. (linebreak-style)]]></failure></testcase>
<testcase time="0" name="org.eslint.semi" classname="C:\work\dyrectorio\web\crux-ui\src\pages\api\products\[productId]\versions\[versionId]\connect"><failure message="Missing semicolon."><![CDATA[line 37, col 48, Error - Missing semicolon. (semi)]]></failure></testcase>
<testcase time="0" name="org.eslint.linebreak-style" classname="C:\work\dyrectorio\web\crux-ui\src\pages\api\products\[productId]\versions\[versionId]\connect"><failure message="Expected linebreaks to be &apos;LF&apos; but found &apos;CRLF&apos;."><![CDATA[line 38, col 16, Error - Expected linebreaks to be &apos;LF&apos; but found &apos;CRLF&apos;. (linebreak-style)]]></failure></testcase>
<testcase time="0" name="org.eslint.semi" classname="C:\work\dyrectorio\web\crux-ui\src\pages\api\products\[productId]\versions\[versionId]\connect"><failure message="Missing semicolon."><![CDATA[line 38, col 16, Error - Missing semicolon. (semi)]]></failure></testcase>
<testcase time="0" name="org.eslint.linebreak-style" classname="C:\work\dyrectorio\web\crux-ui\src\pages\api\products\[productId]\versions\[versionId]\connect"><failure message="Expected linebreaks to be &apos;LF&apos; but found &apos;CRLF&apos;."><![CDATA[line 39, col 12, Error - Expected linebreaks to be &apos;LF&apos; but found &apos;CRLF&apos;. (linebreak-style)]]></failure></testcase>
<testcase time="0" name="org.eslint.linebreak-style" classname="C:\work\dyrectorio\web\crux-ui\src\pages\api\products\[productId]\versions\[versionId]\connect"><failure message="Expected linebreaks to be &apos;LF&apos; but found &apos;CRLF&apos;."><![CDATA[line 40, col 17, Error - Expected linebreaks to be &apos;LF&apos; but found &apos;CRLF&apos;. (linebreak-style)]]></failure></testcase>
<testcase time="0" name="org.eslint.semi" classname="C:\work\dyrectorio\web\crux-ui\src\pages\api\products\[productId]\versions\[versionId]\connect"><failure message="Missing semicolon."><![CDATA[line 40, col 17, Error - Missing semicolon. (semi)]]></failure></testcase>
<testcase time="0" name="org.eslint.linebreak-style" classname="C:\work\dyrectorio\web\crux-ui\src\pages\api\products\[productId]\versions\[versionId]\connect"><failure message="Expected linebreaks to be &apos;LF&apos; but found &apos;CRLF&apos;."><![CDATA[line 41, col 4, Error - Expected linebreaks to be &apos;LF&apos; but found &apos;CRLF&apos;. (linebreak-style)]]></failure></testcase>
<testcase time="0" name="org.eslint.linebreak-style" classname="C:\work\dyrectorio\web\crux-ui\src\pages\api\products\[productId]\versions\[versionId]\connect"><failure message="Expected linebreaks to be &apos;LF&apos; but found &apos;CRLF&apos;."><![CDATA[line 42, col 2, Error - Expected linebreaks to be &apos;LF&apos; but found &apos;CRLF&apos;. (linebreak-style)]]></failure></testcase>
<testcase time="0" name="org.eslint.semi" classname="C:\work\dyrectorio\web\crux-ui\src\pages\api\products\[productId]\versions\[versionId]\connect"><failure message="Missing semicolon."><![CDATA[line 42, col 2, Error - Missing semicolon. (semi)]]></failure></testcase>
<testcase time="0" name="org.eslint.linebreak-style" classname="C:\work\dyrectorio\web\crux-ui\src\pages\api\products\[productId]\versions\[versionId]\connect"><failure message="Expected linebreaks to be &apos;LF&apos; but found &apos;CRLF&apos;."><![CDATA[line 43, col 1, Error - Expected linebreaks to be &apos;LF&apos; but found &apos;CRLF&apos;. (linebreak-style)]]></failure></testcase>
<testcase time="0" name="org.eslint.max-len" classname="C:\work\dyrectorio\web\crux-ui\src\pages\api\products\[productId]\versions\[versionId]\connect"><failure message="This line has a length of 115. Maximum allowed is 100."><![CDATA[line 44, col 1, Error - This line has a length of 115. Maximum allowed is 100. (max-len)]]></failure></testcase>
<testcase time="0" name="org.eslint.linebreak-style" classname="C:\work\dyrectorio\web\crux-ui\src\pages\api\products\[productId]\versions\[versionId]\connect"><failure message="Expected linebreaks to be &apos;LF&apos; but found &apos;CRLF&apos;."><![CDATA[line 44, col 116, Error - Expected linebreaks to be &apos;LF&apos; but found &apos;CRLF&apos;. (linebreak-style)]]></failure></testcase>
<testcase time="0" name="org.eslint.linebreak-style" classname="C:\work\dyrectorio\web\crux-ui\src\pages\api\products\[productId]\versions\[versionId]\connect"><failure message="Expected linebreaks to be &apos;LF&apos; but found &apos;CRLF&apos;."><![CDATA[line 45, col 30, Error - Expected linebreaks to be &apos;LF&apos; but found &apos;CRLF&apos;. (linebreak-style)]]></failure></testcase>
<testcase time="0" name="org.eslint.semi" classname="C:\work\dyrectorio\web\crux-ui\src\pages\api\products\[productId]\versions\[versionId]\connect"><failure message="Missing semicolon."><![CDATA[line 45, col 30, Error - Missing semicolon. (semi)]]></failure></testcase>
<testcase time="0" name="org.eslint.linebreak-style" classname="C:\work\dyrectorio\web\crux-ui\src\pages\api\products\[productId]\versions\[versionId]\connect"><failure message="Expected linebreaks to be &apos;LF&apos; but found &apos;CRLF&apos;."><![CDATA[line 46, col 1, Error - Expected linebreaks to be &apos;LF&apos; but found &apos;CRLF&apos;. (linebreak-style)]]></failure></testcase>
<testcase time="0" name="org.eslint.linebreak-style" classname="C:\work\dyrectorio\web\crux-ui\src\pages\api\products\[productId]\versions\[versionId]\connect"><failure message="Expected linebreaks to be &apos;LF&apos; but found &apos;CRLF&apos;."><![CDATA[line 47, col 76, Error - Expected linebreaks to be &apos;LF&apos; but found &apos;CRLF&apos;. (linebreak-style)]]></failure></testcase>
<testcase time="0" name="org.eslint.semi" classname="C:\work\dyrectorio\web\crux-ui\src\pages\api\products\[productId]\versions\[versionId]\connect"><failure message="Missing semicolon."><![CDATA[line 47, col 76, Error - Missing semicolon. (semi)]]></failure></testcase>
<testcase time="0" name="org.eslint.linebreak-style" classname="C:\work\dyrectorio\web\crux-ui\src\pages\api\products\[productId]\versions\[versionId]\connect"><failure message="Expected linebreaks to be &apos;LF&apos; but found &apos;CRLF&apos;."><![CDATA[line 48, col 56, Error - Expected linebreaks to be &apos;LF&apos; but found &apos;CRLF&apos;. (linebreak-style)]]></failure></testcase>
<testcase time="0" name="org.eslint.semi" classname="C:\work\dyrectorio\web\crux-ui\src\pages\api\products\[productId]\versions\[versionId]\connect"><failure message="Missing semicolon."><![CDATA[line 48, col 56, Error - Missing semicolon. (semi)]]></failure></testcase>
<testcase time="0" name="org.eslint.linebreak-style" classname="C:\work\dyrectorio\web\crux-ui\src\pages\api\products\[productId]\versions\[versionId]\connect"><failure message="Expected linebreaks to be &apos;LF&apos; but found &apos;CRLF&apos;."><![CDATA[line 49, col 2, Error - Expected linebreaks to be &apos;LF&apos; but found &apos;CRLF&apos;. (linebreak-style)]]></failure></testcase>
<testcase time="0" name="org.eslint.semi" classname="C:\work\dyrectorio\web\crux-ui\src\pages\api\products\[productId]\versions\[versionId]\connect"><failure message="Missing semicolon."><![CDATA[line 49, col 2, Error - Missing semicolon. (semi)]]></failure></testcase>
<testcase time="0" name="org.eslint.linebreak-style" classname="C:\work\dyrectorio\web\crux-ui\src\pages\api\products\[productId]\versions\[versionId]\connect"><failure message="Expected linebreaks to be &apos;LF&apos; but found &apos;CRLF&apos;."><![CDATA[line 50, col 1, Error - Expected linebreaks to be &apos;LF&apos; but found &apos;CRLF&apos;. (linebreak-style)]]></failure></testcase>
<testcase time="0" name="org.eslint.max-len" classname="C:\work\dyrectorio\web\crux-ui\src\pages\api\products\[productId]\versions\[versionId]\connect"><failure message="This line has a length of 117. Maximum allowed is 100."><![CDATA[line 51, col 1, Error - This line has a length of 117. Maximum allowed is 100. (max-len)]]></failure></testcase>
<testcase time="0" name="org.eslint.linebreak-style" classname="C:\work\dyrectorio\web\crux-ui\src\pages\api\products\[productId]\versions\[versionId]\connect"><failure message="Expected linebreaks to be &apos;LF&apos; but found &apos;CRLF&apos;."><![CDATA[line 51, col 118, Error - Expected linebreaks to be &apos;LF&apos; but found &apos;CRLF&apos;. (linebreak-style)]]></failure></testcase>
<testcase time="0" name="org.eslint.linebreak-style" classname="C:\work\dyrectorio\web\crux-ui\src\pages\api\products\[productId]\versions\[versionId]\connect"><failure message="Expected linebreaks to be &apos;LF&apos; but found &apos;CRLF&apos;."><![CDATA[line 52, col 55, Error - Expected linebreaks to be &apos;LF&apos; but found &apos;CRLF&apos;. (linebreak-style)]]></failure></testcase>
<testcase time="0" name="org.eslint.semi" classname="C:\work\dyrectorio\web\crux-ui\src\pages\api\products\[productId]\versions\[versionId]\connect"><failure message="Missing semicolon."><![CDATA[line 52, col 55, Error - Missing semicolon. (semi)]]></failure></testcase>
<testcase time="0" name="org.eslint.linebreak-style" classname="C:\work\dyrectorio\web\crux-ui\src\pages\api\products\[productId]\versions\[versionId]\connect"><failure message="Expected linebreaks to be &apos;LF&apos; but found &apos;CRLF&apos;."><![CDATA[line 53, col 1, Error - Expected linebreaks to be &apos;LF&apos; but found &apos;CRLF&apos;. (linebreak-style)]]></failure></testcase>
<testcase time="0" name="org.eslint.linebreak-style" classname="C:\work\dyrectorio\web\crux-ui\src\pages\api\products\[productId]\versions\[versionId]\connect"><failure message="Expected linebreaks to be &apos;LF&apos; but found &apos;CRLF&apos;."><![CDATA[line 54, col 30, Error - Expected linebreaks to be &apos;LF&apos; but found &apos;CRLF&apos;. (linebreak-style)]]></failure></testcase>
<testcase time="0" name="org.eslint.semi" classname="C:\work\dyrectorio\web\crux-ui\src\pages\api\products\[productId]\versions\[versionId]\connect"><failure message="Missing semicolon."><![CDATA[line 54, col 30, Error - Missing semicolon. (semi)]]></failure></testcase>
<testcase time="0" name="org.eslint.linebreak-style" classname="C:\work\dyrectorio\web\crux-ui\src\pages\api\products\[productId]\versions\[versionId]\connect"><failure message="Expected linebreaks to be &apos;LF&apos; but found &apos;CRLF&apos;."><![CDATA[line 55, col 1, Error - Expected linebreaks to be &apos;LF&apos; but found &apos;CRLF&apos;. (linebreak-style)]]></failure></testcase>
<testcase time="0" name="org.eslint.max-len" classname="C:\work\dyrectorio\web\crux-ui\src\pages\api\products\[productId]\versions\[versionId]\connect"><failure message="This line has a length of 110. Maximum allowed is 100."><![CDATA[line 56, col 1, Error - This line has a length of 110. Maximum allowed is 100. (max-len)]]></failure></testcase>
<testcase time="0" name="org.eslint.linebreak-style" classname="C:\work\dyrectorio\web\crux-ui\src\pages\api\products\[productId]\versions\[versionId]\connect"><failure message="Expected linebreaks to be &apos;LF&apos; but found &apos;CRLF&apos;."><![CDATA[line 56, col 111, Error - Expected linebreaks to be &apos;LF&apos; but found &apos;CRLF&apos;. (linebreak-style)]]></failure></testcase>
<testcase time="0" name="org.eslint.semi" classname="C:\work\dyrectorio\web\crux-ui\src\pages\api\products\[productId]\versions\[versionId]\connect"><failure message="Missing semicolon."><![CDATA[line 56, col 111, Error - Missing semicolon. (semi)]]></failure></testcase>
<testcase time="0" name="org.eslint.linebreak-style" classname="C:\work\dyrectorio\web\crux-ui\src\pages\api\products\[productId]\versions\[versionId]\connect"><failure message="Expected linebreaks to be &apos;LF&apos; but found &apos;CRLF&apos;."><![CDATA[line 57, col 1, Error - Expected linebreaks to be &apos;LF&apos; but found &apos;CRLF&apos;. (linebreak-style)]]></failure></testcase>
<testcase time="0" name="org.eslint.linebreak-style" classname="C:\work\dyrectorio\web\crux-ui\src\pages\api\products\[productId]\versions\[versionId]\connect"><failure message="Expected linebreaks to be &apos;LF&apos; but found &apos;CRLF&apos;."><![CDATA[line 58, col 43, Error - Expected linebreaks to be &apos;LF&apos; but found &apos;CRLF&apos;. (linebreak-style)]]></failure></testcase>
<testcase time="0" name="org.eslint.linebreak-style" classname="C:\work\dyrectorio\web\crux-ui\src\pages\api\products\[productId]\versions\[versionId]\connect"><failure message="Expected linebreaks to be &apos;LF&apos; but found &apos;CRLF&apos;."><![CDATA[line 59, col 12, Error - Expected linebreaks to be &apos;LF&apos; but found &apos;CRLF&apos;. (linebreak-style)]]></failure></testcase>
<testcase time="0" name="org.eslint.linebreak-style" classname="C:\work\dyrectorio\web\crux-ui\src\pages\api\products\[productId]\versions\[versionId]\connect"><failure message="Expected linebreaks to be &apos;LF&apos; but found &apos;CRLF&apos;."><![CDATA[line 60, col 27, Error - Expected linebreaks to be &apos;LF&apos; but found &apos;CRLF&apos;. (linebreak-style)]]></failure></testcase>
<testcase time="0" name="org.eslint.semi" classname="C:\work\dyrectorio\web\crux-ui\src\pages\api\products\[productId]\versions\[versionId]\connect"><failure message="Missing semicolon."><![CDATA[line 60, col 27, Error - Missing semicolon. (semi)]]></failure></testcase>
<testcase time="0" name="org.eslint.linebreak-style" classname="C:\work\dyrectorio\web\crux-ui\src\pages\api\products\[productId]\versions\[versionId]\connect"><failure message="Expected linebreaks to be &apos;LF&apos; but found &apos;CRLF&apos;."><![CDATA[line 61, col 2, Error - Expected linebreaks to be &apos;LF&apos; but found &apos;CRLF&apos;. (linebreak-style)]]></failure></testcase>
<testcase time="0" name="org.eslint.semi" classname="C:\work\dyrectorio\web\crux-ui\src\pages\api\products\[productId]\versions\[versionId]\connect"><failure message="Missing semicolon."><![CDATA[line 61, col 2, Error - Missing semicolon. (semi)]]></failure></testcase>
<testcase time="0" name="org.eslint.linebreak-style" classname="C:\work\dyrectorio\web\crux-ui\src\pages\api\products\[productId]\versions\[versionId]\connect"><failure message="Expected linebreaks to be &apos;LF&apos; but found &apos;CRLF&apos;."><![CDATA[line 62, col 1, Error - Expected linebreaks to be &apos;LF&apos; but found &apos;CRLF&apos;. (linebreak-style)]]></failure></testcase>
<testcase time="0" name="org.eslint.linebreak-style" classname="C:\work\dyrectorio\web\crux-ui\src\pages\api\products\[productId]\versions\[versionId]\connect"><failure message="Expected linebreaks to be &apos;LF&apos; but found &apos;CRLF&apos;."><![CDATA[line 63, col 30, Error - Expected linebreaks to be &apos;LF&apos; but found &apos;CRLF&apos;. (linebreak-style)]]></failure></testcase>
<testcase time="0" name="org.eslint.linebreak-style" classname="C:\work\dyrectorio\web\crux-ui\src\pages\api\products\[productId]\versions\[versionId]\connect"><failure message="Expected linebreaks to be &apos;LF&apos; but found &apos;CRLF&apos;."><![CDATA[line 64, col 24, Error - Expected linebreaks to be &apos;LF&apos; but found &apos;CRLF&apos;. (linebreak-style)]]></failure></testcase>
<testcase time="0" name="org.eslint.linebreak-style" classname="C:\work\dyrectorio\web\crux-ui\src\pages\api\products\[productId]\versions\[versionId]\connect"><failure message="Expected linebreaks to be &apos;LF&apos; but found &apos;CRLF&apos;."><![CDATA[line 65, col 28, Error - Expected linebreaks to be &apos;LF&apos; but found &apos;CRLF&apos;. (linebreak-style)]]></failure></testcase>
<testcase time="0" name="org.eslint.linebreak-style" classname="C:\work\dyrectorio\web\crux-ui\src\pages\api\products\[productId]\versions\[versionId]\connect"><failure message="Expected linebreaks to be &apos;LF&apos; but found &apos;CRLF&apos;."><![CDATA[line 66, col 42, Error - Expected linebreaks to be &apos;LF&apos; but found &apos;CRLF&apos;. (linebreak-style)]]></failure></testcase>
<testcase time="0" name="org.eslint.linebreak-style" classname="C:\work\dyrectorio\web\crux-ui\src\pages\api\products\[productId]\versions\[versionId]\connect"><failure message="Expected linebreaks to be &apos;LF&apos; but found &apos;CRLF&apos;."><![CDATA[line 67, col 7, Error - Expected linebreaks to be &apos;LF&apos; but found &apos;CRLF&apos;. (linebreak-style)]]></failure></testcase>
<testcase time="0" name="org.eslint.linebreak-style" classname="C:\work\dyrectorio\web\crux-ui\src\pages\api\products\[productId]\versions\[versionId]\connect"><failure message="Expected linebreaks to be &apos;LF&apos; but found &apos;CRLF&apos;."><![CDATA[line 68, col 30, Error - Expected linebreaks to be &apos;LF&apos; but found &apos;CRLF&apos;. (linebreak-style)]]></failure></testcase>
<testcase time="0" name="org.eslint.semi" classname="C:\work\dyrectorio\web\crux-ui\src\pages\api\products\[productId]\versions\[versionId]\connect"><failure message="Missing semicolon."><![CDATA[line 68, col 30, Error - Missing semicolon. (semi)]]></failure></testcase>
<testcase time="0" name="org.eslint.linebreak-style" classname="C:\work\dyrectorio\web\crux-ui\src\pages\api\products\[productId]\versions\[versionId]\connect"><failure message="Expected linebreaks to be &apos;LF&apos; but found &apos;CRLF&apos;."><![CDATA[line 69, col 1, Error - Expected linebreaks to be &apos;LF&apos; but found &apos;CRLF&apos;. (linebreak-style)]]></failure></testcase>
<testcase time="0" name="org.eslint.linebreak-style" classname="C:\work\dyrectorio\web\crux-ui\src\pages\api\products\[productId]\versions\[versionId]\connect"><failure message="Expected linebreaks to be &apos;LF&apos; but found &apos;CRLF&apos;."><![CDATA[line 70, col 71, Error - Expected linebreaks to be &apos;LF&apos; but found &apos;CRLF&apos;. (linebreak-style)]]></failure></testcase>
<testcase time="0" name="org.eslint.semi" classname="C:\work\dyrectorio\web\crux-ui\src\pages\api\products\[productId]\versions\[versionId]\connect"><failure message="Missing semicolon."><![CDATA[line 70, col 71, Error - Missing semicolon. (semi)]]></failure></testcase>
<testcase time="0" name="org.eslint.linebreak-style" classname="C:\work\dyrectorio\web\crux-ui\src\pages\api\products\[productId]\versions\[versionId]\connect"><failure message="Expected linebreaks to be &apos;LF&apos; but found &apos;CRLF&apos;."><![CDATA[line 71, col 1, Error - Expected linebreaks to be &apos;LF&apos; but found &apos;CRLF&apos;. (linebreak-style)]]></failure></testcase>
<testcase time="0" name="org.eslint.linebreak-style" classname="C:\work\dyrectorio\web\crux-ui\src\pages\api\products\[productId]\versions\[versionId]\connect"><failure message="Expected linebreaks to be &apos;LF&apos; but found &apos;CRLF&apos;."><![CDATA[line 72, col 44, Error - Expected linebreaks to be &apos;LF&apos; but found &apos;CRLF&apos;. (linebreak-style)]]></failure></testcase>
<testcase time="0" name="org.eslint.linebreak-style" classname="C:\work\dyrectorio\web\crux-ui\src\pages\api\products\[productId]\versions\[versionId]\connect"><failure message="Expected linebreaks to be &apos;LF&apos; but found &apos;CRLF&apos;."><![CDATA[line 73, col 26, Error - Expected linebreaks to be &apos;LF&apos; but found &apos;CRLF&apos;. (linebreak-style)]]></failure></testcase>
<testcase time="0" name="org.eslint.linebreak-style" classname="C:\work\dyrectorio\web\crux-ui\src\pages\api\products\[productId]\versions\[versionId]\connect"><failure message="Expected linebreaks to be &apos;LF&apos; but found &apos;CRLF&apos;."><![CDATA[line 74, col 28, Error - Expected linebreaks to be &apos;LF&apos; but found &apos;CRLF&apos;. (linebreak-style)]]></failure></testcase>
<testcase time="0" name="org.eslint.semi" classname="C:\work\dyrectorio\web\crux-ui\src\pages\api\products\[productId]\versions\[versionId]\connect"><failure message="Missing semicolon."><![CDATA[line 74, col 28, Error - Missing semicolon. (semi)]]></failure></testcase>
<testcase time="0" name="org.eslint.linebreak-style" classname="C:\work\dyrectorio\web\crux-ui\src\pages\api\products\[productId]\versions\[versionId]\connect"><failure message="Expected linebreaks to be &apos;LF&apos; but found &apos;CRLF&apos;."><![CDATA[line 75, col 2, Error - Expected linebreaks to be &apos;LF&apos; but found &apos;CRLF&apos;. (linebreak-style)]]></failure></testcase>
<testcase time="0" name="org.eslint.semi" classname="C:\work\dyrectorio\web\crux-ui\src\pages\api\products\[productId]\versions\[versionId]\connect"><failure message="Missing semicolon."><![CDATA[line 75, col 2, Error - Missing semicolon. (semi)]]></failure></testcase>
<testcase time="0" name="org.eslint.linebreak-style" classname="C:\work\dyrectorio\web\crux-ui\src\pages\api\products\[productId]\versions\[versionId]\connect"><failure message="Expected linebreaks to be &apos;LF&apos; but found &apos;CRLF&apos;."><![CDATA[line 76, col 1, Error - Expected linebreaks to be &apos;LF&apos; but found &apos;CRLF&apos;. (linebreak-style)]]></failure></testcase>
<testcase time="0" name="org.eslint.max-len" classname="C:\work\dyrectorio\web\crux-ui\src\pages\api\products\[productId]\versions\[versionId]\connect"><failure message="This line has a length of 119. Maximum allowed is 100."><![CDATA[line 77, col 1, Error - This line has a length of 119. Maximum allowed is 100. (max-len)]]></failure></testcase>
<testcase time="0" name="org.eslint.linebreak-style" classname="C:\work\dyrectorio\web\crux-ui\src\pages\api\products\[productId]\versions\[versionId]\connect"><failure message="Expected linebreaks to be &apos;LF&apos; but found &apos;CRLF&apos;."><![CDATA[line 77, col 120, Error - Expected linebreaks to be &apos;LF&apos; but found &apos;CRLF&apos;. (linebreak-style)]]></failure></testcase>
<testcase time="0" name="org.eslint.linebreak-style" classname="C:\work\dyrectorio\web\crux-ui\src\pages\api\products\[productId]\versions\[versionId]\connect"><failure message="Expected linebreaks to be &apos;LF&apos; but found &apos;CRLF&apos;."><![CDATA[line 78, col 30, Error - Expected linebreaks to be &apos;LF&apos; but found &apos;CRLF&apos;. (linebreak-style)]]></failure></testcase>
<testcase time="0" name="org.eslint.semi" classname="C:\work\dyrectorio\web\crux-ui\src\pages\api\products\[productId]\versions\[versionId]\connect"><failure message="Missing semicolon."><![CDATA[line 78, col 30, Error - Missing semicolon. (semi)]]></failure></testcase>
<testcase time="0" name="org.eslint.linebreak-style" classname="C:\work\dyrectorio\web\crux-ui\src\pages\api\products\[productId]\versions\[versionId]\connect"><failure message="Expected linebreaks to be &apos;LF&apos; but found &apos;CRLF&apos;."><![CDATA[line 79, col 1, Error - Expected linebreaks to be &apos;LF&apos; but found &apos;CRLF&apos;. (linebreak-style)]]></failure></testcase>
<testcase time="0" name="org.eslint.linebreak-style" classname="C:\work\dyrectorio\web\crux-ui\src\pages\api\products\[productId]\versions\[versionId]\connect"><failure message="Expected linebreaks to be &apos;LF&apos; but found &apos;CRLF&apos;."><![CDATA[line 80, col 70, Error - Expected linebreaks to be &apos;LF&apos; but found &apos;CRLF&apos;. (linebreak-style)]]></failure></testcase>
<testcase time="0" name="org.eslint.semi" classname="C:\work\dyrectorio\web\crux-ui\src\pages\api\products\[productId]\versions\[versionId]\connect"><failure message="Missing semicolon."><![CDATA[line 80, col 70, Error - Missing semicolon. (semi)]]></failure></testcase>
<testcase time="0" name="org.eslint.linebreak-style" classname="C:\work\dyrectorio\web\crux-ui\src\pages\api\products\[productId]\versions\[versionId]\connect"><failure message="Expected linebreaks to be &apos;LF&apos; but found &apos;CRLF&apos;."><![CDATA[line 81, col 1, Error - Expected linebreaks to be &apos;LF&apos; but found &apos;CRLF&apos;. (linebreak-style)]]></failure></testcase>
<testcase time="0" name="org.eslint.linebreak-style" classname="C:\work\dyrectorio\web\crux-ui\src\pages\api\products\[productId]\versions\[versionId]\connect"><failure message="Expected linebreaks to be &apos;LF&apos; but found &apos;CRLF&apos;."><![CDATA[line 82, col 44, Error - Expected linebreaks to be &apos;LF&apos; but found &apos;CRLF&apos;. (linebreak-style)]]></failure></testcase>
<testcase time="0" name="org.eslint.linebreak-style" classname="C:\work\dyrectorio\web\crux-ui\src\pages\api\products\[productId]\versions\[versionId]\connect"><failure message="Expected linebreaks to be &apos;LF&apos; but found &apos;CRLF&apos;."><![CDATA[line 83, col 12, Error - Expected linebreaks to be &apos;LF&apos; but found &apos;CRLF&apos;. (linebreak-style)]]></failure></testcase>
<testcase time="0" name="org.eslint.linebreak-style" classname="C:\work\dyrectorio\web\crux-ui\src\pages\api\products\[productId]\versions\[versionId]\connect"><failure message="Expected linebreaks to be &apos;LF&apos; but found &apos;CRLF&apos;."><![CDATA[line 84, col 27, Error - Expected linebreaks to be &apos;LF&apos; but found &apos;CRLF&apos;. (linebreak-style)]]></failure></testcase>
<testcase time="0" name="org.eslint.semi" classname="C:\work\dyrectorio\web\crux-ui\src\pages\api\products\[productId]\versions\[versionId]\connect"><failure message="Missing semicolon."><![CDATA[line 84, col 27, Error - Missing semicolon. (semi)]]></failure></testcase>
<testcase time="0" name="org.eslint.linebreak-style" classname="C:\work\dyrectorio\web\crux-ui\src\pages\api\products\[productId]\versions\[versionId]\connect"><failure message="Expected linebreaks to be &apos;LF&apos; but found &apos;CRLF&apos;."><![CDATA[line 85, col 2, Error - Expected linebreaks to be &apos;LF&apos; but found &apos;CRLF&apos;. (linebreak-style)]]></failure></testcase>
<testcase time="0" name="org.eslint.semi" classname="C:\work\dyrectorio\web\crux-ui\src\pages\api\products\[productId]\versions\[versionId]\connect"><failure message="Missing semicolon."><![CDATA[line 85, col 2, Error - Missing semicolon. (semi)]]></failure></testcase>
<testcase time="0" name="org.eslint.linebreak-style" classname="C:\work\dyrectorio\web\crux-ui\src\pages\api\products\[productId]\versions\[versionId]\connect"><failure message="Expected linebreaks to be &apos;LF&apos; but found &apos;CRLF&apos;."><![CDATA[line 86, col 1, Error - Expected linebreaks to be &apos;LF&apos; but found &apos;CRLF&apos;. (linebreak-style)]]></failure></testcase>
<testcase time="0" name="org.eslint.linebreak-style" classname="C:\work\dyrectorio\web\crux-ui\src\pages\api\products\[productId]\versions\[versionId]\connect"><failure message="Expected linebreaks to be &apos;LF&apos; but found &apos;CRLF&apos;."><![CDATA[line 87, col 30, Error - Expected linebreaks to be &apos;LF&apos; but found &apos;CRLF&apos;. (linebreak-style)]]></failure></testcase>
<testcase time="0" name="org.eslint.linebreak-style" classname="C:\work\dyrectorio\web\crux-ui\src\pages\api\products\[productId]\versions\[versionId]\connect"><failure message="Expected linebreaks to be &apos;LF&apos; but found &apos;CRLF&apos;."><![CDATA[line 88, col 24, Error - Expected linebreaks to be &apos;LF&apos; but found &apos;CRLF&apos;. (linebreak-style)]]></failure></testcase>
<testcase time="0" name="org.eslint.linebreak-style" classname="C:\work\dyrectorio\web\crux-ui\src\pages\api\products\[productId]\versions\[versionId]\connect"><failure message="Expected linebreaks to be &apos;LF&apos; but found &apos;CRLF&apos;."><![CDATA[line 89, col 28, Error - Expected linebreaks to be &apos;LF&apos; but found &apos;CRLF&apos;. (linebreak-style)]]></failure></testcase>
<testcase time="0" name="org.eslint.linebreak-style" classname="C:\work\dyrectorio\web\crux-ui\src\pages\api\products\[productId]\versions\[versionId]\connect"><failure message="Expected linebreaks to be &apos;LF&apos; but found &apos;CRLF&apos;."><![CDATA[line 90, col 42, Error - Expected linebreaks to be &apos;LF&apos; but found &apos;CRLF&apos;. (linebreak-style)]]></failure></testcase>
<testcase time="0" name="org.eslint.linebreak-style" classname="C:\work\dyrectorio\web\crux-ui\src\pages\api\products\[productId]\versions\[versionId]\connect"><failure message="Expected linebreaks to be &apos;LF&apos; but found &apos;CRLF&apos;."><![CDATA[line 91, col 7, Error - Expected linebreaks to be &apos;LF&apos; but found &apos;CRLF&apos;. (linebreak-style)]]></failure></testcase>
<testcase time="0" name="org.eslint.linebreak-style" classname="C:\work\dyrectorio\web\crux-ui\src\pages\api\products\[productId]\versions\[versionId]\connect"><failure message="Expected linebreaks to be &apos;LF&apos; but found &apos;CRLF&apos;."><![CDATA[line 92, col 30, Error - Expected linebreaks to be &apos;LF&apos; but found &apos;CRLF&apos;. (linebreak-style)]]></failure></testcase>
<testcase time="0" name="org.eslint.semi" classname="C:\work\dyrectorio\web\crux-ui\src\pages\api\products\[productId]\versions\[versionId]\connect"><failure message="Missing semicolon."><![CDATA[line 92, col 30, Error - Missing semicolon. (semi)]]></failure></testcase>
<testcase time="0" name="org.eslint.linebreak-style" classname="C:\work\dyrectorio\web\crux-ui\src\pages\api\products\[productId]\versions\[versionId]\connect"><failure message="Expected linebreaks to be &apos;LF&apos; but found &apos;CRLF&apos;."><![CDATA[line 93, col 1, Error - Expected linebreaks to be &apos;LF&apos; but found &apos;CRLF&apos;. (linebreak-style)]]></failure></testcase>
<testcase time="0" name="org.eslint.linebreak-style" classname="C:\work\dyrectorio\web\crux-ui\src\pages\api\products\[productId]\versions\[versionId]\connect"><failure message="Expected linebreaks to be &apos;LF&apos; but found &apos;CRLF&apos;."><![CDATA[line 94, col 55, Error - Expected linebreaks to be &apos;LF&apos; but found &apos;CRLF&apos;. (linebreak-style)]]></failure></testcase>
<testcase time="0" name="org.eslint.semi" classname="C:\work\dyrectorio\web\crux-ui\src\pages\api\products\[productId]\versions\[versionId]\connect"><failure message="Missing semicolon."><![CDATA[line 94, col 55, Error - Missing semicolon. (semi)]]></failure></testcase>
<testcase time="0" name="org.eslint.linebreak-style" classname="C:\work\dyrectorio\web\crux-ui\src\pages\api\products\[productId]\versions\[versionId]\connect"><failure message="Expected linebreaks to be &apos;LF&apos; but found &apos;CRLF&apos;."><![CDATA[line 95, col 1, Error - Expected linebreaks to be &apos;LF&apos; but found &apos;CRLF&apos;. (linebreak-style)]]></failure></testcase>
<testcase time="0" name="org.eslint.linebreak-style" classname="C:\work\dyrectorio\web\crux-ui\src\pages\api\products\[productId]\versions\[versionId]\connect"><failure message="Expected linebreaks to be &apos;LF&apos; but found &apos;CRLF&apos;."><![CDATA[line 96, col 74, Error - Expected linebreaks to be &apos;LF&apos; but found &apos;CRLF&apos;. (linebreak-style)]]></failure></testcase>
<testcase time="0" name="org.eslint.semi" classname="C:\work\dyrectorio\web\crux-ui\src\pages\api\products\[productId]\versions\[versionId]\connect"><failure message="Missing semicolon."><![CDATA[line 96, col 74, Error - Missing semicolon. (semi)]]></failure></testcase>
<testcase time="0" name="org.eslint.linebreak-style" classname="C:\work\dyrectorio\web\crux-ui\src\pages\api\products\[productId]\versions\[versionId]\connect"><failure message="Expected linebreaks to be &apos;LF&apos; but found &apos;CRLF&apos;."><![CDATA[line 97, col 1, Error - Expected linebreaks to be &apos;LF&apos; but found &apos;CRLF&apos;. (linebreak-style)]]></failure></testcase>
<testcase time="0" name="org.eslint.max-len" classname="C:\work\dyrectorio\web\crux-ui\src\pages\api\products\[productId]\versions\[versionId]\connect"><failure message="This line has a length of 102. Maximum allowed is 100."><![CDATA[line 98, col 1, Error - This line has a length of 102. Maximum allowed is 100. (max-len)]]></failure></testcase>
<testcase time="0" name="org.eslint.linebreak-style" classname="C:\work\dyrectorio\web\crux-ui\src\pages\api\products\[productId]\versions\[versionId]\connect"><failure message="Expected linebreaks to be &apos;LF&apos; but found &apos;CRLF&apos;."><![CDATA[line 98, col 103, Error - Expected linebreaks to be &apos;LF&apos; but found &apos;CRLF&apos;. (linebreak-style)]]></failure></testcase>
<testcase time="0" name="org.eslint.semi" classname="C:\work\dyrectorio\web\crux-ui\src\pages\api\products\[productId]\versions\[versionId]\connect"><failure message="Missing semicolon."><![CDATA[line 98, col 103, Error - Missing semicolon. (semi)]]></failure></testcase>
<testcase time="0" name="org.eslint.linebreak-style" classname="C:\work\dyrectorio\web\crux-ui\src\pages\api\products\[productId]\versions\[versionId]\connect"><failure message="Expected linebreaks to be &apos;LF&apos; but found &apos;CRLF&apos;."><![CDATA[line 99, col 2, Error - Expected linebreaks to be &apos;LF&apos; but found &apos;CRLF&apos;. (linebreak-style)]]></failure></testcase>
<testcase time="0" name="org.eslint.semi" classname="C:\work\dyrectorio\web\crux-ui\src\pages\api\products\[productId]\versions\[versionId]\connect"><failure message="Missing semicolon."><![CDATA[line 99, col 2, Error - Missing semicolon. (semi)]]></failure></testcase>
<testcase time="0" name="org.eslint.linebreak-style" classname="C:\work\dyrectorio\web\crux-ui\src\pages\api\products\[productId]\versions\[versionId]\connect"><failure message="Expected linebreaks to be &apos;LF&apos; but found &apos;CRLF&apos;."><![CDATA[line 100, col 1, Error - Expected linebreaks to be &apos;LF&apos; but found &apos;CRLF&apos;. (linebreak-style)]]></failure></testcase>
<testcase time="0" name="org.eslint.linebreak-style" classname="C:\work\dyrectorio\web\crux-ui\src\pages\api\products\[productId]\versions\[versionId]\connect"><failure message="Expected linebreaks to be &apos;LF&apos; but found &apos;CRLF&apos;."><![CDATA[line 101, col 40, Error - Expected linebreaks to be &apos;LF&apos; but found &apos;CRLF&apos;. (linebreak-style)]]></failure></testcase>
<testcase time="0" name="org.eslint.linebreak-style" classname="C:\work\dyrectorio\web\crux-ui\src\pages\api\products\[productId]\versions\[versionId]\connect"><failure message="Expected linebreaks to be &apos;LF&apos; but found &apos;CRLF&apos;."><![CDATA[line 102, col 10, Error - Expected linebreaks to be &apos;LF&apos; but found &apos;CRLF&apos;. (linebreak-style)]]></failure></testcase>
<testcase time="0" name="org.eslint.linebreak-style" classname="C:\work\dyrectorio\web\crux-ui\src\pages\api\products\[productId]\versions\[versionId]\connect"><failure message="Expected linebreaks to be &apos;LF&apos; but found &apos;CRLF&apos;."><![CDATA[line 103, col 4, Error - Expected linebreaks to be &apos;LF&apos; but found &apos;CRLF&apos;. (linebreak-style)]]></failure></testcase>
<testcase time="0" name="org.eslint.linebreak-style" classname="C:\work\dyrectorio\web\crux-ui\src\pages\api\products\[productId]\versions\[versionId]\connect"><failure message="Expected linebreaks to be &apos;LF&apos; but found &apos;CRLF&apos;."><![CDATA[line 104, col 37, Error - Expected linebreaks to be &apos;LF&apos; but found &apos;CRLF&apos;. (linebreak-style)]]></failure></testcase>
<testcase time="0" name="org.eslint.linebreak-style" classname="C:\work\dyrectorio\web\crux-ui\src\pages\api\products\[productId]\versions\[versionId]\connect"><failure message="Expected linebreaks to be &apos;LF&apos; but found &apos;CRLF&apos;."><![CDATA[line 105, col 39, Error - Expected linebreaks to be &apos;LF&apos; but found &apos;CRLF&apos;. (linebreak-style)]]></failure></testcase>
<testcase time="0" name="org.eslint.linebreak-style" classname="C:\work\dyrectorio\web\crux-ui\src\pages\api\products\[productId]\versions\[versionId]\connect"><failure message="Expected linebreaks to be &apos;LF&apos; but found &apos;CRLF&apos;."><![CDATA[line 106, col 43, Error - Expected linebreaks to be &apos;LF&apos; but found &apos;CRLF&apos;. (linebreak-style)]]></failure></testcase>
<testcase time="0" name="org.eslint.linebreak-style" classname="C:\work\dyrectorio\web\crux-ui\src\pages\api\products\[productId]\versions\[versionId]\connect"><failure message="Expected linebreaks to be &apos;LF&apos; but found &apos;CRLF&apos;."><![CDATA[line 107, col 41, Error - Expected linebreaks to be &apos;LF&apos; but found &apos;CRLF&apos;. (linebreak-style)]]></failure></testcase>
<testcase time="0" name="org.eslint.linebreak-style" classname="C:\work\dyrectorio\web\crux-ui\src\pages\api\products\[productId]\versions\[versionId]\connect"><failure message="Expected linebreaks to be &apos;LF&apos; but found &apos;CRLF&apos;."><![CDATA[line 108, col 43, Error - Expected linebreaks to be &apos;LF&apos; but found &apos;CRLF&apos;. (linebreak-style)]]></failure></testcase>
<testcase time="0" name="org.eslint.linebreak-style" classname="C:\work\dyrectorio\web\crux-ui\src\pages\api\products\[productId]\versions\[versionId]\connect"><failure message="Expected linebreaks to be &apos;LF&apos; but found &apos;CRLF&apos;."><![CDATA[line 109, col 5, Error - Expected linebreaks to be &apos;LF&apos; but found &apos;CRLF&apos;. (linebreak-style)]]></failure></testcase>
<testcase time="0" name="org.eslint.linebreak-style" classname="C:\work\dyrectorio\web\crux-ui\src\pages\api\products\[productId]\versions\[versionId]\connect"><failure message="Expected linebreaks to be &apos;LF&apos; but found &apos;CRLF&apos;."><![CDATA[line 110, col 33, Error - Expected linebreaks to be &apos;LF&apos; but found &apos;CRLF&apos;. (linebreak-style)]]></failure></testcase>
<testcase time="0" name="org.eslint.linebreak-style" classname="C:\work\dyrectorio\web\crux-ui\src\pages\api\products\[productId]\versions\[versionId]\connect"><failure message="Expected linebreaks to be &apos;LF&apos; but found &apos;CRLF&apos;."><![CDATA[line 111, col 4, Error - Expected linebreaks to be &apos;LF&apos; but found &apos;CRLF&apos;. (linebreak-style)]]></failure></testcase>
<testcase time="0" name="org.eslint.linebreak-style" classname="C:\work\dyrectorio\web\crux-ui\src\pages\api\products\[productId]\versions\[versionId]\connect"><failure message="Expected linebreaks to be &apos;LF&apos; but found &apos;CRLF&apos;."><![CDATA[line 112, col 17, Error - Expected linebreaks to be &apos;LF&apos; but found &apos;CRLF&apos;. (linebreak-style)]]></failure></testcase>
<testcase time="0" name="org.eslint.linebreak-style" classname="C:\work\dyrectorio\web\crux-ui\src\pages\api\products\[productId]\versions\[versionId]\connect"><failure message="Expected linebreaks to be &apos;LF&apos; but found &apos;CRLF&apos;."><![CDATA[line 113, col 5, Error - Expected linebreaks to be &apos;LF&apos; but found &apos;CRLF&apos;. (linebreak-style)]]></failure></testcase>
<testcase time="0" name="org.eslint.linebreak-style" classname="C:\work\dyrectorio\web\crux-ui\src\pages\api\products\[productId]\versions\[versionId]\connect"><failure message="Expected linebreaks to be &apos;LF&apos; but found &apos;CRLF&apos;."><![CDATA[line 114, col 2, Error - Expected linebreaks to be &apos;LF&apos; but found &apos;CRLF&apos;. (linebreak-style)]]></failure></testcase>
<testcase time="0" name="org.eslint.semi" classname="C:\work\dyrectorio\web\crux-ui\src\pages\api\products\[productId]\versions\[versionId]\connect"><failure message="Missing semicolon."><![CDATA[line 114, col 2, Error - Missing semicolon. (semi)]]></failure></testcase>
</testsuite>
<testsuite package="org.eslint" time="0" tests="49" errors="49" name="C:\work\dyrectorio\web\crux-ui\src\pages\api\products\[productId]\versions\[versionId]\deployments.ts">
<testcase time="0" name="org.eslint.linebreak-style" classname="C:\work\dyrectorio\web\crux-ui\src\pages\api\products\[productId]\versions\[versionId]\deployments"><failure message="Expected linebreaks to be &apos;LF&apos; but found &apos;CRLF&apos;."><![CDATA[line 1, col 66, Error - Expected linebreaks to be &apos;LF&apos; but found &apos;CRLF&apos;. (linebreak-style)]]></failure></testcase>
<testcase time="0" name="org.eslint.semi" classname="C:\work\dyrectorio\web\crux-ui\src\pages\api\products\[productId]\versions\[versionId]\deployments"><failure message="Missing semicolon."><![CDATA[line 1, col 66, Error - Missing semicolon. (semi)]]></failure></testcase>
<testcase time="0" name="org.eslint.linebreak-style" classname="C:\work\dyrectorio\web\crux-ui\src\pages\api\products\[productId]\versions\[versionId]\deployments"><failure message="Expected linebreaks to be &apos;LF&apos; but found &apos;CRLF&apos;."><![CDATA[line 2, col 57, Error - Expected linebreaks to be &apos;LF&apos; but found &apos;CRLF&apos;. (linebreak-style)]]></failure></testcase>
<testcase time="0" name="org.eslint.semi" classname="C:\work\dyrectorio\web\crux-ui\src\pages\api\products\[productId]\versions\[versionId]\deployments"><failure message="Missing semicolon."><![CDATA[line 2, col 57, Error - Missing semicolon. (semi)]]></failure></testcase>
<testcase time="0" name="org.eslint.linebreak-style" classname="C:\work\dyrectorio\web\crux-ui\src\pages\api\products\[productId]\versions\[versionId]\deployments"><failure message="Expected linebreaks to be &apos;LF&apos; but found &apos;CRLF&apos;."><![CDATA[line 3, col 37, Error - Expected linebreaks to be &apos;LF&apos; but found &apos;CRLF&apos;. (linebreak-style)]]></failure></testcase>
<testcase time="0" name="org.eslint.semi" classname="C:\work\dyrectorio\web\crux-ui\src\pages\api\products\[productId]\versions\[versionId]\deployments"><failure message="Missing semicolon."><![CDATA[line 3, col 37, Error - Missing semicolon. (semi)]]></failure></testcase>
<testcase time="0" name="org.eslint.linebreak-style" classname="C:\work\dyrectorio\web\crux-ui\src\pages\api\products\[productId]\versions\[versionId]\deployments"><failure message="Expected linebreaks to be &apos;LF&apos; but found &apos;CRLF&apos;."><![CDATA[line 4, col 54, Error - Expected linebreaks to be &apos;LF&apos; but found &apos;CRLF&apos;. (linebreak-style)]]></failure></testcase>
<testcase time="0" name="org.eslint.semi" classname="C:\work\dyrectorio\web\crux-ui\src\pages\api\products\[productId]\versions\[versionId]\deployments"><failure message="Missing semicolon."><![CDATA[line 4, col 54, Error - Missing semicolon. (semi)]]></failure></testcase>
<testcase time="0" name="org.eslint.linebreak-style" classname="C:\work\dyrectorio\web\crux-ui\src\pages\api\products\[productId]\versions\[versionId]\deployments"><failure message="Expected linebreaks to be &apos;LF&apos; but found &apos;CRLF&apos;."><![CDATA[line 5, col 72, Error - Expected linebreaks to be &apos;LF&apos; but found &apos;CRLF&apos;. (linebreak-style)]]></failure></testcase>
<testcase time="0" name="org.eslint.semi" classname="C:\work\dyrectorio\web\crux-ui\src\pages\api\products\[productId]\versions\[versionId]\deployments"><failure message="Missing semicolon."><![CDATA[line 5, col 72, Error - Missing semicolon. (semi)]]></failure></testcase>
<testcase time="0" name="org.eslint.linebreak-style" classname="C:\work\dyrectorio\web\crux-ui\src\pages\api\products\[productId]\versions\[versionId]\deployments"><failure message="Expected linebreaks to be &apos;LF&apos; but found &apos;CRLF&apos;."><![CDATA[line 6, col 55, Error - Expected linebreaks to be &apos;LF&apos; but found &apos;CRLF&apos;. (linebreak-style)]]></failure></testcase>
<testcase time="0" name="org.eslint.semi" classname="C:\work\dyrectorio\web\crux-ui\src\pages\api\products\[productId]\versions\[versionId]\deployments"><failure message="Missing semicolon."><![CDATA[line 6, col 55, Error - Missing semicolon. (semi)]]></failure></testcase>
<testcase time="0" name="org.eslint.linebreak-style" classname="C:\work\dyrectorio\web\crux-ui\src\pages\api\products\[productId]\versions\[versionId]\deployments"><failure message="Expected linebreaks to be &apos;LF&apos; but found &apos;CRLF&apos;."><![CDATA[line 7, col 1, Error - Expected linebreaks to be &apos;LF&apos; but found &apos;CRLF&apos;. (linebreak-style)]]></failure></testcase>
<testcase time="0" name="org.eslint.linebreak-style" classname="C:\work\dyrectorio\web\crux-ui\src\pages\api\products\[productId]\versions\[versionId]\deployments"><failure message="Expected linebreaks to be &apos;LF&apos; but found &apos;CRLF&apos;."><![CDATA[line 8, col 69, Error - Expected linebreaks to be &apos;LF&apos; but found &apos;CRLF&apos;. (linebreak-style)]]></failure></testcase>
<testcase time="0" name="org.eslint.linebreak-style" classname="C:\work\dyrectorio\web\crux-ui\src\pages\api\products\[productId]\versions\[versionId]\deployments"><failure message="Expected linebreaks to be &apos;LF&apos; but found &apos;CRLF&apos;."><![CDATA[line 9, col 50, Error - Expected linebreaks to be &apos;LF&apos; but found &apos;CRLF&apos;. (linebreak-style)]]></failure></testcase>
<testcase time="0" name="org.eslint.semi" classname="C:\work\dyrectorio\web\crux-ui\src\pages\api\products\[productId]\versions\[versionId]\deployments"><failure message="Missing semicolon."><![CDATA[line 9, col 50, Error - Missing semicolon. (semi)]]></failure></testcase>
<testcase time="0" name="org.eslint.linebreak-style" classname="C:\work\dyrectorio\web\crux-ui\src\pages\api\products\[productId]\versions\[versionId]\deployments"><failure message="Expected linebreaks to be &apos;LF&apos; but found &apos;CRLF&apos;."><![CDATA[line 10, col 1, Error - Expected linebreaks to be &apos;LF&apos; but found &apos;CRLF&apos;. (linebreak-style)]]></failure></testcase>
<testcase time="0" name="org.eslint.linebreak-style" classname="C:\work\dyrectorio\web\crux-ui\src\pages\api\products\[productId]\versions\[versionId]\deployments"><failure message="Expected linebreaks to be &apos;LF&apos; but found &apos;CRLF&apos;."><![CDATA[line 11, col 79, Error - Expected linebreaks to be &apos;LF&apos; but found &apos;CRLF&apos;. (linebreak-style)]]></failure></testcase>
<testcase time="0" name="org.eslint.semi" classname="C:\work\dyrectorio\web\crux-ui\src\pages\api\products\[productId]\versions\[versionId]\deployments"><failure message="Missing semicolon."><![CDATA[line 11, col 79, Error - Missing semicolon. (semi)]]></failure></testcase>
<testcase time="0" name="org.eslint.linebreak-style" classname="C:\work\dyrectorio\web\crux-ui\src\pages\api\products\[productId]\versions\[versionId]\deployments"><failure message="Expected linebreaks to be &apos;LF&apos; but found &apos;CRLF&apos;."><![CDATA[line 12, col 1, Error - Expected linebreaks to be &apos;LF&apos; but found &apos;CRLF&apos;. (linebreak-style)]]></failure></testcase>
<testcase time="0" name="org.eslint.linebreak-style" classname="C:\work\dyrectorio\web\crux-ui\src\pages\api\products\[productId]\versions\[versionId]\deployments"><failure message="Expected linebreaks to be &apos;LF&apos; but found &apos;CRLF&apos;."><![CDATA[line 13, col 36, Error - Expected linebreaks to be &apos;LF&apos; but found &apos;CRLF&apos;. (linebreak-style)]]></failure></testcase>
<testcase time="0" name="org.eslint.semi" classname="C:\work\dyrectorio\web\crux-ui\src\pages\api\products\[productId]\versions\[versionId]\deployments"><failure message="Missing semicolon."><![CDATA[line 13, col 36, Error - Missing semicolon. (semi)]]></failure></testcase>
<testcase time="0" name="org.eslint.linebreak-style" classname="C:\work\dyrectorio\web\crux-ui\src\pages\api\products\[productId]\versions\[versionId]\deployments"><failure message="Expected linebreaks to be &apos;LF&apos; but found &apos;CRLF&apos;."><![CDATA[line 14, col 2, Error - Expected linebreaks to be &apos;LF&apos; but found &apos;CRLF&apos;. (linebreak-style)]]></failure></testcase>
<testcase time="0" name="org.eslint.semi" classname="C:\work\dyrectorio\web\crux-ui\src\pages\api\products\[productId]\versions\[versionId]\deployments"><failure message="Missing semicolon."><![CDATA[line 14, col 2, Error - Missing semicolon. (semi)]]></failure></testcase>
<testcase time="0" name="org.eslint.linebreak-style" classname="C:\work\dyrectorio\web\crux-ui\src\pages\api\products\[productId]\versions\[versionId]\deployments"><failure message="Expected linebreaks to be &apos;LF&apos; but found &apos;CRLF&apos;."><![CDATA[line 15, col 1, Error - Expected linebreaks to be &apos;LF&apos; but found &apos;CRLF&apos;. (linebreak-style)]]></failure></testcase>
<testcase time="0" name="org.eslint.linebreak-style" classname="C:\work\dyrectorio\web\crux-ui\src\pages\api\products\[productId]\versions\[versionId]\deployments"><failure message="Expected linebreaks to be &apos;LF&apos; but found &apos;CRLF&apos;."><![CDATA[line 16, col 70, Error - Expected linebreaks to be &apos;LF&apos; but found &apos;CRLF&apos;. (linebreak-style)]]></failure></testcase>
<testcase time="0" name="org.eslint.linebreak-style" classname="C:\work\dyrectorio\web\crux-ui\src\pages\api\products\[productId]\versions\[versionId]\deployments"><failure message="Expected linebreaks to be &apos;LF&apos; but found &apos;CRLF&apos;."><![CDATA[line 17, col 50, Error - Expected linebreaks to be &apos;LF&apos; but found &apos;CRLF&apos;. (linebreak-style)]]></failure></testcase>
<testcase time="0" name="org.eslint.semi" classname="C:\work\dyrectorio\web\crux-ui\src\pages\api\products\[productId]\versions\[versionId]\deployments"><failure message="Missing semicolon."><![CDATA[line 17, col 50, Error - Missing semicolon. (semi)]]></failure></testcase>
<testcase time="0" name="org.eslint.linebreak-style" classname="C:\work\dyrectorio\web\crux-ui\src\pages\api\products\[productId]\versions\[versionId]\deployments"><failure message="Expected linebreaks to be &apos;LF&apos; but found &apos;CRLF&apos;."><![CDATA[line 18, col 43, Error - Expected linebreaks to be &apos;LF&apos; but found &apos;CRLF&apos;. (linebreak-style)]]></failure></testcase>
<testcase time="0" name="org.eslint.semi" classname="C:\work\dyrectorio\web\crux-ui\src\pages\api\products\[productId]\versions\[versionId]\deployments"><failure message="Missing semicolon."><![CDATA[line 18, col 43, Error - Missing semicolon. (semi)]]></failure></testcase>
<testcase time="0" name="org.eslint.linebreak-style" classname="C:\work\dyrectorio\web\crux-ui\src\pages\api\products\[productId]\versions\[versionId]\deployments"><failure message="Expected linebreaks to be &apos;LF&apos; but found &apos;CRLF&apos;."><![CDATA[line 19, col 1, Error - Expected linebreaks to be &apos;LF&apos; but found &apos;CRLF&apos;. (linebreak-style)]]></failure></testcase>
<testcase time="0" name="org.eslint.linebreak-style" classname="C:\work\dyrectorio\web\crux-ui\src\pages\api\products\[productId]\versions\[versionId]\deployments"><failure message="Expected linebreaks to be &apos;LF&apos; but found &apos;CRLF&apos;."><![CDATA[line 20, col 71, Error - Expected linebreaks to be &apos;LF&apos; but found &apos;CRLF&apos;. (linebreak-style)]]></failure></testcase>
<testcase time="0" name="org.eslint.semi" classname="C:\work\dyrectorio\web\crux-ui\src\pages\api\products\[productId]\versions\[versionId]\deployments"><failure message="Missing semicolon."><![CDATA[line 20, col 71, Error - Missing semicolon. (semi)]]></failure></testcase>
<testcase time="0" name="org.eslint.linebreak-style" classname="C:\work\dyrectorio\web\crux-ui\src\pages\api\products\[productId]\versions\[versionId]\deployments"><failure message="Expected linebreaks to be &apos;LF&apos; but found &apos;CRLF&apos;."><![CDATA[line 21, col 1, Error - Expected linebreaks to be &apos;LF&apos; but found &apos;CRLF&apos;. (linebreak-style)]]></failure></testcase>
<testcase time="0" name="org.eslint.linebreak-style" classname="C:\work\dyrectorio\web\crux-ui\src\pages\api\products\[productId]\versions\[versionId]\deployments"><failure message="Expected linebreaks to be &apos;LF&apos; but found &apos;CRLF&apos;."><![CDATA[line 22, col 25, Error - Expected linebreaks to be &apos;LF&apos; but found &apos;CRLF&apos;. (linebreak-style)]]></failure></testcase>
<testcase time="0" name="org.eslint.linebreak-style" classname="C:\work\dyrectorio\web\crux-ui\src\pages\api\products\[productId]\versions\[versionId]\deployments"><failure message="Expected linebreaks to be &apos;LF&apos; but found &apos;CRLF&apos;."><![CDATA[line 23, col 8, Error - Expected linebreaks to be &apos;LF&apos; but found &apos;CRLF&apos;. (linebreak-style)]]></failure></testcase>
<testcase time="0" name="org.eslint.semi" classname="C:\work\dyrectorio\web\crux-ui\src\pages\api\products\[productId]\versions\[versionId]\deployments"><failure message="Missing semicolon."><![CDATA[line 24, col 26, Error - Missing semicolon. (semi)]]></failure></testcase>
<testcase time="0" name="org.eslint.linebreak-style" classname="C:\work\dyrectorio\web\crux-ui\src\pages\api\products\[productId]\versions\[versionId]\deployments"><failure message="Expected linebreaks to be &apos;LF&apos; but found &apos;CRLF&apos;."><![CDATA[line 24, col 73, Error - Expected linebreaks to be &apos;LF&apos; but found &apos;CRLF&apos;. (linebreak-style)]]></failure></testcase>
<testcase time="0" name="org.eslint.linebreak-style" classname="C:\work\dyrectorio\web\crux-ui\src\pages\api\products\[productId]\versions\[versionId]\deployments"><failure message="Expected linebreaks to be &apos;LF&apos; but found &apos;CRLF&apos;."><![CDATA[line 25, col 2, Error - Expected linebreaks to be &apos;LF&apos; but found &apos;CRLF&apos;. (linebreak-style)]]></failure></testcase>
<testcase time="0" name="org.eslint.semi" classname="C:\work\dyrectorio\web\crux-ui\src\pages\api\products\[productId]\versions\[versionId]\deployments"><failure message="Missing semicolon."><![CDATA[line 25, col 2, Error - Missing semicolon. (semi)]]></failure></testcase>
<testcase time="0" name="org.eslint.linebreak-style" classname="C:\work\dyrectorio\web\crux-ui\src\pages\api\products\[productId]\versions\[versionId]\deployments"><failure message="Expected linebreaks to be &apos;LF&apos; but found &apos;CRLF&apos;."><![CDATA[line 26, col 1, Error - Expected linebreaks to be &apos;LF&apos; but found &apos;CRLF&apos;. (linebreak-style)]]></failure></testcase>
<testcase time="0" name="org.eslint.linebreak-style" classname="C:\work\dyrectorio\web\crux-ui\src\pages\api\products\[productId]\versions\[versionId]\deployments"><failure message="Expected linebreaks to be &apos;LF&apos; but found &apos;CRLF&apos;."><![CDATA[line 27, col 33, Error - Expected linebreaks to be &apos;LF&apos; but found &apos;CRLF&apos;. (linebreak-style)]]></failure></testcase>
<testcase time="0" name="org.eslint.linebreak-style" classname="C:\work\dyrectorio\web\crux-ui\src\pages\api\products\[productId]\versions\[versionId]\deployments"><failure message="Expected linebreaks to be &apos;LF&apos; but found &apos;CRLF&apos;."><![CDATA[line 28, col 9, Error - Expected linebreaks to be &apos;LF&apos; but found &apos;CRLF&apos;. (linebreak-style)]]></failure></testcase>
<testcase time="0" name="org.eslint.linebreak-style" classname="C:\work\dyrectorio\web\crux-ui\src\pages\api\products\[productId]\versions\[versionId]\deployments"><failure message="Expected linebreaks to be &apos;LF&apos; but found &apos;CRLF&apos;."><![CDATA[line 29, col 12, Error - Expected linebreaks to be &apos;LF&apos; but found &apos;CRLF&apos;. (linebreak-style)]]></failure></testcase>
<testcase time="0" name="org.eslint.linebreak-style" classname="C:\work\dyrectorio\web\crux-ui\src\pages\api\products\[productId]\versions\[versionId]\deployments"><failure message="Expected linebreaks to be &apos;LF&apos; but found &apos;CRLF&apos;."><![CDATA[line 30, col 68, Error - Expected linebreaks to be &apos;LF&apos; but found &apos;CRLF&apos;. (linebreak-style)]]></failure></testcase>
<testcase time="0" name="org.eslint.linebreak-style" classname="C:\work\dyrectorio\web\crux-ui\src\pages\api\products\[productId]\versions\[versionId]\deployments"><failure message="Expected linebreaks to be &apos;LF&apos; but found &apos;CRLF&apos;."><![CDATA[line 31, col 22, Error - Expected linebreaks to be &apos;LF&apos; but found &apos;CRLF&apos;. (linebreak-style)]]></failure></testcase>
<testcase time="0" name="org.eslint.linebreak-style" classname="C:\work\dyrectorio\web\crux-ui\src\pages\api\products\[productId]\versions\[versionId]\deployments"><failure message="Expected linebreaks to be &apos;LF&apos; but found &apos;CRLF&apos;."><![CDATA[line 32, col 5, Error - Expected linebreaks to be &apos;LF&apos; but found &apos;CRLF&apos;. (linebreak-style)]]></failure></testcase>
<testcase time="0" name="org.eslint.linebreak-style" classname="C:\work\dyrectorio\web\crux-ui\src\pages\api\products\[productId]\versions\[versionId]\deployments"><failure message="Expected linebreaks to be &apos;LF&apos; but found &apos;CRLF&apos;."><![CDATA[line 33, col 3, Error - Expected linebreaks to be &apos;LF&apos; but found &apos;CRLF&apos;. (linebreak-style)]]></failure></testcase>
<testcase time="0" name="org.eslint.semi" classname="C:\work\dyrectorio\web\crux-ui\src\pages\api\products\[productId]\versions\[versionId]\deployments"><failure message="Missing semicolon."><![CDATA[line 33, col 3, Error - Missing semicolon. (semi)]]></failure></testcase>
</testsuite>
<testsuite package="org.eslint" time="0" tests="47" errors="47" name="C:\work\dyrectorio\web\crux-ui\src\pages\api\products\[productId]\versions\[versionId]\deployments\[deploymentId].ts">
<testcase time="0" name="org.eslint.linebreak-style" classname="C:\work\dyrectorio\web\crux-ui\src\pages\api\products\[productId]\versions\[versionId]\deployments\[deploymentId]"><failure message="Expected linebreaks to be &apos;LF&apos; but found &apos;CRLF&apos;."><![CDATA[line 1, col 47, Error - Expected linebreaks to be &apos;LF&apos; but found &apos;CRLF&apos;. (linebreak-style)]]></failure></testcase>
<testcase time="0" name="org.eslint.semi" classname="C:\work\dyrectorio\web\crux-ui\src\pages\api\products\[productId]\versions\[versionId]\deployments\[deploymentId]"><failure message="Missing semicolon."><![CDATA[line 1, col 47, Error - Missing semicolon. (semi)]]></failure></testcase>
<testcase time="0" name="org.eslint.linebreak-style" classname="C:\work\dyrectorio\web\crux-ui\src\pages\api\products\[productId]\versions\[versionId]\deployments\[deploymentId]"><failure message="Expected linebreaks to be &apos;LF&apos; but found &apos;CRLF&apos;."><![CDATA[line 2, col 57, Error - Expected linebreaks to be &apos;LF&apos; but found &apos;CRLF&apos;. (linebreak-style)]]></failure></testcase>
<testcase time="0" name="org.eslint.semi" classname="C:\work\dyrectorio\web\crux-ui\src\pages\api\products\[productId]\versions\[versionId]\deployments\[deploymentId]"><failure message="Missing semicolon."><![CDATA[line 2, col 57, Error - Missing semicolon. (semi)]]></failure></testcase>
<testcase time="0" name="org.eslint.linebreak-style" classname="C:\work\dyrectorio\web\crux-ui\src\pages\api\products\[productId]\versions\[versionId]\deployments\[deploymentId]"><failure message="Expected linebreaks to be &apos;LF&apos; but found &apos;CRLF&apos;."><![CDATA[line 3, col 37, Error - Expected linebreaks to be &apos;LF&apos; but found &apos;CRLF&apos;. (linebreak-style)]]></failure></testcase>
<testcase time="0" name="org.eslint.semi" classname="C:\work\dyrectorio\web\crux-ui\src\pages\api\products\[productId]\versions\[versionId]\deployments\[deploymentId]"><failure message="Missing semicolon."><![CDATA[line 3, col 37, Error - Missing semicolon. (semi)]]></failure></testcase>
<testcase time="0" name="org.eslint.linebreak-style" classname="C:\work\dyrectorio\web\crux-ui\src\pages\api\products\[productId]\versions\[versionId]\deployments\[deploymentId]"><failure message="Expected linebreaks to be &apos;LF&apos; but found &apos;CRLF&apos;."><![CDATA[line 4, col 54, Error - Expected linebreaks to be &apos;LF&apos; but found &apos;CRLF&apos;. (linebreak-style)]]></failure></testcase>
<testcase time="0" name="org.eslint.semi" classname="C:\work\dyrectorio\web\crux-ui\src\pages\api\products\[productId]\versions\[versionId]\deployments\[deploymentId]"><failure message="Missing semicolon."><![CDATA[line 4, col 54, Error - Missing semicolon. (semi)]]></failure></testcase>
<testcase time="0" name="org.eslint.linebreak-style" classname="C:\work\dyrectorio\web\crux-ui\src\pages\api\products\[productId]\versions\[versionId]\deployments\[deploymentId]"><failure message="Expected linebreaks to be &apos;LF&apos; but found &apos;CRLF&apos;."><![CDATA[line 5, col 72, Error - Expected linebreaks to be &apos;LF&apos; but found &apos;CRLF&apos;. (linebreak-style)]]></failure></testcase>
<testcase time="0" name="org.eslint.semi" classname="C:\work\dyrectorio\web\crux-ui\src\pages\api\products\[productId]\versions\[versionId]\deployments\[deploymentId]"><failure message="Missing semicolon."><![CDATA[line 5, col 72, Error - Missing semicolon. (semi)]]></failure></testcase>
<testcase time="0" name="org.eslint.linebreak-style" classname="C:\work\dyrectorio\web\crux-ui\src\pages\api\products\[productId]\versions\[versionId]\deployments\[deploymentId]"><failure message="Expected linebreaks to be &apos;LF&apos; but found &apos;CRLF&apos;."><![CDATA[line 6, col 55, Error - Expected linebreaks to be &apos;LF&apos; but found &apos;CRLF&apos;. (linebreak-style)]]></failure></testcase>
<testcase time="0" name="org.eslint.semi" classname="C:\work\dyrectorio\web\crux-ui\src\pages\api\products\[productId]\versions\[versionId]\deployments\[deploymentId]"><failure message="Missing semicolon."><![CDATA[line 6, col 55, Error - Missing semicolon. (semi)]]></failure></testcase>
<testcase time="0" name="org.eslint.linebreak-style" classname="C:\work\dyrectorio\web\crux-ui\src\pages\api\products\[productId]\versions\[versionId]\deployments\[deploymentId]"><failure message="Expected linebreaks to be &apos;LF&apos; but found &apos;CRLF&apos;."><![CDATA[line 7, col 1, Error - Expected linebreaks to be &apos;LF&apos; but found &apos;CRLF&apos;. (linebreak-style)]]></failure></testcase>
<testcase time="0" name="org.eslint.linebreak-style" classname="C:\work\dyrectorio\web\crux-ui\src\pages\api\products\[productId]\versions\[versionId]\deployments\[deploymentId]"><failure message="Expected linebreaks to be &apos;LF&apos; but found &apos;CRLF&apos;."><![CDATA[line 8, col 69, Error - Expected linebreaks to be &apos;LF&apos; but found &apos;CRLF&apos;. (linebreak-style)]]></failure></testcase>
<testcase time="0" name="org.eslint.linebreak-style" classname="C:\work\dyrectorio\web\crux-ui\src\pages\api\products\[productId]\versions\[versionId]\deployments\[deploymentId]"><failure message="Expected linebreaks to be &apos;LF&apos; but found &apos;CRLF&apos;."><![CDATA[line 9, col 56, Error - Expected linebreaks to be &apos;LF&apos; but found &apos;CRLF&apos;. (linebreak-style)]]></failure></testcase>
<testcase time="0" name="org.eslint.semi" classname="C:\work\dyrectorio\web\crux-ui\src\pages\api\products\[productId]\versions\[versionId]\deployments\[deploymentId]"><failure message="Missing semicolon."><![CDATA[line 9, col 56, Error - Missing semicolon. (semi)]]></failure></testcase>
<testcase time="0" name="org.eslint.linebreak-style" classname="C:\work\dyrectorio\web\crux-ui\src\pages\api\products\[productId]\versions\[versionId]\deployments\[deploymentId]"><failure message="Expected linebreaks to be &apos;LF&apos; but found &apos;CRLF&apos;."><![CDATA[line 10, col 43, Error - Expected linebreaks to be &apos;LF&apos; but found &apos;CRLF&apos;. (linebreak-style)]]></failure></testcase>
<testcase time="0" name="org.eslint.semi" classname="C:\work\dyrectorio\web\crux-ui\src\pages\api\products\[productId]\versions\[versionId]\deployments\[deploymentId]"><failure message="Missing semicolon."><![CDATA[line 10, col 43, Error - Missing semicolon. (semi)]]></failure></testcase>
<testcase time="0" name="org.eslint.linebreak-style" classname="C:\work\dyrectorio\web\crux-ui\src\pages\api\products\[productId]\versions\[versionId]\deployments\[deploymentId]"><failure message="Expected linebreaks to be &apos;LF&apos; but found &apos;CRLF&apos;."><![CDATA[line 11, col 1, Error - Expected linebreaks to be &apos;LF&apos; but found &apos;CRLF&apos;. (linebreak-style)]]></failure></testcase>
<testcase time="0" name="org.eslint.linebreak-style" classname="C:\work\dyrectorio\web\crux-ui\src\pages\api\products\[productId]\versions\[versionId]\deployments\[deploymentId]"><failure message="Expected linebreaks to be &apos;LF&apos; but found &apos;CRLF&apos;."><![CDATA[line 12, col 56, Error - Expected linebreaks to be &apos;LF&apos; but found &apos;CRLF&apos;. (linebreak-style)]]></failure></testcase>
<testcase time="0" name="org.eslint.semi" classname="C:\work\dyrectorio\web\crux-ui\src\pages\api\products\[productId]\versions\[versionId]\deployments\[deploymentId]"><failure message="Missing semicolon."><![CDATA[line 12, col 56, Error - Missing semicolon. (semi)]]></failure></testcase>
<testcase time="0" name="org.eslint.linebreak-style" classname="C:\work\dyrectorio\web\crux-ui\src\pages\api\products\[productId]\versions\[versionId]\deployments\[deploymentId]"><failure message="Expected linebreaks to be &apos;LF&apos; but found &apos;CRLF&apos;."><![CDATA[line 13, col 1, Error - Expected linebreaks to be &apos;LF&apos; but found &apos;CRLF&apos;. (linebreak-style)]]></failure></testcase>
<testcase time="0" name="org.eslint.linebreak-style" classname="C:\work\dyrectorio\web\crux-ui\src\pages\api\products\[productId]\versions\[versionId]\deployments\[deploymentId]"><failure message="Expected linebreaks to be &apos;LF&apos; but found &apos;CRLF&apos;."><![CDATA[line 14, col 24, Error - Expected linebreaks to be &apos;LF&apos; but found &apos;CRLF&apos;. (linebreak-style)]]></failure></testcase>
<testcase time="0" name="org.eslint.semi" classname="C:\work\dyrectorio\web\crux-ui\src\pages\api\products\[productId]\versions\[versionId]\deployments\[deploymentId]"><failure message="Missing semicolon."><![CDATA[line 14, col 24, Error - Missing semicolon. (semi)]]></failure></testcase>
<testcase time="0" name="org.eslint.linebreak-style" classname="C:\work\dyrectorio\web\crux-ui\src\pages\api\products\[productId]\versions\[versionId]\deployments\[deploymentId]"><failure message="Expected linebreaks to be &apos;LF&apos; but found &apos;CRLF&apos;."><![CDATA[line 15, col 2, Error - Expected linebreaks to be &apos;LF&apos; but found &apos;CRLF&apos;. (linebreak-style)]]></failure></testcase>
<testcase time="0" name="org.eslint.semi" classname="C:\work\dyrectorio\web\crux-ui\src\pages\api\products\[productId]\versions\[versionId]\deployments\[deploymentId]"><failure message="Missing semicolon."><![CDATA[line 15, col 2, Error - Missing semicolon. (semi)]]></failure></testcase>
<testcase time="0" name="org.eslint.linebreak-style" classname="C:\work\dyrectorio\web\crux-ui\src\pages\api\products\[productId]\versions\[versionId]\deployments\[deploymentId]"><failure message="Expected linebreaks to be &apos;LF&apos; but found &apos;CRLF&apos;."><![CDATA[line 16, col 1, Error - Expected linebreaks to be &apos;LF&apos; but found &apos;CRLF&apos;. (linebreak-style)]]></failure></testcase>
<testcase time="0" name="org.eslint.linebreak-style" classname="C:\work\dyrectorio\web\crux-ui\src\pages\api\products\[productId]\versions\[versionId]\deployments\[deploymentId]"><failure message="Expected linebreaks to be &apos;LF&apos; but found &apos;CRLF&apos;."><![CDATA[line 17, col 72, Error - Expected linebreaks to be &apos;LF&apos; but found &apos;CRLF&apos;. (linebreak-style)]]></failure></testcase>
<testcase time="0" name="org.eslint.linebreak-style" classname="C:\work\dyrectorio\web\crux-ui\src\pages\api\products\[productId]\versions\[versionId]\deployments\[deploymentId]"><failure message="Expected linebreaks to be &apos;LF&apos; but found &apos;CRLF&apos;."><![CDATA[line 18, col 56, Error - Expected linebreaks to be &apos;LF&apos; but found &apos;CRLF&apos;. (linebreak-style)]]></failure></testcase>
<testcase time="0" name="org.eslint.semi" classname="C:\work\dyrectorio\web\crux-ui\src\pages\api\products\[productId]\versions\[versionId]\deployments\[deploymentId]"><failure message="Missing semicolon."><![CDATA[line 18, col 56, Error - Missing semicolon. (semi)]]></failure></testcase>
<testcase time="0" name="org.eslint.linebreak-style" classname="C:\work\dyrectorio\web\crux-ui\src\pages\api\products\[productId]\versions\[versionId]\deployments\[deploymentId]"><failure message="Expected linebreaks to be &apos;LF&apos; but found &apos;CRLF&apos;."><![CDATA[line 19, col 1, Error - Expected linebreaks to be &apos;LF&apos; but found &apos;CRLF&apos;. (linebreak-style)]]></failure></testcase>
<testcase time="0" name="org.eslint.linebreak-style" classname="C:\work\dyrectorio\web\crux-ui\src\pages\api\products\[productId]\versions\[versionId]\deployments\[deploymentId]"><failure message="Expected linebreaks to be &apos;LF&apos; but found &apos;CRLF&apos;."><![CDATA[line 20, col 51, Error - Expected linebreaks to be &apos;LF&apos; but found &apos;CRLF&apos;. (linebreak-style)]]></failure></testcase>
<testcase time="0" name="org.eslint.semi" classname="C:\work\dyrectorio\web\crux-ui\src\pages\api\products\[productId]\versions\[versionId]\deployments\[deploymentId]"><failure message="Missing semicolon."><![CDATA[line 20, col 51, Error - Missing semicolon. (semi)]]></failure></testcase>
<testcase time="0" name="org.eslint.linebreak-style" classname="C:\work\dyrectorio\web\crux-ui\src\pages\api\products\[productId]\versions\[versionId]\deployments\[deploymentId]"><failure message="Expected linebreaks to be &apos;LF&apos; but found &apos;CRLF&apos;."><![CDATA[line 21, col 1, Error - Expected linebreaks to be &apos;LF&apos; but found &apos;CRLF&apos;. (linebreak-style)]]></failure></testcase>
<testcase time="0" name="org.eslint.linebreak-style" classname="C:\work\dyrectorio\web\crux-ui\src\pages\api\products\[productId]\versions\[versionId]\deployments\[deploymentId]"><failure message="Expected linebreaks to be &apos;LF&apos; but found &apos;CRLF&apos;."><![CDATA[line 22, col 24, Error - Expected linebreaks to be &apos;LF&apos; but found &apos;CRLF&apos;. (linebreak-style)]]></failure></testcase>
<testcase time="0" name="org.eslint.semi" classname="C:\work\dyrectorio\web\crux-ui\src\pages\api\products\[productId]\versions\[versionId]\deployments\[deploymentId]"><failure message="Missing semicolon."><![CDATA[line 22, col 24, Error - Missing semicolon. (semi)]]></failure></testcase>
<testcase time="0" name="org.eslint.linebreak-style" classname="C:\work\dyrectorio\web\crux-ui\src\pages\api\products\[productId]\versions\[versionId]\deployments\[deploymentId]"><failure message="Expected linebreaks to be &apos;LF&apos; but found &apos;CRLF&apos;."><![CDATA[line 23, col 2, Error - Expected linebreaks to be &apos;LF&apos; but found &apos;CRLF&apos;. (linebreak-style)]]></failure></testcase>
<testcase time="0" name="org.eslint.semi" classname="C:\work\dyrectorio\web\crux-ui\src\pages\api\products\[productId]\versions\[versionId]\deployments\[deploymentId]"><failure message="Missing semicolon."><![CDATA[line 23, col 2, Error - Missing semicolon. (semi)]]></failure></testcase>
<testcase time="0" name="org.eslint.linebreak-style" classname="C:\work\dyrectorio\web\crux-ui\src\pages\api\products\[productId]\versions\[versionId]\deployments\[deploymentId]"><failure message="Expected linebreaks to be &apos;LF&apos; but found &apos;CRLF&apos;."><![CDATA[line 24, col 1, Error - Expected linebreaks to be &apos;LF&apos; but found &apos;CRLF&apos;. (linebreak-style)]]></failure></testcase>
<testcase time="0" name="org.eslint.linebreak-style" classname="C:\work\dyrectorio\web\crux-ui\src\pages\api\products\[productId]\versions\[versionId]\deployments\[deploymentId]"><failure message="Expected linebreaks to be &apos;LF&apos; but found &apos;CRLF&apos;."><![CDATA[line 25, col 33, Error - Expected linebreaks to be &apos;LF&apos; but found &apos;CRLF&apos;. (linebreak-style)]]></failure></testcase>
<testcase time="0" name="org.eslint.linebreak-style" classname="C:\work\dyrectorio\web\crux-ui\src\pages\api\products\[productId]\versions\[versionId]\deployments\[deploymentId]"><failure message="Expected linebreaks to be &apos;LF&apos; but found &apos;CRLF&apos;."><![CDATA[line 26, col 11, Error - Expected linebreaks to be &apos;LF&apos; but found &apos;CRLF&apos;. (linebreak-style)]]></failure></testcase>
<testcase time="0" name="org.eslint.linebreak-style" classname="C:\work\dyrectorio\web\crux-ui\src\pages\api\products\[productId]\versions\[versionId]\deployments\[deploymentId]"><failure message="Expected linebreaks to be &apos;LF&apos; but found &apos;CRLF&apos;."><![CDATA[line 27, col 68, Error - Expected linebreaks to be &apos;LF&apos; but found &apos;CRLF&apos;. (linebreak-style)]]></failure></testcase>
<testcase time="0" name="org.eslint.linebreak-style" classname="C:\work\dyrectorio\web\crux-ui\src\pages\api\products\[productId]\versions\[versionId]\deployments\[deploymentId]"><failure message="Expected linebreaks to be &apos;LF&apos; but found &apos;CRLF&apos;."><![CDATA[line 28, col 21, Error - Expected linebreaks to be &apos;LF&apos; but found &apos;CRLF&apos;. (linebreak-style)]]></failure></testcase>
<testcase time="0" name="org.eslint.linebreak-style" classname="C:\work\dyrectorio\web\crux-ui\src\pages\api\products\[productId]\versions\[versionId]\deployments\[deploymentId]"><failure message="Expected linebreaks to be &apos;LF&apos; but found &apos;CRLF&apos;."><![CDATA[line 29, col 5, Error - Expected linebreaks to be &apos;LF&apos; but found &apos;CRLF&apos;. (linebreak-style)]]></failure></testcase>
<testcase time="0" name="org.eslint.linebreak-style" classname="C:\work\dyrectorio\web\crux-ui\src\pages\api\products\[productId]\versions\[versionId]\deployments\[deploymentId]"><failure message="Expected linebreaks to be &apos;LF&apos; but found &apos;CRLF&apos;."><![CDATA[line 30, col 12, Error - Expected linebreaks to be &apos;LF&apos; but found &apos;CRLF&apos;. (linebreak-style)]]></failure></testcase>
<testcase time="0" name="org.eslint.linebreak-style" classname="C:\work\dyrectorio\web\crux-ui\src\pages\api\products\[productId]\versions\[versionId]\deployments\[deploymentId]"><failure message="Expected linebreaks to be &apos;LF&apos; but found &apos;CRLF&apos;."><![CDATA[line 31, col 3, Error - Expected linebreaks to be &apos;LF&apos; but found &apos;CRLF&apos;. (linebreak-style)]]></failure></testcase>
<testcase time="0" name="org.eslint.semi" classname="C:\work\dyrectorio\web\crux-ui\src\pages\api\products\[productId]\versions\[versionId]\deployments\[deploymentId]"><failure message="Missing semicolon."><![CDATA[line 31, col 3, Error - Missing semicolon. (semi)]]></failure></testcase>
</testsuite>
<testsuite package="org.eslint" time="0" tests="201" errors="201" name="C:\work\dyrectorio\web\crux-ui\src\pages\api\products\[productId]\versions\[versionId]\deployments\[deploymentId]\connect.ts">
<testcase time="0" name="org.eslint.linebreak-style" classname="C:\work\dyrectorio\web\crux-ui\src\pages\api\products\[productId]\versions\[versionId]\deployments\[deploymentId]\connect"><failure message="Expected linebreaks to be &apos;LF&apos; but found &apos;CRLF&apos;."><![CDATA[line 1, col 37, Error - Expected linebreaks to be &apos;LF&apos; but found &apos;CRLF&apos;. (linebreak-style)]]></failure></testcase>
<testcase time="0" name="org.eslint.semi" classname="C:\work\dyrectorio\web\crux-ui\src\pages\api\products\[productId]\versions\[versionId]\deployments\[deploymentId]\connect"><failure message="Missing semicolon."><![CDATA[line 1, col 37, Error - Missing semicolon. (semi)]]></failure></testcase>
<testcase time="0" name="org.eslint.linebreak-style" classname="C:\work\dyrectorio\web\crux-ui\src\pages\api\products\[productId]\versions\[versionId]\deployments\[deploymentId]\connect"><failure message="Expected linebreaks to be &apos;LF&apos; but found &apos;CRLF&apos;."><![CDATA[line 2, col 9, Error - Expected linebreaks to be &apos;LF&apos; but found &apos;CRLF&apos;. (linebreak-style)]]></failure></testcase>
<testcase time="0" name="org.eslint.linebreak-style" classname="C:\work\dyrectorio\web\crux-ui\src\pages\api\products\[productId]\versions\[versionId]\deployments\[deploymentId]\connect"><failure message="Expected linebreaks to be &apos;LF&apos; but found &apos;CRLF&apos;."><![CDATA[line 3, col 26, Error - Expected linebreaks to be &apos;LF&apos; but found &apos;CRLF&apos;. (linebreak-style)]]></failure></testcase>
<testcase time="0" name="org.eslint.linebreak-style" classname="C:\work\dyrectorio\web\crux-ui\src\pages\api\products\[productId]\versions\[versionId]\deployments\[deploymentId]\connect"><failure message="Expected linebreaks to be &apos;LF&apos; but found &apos;CRLF&apos;."><![CDATA[line 4, col 32, Error - Expected linebreaks to be &apos;LF&apos; but found &apos;CRLF&apos;. (linebreak-style)]]></failure></testcase>
<testcase time="0" name="org.eslint.linebreak-style" classname="C:\work\dyrectorio\web\crux-ui\src\pages\api\products\[productId]\versions\[versionId]\deployments\[deploymentId]\connect"><failure message="Expected linebreaks to be &apos;LF&apos; but found &apos;CRLF&apos;."><![CDATA[line 5, col 22, Error - Expected linebreaks to be &apos;LF&apos; but found &apos;CRLF&apos;. (linebreak-style)]]></failure></testcase>
<testcase time="0" name="org.eslint.linebreak-style" classname="C:\work\dyrectorio\web\crux-ui\src\pages\api\products\[productId]\versions\[versionId]\deployments\[deploymentId]\connect"><failure message="Expected linebreaks to be &apos;LF&apos; but found &apos;CRLF&apos;."><![CDATA[line 6, col 29, Error - Expected linebreaks to be &apos;LF&apos; but found &apos;CRLF&apos;. (linebreak-style)]]></failure></testcase>
<testcase time="0" name="org.eslint.linebreak-style" classname="C:\work\dyrectorio\web\crux-ui\src\pages\api\products\[productId]\versions\[versionId]\deployments\[deploymentId]\connect"><failure message="Expected linebreaks to be &apos;LF&apos; but found &apos;CRLF&apos;."><![CDATA[line 7, col 24, Error - Expected linebreaks to be &apos;LF&apos; but found &apos;CRLF&apos;. (linebreak-style)]]></failure></testcase>
<testcase time="0" name="org.eslint.linebreak-style" classname="C:\work\dyrectorio\web\crux-ui\src\pages\api\products\[productId]\versions\[versionId]\deployments\[deploymentId]\connect"><failure message="Expected linebreaks to be &apos;LF&apos; but found &apos;CRLF&apos;."><![CDATA[line 8, col 26, Error - Expected linebreaks to be &apos;LF&apos; but found &apos;CRLF&apos;. (linebreak-style)]]></failure></testcase>
<testcase time="0" name="org.eslint.linebreak-style" classname="C:\work\dyrectorio\web\crux-ui\src\pages\api\products\[productId]\versions\[versionId]\deployments\[deploymentId]\connect"><failure message="Expected linebreaks to be &apos;LF&apos; but found &apos;CRLF&apos;."><![CDATA[line 9, col 34, Error - Expected linebreaks to be &apos;LF&apos; but found &apos;CRLF&apos;. (linebreak-style)]]></failure></testcase>
<testcase time="0" name="org.eslint.linebreak-style" classname="C:\work\dyrectorio\web\crux-ui\src\pages\api\products\[productId]\versions\[versionId]\deployments\[deploymentId]\connect"><failure message="Expected linebreaks to be &apos;LF&apos; but found &apos;CRLF&apos;."><![CDATA[line 10, col 28, Error - Expected linebreaks to be &apos;LF&apos; but found &apos;CRLF&apos;. (linebreak-style)]]></failure></testcase>
<testcase time="0" name="org.eslint.linebreak-style" classname="C:\work\dyrectorio\web\crux-ui\src\pages\api\products\[productId]\versions\[versionId]\deployments\[deploymentId]\connect"><failure message="Expected linebreaks to be &apos;LF&apos; but found &apos;CRLF&apos;."><![CDATA[line 11, col 33, Error - Expected linebreaks to be &apos;LF&apos; but found &apos;CRLF&apos;. (linebreak-style)]]></failure></testcase>
<testcase time="0" name="org.eslint.linebreak-style" classname="C:\work\dyrectorio\web\crux-ui\src\pages\api\products\[productId]\versions\[versionId]\deployments\[deploymentId]\connect"><failure message="Expected linebreaks to be &apos;LF&apos; but found &apos;CRLF&apos;."><![CDATA[line 12, col 31, Error - Expected linebreaks to be &apos;LF&apos; but found &apos;CRLF&apos;. (linebreak-style)]]></failure></testcase>
<testcase time="0" name="org.eslint.linebreak-style" classname="C:\work\dyrectorio\web\crux-ui\src\pages\api\products\[productId]\versions\[versionId]\deployments\[deploymentId]\connect"><failure message="Expected linebreaks to be &apos;LF&apos; but found &apos;CRLF&apos;."><![CDATA[line 13, col 21, Error - Expected linebreaks to be &apos;LF&apos; but found &apos;CRLF&apos;. (linebreak-style)]]></failure></testcase>
<testcase time="0" name="org.eslint.linebreak-style" classname="C:\work\dyrectorio\web\crux-ui\src\pages\api\products\[productId]\versions\[versionId]\deployments\[deploymentId]\connect"><failure message="Expected linebreaks to be &apos;LF&apos; but found &apos;CRLF&apos;."><![CDATA[line 14, col 35, Error - Expected linebreaks to be &apos;LF&apos; but found &apos;CRLF&apos;. (linebreak-style)]]></failure></testcase>
<testcase time="0" name="org.eslint.linebreak-style" classname="C:\work\dyrectorio\web\crux-ui\src\pages\api\products\[productId]\versions\[versionId]\deployments\[deploymentId]\connect"><failure message="Expected linebreaks to be &apos;LF&apos; but found &apos;CRLF&apos;."><![CDATA[line 15, col 24, Error - Expected linebreaks to be &apos;LF&apos; but found &apos;CRLF&apos;. (linebreak-style)]]></failure></testcase>
<testcase time="0" name="org.eslint.linebreak-style" classname="C:\work\dyrectorio\web\crux-ui\src\pages\api\products\[productId]\versions\[versionId]\deployments\[deploymentId]\connect"><failure message="Expected linebreaks to be &apos;LF&apos; but found &apos;CRLF&apos;."><![CDATA[line 16, col 20, Error - Expected linebreaks to be &apos;LF&apos; but found &apos;CRLF&apos;. (linebreak-style)]]></failure></testcase>
<testcase time="0" name="org.eslint.linebreak-style" classname="C:\work\dyrectorio\web\crux-ui\src\pages\api\products\[productId]\versions\[versionId]\deployments\[deploymentId]\connect"><failure message="Expected linebreaks to be &apos;LF&apos; but found &apos;CRLF&apos;."><![CDATA[line 17, col 28, Error - Expected linebreaks to be &apos;LF&apos; but found &apos;CRLF&apos;. (linebreak-style)]]></failure></testcase>
<testcase time="0" name="org.eslint.linebreak-style" classname="C:\work\dyrectorio\web\crux-ui\src\pages\api\products\[productId]\versions\[versionId]\deployments\[deploymentId]\connect"><failure message="Expected linebreaks to be &apos;LF&apos; but found &apos;CRLF&apos;."><![CDATA[line 18, col 32, Error - Expected linebreaks to be &apos;LF&apos; but found &apos;CRLF&apos;. (linebreak-style)]]></failure></testcase>
<testcase time="0" name="org.eslint.linebreak-style" classname="C:\work\dyrectorio\web\crux-ui\src\pages\api\products\[productId]\versions\[versionId]\deployments\[deploymentId]\connect"><failure message="Expected linebreaks to be &apos;LF&apos; but found &apos;CRLF&apos;."><![CDATA[line 19, col 26, Error - Expected linebreaks to be &apos;LF&apos; but found &apos;CRLF&apos;. (linebreak-style)]]></failure></testcase>
<testcase time="0" name="org.eslint.linebreak-style" classname="C:\work\dyrectorio\web\crux-ui\src\pages\api\products\[productId]\versions\[versionId]\deployments\[deploymentId]\connect"><failure message="Expected linebreaks to be &apos;LF&apos; but found &apos;CRLF&apos;."><![CDATA[line 20, col 28, Error - Expected linebreaks to be &apos;LF&apos; but found &apos;CRLF&apos;. (linebreak-style)]]></failure></testcase>
<testcase time="0" name="org.eslint.linebreak-style" classname="C:\work\dyrectorio\web\crux-ui\src\pages\api\products\[productId]\versions\[versionId]\deployments\[deploymentId]\connect"><failure message="Expected linebreaks to be &apos;LF&apos; but found &apos;CRLF&apos;."><![CDATA[line 21, col 21, Error - Expected linebreaks to be &apos;LF&apos; but found &apos;CRLF&apos;. (linebreak-style)]]></failure></testcase>
<testcase time="0" name="org.eslint.semi" classname="C:\work\dyrectorio\web\crux-ui\src\pages\api\products\[productId]\versions\[versionId]\deployments\[deploymentId]\connect"><failure message="Missing semicolon."><![CDATA[line 21, col 21, Error - Missing semicolon. (semi)]]></failure></testcase>
<testcase time="0" name="org.eslint.linebreak-style" classname="C:\work\dyrectorio\web\crux-ui\src\pages\api\products\[productId]\versions\[versionId]\deployments\[deploymentId]\connect"><failure message="Expected linebreaks to be &apos;LF&apos; but found &apos;CRLF&apos;."><![CDATA[line 22, col 51, Error - Expected linebreaks to be &apos;LF&apos; but found &apos;CRLF&apos;. (linebreak-style)]]></failure></testcase>
<testcase time="0" name="org.eslint.semi" classname="C:\work\dyrectorio\web\crux-ui\src\pages\api\products\[productId]\versions\[versionId]\deployments\[deploymentId]\connect"><failure message="Missing semicolon."><![CDATA[line 22, col 51, Error - Missing semicolon. (semi)]]></failure></testcase>
<testcase time="0" name="org.eslint.linebreak-style" classname="C:\work\dyrectorio\web\crux-ui\src\pages\api\products\[productId]\versions\[versionId]\deployments\[deploymentId]\connect"><failure message="Expected linebreaks to be &apos;LF&apos; but found &apos;CRLF&apos;."><![CDATA[line 23, col 66, Error - Expected linebreaks to be &apos;LF&apos; but found &apos;CRLF&apos;. (linebreak-style)]]></failure></testcase>
<testcase time="0" name="org.eslint.semi" classname="C:\work\dyrectorio\web\crux-ui\src\pages\api\products\[productId]\versions\[versionId]\deployments\[deploymentId]\connect"><failure message="Missing semicolon."><![CDATA[line 23, col 66, Error - Missing semicolon. (semi)]]></failure></testcase>
<testcase time="0" name="org.eslint.linebreak-style" classname="C:\work\dyrectorio\web\crux-ui\src\pages\api\products\[productId]\versions\[versionId]\deployments\[deploymentId]\connect"><failure message="Expected linebreaks to be &apos;LF&apos; but found &apos;CRLF&apos;."><![CDATA[line 24, col 67, Error - Expected linebreaks to be &apos;LF&apos; but found &apos;CRLF&apos;. (linebreak-style)]]></failure></testcase>
<testcase time="0" name="org.eslint.semi" classname="C:\work\dyrectorio\web\crux-ui\src\pages\api\products\[productId]\versions\[versionId]\deployments\[deploymentId]\connect"><failure message="Missing semicolon."><![CDATA[line 24, col 67, Error - Missing semicolon. (semi)]]></failure></testcase>
<testcase time="0" name="org.eslint.linebreak-style" classname="C:\work\dyrectorio\web\crux-ui\src\pages\api\products\[productId]\versions\[versionId]\deployments\[deploymentId]\connect"><failure message="Expected linebreaks to be &apos;LF&apos; but found &apos;CRLF&apos;."><![CDATA[line 25, col 73, Error - Expected linebreaks to be &apos;LF&apos; but found &apos;CRLF&apos;. (linebreak-style)]]></failure></testcase>
<testcase time="0" name="org.eslint.semi" classname="C:\work\dyrectorio\web\crux-ui\src\pages\api\products\[productId]\versions\[versionId]\deployments\[deploymentId]\connect"><failure message="Missing semicolon."><![CDATA[line 25, col 73, Error - Missing semicolon. (semi)]]></failure></testcase>
<testcase time="0" name="org.eslint.linebreak-style" classname="C:\work\dyrectorio\web\crux-ui\src\pages\api\products\[productId]\versions\[versionId]\deployments\[deploymentId]\connect"><failure message="Expected linebreaks to be &apos;LF&apos; but found &apos;CRLF&apos;."><![CDATA[line 26, col 69, Error - Expected linebreaks to be &apos;LF&apos; but found &apos;CRLF&apos;. (linebreak-style)]]></failure></testcase>
<testcase time="0" name="org.eslint.semi" classname="C:\work\dyrectorio\web\crux-ui\src\pages\api\products\[productId]\versions\[versionId]\deployments\[deploymentId]\connect"><failure message="Missing semicolon."><![CDATA[line 26, col 69, Error - Missing semicolon. (semi)]]></failure></testcase>
<testcase time="0" name="org.eslint.linebreak-style" classname="C:\work\dyrectorio\web\crux-ui\src\pages\api\products\[productId]\versions\[versionId]\deployments\[deploymentId]\connect"><failure message="Expected linebreaks to be &apos;LF&apos; but found &apos;CRLF&apos;."><![CDATA[line 27, col 81, Error - Expected linebreaks to be &apos;LF&apos; but found &apos;CRLF&apos;. (linebreak-style)]]></failure></testcase>
<testcase time="0" name="org.eslint.semi" classname="C:\work\dyrectorio\web\crux-ui\src\pages\api\products\[productId]\versions\[versionId]\deployments\[deploymentId]\connect"><failure message="Missing semicolon."><![CDATA[line 27, col 81, Error - Missing semicolon. (semi)]]></failure></testcase>
<testcase time="0" name="org.eslint.linebreak-style" classname="C:\work\dyrectorio\web\crux-ui\src\pages\api\products\[productId]\versions\[versionId]\deployments\[deploymentId]\connect"><failure message="Expected linebreaks to be &apos;LF&apos; but found &apos;CRLF&apos;."><![CDATA[line 28, col 38, Error - Expected linebreaks to be &apos;LF&apos; but found &apos;CRLF&apos;. (linebreak-style)]]></failure></testcase>
<testcase time="0" name="org.eslint.semi" classname="C:\work\dyrectorio\web\crux-ui\src\pages\api\products\[productId]\versions\[versionId]\deployments\[deploymentId]\connect"><failure message="Missing semicolon."><![CDATA[line 28, col 38, Error - Missing semicolon. (semi)]]></failure></testcase>
<testcase time="0" name="org.eslint.linebreak-style" classname="C:\work\dyrectorio\web\crux-ui\src\pages\api\products\[productId]\versions\[versionId]\deployments\[deploymentId]\connect"><failure message="Expected linebreaks to be &apos;LF&apos; but found &apos;CRLF&apos;."><![CDATA[line 29, col 1, Error - Expected linebreaks to be &apos;LF&apos; but found &apos;CRLF&apos;. (linebreak-style)]]></failure></testcase>
<testcase time="0" name="org.eslint.linebreak-style" classname="C:\work\dyrectorio\web\crux-ui\src\pages\api\products\[productId]\versions\[versionId]\deployments\[deploymentId]\connect"><failure message="Expected linebreaks to be &apos;LF&apos; but found &apos;CRLF&apos;."><![CDATA[line 30, col 43, Error - Expected linebreaks to be &apos;LF&apos; but found &apos;CRLF&apos;. (linebreak-style)]]></failure></testcase>
<testcase time="0" name="org.eslint.semi" classname="C:\work\dyrectorio\web\crux-ui\src\pages\api\products\[productId]\versions\[versionId]\deployments\[deploymentId]\connect"><failure message="Missing semicolon."><![CDATA[line 30, col 43, Error - Missing semicolon. (semi)]]></failure></testcase>
<testcase time="0" name="org.eslint.linebreak-style" classname="C:\work\dyrectorio\web\crux-ui\src\pages\api\products\[productId]\versions\[versionId]\deployments\[deploymentId]\connect"><failure message="Expected linebreaks to be &apos;LF&apos; but found &apos;CRLF&apos;."><![CDATA[line 31, col 1, Error - Expected linebreaks to be &apos;LF&apos; but found &apos;CRLF&apos;. (linebreak-style)]]></failure></testcase>
<testcase time="0" name="org.eslint.linebreak-style" classname="C:\work\dyrectorio\web\crux-ui\src\pages\api\products\[productId]\versions\[versionId]\deployments\[deploymentId]\connect"><failure message="Expected linebreaks to be &apos;LF&apos; but found &apos;CRLF&apos;."><![CDATA[line 32, col 50, Error - Expected linebreaks to be &apos;LF&apos; but found &apos;CRLF&apos;. (linebreak-style)]]></failure></testcase>
<testcase time="0" name="org.eslint.linebreak-style" classname="C:\work\dyrectorio\web\crux-ui\src\pages\api\products\[productId]\versions\[versionId]\deployments\[deploymentId]\connect"><failure message="Expected linebreaks to be &apos;LF&apos; but found &apos;CRLF&apos;."><![CDATA[line 33, col 61, Error - Expected linebreaks to be &apos;LF&apos; but found &apos;CRLF&apos;. (linebreak-style)]]></failure></testcase>
<testcase time="0" name="org.eslint.semi" classname="C:\work\dyrectorio\web\crux-ui\src\pages\api\products\[productId]\versions\[versionId]\deployments\[deploymentId]\connect"><failure message="Missing semicolon."><![CDATA[line 33, col 61, Error - Missing semicolon. (semi)]]></failure></testcase>
<testcase time="0" name="org.eslint.linebreak-style" classname="C:\work\dyrectorio\web\crux-ui\src\pages\api\products\[productId]\versions\[versionId]\deployments\[deploymentId]\connect"><failure message="Expected linebreaks to be &apos;LF&apos; but found &apos;CRLF&apos;."><![CDATA[line 34, col 1, Error - Expected linebreaks to be &apos;LF&apos; but found &apos;CRLF&apos;. (linebreak-style)]]></failure></testcase>
<testcase time="0" name="org.eslint.linebreak-style" classname="C:\work\dyrectorio\web\crux-ui\src\pages\api\products\[productId]\versions\[versionId]\deployments\[deploymentId]\connect"><failure message="Expected linebreaks to be &apos;LF&apos; but found &apos;CRLF&apos;."><![CDATA[line 35, col 86, Error - Expected linebreaks to be &apos;LF&apos; but found &apos;CRLF&apos;. (linebreak-style)]]></failure></testcase>
<testcase time="0" name="org.eslint.linebreak-style" classname="C:\work\dyrectorio\web\crux-ui\src\pages\api\products\[productId]\versions\[versionId]\deployments\[deploymentId]\connect"><failure message="Expected linebreaks to be &apos;LF&apos; but found &apos;CRLF&apos;."><![CDATA[line 36, col 75, Error - Expected linebreaks to be &apos;LF&apos; but found &apos;CRLF&apos;. (linebreak-style)]]></failure></testcase>
<testcase time="0" name="org.eslint.arrow-parens" classname="C:\work\dyrectorio\web\crux-ui\src\pages\api\products\[productId]\versions\[versionId]\deployments\[deploymentId]\connect"><failure message="Expected parentheses around arrow function argument."><![CDATA[line 37, col 16, Error - Expected parentheses around arrow function argument. (arrow-parens)]]></failure></testcase>
<testcase time="0" name="org.eslint.linebreak-style" classname="C:\work\dyrectorio\web\crux-ui\src\pages\api\products\[productId]\versions\[versionId]\deployments\[deploymentId]\connect"><failure message="Expected linebreaks to be &apos;LF&apos; but found &apos;CRLF&apos;."><![CDATA[line 37, col 75, Error - Expected linebreaks to be &apos;LF&apos; but found &apos;CRLF&apos;. (linebreak-style)]]></failure></testcase>
<testcase time="0" name="org.eslint.linebreak-style" classname="C:\work\dyrectorio\web\crux-ui\src\pages\api\products\[productId]\versions\[versionId]\deployments\[deploymentId]\connect"><failure message="Expected linebreaks to be &apos;LF&apos; but found &apos;CRLF&apos;."><![CDATA[line 38, col 5, Error - Expected linebreaks to be &apos;LF&apos; but found &apos;CRLF&apos;. (linebreak-style)]]></failure></testcase>
<testcase time="0" name="org.eslint.semi" classname="C:\work\dyrectorio\web\crux-ui\src\pages\api\products\[productId]\versions\[versionId]\deployments\[deploymentId]\connect"><failure message="Missing semicolon."><![CDATA[line 38, col 5, Error - Missing semicolon. (semi)]]></failure></testcase>
<testcase time="0" name="org.eslint.linebreak-style" classname="C:\work\dyrectorio\web\crux-ui\src\pages\api\products\[productId]\versions\[versionId]\deployments\[deploymentId]\connect"><failure message="Expected linebreaks to be &apos;LF&apos; but found &apos;CRLF&apos;."><![CDATA[line 39, col 2, Error - Expected linebreaks to be &apos;LF&apos; but found &apos;CRLF&apos;. (linebreak-style)]]></failure></testcase>
<testcase time="0" name="org.eslint.semi" classname="C:\work\dyrectorio\web\crux-ui\src\pages\api\products\[productId]\versions\[versionId]\deployments\[deploymentId]\connect"><failure message="Missing semicolon."><![CDATA[line 39, col 2, Error - Missing semicolon. (semi)]]></failure></testcase>
<testcase time="0" name="org.eslint.linebreak-style" classname="C:\work\dyrectorio\web\crux-ui\src\pages\api\products\[productId]\versions\[versionId]\deployments\[deploymentId]\connect"><failure message="Expected linebreaks to be &apos;LF&apos; but found &apos;CRLF&apos;."><![CDATA[line 40, col 1, Error - Expected linebreaks to be &apos;LF&apos; but found &apos;CRLF&apos;. (linebreak-style)]]></failure></testcase>
<testcase time="0" name="org.eslint.linebreak-style" classname="C:\work\dyrectorio\web\crux-ui\src\pages\api\products\[productId]\versions\[versionId]\deployments\[deploymentId]\connect"><failure message="Expected linebreaks to be &apos;LF&apos; but found &apos;CRLF&apos;."><![CDATA[line 41, col 93, Error - Expected linebreaks to be &apos;LF&apos; but found &apos;CRLF&apos;. (linebreak-style)]]></failure></testcase>
<testcase time="0" name="org.eslint.linebreak-style" classname="C:\work\dyrectorio\web\crux-ui\src\pages\api\products\[productId]\versions\[versionId]\deployments\[deploymentId]\connect"><failure message="Expected linebreaks to be &apos;LF&apos; but found &apos;CRLF&apos;."><![CDATA[line 42, col 61, Error - Expected linebreaks to be &apos;LF&apos; but found &apos;CRLF&apos;. (linebreak-style)]]></failure></testcase>
<testcase time="0" name="org.eslint.semi" classname="C:\work\dyrectorio\web\crux-ui\src\pages\api\products\[productId]\versions\[versionId]\deployments\[deploymentId]\connect"><failure message="Missing semicolon."><![CDATA[line 42, col 61, Error - Missing semicolon. (semi)]]></failure></testcase>
<testcase time="0" name="org.eslint.linebreak-style" classname="C:\work\dyrectorio\web\crux-ui\src\pages\api\products\[productId]\versions\[versionId]\deployments\[deploymentId]\connect"><failure message="Expected linebreaks to be &apos;LF&apos; but found &apos;CRLF&apos;."><![CDATA[line 43, col 1, Error - Expected linebreaks to be &apos;LF&apos; but found &apos;CRLF&apos;. (linebreak-style)]]></failure></testcase>
<testcase time="0" name="org.eslint.linebreak-style" classname="C:\work\dyrectorio\web\crux-ui\src\pages\api\products\[productId]\versions\[versionId]\deployments\[deploymentId]\connect"><failure message="Expected linebreaks to be &apos;LF&apos; but found &apos;CRLF&apos;."><![CDATA[line 44, col 8, Error - Expected linebreaks to be &apos;LF&apos; but found &apos;CRLF&apos;. (linebreak-style)]]></failure></testcase>
<testcase time="0" name="org.eslint.linebreak-style" classname="C:\work\dyrectorio\web\crux-ui\src\pages\api\products\[productId]\versions\[versionId]\deployments\[deploymentId]\connect"><failure message="Expected linebreaks to be &apos;LF&apos; but found &apos;CRLF&apos;."><![CDATA[line 45, col 48, Error - Expected linebreaks to be &apos;LF&apos; but found &apos;CRLF&apos;. (linebreak-style)]]></failure></testcase>
<testcase time="0" name="org.eslint.semi" classname="C:\work\dyrectorio\web\crux-ui\src\pages\api\products\[productId]\versions\[versionId]\deployments\[deploymentId]\connect"><failure message="Missing semicolon."><![CDATA[line 45, col 48, Error - Missing semicolon. (semi)]]></failure></testcase>
<testcase time="0" name="org.eslint.linebreak-style" classname="C:\work\dyrectorio\web\crux-ui\src\pages\api\products\[productId]\versions\[versionId]\deployments\[deploymentId]\connect"><failure message="Expected linebreaks to be &apos;LF&apos; but found &apos;CRLF&apos;."><![CDATA[line 46, col 16, Error - Expected linebreaks to be &apos;LF&apos; but found &apos;CRLF&apos;. (linebreak-style)]]></failure></testcase>
<testcase time="0" name="org.eslint.semi" classname="C:\work\dyrectorio\web\crux-ui\src\pages\api\products\[productId]\versions\[versionId]\deployments\[deploymentId]\connect"><failure message="Missing semicolon."><![CDATA[line 46, col 16, Error - Missing semicolon. (semi)]]></failure></testcase>
<testcase time="0" name="org.eslint.linebreak-style" classname="C:\work\dyrectorio\web\crux-ui\src\pages\api\products\[productId]\versions\[versionId]\deployments\[deploymentId]\connect"><failure message="Expected linebreaks to be &apos;LF&apos; but found &apos;CRLF&apos;."><![CDATA[line 47, col 12, Error - Expected linebreaks to be &apos;LF&apos; but found &apos;CRLF&apos;. (linebreak-style)]]></failure></testcase>
<testcase time="0" name="org.eslint.linebreak-style" classname="C:\work\dyrectorio\web\crux-ui\src\pages\api\products\[productId]\versions\[versionId]\deployments\[deploymentId]\connect"><failure message="Expected linebreaks to be &apos;LF&apos; but found &apos;CRLF&apos;."><![CDATA[line 48, col 17, Error - Expected linebreaks to be &apos;LF&apos; but found &apos;CRLF&apos;. (linebreak-style)]]></failure></testcase>
<testcase time="0" name="org.eslint.semi" classname="C:\work\dyrectorio\web\crux-ui\src\pages\api\products\[productId]\versions\[versionId]\deployments\[deploymentId]\connect"><failure message="Missing semicolon."><![CDATA[line 48, col 17, Error - Missing semicolon. (semi)]]></failure></testcase>
<testcase time="0" name="org.eslint.linebreak-style" classname="C:\work\dyrectorio\web\crux-ui\src\pages\api\products\[productId]\versions\[versionId]\deployments\[deploymentId]\connect"><failure message="Expected linebreaks to be &apos;LF&apos; but found &apos;CRLF&apos;."><![CDATA[line 49, col 4, Error - Expected linebreaks to be &apos;LF&apos; but found &apos;CRLF&apos;. (linebreak-style)]]></failure></testcase>
<testcase time="0" name="org.eslint.linebreak-style" classname="C:\work\dyrectorio\web\crux-ui\src\pages\api\products\[productId]\versions\[versionId]\deployments\[deploymentId]\connect"><failure message="Expected linebreaks to be &apos;LF&apos; but found &apos;CRLF&apos;."><![CDATA[line 50, col 2, Error - Expected linebreaks to be &apos;LF&apos; but found &apos;CRLF&apos;. (linebreak-style)]]></failure></testcase>
<testcase time="0" name="org.eslint.semi" classname="C:\work\dyrectorio\web\crux-ui\src\pages\api\products\[productId]\versions\[versionId]\deployments\[deploymentId]\connect"><failure message="Missing semicolon."><![CDATA[line 50, col 2, Error - Missing semicolon. (semi)]]></failure></testcase>
<testcase time="0" name="org.eslint.linebreak-style" classname="C:\work\dyrectorio\web\crux-ui\src\pages\api\products\[productId]\versions\[versionId]\deployments\[deploymentId]\connect"><failure message="Expected linebreaks to be &apos;LF&apos; but found &apos;CRLF&apos;."><![CDATA[line 51, col 1, Error - Expected linebreaks to be &apos;LF&apos; but found &apos;CRLF&apos;. (linebreak-style)]]></failure></testcase>
<testcase time="0" name="org.eslint.linebreak-style" classname="C:\work\dyrectorio\web\crux-ui\src\pages\api\products\[productId]\versions\[versionId]\deployments\[deploymentId]\connect"><failure message="Expected linebreaks to be &apos;LF&apos; but found &apos;CRLF&apos;."><![CDATA[line 52, col 30, Error - Expected linebreaks to be &apos;LF&apos; but found &apos;CRLF&apos;. (linebreak-style)]]></failure></testcase>
<testcase time="0" name="org.eslint.linebreak-style" classname="C:\work\dyrectorio\web\crux-ui\src\pages\api\products\[productId]\versions\[versionId]\deployments\[deploymentId]\connect"><failure message="Expected linebreaks to be &apos;LF&apos; but found &apos;CRLF&apos;."><![CDATA[line 53, col 24, Error - Expected linebreaks to be &apos;LF&apos; but found &apos;CRLF&apos;. (linebreak-style)]]></failure></testcase>
<testcase time="0" name="org.eslint.linebreak-style" classname="C:\work\dyrectorio\web\crux-ui\src\pages\api\products\[productId]\versions\[versionId]\deployments\[deploymentId]\connect"><failure message="Expected linebreaks to be &apos;LF&apos; but found &apos;CRLF&apos;."><![CDATA[line 54, col 28, Error - Expected linebreaks to be &apos;LF&apos; but found &apos;CRLF&apos;. (linebreak-style)]]></failure></testcase>
<testcase time="0" name="org.eslint.linebreak-style" classname="C:\work\dyrectorio\web\crux-ui\src\pages\api\products\[productId]\versions\[versionId]\deployments\[deploymentId]\connect"><failure message="Expected linebreaks to be &apos;LF&apos; but found &apos;CRLF&apos;."><![CDATA[line 55, col 52, Error - Expected linebreaks to be &apos;LF&apos; but found &apos;CRLF&apos;. (linebreak-style)]]></failure></testcase>
<testcase time="0" name="org.eslint.linebreak-style" classname="C:\work\dyrectorio\web\crux-ui\src\pages\api\products\[productId]\versions\[versionId]\deployments\[deploymentId]\connect"><failure message="Expected linebreaks to be &apos;LF&apos; but found &apos;CRLF&apos;."><![CDATA[line 56, col 7, Error - Expected linebreaks to be &apos;LF&apos; but found &apos;CRLF&apos;. (linebreak-style)]]></failure></testcase>
<testcase time="0" name="org.eslint.linebreak-style" classname="C:\work\dyrectorio\web\crux-ui\src\pages\api\products\[productId]\versions\[versionId]\deployments\[deploymentId]\connect"><failure message="Expected linebreaks to be &apos;LF&apos; but found &apos;CRLF&apos;."><![CDATA[line 57, col 30, Error - Expected linebreaks to be &apos;LF&apos; but found &apos;CRLF&apos;. (linebreak-style)]]></failure></testcase>
<testcase time="0" name="org.eslint.semi" classname="C:\work\dyrectorio\web\crux-ui\src\pages\api\products\[productId]\versions\[versionId]\deployments\[deploymentId]\connect"><failure message="Missing semicolon."><![CDATA[line 57, col 30, Error - Missing semicolon. (semi)]]></failure></testcase>
<testcase time="0" name="org.eslint.linebreak-style" classname="C:\work\dyrectorio\web\crux-ui\src\pages\api\products\[productId]\versions\[versionId]\deployments\[deploymentId]\connect"><failure message="Expected linebreaks to be &apos;LF&apos; but found &apos;CRLF&apos;."><![CDATA[line 58, col 1, Error - Expected linebreaks to be &apos;LF&apos; but found &apos;CRLF&apos;. (linebreak-style)]]></failure></testcase>
<testcase time="0" name="org.eslint.linebreak-style" classname="C:\work\dyrectorio\web\crux-ui\src\pages\api\products\[productId]\versions\[versionId]\deployments\[deploymentId]\connect"><failure message="Expected linebreaks to be &apos;LF&apos; but found &apos;CRLF&apos;."><![CDATA[line 59, col 84, Error - Expected linebreaks to be &apos;LF&apos; but found &apos;CRLF&apos;. (linebreak-style)]]></failure></testcase>
<testcase time="0" name="org.eslint.semi" classname="C:\work\dyrectorio\web\crux-ui\src\pages\api\products\[productId]\versions\[versionId]\deployments\[deploymentId]\connect"><failure message="Missing semicolon."><![CDATA[line 59, col 84, Error - Missing semicolon. (semi)]]></failure></testcase>
<testcase time="0" name="org.eslint.linebreak-style" classname="C:\work\dyrectorio\web\crux-ui\src\pages\api\products\[productId]\versions\[versionId]\deployments\[deploymentId]\connect"><failure message="Expected linebreaks to be &apos;LF&apos; but found &apos;CRLF&apos;."><![CDATA[line 60, col 85, Error - Expected linebreaks to be &apos;LF&apos; but found &apos;CRLF&apos;. (linebreak-style)]]></failure></testcase>
<testcase time="0" name="org.eslint.semi" classname="C:\work\dyrectorio\web\crux-ui\src\pages\api\products\[productId]\versions\[versionId]\deployments\[deploymentId]\connect"><failure message="Missing semicolon."><![CDATA[line 60, col 85, Error - Missing semicolon. (semi)]]></failure></testcase>
<testcase time="0" name="org.eslint.linebreak-style" classname="C:\work\dyrectorio\web\crux-ui\src\pages\api\products\[productId]\versions\[versionId]\deployments\[deploymentId]\connect"><failure message="Expected linebreaks to be &apos;LF&apos; but found &apos;CRLF&apos;."><![CDATA[line 61, col 2, Error - Expected linebreaks to be &apos;LF&apos; but found &apos;CRLF&apos;. (linebreak-style)]]></failure></testcase>
<testcase time="0" name="org.eslint.semi" classname="C:\work\dyrectorio\web\crux-ui\src\pages\api\products\[productId]\versions\[versionId]\deployments\[deploymentId]\connect"><failure message="Missing semicolon."><![CDATA[line 61, col 2, Error - Missing semicolon. (semi)]]></failure></testcase>
<testcase time="0" name="org.eslint.linebreak-style" classname="C:\work\dyrectorio\web\crux-ui\src\pages\api\products\[productId]\versions\[versionId]\deployments\[deploymentId]\connect"><failure message="Expected linebreaks to be &apos;LF&apos; but found &apos;CRLF&apos;."><![CDATA[line 62, col 1, Error - Expected linebreaks to be &apos;LF&apos; but found &apos;CRLF&apos;. (linebreak-style)]]></failure></testcase>
<testcase time="0" name="org.eslint.linebreak-style" classname="C:\work\dyrectorio\web\crux-ui\src\pages\api\products\[productId]\versions\[versionId]\deployments\[deploymentId]\connect"><failure message="Expected linebreaks to be &apos;LF&apos; but found &apos;CRLF&apos;."><![CDATA[line 63, col 34, Error - Expected linebreaks to be &apos;LF&apos; but found &apos;CRLF&apos;. (linebreak-style)]]></failure></testcase>
<testcase time="0" name="org.eslint.linebreak-style" classname="C:\work\dyrectorio\web\crux-ui\src\pages\api\products\[productId]\versions\[versionId]\deployments\[deploymentId]\connect"><failure message="Expected linebreaks to be &apos;LF&apos; but found &apos;CRLF&apos;."><![CDATA[line 64, col 24, Error - Expected linebreaks to be &apos;LF&apos; but found &apos;CRLF&apos;. (linebreak-style)]]></failure></testcase>
<testcase time="0" name="org.eslint.linebreak-style" classname="C:\work\dyrectorio\web\crux-ui\src\pages\api\products\[productId]\versions\[versionId]\deployments\[deploymentId]\connect"><failure message="Expected linebreaks to be &apos;LF&apos; but found &apos;CRLF&apos;."><![CDATA[line 65, col 28, Error - Expected linebreaks to be &apos;LF&apos; but found &apos;CRLF&apos;. (linebreak-style)]]></failure></testcase>
<testcase time="0" name="org.eslint.linebreak-style" classname="C:\work\dyrectorio\web\crux-ui\src\pages\api\products\[productId]\versions\[versionId]\deployments\[deploymentId]\connect"><failure message="Expected linebreaks to be &apos;LF&apos; but found &apos;CRLF&apos;."><![CDATA[line 66, col 46, Error - Expected linebreaks to be &apos;LF&apos; but found &apos;CRLF&apos;. (linebreak-style)]]></failure></testcase>
<testcase time="0" name="org.eslint.linebreak-style" classname="C:\work\dyrectorio\web\crux-ui\src\pages\api\products\[productId]\versions\[versionId]\deployments\[deploymentId]\connect"><failure message="Expected linebreaks to be &apos;LF&apos; but found &apos;CRLF&apos;."><![CDATA[line 67, col 7, Error - Expected linebreaks to be &apos;LF&apos; but found &apos;CRLF&apos;. (linebreak-style)]]></failure></testcase>
<testcase time="0" name="org.eslint.linebreak-style" classname="C:\work\dyrectorio\web\crux-ui\src\pages\api\products\[productId]\versions\[versionId]\deployments\[deploymentId]\connect"><failure message="Expected linebreaks to be &apos;LF&apos; but found &apos;CRLF&apos;."><![CDATA[line 68, col 30, Error - Expected linebreaks to be &apos;LF&apos; but found &apos;CRLF&apos;. (linebreak-style)]]></failure></testcase>
<testcase time="0" name="org.eslint.semi" classname="C:\work\dyrectorio\web\crux-ui\src\pages\api\products\[productId]\versions\[versionId]\deployments\[deploymentId]\connect"><failure message="Missing semicolon."><![CDATA[line 68, col 30, Error - Missing semicolon. (semi)]]></failure></testcase>
<testcase time="0" name="org.eslint.linebreak-style" classname="C:\work\dyrectorio\web\crux-ui\src\pages\api\products\[productId]\versions\[versionId]\deployments\[deploymentId]\connect"><failure message="Expected linebreaks to be &apos;LF&apos; but found &apos;CRLF&apos;."><![CDATA[line 69, col 1, Error - Expected linebreaks to be &apos;LF&apos; but found &apos;CRLF&apos;. (linebreak-style)]]></failure></testcase>
<testcase time="0" name="org.eslint.linebreak-style" classname="C:\work\dyrectorio\web\crux-ui\src\pages\api\products\[productId]\versions\[versionId]\deployments\[deploymentId]\connect"><failure message="Expected linebreaks to be &apos;LF&apos; but found &apos;CRLF&apos;."><![CDATA[line 70, col 71, Error - Expected linebreaks to be &apos;LF&apos; but found &apos;CRLF&apos;. (linebreak-style)]]></failure></testcase>
<testcase time="0" name="org.eslint.max-len" classname="C:\work\dyrectorio\web\crux-ui\src\pages\api\products\[productId]\versions\[versionId]\deployments\[deploymentId]\connect"><failure message="This line has a length of 120. Maximum allowed is 100."><![CDATA[line 71, col 1, Error - This line has a length of 120. Maximum allowed is 100. (max-len)]]></failure></testcase>
<testcase time="0" name="org.eslint.arrow-parens" classname="C:\work\dyrectorio\web\crux-ui\src\pages\api\products\[productId]\versions\[versionId]\deployments\[deploymentId]\connect"><failure message="Expected parentheses around arrow function argument."><![CDATA[line 71, col 16, Error - Expected parentheses around arrow function argument. (arrow-parens)]]></failure></testcase>
<testcase time="0" name="org.eslint.arrow-parens" classname="C:\work\dyrectorio\web\crux-ui\src\pages\api\products\[productId]\versions\[versionId]\deployments\[deploymentId]\connect"><failure message="Expected parentheses around arrow function argument."><![CDATA[line 71, col 41, Error - Expected parentheses around arrow function argument. (arrow-parens)]]></failure></testcase>
<testcase time="0" name="org.eslint.linebreak-style" classname="C:\work\dyrectorio\web\crux-ui\src\pages\api\products\[productId]\versions\[versionId]\deployments\[deploymentId]\connect"><failure message="Expected linebreaks to be &apos;LF&apos; but found &apos;CRLF&apos;."><![CDATA[line 71, col 121, Error - Expected linebreaks to be &apos;LF&apos; but found &apos;CRLF&apos;. (linebreak-style)]]></failure></testcase>
<testcase time="0" name="org.eslint.arrow-parens" classname="C:\work\dyrectorio\web\crux-ui\src\pages\api\products\[productId]\versions\[versionId]\deployments\[deploymentId]\connect"><failure message="Expected parentheses around arrow function argument."><![CDATA[line 72, col 14, Error - Expected parentheses around arrow function argument. (arrow-parens)]]></failure></testcase>
<testcase time="0" name="org.eslint.linebreak-style" classname="C:\work\dyrectorio\web\crux-ui\src\pages\api\products\[productId]\versions\[versionId]\deployments\[deploymentId]\connect"><failure message="Expected linebreaks to be &apos;LF&apos; but found &apos;CRLF&apos;."><![CDATA[line 72, col 22, Error - Expected linebreaks to be &apos;LF&apos; but found &apos;CRLF&apos;. (linebreak-style)]]></failure></testcase>
<testcase time="0" name="org.eslint.linebreak-style" classname="C:\work\dyrectorio\web\crux-ui\src\pages\api\products\[productId]\versions\[versionId]\deployments\[deploymentId]\connect"><failure message="Expected linebreaks to be &apos;LF&apos; but found &apos;CRLF&apos;."><![CDATA[line 73, col 40, Error - Expected linebreaks to be &apos;LF&apos; but found &apos;CRLF&apos;. (linebreak-style)]]></failure></testcase>
<testcase time="0" name="org.eslint.semi" classname="C:\work\dyrectorio\web\crux-ui\src\pages\api\products\[productId]\versions\[versionId]\deployments\[deploymentId]\connect"><failure message="Missing semicolon."><![CDATA[line 73, col 40, Error - Missing semicolon. (semi)]]></failure></testcase>
<testcase time="0" name="org.eslint.linebreak-style" classname="C:\work\dyrectorio\web\crux-ui\src\pages\api\products\[productId]\versions\[versionId]\deployments\[deploymentId]\connect"><failure message="Expected linebreaks to be &apos;LF&apos; but found &apos;CRLF&apos;."><![CDATA[line 74, col 64, Error - Expected linebreaks to be &apos;LF&apos; but found &apos;CRLF&apos;. (linebreak-style)]]></failure></testcase>
<testcase time="0" name="org.eslint.semi" classname="C:\work\dyrectorio\web\crux-ui\src\pages\api\products\[productId]\versions\[versionId]\deployments\[deploymentId]\connect"><failure message="Missing semicolon."><![CDATA[line 74, col 64, Error - Missing semicolon. (semi)]]></failure></testcase>
<testcase time="0" name="org.eslint.linebreak-style" classname="C:\work\dyrectorio\web\crux-ui\src\pages\api\products\[productId]\versions\[versionId]\deployments\[deploymentId]\connect"><failure message="Expected linebreaks to be &apos;LF&apos; but found &apos;CRLF&apos;."><![CDATA[line 75, col 7, Error - Expected linebreaks to be &apos;LF&apos; but found &apos;CRLF&apos;. (linebreak-style)]]></failure></testcase>
<testcase time="0" name="org.eslint.linebreak-style" classname="C:\work\dyrectorio\web\crux-ui\src\pages\api\products\[productId]\versions\[versionId]\deployments\[deploymentId]\connect"><failure message="Expected linebreaks to be &apos;LF&apos; but found &apos;CRLF&apos;."><![CDATA[line 76, col 70, Error - Expected linebreaks to be &apos;LF&apos; but found &apos;CRLF&apos;. (linebreak-style)]]></failure></testcase>
<testcase time="0" name="org.eslint.linebreak-style" classname="C:\work\dyrectorio\web\crux-ui\src\pages\api\products\[productId]\versions\[versionId]\deployments\[deploymentId]\connect"><failure message="Expected linebreaks to be &apos;LF&apos; but found &apos;CRLF&apos;."><![CDATA[line 77, col 5, Error - Expected linebreaks to be &apos;LF&apos; but found &apos;CRLF&apos;. (linebreak-style)]]></failure></testcase>
<testcase time="0" name="org.eslint.semi" classname="C:\work\dyrectorio\web\crux-ui\src\pages\api\products\[productId]\versions\[versionId]\deployments\[deploymentId]\connect"><failure message="Missing semicolon."><![CDATA[line 77, col 5, Error - Missing semicolon. (semi)]]></failure></testcase>
<testcase time="0" name="org.eslint.linebreak-style" classname="C:\work\dyrectorio\web\crux-ui\src\pages\api\products\[productId]\versions\[versionId]\deployments\[deploymentId]\connect"><failure message="Expected linebreaks to be &apos;LF&apos; but found &apos;CRLF&apos;."><![CDATA[line 78, col 2, Error - Expected linebreaks to be &apos;LF&apos; but found &apos;CRLF&apos;. (linebreak-style)]]></failure></testcase>
<testcase time="0" name="org.eslint.semi" classname="C:\work\dyrectorio\web\crux-ui\src\pages\api\products\[productId]\versions\[versionId]\deployments\[deploymentId]\connect"><failure message="Missing semicolon."><![CDATA[line 78, col 2, Error - Missing semicolon. (semi)]]></failure></testcase>
<testcase time="0" name="org.eslint.linebreak-style" classname="C:\work\dyrectorio\web\crux-ui\src\pages\api\products\[productId]\versions\[versionId]\deployments\[deploymentId]\connect"><failure message="Expected linebreaks to be &apos;LF&apos; but found &apos;CRLF&apos;."><![CDATA[line 79, col 1, Error - Expected linebreaks to be &apos;LF&apos; but found &apos;CRLF&apos;. (linebreak-style)]]></failure></testcase>
<testcase time="0" name="org.eslint.linebreak-style" classname="C:\work\dyrectorio\web\crux-ui\src\pages\api\products\[productId]\versions\[versionId]\deployments\[deploymentId]\connect"><failure message="Expected linebreaks to be &apos;LF&apos; but found &apos;CRLF&apos;."><![CDATA[line 80, col 39, Error - Expected linebreaks to be &apos;LF&apos; but found &apos;CRLF&apos;. (linebreak-style)]]></failure></testcase>
<testcase time="0" name="org.eslint.linebreak-style" classname="C:\work\dyrectorio\web\crux-ui\src\pages\api\products\[productId]\versions\[versionId]\deployments\[deploymentId]\connect"><failure message="Expected linebreaks to be &apos;LF&apos; but found &apos;CRLF&apos;."><![CDATA[line 81, col 24, Error - Expected linebreaks to be &apos;LF&apos; but found &apos;CRLF&apos;. (linebreak-style)]]></failure></testcase>
<testcase time="0" name="org.eslint.linebreak-style" classname="C:\work\dyrectorio\web\crux-ui\src\pages\api\products\[productId]\versions\[versionId]\deployments\[deploymentId]\connect"><failure message="Expected linebreaks to be &apos;LF&apos; but found &apos;CRLF&apos;."><![CDATA[line 82, col 28, Error - Expected linebreaks to be &apos;LF&apos; but found &apos;CRLF&apos;. (linebreak-style)]]></failure></testcase>
<testcase time="0" name="org.eslint.linebreak-style" classname="C:\work\dyrectorio\web\crux-ui\src\pages\api\products\[productId]\versions\[versionId]\deployments\[deploymentId]\connect"><failure message="Expected linebreaks to be &apos;LF&apos; but found &apos;CRLF&apos;."><![CDATA[line 83, col 44, Error - Expected linebreaks to be &apos;LF&apos; but found &apos;CRLF&apos;. (linebreak-style)]]></failure></testcase>
<testcase time="0" name="org.eslint.linebreak-style" classname="C:\work\dyrectorio\web\crux-ui\src\pages\api\products\[productId]\versions\[versionId]\deployments\[deploymentId]\connect"><failure message="Expected linebreaks to be &apos;LF&apos; but found &apos;CRLF&apos;."><![CDATA[line 84, col 7, Error - Expected linebreaks to be &apos;LF&apos; but found &apos;CRLF&apos;. (linebreak-style)]]></failure></testcase>
<testcase time="0" name="org.eslint.linebreak-style" classname="C:\work\dyrectorio\web\crux-ui\src\pages\api\products\[productId]\versions\[versionId]\deployments\[deploymentId]\connect"><failure message="Expected linebreaks to be &apos;LF&apos; but found &apos;CRLF&apos;."><![CDATA[line 85, col 51, Error - Expected linebreaks to be &apos;LF&apos; but found &apos;CRLF&apos;. (linebreak-style)]]></failure></testcase>
<testcase time="0" name="org.eslint.semi" classname="C:\work\dyrectorio\web\crux-ui\src\pages\api\products\[productId]\versions\[versionId]\deployments\[deploymentId]\connect"><failure message="Missing semicolon."><![CDATA[line 85, col 51, Error - Missing semicolon. (semi)]]></failure></testcase>
<testcase time="0" name="org.eslint.linebreak-style" classname="C:\work\dyrectorio\web\crux-ui\src\pages\api\products\[productId]\versions\[versionId]\deployments\[deploymentId]\connect"><failure message="Expected linebreaks to be &apos;LF&apos; but found &apos;CRLF&apos;."><![CDATA[line 86, col 1, Error - Expected linebreaks to be &apos;LF&apos; but found &apos;CRLF&apos;. (linebreak-style)]]></failure></testcase>
<testcase time="0" name="org.eslint.linebreak-style" classname="C:\work\dyrectorio\web\crux-ui\src\pages\api\products\[productId]\versions\[versionId]\deployments\[deploymentId]\connect"><failure message="Expected linebreaks to be &apos;LF&apos; but found &apos;CRLF&apos;."><![CDATA[line 87, col 30, Error - Expected linebreaks to be &apos;LF&apos; but found &apos;CRLF&apos;. (linebreak-style)]]></failure></testcase>
<testcase time="0" name="org.eslint.semi" classname="C:\work\dyrectorio\web\crux-ui\src\pages\api\products\[productId]\versions\[versionId]\deployments\[deploymentId]\connect"><failure message="Missing semicolon."><![CDATA[line 87, col 30, Error - Missing semicolon. (semi)]]></failure></testcase>
<testcase time="0" name="org.eslint.linebreak-style" classname="C:\work\dyrectorio\web\crux-ui\src\pages\api\products\[productId]\versions\[versionId]\deployments\[deploymentId]\connect"><failure message="Expected linebreaks to be &apos;LF&apos; but found &apos;CRLF&apos;."><![CDATA[line 88, col 1, Error - Expected linebreaks to be &apos;LF&apos; but found &apos;CRLF&apos;. (linebreak-style)]]></failure></testcase>
<testcase time="0" name="org.eslint.linebreak-style" classname="C:\work\dyrectorio\web\crux-ui\src\pages\api\products\[productId]\versions\[versionId]\deployments\[deploymentId]\connect"><failure message="Expected linebreaks to be &apos;LF&apos; but found &apos;CRLF&apos;."><![CDATA[line 89, col 59, Error - Expected linebreaks to be &apos;LF&apos; but found &apos;CRLF&apos;. (linebreak-style)]]></failure></testcase>
<testcase time="0" name="org.eslint.linebreak-style" classname="C:\work\dyrectorio\web\crux-ui\src\pages\api\products\[productId]\versions\[versionId]\deployments\[deploymentId]\connect"><failure message="Expected linebreaks to be &apos;LF&apos; but found &apos;CRLF&apos;."><![CDATA[line 90, col 8, Error - Expected linebreaks to be &apos;LF&apos; but found &apos;CRLF&apos;. (linebreak-style)]]></failure></testcase>
<testcase time="0" name="org.eslint.linebreak-style" classname="C:\work\dyrectorio\web\crux-ui\src\pages\api\products\[productId]\versions\[versionId]\deployments\[deploymentId]\connect"><failure message="Expected linebreaks to be &apos;LF&apos; but found &apos;CRLF&apos;."><![CDATA[line 91, col 16, Error - Expected linebreaks to be &apos;LF&apos; but found &apos;CRLF&apos;. (linebreak-style)]]></failure></testcase>
<testcase time="0" name="org.eslint.linebreak-style" classname="C:\work\dyrectorio\web\crux-ui\src\pages\api\products\[productId]\versions\[versionId]\deployments\[deploymentId]\connect"><failure message="Expected linebreaks to be &apos;LF&apos; but found &apos;CRLF&apos;."><![CDATA[line 92, col 34, Error - Expected linebreaks to be &apos;LF&apos; but found &apos;CRLF&apos;. (linebreak-style)]]></failure></testcase>
<testcase time="0" name="org.eslint.linebreak-style" classname="C:\work\dyrectorio\web\crux-ui\src\pages\api\products\[productId]\versions\[versionId]\deployments\[deploymentId]\connect"><failure message="Expected linebreaks to be &apos;LF&apos; but found &apos;CRLF&apos;."><![CDATA[line 93, col 16, Error - Expected linebreaks to be &apos;LF&apos; but found &apos;CRLF&apos;. (linebreak-style)]]></failure></testcase>
<testcase time="0" name="org.eslint.linebreak-style" classname="C:\work\dyrectorio\web\crux-ui\src\pages\api\products\[productId]\versions\[versionId]\deployments\[deploymentId]\connect"><failure message="Expected linebreaks to be &apos;LF&apos; but found &apos;CRLF&apos;."><![CDATA[line 94, col 16, Error - Expected linebreaks to be &apos;LF&apos; but found &apos;CRLF&apos;. (linebreak-style)]]></failure></testcase>
<testcase time="0" name="org.eslint.linebreak-style" classname="C:\work\dyrectorio\web\crux-ui\src\pages\api\products\[productId]\versions\[versionId]\deployments\[deploymentId]\connect"><failure message="Expected linebreaks to be &apos;LF&apos; but found &apos;CRLF&apos;."><![CDATA[line 95, col 9, Error - Expected linebreaks to be &apos;LF&apos; but found &apos;CRLF&apos;. (linebreak-style)]]></failure></testcase>
<testcase time="0" name="org.eslint.linebreak-style" classname="C:\work\dyrectorio\web\crux-ui\src\pages\api\products\[productId]\versions\[versionId]\deployments\[deploymentId]\connect"><failure message="Expected linebreaks to be &apos;LF&apos; but found &apos;CRLF&apos;."><![CDATA[line 96, col 7, Error - Expected linebreaks to be &apos;LF&apos; but found &apos;CRLF&apos;. (linebreak-style)]]></failure></testcase>
<testcase time="0" name="org.eslint.linebreak-style" classname="C:\work\dyrectorio\web\crux-ui\src\pages\api\products\[productId]\versions\[versionId]\deployments\[deploymentId]\connect"><failure message="Expected linebreaks to be &apos;LF&apos; but found &apos;CRLF&apos;."><![CDATA[line 97, col 5, Error - Expected linebreaks to be &apos;LF&apos; but found &apos;CRLF&apos;. (linebreak-style)]]></failure></testcase>
<testcase time="0" name="org.eslint.semi" classname="C:\work\dyrectorio\web\crux-ui\src\pages\api\products\[productId]\versions\[versionId]\deployments\[deploymentId]\connect"><failure message="Missing semicolon."><![CDATA[line 97, col 5, Error - Missing semicolon. (semi)]]></failure></testcase>
<testcase time="0" name="org.eslint.linebreak-style" classname="C:\work\dyrectorio\web\crux-ui\src\pages\api\products\[productId]\versions\[versionId]\deployments\[deploymentId]\connect"><failure message="Expected linebreaks to be &apos;LF&apos; but found &apos;CRLF&apos;."><![CDATA[line 98, col 1, Error - Expected linebreaks to be &apos;LF&apos; but found &apos;CRLF&apos;. (linebreak-style)]]></failure></testcase>
<testcase time="0" name="org.eslint.linebreak-style" classname="C:\work\dyrectorio\web\crux-ui\src\pages\api\products\[productId]\versions\[versionId]\deployments\[deploymentId]\connect"><failure message="Expected linebreaks to be &apos;LF&apos; but found &apos;CRLF&apos;."><![CDATA[line 99, col 47, Error - Expected linebreaks to be &apos;LF&apos; but found &apos;CRLF&apos;. (linebreak-style)]]></failure></testcase>
<testcase time="0" name="org.eslint.linebreak-style" classname="C:\work\dyrectorio\web\crux-ui\src\pages\api\products\[productId]\versions\[versionId]\deployments\[deploymentId]\connect"><failure message="Expected linebreaks to be &apos;LF&apos; but found &apos;CRLF&apos;."><![CDATA[line 100, col 12, Error - Expected linebreaks to be &apos;LF&apos; but found &apos;CRLF&apos;. (linebreak-style)]]></failure></testcase>
<testcase time="0" name="org.eslint.linebreak-style" classname="C:\work\dyrectorio\web\crux-ui\src\pages\api\products\[productId]\versions\[versionId]\deployments\[deploymentId]\connect"><failure message="Expected linebreaks to be &apos;LF&apos; but found &apos;CRLF&apos;."><![CDATA[line 101, col 5, Error - Expected linebreaks to be &apos;LF&apos; but found &apos;CRLF&apos;. (linebreak-style)]]></failure></testcase>
<testcase time="0" name="org.eslint.semi" classname="C:\work\dyrectorio\web\crux-ui\src\pages\api\products\[productId]\versions\[versionId]\deployments\[deploymentId]\connect"><failure message="Missing semicolon."><![CDATA[line 101, col 5, Error - Missing semicolon. (semi)]]></failure></testcase>
<testcase time="0" name="org.eslint.linebreak-style" classname="C:\work\dyrectorio\web\crux-ui\src\pages\api\products\[productId]\versions\[versionId]\deployments\[deploymentId]\connect"><failure message="Expected linebreaks to be &apos;LF&apos; but found &apos;CRLF&apos;."><![CDATA[line 102, col 2, Error - Expected linebreaks to be &apos;LF&apos; but found &apos;CRLF&apos;. (linebreak-style)]]></failure></testcase>
<testcase time="0" name="org.eslint.semi" classname="C:\work\dyrectorio\web\crux-ui\src\pages\api\products\[productId]\versions\[versionId]\deployments\[deploymentId]\connect"><failure message="Missing semicolon."><![CDATA[line 102, col 2, Error - Missing semicolon. (semi)]]></failure></testcase>
<testcase time="0" name="org.eslint.linebreak-style" classname="C:\work\dyrectorio\web\crux-ui\src\pages\api\products\[productId]\versions\[versionId]\deployments\[deploymentId]\connect"><failure message="Expected linebreaks to be &apos;LF&apos; but found &apos;CRLF&apos;."><![CDATA[line 103, col 1, Error - Expected linebreaks to be &apos;LF&apos; but found &apos;CRLF&apos;. (linebreak-style)]]></failure></testcase>
<testcase time="0" name="org.eslint.linebreak-style" classname="C:\work\dyrectorio\web\crux-ui\src\pages\api\products\[productId]\versions\[versionId]\deployments\[deploymentId]\connect"><failure message="Expected linebreaks to be &apos;LF&apos; but found &apos;CRLF&apos;."><![CDATA[line 104, col 45, Error - Expected linebreaks to be &apos;LF&apos; but found &apos;CRLF&apos;. (linebreak-style)]]></failure></testcase>
<testcase time="0" name="org.eslint.linebreak-style" classname="C:\work\dyrectorio\web\crux-ui\src\pages\api\products\[productId]\versions\[versionId]\deployments\[deploymentId]\connect"><failure message="Expected linebreaks to be &apos;LF&apos; but found &apos;CRLF&apos;."><![CDATA[line 105, col 24, Error - Expected linebreaks to be &apos;LF&apos; but found &apos;CRLF&apos;. (linebreak-style)]]></failure></testcase>
<testcase time="0" name="org.eslint.linebreak-style" classname="C:\work\dyrectorio\web\crux-ui\src\pages\api\products\[productId]\versions\[versionId]\deployments\[deploymentId]\connect"><failure message="Expected linebreaks to be &apos;LF&apos; but found &apos;CRLF&apos;."><![CDATA[line 106, col 28, Error - Expected linebreaks to be &apos;LF&apos; but found &apos;CRLF&apos;. (linebreak-style)]]></failure></testcase>
<testcase time="0" name="org.eslint.linebreak-style" classname="C:\work\dyrectorio\web\crux-ui\src\pages\api\products\[productId]\versions\[versionId]\deployments\[deploymentId]\connect"><failure message="Expected linebreaks to be &apos;LF&apos; but found &apos;CRLF&apos;."><![CDATA[line 107, col 49, Error - Expected linebreaks to be &apos;LF&apos; but found &apos;CRLF&apos;. (linebreak-style)]]></failure></testcase>
<testcase time="0" name="org.eslint.linebreak-style" classname="C:\work\dyrectorio\web\crux-ui\src\pages\api\products\[productId]\versions\[versionId]\deployments\[deploymentId]\connect"><failure message="Expected linebreaks to be &apos;LF&apos; but found &apos;CRLF&apos;."><![CDATA[line 108, col 7, Error - Expected linebreaks to be &apos;LF&apos; but found &apos;CRLF&apos;. (linebreak-style)]]></failure></testcase>
<testcase time="0" name="org.eslint.linebreak-style" classname="C:\work\dyrectorio\web\crux-ui\src\pages\api\products\[productId]\versions\[versionId]\deployments\[deploymentId]\connect"><failure message="Expected linebreaks to be &apos;LF&apos; but found &apos;CRLF&apos;."><![CDATA[line 109, col 51, Error - Expected linebreaks to be &apos;LF&apos; but found &apos;CRLF&apos;. (linebreak-style)]]></failure></testcase>
<testcase time="0" name="org.eslint.semi" classname="C:\work\dyrectorio\web\crux-ui\src\pages\api\products\[productId]\versions\[versionId]\deployments\[deploymentId]\connect"><failure message="Missing semicolon."><![CDATA[line 109, col 51, Error - Missing semicolon. (semi)]]></failure></testcase>
<testcase time="0" name="org.eslint.linebreak-style" classname="C:\work\dyrectorio\web\crux-ui\src\pages\api\products\[productId]\versions\[versionId]\deployments\[deploymentId]\connect"><failure message="Expected linebreaks to be &apos;LF&apos; but found &apos;CRLF&apos;."><![CDATA[line 110, col 1, Error - Expected linebreaks to be &apos;LF&apos; but found &apos;CRLF&apos;. (linebreak-style)]]></failure></testcase>
<testcase time="0" name="org.eslint.linebreak-style" classname="C:\work\dyrectorio\web\crux-ui\src\pages\api\products\[productId]\versions\[versionId]\deployments\[deploymentId]\connect"><failure message="Expected linebreaks to be &apos;LF&apos; but found &apos;CRLF&apos;."><![CDATA[line 111, col 30, Error - Expected linebreaks to be &apos;LF&apos; but found &apos;CRLF&apos;. (linebreak-style)]]></failure></testcase>
<testcase time="0" name="org.eslint.semi" classname="C:\work\dyrectorio\web\crux-ui\src\pages\api\products\[productId]\versions\[versionId]\deployments\[deploymentId]\connect"><failure message="Missing semicolon."><![CDATA[line 111, col 30, Error - Missing semicolon. (semi)]]></failure></testcase>
<testcase time="0" name="org.eslint.linebreak-style" classname="C:\work\dyrectorio\web\crux-ui\src\pages\api\products\[productId]\versions\[versionId]\deployments\[deploymentId]\connect"><failure message="Expected linebreaks to be &apos;LF&apos; but found &apos;CRLF&apos;."><![CDATA[line 112, col 1, Error - Expected linebreaks to be &apos;LF&apos; but found &apos;CRLF&apos;. (linebreak-style)]]></failure></testcase>
<testcase time="0" name="org.eslint.linebreak-style" classname="C:\work\dyrectorio\web\crux-ui\src\pages\api\products\[productId]\versions\[versionId]\deployments\[deploymentId]\connect"><failure message="Expected linebreaks to be &apos;LF&apos; but found &apos;CRLF&apos;."><![CDATA[line 113, col 59, Error - Expected linebreaks to be &apos;LF&apos; but found &apos;CRLF&apos;. (linebreak-style)]]></failure></testcase>
<testcase time="0" name="org.eslint.linebreak-style" classname="C:\work\dyrectorio\web\crux-ui\src\pages\api\products\[productId]\versions\[versionId]\deployments\[deploymentId]\connect"><failure message="Expected linebreaks to be &apos;LF&apos; but found &apos;CRLF&apos;."><![CDATA[line 114, col 8, Error - Expected linebreaks to be &apos;LF&apos; but found &apos;CRLF&apos;. (linebreak-style)]]></failure></testcase>
<testcase time="0" name="org.eslint.linebreak-style" classname="C:\work\dyrectorio\web\crux-ui\src\pages\api\products\[productId]\versions\[versionId]\deployments\[deploymentId]\connect"><failure message="Expected linebreaks to be &apos;LF&apos; but found &apos;CRLF&apos;."><![CDATA[line 115, col 22, Error - Expected linebreaks to be &apos;LF&apos; but found &apos;CRLF&apos;. (linebreak-style)]]></failure></testcase>
<testcase time="0" name="org.eslint.linebreak-style" classname="C:\work\dyrectorio\web\crux-ui\src\pages\api\products\[productId]\versions\[versionId]\deployments\[deploymentId]\connect"><failure message="Expected linebreaks to be &apos;LF&apos; but found &apos;CRLF&apos;."><![CDATA[line 116, col 5, Error - Expected linebreaks to be &apos;LF&apos; but found &apos;CRLF&apos;. (linebreak-style)]]></failure></testcase>
<testcase time="0" name="org.eslint.semi" classname="C:\work\dyrectorio\web\crux-ui\src\pages\api\products\[productId]\versions\[versionId]\deployments\[deploymentId]\connect"><failure message="Missing semicolon."><![CDATA[line 116, col 5, Error - Missing semicolon. (semi)]]></failure></testcase>
<testcase time="0" name="org.eslint.linebreak-style" classname="C:\work\dyrectorio\web\crux-ui\src\pages\api\products\[productId]\versions\[versionId]\deployments\[deploymentId]\connect"><failure message="Expected linebreaks to be &apos;LF&apos; but found &apos;CRLF&apos;."><![CDATA[line 117, col 1, Error - Expected linebreaks to be &apos;LF&apos; but found &apos;CRLF&apos;. (linebreak-style)]]></failure></testcase>
<testcase time="0" name="org.eslint.linebreak-style" classname="C:\work\dyrectorio\web\crux-ui\src\pages\api\products\[productId]\versions\[versionId]\deployments\[deploymentId]\connect"><failure message="Expected linebreaks to be &apos;LF&apos; but found &apos;CRLF&apos;."><![CDATA[line 118, col 56, Error - Expected linebreaks to be &apos;LF&apos; but found &apos;CRLF&apos;. (linebreak-style)]]></failure></testcase>
<testcase time="0" name="org.eslint.semi" classname="C:\work\dyrectorio\web\crux-ui\src\pages\api\products\[productId]\versions\[versionId]\deployments\[deploymentId]\connect"><failure message="Missing semicolon."><![CDATA[line 118, col 56, Error - Missing semicolon. (semi)]]></failure></testcase>
<testcase time="0" name="org.eslint.linebreak-style" classname="C:\work\dyrectorio\web\crux-ui\src\pages\api\products\[productId]\versions\[versionId]\deployments\[deploymentId]\connect"><failure message="Expected linebreaks to be &apos;LF&apos; but found &apos;CRLF&apos;."><![CDATA[line 119, col 2, Error - Expected linebreaks to be &apos;LF&apos; but found &apos;CRLF&apos;. (linebreak-style)]]></failure></testcase>
<testcase time="0" name="org.eslint.semi" classname="C:\work\dyrectorio\web\crux-ui\src\pages\api\products\[productId]\versions\[versionId]\deployments\[deploymentId]\connect"><failure message="Missing semicolon."><![CDATA[line 119, col 2, Error - Missing semicolon. (semi)]]></failure></testcase>
<testcase time="0" name="org.eslint.linebreak-style" classname="C:\work\dyrectorio\web\crux-ui\src\pages\api\products\[productId]\versions\[versionId]\deployments\[deploymentId]\connect"><failure message="Expected linebreaks to be &apos;LF&apos; but found &apos;CRLF&apos;."><![CDATA[line 120, col 1, Error - Expected linebreaks to be &apos;LF&apos; but found &apos;CRLF&apos;. (linebreak-style)]]></failure></testcase>
<testcase time="0" name="org.eslint.linebreak-style" classname="C:\work\dyrectorio\web\crux-ui\src\pages\api\products\[productId]\versions\[versionId]\deployments\[deploymentId]\connect"><failure message="Expected linebreaks to be &apos;LF&apos; but found &apos;CRLF&apos;."><![CDATA[line 121, col 30, Error - Expected linebreaks to be &apos;LF&apos; but found &apos;CRLF&apos;. (linebreak-style)]]></failure></testcase>
<testcase time="0" name="org.eslint.linebreak-style" classname="C:\work\dyrectorio\web\crux-ui\src\pages\api\products\[productId]\versions\[versionId]\deployments\[deploymentId]\connect"><failure message="Expected linebreaks to be &apos;LF&apos; but found &apos;CRLF&apos;."><![CDATA[line 122, col 24, Error - Expected linebreaks to be &apos;LF&apos; but found &apos;CRLF&apos;. (linebreak-style)]]></failure></testcase>
<testcase time="0" name="org.eslint.linebreak-style" classname="C:\work\dyrectorio\web\crux-ui\src\pages\api\products\[productId]\versions\[versionId]\deployments\[deploymentId]\connect"><failure message="Expected linebreaks to be &apos;LF&apos; but found &apos;CRLF&apos;."><![CDATA[line 123, col 28, Error - Expected linebreaks to be &apos;LF&apos; but found &apos;CRLF&apos;. (linebreak-style)]]></failure></testcase>
<testcase time="0" name="org.eslint.linebreak-style" classname="C:\work\dyrectorio\web\crux-ui\src\pages\api\products\[productId]\versions\[versionId]\deployments\[deploymentId]\connect"><failure message="Expected linebreaks to be &apos;LF&apos; but found &apos;CRLF&apos;."><![CDATA[line 124, col 42, Error - Expected linebreaks to be &apos;LF&apos; but found &apos;CRLF&apos;. (linebreak-style)]]></failure></testcase>
<testcase time="0" name="org.eslint.linebreak-style" classname="C:\work\dyrectorio\web\crux-ui\src\pages\api\products\[productId]\versions\[versionId]\deployments\[deploymentId]\connect"><failure message="Expected linebreaks to be &apos;LF&apos; but found &apos;CRLF&apos;."><![CDATA[line 125, col 7, Error - Expected linebreaks to be &apos;LF&apos; but found &apos;CRLF&apos;. (linebreak-style)]]></failure></testcase>
<testcase time="0" name="org.eslint.linebreak-style" classname="C:\work\dyrectorio\web\crux-ui\src\pages\api\products\[productId]\versions\[versionId]\deployments\[deploymentId]\connect"><failure message="Expected linebreaks to be &apos;LF&apos; but found &apos;CRLF&apos;."><![CDATA[line 126, col 61, Error - Expected linebreaks to be &apos;LF&apos; but found &apos;CRLF&apos;. (linebreak-style)]]></failure></testcase>
<testcase time="0" name="org.eslint.semi" classname="C:\work\dyrectorio\web\crux-ui\src\pages\api\products\[productId]\versions\[versionId]\deployments\[deploymentId]\connect"><failure message="Missing semicolon."><![CDATA[line 126, col 61, Error - Missing semicolon. (semi)]]></failure></testcase>
<testcase time="0" name="org.eslint.linebreak-style" classname="C:\work\dyrectorio\web\crux-ui\src\pages\api\products\[productId]\versions\[versionId]\deployments\[deploymentId]\connect"><failure message="Expected linebreaks to be &apos;LF&apos; but found &apos;CRLF&apos;."><![CDATA[line 127, col 1, Error - Expected linebreaks to be &apos;LF&apos; but found &apos;CRLF&apos;. (linebreak-style)]]></failure></testcase>
<testcase time="0" name="org.eslint.linebreak-style" classname="C:\work\dyrectorio\web\crux-ui\src\pages\api\products\[productId]\versions\[versionId]\deployments\[deploymentId]\connect"><failure message="Expected linebreaks to be &apos;LF&apos; but found &apos;CRLF&apos;."><![CDATA[line 128, col 30, Error - Expected linebreaks to be &apos;LF&apos; but found &apos;CRLF&apos;. (linebreak-style)]]></failure></testcase>
<testcase time="0" name="org.eslint.semi" classname="C:\work\dyrectorio\web\crux-ui\src\pages\api\products\[productId]\versions\[versionId]\deployments\[deploymentId]\connect"><failure message="Missing semicolon."><![CDATA[line 128, col 30, Error - Missing semicolon. (semi)]]></failure></testcase>
<testcase time="0" name="org.eslint.linebreak-style" classname="C:\work\dyrectorio\web\crux-ui\src\pages\api\products\[productId]\versions\[versionId]\deployments\[deploymentId]\connect"><failure message="Expected linebreaks to be &apos;LF&apos; but found &apos;CRLF&apos;."><![CDATA[line 129, col 1, Error - Expected linebreaks to be &apos;LF&apos; but found &apos;CRLF&apos;. (linebreak-style)]]></failure></testcase>
<testcase time="0" name="org.eslint.linebreak-style" classname="C:\work\dyrectorio\web\crux-ui\src\pages\api\products\[productId]\versions\[versionId]\deployments\[deploymentId]\connect"><failure message="Expected linebreaks to be &apos;LF&apos; but found &apos;CRLF&apos;."><![CDATA[line 130, col 85, Error - Expected linebreaks to be &apos;LF&apos; but found &apos;CRLF&apos;. (linebreak-style)]]></failure></testcase>
<testcase time="0" name="org.eslint.semi" classname="C:\work\dyrectorio\web\crux-ui\src\pages\api\products\[productId]\versions\[versionId]\deployments\[deploymentId]\connect"><failure message="Missing semicolon."><![CDATA[line 130, col 85, Error - Missing semicolon. (semi)]]></failure></testcase>
<testcase time="0" name="org.eslint.linebreak-style" classname="C:\work\dyrectorio\web\crux-ui\src\pages\api\products\[productId]\versions\[versionId]\deployments\[deploymentId]\connect"><failure message="Expected linebreaks to be &apos;LF&apos; but found &apos;CRLF&apos;."><![CDATA[line 131, col 1, Error - Expected linebreaks to be &apos;LF&apos; but found &apos;CRLF&apos;. (linebreak-style)]]></failure></testcase>
<testcase time="0" name="org.eslint.linebreak-style" classname="C:\work\dyrectorio\web\crux-ui\src\pages\api\products\[productId]\versions\[versionId]\deployments\[deploymentId]\connect"><failure message="Expected linebreaks to be &apos;LF&apos; but found &apos;CRLF&apos;."><![CDATA[line 132, col 19, Error - Expected linebreaks to be &apos;LF&apos; but found &apos;CRLF&apos;. (linebreak-style)]]></failure></testcase>
<testcase time="0" name="org.eslint.linebreak-style" classname="C:\work\dyrectorio\web\crux-ui\src\pages\api\products\[productId]\versions\[versionId]\deployments\[deploymentId]\connect"><failure message="Expected linebreaks to be &apos;LF&apos; but found &apos;CRLF&apos;."><![CDATA[line 133, col 22, Error - Expected linebreaks to be &apos;LF&apos; but found &apos;CRLF&apos;. (linebreak-style)]]></failure></testcase>
<testcase time="0" name="org.eslint.arrow-parens" classname="C:\work\dyrectorio\web\crux-ui\src\pages\api\products\[productId]\versions\[versionId]\deployments\[deploymentId]\connect"><failure message="Expected parentheses around arrow function argument."><![CDATA[line 134, col 24, Error - Expected parentheses around arrow function argument. (arrow-parens)]]></failure></testcase>
<testcase time="0" name="org.eslint.linebreak-style" classname="C:\work\dyrectorio\web\crux-ui\src\pages\api\products\[productId]\versions\[versionId]\deployments\[deploymentId]\connect"><failure message="Expected linebreaks to be &apos;LF&apos; but found &apos;CRLF&apos;."><![CDATA[line 134, col 48, Error - Expected linebreaks to be &apos;LF&apos; but found &apos;CRLF&apos;. (linebreak-style)]]></failure></testcase>
<testcase time="0" name="org.eslint.linebreak-style" classname="C:\work\dyrectorio\web\crux-ui\src\pages\api\products\[productId]\versions\[versionId]\deployments\[deploymentId]\connect"><failure message="Expected linebreaks to be &apos;LF&apos; but found &apos;CRLF&apos;."><![CDATA[line 135, col 4, Error - Expected linebreaks to be &apos;LF&apos; but found &apos;CRLF&apos;. (linebreak-style)]]></failure></testcase>
<testcase time="0" name="org.eslint.semi" classname="C:\work\dyrectorio\web\crux-ui\src\pages\api\products\[productId]\versions\[versionId]\deployments\[deploymentId]\connect"><failure message="Missing semicolon."><![CDATA[line 135, col 4, Error - Missing semicolon. (semi)]]></failure></testcase>
<testcase time="0" name="org.eslint.linebreak-style" classname="C:\work\dyrectorio\web\crux-ui\src\pages\api\products\[productId]\versions\[versionId]\deployments\[deploymentId]\connect"><failure message="Expected linebreaks to be &apos;LF&apos; but found &apos;CRLF&apos;."><![CDATA[line 136, col 2, Error - Expected linebreaks to be &apos;LF&apos; but found &apos;CRLF&apos;. (linebreak-style)]]></failure></testcase>
<testcase time="0" name="org.eslint.semi" classname="C:\work\dyrectorio\web\crux-ui\src\pages\api\products\[productId]\versions\[versionId]\deployments\[deploymentId]\connect"><failure message="Missing semicolon."><![CDATA[line 136, col 2, Error - Missing semicolon. (semi)]]></failure></testcase>
<testcase time="0" name="org.eslint.linebreak-style" classname="C:\work\dyrectorio\web\crux-ui\src\pages\api\products\[productId]\versions\[versionId]\deployments\[deploymentId]\connect"><failure message="Expected linebreaks to be &apos;LF&apos; but found &apos;CRLF&apos;."><![CDATA[line 137, col 1, Error - Expected linebreaks to be &apos;LF&apos; but found &apos;CRLF&apos;. (linebreak-style)]]></failure></testcase>
<testcase time="0" name="org.eslint.linebreak-style" classname="C:\work\dyrectorio\web\crux-ui\src\pages\api\products\[productId]\versions\[versionId]\deployments\[deploymentId]\connect"><failure message="Expected linebreaks to be &apos;LF&apos; but found &apos;CRLF&apos;."><![CDATA[line 138, col 40, Error - Expected linebreaks to be &apos;LF&apos; but found &apos;CRLF&apos;. (linebreak-style)]]></failure></testcase>
<testcase time="0" name="org.eslint.linebreak-style" classname="C:\work\dyrectorio\web\crux-ui\src\pages\api\products\[productId]\versions\[versionId]\deployments\[deploymentId]\connect"><failure message="Expected linebreaks to be &apos;LF&apos; but found &apos;CRLF&apos;."><![CDATA[line 139, col 10, Error - Expected linebreaks to be &apos;LF&apos; but found &apos;CRLF&apos;. (linebreak-style)]]></failure></testcase>
<testcase time="0" name="org.eslint.linebreak-style" classname="C:\work\dyrectorio\web\crux-ui\src\pages\api\products\[productId]\versions\[versionId]\deployments\[deploymentId]\connect"><failure message="Expected linebreaks to be &apos;LF&apos; but found &apos;CRLF&apos;."><![CDATA[line 140, col 4, Error - Expected linebreaks to be &apos;LF&apos; but found &apos;CRLF&apos;. (linebreak-style)]]></failure></testcase>
<testcase time="0" name="org.eslint.linebreak-style" classname="C:\work\dyrectorio\web\crux-ui\src\pages\api\products\[productId]\versions\[versionId]\deployments\[deploymentId]\connect"><failure message="Expected linebreaks to be &apos;LF&apos; but found &apos;CRLF&apos;."><![CDATA[line 141, col 54, Error - Expected linebreaks to be &apos;LF&apos; but found &apos;CRLF&apos;. (linebreak-style)]]></failure></testcase>
<testcase time="0" name="org.eslint.linebreak-style" classname="C:\work\dyrectorio\web\crux-ui\src\pages\api\products\[productId]\versions\[versionId]\deployments\[deploymentId]\connect"><failure message="Expected linebreaks to be &apos;LF&apos; but found &apos;CRLF&apos;."><![CDATA[line 142, col 51, Error - Expected linebreaks to be &apos;LF&apos; but found &apos;CRLF&apos;. (linebreak-style)]]></failure></testcase>
<testcase time="0" name="org.eslint.linebreak-style" classname="C:\work\dyrectorio\web\crux-ui\src\pages\api\products\[productId]\versions\[versionId]\deployments\[deploymentId]\connect"><failure message="Expected linebreaks to be &apos;LF&apos; but found &apos;CRLF&apos;."><![CDATA[line 143, col 47, Error - Expected linebreaks to be &apos;LF&apos; but found &apos;CRLF&apos;. (linebreak-style)]]></failure></testcase>
<testcase time="0" name="org.eslint.linebreak-style" classname="C:\work\dyrectorio\web\crux-ui\src\pages\api\products\[productId]\versions\[versionId]\deployments\[deploymentId]\connect"><failure message="Expected linebreaks to be &apos;LF&apos; but found &apos;CRLF&apos;."><![CDATA[line 144, col 66, Error - Expected linebreaks to be &apos;LF&apos; but found &apos;CRLF&apos;. (linebreak-style)]]></failure></testcase>
<testcase time="0" name="org.eslint.linebreak-style" classname="C:\work\dyrectorio\web\crux-ui\src\pages\api\products\[productId]\versions\[versionId]\deployments\[deploymentId]\connect"><failure message="Expected linebreaks to be &apos;LF&apos; but found &apos;CRLF&apos;."><![CDATA[line 145, col 43, Error - Expected linebreaks to be &apos;LF&apos; but found &apos;CRLF&apos;. (linebreak-style)]]></failure></testcase>
<testcase time="0" name="org.eslint.linebreak-style" classname="C:\work\dyrectorio\web\crux-ui\src\pages\api\products\[productId]\versions\[versionId]\deployments\[deploymentId]\connect"><failure message="Expected linebreaks to be &apos;LF&apos; but found &apos;CRLF&apos;."><![CDATA[line 146, col 5, Error - Expected linebreaks to be &apos;LF&apos; but found &apos;CRLF&apos;. (linebreak-style)]]></failure></testcase>
<testcase time="0" name="org.eslint.linebreak-style" classname="C:\work\dyrectorio\web\crux-ui\src\pages\api\products\[productId]\versions\[versionId]\deployments\[deploymentId]\connect"><failure message="Expected linebreaks to be &apos;LF&apos; but found &apos;CRLF&apos;."><![CDATA[line 147, col 33, Error - Expected linebreaks to be &apos;LF&apos; but found &apos;CRLF&apos;. (linebreak-style)]]></failure></testcase>
<testcase time="0" name="org.eslint.linebreak-style" classname="C:\work\dyrectorio\web\crux-ui\src\pages\api\products\[productId]\versions\[versionId]\deployments\[deploymentId]\connect"><failure message="Expected linebreaks to be &apos;LF&apos; but found &apos;CRLF&apos;."><![CDATA[line 148, col 4, Error - Expected linebreaks to be &apos;LF&apos; but found &apos;CRLF&apos;. (linebreak-style)]]></failure></testcase>
<testcase time="0" name="org.eslint.linebreak-style" classname="C:\work\dyrectorio\web\crux-ui\src\pages\api\products\[productId]\versions\[versionId]\deployments\[deploymentId]\connect"><failure message="Expected linebreaks to be &apos;LF&apos; but found &apos;CRLF&apos;."><![CDATA[line 149, col 13, Error - Expected linebreaks to be &apos;LF&apos; but found &apos;CRLF&apos;. (linebreak-style)]]></failure></testcase>
<testcase time="0" name="org.eslint.linebreak-style" classname="C:\work\dyrectorio\web\crux-ui\src\pages\api\products\[productId]\versions\[versionId]\deployments\[deploymentId]\connect"><failure message="Expected linebreaks to be &apos;LF&apos; but found &apos;CRLF&apos;."><![CDATA[line 150, col 17, Error - Expected linebreaks to be &apos;LF&apos; but found &apos;CRLF&apos;. (linebreak-style)]]></failure></testcase>
<testcase time="0" name="org.eslint.linebreak-style" classname="C:\work\dyrectorio\web\crux-ui\src\pages\api\products\[productId]\versions\[versionId]\deployments\[deploymentId]\connect"><failure message="Expected linebreaks to be &apos;LF&apos; but found &apos;CRLF&apos;."><![CDATA[line 151, col 5, Error - Expected linebreaks to be &apos;LF&apos; but found &apos;CRLF&apos;. (linebreak-style)]]></failure></testcase>
<testcase time="0" name="org.eslint.linebreak-style" classname="C:\work\dyrectorio\web\crux-ui\src\pages\api\products\[productId]\versions\[versionId]\deployments\[deploymentId]\connect"><failure message="Expected linebreaks to be &apos;LF&apos; but found &apos;CRLF&apos;."><![CDATA[line 152, col 2, Error - Expected linebreaks to be &apos;LF&apos; but found &apos;CRLF&apos;. (linebreak-style)]]></failure></testcase>
<testcase time="0" name="org.eslint.semi" classname="C:\work\dyrectorio\web\crux-ui\src\pages\api\products\[productId]\versions\[versionId]\deployments\[deploymentId]\connect"><failure message="Missing semicolon."><![CDATA[line 152, col 2, Error - Missing semicolon. (semi)]]></failure></testcase>
</testsuite>
<testsuite package="org.eslint" time="0" tests="34" errors="34" name="C:\work\dyrectorio\web\crux-ui\src\pages\api\products\[productId]\versions\[versionId]\increase.ts">
<testcase time="0" name="org.eslint.linebreak-style" classname="C:\work\dyrectorio\web\crux-ui\src\pages\api\products\[productId]\versions\[versionId]\increase"><failure message="Expected linebreaks to be &apos;LF&apos; but found &apos;CRLF&apos;."><![CDATA[line 1, col 46, Error - Expected linebreaks to be &apos;LF&apos; but found &apos;CRLF&apos;. (linebreak-style)]]></failure></testcase>
<testcase time="0" name="org.eslint.semi" classname="C:\work\dyrectorio\web\crux-ui\src\pages\api\products\[productId]\versions\[versionId]\increase"><failure message="Missing semicolon."><![CDATA[line 1, col 46, Error - Missing semicolon. (semi)]]></failure></testcase>
<testcase time="0" name="org.eslint.linebreak-style" classname="C:\work\dyrectorio\web\crux-ui\src\pages\api\products\[productId]\versions\[versionId]\increase"><failure message="Expected linebreaks to be &apos;LF&apos; but found &apos;CRLF&apos;."><![CDATA[line 2, col 56, Error - Expected linebreaks to be &apos;LF&apos; but found &apos;CRLF&apos;. (linebreak-style)]]></failure></testcase>
<testcase time="0" name="org.eslint.semi" classname="C:\work\dyrectorio\web\crux-ui\src\pages\api\products\[productId]\versions\[versionId]\increase"><failure message="Missing semicolon."><![CDATA[line 2, col 56, Error - Missing semicolon. (semi)]]></failure></testcase>
<testcase time="0" name="org.eslint.linebreak-style" classname="C:\work\dyrectorio\web\crux-ui\src\pages\api\products\[productId]\versions\[versionId]\increase"><failure message="Expected linebreaks to be &apos;LF&apos; but found &apos;CRLF&apos;."><![CDATA[line 3, col 37, Error - Expected linebreaks to be &apos;LF&apos; but found &apos;CRLF&apos;. (linebreak-style)]]></failure></testcase>
<testcase time="0" name="org.eslint.semi" classname="C:\work\dyrectorio\web\crux-ui\src\pages\api\products\[productId]\versions\[versionId]\increase"><failure message="Missing semicolon."><![CDATA[line 3, col 37, Error - Missing semicolon. (semi)]]></failure></testcase>
<testcase time="0" name="org.eslint.linebreak-style" classname="C:\work\dyrectorio\web\crux-ui\src\pages\api\products\[productId]\versions\[versionId]\increase"><failure message="Expected linebreaks to be &apos;LF&apos; but found &apos;CRLF&apos;."><![CDATA[line 4, col 54, Error - Expected linebreaks to be &apos;LF&apos; but found &apos;CRLF&apos;. (linebreak-style)]]></failure></testcase>
<testcase time="0" name="org.eslint.semi" classname="C:\work\dyrectorio\web\crux-ui\src\pages\api\products\[productId]\versions\[versionId]\increase"><failure message="Missing semicolon."><![CDATA[line 4, col 54, Error - Missing semicolon. (semi)]]></failure></testcase>
<testcase time="0" name="org.eslint.linebreak-style" classname="C:\work\dyrectorio\web\crux-ui\src\pages\api\products\[productId]\versions\[versionId]\increase"><failure message="Expected linebreaks to be &apos;LF&apos; but found &apos;CRLF&apos;."><![CDATA[line 5, col 72, Error - Expected linebreaks to be &apos;LF&apos; but found &apos;CRLF&apos;. (linebreak-style)]]></failure></testcase>
<testcase time="0" name="org.eslint.semi" classname="C:\work\dyrectorio\web\crux-ui\src\pages\api\products\[productId]\versions\[versionId]\increase"><failure message="Missing semicolon."><![CDATA[line 5, col 72, Error - Missing semicolon. (semi)]]></failure></testcase>
<testcase time="0" name="org.eslint.linebreak-style" classname="C:\work\dyrectorio\web\crux-ui\src\pages\api\products\[productId]\versions\[versionId]\increase"><failure message="Expected linebreaks to be &apos;LF&apos; but found &apos;CRLF&apos;."><![CDATA[line 6, col 55, Error - Expected linebreaks to be &apos;LF&apos; but found &apos;CRLF&apos;. (linebreak-style)]]></failure></testcase>
<testcase time="0" name="org.eslint.semi" classname="C:\work\dyrectorio\web\crux-ui\src\pages\api\products\[productId]\versions\[versionId]\increase"><failure message="Missing semicolon."><![CDATA[line 6, col 55, Error - Missing semicolon. (semi)]]></failure></testcase>
<testcase time="0" name="org.eslint.linebreak-style" classname="C:\work\dyrectorio\web\crux-ui\src\pages\api\products\[productId]\versions\[versionId]\increase"><failure message="Expected linebreaks to be &apos;LF&apos; but found &apos;CRLF&apos;."><![CDATA[line 7, col 1, Error - Expected linebreaks to be &apos;LF&apos; but found &apos;CRLF&apos;. (linebreak-style)]]></failure></testcase>
<testcase time="0" name="org.eslint.linebreak-style" classname="C:\work\dyrectorio\web\crux-ui\src\pages\api\products\[productId]\versions\[versionId]\increase"><failure message="Expected linebreaks to be &apos;LF&apos; but found &apos;CRLF&apos;."><![CDATA[line 8, col 70, Error - Expected linebreaks to be &apos;LF&apos; but found &apos;CRLF&apos;. (linebreak-style)]]></failure></testcase>
<testcase time="0" name="org.eslint.linebreak-style" classname="C:\work\dyrectorio\web\crux-ui\src\pages\api\products\[productId]\versions\[versionId]\increase"><failure message="Expected linebreaks to be &apos;LF&apos; but found &apos;CRLF&apos;."><![CDATA[line 9, col 50, Error - Expected linebreaks to be &apos;LF&apos; but found &apos;CRLF&apos;. (linebreak-style)]]></failure></testcase>
<testcase time="0" name="org.eslint.semi" classname="C:\work\dyrectorio\web\crux-ui\src\pages\api\products\[productId]\versions\[versionId]\increase"><failure message="Missing semicolon."><![CDATA[line 9, col 50, Error - Missing semicolon. (semi)]]></failure></testcase>
<testcase time="0" name="org.eslint.linebreak-style" classname="C:\work\dyrectorio\web\crux-ui\src\pages\api\products\[productId]\versions\[versionId]\increase"><failure message="Expected linebreaks to be &apos;LF&apos; but found &apos;CRLF&apos;."><![CDATA[line 10, col 42, Error - Expected linebreaks to be &apos;LF&apos; but found &apos;CRLF&apos;. (linebreak-style)]]></failure></testcase>
<testcase time="0" name="org.eslint.semi" classname="C:\work\dyrectorio\web\crux-ui\src\pages\api\products\[productId]\versions\[versionId]\increase"><failure message="Missing semicolon."><![CDATA[line 10, col 42, Error - Missing semicolon. (semi)]]></failure></testcase>
<testcase time="0" name="org.eslint.linebreak-style" classname="C:\work\dyrectorio\web\crux-ui\src\pages\api\products\[productId]\versions\[versionId]\increase"><failure message="Expected linebreaks to be &apos;LF&apos; but found &apos;CRLF&apos;."><![CDATA[line 11, col 1, Error - Expected linebreaks to be &apos;LF&apos; but found &apos;CRLF&apos;. (linebreak-style)]]></failure></testcase>
<testcase time="0" name="org.eslint.linebreak-style" classname="C:\work\dyrectorio\web\crux-ui\src\pages\api\products\[productId]\versions\[versionId]\increase"><failure message="Expected linebreaks to be &apos;LF&apos; but found &apos;CRLF&apos;."><![CDATA[line 12, col 68, Error - Expected linebreaks to be &apos;LF&apos; but found &apos;CRLF&apos;. (linebreak-style)]]></failure></testcase>
<testcase time="0" name="org.eslint.semi" classname="C:\work\dyrectorio\web\crux-ui\src\pages\api\products\[productId]\versions\[versionId]\increase"><failure message="Missing semicolon."><![CDATA[line 12, col 68, Error - Missing semicolon. (semi)]]></failure></testcase>
<testcase time="0" name="org.eslint.linebreak-style" classname="C:\work\dyrectorio\web\crux-ui\src\pages\api\products\[productId]\versions\[versionId]\increase"><failure message="Expected linebreaks to be &apos;LF&apos; but found &apos;CRLF&apos;."><![CDATA[line 13, col 1, Error - Expected linebreaks to be &apos;LF&apos; but found &apos;CRLF&apos;. (linebreak-style)]]></failure></testcase>
<testcase time="0" name="org.eslint.linebreak-style" classname="C:\work\dyrectorio\web\crux-ui\src\pages\api\products\[productId]\versions\[versionId]\increase"><failure message="Expected linebreaks to be &apos;LF&apos; but found &apos;CRLF&apos;."><![CDATA[line 14, col 32, Error - Expected linebreaks to be &apos;LF&apos; but found &apos;CRLF&apos;. (linebreak-style)]]></failure></testcase>
<testcase time="0" name="org.eslint.semi" classname="C:\work\dyrectorio\web\crux-ui\src\pages\api\products\[productId]\versions\[versionId]\increase"><failure message="Missing semicolon."><![CDATA[line 14, col 32, Error - Missing semicolon. (semi)]]></failure></testcase>
<testcase time="0" name="org.eslint.linebreak-style" classname="C:\work\dyrectorio\web\crux-ui\src\pages\api\products\[productId]\versions\[versionId]\increase"><failure message="Expected linebreaks to be &apos;LF&apos; but found &apos;CRLF&apos;."><![CDATA[line 15, col 2, Error - Expected linebreaks to be &apos;LF&apos; but found &apos;CRLF&apos;. (linebreak-style)]]></failure></testcase>
<testcase time="0" name="org.eslint.semi" classname="C:\work\dyrectorio\web\crux-ui\src\pages\api\products\[productId]\versions\[versionId]\increase"><failure message="Missing semicolon."><![CDATA[line 15, col 2, Error - Missing semicolon. (semi)]]></failure></testcase>
<testcase time="0" name="org.eslint.linebreak-style" classname="C:\work\dyrectorio\web\crux-ui\src\pages\api\products\[productId]\versions\[versionId]\increase"><failure message="Expected linebreaks to be &apos;LF&apos; but found &apos;CRLF&apos;."><![CDATA[line 16, col 1, Error - Expected linebreaks to be &apos;LF&apos; but found &apos;CRLF&apos;. (linebreak-style)]]></failure></testcase>
<testcase time="0" name="org.eslint.linebreak-style" classname="C:\work\dyrectorio\web\crux-ui\src\pages\api\products\[productId]\versions\[versionId]\increase"><failure message="Expected linebreaks to be &apos;LF&apos; but found &apos;CRLF&apos;."><![CDATA[line 17, col 33, Error - Expected linebreaks to be &apos;LF&apos; but found &apos;CRLF&apos;. (linebreak-style)]]></failure></testcase>
<testcase time="0" name="org.eslint.linebreak-style" classname="C:\work\dyrectorio\web\crux-ui\src\pages\api\products\[productId]\versions\[versionId]\increase"><failure message="Expected linebreaks to be &apos;LF&apos; but found &apos;CRLF&apos;."><![CDATA[line 18, col 12, Error - Expected linebreaks to be &apos;LF&apos; but found &apos;CRLF&apos;. (linebreak-style)]]></failure></testcase>
<testcase time="0" name="org.eslint.linebreak-style" classname="C:\work\dyrectorio\web\crux-ui\src\pages\api\products\[productId]\versions\[versionId]\increase"><failure message="Expected linebreaks to be &apos;LF&apos; but found &apos;CRLF&apos;."><![CDATA[line 19, col 67, Error - Expected linebreaks to be &apos;LF&apos; but found &apos;CRLF&apos;. (linebreak-style)]]></failure></testcase>
<testcase time="0" name="org.eslint.linebreak-style" classname="C:\work\dyrectorio\web\crux-ui\src\pages\api\products\[productId]\versions\[versionId]\increase"><failure message="Expected linebreaks to be &apos;LF&apos; but found &apos;CRLF&apos;."><![CDATA[line 20, col 22, Error - Expected linebreaks to be &apos;LF&apos; but found &apos;CRLF&apos;. (linebreak-style)]]></failure></testcase>
<testcase time="0" name="org.eslint.linebreak-style" classname="C:\work\dyrectorio\web\crux-ui\src\pages\api\products\[productId]\versions\[versionId]\increase"><failure message="Expected linebreaks to be &apos;LF&apos; but found &apos;CRLF&apos;."><![CDATA[line 21, col 5, Error - Expected linebreaks to be &apos;LF&apos; but found &apos;CRLF&apos;. (linebreak-style)]]></failure></testcase>
<testcase time="0" name="org.eslint.linebreak-style" classname="C:\work\dyrectorio\web\crux-ui\src\pages\api\products\[productId]\versions\[versionId]\increase"><failure message="Expected linebreaks to be &apos;LF&apos; but found &apos;CRLF&apos;."><![CDATA[line 22, col 3, Error - Expected linebreaks to be &apos;LF&apos; but found &apos;CRLF&apos;. (linebreak-style)]]></failure></testcase>
<testcase time="0" name="org.eslint.semi" classname="C:\work\dyrectorio\web\crux-ui\src\pages\api\products\[productId]\versions\[versionId]\increase"><failure message="Missing semicolon."><![CDATA[line 22, col 3, Error - Missing semicolon. (semi)]]></failure></testcase>
</testsuite>
<testsuite package="org.eslint" time="0" tests="42" errors="42" name="C:\work\dyrectorio\web\crux-ui\src\pages\api\registries.ts">
<testcase time="0" name="org.eslint.linebreak-style" classname="C:\work\dyrectorio\web\crux-ui\src\pages\api\registries"><failure message="Expected linebreaks to be &apos;LF&apos; but found &apos;CRLF&apos;."><![CDATA[line 1, col 45, Error - Expected linebreaks to be &apos;LF&apos; but found &apos;CRLF&apos;. (linebreak-style)]]></failure></testcase>
<testcase time="0" name="org.eslint.semi" classname="C:\work\dyrectorio\web\crux-ui\src\pages\api\registries"><failure message="Missing semicolon."><![CDATA[line 1, col 45, Error - Missing semicolon. (semi)]]></failure></testcase>
<testcase time="0" name="org.eslint.linebreak-style" classname="C:\work\dyrectorio\web\crux-ui\src\pages\api\registries"><failure message="Expected linebreaks to be &apos;LF&apos; but found &apos;CRLF&apos;."><![CDATA[line 2, col 49, Error - Expected linebreaks to be &apos;LF&apos; but found &apos;CRLF&apos;. (linebreak-style)]]></failure></testcase>
<testcase time="0" name="org.eslint.semi" classname="C:\work\dyrectorio\web\crux-ui\src\pages\api\registries"><failure message="Missing semicolon."><![CDATA[line 2, col 49, Error - Missing semicolon. (semi)]]></failure></testcase>
<testcase time="0" name="org.eslint.linebreak-style" classname="C:\work\dyrectorio\web\crux-ui\src\pages\api\registries"><failure message="Expected linebreaks to be &apos;LF&apos; but found &apos;CRLF&apos;."><![CDATA[line 3, col 37, Error - Expected linebreaks to be &apos;LF&apos; but found &apos;CRLF&apos;. (linebreak-style)]]></failure></testcase>
<testcase time="0" name="org.eslint.semi" classname="C:\work\dyrectorio\web\crux-ui\src\pages\api\registries"><failure message="Missing semicolon."><![CDATA[line 3, col 37, Error - Missing semicolon. (semi)]]></failure></testcase>
<testcase time="0" name="org.eslint.linebreak-style" classname="C:\work\dyrectorio\web\crux-ui\src\pages\api\registries"><failure message="Expected linebreaks to be &apos;LF&apos; but found &apos;CRLF&apos;."><![CDATA[line 4, col 54, Error - Expected linebreaks to be &apos;LF&apos; but found &apos;CRLF&apos;. (linebreak-style)]]></failure></testcase>
<testcase time="0" name="org.eslint.semi" classname="C:\work\dyrectorio\web\crux-ui\src\pages\api\registries"><failure message="Missing semicolon."><![CDATA[line 4, col 54, Error - Missing semicolon. (semi)]]></failure></testcase>
<testcase time="0" name="org.eslint.linebreak-style" classname="C:\work\dyrectorio\web\crux-ui\src\pages\api\registries"><failure message="Expected linebreaks to be &apos;LF&apos; but found &apos;CRLF&apos;."><![CDATA[line 5, col 72, Error - Expected linebreaks to be &apos;LF&apos; but found &apos;CRLF&apos;. (linebreak-style)]]></failure></testcase>
<testcase time="0" name="org.eslint.semi" classname="C:\work\dyrectorio\web\crux-ui\src\pages\api\registries"><failure message="Missing semicolon."><![CDATA[line 5, col 72, Error - Missing semicolon. (semi)]]></failure></testcase>
<testcase time="0" name="org.eslint.linebreak-style" classname="C:\work\dyrectorio\web\crux-ui\src\pages\api\registries"><failure message="Expected linebreaks to be &apos;LF&apos; but found &apos;CRLF&apos;."><![CDATA[line 6, col 55, Error - Expected linebreaks to be &apos;LF&apos; but found &apos;CRLF&apos;. (linebreak-style)]]></failure></testcase>
<testcase time="0" name="org.eslint.semi" classname="C:\work\dyrectorio\web\crux-ui\src\pages\api\registries"><failure message="Missing semicolon."><![CDATA[line 6, col 55, Error - Missing semicolon. (semi)]]></failure></testcase>
<testcase time="0" name="org.eslint.linebreak-style" classname="C:\work\dyrectorio\web\crux-ui\src\pages\api\registries"><failure message="Expected linebreaks to be &apos;LF&apos; but found &apos;CRLF&apos;."><![CDATA[line 7, col 1, Error - Expected linebreaks to be &apos;LF&apos; but found &apos;CRLF&apos;. (linebreak-style)]]></failure></testcase>
<testcase time="0" name="org.eslint.linebreak-style" classname="C:\work\dyrectorio\web\crux-ui\src\pages\api\registries"><failure message="Expected linebreaks to be &apos;LF&apos; but found &apos;CRLF&apos;."><![CDATA[line 8, col 69, Error - Expected linebreaks to be &apos;LF&apos; but found &apos;CRLF&apos;. (linebreak-style)]]></failure></testcase>
<testcase time="0" name="org.eslint.linebreak-style" classname="C:\work\dyrectorio\web\crux-ui\src\pages\api\registries"><failure message="Expected linebreaks to be &apos;LF&apos; but found &apos;CRLF&apos;."><![CDATA[line 9, col 57, Error - Expected linebreaks to be &apos;LF&apos; but found &apos;CRLF&apos;. (linebreak-style)]]></failure></testcase>
<testcase time="0" name="org.eslint.semi" classname="C:\work\dyrectorio\web\crux-ui\src\pages\api\registries"><failure message="Missing semicolon."><![CDATA[line 9, col 57, Error - Missing semicolon. (semi)]]></failure></testcase>
<testcase time="0" name="org.eslint.linebreak-style" classname="C:\work\dyrectorio\web\crux-ui\src\pages\api\registries"><failure message="Expected linebreaks to be &apos;LF&apos; but found &apos;CRLF&apos;."><![CDATA[line 10, col 1, Error - Expected linebreaks to be &apos;LF&apos; but found &apos;CRLF&apos;. (linebreak-style)]]></failure></testcase>
<testcase time="0" name="org.eslint.linebreak-style" classname="C:\work\dyrectorio\web\crux-ui\src\pages\api\registries"><failure message="Expected linebreaks to be &apos;LF&apos; but found &apos;CRLF&apos;."><![CDATA[line 11, col 35, Error - Expected linebreaks to be &apos;LF&apos; but found &apos;CRLF&apos;. (linebreak-style)]]></failure></testcase>
<testcase time="0" name="org.eslint.semi" classname="C:\work\dyrectorio\web\crux-ui\src\pages\api\registries"><failure message="Missing semicolon."><![CDATA[line 11, col 35, Error - Missing semicolon. (semi)]]></failure></testcase>
<testcase time="0" name="org.eslint.linebreak-style" classname="C:\work\dyrectorio\web\crux-ui\src\pages\api\registries"><failure message="Expected linebreaks to be &apos;LF&apos; but found &apos;CRLF&apos;."><![CDATA[line 12, col 2, Error - Expected linebreaks to be &apos;LF&apos; but found &apos;CRLF&apos;. (linebreak-style)]]></failure></testcase>
<testcase time="0" name="org.eslint.semi" classname="C:\work\dyrectorio\web\crux-ui\src\pages\api\registries"><failure message="Missing semicolon."><![CDATA[line 12, col 2, Error - Missing semicolon. (semi)]]></failure></testcase>
<testcase time="0" name="org.eslint.linebreak-style" classname="C:\work\dyrectorio\web\crux-ui\src\pages\api\registries"><failure message="Expected linebreaks to be &apos;LF&apos; but found &apos;CRLF&apos;."><![CDATA[line 13, col 1, Error - Expected linebreaks to be &apos;LF&apos; but found &apos;CRLF&apos;. (linebreak-style)]]></failure></testcase>
<testcase time="0" name="org.eslint.linebreak-style" classname="C:\work\dyrectorio\web\crux-ui\src\pages\api\registries"><failure message="Expected linebreaks to be &apos;LF&apos; but found &apos;CRLF&apos;."><![CDATA[line 14, col 70, Error - Expected linebreaks to be &apos;LF&apos; but found &apos;CRLF&apos;. (linebreak-style)]]></failure></testcase>
<testcase time="0" name="org.eslint.linebreak-style" classname="C:\work\dyrectorio\web\crux-ui\src\pages\api\registries"><failure message="Expected linebreaks to be &apos;LF&apos; but found &apos;CRLF&apos;."><![CDATA[line 15, col 41, Error - Expected linebreaks to be &apos;LF&apos; but found &apos;CRLF&apos;. (linebreak-style)]]></failure></testcase>
<testcase time="0" name="org.eslint.semi" classname="C:\work\dyrectorio\web\crux-ui\src\pages\api\registries"><failure message="Missing semicolon."><![CDATA[line 15, col 41, Error - Missing semicolon. (semi)]]></failure></testcase>
<testcase time="0" name="org.eslint.linebreak-style" classname="C:\work\dyrectorio\web\crux-ui\src\pages\api\registries"><failure message="Expected linebreaks to be &apos;LF&apos; but found &apos;CRLF&apos;."><![CDATA[line 16, col 1, Error - Expected linebreaks to be &apos;LF&apos; but found &apos;CRLF&apos;. (linebreak-style)]]></failure></testcase>
<testcase time="0" name="org.eslint.linebreak-style" classname="C:\work\dyrectorio\web\crux-ui\src\pages\api\registries"><failure message="Expected linebreaks to be &apos;LF&apos; but found &apos;CRLF&apos;."><![CDATA[line 17, col 58, Error - Expected linebreaks to be &apos;LF&apos; but found &apos;CRLF&apos;. (linebreak-style)]]></failure></testcase>
<testcase time="0" name="org.eslint.semi" classname="C:\work\dyrectorio\web\crux-ui\src\pages\api\registries"><failure message="Missing semicolon."><![CDATA[line 17, col 58, Error - Missing semicolon. (semi)]]></failure></testcase>
<testcase time="0" name="org.eslint.linebreak-style" classname="C:\work\dyrectorio\web\crux-ui\src\pages\api\registries"><failure message="Expected linebreaks to be &apos;LF&apos; but found &apos;CRLF&apos;."><![CDATA[line 18, col 1, Error - Expected linebreaks to be &apos;LF&apos; but found &apos;CRLF&apos;. (linebreak-style)]]></failure></testcase>
<testcase time="0" name="org.eslint.linebreak-style" classname="C:\work\dyrectorio\web\crux-ui\src\pages\api\registries"><failure message="Expected linebreaks to be &apos;LF&apos; but found &apos;CRLF&apos;."><![CDATA[line 19, col 33, Error - Expected linebreaks to be &apos;LF&apos; but found &apos;CRLF&apos;. (linebreak-style)]]></failure></testcase>
<testcase time="0" name="org.eslint.semi" classname="C:\work\dyrectorio\web\crux-ui\src\pages\api\registries"><failure message="Missing semicolon."><![CDATA[line 19, col 33, Error - Missing semicolon. (semi)]]></failure></testcase>
<testcase time="0" name="org.eslint.linebreak-style" classname="C:\work\dyrectorio\web\crux-ui\src\pages\api\registries"><failure message="Expected linebreaks to be &apos;LF&apos; but found &apos;CRLF&apos;."><![CDATA[line 20, col 2, Error - Expected linebreaks to be &apos;LF&apos; but found &apos;CRLF&apos;. (linebreak-style)]]></failure></testcase>
<testcase time="0" name="org.eslint.semi" classname="C:\work\dyrectorio\web\crux-ui\src\pages\api\registries"><failure message="Missing semicolon."><![CDATA[line 20, col 2, Error - Missing semicolon. (semi)]]></failure></testcase>
<testcase time="0" name="org.eslint.linebreak-style" classname="C:\work\dyrectorio\web\crux-ui\src\pages\api\registries"><failure message="Expected linebreaks to be &apos;LF&apos; but found &apos;CRLF&apos;."><![CDATA[line 21, col 1, Error - Expected linebreaks to be &apos;LF&apos; but found &apos;CRLF&apos;. (linebreak-style)]]></failure></testcase>
<testcase time="0" name="org.eslint.linebreak-style" classname="C:\work\dyrectorio\web\crux-ui\src\pages\api\registries"><failure message="Expected linebreaks to be &apos;LF&apos; but found &apos;CRLF&apos;."><![CDATA[line 22, col 33, Error - Expected linebreaks to be &apos;LF&apos; but found &apos;CRLF&apos;. (linebreak-style)]]></failure></testcase>
<testcase time="0" name="org.eslint.linebreak-style" classname="C:\work\dyrectorio\web\crux-ui\src\pages\api\registries"><failure message="Expected linebreaks to be &apos;LF&apos; but found &apos;CRLF&apos;."><![CDATA[line 23, col 9, Error - Expected linebreaks to be &apos;LF&apos; but found &apos;CRLF&apos;. (linebreak-style)]]></failure></testcase>
<testcase time="0" name="org.eslint.linebreak-style" classname="C:\work\dyrectorio\web\crux-ui\src\pages\api\registries"><failure message="Expected linebreaks to be &apos;LF&apos; but found &apos;CRLF&apos;."><![CDATA[line 24, col 12, Error - Expected linebreaks to be &apos;LF&apos; but found &apos;CRLF&apos;. (linebreak-style)]]></failure></testcase>
<testcase time="0" name="org.eslint.linebreak-style" classname="C:\work\dyrectorio\web\crux-ui\src\pages\api\registries"><failure message="Expected linebreaks to be &apos;LF&apos; but found &apos;CRLF&apos;."><![CDATA[line 25, col 60, Error - Expected linebreaks to be &apos;LF&apos; but found &apos;CRLF&apos;. (linebreak-style)]]></failure></testcase>
<testcase time="0" name="org.eslint.linebreak-style" classname="C:\work\dyrectorio\web\crux-ui\src\pages\api\registries"><failure message="Expected linebreaks to be &apos;LF&apos; but found &apos;CRLF&apos;."><![CDATA[line 26, col 22, Error - Expected linebreaks to be &apos;LF&apos; but found &apos;CRLF&apos;. (linebreak-style)]]></failure></testcase>
<testcase time="0" name="org.eslint.linebreak-style" classname="C:\work\dyrectorio\web\crux-ui\src\pages\api\registries"><failure message="Expected linebreaks to be &apos;LF&apos; but found &apos;CRLF&apos;."><![CDATA[line 27, col 5, Error - Expected linebreaks to be &apos;LF&apos; but found &apos;CRLF&apos;. (linebreak-style)]]></failure></testcase>
<testcase time="0" name="org.eslint.linebreak-style" classname="C:\work\dyrectorio\web\crux-ui\src\pages\api\registries"><failure message="Expected linebreaks to be &apos;LF&apos; but found &apos;CRLF&apos;."><![CDATA[line 28, col 3, Error - Expected linebreaks to be &apos;LF&apos; but found &apos;CRLF&apos;. (linebreak-style)]]></failure></testcase>
<testcase time="0" name="org.eslint.semi" classname="C:\work\dyrectorio\web\crux-ui\src\pages\api\registries"><failure message="Missing semicolon."><![CDATA[line 28, col 3, Error - Missing semicolon. (semi)]]></failure></testcase>
</testsuite>
<testsuite package="org.eslint" time="0" tests="47" errors="47" name="C:\work\dyrectorio\web\crux-ui\src\pages\api\registries\[registryId].ts">
<testcase time="0" name="org.eslint.linebreak-style" classname="C:\work\dyrectorio\web\crux-ui\src\pages\api\registries\[registryId]"><failure message="Expected linebreaks to be &apos;LF&apos; but found &apos;CRLF&apos;."><![CDATA[line 1, col 45, Error - Expected linebreaks to be &apos;LF&apos; but found &apos;CRLF&apos;. (linebreak-style)]]></failure></testcase>
<testcase time="0" name="org.eslint.semi" classname="C:\work\dyrectorio\web\crux-ui\src\pages\api\registries\[registryId]"><failure message="Missing semicolon."><![CDATA[line 1, col 45, Error - Missing semicolon. (semi)]]></failure></testcase>
<testcase time="0" name="org.eslint.linebreak-style" classname="C:\work\dyrectorio\web\crux-ui\src\pages\api\registries\[registryId]"><failure message="Expected linebreaks to be &apos;LF&apos; but found &apos;CRLF&apos;."><![CDATA[line 2, col 49, Error - Expected linebreaks to be &apos;LF&apos; but found &apos;CRLF&apos;. (linebreak-style)]]></failure></testcase>
<testcase time="0" name="org.eslint.semi" classname="C:\work\dyrectorio\web\crux-ui\src\pages\api\registries\[registryId]"><failure message="Missing semicolon."><![CDATA[line 2, col 49, Error - Missing semicolon. (semi)]]></failure></testcase>
<testcase time="0" name="org.eslint.linebreak-style" classname="C:\work\dyrectorio\web\crux-ui\src\pages\api\registries\[registryId]"><failure message="Expected linebreaks to be &apos;LF&apos; but found &apos;CRLF&apos;."><![CDATA[line 3, col 37, Error - Expected linebreaks to be &apos;LF&apos; but found &apos;CRLF&apos;. (linebreak-style)]]></failure></testcase>
<testcase time="0" name="org.eslint.semi" classname="C:\work\dyrectorio\web\crux-ui\src\pages\api\registries\[registryId]"><failure message="Missing semicolon."><![CDATA[line 3, col 37, Error - Missing semicolon. (semi)]]></failure></testcase>
<testcase time="0" name="org.eslint.linebreak-style" classname="C:\work\dyrectorio\web\crux-ui\src\pages\api\registries\[registryId]"><failure message="Expected linebreaks to be &apos;LF&apos; but found &apos;CRLF&apos;."><![CDATA[line 4, col 54, Error - Expected linebreaks to be &apos;LF&apos; but found &apos;CRLF&apos;. (linebreak-style)]]></failure></testcase>
<testcase time="0" name="org.eslint.semi" classname="C:\work\dyrectorio\web\crux-ui\src\pages\api\registries\[registryId]"><failure message="Missing semicolon."><![CDATA[line 4, col 54, Error - Missing semicolon. (semi)]]></failure></testcase>
<testcase time="0" name="org.eslint.linebreak-style" classname="C:\work\dyrectorio\web\crux-ui\src\pages\api\registries\[registryId]"><failure message="Expected linebreaks to be &apos;LF&apos; but found &apos;CRLF&apos;."><![CDATA[line 5, col 72, Error - Expected linebreaks to be &apos;LF&apos; but found &apos;CRLF&apos;. (linebreak-style)]]></failure></testcase>
<testcase time="0" name="org.eslint.semi" classname="C:\work\dyrectorio\web\crux-ui\src\pages\api\registries\[registryId]"><failure message="Missing semicolon."><![CDATA[line 5, col 72, Error - Missing semicolon. (semi)]]></failure></testcase>
<testcase time="0" name="org.eslint.linebreak-style" classname="C:\work\dyrectorio\web\crux-ui\src\pages\api\registries\[registryId]"><failure message="Expected linebreaks to be &apos;LF&apos; but found &apos;CRLF&apos;."><![CDATA[line 6, col 55, Error - Expected linebreaks to be &apos;LF&apos; but found &apos;CRLF&apos;. (linebreak-style)]]></failure></testcase>
<testcase time="0" name="org.eslint.semi" classname="C:\work\dyrectorio\web\crux-ui\src\pages\api\registries\[registryId]"><failure message="Missing semicolon."><![CDATA[line 6, col 55, Error - Missing semicolon. (semi)]]></failure></testcase>
<testcase time="0" name="org.eslint.linebreak-style" classname="C:\work\dyrectorio\web\crux-ui\src\pages\api\registries\[registryId]"><failure message="Expected linebreaks to be &apos;LF&apos; but found &apos;CRLF&apos;."><![CDATA[line 7, col 1, Error - Expected linebreaks to be &apos;LF&apos; but found &apos;CRLF&apos;. (linebreak-style)]]></failure></testcase>
<testcase time="0" name="org.eslint.linebreak-style" classname="C:\work\dyrectorio\web\crux-ui\src\pages\api\registries\[registryId]"><failure message="Expected linebreaks to be &apos;LF&apos; but found &apos;CRLF&apos;."><![CDATA[line 8, col 69, Error - Expected linebreaks to be &apos;LF&apos; but found &apos;CRLF&apos;. (linebreak-style)]]></failure></testcase>
<testcase time="0" name="org.eslint.linebreak-style" classname="C:\work\dyrectorio\web\crux-ui\src\pages\api\registries\[registryId]"><failure message="Expected linebreaks to be &apos;LF&apos; but found &apos;CRLF&apos;."><![CDATA[line 9, col 52, Error - Expected linebreaks to be &apos;LF&apos; but found &apos;CRLF&apos;. (linebreak-style)]]></failure></testcase>
<testcase time="0" name="org.eslint.semi" classname="C:\work\dyrectorio\web\crux-ui\src\pages\api\registries\[registryId]"><failure message="Missing semicolon."><![CDATA[line 9, col 52, Error - Missing semicolon. (semi)]]></failure></testcase>
<testcase time="0" name="org.eslint.linebreak-style" classname="C:\work\dyrectorio\web\crux-ui\src\pages\api\registries\[registryId]"><failure message="Expected linebreaks to be &apos;LF&apos; but found &apos;CRLF&apos;."><![CDATA[line 10, col 41, Error - Expected linebreaks to be &apos;LF&apos; but found &apos;CRLF&apos;. (linebreak-style)]]></failure></testcase>
<testcase time="0" name="org.eslint.semi" classname="C:\work\dyrectorio\web\crux-ui\src\pages\api\registries\[registryId]"><failure message="Missing semicolon."><![CDATA[line 10, col 41, Error - Missing semicolon. (semi)]]></failure></testcase>
<testcase time="0" name="org.eslint.linebreak-style" classname="C:\work\dyrectorio\web\crux-ui\src\pages\api\registries\[registryId]"><failure message="Expected linebreaks to be &apos;LF&apos; but found &apos;CRLF&apos;."><![CDATA[line 11, col 1, Error - Expected linebreaks to be &apos;LF&apos; but found &apos;CRLF&apos;. (linebreak-style)]]></failure></testcase>
<testcase time="0" name="org.eslint.linebreak-style" classname="C:\work\dyrectorio\web\crux-ui\src\pages\api\registries\[registryId]"><failure message="Expected linebreaks to be &apos;LF&apos; but found &apos;CRLF&apos;."><![CDATA[line 12, col 53, Error - Expected linebreaks to be &apos;LF&apos; but found &apos;CRLF&apos;. (linebreak-style)]]></failure></testcase>
<testcase time="0" name="org.eslint.semi" classname="C:\work\dyrectorio\web\crux-ui\src\pages\api\registries\[registryId]"><failure message="Missing semicolon."><![CDATA[line 12, col 53, Error - Missing semicolon. (semi)]]></failure></testcase>
<testcase time="0" name="org.eslint.linebreak-style" classname="C:\work\dyrectorio\web\crux-ui\src\pages\api\registries\[registryId]"><failure message="Expected linebreaks to be &apos;LF&apos; but found &apos;CRLF&apos;."><![CDATA[line 13, col 1, Error - Expected linebreaks to be &apos;LF&apos; but found &apos;CRLF&apos;. (linebreak-style)]]></failure></testcase>
<testcase time="0" name="org.eslint.linebreak-style" classname="C:\work\dyrectorio\web\crux-ui\src\pages\api\registries\[registryId]"><failure message="Expected linebreaks to be &apos;LF&apos; but found &apos;CRLF&apos;."><![CDATA[line 14, col 24, Error - Expected linebreaks to be &apos;LF&apos; but found &apos;CRLF&apos;. (linebreak-style)]]></failure></testcase>
<testcase time="0" name="org.eslint.semi" classname="C:\work\dyrectorio\web\crux-ui\src\pages\api\registries\[registryId]"><failure message="Missing semicolon."><![CDATA[line 14, col 24, Error - Missing semicolon. (semi)]]></failure></testcase>
<testcase time="0" name="org.eslint.linebreak-style" classname="C:\work\dyrectorio\web\crux-ui\src\pages\api\registries\[registryId]"><failure message="Expected linebreaks to be &apos;LF&apos; but found &apos;CRLF&apos;."><![CDATA[line 15, col 2, Error - Expected linebreaks to be &apos;LF&apos; but found &apos;CRLF&apos;. (linebreak-style)]]></failure></testcase>
<testcase time="0" name="org.eslint.semi" classname="C:\work\dyrectorio\web\crux-ui\src\pages\api\registries\[registryId]"><failure message="Missing semicolon."><![CDATA[line 15, col 2, Error - Missing semicolon. (semi)]]></failure></testcase>
<testcase time="0" name="org.eslint.linebreak-style" classname="C:\work\dyrectorio\web\crux-ui\src\pages\api\registries\[registryId]"><failure message="Expected linebreaks to be &apos;LF&apos; but found &apos;CRLF&apos;."><![CDATA[line 16, col 1, Error - Expected linebreaks to be &apos;LF&apos; but found &apos;CRLF&apos;. (linebreak-style)]]></failure></testcase>
<testcase time="0" name="org.eslint.linebreak-style" classname="C:\work\dyrectorio\web\crux-ui\src\pages\api\registries\[registryId]"><failure message="Expected linebreaks to be &apos;LF&apos; but found &apos;CRLF&apos;."><![CDATA[line 17, col 72, Error - Expected linebreaks to be &apos;LF&apos; but found &apos;CRLF&apos;. (linebreak-style)]]></failure></testcase>
<testcase time="0" name="org.eslint.linebreak-style" classname="C:\work\dyrectorio\web\crux-ui\src\pages\api\registries\[registryId]"><failure message="Expected linebreaks to be &apos;LF&apos; but found &apos;CRLF&apos;."><![CDATA[line 18, col 52, Error - Expected linebreaks to be &apos;LF&apos; but found &apos;CRLF&apos;. (linebreak-style)]]></failure></testcase>
<testcase time="0" name="org.eslint.semi" classname="C:\work\dyrectorio\web\crux-ui\src\pages\api\registries\[registryId]"><failure message="Missing semicolon."><![CDATA[line 18, col 52, Error - Missing semicolon. (semi)]]></failure></testcase>
<testcase time="0" name="org.eslint.linebreak-style" classname="C:\work\dyrectorio\web\crux-ui\src\pages\api\registries\[registryId]"><failure message="Expected linebreaks to be &apos;LF&apos; but found &apos;CRLF&apos;."><![CDATA[line 19, col 1, Error - Expected linebreaks to be &apos;LF&apos; but found &apos;CRLF&apos;. (linebreak-style)]]></failure></testcase>
<testcase time="0" name="org.eslint.linebreak-style" classname="C:\work\dyrectorio\web\crux-ui\src\pages\api\registries\[registryId]"><failure message="Expected linebreaks to be &apos;LF&apos; but found &apos;CRLF&apos;."><![CDATA[line 20, col 48, Error - Expected linebreaks to be &apos;LF&apos; but found &apos;CRLF&apos;. (linebreak-style)]]></failure></testcase>
<testcase time="0" name="org.eslint.semi" classname="C:\work\dyrectorio\web\crux-ui\src\pages\api\registries\[registryId]"><failure message="Missing semicolon."><![CDATA[line 20, col 48, Error - Missing semicolon. (semi)]]></failure></testcase>
<testcase time="0" name="org.eslint.linebreak-style" classname="C:\work\dyrectorio\web\crux-ui\src\pages\api\registries\[registryId]"><failure message="Expected linebreaks to be &apos;LF&apos; but found &apos;CRLF&apos;."><![CDATA[line 21, col 1, Error - Expected linebreaks to be &apos;LF&apos; but found &apos;CRLF&apos;. (linebreak-style)]]></failure></testcase>
<testcase time="0" name="org.eslint.linebreak-style" classname="C:\work\dyrectorio\web\crux-ui\src\pages\api\registries\[registryId]"><failure message="Expected linebreaks to be &apos;LF&apos; but found &apos;CRLF&apos;."><![CDATA[line 22, col 24, Error - Expected linebreaks to be &apos;LF&apos; but found &apos;CRLF&apos;. (linebreak-style)]]></failure></testcase>
<testcase time="0" name="org.eslint.semi" classname="C:\work\dyrectorio\web\crux-ui\src\pages\api\registries\[registryId]"><failure message="Missing semicolon."><![CDATA[line 22, col 24, Error - Missing semicolon. (semi)]]></failure></testcase>
<testcase time="0" name="org.eslint.linebreak-style" classname="C:\work\dyrectorio\web\crux-ui\src\pages\api\registries\[registryId]"><failure message="Expected linebreaks to be &apos;LF&apos; but found &apos;CRLF&apos;."><![CDATA[line 23, col 2, Error - Expected linebreaks to be &apos;LF&apos; but found &apos;CRLF&apos;. (linebreak-style)]]></failure></testcase>
<testcase time="0" name="org.eslint.semi" classname="C:\work\dyrectorio\web\crux-ui\src\pages\api\registries\[registryId]"><failure message="Missing semicolon."><![CDATA[line 23, col 2, Error - Missing semicolon. (semi)]]></failure></testcase>
<testcase time="0" name="org.eslint.linebreak-style" classname="C:\work\dyrectorio\web\crux-ui\src\pages\api\registries\[registryId]"><failure message="Expected linebreaks to be &apos;LF&apos; but found &apos;CRLF&apos;."><![CDATA[line 24, col 1, Error - Expected linebreaks to be &apos;LF&apos; but found &apos;CRLF&apos;. (linebreak-style)]]></failure></testcase>
<testcase time="0" name="org.eslint.linebreak-style" classname="C:\work\dyrectorio\web\crux-ui\src\pages\api\registries\[registryId]"><failure message="Expected linebreaks to be &apos;LF&apos; but found &apos;CRLF&apos;."><![CDATA[line 25, col 33, Error - Expected linebreaks to be &apos;LF&apos; but found &apos;CRLF&apos;. (linebreak-style)]]></failure></testcase>
<testcase time="0" name="org.eslint.linebreak-style" classname="C:\work\dyrectorio\web\crux-ui\src\pages\api\registries\[registryId]"><failure message="Expected linebreaks to be &apos;LF&apos; but found &apos;CRLF&apos;."><![CDATA[line 26, col 11, Error - Expected linebreaks to be &apos;LF&apos; but found &apos;CRLF&apos;. (linebreak-style)]]></failure></testcase>
<testcase time="0" name="org.eslint.linebreak-style" classname="C:\work\dyrectorio\web\crux-ui\src\pages\api\registries\[registryId]"><failure message="Expected linebreaks to be &apos;LF&apos; but found &apos;CRLF&apos;."><![CDATA[line 27, col 60, Error - Expected linebreaks to be &apos;LF&apos; but found &apos;CRLF&apos;. (linebreak-style)]]></failure></testcase>
<testcase time="0" name="org.eslint.linebreak-style" classname="C:\work\dyrectorio\web\crux-ui\src\pages\api\registries\[registryId]"><failure message="Expected linebreaks to be &apos;LF&apos; but found &apos;CRLF&apos;."><![CDATA[line 28, col 21, Error - Expected linebreaks to be &apos;LF&apos; but found &apos;CRLF&apos;. (linebreak-style)]]></failure></testcase>
<testcase time="0" name="org.eslint.linebreak-style" classname="C:\work\dyrectorio\web\crux-ui\src\pages\api\registries\[registryId]"><failure message="Expected linebreaks to be &apos;LF&apos; but found &apos;CRLF&apos;."><![CDATA[line 29, col 5, Error - Expected linebreaks to be &apos;LF&apos; but found &apos;CRLF&apos;. (linebreak-style)]]></failure></testcase>
<testcase time="0" name="org.eslint.linebreak-style" classname="C:\work\dyrectorio\web\crux-ui\src\pages\api\registries\[registryId]"><failure message="Expected linebreaks to be &apos;LF&apos; but found &apos;CRLF&apos;."><![CDATA[line 30, col 12, Error - Expected linebreaks to be &apos;LF&apos; but found &apos;CRLF&apos;. (linebreak-style)]]></failure></testcase>
<testcase time="0" name="org.eslint.linebreak-style" classname="C:\work\dyrectorio\web\crux-ui\src\pages\api\registries\[registryId]"><failure message="Expected linebreaks to be &apos;LF&apos; but found &apos;CRLF&apos;."><![CDATA[line 31, col 3, Error - Expected linebreaks to be &apos;LF&apos; but found &apos;CRLF&apos;. (linebreak-style)]]></failure></testcase>
<testcase time="0" name="org.eslint.semi" classname="C:\work\dyrectorio\web\crux-ui\src\pages\api\registries\[registryId]"><failure message="Missing semicolon."><![CDATA[line 31, col 3, Error - Missing semicolon. (semi)]]></failure></testcase>
</testsuite>
<testsuite package="org.eslint" time="0" tests="100" errors="100" name="C:\work\dyrectorio\web\crux-ui\src\pages\api\registries\connect.ts">
<testcase time="0" name="org.eslint.linebreak-style" classname="C:\work\dyrectorio\web\crux-ui\src\pages\api\registries\connect"><failure message="Expected linebreaks to be &apos;LF&apos; but found &apos;CRLF&apos;."><![CDATA[line 1, col 47, Error - Expected linebreaks to be &apos;LF&apos; but found &apos;CRLF&apos;. (linebreak-style)]]></failure></testcase>
<testcase time="0" name="org.eslint.semi" classname="C:\work\dyrectorio\web\crux-ui\src\pages\api\registries\connect"><failure message="Missing semicolon."><![CDATA[line 1, col 47, Error - Missing semicolon. (semi)]]></failure></testcase>
<testcase time="0" name="org.eslint.linebreak-style" classname="C:\work\dyrectorio\web\crux-ui\src\pages\api\registries\connect"><failure message="Expected linebreaks to be &apos;LF&apos; but found &apos;CRLF&apos;."><![CDATA[line 2, col 37, Error - Expected linebreaks to be &apos;LF&apos; but found &apos;CRLF&apos;. (linebreak-style)]]></failure></testcase>
<testcase time="0" name="org.eslint.semi" classname="C:\work\dyrectorio\web\crux-ui\src\pages\api\registries\connect"><failure message="Missing semicolon."><![CDATA[line 2, col 37, Error - Missing semicolon. (semi)]]></failure></testcase>
<testcase time="0" name="org.eslint.linebreak-style" classname="C:\work\dyrectorio\web\crux-ui\src\pages\api\registries\connect"><failure message="Expected linebreaks to be &apos;LF&apos; but found &apos;CRLF&apos;."><![CDATA[line 3, col 9, Error - Expected linebreaks to be &apos;LF&apos; but found &apos;CRLF&apos;. (linebreak-style)]]></failure></testcase>
<testcase time="0" name="org.eslint.linebreak-style" classname="C:\work\dyrectorio\web\crux-ui\src\pages\api\registries\connect"><failure message="Expected linebreaks to be &apos;LF&apos; but found &apos;CRLF&apos;."><![CDATA[line 4, col 25, Error - Expected linebreaks to be &apos;LF&apos; but found &apos;CRLF&apos;. (linebreak-style)]]></failure></testcase>
<testcase time="0" name="org.eslint.linebreak-style" classname="C:\work\dyrectorio\web\crux-ui\src\pages\api\registries\connect"><failure message="Expected linebreaks to be &apos;LF&apos; but found &apos;CRLF&apos;."><![CDATA[line 5, col 20, Error - Expected linebreaks to be &apos;LF&apos; but found &apos;CRLF&apos;. (linebreak-style)]]></failure></testcase>
<testcase time="0" name="org.eslint.linebreak-style" classname="C:\work\dyrectorio\web\crux-ui\src\pages\api\registries\connect"><failure message="Expected linebreaks to be &apos;LF&apos; but found &apos;CRLF&apos;."><![CDATA[line 6, col 26, Error - Expected linebreaks to be &apos;LF&apos; but found &apos;CRLF&apos;. (linebreak-style)]]></failure></testcase>
<testcase time="0" name="org.eslint.linebreak-style" classname="C:\work\dyrectorio\web\crux-ui\src\pages\api\registries\connect"><failure message="Expected linebreaks to be &apos;LF&apos; but found &apos;CRLF&apos;."><![CDATA[line 7, col 28, Error - Expected linebreaks to be &apos;LF&apos; but found &apos;CRLF&apos;. (linebreak-style)]]></failure></testcase>
<testcase time="0" name="org.eslint.linebreak-style" classname="C:\work\dyrectorio\web\crux-ui\src\pages\api\registries\connect"><failure message="Expected linebreaks to be &apos;LF&apos; but found &apos;CRLF&apos;."><![CDATA[line 8, col 22, Error - Expected linebreaks to be &apos;LF&apos; but found &apos;CRLF&apos;. (linebreak-style)]]></failure></testcase>
<testcase time="0" name="org.eslint.linebreak-style" classname="C:\work\dyrectorio\web\crux-ui\src\pages\api\registries\connect"><failure message="Expected linebreaks to be &apos;LF&apos; but found &apos;CRLF&apos;."><![CDATA[line 9, col 29, Error - Expected linebreaks to be &apos;LF&apos; but found &apos;CRLF&apos;. (linebreak-style)]]></failure></testcase>
<testcase time="0" name="org.eslint.linebreak-style" classname="C:\work\dyrectorio\web\crux-ui\src\pages\api\registries\connect"><failure message="Expected linebreaks to be &apos;LF&apos; but found &apos;CRLF&apos;."><![CDATA[line 10, col 37, Error - Expected linebreaks to be &apos;LF&apos; but found &apos;CRLF&apos;. (linebreak-style)]]></failure></testcase>
<testcase time="0" name="org.eslint.linebreak-style" classname="C:\work\dyrectorio\web\crux-ui\src\pages\api\registries\connect"><failure message="Expected linebreaks to be &apos;LF&apos; but found &apos;CRLF&apos;."><![CDATA[line 11, col 31, Error - Expected linebreaks to be &apos;LF&apos; but found &apos;CRLF&apos;. (linebreak-style)]]></failure></testcase>
<testcase time="0" name="org.eslint.linebreak-style" classname="C:\work\dyrectorio\web\crux-ui\src\pages\api\registries\connect"><failure message="Expected linebreaks to be &apos;LF&apos; but found &apos;CRLF&apos;."><![CDATA[line 12, col 21, Error - Expected linebreaks to be &apos;LF&apos; but found &apos;CRLF&apos;. (linebreak-style)]]></failure></testcase>
<testcase time="0" name="org.eslint.semi" classname="C:\work\dyrectorio\web\crux-ui\src\pages\api\registries\connect"><failure message="Missing semicolon."><![CDATA[line 12, col 21, Error - Missing semicolon. (semi)]]></failure></testcase>
<testcase time="0" name="org.eslint.linebreak-style" classname="C:\work\dyrectorio\web\crux-ui\src\pages\api\registries\connect"><failure message="Expected linebreaks to be &apos;LF&apos; but found &apos;CRLF&apos;."><![CDATA[line 13, col 51, Error - Expected linebreaks to be &apos;LF&apos; but found &apos;CRLF&apos;. (linebreak-style)]]></failure></testcase>
<testcase time="0" name="org.eslint.semi" classname="C:\work\dyrectorio\web\crux-ui\src\pages\api\registries\connect"><failure message="Missing semicolon."><![CDATA[line 13, col 51, Error - Missing semicolon. (semi)]]></failure></testcase>
<testcase time="0" name="org.eslint.linebreak-style" classname="C:\work\dyrectorio\web\crux-ui\src\pages\api\registries\connect"><failure message="Expected linebreaks to be &apos;LF&apos; but found &apos;CRLF&apos;."><![CDATA[line 14, col 66, Error - Expected linebreaks to be &apos;LF&apos; but found &apos;CRLF&apos;. (linebreak-style)]]></failure></testcase>
<testcase time="0" name="org.eslint.semi" classname="C:\work\dyrectorio\web\crux-ui\src\pages\api\registries\connect"><failure message="Missing semicolon."><![CDATA[line 14, col 66, Error - Missing semicolon. (semi)]]></failure></testcase>
<testcase time="0" name="org.eslint.linebreak-style" classname="C:\work\dyrectorio\web\crux-ui\src\pages\api\registries\connect"><failure message="Expected linebreaks to be &apos;LF&apos; but found &apos;CRLF&apos;."><![CDATA[line 15, col 55, Error - Expected linebreaks to be &apos;LF&apos; but found &apos;CRLF&apos;. (linebreak-style)]]></failure></testcase>
<testcase time="0" name="org.eslint.semi" classname="C:\work\dyrectorio\web\crux-ui\src\pages\api\registries\connect"><failure message="Missing semicolon."><![CDATA[line 15, col 55, Error - Missing semicolon. (semi)]]></failure></testcase>
<testcase time="0" name="org.eslint.linebreak-style" classname="C:\work\dyrectorio\web\crux-ui\src\pages\api\registries\connect"><failure message="Expected linebreaks to be &apos;LF&apos; but found &apos;CRLF&apos;."><![CDATA[line 16, col 76, Error - Expected linebreaks to be &apos;LF&apos; but found &apos;CRLF&apos;. (linebreak-style)]]></failure></testcase>
<testcase time="0" name="org.eslint.semi" classname="C:\work\dyrectorio\web\crux-ui\src\pages\api\registries\connect"><failure message="Missing semicolon."><![CDATA[line 16, col 76, Error - Missing semicolon. (semi)]]></failure></testcase>
<testcase time="0" name="org.eslint.linebreak-style" classname="C:\work\dyrectorio\web\crux-ui\src\pages\api\registries\connect"><failure message="Expected linebreaks to be &apos;LF&apos; but found &apos;CRLF&apos;."><![CDATA[line 17, col 69, Error - Expected linebreaks to be &apos;LF&apos; but found &apos;CRLF&apos;. (linebreak-style)]]></failure></testcase>
<testcase time="0" name="org.eslint.semi" classname="C:\work\dyrectorio\web\crux-ui\src\pages\api\registries\connect"><failure message="Missing semicolon."><![CDATA[line 17, col 69, Error - Missing semicolon. (semi)]]></failure></testcase>
<testcase time="0" name="org.eslint.linebreak-style" classname="C:\work\dyrectorio\web\crux-ui\src\pages\api\registries\connect"><failure message="Expected linebreaks to be &apos;LF&apos; but found &apos;CRLF&apos;."><![CDATA[line 18, col 81, Error - Expected linebreaks to be &apos;LF&apos; but found &apos;CRLF&apos;. (linebreak-style)]]></failure></testcase>
<testcase time="0" name="org.eslint.semi" classname="C:\work\dyrectorio\web\crux-ui\src\pages\api\registries\connect"><failure message="Missing semicolon."><![CDATA[line 18, col 81, Error - Missing semicolon. (semi)]]></failure></testcase>
<testcase time="0" name="org.eslint.linebreak-style" classname="C:\work\dyrectorio\web\crux-ui\src\pages\api\registries\connect"><failure message="Expected linebreaks to be &apos;LF&apos; but found &apos;CRLF&apos;."><![CDATA[line 19, col 1, Error - Expected linebreaks to be &apos;LF&apos; but found &apos;CRLF&apos;. (linebreak-style)]]></failure></testcase>
<testcase time="0" name="org.eslint.linebreak-style" classname="C:\work\dyrectorio\web\crux-ui\src\pages\api\registries\connect"><failure message="Expected linebreaks to be &apos;LF&apos; but found &apos;CRLF&apos;."><![CDATA[line 20, col 43, Error - Expected linebreaks to be &apos;LF&apos; but found &apos;CRLF&apos;. (linebreak-style)]]></failure></testcase>
<testcase time="0" name="org.eslint.semi" classname="C:\work\dyrectorio\web\crux-ui\src\pages\api\registries\connect"><failure message="Missing semicolon."><![CDATA[line 20, col 43, Error - Missing semicolon. (semi)]]></failure></testcase>
<testcase time="0" name="org.eslint.linebreak-style" classname="C:\work\dyrectorio\web\crux-ui\src\pages\api\registries\connect"><failure message="Expected linebreaks to be &apos;LF&apos; but found &apos;CRLF&apos;."><![CDATA[line 21, col 1, Error - Expected linebreaks to be &apos;LF&apos; but found &apos;CRLF&apos;. (linebreak-style)]]></failure></testcase>
<testcase time="0" name="org.eslint.linebreak-style" classname="C:\work\dyrectorio\web\crux-ui\src\pages\api\registries\connect"><failure message="Expected linebreaks to be &apos;LF&apos; but found &apos;CRLF&apos;."><![CDATA[line 22, col 81, Error - Expected linebreaks to be &apos;LF&apos; but found &apos;CRLF&apos;. (linebreak-style)]]></failure></testcase>
<testcase time="0" name="org.eslint.linebreak-style" classname="C:\work\dyrectorio\web\crux-ui\src\pages\api\registries\connect"><failure message="Expected linebreaks to be &apos;LF&apos; but found &apos;CRLF&apos;."><![CDATA[line 23, col 62, Error - Expected linebreaks to be &apos;LF&apos; but found &apos;CRLF&apos;. (linebreak-style)]]></failure></testcase>
<testcase time="0" name="org.eslint.semi" classname="C:\work\dyrectorio\web\crux-ui\src\pages\api\registries\connect"><failure message="Missing semicolon."><![CDATA[line 23, col 62, Error - Missing semicolon. (semi)]]></failure></testcase>
<testcase time="0" name="org.eslint.linebreak-style" classname="C:\work\dyrectorio\web\crux-ui\src\pages\api\registries\connect"><failure message="Expected linebreaks to be &apos;LF&apos; but found &apos;CRLF&apos;."><![CDATA[line 24, col 2, Error - Expected linebreaks to be &apos;LF&apos; but found &apos;CRLF&apos;. (linebreak-style)]]></failure></testcase>
<testcase time="0" name="org.eslint.semi" classname="C:\work\dyrectorio\web\crux-ui\src\pages\api\registries\connect"><failure message="Missing semicolon."><![CDATA[line 24, col 2, Error - Missing semicolon. (semi)]]></failure></testcase>
<testcase time="0" name="org.eslint.linebreak-style" classname="C:\work\dyrectorio\web\crux-ui\src\pages\api\registries\connect"><failure message="Expected linebreaks to be &apos;LF&apos; but found &apos;CRLF&apos;."><![CDATA[line 25, col 1, Error - Expected linebreaks to be &apos;LF&apos; but found &apos;CRLF&apos;. (linebreak-style)]]></failure></testcase>
<testcase time="0" name="org.eslint.max-len" classname="C:\work\dyrectorio\web\crux-ui\src\pages\api\registries\connect"><failure message="This line has a length of 117. Maximum allowed is 100."><![CDATA[line 26, col 1, Error - This line has a length of 117. Maximum allowed is 100. (max-len)]]></failure></testcase>
<testcase time="0" name="org.eslint.linebreak-style" classname="C:\work\dyrectorio\web\crux-ui\src\pages\api\registries\connect"><failure message="Expected linebreaks to be &apos;LF&apos; but found &apos;CRLF&apos;."><![CDATA[line 26, col 118, Error - Expected linebreaks to be &apos;LF&apos; but found &apos;CRLF&apos;. (linebreak-style)]]></failure></testcase>
<testcase time="0" name="org.eslint.linebreak-style" classname="C:\work\dyrectorio\web\crux-ui\src\pages\api\registries\connect"><failure message="Expected linebreaks to be &apos;LF&apos; but found &apos;CRLF&apos;."><![CDATA[line 27, col 30, Error - Expected linebreaks to be &apos;LF&apos; but found &apos;CRLF&apos;. (linebreak-style)]]></failure></testcase>
<testcase time="0" name="org.eslint.semi" classname="C:\work\dyrectorio\web\crux-ui\src\pages\api\registries\connect"><failure message="Missing semicolon."><![CDATA[line 27, col 30, Error - Missing semicolon. (semi)]]></failure></testcase>
<testcase time="0" name="org.eslint.linebreak-style" classname="C:\work\dyrectorio\web\crux-ui\src\pages\api\registries\connect"><failure message="Expected linebreaks to be &apos;LF&apos; but found &apos;CRLF&apos;."><![CDATA[line 28, col 1, Error - Expected linebreaks to be &apos;LF&apos; but found &apos;CRLF&apos;. (linebreak-style)]]></failure></testcase>
<testcase time="0" name="org.eslint.max-len" classname="C:\work\dyrectorio\web\crux-ui\src\pages\api\registries\connect"><failure message="This line has a length of 108. Maximum allowed is 100."><![CDATA[line 29, col 1, Error - This line has a length of 108. Maximum allowed is 100. (max-len)]]></failure></testcase>
<testcase time="0" name="org.eslint.linebreak-style" classname="C:\work\dyrectorio\web\crux-ui\src\pages\api\registries\connect"><failure message="Expected linebreaks to be &apos;LF&apos; but found &apos;CRLF&apos;."><![CDATA[line 29, col 109, Error - Expected linebreaks to be &apos;LF&apos; but found &apos;CRLF&apos;. (linebreak-style)]]></failure></testcase>
<testcase time="0" name="org.eslint.semi" classname="C:\work\dyrectorio\web\crux-ui\src\pages\api\registries\connect"><failure message="Missing semicolon."><![CDATA[line 29, col 109, Error - Missing semicolon. (semi)]]></failure></testcase>
<testcase time="0" name="org.eslint.linebreak-style" classname="C:\work\dyrectorio\web\crux-ui\src\pages\api\registries\connect"><failure message="Expected linebreaks to be &apos;LF&apos; but found &apos;CRLF&apos;."><![CDATA[line 30, col 1, Error - Expected linebreaks to be &apos;LF&apos; but found &apos;CRLF&apos;. (linebreak-style)]]></failure></testcase>
<testcase time="0" name="org.eslint.linebreak-style" classname="C:\work\dyrectorio\web\crux-ui\src\pages\api\registries\connect"><failure message="Expected linebreaks to be &apos;LF&apos; but found &apos;CRLF&apos;."><![CDATA[line 31, col 71, Error - Expected linebreaks to be &apos;LF&apos; but found &apos;CRLF&apos;. (linebreak-style)]]></failure></testcase>
<testcase time="0" name="org.eslint.semi" classname="C:\work\dyrectorio\web\crux-ui\src\pages\api\registries\connect"><failure message="Missing semicolon."><![CDATA[line 31, col 71, Error - Missing semicolon. (semi)]]></failure></testcase>
<testcase time="0" name="org.eslint.linebreak-style" classname="C:\work\dyrectorio\web\crux-ui\src\pages\api\registries\connect"><failure message="Expected linebreaks to be &apos;LF&apos; but found &apos;CRLF&apos;."><![CDATA[line 32, col 47, Error - Expected linebreaks to be &apos;LF&apos; but found &apos;CRLF&apos;. (linebreak-style)]]></failure></testcase>
<testcase time="0" name="org.eslint.linebreak-style" classname="C:\work\dyrectorio\web\crux-ui\src\pages\api\registries\connect"><failure message="Expected linebreaks to be &apos;LF&apos; but found &apos;CRLF&apos;."><![CDATA[line 33, col 32, Error - Expected linebreaks to be &apos;LF&apos; but found &apos;CRLF&apos;. (linebreak-style)]]></failure></testcase>
<testcase time="0" name="org.eslint.arrow-parens" classname="C:\work\dyrectorio\web\crux-ui\src\pages\api\registries\connect"><failure message="Expected parentheses around arrow function argument."><![CDATA[line 34, col 24, Error - Expected parentheses around arrow function argument. (arrow-parens)]]></failure></testcase>
<testcase time="0" name="org.eslint.arrow-body-style" classname="C:\work\dyrectorio\web\crux-ui\src\pages\api\registries\connect"><failure message="Unexpected block statement surrounding arrow body; parenthesize the returned value and move it immediately after the `=&gt;`."><![CDATA[line 34, col 30, Error - Unexpected block statement surrounding arrow body; parenthesize the returned value and move it immediately after the `=&gt;`. (arrow-body-style)]]></failure></testcase>
<testcase time="0" name="org.eslint.linebreak-style" classname="C:\work\dyrectorio\web\crux-ui\src\pages\api\registries\connect"><failure message="Expected linebreaks to be &apos;LF&apos; but found &apos;CRLF&apos;."><![CDATA[line 34, col 31, Error - Expected linebreaks to be &apos;LF&apos; but found &apos;CRLF&apos;. (linebreak-style)]]></failure></testcase>
<testcase time="0" name="org.eslint.linebreak-style" classname="C:\work\dyrectorio\web\crux-ui\src\pages\api\registries\connect"><failure message="Expected linebreaks to be &apos;LF&apos; but found &apos;CRLF&apos;."><![CDATA[line 35, col 15, Error - Expected linebreaks to be &apos;LF&apos; but found &apos;CRLF&apos;. (linebreak-style)]]></failure></testcase>
<testcase time="0" name="org.eslint.linebreak-style" classname="C:\work\dyrectorio\web\crux-ui\src\pages\api\registries\connect"><failure message="Expected linebreaks to be &apos;LF&apos; but found &apos;CRLF&apos;."><![CDATA[line 36, col 16, Error - Expected linebreaks to be &apos;LF&apos; but found &apos;CRLF&apos;. (linebreak-style)]]></failure></testcase>
<testcase time="0" name="org.eslint.linebreak-style" classname="C:\work\dyrectorio\web\crux-ui\src\pages\api\registries\connect"><failure message="Expected linebreaks to be &apos;LF&apos; but found &apos;CRLF&apos;."><![CDATA[line 37, col 18, Error - Expected linebreaks to be &apos;LF&apos; but found &apos;CRLF&apos;. (linebreak-style)]]></failure></testcase>
<testcase time="0" name="org.eslint.linebreak-style" classname="C:\work\dyrectorio\web\crux-ui\src\pages\api\registries\connect"><failure message="Expected linebreaks to be &apos;LF&apos; but found &apos;CRLF&apos;."><![CDATA[line 38, col 17, Error - Expected linebreaks to be &apos;LF&apos; but found &apos;CRLF&apos;. (linebreak-style)]]></failure></testcase>
<testcase time="0" name="org.eslint.linebreak-style" classname="C:\work\dyrectorio\web\crux-ui\src\pages\api\registries\connect"><failure message="Expected linebreaks to be &apos;LF&apos; but found &apos;CRLF&apos;."><![CDATA[line 39, col 8, Error - Expected linebreaks to be &apos;LF&apos; but found &apos;CRLF&apos;. (linebreak-style)]]></failure></testcase>
<testcase time="0" name="org.eslint.semi" classname="C:\work\dyrectorio\web\crux-ui\src\pages\api\registries\connect"><failure message="Missing semicolon."><![CDATA[line 39, col 8, Error - Missing semicolon. (semi)]]></failure></testcase>
<testcase time="0" name="org.eslint.linebreak-style" classname="C:\work\dyrectorio\web\crux-ui\src\pages\api\registries\connect"><failure message="Expected linebreaks to be &apos;LF&apos; but found &apos;CRLF&apos;."><![CDATA[line 40, col 8, Error - Expected linebreaks to be &apos;LF&apos; but found &apos;CRLF&apos;. (linebreak-style)]]></failure></testcase>
<testcase time="0" name="org.eslint.linebreak-style" classname="C:\work\dyrectorio\web\crux-ui\src\pages\api\registries\connect"><failure message="Expected linebreaks to be &apos;LF&apos; but found &apos;CRLF&apos;."><![CDATA[line 41, col 31, Error - Expected linebreaks to be &apos;LF&apos; but found &apos;CRLF&apos;. (linebreak-style)]]></failure></testcase>
<testcase time="0" name="org.eslint.semi" classname="C:\work\dyrectorio\web\crux-ui\src\pages\api\registries\connect"><failure message="Missing semicolon."><![CDATA[line 41, col 31, Error - Missing semicolon. (semi)]]></failure></testcase>
<testcase time="0" name="org.eslint.linebreak-style" classname="C:\work\dyrectorio\web\crux-ui\src\pages\api\registries\connect"><failure message="Expected linebreaks to be &apos;LF&apos; but found &apos;CRLF&apos;."><![CDATA[line 42, col 2, Error - Expected linebreaks to be &apos;LF&apos; but found &apos;CRLF&apos;. (linebreak-style)]]></failure></testcase>
<testcase time="0" name="org.eslint.semi" classname="C:\work\dyrectorio\web\crux-ui\src\pages\api\registries\connect"><failure message="Missing semicolon."><![CDATA[line 42, col 2, Error - Missing semicolon. (semi)]]></failure></testcase>
<testcase time="0" name="org.eslint.linebreak-style" classname="C:\work\dyrectorio\web\crux-ui\src\pages\api\registries\connect"><failure message="Expected linebreaks to be &apos;LF&apos; but found &apos;CRLF&apos;."><![CDATA[line 43, col 1, Error - Expected linebreaks to be &apos;LF&apos; but found &apos;CRLF&apos;. (linebreak-style)]]></failure></testcase>
<testcase time="0" name="org.eslint.linebreak-style" classname="C:\work\dyrectorio\web\crux-ui\src\pages\api\registries\connect"><failure message="Expected linebreaks to be &apos;LF&apos; but found &apos;CRLF&apos;."><![CDATA[line 44, col 33, Error - Expected linebreaks to be &apos;LF&apos; but found &apos;CRLF&apos;. (linebreak-style)]]></failure></testcase>
<testcase time="0" name="org.eslint.linebreak-style" classname="C:\work\dyrectorio\web\crux-ui\src\pages\api\registries\connect"><failure message="Expected linebreaks to be &apos;LF&apos; but found &apos;CRLF&apos;."><![CDATA[line 45, col 24, Error - Expected linebreaks to be &apos;LF&apos; but found &apos;CRLF&apos;. (linebreak-style)]]></failure></testcase>
<testcase time="0" name="org.eslint.linebreak-style" classname="C:\work\dyrectorio\web\crux-ui\src\pages\api\registries\connect"><failure message="Expected linebreaks to be &apos;LF&apos; but found &apos;CRLF&apos;."><![CDATA[line 46, col 28, Error - Expected linebreaks to be &apos;LF&apos; but found &apos;CRLF&apos;. (linebreak-style)]]></failure></testcase>
<testcase time="0" name="org.eslint.linebreak-style" classname="C:\work\dyrectorio\web\crux-ui\src\pages\api\registries\connect"><failure message="Expected linebreaks to be &apos;LF&apos; but found &apos;CRLF&apos;."><![CDATA[line 47, col 45, Error - Expected linebreaks to be &apos;LF&apos; but found &apos;CRLF&apos;. (linebreak-style)]]></failure></testcase>
<testcase time="0" name="org.eslint.linebreak-style" classname="C:\work\dyrectorio\web\crux-ui\src\pages\api\registries\connect"><failure message="Expected linebreaks to be &apos;LF&apos; but found &apos;CRLF&apos;."><![CDATA[line 48, col 7, Error - Expected linebreaks to be &apos;LF&apos; but found &apos;CRLF&apos;. (linebreak-style)]]></failure></testcase>
<testcase time="0" name="org.eslint.linebreak-style" classname="C:\work\dyrectorio\web\crux-ui\src\pages\api\registries\connect"><failure message="Expected linebreaks to be &apos;LF&apos; but found &apos;CRLF&apos;."><![CDATA[line 49, col 30, Error - Expected linebreaks to be &apos;LF&apos; but found &apos;CRLF&apos;. (linebreak-style)]]></failure></testcase>
<testcase time="0" name="org.eslint.semi" classname="C:\work\dyrectorio\web\crux-ui\src\pages\api\registries\connect"><failure message="Missing semicolon."><![CDATA[line 49, col 30, Error - Missing semicolon. (semi)]]></failure></testcase>
<testcase time="0" name="org.eslint.linebreak-style" classname="C:\work\dyrectorio\web\crux-ui\src\pages\api\registries\connect"><failure message="Expected linebreaks to be &apos;LF&apos; but found &apos;CRLF&apos;."><![CDATA[line 50, col 1, Error - Expected linebreaks to be &apos;LF&apos; but found &apos;CRLF&apos;. (linebreak-style)]]></failure></testcase>
<testcase time="0" name="org.eslint.max-len" classname="C:\work\dyrectorio\web\crux-ui\src\pages\api\registries\connect"><failure message="This line has a length of 108. Maximum allowed is 100."><![CDATA[line 51, col 1, Error - This line has a length of 108. Maximum allowed is 100. (max-len)]]></failure></testcase>
<testcase time="0" name="org.eslint.linebreak-style" classname="C:\work\dyrectorio\web\crux-ui\src\pages\api\registries\connect"><failure message="Expected linebreaks to be &apos;LF&apos; but found &apos;CRLF&apos;."><![CDATA[line 51, col 109, Error - Expected linebreaks to be &apos;LF&apos; but found &apos;CRLF&apos;. (linebreak-style)]]></failure></testcase>
<testcase time="0" name="org.eslint.semi" classname="C:\work\dyrectorio\web\crux-ui\src\pages\api\registries\connect"><failure message="Missing semicolon."><![CDATA[line 51, col 109, Error - Missing semicolon. (semi)]]></failure></testcase>
<testcase time="0" name="org.eslint.linebreak-style" classname="C:\work\dyrectorio\web\crux-ui\src\pages\api\registries\connect"><failure message="Expected linebreaks to be &apos;LF&apos; but found &apos;CRLF&apos;."><![CDATA[line 52, col 1, Error - Expected linebreaks to be &apos;LF&apos; but found &apos;CRLF&apos;. (linebreak-style)]]></failure></testcase>
<testcase time="0" name="org.eslint.arrow-parens" classname="C:\work\dyrectorio\web\crux-ui\src\pages\api\registries\connect"><failure message="Expected parentheses around arrow function argument."><![CDATA[line 53, col 31, Error - Expected parentheses around arrow function argument. (arrow-parens)]]></failure></testcase>
<testcase time="0" name="org.eslint.linebreak-style" classname="C:\work\dyrectorio\web\crux-ui\src\pages\api\registries\connect"><failure message="Expected linebreaks to be &apos;LF&apos; but found &apos;CRLF&apos;."><![CDATA[line 53, col 55, Error - Expected linebreaks to be &apos;LF&apos; but found &apos;CRLF&apos;. (linebreak-style)]]></failure></testcase>
<testcase time="0" name="org.eslint.semi" classname="C:\work\dyrectorio\web\crux-ui\src\pages\api\registries\connect"><failure message="Missing semicolon."><![CDATA[line 53, col 55, Error - Missing semicolon. (semi)]]></failure></testcase>
<testcase time="0" name="org.eslint.linebreak-style" classname="C:\work\dyrectorio\web\crux-ui\src\pages\api\registries\connect"><failure message="Expected linebreaks to be &apos;LF&apos; but found &apos;CRLF&apos;."><![CDATA[line 54, col 49, Error - Expected linebreaks to be &apos;LF&apos; but found &apos;CRLF&apos;. (linebreak-style)]]></failure></testcase>
<testcase time="0" name="org.eslint.linebreak-style" classname="C:\work\dyrectorio\web\crux-ui\src\pages\api\registries\connect"><failure message="Expected linebreaks to be &apos;LF&apos; but found &apos;CRLF&apos;."><![CDATA[line 55, col 32, Error - Expected linebreaks to be &apos;LF&apos; but found &apos;CRLF&apos;. (linebreak-style)]]></failure></testcase>
<testcase time="0" name="org.eslint.linebreak-style" classname="C:\work\dyrectorio\web\crux-ui\src\pages\api\registries\connect"><failure message="Expected linebreaks to be &apos;LF&apos; but found &apos;CRLF&apos;."><![CDATA[line 56, col 37, Error - Expected linebreaks to be &apos;LF&apos; but found &apos;CRLF&apos;. (linebreak-style)]]></failure></testcase>
<testcase time="0" name="org.eslint.linebreak-style" classname="C:\work\dyrectorio\web\crux-ui\src\pages\api\registries\connect"><failure message="Expected linebreaks to be &apos;LF&apos; but found &apos;CRLF&apos;."><![CDATA[line 57, col 33, Error - Expected linebreaks to be &apos;LF&apos; but found &apos;CRLF&apos;. (linebreak-style)]]></failure></testcase>
<testcase time="0" name="org.eslint.semi" classname="C:\work\dyrectorio\web\crux-ui\src\pages\api\registries\connect"><failure message="Missing semicolon."><![CDATA[line 57, col 33, Error - Missing semicolon. (semi)]]></failure></testcase>
<testcase time="0" name="org.eslint.linebreak-style" classname="C:\work\dyrectorio\web\crux-ui\src\pages\api\registries\connect"><failure message="Expected linebreaks to be &apos;LF&apos; but found &apos;CRLF&apos;."><![CDATA[line 58, col 2, Error - Expected linebreaks to be &apos;LF&apos; but found &apos;CRLF&apos;. (linebreak-style)]]></failure></testcase>
<testcase time="0" name="org.eslint.semi" classname="C:\work\dyrectorio\web\crux-ui\src\pages\api\registries\connect"><failure message="Missing semicolon."><![CDATA[line 58, col 2, Error - Missing semicolon. (semi)]]></failure></testcase>
<testcase time="0" name="org.eslint.linebreak-style" classname="C:\work\dyrectorio\web\crux-ui\src\pages\api\registries\connect"><failure message="Expected linebreaks to be &apos;LF&apos; but found &apos;CRLF&apos;."><![CDATA[line 59, col 1, Error - Expected linebreaks to be &apos;LF&apos; but found &apos;CRLF&apos;. (linebreak-style)]]></failure></testcase>
<testcase time="0" name="org.eslint.linebreak-style" classname="C:\work\dyrectorio\web\crux-ui\src\pages\api\registries\connect"><failure message="Expected linebreaks to be &apos;LF&apos; but found &apos;CRLF&apos;."><![CDATA[line 60, col 40, Error - Expected linebreaks to be &apos;LF&apos; but found &apos;CRLF&apos;. (linebreak-style)]]></failure></testcase>
<testcase time="0" name="org.eslint.linebreak-style" classname="C:\work\dyrectorio\web\crux-ui\src\pages\api\registries\connect"><failure message="Expected linebreaks to be &apos;LF&apos; but found &apos;CRLF&apos;."><![CDATA[line 61, col 10, Error - Expected linebreaks to be &apos;LF&apos; but found &apos;CRLF&apos;. (linebreak-style)]]></failure></testcase>
<testcase time="0" name="org.eslint.linebreak-style" classname="C:\work\dyrectorio\web\crux-ui\src\pages\api\registries\connect"><failure message="Expected linebreaks to be &apos;LF&apos; but found &apos;CRLF&apos;."><![CDATA[line 62, col 4, Error - Expected linebreaks to be &apos;LF&apos; but found &apos;CRLF&apos;. (linebreak-style)]]></failure></testcase>
<testcase time="0" name="org.eslint.linebreak-style" classname="C:\work\dyrectorio\web\crux-ui\src\pages\api\registries\connect"><failure message="Expected linebreaks to be &apos;LF&apos; but found &apos;CRLF&apos;."><![CDATA[line 63, col 39, Error - Expected linebreaks to be &apos;LF&apos; but found &apos;CRLF&apos;. (linebreak-style)]]></failure></testcase>
<testcase time="0" name="org.eslint.linebreak-style" classname="C:\work\dyrectorio\web\crux-ui\src\pages\api\registries\connect"><failure message="Expected linebreaks to be &apos;LF&apos; but found &apos;CRLF&apos;."><![CDATA[line 64, col 59, Error - Expected linebreaks to be &apos;LF&apos; but found &apos;CRLF&apos;. (linebreak-style)]]></failure></testcase>
<testcase time="0" name="org.eslint.linebreak-style" classname="C:\work\dyrectorio\web\crux-ui\src\pages\api\registries\connect"><failure message="Expected linebreaks to be &apos;LF&apos; but found &apos;CRLF&apos;."><![CDATA[line 65, col 5, Error - Expected linebreaks to be &apos;LF&apos; but found &apos;CRLF&apos;. (linebreak-style)]]></failure></testcase>
<testcase time="0" name="org.eslint.linebreak-style" classname="C:\work\dyrectorio\web\crux-ui\src\pages\api\registries\connect"><failure message="Expected linebreaks to be &apos;LF&apos; but found &apos;CRLF&apos;."><![CDATA[line 66, col 33, Error - Expected linebreaks to be &apos;LF&apos; but found &apos;CRLF&apos;. (linebreak-style)]]></failure></testcase>
<testcase time="0" name="org.eslint.linebreak-style" classname="C:\work\dyrectorio\web\crux-ui\src\pages\api\registries\connect"><failure message="Expected linebreaks to be &apos;LF&apos; but found &apos;CRLF&apos;."><![CDATA[line 67, col 4, Error - Expected linebreaks to be &apos;LF&apos; but found &apos;CRLF&apos;. (linebreak-style)]]></failure></testcase>
<testcase time="0" name="org.eslint.linebreak-style" classname="C:\work\dyrectorio\web\crux-ui\src\pages\api\registries\connect"><failure message="Expected linebreaks to be &apos;LF&apos; but found &apos;CRLF&apos;."><![CDATA[line 68, col 18, Error - Expected linebreaks to be &apos;LF&apos; but found &apos;CRLF&apos;. (linebreak-style)]]></failure></testcase>
<testcase time="0" name="org.eslint.linebreak-style" classname="C:\work\dyrectorio\web\crux-ui\src\pages\api\registries\connect"><failure message="Expected linebreaks to be &apos;LF&apos; but found &apos;CRLF&apos;."><![CDATA[line 69, col 5, Error - Expected linebreaks to be &apos;LF&apos; but found &apos;CRLF&apos;. (linebreak-style)]]></failure></testcase>
<testcase time="0" name="org.eslint.linebreak-style" classname="C:\work\dyrectorio\web\crux-ui\src\pages\api\registries\connect"><failure message="Expected linebreaks to be &apos;LF&apos; but found &apos;CRLF&apos;."><![CDATA[line 70, col 2, Error - Expected linebreaks to be &apos;LF&apos; but found &apos;CRLF&apos;. (linebreak-style)]]></failure></testcase>
<testcase time="0" name="org.eslint.semi" classname="C:\work\dyrectorio\web\crux-ui\src\pages\api\registries\connect"><failure message="Missing semicolon."><![CDATA[line 70, col 2, Error - Missing semicolon. (semi)]]></failure></testcase>
</testsuite>
<testsuite package="org.eslint" time="0" tests="48" errors="48" name="C:\work\dyrectorio\web\crux-ui\src\pages\api\status.ts">
<testcase time="0" name="org.eslint.linebreak-style" classname="C:\work\dyrectorio\web\crux-ui\src\pages\api\status"><failure message="Expected linebreaks to be &apos;LF&apos; but found &apos;CRLF&apos;."><![CDATA[line 1, col 45, Error - Expected linebreaks to be &apos;LF&apos; but found &apos;CRLF&apos;. (linebreak-style)]]></failure></testcase>
<testcase time="0" name="org.eslint.semi" classname="C:\work\dyrectorio\web\crux-ui\src\pages\api\status"><failure message="Missing semicolon."><![CDATA[line 1, col 45, Error - Missing semicolon. (semi)]]></failure></testcase>
<testcase time="0" name="org.eslint.linebreak-style" classname="C:\work\dyrectorio\web\crux-ui\src\pages\api\status"><failure message="Expected linebreaks to be &apos;LF&apos; but found &apos;CRLF&apos;."><![CDATA[line 2, col 62, Error - Expected linebreaks to be &apos;LF&apos; but found &apos;CRLF&apos;. (linebreak-style)]]></failure></testcase>
<testcase time="0" name="org.eslint.semi" classname="C:\work\dyrectorio\web\crux-ui\src\pages\api\status"><failure message="Missing semicolon."><![CDATA[line 2, col 62, Error - Missing semicolon. (semi)]]></failure></testcase>
<testcase time="0" name="org.eslint.linebreak-style" classname="C:\work\dyrectorio\web\crux-ui\src\pages\api\status"><failure message="Expected linebreaks to be &apos;LF&apos; but found &apos;CRLF&apos;."><![CDATA[line 3, col 54, Error - Expected linebreaks to be &apos;LF&apos; but found &apos;CRLF&apos;. (linebreak-style)]]></failure></testcase>
<testcase time="0" name="org.eslint.semi" classname="C:\work\dyrectorio\web\crux-ui\src\pages\api\status"><failure message="Missing semicolon."><![CDATA[line 3, col 54, Error - Missing semicolon. (semi)]]></failure></testcase>
<testcase time="0" name="org.eslint.linebreak-style" classname="C:\work\dyrectorio\web\crux-ui\src\pages\api\status"><failure message="Expected linebreaks to be &apos;LF&apos; but found &apos;CRLF&apos;."><![CDATA[line 4, col 42, Error - Expected linebreaks to be &apos;LF&apos; but found &apos;CRLF&apos;. (linebreak-style)]]></failure></testcase>
<testcase time="0" name="org.eslint.semi" classname="C:\work\dyrectorio\web\crux-ui\src\pages\api\status"><failure message="Missing semicolon."><![CDATA[line 4, col 42, Error - Missing semicolon. (semi)]]></failure></testcase>
<testcase time="0" name="org.eslint.linebreak-style" classname="C:\work\dyrectorio\web\crux-ui\src\pages\api\status"><failure message="Expected linebreaks to be &apos;LF&apos; but found &apos;CRLF&apos;."><![CDATA[line 5, col 54, Error - Expected linebreaks to be &apos;LF&apos; but found &apos;CRLF&apos;. (linebreak-style)]]></failure></testcase>
<testcase time="0" name="org.eslint.semi" classname="C:\work\dyrectorio\web\crux-ui\src\pages\api\status"><failure message="Missing semicolon."><![CDATA[line 5, col 54, Error - Missing semicolon. (semi)]]></failure></testcase>
<testcase time="0" name="org.eslint.linebreak-style" classname="C:\work\dyrectorio\web\crux-ui\src\pages\api\status"><failure message="Expected linebreaks to be &apos;LF&apos; but found &apos;CRLF&apos;."><![CDATA[line 6, col 55, Error - Expected linebreaks to be &apos;LF&apos; but found &apos;CRLF&apos;. (linebreak-style)]]></failure></testcase>
<testcase time="0" name="org.eslint.semi" classname="C:\work\dyrectorio\web\crux-ui\src\pages\api\status"><failure message="Missing semicolon."><![CDATA[line 6, col 55, Error - Missing semicolon. (semi)]]></failure></testcase>
<testcase time="0" name="org.eslint.linebreak-style" classname="C:\work\dyrectorio\web\crux-ui\src\pages\api\status"><failure message="Expected linebreaks to be &apos;LF&apos; but found &apos;CRLF&apos;."><![CDATA[line 7, col 1, Error - Expected linebreaks to be &apos;LF&apos; but found &apos;CRLF&apos;. (linebreak-style)]]></failure></testcase>
<testcase time="0" name="org.eslint.linebreak-style" classname="C:\work\dyrectorio\web\crux-ui\src\pages\api\status"><failure message="Expected linebreaks to be &apos;LF&apos; but found &apos;CRLF&apos;."><![CDATA[line 8, col 67, Error - Expected linebreaks to be &apos;LF&apos; but found &apos;CRLF&apos;. (linebreak-style)]]></failure></testcase>
<testcase time="0" name="org.eslint.linebreak-style" classname="C:\work\dyrectorio\web\crux-ui\src\pages\api\status"><failure message="Expected linebreaks to be &apos;LF&apos; but found &apos;CRLF&apos;."><![CDATA[line 9, col 50, Error - Expected linebreaks to be &apos;LF&apos; but found &apos;CRLF&apos;. (linebreak-style)]]></failure></testcase>
<testcase time="0" name="org.eslint.semi" classname="C:\work\dyrectorio\web\crux-ui\src\pages\api\status"><failure message="Missing semicolon."><![CDATA[line 9, col 50, Error - Missing semicolon. (semi)]]></failure></testcase>
<testcase time="0" name="org.eslint.linebreak-style" classname="C:\work\dyrectorio\web\crux-ui\src\pages\api\status"><failure message="Expected linebreaks to be &apos;LF&apos; but found &apos;CRLF&apos;."><![CDATA[line 10, col 54, Error - Expected linebreaks to be &apos;LF&apos; but found &apos;CRLF&apos;. (linebreak-style)]]></failure></testcase>
<testcase time="0" name="org.eslint.semi" classname="C:\work\dyrectorio\web\crux-ui\src\pages\api\status"><failure message="Missing semicolon."><![CDATA[line 10, col 54, Error - Missing semicolon. (semi)]]></failure></testcase>
<testcase time="0" name="org.eslint.linebreak-style" classname="C:\work\dyrectorio\web\crux-ui\src\pages\api\status"><failure message="Expected linebreaks to be &apos;LF&apos; but found &apos;CRLF&apos;."><![CDATA[line 11, col 1, Error - Expected linebreaks to be &apos;LF&apos; but found &apos;CRLF&apos;. (linebreak-style)]]></failure></testcase>
<testcase time="0" name="org.eslint.linebreak-style" classname="C:\work\dyrectorio\web\crux-ui\src\pages\api\status"><failure message="Expected linebreaks to be &apos;LF&apos; but found &apos;CRLF&apos;."><![CDATA[line 12, col 32, Error - Expected linebreaks to be &apos;LF&apos; but found &apos;CRLF&apos;. (linebreak-style)]]></failure></testcase>
<testcase time="0" name="org.eslint.object-shorthand" classname="C:\work\dyrectorio\web\crux-ui\src\pages\api\status"><failure message="Expected property shorthand."><![CDATA[line 13, col 5, Error - Expected property shorthand. (object-shorthand)]]></failure></testcase>
<testcase time="0" name="org.eslint.linebreak-style" classname="C:\work\dyrectorio\web\crux-ui\src\pages\api\status"><failure message="Expected linebreaks to be &apos;LF&apos; but found &apos;CRLF&apos;."><![CDATA[line 13, col 16, Error - Expected linebreaks to be &apos;LF&apos; but found &apos;CRLF&apos;. (linebreak-style)]]></failure></testcase>
<testcase time="0" name="org.eslint.object-shorthand" classname="C:\work\dyrectorio\web\crux-ui\src\pages\api\status"><failure message="Expected property shorthand."><![CDATA[line 14, col 5, Error - Expected property shorthand. (object-shorthand)]]></failure></testcase>
<testcase time="0" name="org.eslint.linebreak-style" classname="C:\work\dyrectorio\web\crux-ui\src\pages\api\status"><failure message="Expected linebreaks to be &apos;LF&apos; but found &apos;CRLF&apos;."><![CDATA[line 14, col 20, Error - Expected linebreaks to be &apos;LF&apos; but found &apos;CRLF&apos;. (linebreak-style)]]></failure></testcase>
<testcase time="0" name="org.eslint.linebreak-style" classname="C:\work\dyrectorio\web\crux-ui\src\pages\api\status"><failure message="Expected linebreaks to be &apos;LF&apos; but found &apos;CRLF&apos;."><![CDATA[line 15, col 16, Error - Expected linebreaks to be &apos;LF&apos; but found &apos;CRLF&apos;. (linebreak-style)]]></failure></testcase>
<testcase time="0" name="org.eslint.linebreak-style" classname="C:\work\dyrectorio\web\crux-ui\src\pages\api\status"><failure message="Expected linebreaks to be &apos;LF&apos; but found &apos;CRLF&apos;."><![CDATA[line 16, col 66, Error - Expected linebreaks to be &apos;LF&apos; but found &apos;CRLF&apos;. (linebreak-style)]]></failure></testcase>
<testcase time="0" name="org.eslint.linebreak-style" classname="C:\work\dyrectorio\web\crux-ui\src\pages\api\status"><failure message="Expected linebreaks to be &apos;LF&apos; but found &apos;CRLF&apos;."><![CDATA[line 17, col 80, Error - Expected linebreaks to be &apos;LF&apos; but found &apos;CRLF&apos;. (linebreak-style)]]></failure></testcase>
<testcase time="0" name="org.eslint.linebreak-style" classname="C:\work\dyrectorio\web\crux-ui\src\pages\api\status"><failure message="Expected linebreaks to be &apos;LF&apos; but found &apos;CRLF&apos;."><![CDATA[line 18, col 7, Error - Expected linebreaks to be &apos;LF&apos; but found &apos;CRLF&apos;. (linebreak-style)]]></failure></testcase>
<testcase time="0" name="org.eslint.linebreak-style" classname="C:\work\dyrectorio\web\crux-ui\src\pages\api\status"><failure message="Expected linebreaks to be &apos;LF&apos; but found &apos;CRLF&apos;."><![CDATA[line 19, col 11, Error - Expected linebreaks to be &apos;LF&apos; but found &apos;CRLF&apos;. (linebreak-style)]]></failure></testcase>
<testcase time="0" name="org.eslint.linebreak-style" classname="C:\work\dyrectorio\web\crux-ui\src\pages\api\status"><failure message="Expected linebreaks to be &apos;LF&apos; but found &apos;CRLF&apos;."><![CDATA[line 20, col 110, Error - Expected linebreaks to be &apos;LF&apos; but found &apos;CRLF&apos;. (linebreak-style)]]></failure></testcase>
<testcase time="0" name="org.eslint.linebreak-style" classname="C:\work\dyrectorio\web\crux-ui\src\pages\api\status"><failure message="Expected linebreaks to be &apos;LF&apos; but found &apos;CRLF&apos;."><![CDATA[line 21, col 36, Error - Expected linebreaks to be &apos;LF&apos; but found &apos;CRLF&apos;. (linebreak-style)]]></failure></testcase>
<testcase time="0" name="org.eslint.linebreak-style" classname="C:\work\dyrectorio\web\crux-ui\src\pages\api\status"><failure message="Expected linebreaks to be &apos;LF&apos; but found &apos;CRLF&apos;."><![CDATA[line 22, col 7, Error - Expected linebreaks to be &apos;LF&apos; but found &apos;CRLF&apos;. (linebreak-style)]]></failure></testcase>
<testcase time="0" name="org.eslint.linebreak-style" classname="C:\work\dyrectorio\web\crux-ui\src\pages\api\status"><failure message="Expected linebreaks to be &apos;LF&apos; but found &apos;CRLF&apos;."><![CDATA[line 23, col 4, Error - Expected linebreaks to be &apos;LF&apos; but found &apos;CRLF&apos;. (linebreak-style)]]></failure></testcase>
<testcase time="0" name="org.eslint.semi" classname="C:\work\dyrectorio\web\crux-ui\src\pages\api\status"><failure message="Missing semicolon."><![CDATA[line 23, col 4, Error - Missing semicolon. (semi)]]></failure></testcase>
<testcase time="0" name="org.eslint.linebreak-style" classname="C:\work\dyrectorio\web\crux-ui\src\pages\api\status"><failure message="Expected linebreaks to be &apos;LF&apos; but found &apos;CRLF&apos;."><![CDATA[line 24, col 1, Error - Expected linebreaks to be &apos;LF&apos; but found &apos;CRLF&apos;. (linebreak-style)]]></failure></testcase>
<testcase time="0" name="org.eslint.linebreak-style" classname="C:\work\dyrectorio\web\crux-ui\src\pages\api\status"><failure message="Expected linebreaks to be &apos;LF&apos; but found &apos;CRLF&apos;."><![CDATA[line 25, col 28, Error - Expected linebreaks to be &apos;LF&apos; but found &apos;CRLF&apos;. (linebreak-style)]]></failure></testcase>
<testcase time="0" name="org.eslint.semi" classname="C:\work\dyrectorio\web\crux-ui\src\pages\api\status"><failure message="Missing semicolon."><![CDATA[line 25, col 28, Error - Missing semicolon. (semi)]]></failure></testcase>
<testcase time="0" name="org.eslint.linebreak-style" classname="C:\work\dyrectorio\web\crux-ui\src\pages\api\status"><failure message="Expected linebreaks to be &apos;LF&apos; but found &apos;CRLF&apos;."><![CDATA[line 26, col 2, Error - Expected linebreaks to be &apos;LF&apos; but found &apos;CRLF&apos;. (linebreak-style)]]></failure></testcase>
<testcase time="0" name="org.eslint.semi" classname="C:\work\dyrectorio\web\crux-ui\src\pages\api\status"><failure message="Missing semicolon."><![CDATA[line 26, col 2, Error - Missing semicolon. (semi)]]></failure></testcase>
<testcase time="0" name="org.eslint.linebreak-style" classname="C:\work\dyrectorio\web\crux-ui\src\pages\api\status"><failure message="Expected linebreaks to be &apos;LF&apos; but found &apos;CRLF&apos;."><![CDATA[line 27, col 1, Error - Expected linebreaks to be &apos;LF&apos; but found &apos;CRLF&apos;. (linebreak-style)]]></failure></testcase>
<testcase time="0" name="org.eslint.linebreak-style" classname="C:\work\dyrectorio\web\crux-ui\src\pages\api\status"><failure message="Expected linebreaks to be &apos;LF&apos; but found &apos;CRLF&apos;."><![CDATA[line 28, col 32, Error - Expected linebreaks to be &apos;LF&apos; but found &apos;CRLF&apos;. (linebreak-style)]]></failure></testcase>
<testcase time="0" name="org.eslint.linebreak-style" classname="C:\work\dyrectorio\web\crux-ui\src\pages\api\status"><failure message="Expected linebreaks to be &apos;LF&apos; but found &apos;CRLF&apos;."><![CDATA[line 29, col 4, Error - Expected linebreaks to be &apos;LF&apos; but found &apos;CRLF&apos;. (linebreak-style)]]></failure></testcase>
<testcase time="0" name="org.eslint.linebreak-style" classname="C:\work\dyrectorio\web\crux-ui\src\pages\api\status"><failure message="Expected linebreaks to be &apos;LF&apos; but found &apos;CRLF&apos;."><![CDATA[line 30, col 11, Error - Expected linebreaks to be &apos;LF&apos; but found &apos;CRLF&apos;. (linebreak-style)]]></failure></testcase>
<testcase time="0" name="org.eslint.linebreak-style" classname="C:\work\dyrectorio\web\crux-ui\src\pages\api\status"><failure message="Expected linebreaks to be &apos;LF&apos; but found &apos;CRLF&apos;."><![CDATA[line 31, col 5, Error - Expected linebreaks to be &apos;LF&apos; but found &apos;CRLF&apos;. (linebreak-style)]]></failure></testcase>
<testcase time="0" name="org.eslint.linebreak-style" classname="C:\work\dyrectorio\web\crux-ui\src\pages\api\status"><failure message="Expected linebreaks to be &apos;LF&apos; but found &apos;CRLF&apos;."><![CDATA[line 32, col 24, Error - Expected linebreaks to be &apos;LF&apos; but found &apos;CRLF&apos;. (linebreak-style)]]></failure></testcase>
<testcase time="0" name="org.eslint.linebreak-style" classname="C:\work\dyrectorio\web\crux-ui\src\pages\api\status"><failure message="Expected linebreaks to be &apos;LF&apos; but found &apos;CRLF&apos;."><![CDATA[line 33, col 9, Error - Expected linebreaks to be &apos;LF&apos; but found &apos;CRLF&apos;. (linebreak-style)]]></failure></testcase>
<testcase time="0" name="org.eslint.linebreak-style" classname="C:\work\dyrectorio\web\crux-ui\src\pages\api\status"><failure message="Expected linebreaks to be &apos;LF&apos; but found &apos;CRLF&apos;."><![CDATA[line 34, col 2, Error - Expected linebreaks to be &apos;LF&apos; but found &apos;CRLF&apos;. (linebreak-style)]]></failure></testcase>
<testcase time="0" name="org.eslint.semi" classname="C:\work\dyrectorio\web\crux-ui\src\pages\api\status"><failure message="Missing semicolon."><![CDATA[line 34, col 2, Error - Missing semicolon. (semi)]]></failure></testcase>
</testsuite>
<testsuite package="org.eslint" time="0" tests="32" errors="32" name="C:\work\dyrectorio\web\crux-ui\src\pages\api\teams.ts">
<testcase time="0" name="org.eslint.linebreak-style" classname="C:\work\dyrectorio\web\crux-ui\src\pages\api\teams"><failure message="Expected linebreaks to be &apos;LF&apos; but found &apos;CRLF&apos;."><![CDATA[line 1, col 41, Error - Expected linebreaks to be &apos;LF&apos; but found &apos;CRLF&apos;. (linebreak-style)]]></failure></testcase>
<testcase time="0" name="org.eslint.semi" classname="C:\work\dyrectorio\web\crux-ui\src\pages\api\teams"><failure message="Missing semicolon."><![CDATA[line 1, col 41, Error - Missing semicolon. (semi)]]></failure></testcase>
<testcase time="0" name="org.eslint.linebreak-style" classname="C:\work\dyrectorio\web\crux-ui\src\pages\api\teams"><failure message="Expected linebreaks to be &apos;LF&apos; but found &apos;CRLF&apos;."><![CDATA[line 2, col 51, Error - Expected linebreaks to be &apos;LF&apos; but found &apos;CRLF&apos;. (linebreak-style)]]></failure></testcase>
<testcase time="0" name="org.eslint.semi" classname="C:\work\dyrectorio\web\crux-ui\src\pages\api\teams"><failure message="Missing semicolon."><![CDATA[line 2, col 51, Error - Missing semicolon. (semi)]]></failure></testcase>
<testcase time="0" name="org.eslint.linebreak-style" classname="C:\work\dyrectorio\web\crux-ui\src\pages\api\teams"><failure message="Expected linebreaks to be &apos;LF&apos; but found &apos;CRLF&apos;."><![CDATA[line 3, col 37, Error - Expected linebreaks to be &apos;LF&apos; but found &apos;CRLF&apos;. (linebreak-style)]]></failure></testcase>
<testcase time="0" name="org.eslint.semi" classname="C:\work\dyrectorio\web\crux-ui\src\pages\api\teams"><failure message="Missing semicolon."><![CDATA[line 3, col 37, Error - Missing semicolon. (semi)]]></failure></testcase>
<testcase time="0" name="org.eslint.linebreak-style" classname="C:\work\dyrectorio\web\crux-ui\src\pages\api\teams"><failure message="Expected linebreaks to be &apos;LF&apos; but found &apos;CRLF&apos;."><![CDATA[line 4, col 54, Error - Expected linebreaks to be &apos;LF&apos; but found &apos;CRLF&apos;. (linebreak-style)]]></failure></testcase>
<testcase time="0" name="org.eslint.semi" classname="C:\work\dyrectorio\web\crux-ui\src\pages\api\teams"><failure message="Missing semicolon."><![CDATA[line 4, col 54, Error - Missing semicolon. (semi)]]></failure></testcase>
<testcase time="0" name="org.eslint.linebreak-style" classname="C:\work\dyrectorio\web\crux-ui\src\pages\api\teams"><failure message="Expected linebreaks to be &apos;LF&apos; but found &apos;CRLF&apos;."><![CDATA[line 5, col 72, Error - Expected linebreaks to be &apos;LF&apos; but found &apos;CRLF&apos;. (linebreak-style)]]></failure></testcase>
<testcase time="0" name="org.eslint.semi" classname="C:\work\dyrectorio\web\crux-ui\src\pages\api\teams"><failure message="Missing semicolon."><![CDATA[line 5, col 72, Error - Missing semicolon. (semi)]]></failure></testcase>
<testcase time="0" name="org.eslint.linebreak-style" classname="C:\work\dyrectorio\web\crux-ui\src\pages\api\teams"><failure message="Expected linebreaks to be &apos;LF&apos; but found &apos;CRLF&apos;."><![CDATA[line 6, col 55, Error - Expected linebreaks to be &apos;LF&apos; but found &apos;CRLF&apos;. (linebreak-style)]]></failure></testcase>
<testcase time="0" name="org.eslint.semi" classname="C:\work\dyrectorio\web\crux-ui\src\pages\api\teams"><failure message="Missing semicolon."><![CDATA[line 6, col 55, Error - Missing semicolon. (semi)]]></failure></testcase>
<testcase time="0" name="org.eslint.linebreak-style" classname="C:\work\dyrectorio\web\crux-ui\src\pages\api\teams"><failure message="Expected linebreaks to be &apos;LF&apos; but found &apos;CRLF&apos;."><![CDATA[line 7, col 1, Error - Expected linebreaks to be &apos;LF&apos; but found &apos;CRLF&apos;. (linebreak-style)]]></failure></testcase>
<testcase time="0" name="org.eslint.linebreak-style" classname="C:\work\dyrectorio\web\crux-ui\src\pages\api\teams"><failure message="Expected linebreaks to be &apos;LF&apos; but found &apos;CRLF&apos;."><![CDATA[line 8, col 70, Error - Expected linebreaks to be &apos;LF&apos; but found &apos;CRLF&apos;. (linebreak-style)]]></failure></testcase>
<testcase time="0" name="org.eslint.linebreak-style" classname="C:\work\dyrectorio\web\crux-ui\src\pages\api\teams"><failure message="Expected linebreaks to be &apos;LF&apos; but found &apos;CRLF&apos;."><![CDATA[line 9, col 37, Error - Expected linebreaks to be &apos;LF&apos; but found &apos;CRLF&apos;. (linebreak-style)]]></failure></testcase>
<testcase time="0" name="org.eslint.semi" classname="C:\work\dyrectorio\web\crux-ui\src\pages\api\teams"><failure message="Missing semicolon."><![CDATA[line 9, col 37, Error - Missing semicolon. (semi)]]></failure></testcase>
<testcase time="0" name="org.eslint.linebreak-style" classname="C:\work\dyrectorio\web\crux-ui\src\pages\api\teams"><failure message="Expected linebreaks to be &apos;LF&apos; but found &apos;CRLF&apos;."><![CDATA[line 10, col 1, Error - Expected linebreaks to be &apos;LF&apos; but found &apos;CRLF&apos;. (linebreak-style)]]></failure></testcase>
<testcase time="0" name="org.eslint.linebreak-style" classname="C:\work\dyrectorio\web\crux-ui\src\pages\api\teams"><failure message="Expected linebreaks to be &apos;LF&apos; but found &apos;CRLF&apos;."><![CDATA[line 11, col 53, Error - Expected linebreaks to be &apos;LF&apos; but found &apos;CRLF&apos;. (linebreak-style)]]></failure></testcase>
<testcase time="0" name="org.eslint.semi" classname="C:\work\dyrectorio\web\crux-ui\src\pages\api\teams"><failure message="Missing semicolon."><![CDATA[line 11, col 53, Error - Missing semicolon. (semi)]]></failure></testcase>
<testcase time="0" name="org.eslint.linebreak-style" classname="C:\work\dyrectorio\web\crux-ui\src\pages\api\teams"><failure message="Expected linebreaks to be &apos;LF&apos; but found &apos;CRLF&apos;."><![CDATA[line 12, col 1, Error - Expected linebreaks to be &apos;LF&apos; but found &apos;CRLF&apos;. (linebreak-style)]]></failure></testcase>
<testcase time="0" name="org.eslint.linebreak-style" classname="C:\work\dyrectorio\web\crux-ui\src\pages\api\teams"><failure message="Expected linebreaks to be &apos;LF&apos; but found &apos;CRLF&apos;."><![CDATA[line 13, col 29, Error - Expected linebreaks to be &apos;LF&apos; but found &apos;CRLF&apos;. (linebreak-style)]]></failure></testcase>
<testcase time="0" name="org.eslint.semi" classname="C:\work\dyrectorio\web\crux-ui\src\pages\api\teams"><failure message="Missing semicolon."><![CDATA[line 13, col 29, Error - Missing semicolon. (semi)]]></failure></testcase>
<testcase time="0" name="org.eslint.linebreak-style" classname="C:\work\dyrectorio\web\crux-ui\src\pages\api\teams"><failure message="Expected linebreaks to be &apos;LF&apos; but found &apos;CRLF&apos;."><![CDATA[line 14, col 2, Error - Expected linebreaks to be &apos;LF&apos; but found &apos;CRLF&apos;. (linebreak-style)]]></failure></testcase>
<testcase time="0" name="org.eslint.semi" classname="C:\work\dyrectorio\web\crux-ui\src\pages\api\teams"><failure message="Missing semicolon."><![CDATA[line 14, col 2, Error - Missing semicolon. (semi)]]></failure></testcase>
<testcase time="0" name="org.eslint.linebreak-style" classname="C:\work\dyrectorio\web\crux-ui\src\pages\api\teams"><failure message="Expected linebreaks to be &apos;LF&apos; but found &apos;CRLF&apos;."><![CDATA[line 15, col 1, Error - Expected linebreaks to be &apos;LF&apos; but found &apos;CRLF&apos;. (linebreak-style)]]></failure></testcase>
<testcase time="0" name="org.eslint.linebreak-style" classname="C:\work\dyrectorio\web\crux-ui\src\pages\api\teams"><failure message="Expected linebreaks to be &apos;LF&apos; but found &apos;CRLF&apos;."><![CDATA[line 16, col 33, Error - Expected linebreaks to be &apos;LF&apos; but found &apos;CRLF&apos;. (linebreak-style)]]></failure></testcase>
<testcase time="0" name="org.eslint.linebreak-style" classname="C:\work\dyrectorio\web\crux-ui\src\pages\api\teams"><failure message="Expected linebreaks to be &apos;LF&apos; but found &apos;CRLF&apos;."><![CDATA[line 17, col 12, Error - Expected linebreaks to be &apos;LF&apos; but found &apos;CRLF&apos;. (linebreak-style)]]></failure></testcase>
<testcase time="0" name="org.eslint.linebreak-style" classname="C:\work\dyrectorio\web\crux-ui\src\pages\api\teams"><failure message="Expected linebreaks to be &apos;LF&apos; but found &apos;CRLF&apos;."><![CDATA[line 18, col 62, Error - Expected linebreaks to be &apos;LF&apos; but found &apos;CRLF&apos;. (linebreak-style)]]></failure></testcase>
<testcase time="0" name="org.eslint.linebreak-style" classname="C:\work\dyrectorio\web\crux-ui\src\pages\api\teams"><failure message="Expected linebreaks to be &apos;LF&apos; but found &apos;CRLF&apos;."><![CDATA[line 19, col 22, Error - Expected linebreaks to be &apos;LF&apos; but found &apos;CRLF&apos;. (linebreak-style)]]></failure></testcase>
<testcase time="0" name="org.eslint.linebreak-style" classname="C:\work\dyrectorio\web\crux-ui\src\pages\api\teams"><failure message="Expected linebreaks to be &apos;LF&apos; but found &apos;CRLF&apos;."><![CDATA[line 20, col 5, Error - Expected linebreaks to be &apos;LF&apos; but found &apos;CRLF&apos;. (linebreak-style)]]></failure></testcase>
<testcase time="0" name="org.eslint.linebreak-style" classname="C:\work\dyrectorio\web\crux-ui\src\pages\api\teams"><failure message="Expected linebreaks to be &apos;LF&apos; but found &apos;CRLF&apos;."><![CDATA[line 21, col 3, Error - Expected linebreaks to be &apos;LF&apos; but found &apos;CRLF&apos;. (linebreak-style)]]></failure></testcase>
<testcase time="0" name="org.eslint.semi" classname="C:\work\dyrectorio\web\crux-ui\src\pages\api\teams"><failure message="Missing semicolon."><![CDATA[line 21, col 3, Error - Missing semicolon. (semi)]]></failure></testcase>
</testsuite>
<testsuite package="org.eslint" time="0" tests="60" errors="60" name="C:\work\dyrectorio\web\crux-ui\src\pages\api\teams\[teamId].ts">
<testcase time="0" name="org.eslint.linebreak-style" classname="C:\work\dyrectorio\web\crux-ui\src\pages\api\teams\[teamId]"><failure message="Expected linebreaks to be &apos;LF&apos; but found &apos;CRLF&apos;."><![CDATA[line 1, col 41, Error - Expected linebreaks to be &apos;LF&apos; but found &apos;CRLF&apos;. (linebreak-style)]]></failure></testcase>
<testcase time="0" name="org.eslint.semi" classname="C:\work\dyrectorio\web\crux-ui\src\pages\api\teams\[teamId]"><failure message="Missing semicolon."><![CDATA[line 1, col 41, Error - Missing semicolon. (semi)]]></failure></testcase>
<testcase time="0" name="org.eslint.linebreak-style" classname="C:\work\dyrectorio\web\crux-ui\src\pages\api\teams\[teamId]"><failure message="Expected linebreaks to be &apos;LF&apos; but found &apos;CRLF&apos;."><![CDATA[line 2, col 51, Error - Expected linebreaks to be &apos;LF&apos; but found &apos;CRLF&apos;. (linebreak-style)]]></failure></testcase>
<testcase time="0" name="org.eslint.semi" classname="C:\work\dyrectorio\web\crux-ui\src\pages\api\teams\[teamId]"><failure message="Missing semicolon."><![CDATA[line 2, col 51, Error - Missing semicolon. (semi)]]></failure></testcase>
<testcase time="0" name="org.eslint.linebreak-style" classname="C:\work\dyrectorio\web\crux-ui\src\pages\api\teams\[teamId]"><failure message="Expected linebreaks to be &apos;LF&apos; but found &apos;CRLF&apos;."><![CDATA[line 3, col 37, Error - Expected linebreaks to be &apos;LF&apos; but found &apos;CRLF&apos;. (linebreak-style)]]></failure></testcase>
<testcase time="0" name="org.eslint.semi" classname="C:\work\dyrectorio\web\crux-ui\src\pages\api\teams\[teamId]"><failure message="Missing semicolon."><![CDATA[line 3, col 37, Error - Missing semicolon. (semi)]]></failure></testcase>
<testcase time="0" name="org.eslint.linebreak-style" classname="C:\work\dyrectorio\web\crux-ui\src\pages\api\teams\[teamId]"><failure message="Expected linebreaks to be &apos;LF&apos; but found &apos;CRLF&apos;."><![CDATA[line 4, col 54, Error - Expected linebreaks to be &apos;LF&apos; but found &apos;CRLF&apos;. (linebreak-style)]]></failure></testcase>
<testcase time="0" name="org.eslint.semi" classname="C:\work\dyrectorio\web\crux-ui\src\pages\api\teams\[teamId]"><failure message="Missing semicolon."><![CDATA[line 4, col 54, Error - Missing semicolon. (semi)]]></failure></testcase>
<testcase time="0" name="org.eslint.linebreak-style" classname="C:\work\dyrectorio\web\crux-ui\src\pages\api\teams\[teamId]"><failure message="Expected linebreaks to be &apos;LF&apos; but found &apos;CRLF&apos;."><![CDATA[line 5, col 72, Error - Expected linebreaks to be &apos;LF&apos; but found &apos;CRLF&apos;. (linebreak-style)]]></failure></testcase>
<testcase time="0" name="org.eslint.semi" classname="C:\work\dyrectorio\web\crux-ui\src\pages\api\teams\[teamId]"><failure message="Missing semicolon."><![CDATA[line 5, col 72, Error - Missing semicolon. (semi)]]></failure></testcase>
<testcase time="0" name="org.eslint.linebreak-style" classname="C:\work\dyrectorio\web\crux-ui\src\pages\api\teams\[teamId]"><failure message="Expected linebreaks to be &apos;LF&apos; but found &apos;CRLF&apos;."><![CDATA[line 6, col 55, Error - Expected linebreaks to be &apos;LF&apos; but found &apos;CRLF&apos;. (linebreak-style)]]></failure></testcase>
<testcase time="0" name="org.eslint.semi" classname="C:\work\dyrectorio\web\crux-ui\src\pages\api\teams\[teamId]"><failure message="Missing semicolon."><![CDATA[line 6, col 55, Error - Missing semicolon. (semi)]]></failure></testcase>
<testcase time="0" name="org.eslint.linebreak-style" classname="C:\work\dyrectorio\web\crux-ui\src\pages\api\teams\[teamId]"><failure message="Expected linebreaks to be &apos;LF&apos; but found &apos;CRLF&apos;."><![CDATA[line 7, col 1, Error - Expected linebreaks to be &apos;LF&apos; but found &apos;CRLF&apos;. (linebreak-style)]]></failure></testcase>
<testcase time="0" name="org.eslint.linebreak-style" classname="C:\work\dyrectorio\web\crux-ui\src\pages\api\teams\[teamId]"><failure message="Expected linebreaks to be &apos;LF&apos; but found &apos;CRLF&apos;."><![CDATA[line 8, col 69, Error - Expected linebreaks to be &apos;LF&apos; but found &apos;CRLF&apos;. (linebreak-style)]]></failure></testcase>
<testcase time="0" name="org.eslint.linebreak-style" classname="C:\work\dyrectorio\web\crux-ui\src\pages\api\teams\[teamId]"><failure message="Expected linebreaks to be &apos;LF&apos; but found &apos;CRLF&apos;."><![CDATA[line 9, col 44, Error - Expected linebreaks to be &apos;LF&apos; but found &apos;CRLF&apos;. (linebreak-style)]]></failure></testcase>
<testcase time="0" name="org.eslint.semi" classname="C:\work\dyrectorio\web\crux-ui\src\pages\api\teams\[teamId]"><failure message="Missing semicolon."><![CDATA[line 9, col 44, Error - Missing semicolon. (semi)]]></failure></testcase>
<testcase time="0" name="org.eslint.linebreak-style" classname="C:\work\dyrectorio\web\crux-ui\src\pages\api\teams\[teamId]"><failure message="Expected linebreaks to be &apos;LF&apos; but found &apos;CRLF&apos;."><![CDATA[line 10, col 1, Error - Expected linebreaks to be &apos;LF&apos; but found &apos;CRLF&apos;. (linebreak-style)]]></failure></testcase>
<testcase time="0" name="org.eslint.linebreak-style" classname="C:\work\dyrectorio\web\crux-ui\src\pages\api\teams\[teamId]"><failure message="Expected linebreaks to be &apos;LF&apos; but found &apos;CRLF&apos;."><![CDATA[line 11, col 57, Error - Expected linebreaks to be &apos;LF&apos; but found &apos;CRLF&apos;. (linebreak-style)]]></failure></testcase>
<testcase time="0" name="org.eslint.semi" classname="C:\work\dyrectorio\web\crux-ui\src\pages\api\teams\[teamId]"><failure message="Missing semicolon."><![CDATA[line 11, col 57, Error - Missing semicolon. (semi)]]></failure></testcase>
<testcase time="0" name="org.eslint.linebreak-style" classname="C:\work\dyrectorio\web\crux-ui\src\pages\api\teams\[teamId]"><failure message="Expected linebreaks to be &apos;LF&apos; but found &apos;CRLF&apos;."><![CDATA[line 12, col 1, Error - Expected linebreaks to be &apos;LF&apos; but found &apos;CRLF&apos;. (linebreak-style)]]></failure></testcase>
<testcase time="0" name="org.eslint.linebreak-style" classname="C:\work\dyrectorio\web\crux-ui\src\pages\api\teams\[teamId]"><failure message="Expected linebreaks to be &apos;LF&apos; but found &apos;CRLF&apos;."><![CDATA[line 13, col 29, Error - Expected linebreaks to be &apos;LF&apos; but found &apos;CRLF&apos;. (linebreak-style)]]></failure></testcase>
<testcase time="0" name="org.eslint.semi" classname="C:\work\dyrectorio\web\crux-ui\src\pages\api\teams\[teamId]"><failure message="Missing semicolon."><![CDATA[line 13, col 29, Error - Missing semicolon. (semi)]]></failure></testcase>
<testcase time="0" name="org.eslint.linebreak-style" classname="C:\work\dyrectorio\web\crux-ui\src\pages\api\teams\[teamId]"><failure message="Expected linebreaks to be &apos;LF&apos; but found &apos;CRLF&apos;."><![CDATA[line 14, col 2, Error - Expected linebreaks to be &apos;LF&apos; but found &apos;CRLF&apos;. (linebreak-style)]]></failure></testcase>
<testcase time="0" name="org.eslint.semi" classname="C:\work\dyrectorio\web\crux-ui\src\pages\api\teams\[teamId]"><failure message="Missing semicolon."><![CDATA[line 14, col 2, Error - Missing semicolon. (semi)]]></failure></testcase>
<testcase time="0" name="org.eslint.linebreak-style" classname="C:\work\dyrectorio\web\crux-ui\src\pages\api\teams\[teamId]"><failure message="Expected linebreaks to be &apos;LF&apos; but found &apos;CRLF&apos;."><![CDATA[line 15, col 1, Error - Expected linebreaks to be &apos;LF&apos; but found &apos;CRLF&apos;. (linebreak-style)]]></failure></testcase>
<testcase time="0" name="org.eslint.linebreak-style" classname="C:\work\dyrectorio\web\crux-ui\src\pages\api\teams\[teamId]"><failure message="Expected linebreaks to be &apos;LF&apos; but found &apos;CRLF&apos;."><![CDATA[line 16, col 69, Error - Expected linebreaks to be &apos;LF&apos; but found &apos;CRLF&apos;. (linebreak-style)]]></failure></testcase>
<testcase time="0" name="org.eslint.linebreak-style" classname="C:\work\dyrectorio\web\crux-ui\src\pages\api\teams\[teamId]"><failure message="Expected linebreaks to be &apos;LF&apos; but found &apos;CRLF&apos;."><![CDATA[line 17, col 44, Error - Expected linebreaks to be &apos;LF&apos; but found &apos;CRLF&apos;. (linebreak-style)]]></failure></testcase>
<testcase time="0" name="org.eslint.semi" classname="C:\work\dyrectorio\web\crux-ui\src\pages\api\teams\[teamId]"><failure message="Missing semicolon."><![CDATA[line 17, col 44, Error - Missing semicolon. (semi)]]></failure></testcase>
<testcase time="0" name="org.eslint.linebreak-style" classname="C:\work\dyrectorio\web\crux-ui\src\pages\api\teams\[teamId]"><failure message="Expected linebreaks to be &apos;LF&apos; but found &apos;CRLF&apos;."><![CDATA[line 18, col 37, Error - Expected linebreaks to be &apos;LF&apos; but found &apos;CRLF&apos;. (linebreak-style)]]></failure></testcase>
<testcase time="0" name="org.eslint.semi" classname="C:\work\dyrectorio\web\crux-ui\src\pages\api\teams\[teamId]"><failure message="Missing semicolon."><![CDATA[line 18, col 37, Error - Missing semicolon. (semi)]]></failure></testcase>
<testcase time="0" name="org.eslint.linebreak-style" classname="C:\work\dyrectorio\web\crux-ui\src\pages\api\teams\[teamId]"><failure message="Expected linebreaks to be &apos;LF&apos; but found &apos;CRLF&apos;."><![CDATA[line 19, col 1, Error - Expected linebreaks to be &apos;LF&apos; but found &apos;CRLF&apos;. (linebreak-style)]]></failure></testcase>
<testcase time="0" name="org.eslint.linebreak-style" classname="C:\work\dyrectorio\web\crux-ui\src\pages\api\teams\[teamId]"><failure message="Expected linebreaks to be &apos;LF&apos; but found &apos;CRLF&apos;."><![CDATA[line 20, col 48, Error - Expected linebreaks to be &apos;LF&apos; but found &apos;CRLF&apos;. (linebreak-style)]]></failure></testcase>
<testcase time="0" name="org.eslint.semi" classname="C:\work\dyrectorio\web\crux-ui\src\pages\api\teams\[teamId]"><failure message="Missing semicolon."><![CDATA[line 20, col 48, Error - Missing semicolon. (semi)]]></failure></testcase>
<testcase time="0" name="org.eslint.linebreak-style" classname="C:\work\dyrectorio\web\crux-ui\src\pages\api\teams\[teamId]"><failure message="Expected linebreaks to be &apos;LF&apos; but found &apos;CRLF&apos;."><![CDATA[line 21, col 1, Error - Expected linebreaks to be &apos;LF&apos; but found &apos;CRLF&apos;. (linebreak-style)]]></failure></testcase>
<testcase time="0" name="org.eslint.linebreak-style" classname="C:\work\dyrectorio\web\crux-ui\src\pages\api\teams\[teamId]"><failure message="Expected linebreaks to be &apos;LF&apos; but found &apos;CRLF&apos;."><![CDATA[line 22, col 24, Error - Expected linebreaks to be &apos;LF&apos; but found &apos;CRLF&apos;. (linebreak-style)]]></failure></testcase>
<testcase time="0" name="org.eslint.semi" classname="C:\work\dyrectorio\web\crux-ui\src\pages\api\teams\[teamId]"><failure message="Missing semicolon."><![CDATA[line 22, col 24, Error - Missing semicolon. (semi)]]></failure></testcase>
<testcase time="0" name="org.eslint.linebreak-style" classname="C:\work\dyrectorio\web\crux-ui\src\pages\api\teams\[teamId]"><failure message="Expected linebreaks to be &apos;LF&apos; but found &apos;CRLF&apos;."><![CDATA[line 23, col 2, Error - Expected linebreaks to be &apos;LF&apos; but found &apos;CRLF&apos;. (linebreak-style)]]></failure></testcase>
<testcase time="0" name="org.eslint.semi" classname="C:\work\dyrectorio\web\crux-ui\src\pages\api\teams\[teamId]"><failure message="Missing semicolon."><![CDATA[line 23, col 2, Error - Missing semicolon. (semi)]]></failure></testcase>
<testcase time="0" name="org.eslint.linebreak-style" classname="C:\work\dyrectorio\web\crux-ui\src\pages\api\teams\[teamId]"><failure message="Expected linebreaks to be &apos;LF&apos; but found &apos;CRLF&apos;."><![CDATA[line 24, col 1, Error - Expected linebreaks to be &apos;LF&apos; but found &apos;CRLF&apos;. (linebreak-style)]]></failure></testcase>
<testcase time="0" name="org.eslint.linebreak-style" classname="C:\work\dyrectorio\web\crux-ui\src\pages\api\teams\[teamId]"><failure message="Expected linebreaks to be &apos;LF&apos; but found &apos;CRLF&apos;."><![CDATA[line 25, col 72, Error - Expected linebreaks to be &apos;LF&apos; but found &apos;CRLF&apos;. (linebreak-style)]]></failure></testcase>
<testcase time="0" name="org.eslint.linebreak-style" classname="C:\work\dyrectorio\web\crux-ui\src\pages\api\teams\[teamId]"><failure message="Expected linebreaks to be &apos;LF&apos; but found &apos;CRLF&apos;."><![CDATA[line 26, col 44, Error - Expected linebreaks to be &apos;LF&apos; but found &apos;CRLF&apos;. (linebreak-style)]]></failure></testcase>
<testcase time="0" name="org.eslint.semi" classname="C:\work\dyrectorio\web\crux-ui\src\pages\api\teams\[teamId]"><failure message="Missing semicolon."><![CDATA[line 26, col 44, Error - Missing semicolon. (semi)]]></failure></testcase>
<testcase time="0" name="org.eslint.linebreak-style" classname="C:\work\dyrectorio\web\crux-ui\src\pages\api\teams\[teamId]"><failure message="Expected linebreaks to be &apos;LF&apos; but found &apos;CRLF&apos;."><![CDATA[line 27, col 1, Error - Expected linebreaks to be &apos;LF&apos; but found &apos;CRLF&apos;. (linebreak-style)]]></failure></testcase>
<testcase time="0" name="org.eslint.linebreak-style" classname="C:\work\dyrectorio\web\crux-ui\src\pages\api\teams\[teamId]"><failure message="Expected linebreaks to be &apos;LF&apos; but found &apos;CRLF&apos;."><![CDATA[line 28, col 43, Error - Expected linebreaks to be &apos;LF&apos; but found &apos;CRLF&apos;. (linebreak-style)]]></failure></testcase>
<testcase time="0" name="org.eslint.semi" classname="C:\work\dyrectorio\web\crux-ui\src\pages\api\teams\[teamId]"><failure message="Missing semicolon."><![CDATA[line 28, col 43, Error - Missing semicolon. (semi)]]></failure></testcase>
<testcase time="0" name="org.eslint.linebreak-style" classname="C:\work\dyrectorio\web\crux-ui\src\pages\api\teams\[teamId]"><failure message="Expected linebreaks to be &apos;LF&apos; but found &apos;CRLF&apos;."><![CDATA[line 29, col 1, Error - Expected linebreaks to be &apos;LF&apos; but found &apos;CRLF&apos;. (linebreak-style)]]></failure></testcase>
<testcase time="0" name="org.eslint.linebreak-style" classname="C:\work\dyrectorio\web\crux-ui\src\pages\api\teams\[teamId]"><failure message="Expected linebreaks to be &apos;LF&apos; but found &apos;CRLF&apos;."><![CDATA[line 30, col 24, Error - Expected linebreaks to be &apos;LF&apos; but found &apos;CRLF&apos;. (linebreak-style)]]></failure></testcase>
<testcase time="0" name="org.eslint.semi" classname="C:\work\dyrectorio\web\crux-ui\src\pages\api\teams\[teamId]"><failure message="Missing semicolon."><![CDATA[line 30, col 24, Error - Missing semicolon. (semi)]]></failure></testcase>
<testcase time="0" name="org.eslint.linebreak-style" classname="C:\work\dyrectorio\web\crux-ui\src\pages\api\teams\[teamId]"><failure message="Expected linebreaks to be &apos;LF&apos; but found &apos;CRLF&apos;."><![CDATA[line 31, col 2, Error - Expected linebreaks to be &apos;LF&apos; but found &apos;CRLF&apos;. (linebreak-style)]]></failure></testcase>
<testcase time="0" name="org.eslint.semi" classname="C:\work\dyrectorio\web\crux-ui\src\pages\api\teams\[teamId]"><failure message="Missing semicolon."><![CDATA[line 31, col 2, Error - Missing semicolon. (semi)]]></failure></testcase>
<testcase time="0" name="org.eslint.linebreak-style" classname="C:\work\dyrectorio\web\crux-ui\src\pages\api\teams\[teamId]"><failure message="Expected linebreaks to be &apos;LF&apos; but found &apos;CRLF&apos;."><![CDATA[line 32, col 1, Error - Expected linebreaks to be &apos;LF&apos; but found &apos;CRLF&apos;. (linebreak-style)]]></failure></testcase>
<testcase time="0" name="org.eslint.linebreak-style" classname="C:\work\dyrectorio\web\crux-ui\src\pages\api\teams\[teamId]"><failure message="Expected linebreaks to be &apos;LF&apos; but found &apos;CRLF&apos;."><![CDATA[line 33, col 33, Error - Expected linebreaks to be &apos;LF&apos; but found &apos;CRLF&apos;. (linebreak-style)]]></failure></testcase>
<testcase time="0" name="org.eslint.linebreak-style" classname="C:\work\dyrectorio\web\crux-ui\src\pages\api\teams\[teamId]"><failure message="Expected linebreaks to be &apos;LF&apos; but found &apos;CRLF&apos;."><![CDATA[line 34, col 9, Error - Expected linebreaks to be &apos;LF&apos; but found &apos;CRLF&apos;. (linebreak-style)]]></failure></testcase>
<testcase time="0" name="org.eslint.linebreak-style" classname="C:\work\dyrectorio\web\crux-ui\src\pages\api\teams\[teamId]"><failure message="Expected linebreaks to be &apos;LF&apos; but found &apos;CRLF&apos;."><![CDATA[line 35, col 11, Error - Expected linebreaks to be &apos;LF&apos; but found &apos;CRLF&apos;. (linebreak-style)]]></failure></testcase>
<testcase time="0" name="org.eslint.linebreak-style" classname="C:\work\dyrectorio\web\crux-ui\src\pages\api\teams\[teamId]"><failure message="Expected linebreaks to be &apos;LF&apos; but found &apos;CRLF&apos;."><![CDATA[line 36, col 62, Error - Expected linebreaks to be &apos;LF&apos; but found &apos;CRLF&apos;. (linebreak-style)]]></failure></testcase>
<testcase time="0" name="org.eslint.linebreak-style" classname="C:\work\dyrectorio\web\crux-ui\src\pages\api\teams\[teamId]"><failure message="Expected linebreaks to be &apos;LF&apos; but found &apos;CRLF&apos;."><![CDATA[line 37, col 21, Error - Expected linebreaks to be &apos;LF&apos; but found &apos;CRLF&apos;. (linebreak-style)]]></failure></testcase>
<testcase time="0" name="org.eslint.linebreak-style" classname="C:\work\dyrectorio\web\crux-ui\src\pages\api\teams\[teamId]"><failure message="Expected linebreaks to be &apos;LF&apos; but found &apos;CRLF&apos;."><![CDATA[line 38, col 5, Error - Expected linebreaks to be &apos;LF&apos; but found &apos;CRLF&apos;. (linebreak-style)]]></failure></testcase>
<testcase time="0" name="org.eslint.linebreak-style" classname="C:\work\dyrectorio\web\crux-ui\src\pages\api\teams\[teamId]"><failure message="Expected linebreaks to be &apos;LF&apos; but found &apos;CRLF&apos;."><![CDATA[line 39, col 12, Error - Expected linebreaks to be &apos;LF&apos; but found &apos;CRLF&apos;. (linebreak-style)]]></failure></testcase>
<testcase time="0" name="org.eslint.linebreak-style" classname="C:\work\dyrectorio\web\crux-ui\src\pages\api\teams\[teamId]"><failure message="Expected linebreaks to be &apos;LF&apos; but found &apos;CRLF&apos;."><![CDATA[line 40, col 3, Error - Expected linebreaks to be &apos;LF&apos; but found &apos;CRLF&apos;. (linebreak-style)]]></failure></testcase>
<testcase time="0" name="org.eslint.semi" classname="C:\work\dyrectorio\web\crux-ui\src\pages\api\teams\[teamId]"><failure message="Missing semicolon."><![CDATA[line 40, col 3, Error - Missing semicolon. (semi)]]></failure></testcase>
</testsuite>
<testsuite package="org.eslint" time="0" tests="22" errors="22" name="C:\work\dyrectorio\web\crux-ui\src\pages\api\teams\[teamId]\accept.ts">
<testcase time="0" name="org.eslint.linebreak-style" classname="C:\work\dyrectorio\web\crux-ui\src\pages\api\teams\[teamId]\accept"><failure message="Expected linebreaks to be &apos;LF&apos; but found &apos;CRLF&apos;."><![CDATA[line 1, col 37, Error - Expected linebreaks to be &apos;LF&apos; but found &apos;CRLF&apos;. (linebreak-style)]]></failure></testcase>
<testcase time="0" name="org.eslint.semi" classname="C:\work\dyrectorio\web\crux-ui\src\pages\api\teams\[teamId]\accept"><failure message="Missing semicolon."><![CDATA[line 1, col 37, Error - Missing semicolon. (semi)]]></failure></testcase>
<testcase time="0" name="org.eslint.linebreak-style" classname="C:\work\dyrectorio\web\crux-ui\src\pages\api\teams\[teamId]\accept"><failure message="Expected linebreaks to be &apos;LF&apos; but found &apos;CRLF&apos;."><![CDATA[line 2, col 54, Error - Expected linebreaks to be &apos;LF&apos; but found &apos;CRLF&apos;. (linebreak-style)]]></failure></testcase>
<testcase time="0" name="org.eslint.semi" classname="C:\work\dyrectorio\web\crux-ui\src\pages\api\teams\[teamId]\accept"><failure message="Missing semicolon."><![CDATA[line 2, col 54, Error - Missing semicolon. (semi)]]></failure></testcase>
<testcase time="0" name="org.eslint.linebreak-style" classname="C:\work\dyrectorio\web\crux-ui\src\pages\api\teams\[teamId]\accept"><failure message="Expected linebreaks to be &apos;LF&apos; but found &apos;CRLF&apos;."><![CDATA[line 3, col 55, Error - Expected linebreaks to be &apos;LF&apos; but found &apos;CRLF&apos;. (linebreak-style)]]></failure></testcase>
<testcase time="0" name="org.eslint.semi" classname="C:\work\dyrectorio\web\crux-ui\src\pages\api\teams\[teamId]\accept"><failure message="Missing semicolon."><![CDATA[line 3, col 55, Error - Missing semicolon. (semi)]]></failure></testcase>
<testcase time="0" name="org.eslint.linebreak-style" classname="C:\work\dyrectorio\web\crux-ui\src\pages\api\teams\[teamId]\accept"><failure message="Expected linebreaks to be &apos;LF&apos; but found &apos;CRLF&apos;."><![CDATA[line 4, col 1, Error - Expected linebreaks to be &apos;LF&apos; but found &apos;CRLF&apos;. (linebreak-style)]]></failure></testcase>
<testcase time="0" name="org.eslint.linebreak-style" classname="C:\work\dyrectorio\web\crux-ui\src\pages\api\teams\[teamId]\accept"><failure message="Expected linebreaks to be &apos;LF&apos; but found &apos;CRLF&apos;."><![CDATA[line 5, col 70, Error - Expected linebreaks to be &apos;LF&apos; but found &apos;CRLF&apos;. (linebreak-style)]]></failure></testcase>
<testcase time="0" name="org.eslint.linebreak-style" classname="C:\work\dyrectorio\web\crux-ui\src\pages\api\teams\[teamId]\accept"><failure message="Expected linebreaks to be &apos;LF&apos; but found &apos;CRLF&apos;."><![CDATA[line 6, col 44, Error - Expected linebreaks to be &apos;LF&apos; but found &apos;CRLF&apos;. (linebreak-style)]]></failure></testcase>
<testcase time="0" name="org.eslint.semi" classname="C:\work\dyrectorio\web\crux-ui\src\pages\api\teams\[teamId]\accept"><failure message="Missing semicolon."><![CDATA[line 6, col 44, Error - Missing semicolon. (semi)]]></failure></testcase>
<testcase time="0" name="org.eslint.linebreak-style" classname="C:\work\dyrectorio\web\crux-ui\src\pages\api\teams\[teamId]\accept"><failure message="Expected linebreaks to be &apos;LF&apos; but found &apos;CRLF&apos;."><![CDATA[line 7, col 49, Error - Expected linebreaks to be &apos;LF&apos; but found &apos;CRLF&apos;. (linebreak-style)]]></failure></testcase>
<testcase time="0" name="org.eslint.semi" classname="C:\work\dyrectorio\web\crux-ui\src\pages\api\teams\[teamId]\accept"><failure message="Missing semicolon."><![CDATA[line 7, col 49, Error - Missing semicolon. (semi)]]></failure></testcase>
<testcase time="0" name="org.eslint.linebreak-style" classname="C:\work\dyrectorio\web\crux-ui\src\pages\api\teams\[teamId]\accept"><failure message="Expected linebreaks to be &apos;LF&apos; but found &apos;CRLF&apos;."><![CDATA[line 8, col 1, Error - Expected linebreaks to be &apos;LF&apos; but found &apos;CRLF&apos;. (linebreak-style)]]></failure></testcase>
<testcase time="0" name="org.eslint.linebreak-style" classname="C:\work\dyrectorio\web\crux-ui\src\pages\api\teams\[teamId]\accept"><failure message="Expected linebreaks to be &apos;LF&apos; but found &apos;CRLF&apos;."><![CDATA[line 9, col 24, Error - Expected linebreaks to be &apos;LF&apos; but found &apos;CRLF&apos;. (linebreak-style)]]></failure></testcase>
<testcase time="0" name="org.eslint.semi" classname="C:\work\dyrectorio\web\crux-ui\src\pages\api\teams\[teamId]\accept"><failure message="Missing semicolon."><![CDATA[line 9, col 24, Error - Missing semicolon. (semi)]]></failure></testcase>
<testcase time="0" name="org.eslint.linebreak-style" classname="C:\work\dyrectorio\web\crux-ui\src\pages\api\teams\[teamId]\accept"><failure message="Expected linebreaks to be &apos;LF&apos; but found &apos;CRLF&apos;."><![CDATA[line 10, col 2, Error - Expected linebreaks to be &apos;LF&apos; but found &apos;CRLF&apos;. (linebreak-style)]]></failure></testcase>
<testcase time="0" name="org.eslint.semi" classname="C:\work\dyrectorio\web\crux-ui\src\pages\api\teams\[teamId]\accept"><failure message="Missing semicolon."><![CDATA[line 10, col 2, Error - Missing semicolon. (semi)]]></failure></testcase>
<testcase time="0" name="org.eslint.linebreak-style" classname="C:\work\dyrectorio\web\crux-ui\src\pages\api\teams\[teamId]\accept"><failure message="Expected linebreaks to be &apos;LF&apos; but found &apos;CRLF&apos;."><![CDATA[line 11, col 1, Error - Expected linebreaks to be &apos;LF&apos; but found &apos;CRLF&apos;. (linebreak-style)]]></failure></testcase>
<testcase time="0" name="org.eslint.linebreak-style" classname="C:\work\dyrectorio\web\crux-ui\src\pages\api\teams\[teamId]\accept"><failure message="Expected linebreaks to be &apos;LF&apos; but found &apos;CRLF&apos;."><![CDATA[line 12, col 33, Error - Expected linebreaks to be &apos;LF&apos; but found &apos;CRLF&apos;. (linebreak-style)]]></failure></testcase>
<testcase time="0" name="org.eslint.linebreak-style" classname="C:\work\dyrectorio\web\crux-ui\src\pages\api\teams\[teamId]\accept"><failure message="Expected linebreaks to be &apos;LF&apos; but found &apos;CRLF&apos;."><![CDATA[line 13, col 10, Error - Expected linebreaks to be &apos;LF&apos; but found &apos;CRLF&apos;. (linebreak-style)]]></failure></testcase>
<testcase time="0" name="org.eslint.linebreak-style" classname="C:\work\dyrectorio\web\crux-ui\src\pages\api\teams\[teamId]\accept"><failure message="Expected linebreaks to be &apos;LF&apos; but found &apos;CRLF&apos;."><![CDATA[line 14, col 3, Error - Expected linebreaks to be &apos;LF&apos; but found &apos;CRLF&apos;. (linebreak-style)]]></failure></testcase>
<testcase time="0" name="org.eslint.semi" classname="C:\work\dyrectorio\web\crux-ui\src\pages\api\teams\[teamId]\accept"><failure message="Missing semicolon."><![CDATA[line 14, col 3, Error - Missing semicolon. (semi)]]></failure></testcase>
</testsuite>
<testsuite package="org.eslint" time="0" tests="34" errors="34" name="C:\work\dyrectorio\web\crux-ui\src\pages\api\teams\[teamId]\users.ts">
<testcase time="0" name="org.eslint.linebreak-style" classname="C:\work\dyrectorio\web\crux-ui\src\pages\api\teams\[teamId]\users"><failure message="Expected linebreaks to be &apos;LF&apos; but found &apos;CRLF&apos;."><![CDATA[line 1, col 41, Error - Expected linebreaks to be &apos;LF&apos; but found &apos;CRLF&apos;. (linebreak-style)]]></failure></testcase>
<testcase time="0" name="org.eslint.semi" classname="C:\work\dyrectorio\web\crux-ui\src\pages\api\teams\[teamId]\users"><failure message="Missing semicolon."><![CDATA[line 1, col 41, Error - Missing semicolon. (semi)]]></failure></testcase>
<testcase time="0" name="org.eslint.linebreak-style" classname="C:\work\dyrectorio\web\crux-ui\src\pages\api\teams\[teamId]\users"><failure message="Expected linebreaks to be &apos;LF&apos; but found &apos;CRLF&apos;."><![CDATA[line 2, col 51, Error - Expected linebreaks to be &apos;LF&apos; but found &apos;CRLF&apos;. (linebreak-style)]]></failure></testcase>
<testcase time="0" name="org.eslint.semi" classname="C:\work\dyrectorio\web\crux-ui\src\pages\api\teams\[teamId]\users"><failure message="Missing semicolon."><![CDATA[line 2, col 51, Error - Missing semicolon. (semi)]]></failure></testcase>
<testcase time="0" name="org.eslint.linebreak-style" classname="C:\work\dyrectorio\web\crux-ui\src\pages\api\teams\[teamId]\users"><failure message="Expected linebreaks to be &apos;LF&apos; but found &apos;CRLF&apos;."><![CDATA[line 3, col 37, Error - Expected linebreaks to be &apos;LF&apos; but found &apos;CRLF&apos;. (linebreak-style)]]></failure></testcase>
<testcase time="0" name="org.eslint.semi" classname="C:\work\dyrectorio\web\crux-ui\src\pages\api\teams\[teamId]\users"><failure message="Missing semicolon."><![CDATA[line 3, col 37, Error - Missing semicolon. (semi)]]></failure></testcase>
<testcase time="0" name="org.eslint.linebreak-style" classname="C:\work\dyrectorio\web\crux-ui\src\pages\api\teams\[teamId]\users"><failure message="Expected linebreaks to be &apos;LF&apos; but found &apos;CRLF&apos;."><![CDATA[line 4, col 54, Error - Expected linebreaks to be &apos;LF&apos; but found &apos;CRLF&apos;. (linebreak-style)]]></failure></testcase>
<testcase time="0" name="org.eslint.semi" classname="C:\work\dyrectorio\web\crux-ui\src\pages\api\teams\[teamId]\users"><failure message="Missing semicolon."><![CDATA[line 4, col 54, Error - Missing semicolon. (semi)]]></failure></testcase>
<testcase time="0" name="org.eslint.linebreak-style" classname="C:\work\dyrectorio\web\crux-ui\src\pages\api\teams\[teamId]\users"><failure message="Expected linebreaks to be &apos;LF&apos; but found &apos;CRLF&apos;."><![CDATA[line 5, col 72, Error - Expected linebreaks to be &apos;LF&apos; but found &apos;CRLF&apos;. (linebreak-style)]]></failure></testcase>
<testcase time="0" name="org.eslint.semi" classname="C:\work\dyrectorio\web\crux-ui\src\pages\api\teams\[teamId]\users"><failure message="Missing semicolon."><![CDATA[line 5, col 72, Error - Missing semicolon. (semi)]]></failure></testcase>
<testcase time="0" name="org.eslint.linebreak-style" classname="C:\work\dyrectorio\web\crux-ui\src\pages\api\teams\[teamId]\users"><failure message="Expected linebreaks to be &apos;LF&apos; but found &apos;CRLF&apos;."><![CDATA[line 6, col 55, Error - Expected linebreaks to be &apos;LF&apos; but found &apos;CRLF&apos;. (linebreak-style)]]></failure></testcase>
<testcase time="0" name="org.eslint.semi" classname="C:\work\dyrectorio\web\crux-ui\src\pages\api\teams\[teamId]\users"><failure message="Missing semicolon."><![CDATA[line 6, col 55, Error - Missing semicolon. (semi)]]></failure></testcase>
<testcase time="0" name="org.eslint.linebreak-style" classname="C:\work\dyrectorio\web\crux-ui\src\pages\api\teams\[teamId]\users"><failure message="Expected linebreaks to be &apos;LF&apos; but found &apos;CRLF&apos;."><![CDATA[line 7, col 1, Error - Expected linebreaks to be &apos;LF&apos; but found &apos;CRLF&apos;. (linebreak-style)]]></failure></testcase>
<testcase time="0" name="org.eslint.linebreak-style" classname="C:\work\dyrectorio\web\crux-ui\src\pages\api\teams\[teamId]\users"><failure message="Expected linebreaks to be &apos;LF&apos; but found &apos;CRLF&apos;."><![CDATA[line 8, col 70, Error - Expected linebreaks to be &apos;LF&apos; but found &apos;CRLF&apos;. (linebreak-style)]]></failure></testcase>
<testcase time="0" name="org.eslint.linebreak-style" classname="C:\work\dyrectorio\web\crux-ui\src\pages\api\teams\[teamId]\users"><failure message="Expected linebreaks to be &apos;LF&apos; but found &apos;CRLF&apos;."><![CDATA[line 9, col 44, Error - Expected linebreaks to be &apos;LF&apos; but found &apos;CRLF&apos;. (linebreak-style)]]></failure></testcase>
<testcase time="0" name="org.eslint.semi" classname="C:\work\dyrectorio\web\crux-ui\src\pages\api\teams\[teamId]\users"><failure message="Missing semicolon."><![CDATA[line 9, col 44, Error - Missing semicolon. (semi)]]></failure></testcase>
<testcase time="0" name="org.eslint.linebreak-style" classname="C:\work\dyrectorio\web\crux-ui\src\pages\api\teams\[teamId]\users"><failure message="Expected linebreaks to be &apos;LF&apos; but found &apos;CRLF&apos;."><![CDATA[line 10, col 37, Error - Expected linebreaks to be &apos;LF&apos; but found &apos;CRLF&apos;. (linebreak-style)]]></failure></testcase>
<testcase time="0" name="org.eslint.semi" classname="C:\work\dyrectorio\web\crux-ui\src\pages\api\teams\[teamId]\users"><failure message="Missing semicolon."><![CDATA[line 10, col 37, Error - Missing semicolon. (semi)]]></failure></testcase>
<testcase time="0" name="org.eslint.linebreak-style" classname="C:\work\dyrectorio\web\crux-ui\src\pages\api\teams\[teamId]\users"><failure message="Expected linebreaks to be &apos;LF&apos; but found &apos;CRLF&apos;."><![CDATA[line 11, col 1, Error - Expected linebreaks to be &apos;LF&apos; but found &apos;CRLF&apos;. (linebreak-style)]]></failure></testcase>
<testcase time="0" name="org.eslint.linebreak-style" classname="C:\work\dyrectorio\web\crux-ui\src\pages\api\teams\[teamId]\users"><failure message="Expected linebreaks to be &apos;LF&apos; but found &apos;CRLF&apos;."><![CDATA[line 12, col 61, Error - Expected linebreaks to be &apos;LF&apos; but found &apos;CRLF&apos;. (linebreak-style)]]></failure></testcase>
<testcase time="0" name="org.eslint.semi" classname="C:\work\dyrectorio\web\crux-ui\src\pages\api\teams\[teamId]\users"><failure message="Missing semicolon."><![CDATA[line 12, col 61, Error - Missing semicolon. (semi)]]></failure></testcase>
<testcase time="0" name="org.eslint.linebreak-style" classname="C:\work\dyrectorio\web\crux-ui\src\pages\api\teams\[teamId]\users"><failure message="Expected linebreaks to be &apos;LF&apos; but found &apos;CRLF&apos;."><![CDATA[line 13, col 1, Error - Expected linebreaks to be &apos;LF&apos; but found &apos;CRLF&apos;. (linebreak-style)]]></failure></testcase>
<testcase time="0" name="org.eslint.linebreak-style" classname="C:\work\dyrectorio\web\crux-ui\src\pages\api\teams\[teamId]\users"><failure message="Expected linebreaks to be &apos;LF&apos; but found &apos;CRLF&apos;."><![CDATA[line 14, col 29, Error - Expected linebreaks to be &apos;LF&apos; but found &apos;CRLF&apos;. (linebreak-style)]]></failure></testcase>
<testcase time="0" name="org.eslint.semi" classname="C:\work\dyrectorio\web\crux-ui\src\pages\api\teams\[teamId]\users"><failure message="Missing semicolon."><![CDATA[line 14, col 29, Error - Missing semicolon. (semi)]]></failure></testcase>
<testcase time="0" name="org.eslint.linebreak-style" classname="C:\work\dyrectorio\web\crux-ui\src\pages\api\teams\[teamId]\users"><failure message="Expected linebreaks to be &apos;LF&apos; but found &apos;CRLF&apos;."><![CDATA[line 15, col 2, Error - Expected linebreaks to be &apos;LF&apos; but found &apos;CRLF&apos;. (linebreak-style)]]></failure></testcase>
<testcase time="0" name="org.eslint.semi" classname="C:\work\dyrectorio\web\crux-ui\src\pages\api\teams\[teamId]\users"><failure message="Missing semicolon."><![CDATA[line 15, col 2, Error - Missing semicolon. (semi)]]></failure></testcase>
<testcase time="0" name="org.eslint.linebreak-style" classname="C:\work\dyrectorio\web\crux-ui\src\pages\api\teams\[teamId]\users"><failure message="Expected linebreaks to be &apos;LF&apos; but found &apos;CRLF&apos;."><![CDATA[line 16, col 1, Error - Expected linebreaks to be &apos;LF&apos; but found &apos;CRLF&apos;. (linebreak-style)]]></failure></testcase>
<testcase time="0" name="org.eslint.linebreak-style" classname="C:\work\dyrectorio\web\crux-ui\src\pages\api\teams\[teamId]\users"><failure message="Expected linebreaks to be &apos;LF&apos; but found &apos;CRLF&apos;."><![CDATA[line 17, col 33, Error - Expected linebreaks to be &apos;LF&apos; but found &apos;CRLF&apos;. (linebreak-style)]]></failure></testcase>
<testcase time="0" name="org.eslint.linebreak-style" classname="C:\work\dyrectorio\web\crux-ui\src\pages\api\teams\[teamId]\users"><failure message="Expected linebreaks to be &apos;LF&apos; but found &apos;CRLF&apos;."><![CDATA[line 18, col 12, Error - Expected linebreaks to be &apos;LF&apos; but found &apos;CRLF&apos;. (linebreak-style)]]></failure></testcase>
<testcase time="0" name="org.eslint.linebreak-style" classname="C:\work\dyrectorio\web\crux-ui\src\pages\api\teams\[teamId]\users"><failure message="Expected linebreaks to be &apos;LF&apos; but found &apos;CRLF&apos;."><![CDATA[line 19, col 62, Error - Expected linebreaks to be &apos;LF&apos; but found &apos;CRLF&apos;. (linebreak-style)]]></failure></testcase>
<testcase time="0" name="org.eslint.linebreak-style" classname="C:\work\dyrectorio\web\crux-ui\src\pages\api\teams\[teamId]\users"><failure message="Expected linebreaks to be &apos;LF&apos; but found &apos;CRLF&apos;."><![CDATA[line 20, col 22, Error - Expected linebreaks to be &apos;LF&apos; but found &apos;CRLF&apos;. (linebreak-style)]]></failure></testcase>
<testcase time="0" name="org.eslint.linebreak-style" classname="C:\work\dyrectorio\web\crux-ui\src\pages\api\teams\[teamId]\users"><failure message="Expected linebreaks to be &apos;LF&apos; but found &apos;CRLF&apos;."><![CDATA[line 21, col 5, Error - Expected linebreaks to be &apos;LF&apos; but found &apos;CRLF&apos;. (linebreak-style)]]></failure></testcase>
<testcase time="0" name="org.eslint.linebreak-style" classname="C:\work\dyrectorio\web\crux-ui\src\pages\api\teams\[teamId]\users"><failure message="Expected linebreaks to be &apos;LF&apos; but found &apos;CRLF&apos;."><![CDATA[line 22, col 3, Error - Expected linebreaks to be &apos;LF&apos; but found &apos;CRLF&apos;. (linebreak-style)]]></failure></testcase>
<testcase time="0" name="org.eslint.semi" classname="C:\work\dyrectorio\web\crux-ui\src\pages\api\teams\[teamId]\users"><failure message="Missing semicolon."><![CDATA[line 22, col 3, Error - Missing semicolon. (semi)]]></failure></testcase>
</testsuite>
<testsuite package="org.eslint" time="0" tests="25" errors="25" name="C:\work\dyrectorio\web\crux-ui\src\pages\api\teams\[teamId]\users\[userId].ts">
<testcase time="0" name="org.eslint.linebreak-style" classname="C:\work\dyrectorio\web\crux-ui\src\pages\api\teams\[teamId]\users\[userId]"><failure message="Expected linebreaks to be &apos;LF&apos; but found &apos;CRLF&apos;."><![CDATA[line 1, col 37, Error - Expected linebreaks to be &apos;LF&apos; but found &apos;CRLF&apos;. (linebreak-style)]]></failure></testcase>
<testcase time="0" name="org.eslint.semi" classname="C:\work\dyrectorio\web\crux-ui\src\pages\api\teams\[teamId]\users\[userId]"><failure message="Missing semicolon."><![CDATA[line 1, col 37, Error - Missing semicolon. (semi)]]></failure></testcase>
<testcase time="0" name="org.eslint.linebreak-style" classname="C:\work\dyrectorio\web\crux-ui\src\pages\api\teams\[teamId]\users\[userId]"><failure message="Expected linebreaks to be &apos;LF&apos; but found &apos;CRLF&apos;."><![CDATA[line 2, col 54, Error - Expected linebreaks to be &apos;LF&apos; but found &apos;CRLF&apos;. (linebreak-style)]]></failure></testcase>
<testcase time="0" name="org.eslint.semi" classname="C:\work\dyrectorio\web\crux-ui\src\pages\api\teams\[teamId]\users\[userId]"><failure message="Missing semicolon."><![CDATA[line 2, col 54, Error - Missing semicolon. (semi)]]></failure></testcase>
<testcase time="0" name="org.eslint.linebreak-style" classname="C:\work\dyrectorio\web\crux-ui\src\pages\api\teams\[teamId]\users\[userId]"><failure message="Expected linebreaks to be &apos;LF&apos; but found &apos;CRLF&apos;."><![CDATA[line 3, col 55, Error - Expected linebreaks to be &apos;LF&apos; but found &apos;CRLF&apos;. (linebreak-style)]]></failure></testcase>
<testcase time="0" name="org.eslint.semi" classname="C:\work\dyrectorio\web\crux-ui\src\pages\api\teams\[teamId]\users\[userId]"><failure message="Missing semicolon."><![CDATA[line 3, col 55, Error - Missing semicolon. (semi)]]></failure></testcase>
<testcase time="0" name="org.eslint.linebreak-style" classname="C:\work\dyrectorio\web\crux-ui\src\pages\api\teams\[teamId]\users\[userId]"><failure message="Expected linebreaks to be &apos;LF&apos; but found &apos;CRLF&apos;."><![CDATA[line 4, col 1, Error - Expected linebreaks to be &apos;LF&apos; but found &apos;CRLF&apos;. (linebreak-style)]]></failure></testcase>
<testcase time="0" name="org.eslint.linebreak-style" classname="C:\work\dyrectorio\web\crux-ui\src\pages\api\teams\[teamId]\users\[userId]"><failure message="Expected linebreaks to be &apos;LF&apos; but found &apos;CRLF&apos;."><![CDATA[line 5, col 72, Error - Expected linebreaks to be &apos;LF&apos; but found &apos;CRLF&apos;. (linebreak-style)]]></failure></testcase>
<testcase time="0" name="org.eslint.linebreak-style" classname="C:\work\dyrectorio\web\crux-ui\src\pages\api\teams\[teamId]\users\[userId]"><failure message="Expected linebreaks to be &apos;LF&apos; but found &apos;CRLF&apos;."><![CDATA[line 6, col 44, Error - Expected linebreaks to be &apos;LF&apos; but found &apos;CRLF&apos;. (linebreak-style)]]></failure></testcase>
<testcase time="0" name="org.eslint.semi" classname="C:\work\dyrectorio\web\crux-ui\src\pages\api\teams\[teamId]\users\[userId]"><failure message="Missing semicolon."><![CDATA[line 6, col 44, Error - Missing semicolon. (semi)]]></failure></testcase>
<testcase time="0" name="org.eslint.linebreak-style" classname="C:\work\dyrectorio\web\crux-ui\src\pages\api\teams\[teamId]\users\[userId]"><failure message="Expected linebreaks to be &apos;LF&apos; but found &apos;CRLF&apos;."><![CDATA[line 7, col 44, Error - Expected linebreaks to be &apos;LF&apos; but found &apos;CRLF&apos;. (linebreak-style)]]></failure></testcase>
<testcase time="0" name="org.eslint.semi" classname="C:\work\dyrectorio\web\crux-ui\src\pages\api\teams\[teamId]\users\[userId]"><failure message="Missing semicolon."><![CDATA[line 7, col 44, Error - Missing semicolon. (semi)]]></failure></testcase>
<testcase time="0" name="org.eslint.linebreak-style" classname="C:\work\dyrectorio\web\crux-ui\src\pages\api\teams\[teamId]\users\[userId]"><failure message="Expected linebreaks to be &apos;LF&apos; but found &apos;CRLF&apos;."><![CDATA[line 8, col 1, Error - Expected linebreaks to be &apos;LF&apos; but found &apos;CRLF&apos;. (linebreak-style)]]></failure></testcase>
<testcase time="0" name="org.eslint.linebreak-style" classname="C:\work\dyrectorio\web\crux-ui\src\pages\api\teams\[teamId]\users\[userId]"><failure message="Expected linebreaks to be &apos;LF&apos; but found &apos;CRLF&apos;."><![CDATA[line 9, col 51, Error - Expected linebreaks to be &apos;LF&apos; but found &apos;CRLF&apos;. (linebreak-style)]]></failure></testcase>
<testcase time="0" name="org.eslint.semi" classname="C:\work\dyrectorio\web\crux-ui\src\pages\api\teams\[teamId]\users\[userId]"><failure message="Missing semicolon."><![CDATA[line 9, col 51, Error - Missing semicolon. (semi)]]></failure></testcase>
<testcase time="0" name="org.eslint.linebreak-style" classname="C:\work\dyrectorio\web\crux-ui\src\pages\api\teams\[teamId]\users\[userId]"><failure message="Expected linebreaks to be &apos;LF&apos; but found &apos;CRLF&apos;."><![CDATA[line 10, col 1, Error - Expected linebreaks to be &apos;LF&apos; but found &apos;CRLF&apos;. (linebreak-style)]]></failure></testcase>
<testcase time="0" name="org.eslint.linebreak-style" classname="C:\work\dyrectorio\web\crux-ui\src\pages\api\teams\[teamId]\users\[userId]"><failure message="Expected linebreaks to be &apos;LF&apos; but found &apos;CRLF&apos;."><![CDATA[line 11, col 24, Error - Expected linebreaks to be &apos;LF&apos; but found &apos;CRLF&apos;. (linebreak-style)]]></failure></testcase>
<testcase time="0" name="org.eslint.semi" classname="C:\work\dyrectorio\web\crux-ui\src\pages\api\teams\[teamId]\users\[userId]"><failure message="Missing semicolon."><![CDATA[line 11, col 24, Error - Missing semicolon. (semi)]]></failure></testcase>
<testcase time="0" name="org.eslint.linebreak-style" classname="C:\work\dyrectorio\web\crux-ui\src\pages\api\teams\[teamId]\users\[userId]"><failure message="Expected linebreaks to be &apos;LF&apos; but found &apos;CRLF&apos;."><![CDATA[line 12, col 2, Error - Expected linebreaks to be &apos;LF&apos; but found &apos;CRLF&apos;. (linebreak-style)]]></failure></testcase>
<testcase time="0" name="org.eslint.semi" classname="C:\work\dyrectorio\web\crux-ui\src\pages\api\teams\[teamId]\users\[userId]"><failure message="Missing semicolon."><![CDATA[line 12, col 2, Error - Missing semicolon. (semi)]]></failure></testcase>
<testcase time="0" name="org.eslint.linebreak-style" classname="C:\work\dyrectorio\web\crux-ui\src\pages\api\teams\[teamId]\users\[userId]"><failure message="Expected linebreaks to be &apos;LF&apos; but found &apos;CRLF&apos;."><![CDATA[line 13, col 1, Error - Expected linebreaks to be &apos;LF&apos; but found &apos;CRLF&apos;. (linebreak-style)]]></failure></testcase>
<testcase time="0" name="org.eslint.linebreak-style" classname="C:\work\dyrectorio\web\crux-ui\src\pages\api\teams\[teamId]\users\[userId]"><failure message="Expected linebreaks to be &apos;LF&apos; but found &apos;CRLF&apos;."><![CDATA[line 14, col 33, Error - Expected linebreaks to be &apos;LF&apos; but found &apos;CRLF&apos;. (linebreak-style)]]></failure></testcase>
<testcase time="0" name="org.eslint.linebreak-style" classname="C:\work\dyrectorio\web\crux-ui\src\pages\api\teams\[teamId]\users\[userId]"><failure message="Expected linebreaks to be &apos;LF&apos; but found &apos;CRLF&apos;."><![CDATA[line 15, col 12, Error - Expected linebreaks to be &apos;LF&apos; but found &apos;CRLF&apos;. (linebreak-style)]]></failure></testcase>
<testcase time="0" name="org.eslint.linebreak-style" classname="C:\work\dyrectorio\web\crux-ui\src\pages\api\teams\[teamId]\users\[userId]"><failure message="Expected linebreaks to be &apos;LF&apos; but found &apos;CRLF&apos;."><![CDATA[line 16, col 3, Error - Expected linebreaks to be &apos;LF&apos; but found &apos;CRLF&apos;. (linebreak-style)]]></failure></testcase>
<testcase time="0" name="org.eslint.semi" classname="C:\work\dyrectorio\web\crux-ui\src\pages\api\teams\[teamId]\users\[userId]"><failure message="Missing semicolon."><![CDATA[line 16, col 3, Error - Missing semicolon. (semi)]]></failure></testcase>
</testsuite>
<testsuite package="org.eslint" time="0" tests="36" errors="36" name="C:\work\dyrectorio\web\crux-ui\src\pages\api\teams\[teamId]\users\[userId]\role.ts">
<testcase time="0" name="org.eslint.linebreak-style" classname="C:\work\dyrectorio\web\crux-ui\src\pages\api\teams\[teamId]\users\[userId]\role"><failure message="Expected linebreaks to be &apos;LF&apos; but found &apos;CRLF&apos;."><![CDATA[line 1, col 39, Error - Expected linebreaks to be &apos;LF&apos; but found &apos;CRLF&apos;. (linebreak-style)]]></failure></testcase>
<testcase time="0" name="org.eslint.semi" classname="C:\work\dyrectorio\web\crux-ui\src\pages\api\teams\[teamId]\users\[userId]\role"><failure message="Missing semicolon."><![CDATA[line 1, col 39, Error - Missing semicolon. (semi)]]></failure></testcase>
<testcase time="0" name="org.eslint.linebreak-style" classname="C:\work\dyrectorio\web\crux-ui\src\pages\api\teams\[teamId]\users\[userId]\role"><failure message="Expected linebreaks to be &apos;LF&apos; but found &apos;CRLF&apos;."><![CDATA[line 2, col 45, Error - Expected linebreaks to be &apos;LF&apos; but found &apos;CRLF&apos;. (linebreak-style)]]></failure></testcase>
<testcase time="0" name="org.eslint.semi" classname="C:\work\dyrectorio\web\crux-ui\src\pages\api\teams\[teamId]\users\[userId]\role"><failure message="Missing semicolon."><![CDATA[line 2, col 45, Error - Missing semicolon. (semi)]]></failure></testcase>
<testcase time="0" name="org.eslint.linebreak-style" classname="C:\work\dyrectorio\web\crux-ui\src\pages\api\teams\[teamId]\users\[userId]\role"><failure message="Expected linebreaks to be &apos;LF&apos; but found &apos;CRLF&apos;."><![CDATA[line 3, col 37, Error - Expected linebreaks to be &apos;LF&apos; but found &apos;CRLF&apos;. (linebreak-style)]]></failure></testcase>
<testcase time="0" name="org.eslint.semi" classname="C:\work\dyrectorio\web\crux-ui\src\pages\api\teams\[teamId]\users\[userId]\role"><failure message="Missing semicolon."><![CDATA[line 3, col 37, Error - Missing semicolon. (semi)]]></failure></testcase>
<testcase time="0" name="org.eslint.linebreak-style" classname="C:\work\dyrectorio\web\crux-ui\src\pages\api\teams\[teamId]\users\[userId]\role"><failure message="Expected linebreaks to be &apos;LF&apos; but found &apos;CRLF&apos;."><![CDATA[line 4, col 54, Error - Expected linebreaks to be &apos;LF&apos; but found &apos;CRLF&apos;. (linebreak-style)]]></failure></testcase>
<testcase time="0" name="org.eslint.semi" classname="C:\work\dyrectorio\web\crux-ui\src\pages\api\teams\[teamId]\users\[userId]\role"><failure message="Missing semicolon."><![CDATA[line 4, col 54, Error - Missing semicolon. (semi)]]></failure></testcase>
<testcase time="0" name="org.eslint.linebreak-style" classname="C:\work\dyrectorio\web\crux-ui\src\pages\api\teams\[teamId]\users\[userId]\role"><failure message="Expected linebreaks to be &apos;LF&apos; but found &apos;CRLF&apos;."><![CDATA[line 5, col 72, Error - Expected linebreaks to be &apos;LF&apos; but found &apos;CRLF&apos;. (linebreak-style)]]></failure></testcase>
<testcase time="0" name="org.eslint.semi" classname="C:\work\dyrectorio\web\crux-ui\src\pages\api\teams\[teamId]\users\[userId]\role"><failure message="Missing semicolon."><![CDATA[line 5, col 72, Error - Missing semicolon. (semi)]]></failure></testcase>
<testcase time="0" name="org.eslint.linebreak-style" classname="C:\work\dyrectorio\web\crux-ui\src\pages\api\teams\[teamId]\users\[userId]\role"><failure message="Expected linebreaks to be &apos;LF&apos; but found &apos;CRLF&apos;."><![CDATA[line 6, col 55, Error - Expected linebreaks to be &apos;LF&apos; but found &apos;CRLF&apos;. (linebreak-style)]]></failure></testcase>
<testcase time="0" name="org.eslint.semi" classname="C:\work\dyrectorio\web\crux-ui\src\pages\api\teams\[teamId]\users\[userId]\role"><failure message="Missing semicolon."><![CDATA[line 6, col 55, Error - Missing semicolon. (semi)]]></failure></testcase>
<testcase time="0" name="org.eslint.linebreak-style" classname="C:\work\dyrectorio\web\crux-ui\src\pages\api\teams\[teamId]\users\[userId]\role"><failure message="Expected linebreaks to be &apos;LF&apos; but found &apos;CRLF&apos;."><![CDATA[line 7, col 1, Error - Expected linebreaks to be &apos;LF&apos; but found &apos;CRLF&apos;. (linebreak-style)]]></failure></testcase>
<testcase time="0" name="org.eslint.linebreak-style" classname="C:\work\dyrectorio\web\crux-ui\src\pages\api\teams\[teamId]\users\[userId]\role"><failure message="Expected linebreaks to be &apos;LF&apos; but found &apos;CRLF&apos;."><![CDATA[line 8, col 69, Error - Expected linebreaks to be &apos;LF&apos; but found &apos;CRLF&apos;. (linebreak-style)]]></failure></testcase>
<testcase time="0" name="org.eslint.linebreak-style" classname="C:\work\dyrectorio\web\crux-ui\src\pages\api\teams\[teamId]\users\[userId]\role"><failure message="Expected linebreaks to be &apos;LF&apos; but found &apos;CRLF&apos;."><![CDATA[line 9, col 44, Error - Expected linebreaks to be &apos;LF&apos; but found &apos;CRLF&apos;. (linebreak-style)]]></failure></testcase>
<testcase time="0" name="org.eslint.semi" classname="C:\work\dyrectorio\web\crux-ui\src\pages\api\teams\[teamId]\users\[userId]\role"><failure message="Missing semicolon."><![CDATA[line 9, col 44, Error - Missing semicolon. (semi)]]></failure></testcase>
<testcase time="0" name="org.eslint.linebreak-style" classname="C:\work\dyrectorio\web\crux-ui\src\pages\api\teams\[teamId]\users\[userId]\role"><failure message="Expected linebreaks to be &apos;LF&apos; but found &apos;CRLF&apos;."><![CDATA[line 10, col 44, Error - Expected linebreaks to be &apos;LF&apos; but found &apos;CRLF&apos;. (linebreak-style)]]></failure></testcase>
<testcase time="0" name="org.eslint.semi" classname="C:\work\dyrectorio\web\crux-ui\src\pages\api\teams\[teamId]\users\[userId]\role"><failure message="Missing semicolon."><![CDATA[line 10, col 44, Error - Missing semicolon. (semi)]]></failure></testcase>
<testcase time="0" name="org.eslint.linebreak-style" classname="C:\work\dyrectorio\web\crux-ui\src\pages\api\teams\[teamId]\users\[userId]\role"><failure message="Expected linebreaks to be &apos;LF&apos; but found &apos;CRLF&apos;."><![CDATA[line 11, col 36, Error - Expected linebreaks to be &apos;LF&apos; but found &apos;CRLF&apos;. (linebreak-style)]]></failure></testcase>
<testcase time="0" name="org.eslint.semi" classname="C:\work\dyrectorio\web\crux-ui\src\pages\api\teams\[teamId]\users\[userId]\role"><failure message="Missing semicolon."><![CDATA[line 11, col 36, Error - Missing semicolon. (semi)]]></failure></testcase>
<testcase time="0" name="org.eslint.linebreak-style" classname="C:\work\dyrectorio\web\crux-ui\src\pages\api\teams\[teamId]\users\[userId]\role"><failure message="Expected linebreaks to be &apos;LF&apos; but found &apos;CRLF&apos;."><![CDATA[line 12, col 1, Error - Expected linebreaks to be &apos;LF&apos; but found &apos;CRLF&apos;. (linebreak-style)]]></failure></testcase>
<testcase time="0" name="org.eslint.linebreak-style" classname="C:\work\dyrectorio\web\crux-ui\src\pages\api\teams\[teamId]\users\[userId]\role"><failure message="Expected linebreaks to be &apos;LF&apos; but found &apos;CRLF&apos;."><![CDATA[line 13, col 61, Error - Expected linebreaks to be &apos;LF&apos; but found &apos;CRLF&apos;. (linebreak-style)]]></failure></testcase>
<testcase time="0" name="org.eslint.semi" classname="C:\work\dyrectorio\web\crux-ui\src\pages\api\teams\[teamId]\users\[userId]\role"><failure message="Missing semicolon."><![CDATA[line 13, col 61, Error - Missing semicolon. (semi)]]></failure></testcase>
<testcase time="0" name="org.eslint.linebreak-style" classname="C:\work\dyrectorio\web\crux-ui\src\pages\api\teams\[teamId]\users\[userId]\role"><failure message="Expected linebreaks to be &apos;LF&apos; but found &apos;CRLF&apos;."><![CDATA[line 14, col 1, Error - Expected linebreaks to be &apos;LF&apos; but found &apos;CRLF&apos;. (linebreak-style)]]></failure></testcase>
<testcase time="0" name="org.eslint.linebreak-style" classname="C:\work\dyrectorio\web\crux-ui\src\pages\api\teams\[teamId]\users\[userId]\role"><failure message="Expected linebreaks to be &apos;LF&apos; but found &apos;CRLF&apos;."><![CDATA[line 15, col 24, Error - Expected linebreaks to be &apos;LF&apos; but found &apos;CRLF&apos;. (linebreak-style)]]></failure></testcase>
<testcase time="0" name="org.eslint.semi" classname="C:\work\dyrectorio\web\crux-ui\src\pages\api\teams\[teamId]\users\[userId]\role"><failure message="Missing semicolon."><![CDATA[line 15, col 24, Error - Missing semicolon. (semi)]]></failure></testcase>
<testcase time="0" name="org.eslint.linebreak-style" classname="C:\work\dyrectorio\web\crux-ui\src\pages\api\teams\[teamId]\users\[userId]\role"><failure message="Expected linebreaks to be &apos;LF&apos; but found &apos;CRLF&apos;."><![CDATA[line 16, col 2, Error - Expected linebreaks to be &apos;LF&apos; but found &apos;CRLF&apos;. (linebreak-style)]]></failure></testcase>
<testcase time="0" name="org.eslint.semi" classname="C:\work\dyrectorio\web\crux-ui\src\pages\api\teams\[teamId]\users\[userId]\role"><failure message="Missing semicolon."><![CDATA[line 16, col 2, Error - Missing semicolon. (semi)]]></failure></testcase>
<testcase time="0" name="org.eslint.linebreak-style" classname="C:\work\dyrectorio\web\crux-ui\src\pages\api\teams\[teamId]\users\[userId]\role"><failure message="Expected linebreaks to be &apos;LF&apos; but found &apos;CRLF&apos;."><![CDATA[line 17, col 1, Error - Expected linebreaks to be &apos;LF&apos; but found &apos;CRLF&apos;. (linebreak-style)]]></failure></testcase>
<testcase time="0" name="org.eslint.linebreak-style" classname="C:\work\dyrectorio\web\crux-ui\src\pages\api\teams\[teamId]\users\[userId]\role"><failure message="Expected linebreaks to be &apos;LF&apos; but found &apos;CRLF&apos;."><![CDATA[line 18, col 33, Error - Expected linebreaks to be &apos;LF&apos; but found &apos;CRLF&apos;. (linebreak-style)]]></failure></testcase>
<testcase time="0" name="org.eslint.linebreak-style" classname="C:\work\dyrectorio\web\crux-ui\src\pages\api\teams\[teamId]\users\[userId]\role"><failure message="Expected linebreaks to be &apos;LF&apos; but found &apos;CRLF&apos;."><![CDATA[line 19, col 11, Error - Expected linebreaks to be &apos;LF&apos; but found &apos;CRLF&apos;. (linebreak-style)]]></failure></testcase>
<testcase time="0" name="org.eslint.linebreak-style" classname="C:\work\dyrectorio\web\crux-ui\src\pages\api\teams\[teamId]\users\[userId]\role"><failure message="Expected linebreaks to be &apos;LF&apos; but found &apos;CRLF&apos;."><![CDATA[line 20, col 56, Error - Expected linebreaks to be &apos;LF&apos; but found &apos;CRLF&apos;. (linebreak-style)]]></failure></testcase>
<testcase time="0" name="org.eslint.linebreak-style" classname="C:\work\dyrectorio\web\crux-ui\src\pages\api\teams\[teamId]\users\[userId]\role"><failure message="Expected linebreaks to be &apos;LF&apos; but found &apos;CRLF&apos;."><![CDATA[line 21, col 21, Error - Expected linebreaks to be &apos;LF&apos; but found &apos;CRLF&apos;. (linebreak-style)]]></failure></testcase>
<testcase time="0" name="org.eslint.linebreak-style" classname="C:\work\dyrectorio\web\crux-ui\src\pages\api\teams\[teamId]\users\[userId]\role"><failure message="Expected linebreaks to be &apos;LF&apos; but found &apos;CRLF&apos;."><![CDATA[line 22, col 5, Error - Expected linebreaks to be &apos;LF&apos; but found &apos;CRLF&apos;. (linebreak-style)]]></failure></testcase>
<testcase time="0" name="org.eslint.linebreak-style" classname="C:\work\dyrectorio\web\crux-ui\src\pages\api\teams\[teamId]\users\[userId]\role"><failure message="Expected linebreaks to be &apos;LF&apos; but found &apos;CRLF&apos;."><![CDATA[line 23, col 3, Error - Expected linebreaks to be &apos;LF&apos; but found &apos;CRLF&apos;. (linebreak-style)]]></failure></testcase>
<testcase time="0" name="org.eslint.semi" classname="C:\work\dyrectorio\web\crux-ui\src\pages\api\teams\[teamId]\users\[userId]\role"><failure message="Missing semicolon."><![CDATA[line 23, col 3, Error - Missing semicolon. (semi)]]></failure></testcase>
</testsuite>
<testsuite package="org.eslint" time="0" tests="43" errors="43" name="C:\work\dyrectorio\web\crux-ui\src\pages\api\teams\active.ts">
<testcase time="0" name="org.eslint.linebreak-style" classname="C:\work\dyrectorio\web\crux-ui\src\pages\api\teams\active"><failure message="Expected linebreaks to be &apos;LF&apos; but found &apos;CRLF&apos;."><![CDATA[line 1, col 41, Error - Expected linebreaks to be &apos;LF&apos; but found &apos;CRLF&apos;. (linebreak-style)]]></failure></testcase>
<testcase time="0" name="org.eslint.semi" classname="C:\work\dyrectorio\web\crux-ui\src\pages\api\teams\active"><failure message="Missing semicolon."><![CDATA[line 1, col 41, Error - Missing semicolon. (semi)]]></failure></testcase>
<testcase time="0" name="org.eslint.linebreak-style" classname="C:\work\dyrectorio\web\crux-ui\src\pages\api\teams\active"><failure message="Expected linebreaks to be &apos;LF&apos; but found &apos;CRLF&apos;."><![CDATA[line 2, col 51, Error - Expected linebreaks to be &apos;LF&apos; but found &apos;CRLF&apos;. (linebreak-style)]]></failure></testcase>
<testcase time="0" name="org.eslint.semi" classname="C:\work\dyrectorio\web\crux-ui\src\pages\api\teams\active"><failure message="Missing semicolon."><![CDATA[line 2, col 51, Error - Missing semicolon. (semi)]]></failure></testcase>
<testcase time="0" name="org.eslint.linebreak-style" classname="C:\work\dyrectorio\web\crux-ui\src\pages\api\teams\active"><failure message="Expected linebreaks to be &apos;LF&apos; but found &apos;CRLF&apos;."><![CDATA[line 3, col 37, Error - Expected linebreaks to be &apos;LF&apos; but found &apos;CRLF&apos;. (linebreak-style)]]></failure></testcase>
<testcase time="0" name="org.eslint.semi" classname="C:\work\dyrectorio\web\crux-ui\src\pages\api\teams\active"><failure message="Missing semicolon."><![CDATA[line 3, col 37, Error - Missing semicolon. (semi)]]></failure></testcase>
<testcase time="0" name="org.eslint.linebreak-style" classname="C:\work\dyrectorio\web\crux-ui\src\pages\api\teams\active"><failure message="Expected linebreaks to be &apos;LF&apos; but found &apos;CRLF&apos;."><![CDATA[line 4, col 54, Error - Expected linebreaks to be &apos;LF&apos; but found &apos;CRLF&apos;. (linebreak-style)]]></failure></testcase>
<testcase time="0" name="org.eslint.semi" classname="C:\work\dyrectorio\web\crux-ui\src\pages\api\teams\active"><failure message="Missing semicolon."><![CDATA[line 4, col 54, Error - Missing semicolon. (semi)]]></failure></testcase>
<testcase time="0" name="org.eslint.linebreak-style" classname="C:\work\dyrectorio\web\crux-ui\src\pages\api\teams\active"><failure message="Expected linebreaks to be &apos;LF&apos; but found &apos;CRLF&apos;."><![CDATA[line 5, col 72, Error - Expected linebreaks to be &apos;LF&apos; but found &apos;CRLF&apos;. (linebreak-style)]]></failure></testcase>
<testcase time="0" name="org.eslint.semi" classname="C:\work\dyrectorio\web\crux-ui\src\pages\api\teams\active"><failure message="Missing semicolon."><![CDATA[line 5, col 72, Error - Missing semicolon. (semi)]]></failure></testcase>
<testcase time="0" name="org.eslint.linebreak-style" classname="C:\work\dyrectorio\web\crux-ui\src\pages\api\teams\active"><failure message="Expected linebreaks to be &apos;LF&apos; but found &apos;CRLF&apos;."><![CDATA[line 6, col 55, Error - Expected linebreaks to be &apos;LF&apos; but found &apos;CRLF&apos;. (linebreak-style)]]></failure></testcase>
<testcase time="0" name="org.eslint.semi" classname="C:\work\dyrectorio\web\crux-ui\src\pages\api\teams\active"><failure message="Missing semicolon."><![CDATA[line 6, col 55, Error - Missing semicolon. (semi)]]></failure></testcase>
<testcase time="0" name="org.eslint.linebreak-style" classname="C:\work\dyrectorio\web\crux-ui\src\pages\api\teams\active"><failure message="Expected linebreaks to be &apos;LF&apos; but found &apos;CRLF&apos;."><![CDATA[line 7, col 1, Error - Expected linebreaks to be &apos;LF&apos; but found &apos;CRLF&apos;. (linebreak-style)]]></failure></testcase>
<testcase time="0" name="org.eslint.linebreak-style" classname="C:\work\dyrectorio\web\crux-ui\src\pages\api\teams\active"><failure message="Expected linebreaks to be &apos;LF&apos; but found &apos;CRLF&apos;."><![CDATA[line 8, col 69, Error - Expected linebreaks to be &apos;LF&apos; but found &apos;CRLF&apos;. (linebreak-style)]]></failure></testcase>
<testcase time="0" name="org.eslint.linebreak-style" classname="C:\work\dyrectorio\web\crux-ui\src\pages\api\teams\active"><failure message="Expected linebreaks to be &apos;LF&apos; but found &apos;CRLF&apos;."><![CDATA[line 9, col 53, Error - Expected linebreaks to be &apos;LF&apos; but found &apos;CRLF&apos;. (linebreak-style)]]></failure></testcase>
<testcase time="0" name="org.eslint.semi" classname="C:\work\dyrectorio\web\crux-ui\src\pages\api\teams\active"><failure message="Missing semicolon."><![CDATA[line 9, col 53, Error - Missing semicolon. (semi)]]></failure></testcase>
<testcase time="0" name="org.eslint.linebreak-style" classname="C:\work\dyrectorio\web\crux-ui\src\pages\api\teams\active"><failure message="Expected linebreaks to be &apos;LF&apos; but found &apos;CRLF&apos;."><![CDATA[line 10, col 1, Error - Expected linebreaks to be &apos;LF&apos; but found &apos;CRLF&apos;. (linebreak-style)]]></failure></testcase>
<testcase time="0" name="org.eslint.linebreak-style" classname="C:\work\dyrectorio\web\crux-ui\src\pages\api\teams\active"><failure message="Expected linebreaks to be &apos;LF&apos; but found &apos;CRLF&apos;."><![CDATA[line 11, col 29, Error - Expected linebreaks to be &apos;LF&apos; but found &apos;CRLF&apos;. (linebreak-style)]]></failure></testcase>
<testcase time="0" name="org.eslint.semi" classname="C:\work\dyrectorio\web\crux-ui\src\pages\api\teams\active"><failure message="Missing semicolon."><![CDATA[line 11, col 29, Error - Missing semicolon. (semi)]]></failure></testcase>
<testcase time="0" name="org.eslint.linebreak-style" classname="C:\work\dyrectorio\web\crux-ui\src\pages\api\teams\active"><failure message="Expected linebreaks to be &apos;LF&apos; but found &apos;CRLF&apos;."><![CDATA[line 12, col 2, Error - Expected linebreaks to be &apos;LF&apos; but found &apos;CRLF&apos;. (linebreak-style)]]></failure></testcase>
<testcase time="0" name="org.eslint.semi" classname="C:\work\dyrectorio\web\crux-ui\src\pages\api\teams\active"><failure message="Missing semicolon."><![CDATA[line 12, col 2, Error - Missing semicolon. (semi)]]></failure></testcase>
<testcase time="0" name="org.eslint.linebreak-style" classname="C:\work\dyrectorio\web\crux-ui\src\pages\api\teams\active"><failure message="Expected linebreaks to be &apos;LF&apos; but found &apos;CRLF&apos;."><![CDATA[line 13, col 1, Error - Expected linebreaks to be &apos;LF&apos; but found &apos;CRLF&apos;. (linebreak-style)]]></failure></testcase>
<testcase time="0" name="org.eslint.linebreak-style" classname="C:\work\dyrectorio\web\crux-ui\src\pages\api\teams\active"><failure message="Expected linebreaks to be &apos;LF&apos; but found &apos;CRLF&apos;."><![CDATA[line 14, col 70, Error - Expected linebreaks to be &apos;LF&apos; but found &apos;CRLF&apos;. (linebreak-style)]]></failure></testcase>
<testcase time="0" name="org.eslint.linebreak-style" classname="C:\work\dyrectorio\web\crux-ui\src\pages\api\teams\active"><failure message="Expected linebreaks to be &apos;LF&apos; but found &apos;CRLF&apos;."><![CDATA[line 15, col 37, Error - Expected linebreaks to be &apos;LF&apos; but found &apos;CRLF&apos;. (linebreak-style)]]></failure></testcase>
<testcase time="0" name="org.eslint.semi" classname="C:\work\dyrectorio\web\crux-ui\src\pages\api\teams\active"><failure message="Missing semicolon."><![CDATA[line 15, col 37, Error - Missing semicolon. (semi)]]></failure></testcase>
<testcase time="0" name="org.eslint.linebreak-style" classname="C:\work\dyrectorio\web\crux-ui\src\pages\api\teams\active"><failure message="Expected linebreaks to be &apos;LF&apos; but found &apos;CRLF&apos;."><![CDATA[line 16, col 1, Error - Expected linebreaks to be &apos;LF&apos; but found &apos;CRLF&apos;. (linebreak-style)]]></failure></testcase>
<testcase time="0" name="org.eslint.linebreak-style" classname="C:\work\dyrectorio\web\crux-ui\src\pages\api\teams\active"><failure message="Expected linebreaks to be &apos;LF&apos; but found &apos;CRLF&apos;."><![CDATA[line 17, col 43, Error - Expected linebreaks to be &apos;LF&apos; but found &apos;CRLF&apos;. (linebreak-style)]]></failure></testcase>
<testcase time="0" name="org.eslint.semi" classname="C:\work\dyrectorio\web\crux-ui\src\pages\api\teams\active"><failure message="Missing semicolon."><![CDATA[line 17, col 43, Error - Missing semicolon. (semi)]]></failure></testcase>
<testcase time="0" name="org.eslint.linebreak-style" classname="C:\work\dyrectorio\web\crux-ui\src\pages\api\teams\active"><failure message="Expected linebreaks to be &apos;LF&apos; but found &apos;CRLF&apos;."><![CDATA[line 18, col 1, Error - Expected linebreaks to be &apos;LF&apos; but found &apos;CRLF&apos;. (linebreak-style)]]></failure></testcase>
<testcase time="0" name="org.eslint.linebreak-style" classname="C:\work\dyrectorio\web\crux-ui\src\pages\api\teams\active"><failure message="Expected linebreaks to be &apos;LF&apos; but found &apos;CRLF&apos;."><![CDATA[line 19, col 24, Error - Expected linebreaks to be &apos;LF&apos; but found &apos;CRLF&apos;. (linebreak-style)]]></failure></testcase>
<testcase time="0" name="org.eslint.semi" classname="C:\work\dyrectorio\web\crux-ui\src\pages\api\teams\active"><failure message="Missing semicolon."><![CDATA[line 19, col 24, Error - Missing semicolon. (semi)]]></failure></testcase>
<testcase time="0" name="org.eslint.linebreak-style" classname="C:\work\dyrectorio\web\crux-ui\src\pages\api\teams\active"><failure message="Expected linebreaks to be &apos;LF&apos; but found &apos;CRLF&apos;."><![CDATA[line 20, col 2, Error - Expected linebreaks to be &apos;LF&apos; but found &apos;CRLF&apos;. (linebreak-style)]]></failure></testcase>
<testcase time="0" name="org.eslint.semi" classname="C:\work\dyrectorio\web\crux-ui\src\pages\api\teams\active"><failure message="Missing semicolon."><![CDATA[line 20, col 2, Error - Missing semicolon. (semi)]]></failure></testcase>
<testcase time="0" name="org.eslint.linebreak-style" classname="C:\work\dyrectorio\web\crux-ui\src\pages\api\teams\active"><failure message="Expected linebreaks to be &apos;LF&apos; but found &apos;CRLF&apos;."><![CDATA[line 21, col 1, Error - Expected linebreaks to be &apos;LF&apos; but found &apos;CRLF&apos;. (linebreak-style)]]></failure></testcase>
<testcase time="0" name="org.eslint.linebreak-style" classname="C:\work\dyrectorio\web\crux-ui\src\pages\api\teams\active"><failure message="Expected linebreaks to be &apos;LF&apos; but found &apos;CRLF&apos;."><![CDATA[line 22, col 33, Error - Expected linebreaks to be &apos;LF&apos; but found &apos;CRLF&apos;. (linebreak-style)]]></failure></testcase>
<testcase time="0" name="org.eslint.object-shorthand" classname="C:\work\dyrectorio\web\crux-ui\src\pages\api\teams\active"><failure message="Expected property shorthand."><![CDATA[line 23, col 3, Error - Expected property shorthand. (object-shorthand)]]></failure></testcase>
<testcase time="0" name="org.eslint.linebreak-style" classname="C:\work\dyrectorio\web\crux-ui\src\pages\api\teams\active"><failure message="Expected linebreaks to be &apos;LF&apos; but found &apos;CRLF&apos;."><![CDATA[line 23, col 16, Error - Expected linebreaks to be &apos;LF&apos; but found &apos;CRLF&apos;. (linebreak-style)]]></failure></testcase>
<testcase time="0" name="org.eslint.linebreak-style" classname="C:\work\dyrectorio\web\crux-ui\src\pages\api\teams\active"><failure message="Expected linebreaks to be &apos;LF&apos; but found &apos;CRLF&apos;."><![CDATA[line 24, col 12, Error - Expected linebreaks to be &apos;LF&apos; but found &apos;CRLF&apos;. (linebreak-style)]]></failure></testcase>
<testcase time="0" name="org.eslint.linebreak-style" classname="C:\work\dyrectorio\web\crux-ui\src\pages\api\teams\active"><failure message="Expected linebreaks to be &apos;LF&apos; but found &apos;CRLF&apos;."><![CDATA[line 25, col 62, Error - Expected linebreaks to be &apos;LF&apos; but found &apos;CRLF&apos;. (linebreak-style)]]></failure></testcase>
<testcase time="0" name="org.eslint.linebreak-style" classname="C:\work\dyrectorio\web\crux-ui\src\pages\api\teams\active"><failure message="Expected linebreaks to be &apos;LF&apos; but found &apos;CRLF&apos;."><![CDATA[line 26, col 22, Error - Expected linebreaks to be &apos;LF&apos; but found &apos;CRLF&apos;. (linebreak-style)]]></failure></testcase>
<testcase time="0" name="org.eslint.linebreak-style" classname="C:\work\dyrectorio\web\crux-ui\src\pages\api\teams\active"><failure message="Expected linebreaks to be &apos;LF&apos; but found &apos;CRLF&apos;."><![CDATA[line 27, col 5, Error - Expected linebreaks to be &apos;LF&apos; but found &apos;CRLF&apos;. (linebreak-style)]]></failure></testcase>
<testcase time="0" name="org.eslint.linebreak-style" classname="C:\work\dyrectorio\web\crux-ui\src\pages\api\teams\active"><failure message="Expected linebreaks to be &apos;LF&apos; but found &apos;CRLF&apos;."><![CDATA[line 28, col 3, Error - Expected linebreaks to be &apos;LF&apos; but found &apos;CRLF&apos;. (linebreak-style)]]></failure></testcase>
<testcase time="0" name="org.eslint.semi" classname="C:\work\dyrectorio\web\crux-ui\src\pages\api\teams\active"><failure message="Missing semicolon."><![CDATA[line 28, col 3, Error - Missing semicolon. (semi)]]></failure></testcase>
</testsuite>
<testsuite package="org.eslint" time="0" tests="20" errors="20" name="C:\work\dyrectorio\web\crux-ui\src\pages\api\whoami.ts">
<testcase time="0" name="org.eslint.linebreak-style" classname="C:\work\dyrectorio\web\crux-ui\src\pages\api\whoami"><failure message="Expected linebreaks to be &apos;LF&apos; but found &apos;CRLF&apos;."><![CDATA[line 1, col 37, Error - Expected linebreaks to be &apos;LF&apos; but found &apos;CRLF&apos;. (linebreak-style)]]></failure></testcase>
<testcase time="0" name="org.eslint.semi" classname="C:\work\dyrectorio\web\crux-ui\src\pages\api\whoami"><failure message="Missing semicolon."><![CDATA[line 1, col 37, Error - Missing semicolon. (semi)]]></failure></testcase>
<testcase time="0" name="org.eslint.linebreak-style" classname="C:\work\dyrectorio\web\crux-ui\src\pages\api\whoami"><failure message="Expected linebreaks to be &apos;LF&apos; but found &apos;CRLF&apos;."><![CDATA[line 2, col 54, Error - Expected linebreaks to be &apos;LF&apos; but found &apos;CRLF&apos;. (linebreak-style)]]></failure></testcase>
<testcase time="0" name="org.eslint.semi" classname="C:\work\dyrectorio\web\crux-ui\src\pages\api\whoami"><failure message="Missing semicolon."><![CDATA[line 2, col 54, Error - Missing semicolon. (semi)]]></failure></testcase>
<testcase time="0" name="org.eslint.linebreak-style" classname="C:\work\dyrectorio\web\crux-ui\src\pages\api\whoami"><failure message="Expected linebreaks to be &apos;LF&apos; but found &apos;CRLF&apos;."><![CDATA[line 3, col 55, Error - Expected linebreaks to be &apos;LF&apos; but found &apos;CRLF&apos;. (linebreak-style)]]></failure></testcase>
<testcase time="0" name="org.eslint.semi" classname="C:\work\dyrectorio\web\crux-ui\src\pages\api\whoami"><failure message="Missing semicolon."><![CDATA[line 3, col 55, Error - Missing semicolon. (semi)]]></failure></testcase>
<testcase time="0" name="org.eslint.linebreak-style" classname="C:\work\dyrectorio\web\crux-ui\src\pages\api\whoami"><failure message="Expected linebreaks to be &apos;LF&apos; but found &apos;CRLF&apos;."><![CDATA[line 4, col 1, Error - Expected linebreaks to be &apos;LF&apos; but found &apos;CRLF&apos;. (linebreak-style)]]></failure></testcase>
<testcase time="0" name="org.eslint.linebreak-style" classname="C:\work\dyrectorio\web\crux-ui\src\pages\api\whoami"><failure message="Expected linebreaks to be &apos;LF&apos; but found &apos;CRLF&apos;."><![CDATA[line 5, col 70, Error - Expected linebreaks to be &apos;LF&apos; but found &apos;CRLF&apos;. (linebreak-style)]]></failure></testcase>
<testcase time="0" name="org.eslint.linebreak-style" classname="C:\work\dyrectorio\web\crux-ui\src\pages\api\whoami"><failure message="Expected linebreaks to be &apos;LF&apos; but found &apos;CRLF&apos;."><![CDATA[line 6, col 51, Error - Expected linebreaks to be &apos;LF&apos; but found &apos;CRLF&apos;. (linebreak-style)]]></failure></testcase>
<testcase time="0" name="org.eslint.semi" classname="C:\work\dyrectorio\web\crux-ui\src\pages\api\whoami"><failure message="Missing semicolon."><![CDATA[line 6, col 51, Error - Missing semicolon. (semi)]]></failure></testcase>
<testcase time="0" name="org.eslint.linebreak-style" classname="C:\work\dyrectorio\web\crux-ui\src\pages\api\whoami"><failure message="Expected linebreaks to be &apos;LF&apos; but found &apos;CRLF&apos;."><![CDATA[line 7, col 1, Error - Expected linebreaks to be &apos;LF&apos; but found &apos;CRLF&apos;. (linebreak-style)]]></failure></testcase>
<testcase time="0" name="org.eslint.linebreak-style" classname="C:\work\dyrectorio\web\crux-ui\src\pages\api\whoami"><failure message="Expected linebreaks to be &apos;LF&apos; but found &apos;CRLF&apos;."><![CDATA[line 8, col 29, Error - Expected linebreaks to be &apos;LF&apos; but found &apos;CRLF&apos;. (linebreak-style)]]></failure></testcase>
<testcase time="0" name="org.eslint.semi" classname="C:\work\dyrectorio\web\crux-ui\src\pages\api\whoami"><failure message="Missing semicolon."><![CDATA[line 8, col 29, Error - Missing semicolon. (semi)]]></failure></testcase>
<testcase time="0" name="org.eslint.linebreak-style" classname="C:\work\dyrectorio\web\crux-ui\src\pages\api\whoami"><failure message="Expected linebreaks to be &apos;LF&apos; but found &apos;CRLF&apos;."><![CDATA[line 9, col 2, Error - Expected linebreaks to be &apos;LF&apos; but found &apos;CRLF&apos;. (linebreak-style)]]></failure></testcase>
<testcase time="0" name="org.eslint.semi" classname="C:\work\dyrectorio\web\crux-ui\src\pages\api\whoami"><failure message="Missing semicolon."><![CDATA[line 9, col 2, Error - Missing semicolon. (semi)]]></failure></testcase>
<testcase time="0" name="org.eslint.linebreak-style" classname="C:\work\dyrectorio\web\crux-ui\src\pages\api\whoami"><failure message="Expected linebreaks to be &apos;LF&apos; but found &apos;CRLF&apos;."><![CDATA[line 10, col 1, Error - Expected linebreaks to be &apos;LF&apos; but found &apos;CRLF&apos;. (linebreak-style)]]></failure></testcase>
<testcase time="0" name="org.eslint.linebreak-style" classname="C:\work\dyrectorio\web\crux-ui\src\pages\api\whoami"><failure message="Expected linebreaks to be &apos;LF&apos; but found &apos;CRLF&apos;."><![CDATA[line 11, col 33, Error - Expected linebreaks to be &apos;LF&apos; but found &apos;CRLF&apos;. (linebreak-style)]]></failure></testcase>
<testcase time="0" name="org.eslint.linebreak-style" classname="C:\work\dyrectorio\web\crux-ui\src\pages\api\whoami"><failure message="Expected linebreaks to be &apos;LF&apos; but found &apos;CRLF&apos;."><![CDATA[line 12, col 10, Error - Expected linebreaks to be &apos;LF&apos; but found &apos;CRLF&apos;. (linebreak-style)]]></failure></testcase>
<testcase time="0" name="org.eslint.linebreak-style" classname="C:\work\dyrectorio\web\crux-ui\src\pages\api\whoami"><failure message="Expected linebreaks to be &apos;LF&apos; but found &apos;CRLF&apos;."><![CDATA[line 13, col 3, Error - Expected linebreaks to be &apos;LF&apos; but found &apos;CRLF&apos;. (linebreak-style)]]></failure></testcase>
<testcase time="0" name="org.eslint.semi" classname="C:\work\dyrectorio\web\crux-ui\src\pages\api\whoami"><failure message="Missing semicolon."><![CDATA[line 13, col 3, Error - Missing semicolon. (semi)]]></failure></testcase>
</testsuite>
<testsuite package="org.eslint" time="0" tests="31" errors="31" name="C:\work\dyrectorio\web\crux-ui\src\server\auth-middleware.ts">
<testcase time="0" name="org.eslint.linebreak-style" classname="C:\work\dyrectorio\web\crux-ui\src\server\auth-middleware"><failure message="Expected linebreaks to be &apos;LF&apos; but found &apos;CRLF&apos;."><![CDATA[line 1, col 55, Error - Expected linebreaks to be &apos;LF&apos; but found &apos;CRLF&apos;. (linebreak-style)]]></failure></testcase>
<testcase time="0" name="org.eslint.semi" classname="C:\work\dyrectorio\web\crux-ui\src\server\auth-middleware"><failure message="Missing semicolon."><![CDATA[line 1, col 55, Error - Missing semicolon. (semi)]]></failure></testcase>
<testcase time="0" name="org.eslint.import/extensions" classname="C:\work\dyrectorio\web\crux-ui\src\server\auth-middleware"><failure message="Missing file extension &quot;ts&quot; for &quot;./error-middleware&quot;"><![CDATA[line 2, col 35, Error - Missing file extension &quot;ts&quot; for &quot;./error-middleware&quot; (import/extensions)]]></failure></testcase>
<testcase time="0" name="org.eslint.linebreak-style" classname="C:\work\dyrectorio\web\crux-ui\src\server\auth-middleware"><failure message="Expected linebreaks to be &apos;LF&apos; but found &apos;CRLF&apos;."><![CDATA[line 2, col 55, Error - Expected linebreaks to be &apos;LF&apos; but found &apos;CRLF&apos;. (linebreak-style)]]></failure></testcase>
<testcase time="0" name="org.eslint.semi" classname="C:\work\dyrectorio\web\crux-ui\src\server\auth-middleware"><failure message="Missing semicolon."><![CDATA[line 2, col 55, Error - Missing semicolon. (semi)]]></failure></testcase>
<testcase time="0" name="org.eslint.import/extensions" classname="C:\work\dyrectorio\web\crux-ui\src\server\auth-middleware"><failure message="Missing file extension &quot;ts&quot; for &quot;./kratos&quot;"><![CDATA[line 3, col 65, Error - Missing file extension &quot;ts&quot; for &quot;./kratos&quot; (import/extensions)]]></failure></testcase>
<testcase time="0" name="org.eslint.linebreak-style" classname="C:\work\dyrectorio\web\crux-ui\src\server\auth-middleware"><failure message="Expected linebreaks to be &apos;LF&apos; but found &apos;CRLF&apos;."><![CDATA[line 3, col 75, Error - Expected linebreaks to be &apos;LF&apos; but found &apos;CRLF&apos;. (linebreak-style)]]></failure></testcase>
<testcase time="0" name="org.eslint.semi" classname="C:\work\dyrectorio\web\crux-ui\src\server\auth-middleware"><failure message="Missing semicolon."><![CDATA[line 3, col 75, Error - Missing semicolon. (semi)]]></failure></testcase>
<testcase time="0" name="org.eslint.linebreak-style" classname="C:\work\dyrectorio\web\crux-ui\src\server\auth-middleware"><failure message="Expected linebreaks to be &apos;LF&apos; but found &apos;CRLF&apos;."><![CDATA[line 4, col 1, Error - Expected linebreaks to be &apos;LF&apos; but found &apos;CRLF&apos;. (linebreak-style)]]></failure></testcase>
<testcase time="0" name="org.eslint.import/prefer-default-export" classname="C:\work\dyrectorio\web\crux-ui\src\server\auth-middleware"><failure message="Prefer default export."><![CDATA[line 5, col 1, Error - Prefer default export. (import/prefer-default-export)]]></failure></testcase>
<testcase time="0" name="org.eslint.linebreak-style" classname="C:\work\dyrectorio\web\crux-ui\src\server\auth-middleware"><failure message="Expected linebreaks to be &apos;LF&apos; but found &apos;CRLF&apos;."><![CDATA[line 5, col 49, Error - Expected linebreaks to be &apos;LF&apos; but found &apos;CRLF&apos;. (linebreak-style)]]></failure></testcase>
<testcase time="0" name="org.eslint.linebreak-style" classname="C:\work\dyrectorio\web\crux-ui\src\server\auth-middleware"><failure message="Expected linebreaks to be &apos;LF&apos; but found &apos;CRLF&apos;."><![CDATA[line 6, col 23, Error - Expected linebreaks to be &apos;LF&apos; but found &apos;CRLF&apos;. (linebreak-style)]]></failure></testcase>
<testcase time="0" name="org.eslint.linebreak-style" classname="C:\work\dyrectorio\web\crux-ui\src\server\auth-middleware"><failure message="Expected linebreaks to be &apos;LF&apos; but found &apos;CRLF&apos;."><![CDATA[line 7, col 24, Error - Expected linebreaks to be &apos;LF&apos; but found &apos;CRLF&apos;. (linebreak-style)]]></failure></testcase>
<testcase time="0" name="org.eslint.linebreak-style" classname="C:\work\dyrectorio\web\crux-ui\src\server\auth-middleware"><failure message="Expected linebreaks to be &apos;LF&apos; but found &apos;CRLF&apos;."><![CDATA[line 8, col 29, Error - Expected linebreaks to be &apos;LF&apos; but found &apos;CRLF&apos;. (linebreak-style)]]></failure></testcase>
<testcase time="0" name="org.eslint.linebreak-style" classname="C:\work\dyrectorio\web\crux-ui\src\server\auth-middleware"><failure message="Expected linebreaks to be &apos;LF&apos; but found &apos;CRLF&apos;."><![CDATA[line 9, col 7, Error - Expected linebreaks to be &apos;LF&apos; but found &apos;CRLF&apos;. (linebreak-style)]]></failure></testcase>
<testcase time="0" name="org.eslint.linebreak-style" classname="C:\work\dyrectorio\web\crux-ui\src\server\auth-middleware"><failure message="Expected linebreaks to be &apos;LF&apos; but found &apos;CRLF&apos;."><![CDATA[line 10, col 49, Error - Expected linebreaks to be &apos;LF&apos; but found &apos;CRLF&apos;. (linebreak-style)]]></failure></testcase>
<testcase time="0" name="org.eslint.semi" classname="C:\work\dyrectorio\web\crux-ui\src\server\auth-middleware"><failure message="Missing semicolon."><![CDATA[line 10, col 49, Error - Missing semicolon. (semi)]]></failure></testcase>
<testcase time="0" name="org.eslint.linebreak-style" classname="C:\work\dyrectorio\web\crux-ui\src\server\auth-middleware"><failure message="Expected linebreaks to be &apos;LF&apos; but found &apos;CRLF&apos;."><![CDATA[line 11, col 18, Error - Expected linebreaks to be &apos;LF&apos; but found &apos;CRLF&apos;. (linebreak-style)]]></failure></testcase>
<testcase time="0" name="org.eslint.linebreak-style" classname="C:\work\dyrectorio\web\crux-ui\src\server\auth-middleware"><failure message="Expected linebreaks to be &apos;LF&apos; but found &apos;CRLF&apos;."><![CDATA[line 12, col 49, Error - Expected linebreaks to be &apos;LF&apos; but found &apos;CRLF&apos;. (linebreak-style)]]></failure></testcase>
<testcase time="0" name="org.eslint.semi" classname="C:\work\dyrectorio\web\crux-ui\src\server\auth-middleware"><failure message="Missing semicolon."><![CDATA[line 12, col 49, Error - Missing semicolon. (semi)]]></failure></testcase>
<testcase time="0" name="org.eslint.linebreak-style" classname="C:\work\dyrectorio\web\crux-ui\src\server\auth-middleware"><failure message="Expected linebreaks to be &apos;LF&apos; but found &apos;CRLF&apos;."><![CDATA[line 13, col 4, Error - Expected linebreaks to be &apos;LF&apos; but found &apos;CRLF&apos;. (linebreak-style)]]></failure></testcase>
<testcase time="0" name="org.eslint.linebreak-style" classname="C:\work\dyrectorio\web\crux-ui\src\server\auth-middleware"><failure message="Expected linebreaks to be &apos;LF&apos; but found &apos;CRLF&apos;."><![CDATA[line 14, col 1, Error - Expected linebreaks to be &apos;LF&apos; but found &apos;CRLF&apos;. (linebreak-style)]]></failure></testcase>
<testcase time="0" name="org.eslint.linebreak-style" classname="C:\work\dyrectorio\web\crux-ui\src\server\auth-middleware"><failure message="Expected linebreaks to be &apos;LF&apos; but found &apos;CRLF&apos;."><![CDATA[line 15, col 56, Error - Expected linebreaks to be &apos;LF&apos; but found &apos;CRLF&apos;. (linebreak-style)]]></failure></testcase>
<testcase time="0" name="org.eslint.semi" classname="C:\work\dyrectorio\web\crux-ui\src\server\auth-middleware"><failure message="Missing semicolon."><![CDATA[line 15, col 56, Error - Missing semicolon. (semi)]]></failure></testcase>
<testcase time="0" name="org.eslint.linebreak-style" classname="C:\work\dyrectorio\web\crux-ui\src\server\auth-middleware"><failure message="Expected linebreaks to be &apos;LF&apos; but found &apos;CRLF&apos;."><![CDATA[line 16, col 32, Error - Expected linebreaks to be &apos;LF&apos; but found &apos;CRLF&apos;. (linebreak-style)]]></failure></testcase>
<testcase time="0" name="org.eslint.semi" classname="C:\work\dyrectorio\web\crux-ui\src\server\auth-middleware"><failure message="Missing semicolon."><![CDATA[line 16, col 32, Error - Missing semicolon. (semi)]]></failure></testcase>
<testcase time="0" name="org.eslint.linebreak-style" classname="C:\work\dyrectorio\web\crux-ui\src\server\auth-middleware"><failure message="Expected linebreaks to be &apos;LF&apos; but found &apos;CRLF&apos;."><![CDATA[line 17, col 1, Error - Expected linebreaks to be &apos;LF&apos; but found &apos;CRLF&apos;. (linebreak-style)]]></failure></testcase>
<testcase time="0" name="org.eslint.linebreak-style" classname="C:\work\dyrectorio\web\crux-ui\src\server\auth-middleware"><failure message="Expected linebreaks to be &apos;LF&apos; but found &apos;CRLF&apos;."><![CDATA[line 18, col 15, Error - Expected linebreaks to be &apos;LF&apos; but found &apos;CRLF&apos;. (linebreak-style)]]></failure></testcase>
<testcase time="0" name="org.eslint.semi" classname="C:\work\dyrectorio\web\crux-ui\src\server\auth-middleware"><failure message="Missing semicolon."><![CDATA[line 18, col 15, Error - Missing semicolon. (semi)]]></failure></testcase>
<testcase time="0" name="org.eslint.linebreak-style" classname="C:\work\dyrectorio\web\crux-ui\src\server\auth-middleware"><failure message="Expected linebreaks to be &apos;LF&apos; but found &apos;CRLF&apos;."><![CDATA[line 19, col 2, Error - Expected linebreaks to be &apos;LF&apos; but found &apos;CRLF&apos;. (linebreak-style)]]></failure></testcase>
<testcase time="0" name="org.eslint.semi" classname="C:\work\dyrectorio\web\crux-ui\src\server\auth-middleware"><failure message="Missing semicolon."><![CDATA[line 19, col 2, Error - Missing semicolon. (semi)]]></failure></testcase>
</testsuite>
<testsuite package="org.eslint" time="0" tests="47" errors="47" name="C:\work\dyrectorio\web\crux-ui\src\server\captcha.ts">
<testcase time="0" name="org.eslint.import/extensions" classname="C:\work\dyrectorio\web\crux-ui\src\server\captcha"><failure message="Missing file extension &quot;ts&quot; for &quot;./error-middleware&quot;"><![CDATA[line 1, col 66, Error - Missing file extension &quot;ts&quot; for &quot;./error-middleware&quot; (import/extensions)]]></failure></testcase>
<testcase time="0" name="org.eslint.linebreak-style" classname="C:\work\dyrectorio\web\crux-ui\src\server\captcha"><failure message="Expected linebreaks to be &apos;LF&apos; but found &apos;CRLF&apos;."><![CDATA[line 1, col 86, Error - Expected linebreaks to be &apos;LF&apos; but found &apos;CRLF&apos;. (linebreak-style)]]></failure></testcase>
<testcase time="0" name="org.eslint.semi" classname="C:\work\dyrectorio\web\crux-ui\src\server\captcha"><failure message="Missing semicolon."><![CDATA[line 1, col 86, Error - Missing semicolon. (semi)]]></failure></testcase>
<testcase time="0" name="org.eslint.linebreak-style" classname="C:\work\dyrectorio\web\crux-ui\src\server\captcha"><failure message="Expected linebreaks to be &apos;LF&apos; but found &apos;CRLF&apos;."><![CDATA[line 2, col 1, Error - Expected linebreaks to be &apos;LF&apos; but found &apos;CRLF&apos;. (linebreak-style)]]></failure></testcase>
<testcase time="0" name="org.eslint.linebreak-style" classname="C:\work\dyrectorio\web\crux-ui\src\server\captcha"><failure message="Expected linebreaks to be &apos;LF&apos; but found &apos;CRLF&apos;."><![CDATA[line 3, col 78, Error - Expected linebreaks to be &apos;LF&apos; but found &apos;CRLF&apos;. (linebreak-style)]]></failure></testcase>
<testcase time="0" name="org.eslint.semi" classname="C:\work\dyrectorio\web\crux-ui\src\server\captcha"><failure message="Missing semicolon."><![CDATA[line 3, col 78, Error - Missing semicolon. (semi)]]></failure></testcase>
<testcase time="0" name="org.eslint.linebreak-style" classname="C:\work\dyrectorio\web\crux-ui\src\server\captcha"><failure message="Expected linebreaks to be &apos;LF&apos; but found &apos;CRLF&apos;."><![CDATA[line 4, col 1, Error - Expected linebreaks to be &apos;LF&apos; but found &apos;CRLF&apos;. (linebreak-style)]]></failure></testcase>
<testcase time="0" name="org.eslint.linebreak-style" classname="C:\work\dyrectorio\web\crux-ui\src\server\captcha"><failure message="Expected linebreaks to be &apos;LF&apos; but found &apos;CRLF&apos;."><![CDATA[line 5, col 75, Error - Expected linebreaks to be &apos;LF&apos; but found &apos;CRLF&apos;. (linebreak-style)]]></failure></testcase>
<testcase time="0" name="org.eslint.linebreak-style" classname="C:\work\dyrectorio\web\crux-ui\src\server\captcha"><failure message="Expected linebreaks to be &apos;LF&apos; but found &apos;CRLF&apos;."><![CDATA[line 6, col 27, Error - Expected linebreaks to be &apos;LF&apos; but found &apos;CRLF&apos;. (linebreak-style)]]></failure></testcase>
<testcase time="0" name="org.eslint.linebreak-style" classname="C:\work\dyrectorio\web\crux-ui\src\server\captcha"><failure message="Expected linebreaks to be &apos;LF&apos; but found &apos;CRLF&apos;."><![CDATA[line 7, col 11, Error - Expected linebreaks to be &apos;LF&apos; but found &apos;CRLF&apos;. (linebreak-style)]]></failure></testcase>
<testcase time="0" name="org.eslint.semi" classname="C:\work\dyrectorio\web\crux-ui\src\server\captcha"><failure message="Missing semicolon."><![CDATA[line 7, col 11, Error - Missing semicolon. (semi)]]></failure></testcase>
<testcase time="0" name="org.eslint.linebreak-style" classname="C:\work\dyrectorio\web\crux-ui\src\server\captcha"><failure message="Expected linebreaks to be &apos;LF&apos; but found &apos;CRLF&apos;."><![CDATA[line 8, col 4, Error - Expected linebreaks to be &apos;LF&apos; but found &apos;CRLF&apos;. (linebreak-style)]]></failure></testcase>
<testcase time="0" name="org.eslint.linebreak-style" classname="C:\work\dyrectorio\web\crux-ui\src\server\captcha"><failure message="Expected linebreaks to be &apos;LF&apos; but found &apos;CRLF&apos;."><![CDATA[line 9, col 1, Error - Expected linebreaks to be &apos;LF&apos; but found &apos;CRLF&apos;. (linebreak-style)]]></failure></testcase>
<testcase time="0" name="org.eslint.linebreak-style" classname="C:\work\dyrectorio\web\crux-ui\src\server\captcha"><failure message="Expected linebreaks to be &apos;LF&apos; but found &apos;CRLF&apos;."><![CDATA[line 10, col 18, Error - Expected linebreaks to be &apos;LF&apos; but found &apos;CRLF&apos;. (linebreak-style)]]></failure></testcase>
<testcase time="0" name="org.eslint.linebreak-style" classname="C:\work\dyrectorio\web\crux-ui\src\server\captcha"><failure message="Expected linebreaks to be &apos;LF&apos; but found &apos;CRLF&apos;."><![CDATA[line 11, col 38, Error - Expected linebreaks to be &apos;LF&apos; but found &apos;CRLF&apos;. (linebreak-style)]]></failure></testcase>
<testcase time="0" name="org.eslint.semi" classname="C:\work\dyrectorio\web\crux-ui\src\server\captcha"><failure message="Missing semicolon."><![CDATA[line 11, col 38, Error - Missing semicolon. (semi)]]></failure></testcase>
<testcase time="0" name="org.eslint.linebreak-style" classname="C:\work\dyrectorio\web\crux-ui\src\server\captcha"><failure message="Expected linebreaks to be &apos;LF&apos; but found &apos;CRLF&apos;."><![CDATA[line 12, col 4, Error - Expected linebreaks to be &apos;LF&apos; but found &apos;CRLF&apos;. (linebreak-style)]]></failure></testcase>
<testcase time="0" name="org.eslint.linebreak-style" classname="C:\work\dyrectorio\web\crux-ui\src\server\captcha"><failure message="Expected linebreaks to be &apos;LF&apos; but found &apos;CRLF&apos;."><![CDATA[line 13, col 1, Error - Expected linebreaks to be &apos;LF&apos; but found &apos;CRLF&apos;. (linebreak-style)]]></failure></testcase>
<testcase time="0" name="org.eslint.linebreak-style" classname="C:\work\dyrectorio\web\crux-ui\src\server\captcha"><failure message="Expected linebreaks to be &apos;LF&apos; but found &apos;CRLF&apos;."><![CDATA[line 14, col 22, Error - Expected linebreaks to be &apos;LF&apos; but found &apos;CRLF&apos;. (linebreak-style)]]></failure></testcase>
<testcase time="0" name="org.eslint.semi" classname="C:\work\dyrectorio\web\crux-ui\src\server\captcha"><failure message="Missing semicolon."><![CDATA[line 14, col 22, Error - Missing semicolon. (semi)]]></failure></testcase>
<testcase time="0" name="org.eslint.linebreak-style" classname="C:\work\dyrectorio\web\crux-ui\src\server\captcha"><failure message="Expected linebreaks to be &apos;LF&apos; but found &apos;CRLF&apos;."><![CDATA[line 15, col 8, Error - Expected linebreaks to be &apos;LF&apos; but found &apos;CRLF&apos;. (linebreak-style)]]></failure></testcase>
<testcase time="0" name="org.eslint.linebreak-style" classname="C:\work\dyrectorio\web\crux-ui\src\server\captcha"><failure message="Expected linebreaks to be &apos;LF&apos; but found &apos;CRLF&apos;."><![CDATA[line 16, col 29, Error - Expected linebreaks to be &apos;LF&apos; but found &apos;CRLF&apos;. (linebreak-style)]]></failure></testcase>
<testcase time="0" name="org.eslint.linebreak-style" classname="C:\work\dyrectorio\web\crux-ui\src\server\captcha"><failure message="Expected linebreaks to be &apos;LF&apos; but found &apos;CRLF&apos;."><![CDATA[line 17, col 120, Error - Expected linebreaks to be &apos;LF&apos; but found &apos;CRLF&apos;. (linebreak-style)]]></failure></testcase>
<testcase time="0" name="org.eslint.linebreak-style" classname="C:\work\dyrectorio\web\crux-ui\src\server\captcha"><failure message="Expected linebreaks to be &apos;LF&apos; but found &apos;CRLF&apos;."><![CDATA[line 18, col 8, Error - Expected linebreaks to be &apos;LF&apos; but found &apos;CRLF&apos;. (linebreak-style)]]></failure></testcase>
<testcase time="0" name="org.eslint.linebreak-style" classname="C:\work\dyrectorio\web\crux-ui\src\server\captcha"><failure message="Expected linebreaks to be &apos;LF&apos; but found &apos;CRLF&apos;."><![CDATA[line 19, col 19, Error - Expected linebreaks to be &apos;LF&apos; but found &apos;CRLF&apos;. (linebreak-style)]]></failure></testcase>
<testcase time="0" name="org.eslint.linebreak-style" classname="C:\work\dyrectorio\web\crux-ui\src\server\captcha"><failure message="Expected linebreaks to be &apos;LF&apos; but found &apos;CRLF&apos;."><![CDATA[line 20, col 78, Error - Expected linebreaks to be &apos;LF&apos; but found &apos;CRLF&apos;. (linebreak-style)]]></failure></testcase>
<testcase time="0" name="org.eslint.linebreak-style" classname="C:\work\dyrectorio\web\crux-ui\src\server\captcha"><failure message="Expected linebreaks to be &apos;LF&apos; but found &apos;CRLF&apos;."><![CDATA[line 21, col 11, Error - Expected linebreaks to be &apos;LF&apos; but found &apos;CRLF&apos;. (linebreak-style)]]></failure></testcase>
<testcase time="0" name="org.eslint.linebreak-style" classname="C:\work\dyrectorio\web\crux-ui\src\server\captcha"><failure message="Expected linebreaks to be &apos;LF&apos; but found &apos;CRLF&apos;."><![CDATA[line 22, col 24, Error - Expected linebreaks to be &apos;LF&apos; but found &apos;CRLF&apos;. (linebreak-style)]]></failure></testcase>
<testcase time="0" name="org.eslint.linebreak-style" classname="C:\work\dyrectorio\web\crux-ui\src\server\captcha"><failure message="Expected linebreaks to be &apos;LF&apos; but found &apos;CRLF&apos;."><![CDATA[line 23, col 9, Error - Expected linebreaks to be &apos;LF&apos; but found &apos;CRLF&apos;. (linebreak-style)]]></failure></testcase>
<testcase time="0" name="org.eslint.linebreak-style" classname="C:\work\dyrectorio\web\crux-ui\src\server\captcha"><failure message="Expected linebreaks to be &apos;LF&apos; but found &apos;CRLF&apos;."><![CDATA[line 24, col 6, Error - Expected linebreaks to be &apos;LF&apos; but found &apos;CRLF&apos;. (linebreak-style)]]></failure></testcase>
<testcase time="0" name="org.eslint.semi" classname="C:\work\dyrectorio\web\crux-ui\src\server\captcha"><failure message="Missing semicolon."><![CDATA[line 24, col 6, Error - Missing semicolon. (semi)]]></failure></testcase>
<testcase time="0" name="org.eslint.linebreak-style" classname="C:\work\dyrectorio\web\crux-ui\src\server\captcha"><failure message="Expected linebreaks to be &apos;LF&apos; but found &apos;CRLF&apos;."><![CDATA[line 25, col 1, Error - Expected linebreaks to be &apos;LF&apos; but found &apos;CRLF&apos;. (linebreak-style)]]></failure></testcase>
<testcase time="0" name="org.eslint.linebreak-style" classname="C:\work\dyrectorio\web\crux-ui\src\server\captcha"><failure message="Expected linebreaks to be &apos;LF&apos; but found &apos;CRLF&apos;."><![CDATA[line 26, col 33, Error - Expected linebreaks to be &apos;LF&apos; but found &apos;CRLF&apos;. (linebreak-style)]]></failure></testcase>
<testcase time="0" name="org.eslint.semi" classname="C:\work\dyrectorio\web\crux-ui\src\server\captcha"><failure message="Missing semicolon."><![CDATA[line 26, col 33, Error - Missing semicolon. (semi)]]></failure></testcase>
<testcase time="0" name="org.eslint.linebreak-style" classname="C:\work\dyrectorio\web\crux-ui\src\server\captcha"><failure message="Expected linebreaks to be &apos;LF&apos; but found &apos;CRLF&apos;."><![CDATA[line 27, col 26, Error - Expected linebreaks to be &apos;LF&apos; but found &apos;CRLF&apos;. (linebreak-style)]]></failure></testcase>
<testcase time="0" name="org.eslint.semi" classname="C:\work\dyrectorio\web\crux-ui\src\server\captcha"><failure message="Missing semicolon."><![CDATA[line 27, col 26, Error - Missing semicolon. (semi)]]></failure></testcase>
<testcase time="0" name="org.eslint.linebreak-style" classname="C:\work\dyrectorio\web\crux-ui\src\server\captcha"><failure message="Expected linebreaks to be &apos;LF&apos; but found &apos;CRLF&apos;."><![CDATA[line 28, col 20, Error - Expected linebreaks to be &apos;LF&apos; but found &apos;CRLF&apos;. (linebreak-style)]]></failure></testcase>
<testcase time="0" name="org.eslint.linebreak-style" classname="C:\work\dyrectorio\web\crux-ui\src\server\captcha"><failure message="Expected linebreaks to be &apos;LF&apos; but found &apos;CRLF&apos;."><![CDATA[line 29, col 64, Error - Expected linebreaks to be &apos;LF&apos; but found &apos;CRLF&apos;. (linebreak-style)]]></failure></testcase>
<testcase time="0" name="org.eslint.semi" classname="C:\work\dyrectorio\web\crux-ui\src\server\captcha"><failure message="Missing semicolon."><![CDATA[line 29, col 64, Error - Missing semicolon. (semi)]]></failure></testcase>
<testcase time="0" name="org.eslint.linebreak-style" classname="C:\work\dyrectorio\web\crux-ui\src\server\captcha"><failure message="Expected linebreaks to be &apos;LF&apos; but found &apos;CRLF&apos;."><![CDATA[line 30, col 4, Error - Expected linebreaks to be &apos;LF&apos; but found &apos;CRLF&apos;. (linebreak-style)]]></failure></testcase>
<testcase time="0" name="org.eslint.linebreak-style" classname="C:\work\dyrectorio\web\crux-ui\src\server\captcha"><failure message="Expected linebreaks to be &apos;LF&apos; but found &apos;CRLF&apos;."><![CDATA[line 31, col 1, Error - Expected linebreaks to be &apos;LF&apos; but found &apos;CRLF&apos;. (linebreak-style)]]></failure></testcase>
<testcase time="0" name="org.eslint.linebreak-style" classname="C:\work\dyrectorio\web\crux-ui\src\server\captcha"><failure message="Expected linebreaks to be &apos;LF&apos; but found &apos;CRLF&apos;."><![CDATA[line 32, col 18, Error - Expected linebreaks to be &apos;LF&apos; but found &apos;CRLF&apos;. (linebreak-style)]]></failure></testcase>
<testcase time="0" name="org.eslint.linebreak-style" classname="C:\work\dyrectorio\web\crux-ui\src\server\captcha"><failure message="Expected linebreaks to be &apos;LF&apos; but found &apos;CRLF&apos;."><![CDATA[line 33, col 37, Error - Expected linebreaks to be &apos;LF&apos; but found &apos;CRLF&apos;. (linebreak-style)]]></failure></testcase>
<testcase time="0" name="org.eslint.semi" classname="C:\work\dyrectorio\web\crux-ui\src\server\captcha"><failure message="Missing semicolon."><![CDATA[line 33, col 37, Error - Missing semicolon. (semi)]]></failure></testcase>
<testcase time="0" name="org.eslint.linebreak-style" classname="C:\work\dyrectorio\web\crux-ui\src\server\captcha"><failure message="Expected linebreaks to be &apos;LF&apos; but found &apos;CRLF&apos;."><![CDATA[line 34, col 4, Error - Expected linebreaks to be &apos;LF&apos; but found &apos;CRLF&apos;. (linebreak-style)]]></failure></testcase>
<testcase time="0" name="org.eslint.linebreak-style" classname="C:\work\dyrectorio\web\crux-ui\src\server\captcha"><failure message="Expected linebreaks to be &apos;LF&apos; but found &apos;CRLF&apos;."><![CDATA[line 35, col 2, Error - Expected linebreaks to be &apos;LF&apos; but found &apos;CRLF&apos;. (linebreak-style)]]></failure></testcase>
<testcase time="0" name="org.eslint.semi" classname="C:\work\dyrectorio\web\crux-ui\src\server\captcha"><failure message="Missing semicolon."><![CDATA[line 35, col 2, Error - Missing semicolon. (semi)]]></failure></testcase>
</testsuite>
<testsuite package="org.eslint" time="0" tests="155" errors="155" name="C:\work\dyrectorio\web\crux-ui\src\server\container-status-watchers.ts">
<testcase time="0" name="org.eslint.max-classes-per-file" classname="C:\work\dyrectorio\web\crux-ui\src\server\container-status-watchers"><failure message="File has too many classes (2). Maximum allowed is 1."><![CDATA[line 1, col 1, Error - File has too many classes (2). Maximum allowed is 1. (max-classes-per-file)]]></failure></testcase>
<testcase time="0" name="org.eslint.linebreak-style" classname="C:\work\dyrectorio\web\crux-ui\src\server\container-status-watchers"><failure message="Expected linebreaks to be &apos;LF&apos; but found &apos;CRLF&apos;."><![CDATA[line 1, col 82, Error - Expected linebreaks to be &apos;LF&apos; but found &apos;CRLF&apos;. (linebreak-style)]]></failure></testcase>
<testcase time="0" name="org.eslint.semi" classname="C:\work\dyrectorio\web\crux-ui\src\server\container-status-watchers"><failure message="Missing semicolon."><![CDATA[line 1, col 82, Error - Missing semicolon. (semi)]]></failure></testcase>
<testcase time="0" name="org.eslint.linebreak-style" classname="C:\work\dyrectorio\web\crux-ui\src\server\container-status-watchers"><failure message="Expected linebreaks to be &apos;LF&apos; but found &apos;CRLF&apos;."><![CDATA[line 2, col 81, Error - Expected linebreaks to be &apos;LF&apos; but found &apos;CRLF&apos;. (linebreak-style)]]></failure></testcase>
<testcase time="0" name="org.eslint.semi" classname="C:\work\dyrectorio\web\crux-ui\src\server\container-status-watchers"><failure message="Missing semicolon."><![CDATA[line 2, col 81, Error - Missing semicolon. (semi)]]></failure></testcase>
<testcase time="0" name="org.eslint.linebreak-style" classname="C:\work\dyrectorio\web\crux-ui\src\server\container-status-watchers"><failure message="Expected linebreaks to be &apos;LF&apos; but found &apos;CRLF&apos;."><![CDATA[line 3, col 54, Error - Expected linebreaks to be &apos;LF&apos; but found &apos;CRLF&apos;. (linebreak-style)]]></failure></testcase>
<testcase time="0" name="org.eslint.semi" classname="C:\work\dyrectorio\web\crux-ui\src\server\container-status-watchers"><failure message="Missing semicolon."><![CDATA[line 3, col 54, Error - Missing semicolon. (semi)]]></failure></testcase>
<testcase time="0" name="org.eslint.import/extensions" classname="C:\work\dyrectorio\web\crux-ui\src\server\container-status-watchers"><failure message="Missing file extension &quot;ts&quot; for &quot;./crux/grpc-connection&quot;"><![CDATA[line 4, col 32, Error - Missing file extension &quot;ts&quot; for &quot;./crux/grpc-connection&quot; (import/extensions)]]></failure></testcase>
<testcase time="0" name="org.eslint.linebreak-style" classname="C:\work\dyrectorio\web\crux-ui\src\server\container-status-watchers"><failure message="Expected linebreaks to be &apos;LF&apos; but found &apos;CRLF&apos;."><![CDATA[line 4, col 56, Error - Expected linebreaks to be &apos;LF&apos; but found &apos;CRLF&apos;. (linebreak-style)]]></failure></testcase>
<testcase time="0" name="org.eslint.semi" classname="C:\work\dyrectorio\web\crux-ui\src\server\container-status-watchers"><failure message="Missing semicolon."><![CDATA[line 4, col 56, Error - Missing semicolon. (semi)]]></failure></testcase>
<testcase time="0" name="org.eslint.import/extensions" classname="C:\work\dyrectorio\web\crux-ui\src\server\container-status-watchers"><failure message="Missing file extension &quot;ts&quot; for &quot;./crux/node-service&quot;"><![CDATA[line 5, col 28, Error - Missing file extension &quot;ts&quot; for &quot;./crux/node-service&quot; (import/extensions)]]></failure></testcase>
<testcase time="0" name="org.eslint.linebreak-style" classname="C:\work\dyrectorio\web\crux-ui\src\server\container-status-watchers"><failure message="Expected linebreaks to be &apos;LF&apos; but found &apos;CRLF&apos;."><![CDATA[line 5, col 49, Error - Expected linebreaks to be &apos;LF&apos; but found &apos;CRLF&apos;. (linebreak-style)]]></failure></testcase>
<testcase time="0" name="org.eslint.semi" classname="C:\work\dyrectorio\web\crux-ui\src\server\container-status-watchers"><failure message="Missing semicolon."><![CDATA[line 5, col 49, Error - Missing semicolon. (semi)]]></failure></testcase>
<testcase time="0" name="org.eslint.linebreak-style" classname="C:\work\dyrectorio\web\crux-ui\src\server\container-status-watchers"><failure message="Expected linebreaks to be &apos;LF&apos; but found &apos;CRLF&apos;."><![CDATA[line 6, col 1, Error - Expected linebreaks to be &apos;LF&apos; but found &apos;CRLF&apos;. (linebreak-style)]]></failure></testcase>
<testcase time="0" name="org.eslint.linebreak-style" classname="C:\work\dyrectorio\web\crux-ui\src\server\container-status-watchers"><failure message="Expected linebreaks to be &apos;LF&apos; but found &apos;CRLF&apos;."><![CDATA[line 7, col 31, Error - Expected linebreaks to be &apos;LF&apos; but found &apos;CRLF&apos;. (linebreak-style)]]></failure></testcase>
<testcase time="0" name="org.eslint.linebreak-style" classname="C:\work\dyrectorio\web\crux-ui\src\server\container-status-watchers"><failure message="Expected linebreaks to be &apos;LF&apos; but found &apos;CRLF&apos;."><![CDATA[line 8, col 87, Error - Expected linebreaks to be &apos;LF&apos; but found &apos;CRLF&apos;. (linebreak-style)]]></failure></testcase>
<testcase time="0" name="org.eslint.semi" classname="C:\work\dyrectorio\web\crux-ui\src\server\container-status-watchers"><failure message="Missing semicolon."><![CDATA[line 8, col 87, Error - Missing semicolon. (semi)]]></failure></testcase>
<testcase time="0" name="org.eslint.lines-between-class-members" classname="C:\work\dyrectorio\web\crux-ui\src\server\container-status-watchers"><failure message="Expected blank line between class members."><![CDATA[line 9, col 3, Error - Expected blank line between class members. (lines-between-class-members)]]></failure></testcase>
<testcase time="0" name="org.eslint.linebreak-style" classname="C:\work\dyrectorio\web\crux-ui\src\server\container-status-watchers"><failure message="Expected linebreaks to be &apos;LF&apos; but found &apos;CRLF&apos;."><![CDATA[line 9, col 53, Error - Expected linebreaks to be &apos;LF&apos; but found &apos;CRLF&apos;. (linebreak-style)]]></failure></testcase>
<testcase time="0" name="org.eslint.semi" classname="C:\work\dyrectorio\web\crux-ui\src\server\container-status-watchers"><failure message="Missing semicolon."><![CDATA[line 9, col 53, Error - Missing semicolon. (semi)]]></failure></testcase>
<testcase time="0" name="org.eslint.linebreak-style" classname="C:\work\dyrectorio\web\crux-ui\src\server\container-status-watchers"><failure message="Expected linebreaks to be &apos;LF&apos; but found &apos;CRLF&apos;."><![CDATA[line 10, col 1, Error - Expected linebreaks to be &apos;LF&apos; but found &apos;CRLF&apos;. (linebreak-style)]]></failure></testcase>
<testcase time="0" name="org.eslint.no-useless-constructor" classname="C:\work\dyrectorio\web\crux-ui\src\server\container-status-watchers"><failure message="Useless constructor."><![CDATA[line 11, col 3, Error - Useless constructor. (no-useless-constructor)]]></failure></testcase>
<testcase time="0" name="org.eslint.no-empty-function" classname="C:\work\dyrectorio\web\crux-ui\src\server\container-status-watchers"><failure message="Unexpected empty constructor."><![CDATA[line 11, col 38, Error - Unexpected empty constructor. (no-empty-function)]]></failure></testcase>
<testcase time="0" name="org.eslint.linebreak-style" classname="C:\work\dyrectorio\web\crux-ui\src\server\container-status-watchers"><failure message="Expected linebreaks to be &apos;LF&apos; but found &apos;CRLF&apos;."><![CDATA[line 11, col 40, Error - Expected linebreaks to be &apos;LF&apos; but found &apos;CRLF&apos;. (linebreak-style)]]></failure></testcase>
<testcase time="0" name="org.eslint.linebreak-style" classname="C:\work\dyrectorio\web\crux-ui\src\server\container-status-watchers"><failure message="Expected linebreaks to be &apos;LF&apos; but found &apos;CRLF&apos;."><![CDATA[line 12, col 1, Error - Expected linebreaks to be &apos;LF&apos; but found &apos;CRLF&apos;. (linebreak-style)]]></failure></testcase>
<testcase time="0" name="org.eslint.linebreak-style" classname="C:\work\dyrectorio\web\crux-ui\src\server\container-status-watchers"><failure message="Expected linebreaks to be &apos;LF&apos; but found &apos;CRLF&apos;."><![CDATA[line 13, col 81, Error - Expected linebreaks to be &apos;LF&apos; but found &apos;CRLF&apos;. (linebreak-style)]]></failure></testcase>
<testcase time="0" name="org.eslint.linebreak-style" classname="C:\work\dyrectorio\web\crux-ui\src\server\container-status-watchers"><failure message="Expected linebreaks to be &apos;LF&apos; but found &apos;CRLF&apos;."><![CDATA[line 14, col 35, Error - Expected linebreaks to be &apos;LF&apos; but found &apos;CRLF&apos;. (linebreak-style)]]></failure></testcase>
<testcase time="0" name="org.eslint.semi" classname="C:\work\dyrectorio\web\crux-ui\src\server\container-status-watchers"><failure message="Missing semicolon."><![CDATA[line 14, col 35, Error - Missing semicolon. (semi)]]></failure></testcase>
<testcase time="0" name="org.eslint.linebreak-style" classname="C:\work\dyrectorio\web\crux-ui\src\server\container-status-watchers"><failure message="Expected linebreaks to be &apos;LF&apos; but found &apos;CRLF&apos;."><![CDATA[line 15, col 1, Error - Expected linebreaks to be &apos;LF&apos; but found &apos;CRLF&apos;. (linebreak-style)]]></failure></testcase>
<testcase time="0" name="org.eslint.linebreak-style" classname="C:\work\dyrectorio\web\crux-ui\src\server\container-status-watchers"><failure message="Expected linebreaks to be &apos;LF&apos; but found &apos;CRLF&apos;."><![CDATA[line 16, col 71, Error - Expected linebreaks to be &apos;LF&apos; but found &apos;CRLF&apos;. (linebreak-style)]]></failure></testcase>
<testcase time="0" name="org.eslint.arrow-parens" classname="C:\work\dyrectorio\web\crux-ui\src\server\container-status-watchers"><failure message="Expected parentheses around arrow function argument."><![CDATA[line 17, col 18, Error - Expected parentheses around arrow function argument. (arrow-parens)]]></failure></testcase>
<testcase time="0" name="org.eslint.linebreak-style" classname="C:\work\dyrectorio\web\crux-ui\src\server\container-status-watchers"><failure message="Expected linebreaks to be &apos;LF&apos; but found &apos;CRLF&apos;."><![CDATA[line 17, col 30, Error - Expected linebreaks to be &apos;LF&apos; but found &apos;CRLF&apos;. (linebreak-style)]]></failure></testcase>
<testcase time="0" name="org.eslint.arrow-parens" classname="C:\work\dyrectorio\web\crux-ui\src\server\container-status-watchers"><failure message="Expected parentheses around arrow function argument."><![CDATA[line 18, col 34, Error - Expected parentheses around arrow function argument. (arrow-parens)]]></failure></testcase>
<testcase time="0" name="org.eslint.linebreak-style" classname="C:\work\dyrectorio\web\crux-ui\src\server\container-status-watchers"><failure message="Expected linebreaks to be &apos;LF&apos; but found &apos;CRLF&apos;."><![CDATA[line 18, col 88, Error - Expected linebreaks to be &apos;LF&apos; but found &apos;CRLF&apos;. (linebreak-style)]]></failure></testcase>
<testcase time="0" name="org.eslint.semi" classname="C:\work\dyrectorio\web\crux-ui\src\server\container-status-watchers"><failure message="Missing semicolon."><![CDATA[line 18, col 88, Error - Missing semicolon. (semi)]]></failure></testcase>
<testcase time="0" name="org.eslint.linebreak-style" classname="C:\work\dyrectorio\web\crux-ui\src\server\container-status-watchers"><failure message="Expected linebreaks to be &apos;LF&apos; but found &apos;CRLF&apos;."><![CDATA[line 19, col 9, Error - Expected linebreaks to be &apos;LF&apos; but found &apos;CRLF&apos;. (linebreak-style)]]></failure></testcase>
<testcase time="0" name="org.eslint.linebreak-style" classname="C:\work\dyrectorio\web\crux-ui\src\server\container-status-watchers"><failure message="Expected linebreaks to be &apos;LF&apos; but found &apos;CRLF&apos;."><![CDATA[line 20, col 7, Error - Expected linebreaks to be &apos;LF&apos; but found &apos;CRLF&apos;. (linebreak-style)]]></failure></testcase>
<testcase time="0" name="org.eslint.semi" classname="C:\work\dyrectorio\web\crux-ui\src\server\container-status-watchers"><failure message="Missing semicolon."><![CDATA[line 20, col 7, Error - Missing semicolon. (semi)]]></failure></testcase>
<testcase time="0" name="org.eslint.linebreak-style" classname="C:\work\dyrectorio\web\crux-ui\src\server\container-status-watchers"><failure message="Expected linebreaks to be &apos;LF&apos; but found &apos;CRLF&apos;."><![CDATA[line 21, col 4, Error - Expected linebreaks to be &apos;LF&apos; but found &apos;CRLF&apos;. (linebreak-style)]]></failure></testcase>
<testcase time="0" name="org.eslint.linebreak-style" classname="C:\work\dyrectorio\web\crux-ui\src\server\container-status-watchers"><failure message="Expected linebreaks to be &apos;LF&apos; but found &apos;CRLF&apos;."><![CDATA[line 22, col 1, Error - Expected linebreaks to be &apos;LF&apos; but found &apos;CRLF&apos;. (linebreak-style)]]></failure></testcase>
<testcase time="0" name="org.eslint.linebreak-style" classname="C:\work\dyrectorio\web\crux-ui\src\server\container-status-watchers"><failure message="Expected linebreaks to be &apos;LF&apos; but found &apos;CRLF&apos;."><![CDATA[line 23, col 44, Error - Expected linebreaks to be &apos;LF&apos; but found &apos;CRLF&apos;. (linebreak-style)]]></failure></testcase>
<testcase time="0" name="org.eslint.linebreak-style" classname="C:\work\dyrectorio\web\crux-ui\src\server\container-status-watchers"><failure message="Expected linebreaks to be &apos;LF&apos; but found &apos;CRLF&apos;."><![CDATA[line 24, col 37, Error - Expected linebreaks to be &apos;LF&apos; but found &apos;CRLF&apos;. (linebreak-style)]]></failure></testcase>
<testcase time="0" name="org.eslint.semi" classname="C:\work\dyrectorio\web\crux-ui\src\server\container-status-watchers"><failure message="Missing semicolon."><![CDATA[line 24, col 37, Error - Missing semicolon. (semi)]]></failure></testcase>
<testcase time="0" name="org.eslint.linebreak-style" classname="C:\work\dyrectorio\web\crux-ui\src\server\container-status-watchers"><failure message="Expected linebreaks to be &apos;LF&apos; but found &apos;CRLF&apos;."><![CDATA[line 25, col 4, Error - Expected linebreaks to be &apos;LF&apos; but found &apos;CRLF&apos;. (linebreak-style)]]></failure></testcase>
<testcase time="0" name="org.eslint.linebreak-style" classname="C:\work\dyrectorio\web\crux-ui\src\server\container-status-watchers"><failure message="Expected linebreaks to be &apos;LF&apos; but found &apos;CRLF&apos;."><![CDATA[line 26, col 1, Error - Expected linebreaks to be &apos;LF&apos; but found &apos;CRLF&apos;. (linebreak-style)]]></failure></testcase>
<testcase time="0" name="org.eslint.linebreak-style" classname="C:\work\dyrectorio\web\crux-ui\src\server\container-status-watchers"><failure message="Expected linebreaks to be &apos;LF&apos; but found &apos;CRLF&apos;."><![CDATA[line 27, col 56, Error - Expected linebreaks to be &apos;LF&apos; but found &apos;CRLF&apos;. (linebreak-style)]]></failure></testcase>
<testcase time="0" name="org.eslint.linebreak-style" classname="C:\work\dyrectorio\web\crux-ui\src\server\container-status-watchers"><failure message="Expected linebreaks to be &apos;LF&apos; but found &apos;CRLF&apos;."><![CDATA[line 28, col 40, Error - Expected linebreaks to be &apos;LF&apos; but found &apos;CRLF&apos;. (linebreak-style)]]></failure></testcase>
<testcase time="0" name="org.eslint.semi" classname="C:\work\dyrectorio\web\crux-ui\src\server\container-status-watchers"><failure message="Missing semicolon."><![CDATA[line 28, col 40, Error - Missing semicolon. (semi)]]></failure></testcase>
<testcase time="0" name="org.eslint.linebreak-style" classname="C:\work\dyrectorio\web\crux-ui\src\server\container-status-watchers"><failure message="Expected linebreaks to be &apos;LF&apos; but found &apos;CRLF&apos;."><![CDATA[line 29, col 1, Error - Expected linebreaks to be &apos;LF&apos; but found &apos;CRLF&apos;. (linebreak-style)]]></failure></testcase>
<testcase time="0" name="org.eslint.linebreak-style" classname="C:\work\dyrectorio\web\crux-ui\src\server\container-status-watchers"><failure message="Expected linebreaks to be &apos;LF&apos; but found &apos;CRLF&apos;."><![CDATA[line 30, col 37, Error - Expected linebreaks to be &apos;LF&apos; but found &apos;CRLF&apos;. (linebreak-style)]]></failure></testcase>
<testcase time="0" name="org.eslint.linebreak-style" classname="C:\work\dyrectorio\web\crux-ui\src\server\container-status-watchers"><failure message="Expected linebreaks to be &apos;LF&apos; but found &apos;CRLF&apos;."><![CDATA[line 31, col 26, Error - Expected linebreaks to be &apos;LF&apos; but found &apos;CRLF&apos;. (linebreak-style)]]></failure></testcase>
<testcase time="0" name="org.eslint.semi" classname="C:\work\dyrectorio\web\crux-ui\src\server\container-status-watchers"><failure message="Missing semicolon."><![CDATA[line 31, col 26, Error - Missing semicolon. (semi)]]></failure></testcase>
<testcase time="0" name="org.eslint.linebreak-style" classname="C:\work\dyrectorio\web\crux-ui\src\server\container-status-watchers"><failure message="Expected linebreaks to be &apos;LF&apos; but found &apos;CRLF&apos;."><![CDATA[line 32, col 23, Error - Expected linebreaks to be &apos;LF&apos; but found &apos;CRLF&apos;. (linebreak-style)]]></failure></testcase>
<testcase time="0" name="org.eslint.semi" classname="C:\work\dyrectorio\web\crux-ui\src\server\container-status-watchers"><failure message="Missing semicolon."><![CDATA[line 32, col 23, Error - Missing semicolon. (semi)]]></failure></testcase>
<testcase time="0" name="org.eslint.linebreak-style" classname="C:\work\dyrectorio\web\crux-ui\src\server\container-status-watchers"><failure message="Expected linebreaks to be &apos;LF&apos; but found &apos;CRLF&apos;."><![CDATA[line 33, col 18, Error - Expected linebreaks to be &apos;LF&apos; but found &apos;CRLF&apos;. (linebreak-style)]]></failure></testcase>
<testcase time="0" name="org.eslint.semi" classname="C:\work\dyrectorio\web\crux-ui\src\server\container-status-watchers"><failure message="Missing semicolon."><![CDATA[line 33, col 18, Error - Missing semicolon. (semi)]]></failure></testcase>
<testcase time="0" name="org.eslint.linebreak-style" classname="C:\work\dyrectorio\web\crux-ui\src\server\container-status-watchers"><failure message="Expected linebreaks to be &apos;LF&apos; but found &apos;CRLF&apos;."><![CDATA[line 34, col 6, Error - Expected linebreaks to be &apos;LF&apos; but found &apos;CRLF&apos;. (linebreak-style)]]></failure></testcase>
<testcase time="0" name="org.eslint.linebreak-style" classname="C:\work\dyrectorio\web\crux-ui\src\server\container-status-watchers"><failure message="Expected linebreaks to be &apos;LF&apos; but found &apos;CRLF&apos;."><![CDATA[line 35, col 1, Error - Expected linebreaks to be &apos;LF&apos; but found &apos;CRLF&apos;. (linebreak-style)]]></failure></testcase>
<testcase time="0" name="org.eslint.linebreak-style" classname="C:\work\dyrectorio\web\crux-ui\src\server\container-status-watchers"><failure message="Expected linebreaks to be &apos;LF&apos; but found &apos;CRLF&apos;."><![CDATA[line 36, col 17, Error - Expected linebreaks to be &apos;LF&apos; but found &apos;CRLF&apos;. (linebreak-style)]]></failure></testcase>
<testcase time="0" name="org.eslint.semi" classname="C:\work\dyrectorio\web\crux-ui\src\server\container-status-watchers"><failure message="Missing semicolon."><![CDATA[line 36, col 17, Error - Missing semicolon. (semi)]]></failure></testcase>
<testcase time="0" name="org.eslint.linebreak-style" classname="C:\work\dyrectorio\web\crux-ui\src\server\container-status-watchers"><failure message="Expected linebreaks to be &apos;LF&apos; but found &apos;CRLF&apos;."><![CDATA[line 37, col 4, Error - Expected linebreaks to be &apos;LF&apos; but found &apos;CRLF&apos;. (linebreak-style)]]></failure></testcase>
<testcase time="0" name="org.eslint.linebreak-style" classname="C:\work\dyrectorio\web\crux-ui\src\server\container-status-watchers"><failure message="Expected linebreaks to be &apos;LF&apos; but found &apos;CRLF&apos;."><![CDATA[line 38, col 2, Error - Expected linebreaks to be &apos;LF&apos; but found &apos;CRLF&apos;. (linebreak-style)]]></failure></testcase>
<testcase time="0" name="org.eslint.linebreak-style" classname="C:\work\dyrectorio\web\crux-ui\src\server\container-status-watchers"><failure message="Expected linebreaks to be &apos;LF&apos; but found &apos;CRLF&apos;."><![CDATA[line 39, col 1, Error - Expected linebreaks to be &apos;LF&apos; but found &apos;CRLF&apos;. (linebreak-style)]]></failure></testcase>
<testcase time="0" name="org.eslint.import/prefer-default-export" classname="C:\work\dyrectorio\web\crux-ui\src\server\container-status-watchers"><failure message="Prefer default export."><![CDATA[line 40, col 1, Error - Prefer default export. (import/prefer-default-export)]]></failure></testcase>
<testcase time="0" name="org.eslint.linebreak-style" classname="C:\work\dyrectorio\web\crux-ui\src\server\container-status-watchers"><failure message="Expected linebreaks to be &apos;LF&apos; but found &apos;CRLF&apos;."><![CDATA[line 40, col 45, Error - Expected linebreaks to be &apos;LF&apos; but found &apos;CRLF&apos;. (linebreak-style)]]></failure></testcase>
<testcase time="0" name="org.eslint.linebreak-style" classname="C:\work\dyrectorio\web\crux-ui\src\server\container-status-watchers"><failure message="Expected linebreaks to be &apos;LF&apos; but found &apos;CRLF&apos;."><![CDATA[line 41, col 68, Error - Expected linebreaks to be &apos;LF&apos; but found &apos;CRLF&apos;. (linebreak-style)]]></failure></testcase>
<testcase time="0" name="org.eslint.semi" classname="C:\work\dyrectorio\web\crux-ui\src\server\container-status-watchers"><failure message="Missing semicolon."><![CDATA[line 41, col 68, Error - Missing semicolon. (semi)]]></failure></testcase>
<testcase time="0" name="org.eslint.lines-between-class-members" classname="C:\work\dyrectorio\web\crux-ui\src\server\container-status-watchers"><failure message="Expected blank line between class members."><![CDATA[line 42, col 3, Error - Expected blank line between class members. (lines-between-class-members)]]></failure></testcase>
<testcase time="0" name="org.eslint.linebreak-style" classname="C:\work\dyrectorio\web\crux-ui\src\server\container-status-watchers"><failure message="Expected linebreaks to be &apos;LF&apos; but found &apos;CRLF&apos;."><![CDATA[line 42, col 75, Error - Expected linebreaks to be &apos;LF&apos; but found &apos;CRLF&apos;. (linebreak-style)]]></failure></testcase>
<testcase time="0" name="org.eslint.semi" classname="C:\work\dyrectorio\web\crux-ui\src\server\container-status-watchers"><failure message="Missing semicolon."><![CDATA[line 42, col 75, Error - Missing semicolon. (semi)]]></failure></testcase>
<testcase time="0" name="org.eslint.linebreak-style" classname="C:\work\dyrectorio\web\crux-ui\src\server\container-status-watchers"><failure message="Expected linebreaks to be &apos;LF&apos; but found &apos;CRLF&apos;."><![CDATA[line 43, col 1, Error - Expected linebreaks to be &apos;LF&apos; but found &apos;CRLF&apos;. (linebreak-style)]]></failure></testcase>
<testcase time="0" name="org.eslint.no-useless-constructor" classname="C:\work\dyrectorio\web\crux-ui\src\server\container-status-watchers"><failure message="Useless constructor."><![CDATA[line 44, col 3, Error - Useless constructor. (no-useless-constructor)]]></failure></testcase>
<testcase time="0" name="org.eslint.no-empty-function" classname="C:\work\dyrectorio\web\crux-ui\src\server\container-status-watchers"><failure message="Unexpected empty constructor."><![CDATA[line 44, col 39, Error - Unexpected empty constructor. (no-empty-function)]]></failure></testcase>
<testcase time="0" name="org.eslint.linebreak-style" classname="C:\work\dyrectorio\web\crux-ui\src\server\container-status-watchers"><failure message="Expected linebreaks to be &apos;LF&apos; but found &apos;CRLF&apos;."><![CDATA[line 44, col 41, Error - Expected linebreaks to be &apos;LF&apos; but found &apos;CRLF&apos;. (linebreak-style)]]></failure></testcase>
<testcase time="0" name="org.eslint.linebreak-style" classname="C:\work\dyrectorio\web\crux-ui\src\server\container-status-watchers"><failure message="Expected linebreaks to be &apos;LF&apos; but found &apos;CRLF&apos;."><![CDATA[line 45, col 1, Error - Expected linebreaks to be &apos;LF&apos; but found &apos;CRLF&apos;. (linebreak-style)]]></failure></testcase>
<testcase time="0" name="org.eslint.linebreak-style" classname="C:\work\dyrectorio\web\crux-ui\src\server\container-status-watchers"><failure message="Expected linebreaks to be &apos;LF&apos; but found &apos;CRLF&apos;."><![CDATA[line 46, col 89, Error - Expected linebreaks to be &apos;LF&apos; but found &apos;CRLF&apos;. (linebreak-style)]]></failure></testcase>
<testcase time="0" name="org.eslint.linebreak-style" classname="C:\work\dyrectorio\web\crux-ui\src\server\container-status-watchers"><failure message="Expected linebreaks to be &apos;LF&apos; but found &apos;CRLF&apos;."><![CDATA[line 47, col 44, Error - Expected linebreaks to be &apos;LF&apos; but found &apos;CRLF&apos;. (linebreak-style)]]></failure></testcase>
<testcase time="0" name="org.eslint.semi" classname="C:\work\dyrectorio\web\crux-ui\src\server\container-status-watchers"><failure message="Missing semicolon."><![CDATA[line 47, col 44, Error - Missing semicolon. (semi)]]></failure></testcase>
<testcase time="0" name="org.eslint.linebreak-style" classname="C:\work\dyrectorio\web\crux-ui\src\server\container-status-watchers"><failure message="Expected linebreaks to be &apos;LF&apos; but found &apos;CRLF&apos;."><![CDATA[line 48, col 20, Error - Expected linebreaks to be &apos;LF&apos; but found &apos;CRLF&apos;. (linebreak-style)]]></failure></testcase>
<testcase time="0" name="org.eslint.linebreak-style" classname="C:\work\dyrectorio\web\crux-ui\src\server\container-status-watchers"><failure message="Expected linebreaks to be &apos;LF&apos; but found &apos;CRLF&apos;."><![CDATA[line 49, col 51, Error - Expected linebreaks to be &apos;LF&apos; but found &apos;CRLF&apos;. (linebreak-style)]]></failure></testcase>
<testcase time="0" name="org.eslint.semi" classname="C:\work\dyrectorio\web\crux-ui\src\server\container-status-watchers"><failure message="Missing semicolon."><![CDATA[line 49, col 51, Error - Missing semicolon. (semi)]]></failure></testcase>
<testcase time="0" name="org.eslint.linebreak-style" classname="C:\work\dyrectorio\web\crux-ui\src\server\container-status-watchers"><failure message="Expected linebreaks to be &apos;LF&apos; but found &apos;CRLF&apos;."><![CDATA[line 50, col 58, Error - Expected linebreaks to be &apos;LF&apos; but found &apos;CRLF&apos;. (linebreak-style)]]></failure></testcase>
<testcase time="0" name="org.eslint.semi" classname="C:\work\dyrectorio\web\crux-ui\src\server\container-status-watchers"><failure message="Missing semicolon."><![CDATA[line 50, col 58, Error - Missing semicolon. (semi)]]></failure></testcase>
<testcase time="0" name="org.eslint.linebreak-style" classname="C:\work\dyrectorio\web\crux-ui\src\server\container-status-watchers"><failure message="Expected linebreaks to be &apos;LF&apos; but found &apos;CRLF&apos;."><![CDATA[line 51, col 41, Error - Expected linebreaks to be &apos;LF&apos; but found &apos;CRLF&apos;. (linebreak-style)]]></failure></testcase>
<testcase time="0" name="org.eslint.semi" classname="C:\work\dyrectorio\web\crux-ui\src\server\container-status-watchers"><failure message="Missing semicolon."><![CDATA[line 51, col 41, Error - Missing semicolon. (semi)]]></failure></testcase>
<testcase time="0" name="org.eslint.linebreak-style" classname="C:\work\dyrectorio\web\crux-ui\src\server\container-status-watchers"><failure message="Expected linebreaks to be &apos;LF&apos; but found &apos;CRLF&apos;."><![CDATA[line 52, col 13, Error - Expected linebreaks to be &apos;LF&apos; but found &apos;CRLF&apos;. (linebreak-style)]]></failure></testcase>
<testcase time="0" name="org.eslint.linebreak-style" classname="C:\work\dyrectorio\web\crux-ui\src\server\container-status-watchers"><failure message="Expected linebreaks to be &apos;LF&apos; but found &apos;CRLF&apos;."><![CDATA[line 53, col 40, Error - Expected linebreaks to be &apos;LF&apos; but found &apos;CRLF&apos;. (linebreak-style)]]></failure></testcase>
<testcase time="0" name="org.eslint.semi" classname="C:\work\dyrectorio\web\crux-ui\src\server\container-status-watchers"><failure message="Missing semicolon."><![CDATA[line 53, col 40, Error - Missing semicolon. (semi)]]></failure></testcase>
<testcase time="0" name="org.eslint.linebreak-style" classname="C:\work\dyrectorio\web\crux-ui\src\server\container-status-watchers"><failure message="Expected linebreaks to be &apos;LF&apos; but found &apos;CRLF&apos;."><![CDATA[line 54, col 6, Error - Expected linebreaks to be &apos;LF&apos; but found &apos;CRLF&apos;. (linebreak-style)]]></failure></testcase>
<testcase time="0" name="org.eslint.linebreak-style" classname="C:\work\dyrectorio\web\crux-ui\src\server\container-status-watchers"><failure message="Expected linebreaks to be &apos;LF&apos; but found &apos;CRLF&apos;."><![CDATA[line 55, col 1, Error - Expected linebreaks to be &apos;LF&apos; but found &apos;CRLF&apos;. (linebreak-style)]]></failure></testcase>
<testcase time="0" name="org.eslint.linebreak-style" classname="C:\work\dyrectorio\web\crux-ui\src\server\container-status-watchers"><failure message="Expected linebreaks to be &apos;LF&apos; but found &apos;CRLF&apos;."><![CDATA[line 56, col 61, Error - Expected linebreaks to be &apos;LF&apos; but found &apos;CRLF&apos;. (linebreak-style)]]></failure></testcase>
<testcase time="0" name="org.eslint.semi" classname="C:\work\dyrectorio\web\crux-ui\src\server\container-status-watchers"><failure message="Missing semicolon."><![CDATA[line 56, col 61, Error - Missing semicolon. (semi)]]></failure></testcase>
<testcase time="0" name="org.eslint.linebreak-style" classname="C:\work\dyrectorio\web\crux-ui\src\server\container-status-watchers"><failure message="Expected linebreaks to be &apos;LF&apos; but found &apos;CRLF&apos;."><![CDATA[line 57, col 21, Error - Expected linebreaks to be &apos;LF&apos; but found &apos;CRLF&apos;. (linebreak-style)]]></failure></testcase>
<testcase time="0" name="org.eslint.linebreak-style" classname="C:\work\dyrectorio\web\crux-ui\src\server\container-status-watchers"><failure message="Expected linebreaks to be &apos;LF&apos; but found &apos;CRLF&apos;."><![CDATA[line 58, col 27, Error - Expected linebreaks to be &apos;LF&apos; but found &apos;CRLF&apos;. (linebreak-style)]]></failure></testcase>
<testcase time="0" name="org.eslint.semi" classname="C:\work\dyrectorio\web\crux-ui\src\server\container-status-watchers"><failure message="Missing semicolon."><![CDATA[line 58, col 27, Error - Missing semicolon. (semi)]]></failure></testcase>
<testcase time="0" name="org.eslint.linebreak-style" classname="C:\work\dyrectorio\web\crux-ui\src\server\container-status-watchers"><failure message="Expected linebreaks to be &apos;LF&apos; but found &apos;CRLF&apos;."><![CDATA[line 59, col 58, Error - Expected linebreaks to be &apos;LF&apos; but found &apos;CRLF&apos;. (linebreak-style)]]></failure></testcase>
<testcase time="0" name="org.eslint.semi" classname="C:\work\dyrectorio\web\crux-ui\src\server\container-status-watchers"><failure message="Missing semicolon."><![CDATA[line 59, col 58, Error - Missing semicolon. (semi)]]></failure></testcase>
<testcase time="0" name="org.eslint.linebreak-style" classname="C:\work\dyrectorio\web\crux-ui\src\server\container-status-watchers"><failure message="Expected linebreaks to be &apos;LF&apos; but found &apos;CRLF&apos;."><![CDATA[line 60, col 6, Error - Expected linebreaks to be &apos;LF&apos; but found &apos;CRLF&apos;. (linebreak-style)]]></failure></testcase>
<testcase time="0" name="org.eslint.linebreak-style" classname="C:\work\dyrectorio\web\crux-ui\src\server\container-status-watchers"><failure message="Expected linebreaks to be &apos;LF&apos; but found &apos;CRLF&apos;."><![CDATA[line 61, col 1, Error - Expected linebreaks to be &apos;LF&apos; but found &apos;CRLF&apos;. (linebreak-style)]]></failure></testcase>
<testcase time="0" name="org.eslint.linebreak-style" classname="C:\work\dyrectorio\web\crux-ui\src\server\container-status-watchers"><failure message="Expected linebreaks to be &apos;LF&apos; but found &apos;CRLF&apos;."><![CDATA[line 62, col 25, Error - Expected linebreaks to be &apos;LF&apos; but found &apos;CRLF&apos;. (linebreak-style)]]></failure></testcase>
<testcase time="0" name="org.eslint.semi" classname="C:\work\dyrectorio\web\crux-ui\src\server\container-status-watchers"><failure message="Missing semicolon."><![CDATA[line 62, col 25, Error - Missing semicolon. (semi)]]></failure></testcase>
<testcase time="0" name="org.eslint.linebreak-style" classname="C:\work\dyrectorio\web\crux-ui\src\server\container-status-watchers"><failure message="Expected linebreaks to be &apos;LF&apos; but found &apos;CRLF&apos;."><![CDATA[line 63, col 4, Error - Expected linebreaks to be &apos;LF&apos; but found &apos;CRLF&apos;. (linebreak-style)]]></failure></testcase>
<testcase time="0" name="org.eslint.linebreak-style" classname="C:\work\dyrectorio\web\crux-ui\src\server\container-status-watchers"><failure message="Expected linebreaks to be &apos;LF&apos; but found &apos;CRLF&apos;."><![CDATA[line 64, col 1, Error - Expected linebreaks to be &apos;LF&apos; but found &apos;CRLF&apos;. (linebreak-style)]]></failure></testcase>
<testcase time="0" name="org.eslint.linebreak-style" classname="C:\work\dyrectorio\web\crux-ui\src\server\container-status-watchers"><failure message="Expected linebreaks to be &apos;LF&apos; but found &apos;CRLF&apos;."><![CDATA[line 65, col 59, Error - Expected linebreaks to be &apos;LF&apos; but found &apos;CRLF&apos;. (linebreak-style)]]></failure></testcase>
<testcase time="0" name="org.eslint.linebreak-style" classname="C:\work\dyrectorio\web\crux-ui\src\server\container-status-watchers"><failure message="Expected linebreaks to be &apos;LF&apos; but found &apos;CRLF&apos;."><![CDATA[line 66, col 57, Error - Expected linebreaks to be &apos;LF&apos; but found &apos;CRLF&apos;. (linebreak-style)]]></failure></testcase>
<testcase time="0" name="org.eslint.semi" classname="C:\work\dyrectorio\web\crux-ui\src\server\container-status-watchers"><failure message="Missing semicolon."><![CDATA[line 66, col 57, Error - Missing semicolon. (semi)]]></failure></testcase>
<testcase time="0" name="org.eslint.linebreak-style" classname="C:\work\dyrectorio\web\crux-ui\src\server\container-status-watchers"><failure message="Expected linebreaks to be &apos;LF&apos; but found &apos;CRLF&apos;."><![CDATA[line 67, col 1, Error - Expected linebreaks to be &apos;LF&apos; but found &apos;CRLF&apos;. (linebreak-style)]]></failure></testcase>
<testcase time="0" name="org.eslint.linebreak-style" classname="C:\work\dyrectorio\web\crux-ui\src\server\container-status-watchers"><failure message="Expected linebreaks to be &apos;LF&apos; but found &apos;CRLF&apos;."><![CDATA[line 68, col 63, Error - Expected linebreaks to be &apos;LF&apos; but found &apos;CRLF&apos;. (linebreak-style)]]></failure></testcase>
<testcase time="0" name="org.eslint.semi" classname="C:\work\dyrectorio\web\crux-ui\src\server\container-status-watchers"><failure message="Missing semicolon."><![CDATA[line 68, col 63, Error - Missing semicolon. (semi)]]></failure></testcase>
<testcase time="0" name="org.eslint.linebreak-style" classname="C:\work\dyrectorio\web\crux-ui\src\server\container-status-watchers"><failure message="Expected linebreaks to be &apos;LF&apos; but found &apos;CRLF&apos;."><![CDATA[line 69, col 21, Error - Expected linebreaks to be &apos;LF&apos; but found &apos;CRLF&apos;. (linebreak-style)]]></failure></testcase>
<testcase time="0" name="org.eslint.linebreak-style" classname="C:\work\dyrectorio\web\crux-ui\src\server\container-status-watchers"><failure message="Expected linebreaks to be &apos;LF&apos; but found &apos;CRLF&apos;."><![CDATA[line 70, col 13, Error - Expected linebreaks to be &apos;LF&apos; but found &apos;CRLF&apos;. (linebreak-style)]]></failure></testcase>
<testcase time="0" name="org.eslint.semi" classname="C:\work\dyrectorio\web\crux-ui\src\server\container-status-watchers"><failure message="Missing semicolon."><![CDATA[line 70, col 13, Error - Missing semicolon. (semi)]]></failure></testcase>
<testcase time="0" name="org.eslint.linebreak-style" classname="C:\work\dyrectorio\web\crux-ui\src\server\container-status-watchers"><failure message="Expected linebreaks to be &apos;LF&apos; but found &apos;CRLF&apos;."><![CDATA[line 71, col 6, Error - Expected linebreaks to be &apos;LF&apos; but found &apos;CRLF&apos;. (linebreak-style)]]></failure></testcase>
<testcase time="0" name="org.eslint.linebreak-style" classname="C:\work\dyrectorio\web\crux-ui\src\server\container-status-watchers"><failure message="Expected linebreaks to be &apos;LF&apos; but found &apos;CRLF&apos;."><![CDATA[line 72, col 1, Error - Expected linebreaks to be &apos;LF&apos; but found &apos;CRLF&apos;. (linebreak-style)]]></failure></testcase>
<testcase time="0" name="org.eslint.linebreak-style" classname="C:\work\dyrectorio\web\crux-ui\src\server\container-status-watchers"><failure message="Expected linebreaks to be &apos;LF&apos; but found &apos;CRLF&apos;."><![CDATA[line 73, col 28, Error - Expected linebreaks to be &apos;LF&apos; but found &apos;CRLF&apos;. (linebreak-style)]]></failure></testcase>
<testcase time="0" name="org.eslint.semi" classname="C:\work\dyrectorio\web\crux-ui\src\server\container-status-watchers"><failure message="Missing semicolon."><![CDATA[line 73, col 28, Error - Missing semicolon. (semi)]]></failure></testcase>
<testcase time="0" name="org.eslint.linebreak-style" classname="C:\work\dyrectorio\web\crux-ui\src\server\container-status-watchers"><failure message="Expected linebreaks to be &apos;LF&apos; but found &apos;CRLF&apos;."><![CDATA[line 74, col 29, Error - Expected linebreaks to be &apos;LF&apos; but found &apos;CRLF&apos;. (linebreak-style)]]></failure></testcase>
<testcase time="0" name="org.eslint.linebreak-style" classname="C:\work\dyrectorio\web\crux-ui\src\server\container-status-watchers"><failure message="Expected linebreaks to be &apos;LF&apos; but found &apos;CRLF&apos;."><![CDATA[line 75, col 51, Error - Expected linebreaks to be &apos;LF&apos; but found &apos;CRLF&apos;. (linebreak-style)]]></failure></testcase>
<testcase time="0" name="org.eslint.semi" classname="C:\work\dyrectorio\web\crux-ui\src\server\container-status-watchers"><failure message="Missing semicolon."><![CDATA[line 75, col 51, Error - Missing semicolon. (semi)]]></failure></testcase>
<testcase time="0" name="org.eslint.linebreak-style" classname="C:\work\dyrectorio\web\crux-ui\src\server\container-status-watchers"><failure message="Expected linebreaks to be &apos;LF&apos; but found &apos;CRLF&apos;."><![CDATA[line 76, col 6, Error - Expected linebreaks to be &apos;LF&apos; but found &apos;CRLF&apos;. (linebreak-style)]]></failure></testcase>
<testcase time="0" name="org.eslint.linebreak-style" classname="C:\work\dyrectorio\web\crux-ui\src\server\container-status-watchers"><failure message="Expected linebreaks to be &apos;LF&apos; but found &apos;CRLF&apos;."><![CDATA[line 77, col 4, Error - Expected linebreaks to be &apos;LF&apos; but found &apos;CRLF&apos;. (linebreak-style)]]></failure></testcase>
<testcase time="0" name="org.eslint.linebreak-style" classname="C:\work\dyrectorio\web\crux-ui\src\server\container-status-watchers"><failure message="Expected linebreaks to be &apos;LF&apos; but found &apos;CRLF&apos;."><![CDATA[line 78, col 1, Error - Expected linebreaks to be &apos;LF&apos; but found &apos;CRLF&apos;. (linebreak-style)]]></failure></testcase>
<testcase time="0" name="org.eslint.linebreak-style" classname="C:\work\dyrectorio\web\crux-ui\src\server\container-status-watchers"><failure message="Expected linebreaks to be &apos;LF&apos; but found &apos;CRLF&apos;."><![CDATA[line 79, col 54, Error - Expected linebreaks to be &apos;LF&apos; but found &apos;CRLF&apos;. (linebreak-style)]]></failure></testcase>
<testcase time="0" name="org.eslint.linebreak-style" classname="C:\work\dyrectorio\web\crux-ui\src\server\container-status-watchers"><failure message="Expected linebreaks to be &apos;LF&apos; but found &apos;CRLF&apos;."><![CDATA[line 80, col 63, Error - Expected linebreaks to be &apos;LF&apos; but found &apos;CRLF&apos;. (linebreak-style)]]></failure></testcase>
<testcase time="0" name="org.eslint.semi" classname="C:\work\dyrectorio\web\crux-ui\src\server\container-status-watchers"><failure message="Missing semicolon."><![CDATA[line 80, col 63, Error - Missing semicolon. (semi)]]></failure></testcase>
<testcase time="0" name="org.eslint.linebreak-style" classname="C:\work\dyrectorio\web\crux-ui\src\server\container-status-watchers"><failure message="Expected linebreaks to be &apos;LF&apos; but found &apos;CRLF&apos;."><![CDATA[line 81, col 21, Error - Expected linebreaks to be &apos;LF&apos; but found &apos;CRLF&apos;. (linebreak-style)]]></failure></testcase>
<testcase time="0" name="org.eslint.linebreak-style" classname="C:\work\dyrectorio\web\crux-ui\src\server\container-status-watchers"><failure message="Expected linebreaks to be &apos;LF&apos; but found &apos;CRLF&apos;."><![CDATA[line 82, col 13, Error - Expected linebreaks to be &apos;LF&apos; but found &apos;CRLF&apos;. (linebreak-style)]]></failure></testcase>
<testcase time="0" name="org.eslint.semi" classname="C:\work\dyrectorio\web\crux-ui\src\server\container-status-watchers"><failure message="Missing semicolon."><![CDATA[line 82, col 13, Error - Missing semicolon. (semi)]]></failure></testcase>
<testcase time="0" name="org.eslint.linebreak-style" classname="C:\work\dyrectorio\web\crux-ui\src\server\container-status-watchers"><failure message="Expected linebreaks to be &apos;LF&apos; but found &apos;CRLF&apos;."><![CDATA[line 83, col 6, Error - Expected linebreaks to be &apos;LF&apos; but found &apos;CRLF&apos;. (linebreak-style)]]></failure></testcase>
<testcase time="0" name="org.eslint.linebreak-style" classname="C:\work\dyrectorio\web\crux-ui\src\server\container-status-watchers"><failure message="Expected linebreaks to be &apos;LF&apos; but found &apos;CRLF&apos;."><![CDATA[line 84, col 1, Error - Expected linebreaks to be &apos;LF&apos; but found &apos;CRLF&apos;. (linebreak-style)]]></failure></testcase>
<testcase time="0" name="org.eslint.arrow-parens" classname="C:\work\dyrectorio\web\crux-ui\src\server\container-status-watchers"><failure message="Expected parentheses around arrow function argument."><![CDATA[line 85, col 22, Error - Expected parentheses around arrow function argument. (arrow-parens)]]></failure></testcase>
<testcase time="0" name="org.eslint.linebreak-style" classname="C:\work\dyrectorio\web\crux-ui\src\server\container-status-watchers"><failure message="Expected linebreaks to be &apos;LF&apos; but found &apos;CRLF&apos;."><![CDATA[line 85, col 77, Error - Expected linebreaks to be &apos;LF&apos; but found &apos;CRLF&apos;. (linebreak-style)]]></failure></testcase>
<testcase time="0" name="org.eslint.semi" classname="C:\work\dyrectorio\web\crux-ui\src\server\container-status-watchers"><failure message="Missing semicolon."><![CDATA[line 85, col 77, Error - Missing semicolon. (semi)]]></failure></testcase>
<testcase time="0" name="org.eslint.linebreak-style" classname="C:\work\dyrectorio\web\crux-ui\src\server\container-status-watchers"><failure message="Expected linebreaks to be &apos;LF&apos; but found &apos;CRLF&apos;."><![CDATA[line 86, col 1, Error - Expected linebreaks to be &apos;LF&apos; but found &apos;CRLF&apos;. (linebreak-style)]]></failure></testcase>
<testcase time="0" name="org.eslint.linebreak-style" classname="C:\work\dyrectorio\web\crux-ui\src\server\container-status-watchers"><failure message="Expected linebreaks to be &apos;LF&apos; but found &apos;CRLF&apos;."><![CDATA[line 87, col 49, Error - Expected linebreaks to be &apos;LF&apos; but found &apos;CRLF&apos;. (linebreak-style)]]></failure></testcase>
<testcase time="0" name="org.eslint.semi" classname="C:\work\dyrectorio\web\crux-ui\src\server\container-status-watchers"><failure message="Missing semicolon."><![CDATA[line 87, col 49, Error - Missing semicolon. (semi)]]></failure></testcase>
<testcase time="0" name="org.eslint.linebreak-style" classname="C:\work\dyrectorio\web\crux-ui\src\server\container-status-watchers"><failure message="Expected linebreaks to be &apos;LF&apos; but found &apos;CRLF&apos;."><![CDATA[line 88, col 4, Error - Expected linebreaks to be &apos;LF&apos; but found &apos;CRLF&apos;. (linebreak-style)]]></failure></testcase>
<testcase time="0" name="org.eslint.linebreak-style" classname="C:\work\dyrectorio\web\crux-ui\src\server\container-status-watchers"><failure message="Expected linebreaks to be &apos;LF&apos; but found &apos;CRLF&apos;."><![CDATA[line 89, col 1, Error - Expected linebreaks to be &apos;LF&apos; but found &apos;CRLF&apos;. (linebreak-style)]]></failure></testcase>
<testcase time="0" name="org.eslint.linebreak-style" classname="C:\work\dyrectorio\web\crux-ui\src\server\container-status-watchers"><failure message="Expected linebreaks to be &apos;LF&apos; but found &apos;CRLF&apos;."><![CDATA[line 90, col 82, Error - Expected linebreaks to be &apos;LF&apos; but found &apos;CRLF&apos;. (linebreak-style)]]></failure></testcase>
<testcase time="0" name="org.eslint.linebreak-style" classname="C:\work\dyrectorio\web\crux-ui\src\server\container-status-watchers"><failure message="Expected linebreaks to be &apos;LF&apos; but found &apos;CRLF&apos;."><![CDATA[line 91, col 46, Error - Expected linebreaks to be &apos;LF&apos; but found &apos;CRLF&apos;. (linebreak-style)]]></failure></testcase>
<testcase time="0" name="org.eslint.semi" classname="C:\work\dyrectorio\web\crux-ui\src\server\container-status-watchers"><failure message="Missing semicolon."><![CDATA[line 91, col 46, Error - Missing semicolon. (semi)]]></failure></testcase>
<testcase time="0" name="org.eslint.linebreak-style" classname="C:\work\dyrectorio\web\crux-ui\src\server\container-status-watchers"><failure message="Expected linebreaks to be &apos;LF&apos; but found &apos;CRLF&apos;."><![CDATA[line 92, col 1, Error - Expected linebreaks to be &apos;LF&apos; but found &apos;CRLF&apos;. (linebreak-style)]]></failure></testcase>
<testcase time="0" name="org.eslint.linebreak-style" classname="C:\work\dyrectorio\web\crux-ui\src\server\container-status-watchers"><failure message="Expected linebreaks to be &apos;LF&apos; but found &apos;CRLF&apos;."><![CDATA[line 93, col 20, Error - Expected linebreaks to be &apos;LF&apos; but found &apos;CRLF&apos;. (linebreak-style)]]></failure></testcase>
<testcase time="0" name="org.eslint.linebreak-style" classname="C:\work\dyrectorio\web\crux-ui\src\server\container-status-watchers"><failure message="Expected linebreaks to be &apos;LF&apos; but found &apos;CRLF&apos;."><![CDATA[line 94, col 13, Error - Expected linebreaks to be &apos;LF&apos; but found &apos;CRLF&apos;. (linebreak-style)]]></failure></testcase>
<testcase time="0" name="org.eslint.semi" classname="C:\work\dyrectorio\web\crux-ui\src\server\container-status-watchers"><failure message="Missing semicolon."><![CDATA[line 94, col 13, Error - Missing semicolon. (semi)]]></failure></testcase>
<testcase time="0" name="org.eslint.linebreak-style" classname="C:\work\dyrectorio\web\crux-ui\src\server\container-status-watchers"><failure message="Expected linebreaks to be &apos;LF&apos; but found &apos;CRLF&apos;."><![CDATA[line 95, col 6, Error - Expected linebreaks to be &apos;LF&apos; but found &apos;CRLF&apos;. (linebreak-style)]]></failure></testcase>
<testcase time="0" name="org.eslint.linebreak-style" classname="C:\work\dyrectorio\web\crux-ui\src\server\container-status-watchers"><failure message="Expected linebreaks to be &apos;LF&apos; but found &apos;CRLF&apos;."><![CDATA[line 96, col 1, Error - Expected linebreaks to be &apos;LF&apos; but found &apos;CRLF&apos;. (linebreak-style)]]></failure></testcase>
<testcase time="0" name="org.eslint.linebreak-style" classname="C:\work\dyrectorio\web\crux-ui\src\server\container-status-watchers"><failure message="Expected linebreaks to be &apos;LF&apos; but found &apos;CRLF&apos;."><![CDATA[line 97, col 56, Error - Expected linebreaks to be &apos;LF&apos; but found &apos;CRLF&apos;. (linebreak-style)]]></failure></testcase>
<testcase time="0" name="org.eslint.semi" classname="C:\work\dyrectorio\web\crux-ui\src\server\container-status-watchers"><failure message="Missing semicolon."><![CDATA[line 97, col 56, Error - Missing semicolon. (semi)]]></failure></testcase>
<testcase time="0" name="org.eslint.linebreak-style" classname="C:\work\dyrectorio\web\crux-ui\src\server\container-status-watchers"><failure message="Expected linebreaks to be &apos;LF&apos; but found &apos;CRLF&apos;."><![CDATA[line 98, col 18, Error - Expected linebreaks to be &apos;LF&apos; but found &apos;CRLF&apos;. (linebreak-style)]]></failure></testcase>
<testcase time="0" name="org.eslint.linebreak-style" classname="C:\work\dyrectorio\web\crux-ui\src\server\container-status-watchers"><failure message="Expected linebreaks to be &apos;LF&apos; but found &apos;CRLF&apos;."><![CDATA[line 99, col 35, Error - Expected linebreaks to be &apos;LF&apos; but found &apos;CRLF&apos;. (linebreak-style)]]></failure></testcase>
<testcase time="0" name="org.eslint.semi" classname="C:\work\dyrectorio\web\crux-ui\src\server\container-status-watchers"><failure message="Missing semicolon."><![CDATA[line 99, col 35, Error - Missing semicolon. (semi)]]></failure></testcase>
<testcase time="0" name="org.eslint.linebreak-style" classname="C:\work\dyrectorio\web\crux-ui\src\server\container-status-watchers"><failure message="Expected linebreaks to be &apos;LF&apos; but found &apos;CRLF&apos;."><![CDATA[line 100, col 6, Error - Expected linebreaks to be &apos;LF&apos; but found &apos;CRLF&apos;. (linebreak-style)]]></failure></testcase>
<testcase time="0" name="org.eslint.linebreak-style" classname="C:\work\dyrectorio\web\crux-ui\src\server\container-status-watchers"><failure message="Expected linebreaks to be &apos;LF&apos; but found &apos;CRLF&apos;."><![CDATA[line 101, col 4, Error - Expected linebreaks to be &apos;LF&apos; but found &apos;CRLF&apos;. (linebreak-style)]]></failure></testcase>
<testcase time="0" name="org.eslint.linebreak-style" classname="C:\work\dyrectorio\web\crux-ui\src\server\container-status-watchers"><failure message="Expected linebreaks to be &apos;LF&apos; but found &apos;CRLF&apos;."><![CDATA[line 102, col 2, Error - Expected linebreaks to be &apos;LF&apos; but found &apos;CRLF&apos;. (linebreak-style)]]></failure></testcase>
</testsuite>
<testsuite package="org.eslint" time="0" tests="47" errors="47" name="C:\work\dyrectorio\web\crux-ui\src\server\crux\audit-service.ts">
<testcase time="0" name="org.eslint.linebreak-style" classname="C:\work\dyrectorio\web\crux-ui\src\server\crux\audit-service"><failure message="Expected linebreaks to be &apos;LF&apos; but found &apos;CRLF&apos;."><![CDATA[line 1, col 39, Error - Expected linebreaks to be &apos;LF&apos; but found &apos;CRLF&apos;. (linebreak-style)]]></failure></testcase>
<testcase time="0" name="org.eslint.semi" classname="C:\work\dyrectorio\web\crux-ui\src\server\crux\audit-service"><failure message="Missing semicolon."><![CDATA[line 1, col 39, Error - Missing semicolon. (semi)]]></failure></testcase>
<testcase time="0" name="org.eslint.linebreak-style" classname="C:\work\dyrectorio\web\crux-ui\src\server\crux\audit-service"><failure message="Expected linebreaks to be &apos;LF&apos; but found &apos;CRLF&apos;."><![CDATA[line 2, col 108, Error - Expected linebreaks to be &apos;LF&apos; but found &apos;CRLF&apos;. (linebreak-style)]]></failure></testcase>
<testcase time="0" name="org.eslint.semi" classname="C:\work\dyrectorio\web\crux-ui\src\server\crux\audit-service"><failure message="Missing semicolon."><![CDATA[line 2, col 108, Error - Missing semicolon. (semi)]]></failure></testcase>
<testcase time="0" name="org.eslint.linebreak-style" classname="C:\work\dyrectorio\web\crux-ui\src\server\crux\audit-service"><failure message="Expected linebreaks to be &apos;LF&apos; but found &apos;CRLF&apos;."><![CDATA[line 3, col 44, Error - Expected linebreaks to be &apos;LF&apos; but found &apos;CRLF&apos;. (linebreak-style)]]></failure></testcase>
<testcase time="0" name="org.eslint.semi" classname="C:\work\dyrectorio\web\crux-ui\src\server\crux\audit-service"><failure message="Missing semicolon."><![CDATA[line 3, col 44, Error - Missing semicolon. (semi)]]></failure></testcase>
<testcase time="0" name="org.eslint.linebreak-style" classname="C:\work\dyrectorio\web\crux-ui\src\server\crux\audit-service"><failure message="Expected linebreaks to be &apos;LF&apos; but found &apos;CRLF&apos;."><![CDATA[line 4, col 46, Error - Expected linebreaks to be &apos;LF&apos; but found &apos;CRLF&apos;. (linebreak-style)]]></failure></testcase>
<testcase time="0" name="org.eslint.semi" classname="C:\work\dyrectorio\web\crux-ui\src\server\crux\audit-service"><failure message="Missing semicolon."><![CDATA[line 4, col 46, Error - Missing semicolon. (semi)]]></failure></testcase>
<testcase time="0" name="org.eslint.import/extensions" classname="C:\work\dyrectorio\web\crux-ui\src\server\crux\audit-service"><failure message="Missing file extension &quot;ts&quot; for &quot;./grpc-connection&quot;"><![CDATA[line 5, col 29, Error - Missing file extension &quot;ts&quot; for &quot;./grpc-connection&quot; (import/extensions)]]></failure></testcase>
<testcase time="0" name="org.eslint.linebreak-style" classname="C:\work\dyrectorio\web\crux-ui\src\server\crux\audit-service"><failure message="Expected linebreaks to be &apos;LF&apos; but found &apos;CRLF&apos;."><![CDATA[line 5, col 48, Error - Expected linebreaks to be &apos;LF&apos; but found &apos;CRLF&apos;. (linebreak-style)]]></failure></testcase>
<testcase time="0" name="org.eslint.semi" classname="C:\work\dyrectorio\web\crux-ui\src\server\crux\audit-service"><failure message="Missing semicolon."><![CDATA[line 5, col 48, Error - Missing semicolon. (semi)]]></failure></testcase>
<testcase time="0" name="org.eslint.linebreak-style" classname="C:\work\dyrectorio\web\crux-ui\src\server\crux\audit-service"><failure message="Expected linebreaks to be &apos;LF&apos; but found &apos;CRLF&apos;."><![CDATA[line 6, col 1, Error - Expected linebreaks to be &apos;LF&apos; but found &apos;CRLF&apos;. (linebreak-style)]]></failure></testcase>
<testcase time="0" name="org.eslint.linebreak-style" classname="C:\work\dyrectorio\web\crux-ui\src\server\crux\audit-service"><failure message="Expected linebreaks to be &apos;LF&apos; but found &apos;CRLF&apos;."><![CDATA[line 7, col 24, Error - Expected linebreaks to be &apos;LF&apos; but found &apos;CRLF&apos;. (linebreak-style)]]></failure></testcase>
<testcase time="0" name="org.eslint.no-useless-constructor" classname="C:\work\dyrectorio\web\crux-ui\src\server\crux\audit-service"><failure message="Useless constructor."><![CDATA[line 8, col 3, Error - Useless constructor. (no-useless-constructor)]]></failure></testcase>
<testcase time="0" name="org.eslint.no-empty-function" classname="C:\work\dyrectorio\web\crux-ui\src\server\crux\audit-service"><failure message="Unexpected empty constructor."><![CDATA[line 8, col 76, Error - Unexpected empty constructor. (no-empty-function)]]></failure></testcase>
<testcase time="0" name="org.eslint.linebreak-style" classname="C:\work\dyrectorio\web\crux-ui\src\server\crux\audit-service"><failure message="Expected linebreaks to be &apos;LF&apos; but found &apos;CRLF&apos;."><![CDATA[line 8, col 78, Error - Expected linebreaks to be &apos;LF&apos; but found &apos;CRLF&apos;. (linebreak-style)]]></failure></testcase>
<testcase time="0" name="org.eslint.linebreak-style" classname="C:\work\dyrectorio\web\crux-ui\src\server\crux\audit-service"><failure message="Expected linebreaks to be &apos;LF&apos; but found &apos;CRLF&apos;."><![CDATA[line 9, col 1, Error - Expected linebreaks to be &apos;LF&apos; but found &apos;CRLF&apos;. (linebreak-style)]]></failure></testcase>
<testcase time="0" name="org.eslint.linebreak-style" classname="C:\work\dyrectorio\web\crux-ui\src\server\crux\audit-service"><failure message="Expected linebreaks to be &apos;LF&apos; but found &apos;CRLF&apos;."><![CDATA[line 10, col 45, Error - Expected linebreaks to be &apos;LF&apos; but found &apos;CRLF&apos;. (linebreak-style)]]></failure></testcase>
<testcase time="0" name="org.eslint.linebreak-style" classname="C:\work\dyrectorio\web\crux-ui\src\server\crux\audit-service"><failure message="Expected linebreaks to be &apos;LF&apos; but found &apos;CRLF&apos;."><![CDATA[line 11, col 33, Error - Expected linebreaks to be &apos;LF&apos; but found &apos;CRLF&apos;. (linebreak-style)]]></failure></testcase>
<testcase time="0" name="org.eslint.linebreak-style" classname="C:\work\dyrectorio\web\crux-ui\src\server\crux\audit-service"><failure message="Expected linebreaks to be &apos;LF&apos; but found &apos;CRLF&apos;."><![CDATA[line 12, col 36, Error - Expected linebreaks to be &apos;LF&apos; but found &apos;CRLF&apos;. (linebreak-style)]]></failure></testcase>
<testcase time="0" name="org.eslint.linebreak-style" classname="C:\work\dyrectorio\web\crux-ui\src\server\crux\audit-service"><failure message="Expected linebreaks to be &apos;LF&apos; but found &apos;CRLF&apos;."><![CDATA[line 13, col 6, Error - Expected linebreaks to be &apos;LF&apos; but found &apos;CRLF&apos;. (linebreak-style)]]></failure></testcase>
<testcase time="0" name="org.eslint.semi" classname="C:\work\dyrectorio\web\crux-ui\src\server\crux\audit-service"><failure message="Missing semicolon."><![CDATA[line 13, col 6, Error - Missing semicolon. (semi)]]></failure></testcase>
<testcase time="0" name="org.eslint.linebreak-style" classname="C:\work\dyrectorio\web\crux-ui\src\server\crux\audit-service"><failure message="Expected linebreaks to be &apos;LF&apos; but found &apos;CRLF&apos;."><![CDATA[line 14, col 1, Error - Expected linebreaks to be &apos;LF&apos; but found &apos;CRLF&apos;. (linebreak-style)]]></failure></testcase>
<testcase time="0" name="org.eslint.max-len" classname="C:\work\dyrectorio\web\crux-ui\src\server\crux\audit-service"><failure message="This line has a length of 114. Maximum allowed is 100."><![CDATA[line 15, col 1, Error - This line has a length of 114. Maximum allowed is 100. (max-len)]]></failure></testcase>
<testcase time="0" name="org.eslint.linebreak-style" classname="C:\work\dyrectorio\web\crux-ui\src\server\crux\audit-service"><failure message="Expected linebreaks to be &apos;LF&apos; but found &apos;CRLF&apos;."><![CDATA[line 15, col 115, Error - Expected linebreaks to be &apos;LF&apos; but found &apos;CRLF&apos;. (linebreak-style)]]></failure></testcase>
<testcase time="0" name="org.eslint.linebreak-style" classname="C:\work\dyrectorio\web\crux-ui\src\server\crux\audit-service"><failure message="Expected linebreaks to be &apos;LF&apos; but found &apos;CRLF&apos;."><![CDATA[line 16, col 21, Error - Expected linebreaks to be &apos;LF&apos; but found &apos;CRLF&apos;. (linebreak-style)]]></failure></testcase>
<testcase time="0" name="org.eslint.linebreak-style" classname="C:\work\dyrectorio\web\crux-ui\src\server\crux\audit-service"><failure message="Expected linebreaks to be &apos;LF&apos; but found &apos;CRLF&apos;."><![CDATA[line 17, col 11, Error - Expected linebreaks to be &apos;LF&apos; but found &apos;CRLF&apos;. (linebreak-style)]]></failure></testcase>
<testcase time="0" name="org.eslint.linebreak-style" classname="C:\work\dyrectorio\web\crux-ui\src\server\crux\audit-service"><failure message="Expected linebreaks to be &apos;LF&apos; but found &apos;CRLF&apos;."><![CDATA[line 18, col 6, Error - Expected linebreaks to be &apos;LF&apos; but found &apos;CRLF&apos;. (linebreak-style)]]></failure></testcase>
<testcase time="0" name="org.eslint.semi" classname="C:\work\dyrectorio\web\crux-ui\src\server\crux\audit-service"><failure message="Missing semicolon."><![CDATA[line 18, col 6, Error - Missing semicolon. (semi)]]></failure></testcase>
<testcase time="0" name="org.eslint.linebreak-style" classname="C:\work\dyrectorio\web\crux-ui\src\server\crux\audit-service"><failure message="Expected linebreaks to be &apos;LF&apos; but found &apos;CRLF&apos;."><![CDATA[line 19, col 1, Error - Expected linebreaks to be &apos;LF&apos; but found &apos;CRLF&apos;. (linebreak-style)]]></failure></testcase>
<testcase time="0" name="org.eslint.arrow-parens" classname="C:\work\dyrectorio\web\crux-ui\src\server\crux\audit-service"><failure message="Expected parentheses around arrow function argument."><![CDATA[line 20, col 30, Error - Expected parentheses around arrow function argument. (arrow-parens)]]></failure></testcase>
<testcase time="0" name="org.eslint.arrow-body-style" classname="C:\work\dyrectorio\web\crux-ui\src\server\crux\audit-service"><failure message="Unexpected block statement surrounding arrow body; parenthesize the returned value and move it immediately after the `=&gt;`."><![CDATA[line 20, col 36, Error - Unexpected block statement surrounding arrow body; parenthesize the returned value and move it immediately after the `=&gt;`. (arrow-body-style)]]></failure></testcase>
<testcase time="0" name="org.eslint.linebreak-style" classname="C:\work\dyrectorio\web\crux-ui\src\server\crux\audit-service"><failure message="Expected linebreaks to be &apos;LF&apos; but found &apos;CRLF&apos;."><![CDATA[line 20, col 37, Error - Expected linebreaks to be &apos;LF&apos; but found &apos;CRLF&apos;. (linebreak-style)]]></failure></testcase>
<testcase time="0" name="org.eslint.linebreak-style" classname="C:\work\dyrectorio\web\crux-ui\src\server\crux\audit-service"><failure message="Expected linebreaks to be &apos;LF&apos; but found &apos;CRLF&apos;."><![CDATA[line 21, col 15, Error - Expected linebreaks to be &apos;LF&apos; but found &apos;CRLF&apos;. (linebreak-style)]]></failure></testcase>
<testcase time="0" name="org.eslint.linebreak-style" classname="C:\work\dyrectorio\web\crux-ui\src\server\crux\audit-service"><failure message="Expected linebreaks to be &apos;LF&apos; but found &apos;CRLF&apos;."><![CDATA[line 22, col 39, Error - Expected linebreaks to be &apos;LF&apos; but found &apos;CRLF&apos;. (linebreak-style)]]></failure></testcase>
<testcase time="0" name="org.eslint.linebreak-style" classname="C:\work\dyrectorio\web\crux-ui\src\server\crux\audit-service"><failure message="Expected linebreaks to be &apos;LF&apos; but found &apos;CRLF&apos;."><![CDATA[line 23, col 44, Error - Expected linebreaks to be &apos;LF&apos; but found &apos;CRLF&apos;. (linebreak-style)]]></failure></testcase>
<testcase time="0" name="org.eslint.linebreak-style" classname="C:\work\dyrectorio\web\crux-ui\src\server\crux\audit-service"><failure message="Expected linebreaks to be &apos;LF&apos; but found &apos;CRLF&apos;."><![CDATA[line 24, col 31, Error - Expected linebreaks to be &apos;LF&apos; but found &apos;CRLF&apos;. (linebreak-style)]]></failure></testcase>
<testcase time="0" name="org.eslint.linebreak-style" classname="C:\work\dyrectorio\web\crux-ui\src\server\crux\audit-service"><failure message="Expected linebreaks to be &apos;LF&apos; but found &apos;CRLF&apos;."><![CDATA[line 25, col 23, Error - Expected linebreaks to be &apos;LF&apos; but found &apos;CRLF&apos;. (linebreak-style)]]></failure></testcase>
<testcase time="0" name="org.eslint.linebreak-style" classname="C:\work\dyrectorio\web\crux-ui\src\server\crux\audit-service"><failure message="Expected linebreaks to be &apos;LF&apos; but found &apos;CRLF&apos;."><![CDATA[line 26, col 8, Error - Expected linebreaks to be &apos;LF&apos; but found &apos;CRLF&apos;. (linebreak-style)]]></failure></testcase>
<testcase time="0" name="org.eslint.semi" classname="C:\work\dyrectorio\web\crux-ui\src\server\crux\audit-service"><failure message="Missing semicolon."><![CDATA[line 26, col 8, Error - Missing semicolon. (semi)]]></failure></testcase>
<testcase time="0" name="org.eslint.linebreak-style" classname="C:\work\dyrectorio\web\crux-ui\src\server\crux\audit-service"><failure message="Expected linebreaks to be &apos;LF&apos; but found &apos;CRLF&apos;."><![CDATA[line 27, col 7, Error - Expected linebreaks to be &apos;LF&apos; but found &apos;CRLF&apos;. (linebreak-style)]]></failure></testcase>
<testcase time="0" name="org.eslint.semi" classname="C:\work\dyrectorio\web\crux-ui\src\server\crux\audit-service"><failure message="Missing semicolon."><![CDATA[line 27, col 7, Error - Missing semicolon. (semi)]]></failure></testcase>
<testcase time="0" name="org.eslint.linebreak-style" classname="C:\work\dyrectorio\web\crux-ui\src\server\crux\audit-service"><failure message="Expected linebreaks to be &apos;LF&apos; but found &apos;CRLF&apos;."><![CDATA[line 28, col 4, Error - Expected linebreaks to be &apos;LF&apos; but found &apos;CRLF&apos;. (linebreak-style)]]></failure></testcase>
<testcase time="0" name="org.eslint.linebreak-style" classname="C:\work\dyrectorio\web\crux-ui\src\server\crux\audit-service"><failure message="Expected linebreaks to be &apos;LF&apos; but found &apos;CRLF&apos;."><![CDATA[line 29, col 2, Error - Expected linebreaks to be &apos;LF&apos; but found &apos;CRLF&apos;. (linebreak-style)]]></failure></testcase>
<testcase time="0" name="org.eslint.linebreak-style" classname="C:\work\dyrectorio\web\crux-ui\src\server\crux\audit-service"><failure message="Expected linebreaks to be &apos;LF&apos; but found &apos;CRLF&apos;."><![CDATA[line 30, col 1, Error - Expected linebreaks to be &apos;LF&apos; but found &apos;CRLF&apos;. (linebreak-style)]]></failure></testcase>
<testcase time="0" name="org.eslint.linebreak-style" classname="C:\work\dyrectorio\web\crux-ui\src\server\crux\audit-service"><failure message="Expected linebreaks to be &apos;LF&apos; but found &apos;CRLF&apos;."><![CDATA[line 31, col 31, Error - Expected linebreaks to be &apos;LF&apos; but found &apos;CRLF&apos;. (linebreak-style)]]></failure></testcase>
<testcase time="0" name="org.eslint.semi" classname="C:\work\dyrectorio\web\crux-ui\src\server\crux\audit-service"><failure message="Missing semicolon."><![CDATA[line 31, col 31, Error - Missing semicolon. (semi)]]></failure></testcase>
</testsuite>
<testsuite package="org.eslint" time="0" tests="294" errors="294" name="C:\work\dyrectorio\web\crux-ui\src\server\crux\crux.ts">
<testcase time="0" name="org.eslint.max-classes-per-file" classname="C:\work\dyrectorio\web\crux-ui\src\server\crux\crux"><failure message="File has too many classes (2). Maximum allowed is 1."><![CDATA[line 1, col 1, Error - File has too many classes (2). Maximum allowed is 1. (max-classes-per-file)]]></failure></testcase>
<testcase time="0" name="org.eslint.linebreak-style" classname="C:\work\dyrectorio\web\crux-ui\src\server\crux\crux"><failure message="Expected linebreaks to be &apos;LF&apos; but found &apos;CRLF&apos;."><![CDATA[line 1, col 42, Error - Expected linebreaks to be &apos;LF&apos; but found &apos;CRLF&apos;. (linebreak-style)]]></failure></testcase>
<testcase time="0" name="org.eslint.semi" classname="C:\work\dyrectorio\web\crux-ui\src\server\crux\crux"><failure message="Missing semicolon."><![CDATA[line 1, col 42, Error - Missing semicolon. (semi)]]></failure></testcase>
<testcase time="0" name="org.eslint.linebreak-style" classname="C:\work\dyrectorio\web\crux-ui\src\server\crux\crux"><failure message="Expected linebreaks to be &apos;LF&apos; but found &apos;CRLF&apos;."><![CDATA[line 2, col 41, Error - Expected linebreaks to be &apos;LF&apos; but found &apos;CRLF&apos;. (linebreak-style)]]></failure></testcase>
<testcase time="0" name="org.eslint.semi" classname="C:\work\dyrectorio\web\crux-ui\src\server\crux\crux"><failure message="Missing semicolon."><![CDATA[line 2, col 41, Error - Missing semicolon. (semi)]]></failure></testcase>
<testcase time="0" name="org.eslint.linebreak-style" classname="C:\work\dyrectorio\web\crux-ui\src\server\crux\crux"><failure message="Expected linebreaks to be &apos;LF&apos; but found &apos;CRLF&apos;."><![CDATA[line 3, col 9, Error - Expected linebreaks to be &apos;LF&apos; but found &apos;CRLF&apos;. (linebreak-style)]]></failure></testcase>
<testcase time="0" name="org.eslint.linebreak-style" classname="C:\work\dyrectorio\web\crux-ui\src\server\crux\crux"><failure message="Expected linebreaks to be &apos;LF&apos; but found &apos;CRLF&apos;."><![CDATA[line 4, col 19, Error - Expected linebreaks to be &apos;LF&apos; but found &apos;CRLF&apos;. (linebreak-style)]]></failure></testcase>
<testcase time="0" name="org.eslint.linebreak-style" classname="C:\work\dyrectorio\web\crux-ui\src\server\crux\crux"><failure message="Expected linebreaks to be &apos;LF&apos; but found &apos;CRLF&apos;."><![CDATA[line 5, col 24, Error - Expected linebreaks to be &apos;LF&apos; but found &apos;CRLF&apos;. (linebreak-style)]]></failure></testcase>
<testcase time="0" name="org.eslint.linebreak-style" classname="C:\work\dyrectorio\web\crux-ui\src\server\crux\crux"><failure message="Expected linebreaks to be &apos;LF&apos; but found &apos;CRLF&apos;."><![CDATA[line 6, col 20, Error - Expected linebreaks to be &apos;LF&apos; but found &apos;CRLF&apos;. (linebreak-style)]]></failure></testcase>
<testcase time="0" name="org.eslint.linebreak-style" classname="C:\work\dyrectorio\web\crux-ui\src\server\crux\crux"><failure message="Expected linebreaks to be &apos;LF&apos; but found &apos;CRLF&apos;."><![CDATA[line 7, col 19, Error - Expected linebreaks to be &apos;LF&apos; but found &apos;CRLF&apos;. (linebreak-style)]]></failure></testcase>
<testcase time="0" name="org.eslint.linebreak-style" classname="C:\work\dyrectorio\web\crux-ui\src\server\crux\crux"><failure message="Expected linebreaks to be &apos;LF&apos; but found &apos;CRLF&apos;."><![CDATA[line 8, col 18, Error - Expected linebreaks to be &apos;LF&apos; but found &apos;CRLF&apos;. (linebreak-style)]]></failure></testcase>
<testcase time="0" name="org.eslint.linebreak-style" classname="C:\work\dyrectorio\web\crux-ui\src\server\crux\crux"><failure message="Expected linebreaks to be &apos;LF&apos; but found &apos;CRLF&apos;."><![CDATA[line 9, col 26, Error - Expected linebreaks to be &apos;LF&apos; but found &apos;CRLF&apos;. (linebreak-style)]]></failure></testcase>
<testcase time="0" name="org.eslint.linebreak-style" classname="C:\work\dyrectorio\web\crux-ui\src\server\crux\crux"><failure message="Expected linebreaks to be &apos;LF&apos; but found &apos;CRLF&apos;."><![CDATA[line 10, col 21, Error - Expected linebreaks to be &apos;LF&apos; but found &apos;CRLF&apos;. (linebreak-style)]]></failure></testcase>
<testcase time="0" name="org.eslint.linebreak-style" classname="C:\work\dyrectorio\web\crux-ui\src\server\crux\crux"><failure message="Expected linebreaks to be &apos;LF&apos; but found &apos;CRLF&apos;."><![CDATA[line 11, col 28, Error - Expected linebreaks to be &apos;LF&apos; but found &apos;CRLF&apos;. (linebreak-style)]]></failure></testcase>
<testcase time="0" name="org.eslint.linebreak-style" classname="C:\work\dyrectorio\web\crux-ui\src\server\crux\crux"><failure message="Expected linebreaks to be &apos;LF&apos; but found &apos;CRLF&apos;."><![CDATA[line 12, col 22, Error - Expected linebreaks to be &apos;LF&apos; but found &apos;CRLF&apos;. (linebreak-style)]]></failure></testcase>
<testcase time="0" name="org.eslint.linebreak-style" classname="C:\work\dyrectorio\web\crux-ui\src\server\crux\crux"><failure message="Expected linebreaks to be &apos;LF&apos; but found &apos;CRLF&apos;."><![CDATA[line 13, col 18, Error - Expected linebreaks to be &apos;LF&apos; but found &apos;CRLF&apos;. (linebreak-style)]]></failure></testcase>
<testcase time="0" name="org.eslint.linebreak-style" classname="C:\work\dyrectorio\web\crux-ui\src\server\crux\crux"><failure message="Expected linebreaks to be &apos;LF&apos; but found &apos;CRLF&apos;."><![CDATA[line 14, col 46, Error - Expected linebreaks to be &apos;LF&apos; but found &apos;CRLF&apos;. (linebreak-style)]]></failure></testcase>
<testcase time="0" name="org.eslint.semi" classname="C:\work\dyrectorio\web\crux-ui\src\server\crux\crux"><failure message="Missing semicolon."><![CDATA[line 14, col 46, Error - Missing semicolon. (semi)]]></failure></testcase>
<testcase time="0" name="org.eslint.linebreak-style" classname="C:\work\dyrectorio\web\crux-ui\src\server\crux\crux"><failure message="Expected linebreaks to be &apos;LF&apos; but found &apos;CRLF&apos;."><![CDATA[line 15, col 54, Error - Expected linebreaks to be &apos;LF&apos; but found &apos;CRLF&apos;. (linebreak-style)]]></failure></testcase>
<testcase time="0" name="org.eslint.semi" classname="C:\work\dyrectorio\web\crux-ui\src\server\crux\crux"><failure message="Missing semicolon."><![CDATA[line 15, col 54, Error - Missing semicolon. (semi)]]></failure></testcase>
<testcase time="0" name="org.eslint.linebreak-style" classname="C:\work\dyrectorio\web\crux-ui\src\server\crux\crux"><failure message="Expected linebreaks to be &apos;LF&apos; but found &apos;CRLF&apos;."><![CDATA[line 16, col 44, Error - Expected linebreaks to be &apos;LF&apos; but found &apos;CRLF&apos;. (linebreak-style)]]></failure></testcase>
<testcase time="0" name="org.eslint.semi" classname="C:\work\dyrectorio\web\crux-ui\src\server\crux\crux"><failure message="Missing semicolon."><![CDATA[line 16, col 44, Error - Missing semicolon. (semi)]]></failure></testcase>
<testcase time="0" name="org.eslint.linebreak-style" classname="C:\work\dyrectorio\web\crux-ui\src\server\crux\crux"><failure message="Expected linebreaks to be &apos;LF&apos; but found &apos;CRLF&apos;."><![CDATA[line 17, col 46, Error - Expected linebreaks to be &apos;LF&apos; but found &apos;CRLF&apos;. (linebreak-style)]]></failure></testcase>
<testcase time="0" name="org.eslint.semi" classname="C:\work\dyrectorio\web\crux-ui\src\server\crux\crux"><failure message="Missing semicolon."><![CDATA[line 17, col 46, Error - Missing semicolon. (semi)]]></failure></testcase>
<testcase time="0" name="org.eslint.linebreak-style" classname="C:\work\dyrectorio\web\crux-ui\src\server\crux\crux"><failure message="Expected linebreaks to be &apos;LF&apos; but found &apos;CRLF&apos;."><![CDATA[line 18, col 61, Error - Expected linebreaks to be &apos;LF&apos; but found &apos;CRLF&apos;. (linebreak-style)]]></failure></testcase>
<testcase time="0" name="org.eslint.semi" classname="C:\work\dyrectorio\web\crux-ui\src\server\crux\crux"><failure message="Missing semicolon."><![CDATA[line 18, col 61, Error - Missing semicolon. (semi)]]></failure></testcase>
<testcase time="0" name="org.eslint.import/no-cycle" classname="C:\work\dyrectorio\web\crux-ui\src\server\crux\crux"><failure message="Dependency cycle detected."><![CDATA[line 19, col 1, Error - Dependency cycle detected. (import/no-cycle)]]></failure></testcase>
<testcase time="0" name="org.eslint.linebreak-style" classname="C:\work\dyrectorio\web\crux-ui\src\server\crux\crux"><failure message="Expected linebreaks to be &apos;LF&apos; but found &apos;CRLF&apos;."><![CDATA[line 19, col 101, Error - Expected linebreaks to be &apos;LF&apos; but found &apos;CRLF&apos;. (linebreak-style)]]></failure></testcase>
<testcase time="0" name="org.eslint.semi" classname="C:\work\dyrectorio\web\crux-ui\src\server\crux\crux"><failure message="Missing semicolon."><![CDATA[line 19, col 101, Error - Missing semicolon. (semi)]]></failure></testcase>
<testcase time="0" name="org.eslint.linebreak-style" classname="C:\work\dyrectorio\web\crux-ui\src\server\crux\crux"><failure message="Expected linebreaks to be &apos;LF&apos; but found &apos;CRLF&apos;."><![CDATA[line 20, col 34, Error - Expected linebreaks to be &apos;LF&apos; but found &apos;CRLF&apos;. (linebreak-style)]]></failure></testcase>
<testcase time="0" name="org.eslint.semi" classname="C:\work\dyrectorio\web\crux-ui\src\server\crux\crux"><failure message="Missing semicolon."><![CDATA[line 20, col 34, Error - Missing semicolon. (semi)]]></failure></testcase>
<testcase time="0" name="org.eslint.linebreak-style" classname="C:\work\dyrectorio\web\crux-ui\src\server\crux\crux"><failure message="Expected linebreaks to be &apos;LF&apos; but found &apos;CRLF&apos;."><![CDATA[line 21, col 55, Error - Expected linebreaks to be &apos;LF&apos; but found &apos;CRLF&apos;. (linebreak-style)]]></failure></testcase>
<testcase time="0" name="org.eslint.semi" classname="C:\work\dyrectorio\web\crux-ui\src\server\crux\crux"><failure message="Missing semicolon."><![CDATA[line 21, col 55, Error - Missing semicolon. (semi)]]></failure></testcase>
<testcase time="0" name="org.eslint.linebreak-style" classname="C:\work\dyrectorio\web\crux-ui\src\server\crux\crux"><failure message="Expected linebreaks to be &apos;LF&apos; but found &apos;CRLF&apos;."><![CDATA[line 22, col 28, Error - Expected linebreaks to be &apos;LF&apos; but found &apos;CRLF&apos;. (linebreak-style)]]></failure></testcase>
<testcase time="0" name="org.eslint.semi" classname="C:\work\dyrectorio\web\crux-ui\src\server\crux\crux"><failure message="Missing semicolon."><![CDATA[line 22, col 28, Error - Missing semicolon. (semi)]]></failure></testcase>
<testcase time="0" name="org.eslint.linebreak-style" classname="C:\work\dyrectorio\web\crux-ui\src\server\crux\crux"><failure message="Expected linebreaks to be &apos;LF&apos; but found &apos;CRLF&apos;."><![CDATA[line 23, col 30, Error - Expected linebreaks to be &apos;LF&apos; but found &apos;CRLF&apos;. (linebreak-style)]]></failure></testcase>
<testcase time="0" name="org.eslint.semi" classname="C:\work\dyrectorio\web\crux-ui\src\server\crux\crux"><failure message="Missing semicolon."><![CDATA[line 23, col 30, Error - Missing semicolon. (semi)]]></failure></testcase>
<testcase time="0" name="org.eslint.import/extensions" classname="C:\work\dyrectorio\web\crux-ui\src\server\crux\crux"><failure message="Missing file extension &quot;ts&quot; for &quot;./audit-service&quot;"><![CDATA[line 24, col 29, Error - Missing file extension &quot;ts&quot; for &quot;./audit-service&quot; (import/extensions)]]></failure></testcase>
<testcase time="0" name="org.eslint.linebreak-style" classname="C:\work\dyrectorio\web\crux-ui\src\server\crux\crux"><failure message="Expected linebreaks to be &apos;LF&apos; but found &apos;CRLF&apos;."><![CDATA[line 24, col 46, Error - Expected linebreaks to be &apos;LF&apos; but found &apos;CRLF&apos;. (linebreak-style)]]></failure></testcase>
<testcase time="0" name="org.eslint.semi" classname="C:\work\dyrectorio\web\crux-ui\src\server\crux\crux"><failure message="Missing semicolon."><![CDATA[line 24, col 46, Error - Missing semicolon. (semi)]]></failure></testcase>
<testcase time="0" name="org.eslint.import/extensions" classname="C:\work\dyrectorio\web\crux-ui\src\server\crux\crux"><failure message="Missing file extension &quot;ts&quot; for &quot;./deployment-service&quot;"><![CDATA[line 25, col 34, Error - Missing file extension &quot;ts&quot; for &quot;./deployment-service&quot; (import/extensions)]]></failure></testcase>
<testcase time="0" name="org.eslint.linebreak-style" classname="C:\work\dyrectorio\web\crux-ui\src\server\crux\crux"><failure message="Expected linebreaks to be &apos;LF&apos; but found &apos;CRLF&apos;."><![CDATA[line 25, col 56, Error - Expected linebreaks to be &apos;LF&apos; but found &apos;CRLF&apos;. (linebreak-style)]]></failure></testcase>
<testcase time="0" name="org.eslint.semi" classname="C:\work\dyrectorio\web\crux-ui\src\server\crux\crux"><failure message="Missing semicolon."><![CDATA[line 25, col 56, Error - Missing semicolon. (semi)]]></failure></testcase>
<testcase time="0" name="org.eslint.import/extensions" classname="C:\work\dyrectorio\web\crux-ui\src\server\crux\crux"><failure message="Missing file extension &quot;ts&quot; for &quot;./health-service&quot;"><![CDATA[line 26, col 30, Error - Missing file extension &quot;ts&quot; for &quot;./health-service&quot; (import/extensions)]]></failure></testcase>
<testcase time="0" name="org.eslint.linebreak-style" classname="C:\work\dyrectorio\web\crux-ui\src\server\crux\crux"><failure message="Expected linebreaks to be &apos;LF&apos; but found &apos;CRLF&apos;."><![CDATA[line 26, col 48, Error - Expected linebreaks to be &apos;LF&apos; but found &apos;CRLF&apos;. (linebreak-style)]]></failure></testcase>
<testcase time="0" name="org.eslint.semi" classname="C:\work\dyrectorio\web\crux-ui\src\server\crux\crux"><failure message="Missing semicolon."><![CDATA[line 26, col 48, Error - Missing semicolon. (semi)]]></failure></testcase>
<testcase time="0" name="org.eslint.import/extensions" classname="C:\work\dyrectorio\web\crux-ui\src\server\crux\crux"><failure message="Missing file extension &quot;ts&quot; for &quot;./image-service&quot;"><![CDATA[line 27, col 29, Error - Missing file extension &quot;ts&quot; for &quot;./image-service&quot; (import/extensions)]]></failure></testcase>
<testcase time="0" name="org.eslint.linebreak-style" classname="C:\work\dyrectorio\web\crux-ui\src\server\crux\crux"><failure message="Expected linebreaks to be &apos;LF&apos; but found &apos;CRLF&apos;."><![CDATA[line 27, col 46, Error - Expected linebreaks to be &apos;LF&apos; but found &apos;CRLF&apos;. (linebreak-style)]]></failure></testcase>
<testcase time="0" name="org.eslint.semi" classname="C:\work\dyrectorio\web\crux-ui\src\server\crux\crux"><failure message="Missing semicolon."><![CDATA[line 27, col 46, Error - Missing semicolon. (semi)]]></failure></testcase>
<testcase time="0" name="org.eslint.import/extensions" classname="C:\work\dyrectorio\web\crux-ui\src\server\crux\crux"><failure message="Missing file extension &quot;ts&quot; for &quot;./node-service&quot;"><![CDATA[line 28, col 28, Error - Missing file extension &quot;ts&quot; for &quot;./node-service&quot; (import/extensions)]]></failure></testcase>
<testcase time="0" name="org.eslint.linebreak-style" classname="C:\work\dyrectorio\web\crux-ui\src\server\crux\crux"><failure message="Expected linebreaks to be &apos;LF&apos; but found &apos;CRLF&apos;."><![CDATA[line 28, col 44, Error - Expected linebreaks to be &apos;LF&apos; but found &apos;CRLF&apos;. (linebreak-style)]]></failure></testcase>
<testcase time="0" name="org.eslint.semi" classname="C:\work\dyrectorio\web\crux-ui\src\server\crux\crux"><failure message="Missing semicolon."><![CDATA[line 28, col 44, Error - Missing semicolon. (semi)]]></failure></testcase>
<testcase time="0" name="org.eslint.import/extensions" classname="C:\work\dyrectorio\web\crux-ui\src\server\crux\crux"><failure message="Missing file extension &quot;ts&quot; for &quot;./notification-service&quot;"><![CDATA[line 29, col 35, Error - Missing file extension &quot;ts&quot; for &quot;./notification-service&quot; (import/extensions)]]></failure></testcase>
<testcase time="0" name="org.eslint.linebreak-style" classname="C:\work\dyrectorio\web\crux-ui\src\server\crux\crux"><failure message="Expected linebreaks to be &apos;LF&apos; but found &apos;CRLF&apos;."><![CDATA[line 29, col 59, Error - Expected linebreaks to be &apos;LF&apos; but found &apos;CRLF&apos;. (linebreak-style)]]></failure></testcase>
<testcase time="0" name="org.eslint.semi" classname="C:\work\dyrectorio\web\crux-ui\src\server\crux\crux"><failure message="Missing semicolon."><![CDATA[line 29, col 59, Error - Missing semicolon. (semi)]]></failure></testcase>
<testcase time="0" name="org.eslint.import/extensions" classname="C:\work\dyrectorio\web\crux-ui\src\server\crux\crux"><failure message="Missing file extension &quot;ts&quot; for &quot;./product-service&quot;"><![CDATA[line 30, col 31, Error - Missing file extension &quot;ts&quot; for &quot;./product-service&quot; (import/extensions)]]></failure></testcase>
<testcase time="0" name="org.eslint.linebreak-style" classname="C:\work\dyrectorio\web\crux-ui\src\server\crux\crux"><failure message="Expected linebreaks to be &apos;LF&apos; but found &apos;CRLF&apos;."><![CDATA[line 30, col 50, Error - Expected linebreaks to be &apos;LF&apos; but found &apos;CRLF&apos;. (linebreak-style)]]></failure></testcase>
<testcase time="0" name="org.eslint.semi" classname="C:\work\dyrectorio\web\crux-ui\src\server\crux\crux"><failure message="Missing semicolon."><![CDATA[line 30, col 50, Error - Missing semicolon. (semi)]]></failure></testcase>
<testcase time="0" name="org.eslint.import/no-cycle" classname="C:\work\dyrectorio\web\crux-ui\src\server\crux\crux"><failure message="Dependency cycle via @server/registry-api/registry-connections:19"><![CDATA[line 31, col 1, Error - Dependency cycle via @server/registry-api/registry-connections:19 (import/no-cycle)]]></failure></testcase>
<testcase time="0" name="org.eslint.import/extensions" classname="C:\work\dyrectorio\web\crux-ui\src\server\crux\crux"><failure message="Missing file extension &quot;ts&quot; for &quot;./registry-service&quot;"><![CDATA[line 31, col 32, Error - Missing file extension &quot;ts&quot; for &quot;./registry-service&quot; (import/extensions)]]></failure></testcase>
<testcase time="0" name="org.eslint.linebreak-style" classname="C:\work\dyrectorio\web\crux-ui\src\server\crux\crux"><failure message="Expected linebreaks to be &apos;LF&apos; but found &apos;CRLF&apos;."><![CDATA[line 31, col 52, Error - Expected linebreaks to be &apos;LF&apos; but found &apos;CRLF&apos;. (linebreak-style)]]></failure></testcase>
<testcase time="0" name="org.eslint.semi" classname="C:\work\dyrectorio\web\crux-ui\src\server\crux\crux"><failure message="Missing semicolon."><![CDATA[line 31, col 52, Error - Missing semicolon. (semi)]]></failure></testcase>
<testcase time="0" name="org.eslint.import/no-cycle" classname="C:\work\dyrectorio\web\crux-ui\src\server\crux\crux"><failure message="Dependency cycle via @server/registry-api/registry-connections:42"><![CDATA[line 32, col 1, Error - Dependency cycle via @server/registry-api/registry-connections:42 (import/no-cycle)]]></failure></testcase>
<testcase time="0" name="org.eslint.import/extensions" classname="C:\work\dyrectorio\web\crux-ui\src\server\crux\crux"><failure message="Missing file extension &quot;ts&quot; for &quot;./team-service&quot;"><![CDATA[line 32, col 28, Error - Missing file extension &quot;ts&quot; for &quot;./team-service&quot; (import/extensions)]]></failure></testcase>
<testcase time="0" name="org.eslint.linebreak-style" classname="C:\work\dyrectorio\web\crux-ui\src\server\crux\crux"><failure message="Expected linebreaks to be &apos;LF&apos; but found &apos;CRLF&apos;."><![CDATA[line 32, col 44, Error - Expected linebreaks to be &apos;LF&apos; but found &apos;CRLF&apos;. (linebreak-style)]]></failure></testcase>
<testcase time="0" name="org.eslint.semi" classname="C:\work\dyrectorio\web\crux-ui\src\server\crux\crux"><failure message="Missing semicolon."><![CDATA[line 32, col 44, Error - Missing semicolon. (semi)]]></failure></testcase>
<testcase time="0" name="org.eslint.import/extensions" classname="C:\work\dyrectorio\web\crux-ui\src\server\crux\crux"><failure message="Missing file extension &quot;ts&quot; for &quot;./version-service&quot;"><![CDATA[line 33, col 31, Error - Missing file extension &quot;ts&quot; for &quot;./version-service&quot; (import/extensions)]]></failure></testcase>
<testcase time="0" name="org.eslint.linebreak-style" classname="C:\work\dyrectorio\web\crux-ui\src\server\crux\crux"><failure message="Expected linebreaks to be &apos;LF&apos; but found &apos;CRLF&apos;."><![CDATA[line 33, col 50, Error - Expected linebreaks to be &apos;LF&apos; but found &apos;CRLF&apos;. (linebreak-style)]]></failure></testcase>
<testcase time="0" name="org.eslint.semi" classname="C:\work\dyrectorio\web\crux-ui\src\server\crux\crux"><failure message="Missing semicolon."><![CDATA[line 33, col 50, Error - Missing semicolon. (semi)]]></failure></testcase>
<testcase time="0" name="org.eslint.linebreak-style" classname="C:\work\dyrectorio\web\crux-ui\src\server\crux\crux"><failure message="Expected linebreaks to be &apos;LF&apos; but found &apos;CRLF&apos;."><![CDATA[line 34, col 1, Error - Expected linebreaks to be &apos;LF&apos; but found &apos;CRLF&apos;. (linebreak-style)]]></failure></testcase>
<testcase time="0" name="org.eslint.linebreak-style" classname="C:\work\dyrectorio\web\crux-ui\src\server\crux\crux"><failure message="Expected linebreaks to be &apos;LF&apos; but found &apos;CRLF&apos;."><![CDATA[line 35, col 20, Error - Expected linebreaks to be &apos;LF&apos; but found &apos;CRLF&apos;. (linebreak-style)]]></failure></testcase>
<testcase time="0" name="org.eslint.linebreak-style" classname="C:\work\dyrectorio\web\crux-ui\src\server\crux\crux"><failure message="Expected linebreaks to be &apos;LF&apos; but found &apos;CRLF&apos;."><![CDATA[line 36, col 30, Error - Expected linebreaks to be &apos;LF&apos; but found &apos;CRLF&apos;. (linebreak-style)]]></failure></testcase>
<testcase time="0" name="org.eslint.semi" classname="C:\work\dyrectorio\web\crux-ui\src\server\crux\crux"><failure message="Missing semicolon."><![CDATA[line 36, col 30, Error - Missing semicolon. (semi)]]></failure></testcase>
<testcase time="0" name="org.eslint.lines-between-class-members" classname="C:\work\dyrectorio\web\crux-ui\src\server\crux\crux"><failure message="Expected blank line between class members."><![CDATA[line 37, col 3, Error - Expected blank line between class members. (lines-between-class-members)]]></failure></testcase>
<testcase time="0" name="org.eslint.linebreak-style" classname="C:\work\dyrectorio\web\crux-ui\src\server\crux\crux"><failure message="Expected linebreaks to be &apos;LF&apos; but found &apos;CRLF&apos;."><![CDATA[line 37, col 33, Error - Expected linebreaks to be &apos;LF&apos; but found &apos;CRLF&apos;. (linebreak-style)]]></failure></testcase>
<testcase time="0" name="org.eslint.semi" classname="C:\work\dyrectorio\web\crux-ui\src\server\crux\crux"><failure message="Missing semicolon."><![CDATA[line 37, col 33, Error - Missing semicolon. (semi)]]></failure></testcase>
<testcase time="0" name="org.eslint.lines-between-class-members" classname="C:\work\dyrectorio\web\crux-ui\src\server\crux\crux"><failure message="Expected blank line between class members."><![CDATA[line 38, col 3, Error - Expected blank line between class members. (lines-between-class-members)]]></failure></testcase>
<testcase time="0" name="org.eslint.linebreak-style" classname="C:\work\dyrectorio\web\crux-ui\src\server\crux\crux"><failure message="Expected linebreaks to be &apos;LF&apos; but found &apos;CRLF&apos;."><![CDATA[line 38, col 24, Error - Expected linebreaks to be &apos;LF&apos; but found &apos;CRLF&apos;. (linebreak-style)]]></failure></testcase>
<testcase time="0" name="org.eslint.semi" classname="C:\work\dyrectorio\web\crux-ui\src\server\crux\crux"><failure message="Missing semicolon."><![CDATA[line 38, col 24, Error - Missing semicolon. (semi)]]></failure></testcase>
<testcase time="0" name="org.eslint.lines-between-class-members" classname="C:\work\dyrectorio\web\crux-ui\src\server\crux\crux"><failure message="Expected blank line between class members."><![CDATA[line 39, col 3, Error - Expected blank line between class members. (lines-between-class-members)]]></failure></testcase>
<testcase time="0" name="org.eslint.linebreak-style" classname="C:\work\dyrectorio\web\crux-ui\src\server\crux\crux"><failure message="Expected linebreaks to be &apos;LF&apos; but found &apos;CRLF&apos;."><![CDATA[line 39, col 37, Error - Expected linebreaks to be &apos;LF&apos; but found &apos;CRLF&apos;. (linebreak-style)]]></failure></testcase>
<testcase time="0" name="org.eslint.semi" classname="C:\work\dyrectorio\web\crux-ui\src\server\crux\crux"><failure message="Missing semicolon."><![CDATA[line 39, col 37, Error - Missing semicolon. (semi)]]></failure></testcase>
<testcase time="0" name="org.eslint.lines-between-class-members" classname="C:\work\dyrectorio\web\crux-ui\src\server\crux\crux"><failure message="Expected blank line between class members."><![CDATA[line 40, col 3, Error - Expected blank line between class members. (lines-between-class-members)]]></failure></testcase>
<testcase time="0" name="org.eslint.linebreak-style" classname="C:\work\dyrectorio\web\crux-ui\src\server\crux\crux"><failure message="Expected linebreaks to be &apos;LF&apos; but found &apos;CRLF&apos;."><![CDATA[line 40, col 26, Error - Expected linebreaks to be &apos;LF&apos; but found &apos;CRLF&apos;. (linebreak-style)]]></failure></testcase>
<testcase time="0" name="org.eslint.semi" classname="C:\work\dyrectorio\web\crux-ui\src\server\crux\crux"><failure message="Missing semicolon."><![CDATA[line 40, col 26, Error - Missing semicolon. (semi)]]></failure></testcase>
<testcase time="0" name="org.eslint.lines-between-class-members" classname="C:\work\dyrectorio\web\crux-ui\src\server\crux\crux"><failure message="Expected blank line between class members."><![CDATA[line 41, col 3, Error - Expected blank line between class members. (lines-between-class-members)]]></failure></testcase>
<testcase time="0" name="org.eslint.linebreak-style" classname="C:\work\dyrectorio\web\crux-ui\src\server\crux\crux"><failure message="Expected linebreaks to be &apos;LF&apos; but found &apos;CRLF&apos;."><![CDATA[line 41, col 36, Error - Expected linebreaks to be &apos;LF&apos; but found &apos;CRLF&apos;. (linebreak-style)]]></failure></testcase>
<testcase time="0" name="org.eslint.semi" classname="C:\work\dyrectorio\web\crux-ui\src\server\crux\crux"><failure message="Missing semicolon."><![CDATA[line 41, col 36, Error - Missing semicolon. (semi)]]></failure></testcase>
<testcase time="0" name="org.eslint.lines-between-class-members" classname="C:\work\dyrectorio\web\crux-ui\src\server\crux\crux"><failure message="Expected blank line between class members."><![CDATA[line 42, col 3, Error - Expected blank line between class members. (lines-between-class-members)]]></failure></testcase>
<testcase time="0" name="org.eslint.linebreak-style" classname="C:\work\dyrectorio\web\crux-ui\src\server\crux\crux"><failure message="Expected linebreaks to be &apos;LF&apos; but found &apos;CRLF&apos;."><![CDATA[line 42, col 24, Error - Expected linebreaks to be &apos;LF&apos; but found &apos;CRLF&apos;. (linebreak-style)]]></failure></testcase>
<testcase time="0" name="org.eslint.semi" classname="C:\work\dyrectorio\web\crux-ui\src\server\crux\crux"><failure message="Missing semicolon."><![CDATA[line 42, col 24, Error - Missing semicolon. (semi)]]></failure></testcase>
<testcase time="0" name="org.eslint.lines-between-class-members" classname="C:\work\dyrectorio\web\crux-ui\src\server\crux\crux"><failure message="Expected blank line between class members."><![CDATA[line 43, col 3, Error - Expected blank line between class members. (lines-between-class-members)]]></failure></testcase>
<testcase time="0" name="org.eslint.linebreak-style" classname="C:\work\dyrectorio\web\crux-ui\src\server\crux\crux"><failure message="Expected linebreaks to be &apos;LF&apos; but found &apos;CRLF&apos;."><![CDATA[line 43, col 27, Error - Expected linebreaks to be &apos;LF&apos; but found &apos;CRLF&apos;. (linebreak-style)]]></failure></testcase>
<testcase time="0" name="org.eslint.semi" classname="C:\work\dyrectorio\web\crux-ui\src\server\crux\crux"><failure message="Missing semicolon."><![CDATA[line 43, col 27, Error - Missing semicolon. (semi)]]></failure></testcase>
<testcase time="0" name="org.eslint.lines-between-class-members" classname="C:\work\dyrectorio\web\crux-ui\src\server\crux\crux"><failure message="Expected blank line between class members."><![CDATA[line 44, col 3, Error - Expected blank line between class members. (lines-between-class-members)]]></failure></testcase>
<testcase time="0" name="org.eslint.linebreak-style" classname="C:\work\dyrectorio\web\crux-ui\src\server\crux\crux"><failure message="Expected linebreaks to be &apos;LF&apos; but found &apos;CRLF&apos;."><![CDATA[line 44, col 25, Error - Expected linebreaks to be &apos;LF&apos; but found &apos;CRLF&apos;. (linebreak-style)]]></failure></testcase>
<testcase time="0" name="org.eslint.semi" classname="C:\work\dyrectorio\web\crux-ui\src\server\crux\crux"><failure message="Missing semicolon."><![CDATA[line 44, col 25, Error - Missing semicolon. (semi)]]></failure></testcase>
<testcase time="0" name="org.eslint.lines-between-class-members" classname="C:\work\dyrectorio\web\crux-ui\src\server\crux\crux"><failure message="Expected blank line between class members."><![CDATA[line 45, col 3, Error - Expected blank line between class members. (lines-between-class-members)]]></failure></testcase>
<testcase time="0" name="org.eslint.linebreak-style" classname="C:\work\dyrectorio\web\crux-ui\src\server\crux\crux"><failure message="Expected linebreaks to be &apos;LF&apos; but found &apos;CRLF&apos;."><![CDATA[line 45, col 40, Error - Expected linebreaks to be &apos;LF&apos; but found &apos;CRLF&apos;. (linebreak-style)]]></failure></testcase>
<testcase time="0" name="org.eslint.semi" classname="C:\work\dyrectorio\web\crux-ui\src\server\crux\crux"><failure message="Missing semicolon."><![CDATA[line 45, col 40, Error - Missing semicolon. (semi)]]></failure></testcase>
<testcase time="0" name="org.eslint.linebreak-style" classname="C:\work\dyrectorio\web\crux-ui\src\server\crux\crux"><failure message="Expected linebreaks to be &apos;LF&apos; but found &apos;CRLF&apos;."><![CDATA[line 46, col 1, Error - Expected linebreaks to be &apos;LF&apos; but found &apos;CRLF&apos;. (linebreak-style)]]></failure></testcase>
<testcase time="0" name="org.eslint.linebreak-style" classname="C:\work\dyrectorio\web\crux-ui\src\server\crux\crux"><failure message="Expected linebreaks to be &apos;LF&apos; but found &apos;CRLF&apos;."><![CDATA[line 47, col 52, Error - Expected linebreaks to be &apos;LF&apos; but found &apos;CRLF&apos;. (linebreak-style)]]></failure></testcase>
<testcase time="0" name="org.eslint.linebreak-style" classname="C:\work\dyrectorio\web\crux-ui\src\server\crux\crux"><failure message="Expected linebreaks to be &apos;LF&apos; but found &apos;CRLF&apos;."><![CDATA[line 48, col 94, Error - Expected linebreaks to be &apos;LF&apos; but found &apos;CRLF&apos;. (linebreak-style)]]></failure></testcase>
<testcase time="0" name="org.eslint.semi" classname="C:\work\dyrectorio\web\crux-ui\src\server\crux\crux"><failure message="Missing semicolon."><![CDATA[line 48, col 94, Error - Missing semicolon. (semi)]]></failure></testcase>
<testcase time="0" name="org.eslint.linebreak-style" classname="C:\work\dyrectorio\web\crux-ui\src\server\crux\crux"><failure message="Expected linebreaks to be &apos;LF&apos; but found &apos;CRLF&apos;."><![CDATA[line 49, col 1, Error - Expected linebreaks to be &apos;LF&apos; but found &apos;CRLF&apos;. (linebreak-style)]]></failure></testcase>
<testcase time="0" name="org.eslint.linebreak-style" classname="C:\work\dyrectorio\web\crux-ui\src\server\crux\crux"><failure message="Expected linebreaks to be &apos;LF&apos; but found &apos;CRLF&apos;."><![CDATA[line 50, col 58, Error - Expected linebreaks to be &apos;LF&apos; but found &apos;CRLF&apos;. (linebreak-style)]]></failure></testcase>
<testcase time="0" name="org.eslint.semi" classname="C:\work\dyrectorio\web\crux-ui\src\server\crux\crux"><failure message="Missing semicolon."><![CDATA[line 50, col 58, Error - Missing semicolon. (semi)]]></failure></testcase>
<testcase time="0" name="org.eslint.linebreak-style" classname="C:\work\dyrectorio\web\crux-ui\src\server\crux\crux"><failure message="Expected linebreaks to be &apos;LF&apos; but found &apos;CRLF&apos;."><![CDATA[line 51, col 61, Error - Expected linebreaks to be &apos;LF&apos; but found &apos;CRLF&apos;. (linebreak-style)]]></failure></testcase>
<testcase time="0" name="org.eslint.semi" classname="C:\work\dyrectorio\web\crux-ui\src\server\crux\crux"><failure message="Missing semicolon."><![CDATA[line 51, col 61, Error - Missing semicolon. (semi)]]></failure></testcase>
<testcase time="0" name="org.eslint.linebreak-style" classname="C:\work\dyrectorio\web\crux-ui\src\server\crux\crux"><failure message="Expected linebreaks to be &apos;LF&apos; but found &apos;CRLF&apos;."><![CDATA[line 52, col 52, Error - Expected linebreaks to be &apos;LF&apos; but found &apos;CRLF&apos;. (linebreak-style)]]></failure></testcase>
<testcase time="0" name="org.eslint.semi" classname="C:\work\dyrectorio\web\crux-ui\src\server\crux\crux"><failure message="Missing semicolon."><![CDATA[line 52, col 52, Error - Missing semicolon. (semi)]]></failure></testcase>
<testcase time="0" name="org.eslint.linebreak-style" classname="C:\work\dyrectorio\web\crux-ui\src\server\crux\crux"><failure message="Expected linebreaks to be &apos;LF&apos; but found &apos;CRLF&apos;."><![CDATA[line 53, col 65, Error - Expected linebreaks to be &apos;LF&apos; but found &apos;CRLF&apos;. (linebreak-style)]]></failure></testcase>
<testcase time="0" name="org.eslint.semi" classname="C:\work\dyrectorio\web\crux-ui\src\server\crux\crux"><failure message="Missing semicolon."><![CDATA[line 53, col 65, Error - Missing semicolon. (semi)]]></failure></testcase>
<testcase time="0" name="org.eslint.linebreak-style" classname="C:\work\dyrectorio\web\crux-ui\src\server\crux\crux"><failure message="Expected linebreaks to be &apos;LF&apos; but found &apos;CRLF&apos;."><![CDATA[line 54, col 54, Error - Expected linebreaks to be &apos;LF&apos; but found &apos;CRLF&apos;. (linebreak-style)]]></failure></testcase>
<testcase time="0" name="org.eslint.semi" classname="C:\work\dyrectorio\web\crux-ui\src\server\crux\crux"><failure message="Missing semicolon."><![CDATA[line 54, col 54, Error - Missing semicolon. (semi)]]></failure></testcase>
<testcase time="0" name="org.eslint.linebreak-style" classname="C:\work\dyrectorio\web\crux-ui\src\server\crux\crux"><failure message="Expected linebreaks to be &apos;LF&apos; but found &apos;CRLF&apos;."><![CDATA[line 55, col 64, Error - Expected linebreaks to be &apos;LF&apos; but found &apos;CRLF&apos;. (linebreak-style)]]></failure></testcase>
<testcase time="0" name="org.eslint.semi" classname="C:\work\dyrectorio\web\crux-ui\src\server\crux\crux"><failure message="Missing semicolon."><![CDATA[line 55, col 64, Error - Missing semicolon. (semi)]]></failure></testcase>
<testcase time="0" name="org.eslint.linebreak-style" classname="C:\work\dyrectorio\web\crux-ui\src\server\crux\crux"><failure message="Expected linebreaks to be &apos;LF&apos; but found &apos;CRLF&apos;."><![CDATA[line 56, col 52, Error - Expected linebreaks to be &apos;LF&apos; but found &apos;CRLF&apos;. (linebreak-style)]]></failure></testcase>
<testcase time="0" name="org.eslint.semi" classname="C:\work\dyrectorio\web\crux-ui\src\server\crux\crux"><failure message="Missing semicolon."><![CDATA[line 56, col 52, Error - Missing semicolon. (semi)]]></failure></testcase>
<testcase time="0" name="org.eslint.linebreak-style" classname="C:\work\dyrectorio\web\crux-ui\src\server\crux\crux"><failure message="Expected linebreaks to be &apos;LF&apos; but found &apos;CRLF&apos;."><![CDATA[line 57, col 55, Error - Expected linebreaks to be &apos;LF&apos; but found &apos;CRLF&apos;. (linebreak-style)]]></failure></testcase>
<testcase time="0" name="org.eslint.semi" classname="C:\work\dyrectorio\web\crux-ui\src\server\crux\crux"><failure message="Missing semicolon."><![CDATA[line 57, col 55, Error - Missing semicolon. (semi)]]></failure></testcase>
<testcase time="0" name="org.eslint.linebreak-style" classname="C:\work\dyrectorio\web\crux-ui\src\server\crux\crux"><failure message="Expected linebreaks to be &apos;LF&apos; but found &apos;CRLF&apos;."><![CDATA[line 58, col 53, Error - Expected linebreaks to be &apos;LF&apos; but found &apos;CRLF&apos;. (linebreak-style)]]></failure></testcase>
<testcase time="0" name="org.eslint.semi" classname="C:\work\dyrectorio\web\crux-ui\src\server\crux\crux"><failure message="Missing semicolon."><![CDATA[line 58, col 53, Error - Missing semicolon. (semi)]]></failure></testcase>
<testcase time="0" name="org.eslint.linebreak-style" classname="C:\work\dyrectorio\web\crux-ui\src\server\crux\crux"><failure message="Expected linebreaks to be &apos;LF&apos; but found &apos;CRLF&apos;."><![CDATA[line 59, col 68, Error - Expected linebreaks to be &apos;LF&apos; but found &apos;CRLF&apos;. (linebreak-style)]]></failure></testcase>
<testcase time="0" name="org.eslint.semi" classname="C:\work\dyrectorio\web\crux-ui\src\server\crux\crux"><failure message="Missing semicolon."><![CDATA[line 59, col 68, Error - Missing semicolon. (semi)]]></failure></testcase>
<testcase time="0" name="org.eslint.linebreak-style" classname="C:\work\dyrectorio\web\crux-ui\src\server\crux\crux"><failure message="Expected linebreaks to be &apos;LF&apos; but found &apos;CRLF&apos;."><![CDATA[line 60, col 4, Error - Expected linebreaks to be &apos;LF&apos; but found &apos;CRLF&apos;. (linebreak-style)]]></failure></testcase>
<testcase time="0" name="org.eslint.linebreak-style" classname="C:\work\dyrectorio\web\crux-ui\src\server\crux\crux"><failure message="Expected linebreaks to be &apos;LF&apos; but found &apos;CRLF&apos;."><![CDATA[line 61, col 2, Error - Expected linebreaks to be &apos;LF&apos; but found &apos;CRLF&apos;. (linebreak-style)]]></failure></testcase>
<testcase time="0" name="org.eslint.linebreak-style" classname="C:\work\dyrectorio\web\crux-ui\src\server\crux\crux"><failure message="Expected linebreaks to be &apos;LF&apos; but found &apos;CRLF&apos;."><![CDATA[line 62, col 1, Error - Expected linebreaks to be &apos;LF&apos; but found &apos;CRLF&apos;. (linebreak-style)]]></failure></testcase>
<testcase time="0" name="org.eslint.linebreak-style" classname="C:\work\dyrectorio\web\crux-ui\src\server\crux\crux"><failure message="Expected linebreaks to be &apos;LF&apos; but found &apos;CRLF&apos;."><![CDATA[line 63, col 20, Error - Expected linebreaks to be &apos;LF&apos; but found &apos;CRLF&apos;. (linebreak-style)]]></failure></testcase>
<testcase time="0" name="org.eslint.linebreak-style" classname="C:\work\dyrectorio\web\crux-ui\src\server\crux\crux"><failure message="Expected linebreaks to be &apos;LF&apos; but found &apos;CRLF&apos;."><![CDATA[line 64, col 39, Error - Expected linebreaks to be &apos;LF&apos; but found &apos;CRLF&apos;. (linebreak-style)]]></failure></testcase>
<testcase time="0" name="org.eslint.semi" classname="C:\work\dyrectorio\web\crux-ui\src\server\crux\crux"><failure message="Missing semicolon."><![CDATA[line 64, col 39, Error - Missing semicolon. (semi)]]></failure></testcase>
<testcase time="0" name="org.eslint.lines-between-class-members" classname="C:\work\dyrectorio\web\crux-ui\src\server\crux\crux"><failure message="Expected blank line between class members."><![CDATA[line 65, col 3, Error - Expected blank line between class members. (lines-between-class-members)]]></failure></testcase>
<testcase time="0" name="org.eslint.linebreak-style" classname="C:\work\dyrectorio\web\crux-ui\src\server\crux\crux"><failure message="Expected linebreaks to be &apos;LF&apos; but found &apos;CRLF&apos;."><![CDATA[line 65, col 42, Error - Expected linebreaks to be &apos;LF&apos; but found &apos;CRLF&apos;. (linebreak-style)]]></failure></testcase>
<testcase time="0" name="org.eslint.semi" classname="C:\work\dyrectorio\web\crux-ui\src\server\crux\crux"><failure message="Missing semicolon."><![CDATA[line 65, col 42, Error - Missing semicolon. (semi)]]></failure></testcase>
<testcase time="0" name="org.eslint.lines-between-class-members" classname="C:\work\dyrectorio\web\crux-ui\src\server\crux\crux"><failure message="Expected blank line between class members."><![CDATA[line 66, col 3, Error - Expected blank line between class members. (lines-between-class-members)]]></failure></testcase>
<testcase time="0" name="org.eslint.linebreak-style" classname="C:\work\dyrectorio\web\crux-ui\src\server\crux\crux"><failure message="Expected linebreaks to be &apos;LF&apos; but found &apos;CRLF&apos;."><![CDATA[line 66, col 33, Error - Expected linebreaks to be &apos;LF&apos; but found &apos;CRLF&apos;. (linebreak-style)]]></failure></testcase>
<testcase time="0" name="org.eslint.semi" classname="C:\work\dyrectorio\web\crux-ui\src\server\crux\crux"><failure message="Missing semicolon."><![CDATA[line 66, col 33, Error - Missing semicolon. (semi)]]></failure></testcase>
<testcase time="0" name="org.eslint.lines-between-class-members" classname="C:\work\dyrectorio\web\crux-ui\src\server\crux\crux"><failure message="Expected blank line between class members."><![CDATA[line 67, col 3, Error - Expected blank line between class members. (lines-between-class-members)]]></failure></testcase>
<testcase time="0" name="org.eslint.linebreak-style" classname="C:\work\dyrectorio\web\crux-ui\src\server\crux\crux"><failure message="Expected linebreaks to be &apos;LF&apos; but found &apos;CRLF&apos;."><![CDATA[line 67, col 39, Error - Expected linebreaks to be &apos;LF&apos; but found &apos;CRLF&apos;. (linebreak-style)]]></failure></testcase>
<testcase time="0" name="org.eslint.semi" classname="C:\work\dyrectorio\web\crux-ui\src\server\crux\crux"><failure message="Missing semicolon."><![CDATA[line 67, col 39, Error - Missing semicolon. (semi)]]></failure></testcase>
<testcase time="0" name="org.eslint.lines-between-class-members" classname="C:\work\dyrectorio\web\crux-ui\src\server\crux\crux"><failure message="Expected blank line between class members."><![CDATA[line 68, col 3, Error - Expected blank line between class members. (lines-between-class-members)]]></failure></testcase>
<testcase time="0" name="org.eslint.linebreak-style" classname="C:\work\dyrectorio\web\crux-ui\src\server\crux\crux"><failure message="Expected linebreaks to be &apos;LF&apos; but found &apos;CRLF&apos;."><![CDATA[line 68, col 35, Error - Expected linebreaks to be &apos;LF&apos; but found &apos;CRLF&apos;. (linebreak-style)]]></failure></testcase>
<testcase time="0" name="org.eslint.semi" classname="C:\work\dyrectorio\web\crux-ui\src\server\crux\crux"><failure message="Missing semicolon."><![CDATA[line 68, col 35, Error - Missing semicolon. (semi)]]></failure></testcase>
<testcase time="0" name="org.eslint.lines-between-class-members" classname="C:\work\dyrectorio\web\crux-ui\src\server\crux\crux"><failure message="Expected blank line between class members."><![CDATA[line 69, col 3, Error - Expected blank line between class members. (lines-between-class-members)]]></failure></testcase>
<testcase time="0" name="org.eslint.linebreak-style" classname="C:\work\dyrectorio\web\crux-ui\src\server\crux\crux"><failure message="Expected linebreaks to be &apos;LF&apos; but found &apos;CRLF&apos;."><![CDATA[line 69, col 45, Error - Expected linebreaks to be &apos;LF&apos; but found &apos;CRLF&apos;. (linebreak-style)]]></failure></testcase>
<testcase time="0" name="org.eslint.semi" classname="C:\work\dyrectorio\web\crux-ui\src\server\crux\crux"><failure message="Missing semicolon."><![CDATA[line 69, col 45, Error - Missing semicolon. (semi)]]></failure></testcase>
<testcase time="0" name="org.eslint.lines-between-class-members" classname="C:\work\dyrectorio\web\crux-ui\src\server\crux\crux"><failure message="Expected blank line between class members."><![CDATA[line 70, col 3, Error - Expected blank line between class members. (lines-between-class-members)]]></failure></testcase>
<testcase time="0" name="org.eslint.linebreak-style" classname="C:\work\dyrectorio\web\crux-ui\src\server\crux\crux"><failure message="Expected linebreaks to be &apos;LF&apos; but found &apos;CRLF&apos;."><![CDATA[line 70, col 33, Error - Expected linebreaks to be &apos;LF&apos; but found &apos;CRLF&apos;. (linebreak-style)]]></failure></testcase>
<testcase time="0" name="org.eslint.semi" classname="C:\work\dyrectorio\web\crux-ui\src\server\crux\crux"><failure message="Missing semicolon."><![CDATA[line 70, col 33, Error - Missing semicolon. (semi)]]></failure></testcase>
<testcase time="0" name="org.eslint.lines-between-class-members" classname="C:\work\dyrectorio\web\crux-ui\src\server\crux\crux"><failure message="Expected blank line between class members."><![CDATA[line 71, col 3, Error - Expected blank line between class members. (lines-between-class-members)]]></failure></testcase>
<testcase time="0" name="org.eslint.linebreak-style" classname="C:\work\dyrectorio\web\crux-ui\src\server\crux\crux"><failure message="Expected linebreaks to be &apos;LF&apos; but found &apos;CRLF&apos;."><![CDATA[line 71, col 36, Error - Expected linebreaks to be &apos;LF&apos; but found &apos;CRLF&apos;. (linebreak-style)]]></failure></testcase>
<testcase time="0" name="org.eslint.semi" classname="C:\work\dyrectorio\web\crux-ui\src\server\crux\crux"><failure message="Missing semicolon."><![CDATA[line 71, col 36, Error - Missing semicolon. (semi)]]></failure></testcase>
<testcase time="0" name="org.eslint.lines-between-class-members" classname="C:\work\dyrectorio\web\crux-ui\src\server\crux\crux"><failure message="Expected blank line between class members."><![CDATA[line 72, col 3, Error - Expected blank line between class members. (lines-between-class-members)]]></failure></testcase>
<testcase time="0" name="org.eslint.linebreak-style" classname="C:\work\dyrectorio\web\crux-ui\src\server\crux\crux"><failure message="Expected linebreaks to be &apos;LF&apos; but found &apos;CRLF&apos;."><![CDATA[line 72, col 34, Error - Expected linebreaks to be &apos;LF&apos; but found &apos;CRLF&apos;. (linebreak-style)]]></failure></testcase>
<testcase time="0" name="org.eslint.semi" classname="C:\work\dyrectorio\web\crux-ui\src\server\crux\crux"><failure message="Missing semicolon."><![CDATA[line 72, col 34, Error - Missing semicolon. (semi)]]></failure></testcase>
<testcase time="0" name="org.eslint.lines-between-class-members" classname="C:\work\dyrectorio\web\crux-ui\src\server\crux\crux"><failure message="Expected blank line between class members."><![CDATA[line 73, col 3, Error - Expected blank line between class members. (lines-between-class-members)]]></failure></testcase>
<testcase time="0" name="org.eslint.linebreak-style" classname="C:\work\dyrectorio\web\crux-ui\src\server\crux\crux"><failure message="Expected linebreaks to be &apos;LF&apos; but found &apos;CRLF&apos;."><![CDATA[line 73, col 48, Error - Expected linebreaks to be &apos;LF&apos; but found &apos;CRLF&apos;. (linebreak-style)]]></failure></testcase>
<testcase time="0" name="org.eslint.semi" classname="C:\work\dyrectorio\web\crux-ui\src\server\crux\crux"><failure message="Missing semicolon."><![CDATA[line 73, col 48, Error - Missing semicolon. (semi)]]></failure></testcase>
<testcase time="0" name="org.eslint.linebreak-style" classname="C:\work\dyrectorio\web\crux-ui\src\server\crux\crux"><failure message="Expected linebreaks to be &apos;LF&apos; but found &apos;CRLF&apos;."><![CDATA[line 74, col 1, Error - Expected linebreaks to be &apos;LF&apos; but found &apos;CRLF&apos;. (linebreak-style)]]></failure></testcase>
<testcase time="0" name="org.eslint.no-useless-constructor" classname="C:\work\dyrectorio\web\crux-ui\src\server\crux\crux"><failure message="Useless constructor."><![CDATA[line 75, col 3, Error - Useless constructor. (no-useless-constructor)]]></failure></testcase>
<testcase time="0" name="org.eslint.linebreak-style" classname="C:\work\dyrectorio\web\crux-ui\src\server\crux\crux"><failure message="Expected linebreaks to be &apos;LF&apos; but found &apos;CRLF&apos;."><![CDATA[line 75, col 23, Error - Expected linebreaks to be &apos;LF&apos; but found &apos;CRLF&apos;. (linebreak-style)]]></failure></testcase>
<testcase time="0" name="org.eslint.linebreak-style" classname="C:\work\dyrectorio\web\crux-ui\src\server\crux\crux"><failure message="Expected linebreaks to be &apos;LF&apos; but found &apos;CRLF&apos;."><![CDATA[line 76, col 34, Error - Expected linebreaks to be &apos;LF&apos; but found &apos;CRLF&apos;. (linebreak-style)]]></failure></testcase>
<testcase time="0" name="org.eslint.linebreak-style" classname="C:\work\dyrectorio\web\crux-ui\src\server\crux\crux"><failure message="Expected linebreaks to be &apos;LF&apos; but found &apos;CRLF&apos;."><![CDATA[line 77, col 40, Error - Expected linebreaks to be &apos;LF&apos; but found &apos;CRLF&apos;. (linebreak-style)]]></failure></testcase>
<testcase time="0" name="org.eslint.no-shadow" classname="C:\work\dyrectorio\web\crux-ui\src\server\crux\crux"><failure message="&apos;registryConnections&apos; is already declared in the upper scope on line 19 column 8."><![CDATA[line 78, col 13, Error - &apos;registryConnections&apos; is already declared in the upper scope on line 19 column 8. (no-shadow)]]></failure></testcase>
<testcase time="0" name="org.eslint.linebreak-style" classname="C:\work\dyrectorio\web\crux-ui\src\server\crux\crux"><failure message="Expected linebreaks to be &apos;LF&apos; but found &apos;CRLF&apos;."><![CDATA[line 78, col 54, Error - Expected linebreaks to be &apos;LF&apos; but found &apos;CRLF&apos;. (linebreak-style)]]></failure></testcase>
<testcase time="0" name="org.eslint.no-empty-function" classname="C:\work\dyrectorio\web\crux-ui\src\server\crux\crux"><failure message="Unexpected empty constructor."><![CDATA[line 79, col 5, Error - Unexpected empty constructor. (no-empty-function)]]></failure></testcase>
<testcase time="0" name="org.eslint.linebreak-style" classname="C:\work\dyrectorio\web\crux-ui\src\server\crux\crux"><failure message="Expected linebreaks to be &apos;LF&apos; but found &apos;CRLF&apos;."><![CDATA[line 79, col 7, Error - Expected linebreaks to be &apos;LF&apos; but found &apos;CRLF&apos;. (linebreak-style)]]></failure></testcase>
<testcase time="0" name="org.eslint.linebreak-style" classname="C:\work\dyrectorio\web\crux-ui\src\server\crux\crux"><failure message="Expected linebreaks to be &apos;LF&apos; but found &apos;CRLF&apos;."><![CDATA[line 80, col 1, Error - Expected linebreaks to be &apos;LF&apos; but found &apos;CRLF&apos;. (linebreak-style)]]></failure></testcase>
<testcase time="0" name="org.eslint.linebreak-style" classname="C:\work\dyrectorio\web\crux-ui\src\server\crux\crux"><failure message="Expected linebreaks to be &apos;LF&apos; but found &apos;CRLF&apos;."><![CDATA[line 81, col 19, Error - Expected linebreaks to be &apos;LF&apos; but found &apos;CRLF&apos;. (linebreak-style)]]></failure></testcase>
<testcase time="0" name="org.eslint.no-underscore-dangle" classname="C:\work\dyrectorio\web\crux-ui\src\server\crux\crux"><failure message="Unexpected dangling &apos;_&apos; in &apos;_products&apos;."><![CDATA[line 82, col 12, Error - Unexpected dangling &apos;_&apos; in &apos;_products&apos;. (no-underscore-dangle)]]></failure></testcase>
<testcase time="0" name="org.eslint.linebreak-style" classname="C:\work\dyrectorio\web\crux-ui\src\server\crux\crux"><failure message="Expected linebreaks to be &apos;LF&apos; but found &apos;CRLF&apos;."><![CDATA[line 82, col 89, Error - Expected linebreaks to be &apos;LF&apos; but found &apos;CRLF&apos;. (linebreak-style)]]></failure></testcase>
<testcase time="0" name="org.eslint.semi" classname="C:\work\dyrectorio\web\crux-ui\src\server\crux\crux"><failure message="Missing semicolon."><![CDATA[line 82, col 89, Error - Missing semicolon. (semi)]]></failure></testcase>
<testcase time="0" name="org.eslint.linebreak-style" classname="C:\work\dyrectorio\web\crux-ui\src\server\crux\crux"><failure message="Expected linebreaks to be &apos;LF&apos; but found &apos;CRLF&apos;."><![CDATA[line 83, col 4, Error - Expected linebreaks to be &apos;LF&apos; but found &apos;CRLF&apos;. (linebreak-style)]]></failure></testcase>
<testcase time="0" name="org.eslint.linebreak-style" classname="C:\work\dyrectorio\web\crux-ui\src\server\crux\crux"><failure message="Expected linebreaks to be &apos;LF&apos; but found &apos;CRLF&apos;."><![CDATA[line 84, col 1, Error - Expected linebreaks to be &apos;LF&apos; but found &apos;CRLF&apos;. (linebreak-style)]]></failure></testcase>
<testcase time="0" name="org.eslint.linebreak-style" classname="C:\work\dyrectorio\web\crux-ui\src\server\crux\crux"><failure message="Expected linebreaks to be &apos;LF&apos; but found &apos;CRLF&apos;."><![CDATA[line 85, col 21, Error - Expected linebreaks to be &apos;LF&apos; but found &apos;CRLF&apos;. (linebreak-style)]]></failure></testcase>
<testcase time="0" name="org.eslint.max-len" classname="C:\work\dyrectorio\web\crux-ui\src\server\crux\crux"><failure message="This line has a length of 119. Maximum allowed is 100."><![CDATA[line 86, col 1, Error - This line has a length of 119. Maximum allowed is 100. (max-len)]]></failure></testcase>
<testcase time="0" name="org.eslint.no-underscore-dangle" classname="C:\work\dyrectorio\web\crux-ui\src\server\crux\crux"><failure message="Unexpected dangling &apos;_&apos; in &apos;_registries&apos;."><![CDATA[line 86, col 12, Error - Unexpected dangling &apos;_&apos; in &apos;_registries&apos;. (no-underscore-dangle)]]></failure></testcase>
<testcase time="0" name="org.eslint.linebreak-style" classname="C:\work\dyrectorio\web\crux-ui\src\server\crux\crux"><failure message="Expected linebreaks to be &apos;LF&apos; but found &apos;CRLF&apos;."><![CDATA[line 86, col 120, Error - Expected linebreaks to be &apos;LF&apos; but found &apos;CRLF&apos;. (linebreak-style)]]></failure></testcase>
<testcase time="0" name="org.eslint.semi" classname="C:\work\dyrectorio\web\crux-ui\src\server\crux\crux"><failure message="Missing semicolon."><![CDATA[line 86, col 120, Error - Missing semicolon. (semi)]]></failure></testcase>
<testcase time="0" name="org.eslint.linebreak-style" classname="C:\work\dyrectorio\web\crux-ui\src\server\crux\crux"><failure message="Expected linebreaks to be &apos;LF&apos; but found &apos;CRLF&apos;."><![CDATA[line 87, col 4, Error - Expected linebreaks to be &apos;LF&apos; but found &apos;CRLF&apos;. (linebreak-style)]]></failure></testcase>
<testcase time="0" name="org.eslint.linebreak-style" classname="C:\work\dyrectorio\web\crux-ui\src\server\crux\crux"><failure message="Expected linebreaks to be &apos;LF&apos; but found &apos;CRLF&apos;."><![CDATA[line 88, col 1, Error - Expected linebreaks to be &apos;LF&apos; but found &apos;CRLF&apos;. (linebreak-style)]]></failure></testcase>
<testcase time="0" name="org.eslint.linebreak-style" classname="C:\work\dyrectorio\web\crux-ui\src\server\crux\crux"><failure message="Expected linebreaks to be &apos;LF&apos; but found &apos;CRLF&apos;."><![CDATA[line 89, col 16, Error - Expected linebreaks to be &apos;LF&apos; but found &apos;CRLF&apos;. (linebreak-style)]]></failure></testcase>
<testcase time="0" name="org.eslint.no-underscore-dangle" classname="C:\work\dyrectorio\web\crux-ui\src\server\crux\crux"><failure message="Unexpected dangling &apos;_&apos; in &apos;_nodes&apos;."><![CDATA[line 90, col 12, Error - Unexpected dangling &apos;_&apos; in &apos;_nodes&apos;. (no-underscore-dangle)]]></failure></testcase>
<testcase time="0" name="org.eslint.linebreak-style" classname="C:\work\dyrectorio\web\crux-ui\src\server\crux\crux"><failure message="Expected linebreaks to be &apos;LF&apos; but found &apos;CRLF&apos;."><![CDATA[line 90, col 80, Error - Expected linebreaks to be &apos;LF&apos; but found &apos;CRLF&apos;. (linebreak-style)]]></failure></testcase>
<testcase time="0" name="org.eslint.semi" classname="C:\work\dyrectorio\web\crux-ui\src\server\crux\crux"><failure message="Missing semicolon."><![CDATA[line 90, col 80, Error - Missing semicolon. (semi)]]></failure></testcase>
<testcase time="0" name="org.eslint.linebreak-style" classname="C:\work\dyrectorio\web\crux-ui\src\server\crux\crux"><failure message="Expected linebreaks to be &apos;LF&apos; but found &apos;CRLF&apos;."><![CDATA[line 91, col 4, Error - Expected linebreaks to be &apos;LF&apos; but found &apos;CRLF&apos;. (linebreak-style)]]></failure></testcase>
<testcase time="0" name="org.eslint.linebreak-style" classname="C:\work\dyrectorio\web\crux-ui\src\server\crux\crux"><failure message="Expected linebreaks to be &apos;LF&apos; but found &apos;CRLF&apos;."><![CDATA[line 92, col 1, Error - Expected linebreaks to be &apos;LF&apos; but found &apos;CRLF&apos;. (linebreak-style)]]></failure></testcase>
<testcase time="0" name="org.eslint.linebreak-style" classname="C:\work\dyrectorio\web\crux-ui\src\server\crux\crux"><failure message="Expected linebreaks to be &apos;LF&apos; but found &apos;CRLF&apos;."><![CDATA[line 93, col 19, Error - Expected linebreaks to be &apos;LF&apos; but found &apos;CRLF&apos;. (linebreak-style)]]></failure></testcase>
<testcase time="0" name="org.eslint.no-underscore-dangle" classname="C:\work\dyrectorio\web\crux-ui\src\server\crux\crux"><failure message="Unexpected dangling &apos;_&apos; in &apos;_versions&apos;."><![CDATA[line 94, col 12, Error - Unexpected dangling &apos;_&apos; in &apos;_versions&apos;. (no-underscore-dangle)]]></failure></testcase>
<testcase time="0" name="org.eslint.linebreak-style" classname="C:\work\dyrectorio\web\crux-ui\src\server\crux\crux"><failure message="Expected linebreaks to be &apos;LF&apos; but found &apos;CRLF&apos;."><![CDATA[line 94, col 89, Error - Expected linebreaks to be &apos;LF&apos; but found &apos;CRLF&apos;. (linebreak-style)]]></failure></testcase>
<testcase time="0" name="org.eslint.semi" classname="C:\work\dyrectorio\web\crux-ui\src\server\crux\crux"><failure message="Missing semicolon."><![CDATA[line 94, col 89, Error - Missing semicolon. (semi)]]></failure></testcase>
<testcase time="0" name="org.eslint.linebreak-style" classname="C:\work\dyrectorio\web\crux-ui\src\server\crux\crux"><failure message="Expected linebreaks to be &apos;LF&apos; but found &apos;CRLF&apos;."><![CDATA[line 95, col 4, Error - Expected linebreaks to be &apos;LF&apos; but found &apos;CRLF&apos;. (linebreak-style)]]></failure></testcase>
<testcase time="0" name="org.eslint.linebreak-style" classname="C:\work\dyrectorio\web\crux-ui\src\server\crux\crux"><failure message="Expected linebreaks to be &apos;LF&apos; but found &apos;CRLF&apos;."><![CDATA[line 96, col 1, Error - Expected linebreaks to be &apos;LF&apos; but found &apos;CRLF&apos;. (linebreak-style)]]></failure></testcase>
<testcase time="0" name="org.eslint.linebreak-style" classname="C:\work\dyrectorio\web\crux-ui\src\server\crux\crux"><failure message="Expected linebreaks to be &apos;LF&apos; but found &apos;CRLF&apos;."><![CDATA[line 97, col 17, Error - Expected linebreaks to be &apos;LF&apos; but found &apos;CRLF&apos;. (linebreak-style)]]></failure></testcase>
<testcase time="0" name="org.eslint.no-underscore-dangle" classname="C:\work\dyrectorio\web\crux-ui\src\server\crux\crux"><failure message="Unexpected dangling &apos;_&apos; in &apos;_images&apos;."><![CDATA[line 98, col 12, Error - Unexpected dangling &apos;_&apos; in &apos;_images&apos;. (no-underscore-dangle)]]></failure></testcase>
<testcase time="0" name="org.eslint.linebreak-style" classname="C:\work\dyrectorio\web\crux-ui\src\server\crux\crux"><failure message="Expected linebreaks to be &apos;LF&apos; but found &apos;CRLF&apos;."><![CDATA[line 98, col 83, Error - Expected linebreaks to be &apos;LF&apos; but found &apos;CRLF&apos;. (linebreak-style)]]></failure></testcase>
<testcase time="0" name="org.eslint.semi" classname="C:\work\dyrectorio\web\crux-ui\src\server\crux\crux"><failure message="Missing semicolon."><![CDATA[line 98, col 83, Error - Missing semicolon. (semi)]]></failure></testcase>
<testcase time="0" name="org.eslint.linebreak-style" classname="C:\work\dyrectorio\web\crux-ui\src\server\crux\crux"><failure message="Expected linebreaks to be &apos;LF&apos; but found &apos;CRLF&apos;."><![CDATA[line 99, col 4, Error - Expected linebreaks to be &apos;LF&apos; but found &apos;CRLF&apos;. (linebreak-style)]]></failure></testcase>
<testcase time="0" name="org.eslint.linebreak-style" classname="C:\work\dyrectorio\web\crux-ui\src\server\crux\crux"><failure message="Expected linebreaks to be &apos;LF&apos; but found &apos;CRLF&apos;."><![CDATA[line 100, col 1, Error - Expected linebreaks to be &apos;LF&apos; but found &apos;CRLF&apos;. (linebreak-style)]]></failure></testcase>
<testcase time="0" name="org.eslint.linebreak-style" classname="C:\work\dyrectorio\web\crux-ui\src\server\crux\crux"><failure message="Expected linebreaks to be &apos;LF&apos; but found &apos;CRLF&apos;."><![CDATA[line 101, col 22, Error - Expected linebreaks to be &apos;LF&apos; but found &apos;CRLF&apos;. (linebreak-style)]]></failure></testcase>
<testcase time="0" name="org.eslint.no-underscore-dangle" classname="C:\work\dyrectorio\web\crux-ui\src\server\crux\crux"><failure message="Unexpected dangling &apos;_&apos; in &apos;_deployments&apos;."><![CDATA[line 102, col 12, Error - Unexpected dangling &apos;_&apos; in &apos;_deployments&apos;. (no-underscore-dangle)]]></failure></testcase>
<testcase time="0" name="org.eslint.linebreak-style" classname="C:\work\dyrectorio\web\crux-ui\src\server\crux\crux"><failure message="Expected linebreaks to be &apos;LF&apos; but found &apos;CRLF&apos;."><![CDATA[line 102, col 98, Error - Expected linebreaks to be &apos;LF&apos; but found &apos;CRLF&apos;. (linebreak-style)]]></failure></testcase>
<testcase time="0" name="org.eslint.semi" classname="C:\work\dyrectorio\web\crux-ui\src\server\crux\crux"><failure message="Missing semicolon."><![CDATA[line 102, col 98, Error - Missing semicolon. (semi)]]></failure></testcase>
<testcase time="0" name="org.eslint.linebreak-style" classname="C:\work\dyrectorio\web\crux-ui\src\server\crux\crux"><failure message="Expected linebreaks to be &apos;LF&apos; but found &apos;CRLF&apos;."><![CDATA[line 103, col 4, Error - Expected linebreaks to be &apos;LF&apos; but found &apos;CRLF&apos;. (linebreak-style)]]></failure></testcase>
<testcase time="0" name="org.eslint.linebreak-style" classname="C:\work\dyrectorio\web\crux-ui\src\server\crux\crux"><failure message="Expected linebreaks to be &apos;LF&apos; but found &apos;CRLF&apos;."><![CDATA[line 104, col 1, Error - Expected linebreaks to be &apos;LF&apos; but found &apos;CRLF&apos;. (linebreak-style)]]></failure></testcase>
<testcase time="0" name="org.eslint.linebreak-style" classname="C:\work\dyrectorio\web\crux-ui\src\server\crux\crux"><failure message="Expected linebreaks to be &apos;LF&apos; but found &apos;CRLF&apos;."><![CDATA[line 105, col 16, Error - Expected linebreaks to be &apos;LF&apos; but found &apos;CRLF&apos;. (linebreak-style)]]></failure></testcase>
<testcase time="0" name="org.eslint.max-len" classname="C:\work\dyrectorio\web\crux-ui\src\server\crux\crux"><failure message="This line has a length of 105. Maximum allowed is 100."><![CDATA[line 106, col 1, Error - This line has a length of 105. Maximum allowed is 100. (max-len)]]></failure></testcase>
<testcase time="0" name="org.eslint.no-underscore-dangle" classname="C:\work\dyrectorio\web\crux-ui\src\server\crux\crux"><failure message="Unexpected dangling &apos;_&apos; in &apos;_teams&apos;."><![CDATA[line 106, col 12, Error - Unexpected dangling &apos;_&apos; in &apos;_teams&apos;. (no-underscore-dangle)]]></failure></testcase>
<testcase time="0" name="org.eslint.linebreak-style" classname="C:\work\dyrectorio\web\crux-ui\src\server\crux\crux"><failure message="Expected linebreaks to be &apos;LF&apos; but found &apos;CRLF&apos;."><![CDATA[line 106, col 106, Error - Expected linebreaks to be &apos;LF&apos; but found &apos;CRLF&apos;. (linebreak-style)]]></failure></testcase>
<testcase time="0" name="org.eslint.semi" classname="C:\work\dyrectorio\web\crux-ui\src\server\crux\crux"><failure message="Missing semicolon."><![CDATA[line 106, col 106, Error - Missing semicolon. (semi)]]></failure></testcase>
<testcase time="0" name="org.eslint.linebreak-style" classname="C:\work\dyrectorio\web\crux-ui\src\server\crux\crux"><failure message="Expected linebreaks to be &apos;LF&apos; but found &apos;CRLF&apos;."><![CDATA[line 107, col 4, Error - Expected linebreaks to be &apos;LF&apos; but found &apos;CRLF&apos;. (linebreak-style)]]></failure></testcase>
<testcase time="0" name="org.eslint.linebreak-style" classname="C:\work\dyrectorio\web\crux-ui\src\server\crux\crux"><failure message="Expected linebreaks to be &apos;LF&apos; but found &apos;CRLF&apos;."><![CDATA[line 108, col 1, Error - Expected linebreaks to be &apos;LF&apos; but found &apos;CRLF&apos;. (linebreak-style)]]></failure></testcase>
<testcase time="0" name="org.eslint.linebreak-style" classname="C:\work\dyrectorio\web\crux-ui\src\server\crux\crux"><failure message="Expected linebreaks to be &apos;LF&apos; but found &apos;CRLF&apos;."><![CDATA[line 109, col 17, Error - Expected linebreaks to be &apos;LF&apos; but found &apos;CRLF&apos;. (linebreak-style)]]></failure></testcase>
<testcase time="0" name="org.eslint.no-underscore-dangle" classname="C:\work\dyrectorio\web\crux-ui\src\server\crux\crux"><failure message="Unexpected dangling &apos;_&apos; in &apos;_health&apos;."><![CDATA[line 110, col 12, Error - Unexpected dangling &apos;_&apos; in &apos;_health&apos;. (no-underscore-dangle)]]></failure></testcase>
<testcase time="0" name="org.eslint.linebreak-style" classname="C:\work\dyrectorio\web\crux-ui\src\server\crux\crux"><failure message="Expected linebreaks to be &apos;LF&apos; but found &apos;CRLF&apos;."><![CDATA[line 110, col 69, Error - Expected linebreaks to be &apos;LF&apos; but found &apos;CRLF&apos;. (linebreak-style)]]></failure></testcase>
<testcase time="0" name="org.eslint.semi" classname="C:\work\dyrectorio\web\crux-ui\src\server\crux\crux"><failure message="Missing semicolon."><![CDATA[line 110, col 69, Error - Missing semicolon. (semi)]]></failure></testcase>
<testcase time="0" name="org.eslint.linebreak-style" classname="C:\work\dyrectorio\web\crux-ui\src\server\crux\crux"><failure message="Expected linebreaks to be &apos;LF&apos; but found &apos;CRLF&apos;."><![CDATA[line 111, col 4, Error - Expected linebreaks to be &apos;LF&apos; but found &apos;CRLF&apos;. (linebreak-style)]]></failure></testcase>
<testcase time="0" name="org.eslint.linebreak-style" classname="C:\work\dyrectorio\web\crux-ui\src\server\crux\crux"><failure message="Expected linebreaks to be &apos;LF&apos; but found &apos;CRLF&apos;."><![CDATA[line 112, col 1, Error - Expected linebreaks to be &apos;LF&apos; but found &apos;CRLF&apos;. (linebreak-style)]]></failure></testcase>
<testcase time="0" name="org.eslint.linebreak-style" classname="C:\work\dyrectorio\web\crux-ui\src\server\crux\crux"><failure message="Expected linebreaks to be &apos;LF&apos; but found &apos;CRLF&apos;."><![CDATA[line 113, col 16, Error - Expected linebreaks to be &apos;LF&apos; but found &apos;CRLF&apos;. (linebreak-style)]]></failure></testcase>
<testcase time="0" name="org.eslint.no-underscore-dangle" classname="C:\work\dyrectorio\web\crux-ui\src\server\crux\crux"><failure message="Unexpected dangling &apos;_&apos; in &apos;_audit&apos;."><![CDATA[line 114, col 12, Error - Unexpected dangling &apos;_&apos; in &apos;_audit&apos;. (no-underscore-dangle)]]></failure></testcase>
<testcase time="0" name="org.eslint.linebreak-style" classname="C:\work\dyrectorio\web\crux-ui\src\server\crux\crux"><failure message="Expected linebreaks to be &apos;LF&apos; but found &apos;CRLF&apos;."><![CDATA[line 114, col 81, Error - Expected linebreaks to be &apos;LF&apos; but found &apos;CRLF&apos;. (linebreak-style)]]></failure></testcase>
<testcase time="0" name="org.eslint.semi" classname="C:\work\dyrectorio\web\crux-ui\src\server\crux\crux"><failure message="Missing semicolon."><![CDATA[line 114, col 81, Error - Missing semicolon. (semi)]]></failure></testcase>
<testcase time="0" name="org.eslint.linebreak-style" classname="C:\work\dyrectorio\web\crux-ui\src\server\crux\crux"><failure message="Expected linebreaks to be &apos;LF&apos; but found &apos;CRLF&apos;."><![CDATA[line 115, col 4, Error - Expected linebreaks to be &apos;LF&apos; but found &apos;CRLF&apos;. (linebreak-style)]]></failure></testcase>
<testcase time="0" name="org.eslint.linebreak-style" classname="C:\work\dyrectorio\web\crux-ui\src\server\crux\crux"><failure message="Expected linebreaks to be &apos;LF&apos; but found &apos;CRLF&apos;."><![CDATA[line 116, col 1, Error - Expected linebreaks to be &apos;LF&apos; but found &apos;CRLF&apos;. (linebreak-style)]]></failure></testcase>
<testcase time="0" name="org.eslint.linebreak-style" classname="C:\work\dyrectorio\web\crux-ui\src\server\crux\crux"><failure message="Expected linebreaks to be &apos;LF&apos; but found &apos;CRLF&apos;."><![CDATA[line 117, col 25, Error - Expected linebreaks to be &apos;LF&apos; but found &apos;CRLF&apos;. (linebreak-style)]]></failure></testcase>
<testcase time="0" name="org.eslint.max-len" classname="C:\work\dyrectorio\web\crux-ui\src\server\crux\crux"><failure message="This line has a length of 102. Maximum allowed is 100."><![CDATA[line 118, col 1, Error - This line has a length of 102. Maximum allowed is 100. (max-len)]]></failure></testcase>
<testcase time="0" name="org.eslint.no-underscore-dangle" classname="C:\work\dyrectorio\web\crux-ui\src\server\crux\crux"><failure message="Unexpected dangling &apos;_&apos; in &apos;_notifications&apos;."><![CDATA[line 118, col 12, Error - Unexpected dangling &apos;_&apos; in &apos;_notifications&apos;. (no-underscore-dangle)]]></failure></testcase>
<testcase time="0" name="org.eslint.linebreak-style" classname="C:\work\dyrectorio\web\crux-ui\src\server\crux\crux"><failure message="Expected linebreaks to be &apos;LF&apos; but found &apos;CRLF&apos;."><![CDATA[line 118, col 103, Error - Expected linebreaks to be &apos;LF&apos; but found &apos;CRLF&apos;. (linebreak-style)]]></failure></testcase>
<testcase time="0" name="org.eslint.semi" classname="C:\work\dyrectorio\web\crux-ui\src\server\crux\crux"><failure message="Missing semicolon."><![CDATA[line 118, col 103, Error - Missing semicolon. (semi)]]></failure></testcase>
<testcase time="0" name="org.eslint.linebreak-style" classname="C:\work\dyrectorio\web\crux-ui\src\server\crux\crux"><failure message="Expected linebreaks to be &apos;LF&apos; but found &apos;CRLF&apos;."><![CDATA[line 119, col 4, Error - Expected linebreaks to be &apos;LF&apos; but found &apos;CRLF&apos;. (linebreak-style)]]></failure></testcase>
<testcase time="0" name="org.eslint.linebreak-style" classname="C:\work\dyrectorio\web\crux-ui\src\server\crux\crux"><failure message="Expected linebreaks to be &apos;LF&apos; but found &apos;CRLF&apos;."><![CDATA[line 120, col 1, Error - Expected linebreaks to be &apos;LF&apos; but found &apos;CRLF&apos;. (linebreak-style)]]></failure></testcase>
<testcase time="0" name="org.eslint.linebreak-style" classname="C:\work\dyrectorio\web\crux-ui\src\server\crux\crux"><failure message="Expected linebreaks to be &apos;LF&apos; but found &apos;CRLF&apos;."><![CDATA[line 121, col 57, Error - Expected linebreaks to be &apos;LF&apos; but found &apos;CRLF&apos;. (linebreak-style)]]></failure></testcase>
<testcase time="0" name="org.eslint.no-underscore-dangle" classname="C:\work\dyrectorio\web\crux-ui\src\server\crux\crux"><failure message="Unexpected dangling &apos;_&apos; in &apos;_cruxClients&apos;."><![CDATA[line 122, col 21, Error - Unexpected dangling &apos;_&apos; in &apos;_cruxClients&apos;. (no-underscore-dangle)]]></failure></testcase>
<testcase time="0" name="org.eslint.linebreak-style" classname="C:\work\dyrectorio\web\crux-ui\src\server\crux\crux"><failure message="Expected linebreaks to be &apos;LF&apos; but found &apos;CRLF&apos;."><![CDATA[line 122, col 72, Error - Expected linebreaks to be &apos;LF&apos; but found &apos;CRLF&apos;. (linebreak-style)]]></failure></testcase>
<testcase time="0" name="org.eslint.semi" classname="C:\work\dyrectorio\web\crux-ui\src\server\crux\crux"><failure message="Missing semicolon."><![CDATA[line 122, col 72, Error - Missing semicolon. (semi)]]></failure></testcase>
<testcase time="0" name="org.eslint.linebreak-style" classname="C:\work\dyrectorio\web\crux-ui\src\server\crux\crux"><failure message="Expected linebreaks to be &apos;LF&apos; but found &apos;CRLF&apos;."><![CDATA[line 123, col 4, Error - Expected linebreaks to be &apos;LF&apos; but found &apos;CRLF&apos;. (linebreak-style)]]></failure></testcase>
<testcase time="0" name="org.eslint.linebreak-style" classname="C:\work\dyrectorio\web\crux-ui\src\server\crux\crux"><failure message="Expected linebreaks to be &apos;LF&apos; but found &apos;CRLF&apos;."><![CDATA[line 124, col 2, Error - Expected linebreaks to be &apos;LF&apos; but found &apos;CRLF&apos;. (linebreak-style)]]></failure></testcase>
<testcase time="0" name="org.eslint.linebreak-style" classname="C:\work\dyrectorio\web\crux-ui\src\server\crux\crux"><failure message="Expected linebreaks to be &apos;LF&apos; but found &apos;CRLF&apos;."><![CDATA[line 125, col 1, Error - Expected linebreaks to be &apos;LF&apos; but found &apos;CRLF&apos;. (linebreak-style)]]></failure></testcase>
<testcase time="0" name="org.eslint.no-underscore-dangle" classname="C:\work\dyrectorio\web\crux-ui\src\server\crux\crux"><failure message="Unexpected dangling &apos;_&apos; in &apos;_cruxClients&apos;."><![CDATA[line 126, col 6, Error - Unexpected dangling &apos;_&apos; in &apos;_cruxClients&apos;. (no-underscore-dangle)]]></failure></testcase>
<testcase time="0" name="org.eslint.linebreak-style" classname="C:\work\dyrectorio\web\crux-ui\src\server\crux\crux"><failure message="Expected linebreaks to be &apos;LF&apos; but found &apos;CRLF&apos;."><![CDATA[line 126, col 28, Error - Expected linebreaks to be &apos;LF&apos; but found &apos;CRLF&apos;. (linebreak-style)]]></failure></testcase>
<testcase time="0" name="org.eslint.linebreak-style" classname="C:\work\dyrectorio\web\crux-ui\src\server\crux\crux"><failure message="Expected linebreaks to be &apos;LF&apos; but found &apos;CRLF&apos;."><![CDATA[line 127, col 8, Error - Expected linebreaks to be &apos;LF&apos; but found &apos;CRLF&apos;. (linebreak-style)]]></failure></testcase>
<testcase time="0" name="org.eslint.linebreak-style" classname="C:\work\dyrectorio\web\crux-ui\src\server\crux\crux"><failure message="Expected linebreaks to be &apos;LF&apos; but found &apos;CRLF&apos;."><![CDATA[line 128, col 115, Error - Expected linebreaks to be &apos;LF&apos; but found &apos;CRLF&apos;. (linebreak-style)]]></failure></testcase>
<testcase time="0" name="org.eslint.semi" classname="C:\work\dyrectorio\web\crux-ui\src\server\crux\crux"><failure message="Missing semicolon."><![CDATA[line 128, col 115, Error - Missing semicolon. (semi)]]></failure></testcase>
<testcase time="0" name="org.eslint.no-underscore-dangle" classname="C:\work\dyrectorio\web\crux-ui\src\server\crux\crux"><failure message="Unexpected dangling &apos;_&apos; in &apos;_cruxClients&apos;."><![CDATA[line 129, col 5, Error - Unexpected dangling &apos;_&apos; in &apos;_cruxClients&apos;. (no-underscore-dangle)]]></failure></testcase>
<testcase time="0" name="org.eslint.linebreak-style" classname="C:\work\dyrectorio\web\crux-ui\src\server\crux\crux"><failure message="Expected linebreaks to be &apos;LF&apos; but found &apos;CRLF&apos;."><![CDATA[line 129, col 74, Error - Expected linebreaks to be &apos;LF&apos; but found &apos;CRLF&apos;. (linebreak-style)]]></failure></testcase>
<testcase time="0" name="org.eslint.semi" classname="C:\work\dyrectorio\web\crux-ui\src\server\crux\crux"><failure message="Missing semicolon."><![CDATA[line 129, col 74, Error - Missing semicolon. (semi)]]></failure></testcase>
<testcase time="0" name="org.eslint.linebreak-style" classname="C:\work\dyrectorio\web\crux-ui\src\server\crux\crux"><failure message="Expected linebreaks to be &apos;LF&apos; but found &apos;CRLF&apos;."><![CDATA[line 130, col 20, Error - Expected linebreaks to be &apos;LF&apos; but found &apos;CRLF&apos;. (linebreak-style)]]></failure></testcase>
<testcase time="0" name="org.eslint.linebreak-style" classname="C:\work\dyrectorio\web\crux-ui\src\server\crux\crux"><failure message="Expected linebreaks to be &apos;LF&apos; but found &apos;CRLF&apos;."><![CDATA[line 131, col 63, Error - Expected linebreaks to be &apos;LF&apos; but found &apos;CRLF&apos;. (linebreak-style)]]></failure></testcase>
<testcase time="0" name="org.eslint.linebreak-style" classname="C:\work\dyrectorio\web\crux-ui\src\server\crux\crux"><failure message="Expected linebreaks to be &apos;LF&apos; but found &apos;CRLF&apos;."><![CDATA[line 132, col 52, Error - Expected linebreaks to be &apos;LF&apos; but found &apos;CRLF&apos;. (linebreak-style)]]></failure></testcase>
<testcase time="0" name="org.eslint.semi" classname="C:\work\dyrectorio\web\crux-ui\src\server\crux\crux"><failure message="Missing semicolon."><![CDATA[line 132, col 52, Error - Missing semicolon. (semi)]]></failure></testcase>
<testcase time="0" name="org.eslint.linebreak-style" classname="C:\work\dyrectorio\web\crux-ui\src\server\crux\crux"><failure message="Expected linebreaks to be &apos;LF&apos; but found &apos;CRLF&apos;."><![CDATA[line 133, col 23, Error - Expected linebreaks to be &apos;LF&apos; but found &apos;CRLF&apos;. (linebreak-style)]]></failure></testcase>
<testcase time="0" name="org.eslint.semi" classname="C:\work\dyrectorio\web\crux-ui\src\server\crux\crux"><failure message="Missing semicolon."><![CDATA[line 133, col 23, Error - Missing semicolon. (semi)]]></failure></testcase>
<testcase time="0" name="org.eslint.linebreak-style" classname="C:\work\dyrectorio\web\crux-ui\src\server\crux\crux"><failure message="Expected linebreaks to be &apos;LF&apos; but found &apos;CRLF&apos;."><![CDATA[line 134, col 6, Error - Expected linebreaks to be &apos;LF&apos; but found &apos;CRLF&apos;. (linebreak-style)]]></failure></testcase>
<testcase time="0" name="org.eslint.linebreak-style" classname="C:\work\dyrectorio\web\crux-ui\src\server\crux\crux"><failure message="Expected linebreaks to be &apos;LF&apos; but found &apos;CRLF&apos;."><![CDATA[line 135, col 4, Error - Expected linebreaks to be &apos;LF&apos; but found &apos;CRLF&apos;. (linebreak-style)]]></failure></testcase>
<testcase time="0" name="org.eslint.linebreak-style" classname="C:\work\dyrectorio\web\crux-ui\src\server\crux\crux"><failure message="Expected linebreaks to be &apos;LF&apos; but found &apos;CRLF&apos;."><![CDATA[line 136, col 2, Error - Expected linebreaks to be &apos;LF&apos; but found &apos;CRLF&apos;. (linebreak-style)]]></failure></testcase>
<testcase time="0" name="org.eslint.linebreak-style" classname="C:\work\dyrectorio\web\crux-ui\src\server\crux\crux"><failure message="Expected linebreaks to be &apos;LF&apos; but found &apos;CRLF&apos;."><![CDATA[line 137, col 1, Error - Expected linebreaks to be &apos;LF&apos; but found &apos;CRLF&apos;. (linebreak-style)]]></failure></testcase>
<testcase time="0" name="org.eslint.max-len" classname="C:\work\dyrectorio\web\crux-ui\src\server\crux\crux"><failure message="This line has a length of 110. Maximum allowed is 100."><![CDATA[line 138, col 1, Error - This line has a length of 110. Maximum allowed is 100. (max-len)]]></failure></testcase>
<testcase time="0" name="org.eslint.no-return-await" classname="C:\work\dyrectorio\web\crux-ui\src\server\crux\crux"><failure message="Redundant use of `await` on a return value."><![CDATA[line 138, col 63, Error - Redundant use of `await` on a return value. (no-return-await)]]></failure></testcase>
<testcase time="0" name="org.eslint.linebreak-style" classname="C:\work\dyrectorio\web\crux-ui\src\server\crux\crux"><failure message="Expected linebreaks to be &apos;LF&apos; but found &apos;CRLF&apos;."><![CDATA[line 138, col 111, Error - Expected linebreaks to be &apos;LF&apos; but found &apos;CRLF&apos;. (linebreak-style)]]></failure></testcase>
<testcase time="0" name="org.eslint.semi" classname="C:\work\dyrectorio\web\crux-ui\src\server\crux\crux"><failure message="Missing semicolon."><![CDATA[line 138, col 111, Error - Missing semicolon. (semi)]]></failure></testcase>
<testcase time="0" name="org.eslint.linebreak-style" classname="C:\work\dyrectorio\web\crux-ui\src\server\crux\crux"><failure message="Expected linebreaks to be &apos;LF&apos; but found &apos;CRLF&apos;."><![CDATA[line 139, col 1, Error - Expected linebreaks to be &apos;LF&apos; but found &apos;CRLF&apos;. (linebreak-style)]]></failure></testcase>
<testcase time="0" name="org.eslint.linebreak-style" classname="C:\work\dyrectorio\web\crux-ui\src\server\crux\crux"><failure message="Expected linebreaks to be &apos;LF&apos; but found &apos;CRLF&apos;."><![CDATA[line 140, col 69, Error - Expected linebreaks to be &apos;LF&apos; but found &apos;CRLF&apos;. (linebreak-style)]]></failure></testcase>
<testcase time="0" name="org.eslint.linebreak-style" classname="C:\work\dyrectorio\web\crux-ui\src\server\crux\crux"><failure message="Expected linebreaks to be &apos;LF&apos; but found &apos;CRLF&apos;."><![CDATA[line 141, col 44, Error - Expected linebreaks to be &apos;LF&apos; but found &apos;CRLF&apos;. (linebreak-style)]]></failure></testcase>
<testcase time="0" name="org.eslint.semi" classname="C:\work\dyrectorio\web\crux-ui\src\server\crux\crux"><failure message="Missing semicolon."><![CDATA[line 141, col 44, Error - Missing semicolon. (semi)]]></failure></testcase>
<testcase time="0" name="org.eslint.linebreak-style" classname="C:\work\dyrectorio\web\crux-ui\src\server\crux\crux"><failure message="Expected linebreaks to be &apos;LF&apos; but found &apos;CRLF&apos;."><![CDATA[line 142, col 46, Error - Expected linebreaks to be &apos;LF&apos; but found &apos;CRLF&apos;. (linebreak-style)]]></failure></testcase>
<testcase time="0" name="org.eslint.semi" classname="C:\work\dyrectorio\web\crux-ui\src\server\crux\crux"><failure message="Missing semicolon."><![CDATA[line 142, col 46, Error - Missing semicolon. (semi)]]></failure></testcase>
<testcase time="0" name="org.eslint.linebreak-style" classname="C:\work\dyrectorio\web\crux-ui\src\server\crux\crux"><failure message="Expected linebreaks to be &apos;LF&apos; but found &apos;CRLF&apos;."><![CDATA[line 143, col 2, Error - Expected linebreaks to be &apos;LF&apos; but found &apos;CRLF&apos;. (linebreak-style)]]></failure></testcase>
<testcase time="0" name="org.eslint.semi" classname="C:\work\dyrectorio\web\crux-ui\src\server\crux\crux"><failure message="Missing semicolon."><![CDATA[line 143, col 2, Error - Missing semicolon. (semi)]]></failure></testcase>
<testcase time="0" name="org.eslint.linebreak-style" classname="C:\work\dyrectorio\web\crux-ui\src\server\crux\crux"><failure message="Expected linebreaks to be &apos;LF&apos; but found &apos;CRLF&apos;."><![CDATA[line 144, col 1, Error - Expected linebreaks to be &apos;LF&apos; but found &apos;CRLF&apos;. (linebreak-style)]]></failure></testcase>
<testcase time="0" name="org.eslint.linebreak-style" classname="C:\work\dyrectorio\web\crux-ui\src\server\crux\crux"><failure message="Expected linebreaks to be &apos;LF&apos; but found &apos;CRLF&apos;."><![CDATA[line 145, col 72, Error - Expected linebreaks to be &apos;LF&apos; but found &apos;CRLF&apos;. (linebreak-style)]]></failure></testcase>
<testcase time="0" name="org.eslint.linebreak-style" classname="C:\work\dyrectorio\web\crux-ui\src\server\crux\crux"><failure message="Expected linebreaks to be &apos;LF&apos; but found &apos;CRLF&apos;."><![CDATA[line 146, col 55, Error - Expected linebreaks to be &apos;LF&apos; but found &apos;CRLF&apos;. (linebreak-style)]]></failure></testcase>
<testcase time="0" name="org.eslint.semi" classname="C:\work\dyrectorio\web\crux-ui\src\server\crux\crux"><failure message="Missing semicolon."><![CDATA[line 146, col 55, Error - Missing semicolon. (semi)]]></failure></testcase>
<testcase time="0" name="org.eslint.linebreak-style" classname="C:\work\dyrectorio\web\crux-ui\src\server\crux\crux"><failure message="Expected linebreaks to be &apos;LF&apos; but found &apos;CRLF&apos;."><![CDATA[line 147, col 15, Error - Expected linebreaks to be &apos;LF&apos; but found &apos;CRLF&apos;. (linebreak-style)]]></failure></testcase>
<testcase time="0" name="org.eslint.linebreak-style" classname="C:\work\dyrectorio\web\crux-ui\src\server\crux\crux"><failure message="Expected linebreaks to be &apos;LF&apos; but found &apos;CRLF&apos;."><![CDATA[line 148, col 50, Error - Expected linebreaks to be &apos;LF&apos; but found &apos;CRLF&apos;. (linebreak-style)]]></failure></testcase>
<testcase time="0" name="org.eslint.semi" classname="C:\work\dyrectorio\web\crux-ui\src\server\crux\crux"><failure message="Missing semicolon."><![CDATA[line 148, col 50, Error - Missing semicolon. (semi)]]></failure></testcase>
<testcase time="0" name="org.eslint.linebreak-style" classname="C:\work\dyrectorio\web\crux-ui\src\server\crux\crux"><failure message="Expected linebreaks to be &apos;LF&apos; but found &apos;CRLF&apos;."><![CDATA[line 149, col 44, Error - Expected linebreaks to be &apos;LF&apos; but found &apos;CRLF&apos;. (linebreak-style)]]></failure></testcase>
<testcase time="0" name="org.eslint.semi" classname="C:\work\dyrectorio\web\crux-ui\src\server\crux\crux"><failure message="Missing semicolon."><![CDATA[line 149, col 44, Error - Missing semicolon. (semi)]]></failure></testcase>
<testcase time="0" name="org.eslint.linebreak-style" classname="C:\work\dyrectorio\web\crux-ui\src\server\crux\crux"><failure message="Expected linebreaks to be &apos;LF&apos; but found &apos;CRLF&apos;."><![CDATA[line 150, col 4, Error - Expected linebreaks to be &apos;LF&apos; but found &apos;CRLF&apos;. (linebreak-style)]]></failure></testcase>
<testcase time="0" name="org.eslint.linebreak-style" classname="C:\work\dyrectorio\web\crux-ui\src\server\crux\crux"><failure message="Expected linebreaks to be &apos;LF&apos; but found &apos;CRLF&apos;."><![CDATA[line 151, col 1, Error - Expected linebreaks to be &apos;LF&apos; but found &apos;CRLF&apos;. (linebreak-style)]]></failure></testcase>
<testcase time="0" name="org.eslint.linebreak-style" classname="C:\work\dyrectorio\web\crux-ui\src\server\crux\crux"><failure message="Expected linebreaks to be &apos;LF&apos; but found &apos;CRLF&apos;."><![CDATA[line 152, col 14, Error - Expected linebreaks to be &apos;LF&apos; but found &apos;CRLF&apos;. (linebreak-style)]]></failure></testcase>
<testcase time="0" name="org.eslint.semi" classname="C:\work\dyrectorio\web\crux-ui\src\server\crux\crux"><failure message="Missing semicolon."><![CDATA[line 152, col 14, Error - Missing semicolon. (semi)]]></failure></testcase>
<testcase time="0" name="org.eslint.linebreak-style" classname="C:\work\dyrectorio\web\crux-ui\src\server\crux\crux"><failure message="Expected linebreaks to be &apos;LF&apos; but found &apos;CRLF&apos;."><![CDATA[line 153, col 2, Error - Expected linebreaks to be &apos;LF&apos; but found &apos;CRLF&apos;. (linebreak-style)]]></failure></testcase>
<testcase time="0" name="org.eslint.semi" classname="C:\work\dyrectorio\web\crux-ui\src\server\crux\crux"><failure message="Missing semicolon."><![CDATA[line 153, col 2, Error - Missing semicolon. (semi)]]></failure></testcase>
<testcase time="0" name="org.eslint.linebreak-style" classname="C:\work\dyrectorio\web\crux-ui\src\server\crux\crux"><failure message="Expected linebreaks to be &apos;LF&apos; but found &apos;CRLF&apos;."><![CDATA[line 154, col 1, Error - Expected linebreaks to be &apos;LF&apos; but found &apos;CRLF&apos;. (linebreak-style)]]></failure></testcase>
<testcase time="0" name="org.eslint.linebreak-style" classname="C:\work\dyrectorio\web\crux-ui\src\server\crux\crux"><failure message="Expected linebreaks to be &apos;LF&apos; but found &apos;CRLF&apos;."><![CDATA[line 155, col 46, Error - Expected linebreaks to be &apos;LF&apos; but found &apos;CRLF&apos;. (linebreak-style)]]></failure></testcase>
<testcase time="0" name="org.eslint.linebreak-style" classname="C:\work\dyrectorio\web\crux-ui\src\server\crux\crux"><failure message="Expected linebreaks to be &apos;LF&apos; but found &apos;CRLF&apos;."><![CDATA[line 156, col 33, Error - Expected linebreaks to be &apos;LF&apos; but found &apos;CRLF&apos;. (linebreak-style)]]></failure></testcase>
<testcase time="0" name="org.eslint.semi" classname="C:\work\dyrectorio\web\crux-ui\src\server\crux\crux"><failure message="Missing semicolon."><![CDATA[line 156, col 33, Error - Missing semicolon. (semi)]]></failure></testcase>
<testcase time="0" name="org.eslint.linebreak-style" classname="C:\work\dyrectorio\web\crux-ui\src\server\crux\crux"><failure message="Expected linebreaks to be &apos;LF&apos; but found &apos;CRLF&apos;."><![CDATA[line 157, col 46, Error - Expected linebreaks to be &apos;LF&apos; but found &apos;CRLF&apos;. (linebreak-style)]]></failure></testcase>
<testcase time="0" name="org.eslint.semi" classname="C:\work\dyrectorio\web\crux-ui\src\server\crux\crux"><failure message="Missing semicolon."><![CDATA[line 157, col 46, Error - Missing semicolon. (semi)]]></failure></testcase>
<testcase time="0" name="org.eslint.linebreak-style" classname="C:\work\dyrectorio\web\crux-ui\src\server\crux\crux"><failure message="Expected linebreaks to be &apos;LF&apos; but found &apos;CRLF&apos;."><![CDATA[line 158, col 2, Error - Expected linebreaks to be &apos;LF&apos; but found &apos;CRLF&apos;. (linebreak-style)]]></failure></testcase>
<testcase time="0" name="org.eslint.semi" classname="C:\work\dyrectorio\web\crux-ui\src\server\crux\crux"><failure message="Missing semicolon."><![CDATA[line 158, col 2, Error - Missing semicolon. (semi)]]></failure></testcase>
<testcase time="0" name="org.eslint.linebreak-style" classname="C:\work\dyrectorio\web\crux-ui\src\server\crux\crux"><failure message="Expected linebreaks to be &apos;LF&apos; but found &apos;CRLF&apos;."><![CDATA[line 159, col 1, Error - Expected linebreaks to be &apos;LF&apos; but found &apos;CRLF&apos;. (linebreak-style)]]></failure></testcase>
<testcase time="0" name="org.eslint.linebreak-style" classname="C:\work\dyrectorio\web\crux-ui\src\server\crux\crux"><failure message="Expected linebreaks to be &apos;LF&apos; but found &apos;CRLF&apos;."><![CDATA[line 160, col 20, Error - Expected linebreaks to be &apos;LF&apos; but found &apos;CRLF&apos;. (linebreak-style)]]></failure></testcase>
<testcase time="0" name="org.eslint.semi" classname="C:\work\dyrectorio\web\crux-ui\src\server\crux\crux"><failure message="Missing semicolon."><![CDATA[line 160, col 20, Error - Missing semicolon. (semi)]]></failure></testcase>
</testsuite>
<testsuite package="org.eslint" time="0" tests="446" errors="446" name="C:\work\dyrectorio\web\crux-ui\src\server\crux\deployment-service.ts">
<testcase time="0" name="org.eslint.linebreak-style" classname="C:\work\dyrectorio\web\crux-ui\src\server\crux\deployment-service"><failure message="Expected linebreaks to be &apos;LF&apos; but found &apos;CRLF&apos;."><![CDATA[line 1, col 37, Error - Expected linebreaks to be &apos;LF&apos; but found &apos;CRLF&apos;. (linebreak-style)]]></failure></testcase>
<testcase time="0" name="org.eslint.semi" classname="C:\work\dyrectorio\web\crux-ui\src\server\crux\deployment-service"><failure message="Missing semicolon."><![CDATA[line 1, col 37, Error - Missing semicolon. (semi)]]></failure></testcase>
<testcase time="0" name="org.eslint.linebreak-style" classname="C:\work\dyrectorio\web\crux-ui\src\server\crux\deployment-service"><failure message="Expected linebreaks to be &apos;LF&apos; but found &apos;CRLF&apos;."><![CDATA[line 2, col 9, Error - Expected linebreaks to be &apos;LF&apos; but found &apos;CRLF&apos;. (linebreak-style)]]></failure></testcase>
<testcase time="0" name="org.eslint.linebreak-style" classname="C:\work\dyrectorio\web\crux-ui\src\server\crux\deployment-service"><failure message="Expected linebreaks to be &apos;LF&apos; but found &apos;CRLF&apos;."><![CDATA[line 3, col 14, Error - Expected linebreaks to be &apos;LF&apos; but found &apos;CRLF&apos;. (linebreak-style)]]></failure></testcase>
<testcase time="0" name="org.eslint.linebreak-style" classname="C:\work\dyrectorio\web\crux-ui\src\server\crux\deployment-service"><failure message="Expected linebreaks to be &apos;LF&apos; but found &apos;CRLF&apos;."><![CDATA[line 4, col 23, Error - Expected linebreaks to be &apos;LF&apos; but found &apos;CRLF&apos;. (linebreak-style)]]></failure></testcase>
<testcase time="0" name="org.eslint.linebreak-style" classname="C:\work\dyrectorio\web\crux-ui\src\server\crux\deployment-service"><failure message="Expected linebreaks to be &apos;LF&apos; but found &apos;CRLF&apos;."><![CDATA[line 5, col 21, Error - Expected linebreaks to be &apos;LF&apos; but found &apos;CRLF&apos;. (linebreak-style)]]></failure></testcase>
<testcase time="0" name="org.eslint.linebreak-style" classname="C:\work\dyrectorio\web\crux-ui\src\server\crux\deployment-service"><failure message="Expected linebreaks to be &apos;LF&apos; but found &apos;CRLF&apos;."><![CDATA[line 6, col 30, Error - Expected linebreaks to be &apos;LF&apos; but found &apos;CRLF&apos;. (linebreak-style)]]></failure></testcase>
<testcase time="0" name="org.eslint.linebreak-style" classname="C:\work\dyrectorio\web\crux-ui\src\server\crux\deployment-service"><failure message="Expected linebreaks to be &apos;LF&apos; but found &apos;CRLF&apos;."><![CDATA[line 7, col 19, Error - Expected linebreaks to be &apos;LF&apos; but found &apos;CRLF&apos;. (linebreak-style)]]></failure></testcase>
<testcase time="0" name="org.eslint.linebreak-style" classname="C:\work\dyrectorio\web\crux-ui\src\server\crux\deployment-service"><failure message="Expected linebreaks to be &apos;LF&apos; but found &apos;CRLF&apos;."><![CDATA[line 8, col 23, Error - Expected linebreaks to be &apos;LF&apos; but found &apos;CRLF&apos;. (linebreak-style)]]></failure></testcase>
<testcase time="0" name="org.eslint.linebreak-style" classname="C:\work\dyrectorio\web\crux-ui\src\server\crux\deployment-service"><failure message="Expected linebreaks to be &apos;LF&apos; but found &apos;CRLF&apos;."><![CDATA[line 9, col 20, Error - Expected linebreaks to be &apos;LF&apos; but found &apos;CRLF&apos;. (linebreak-style)]]></failure></testcase>
<testcase time="0" name="org.eslint.linebreak-style" classname="C:\work\dyrectorio\web\crux-ui\src\server\crux\deployment-service"><failure message="Expected linebreaks to be &apos;LF&apos; but found &apos;CRLF&apos;."><![CDATA[line 10, col 23, Error - Expected linebreaks to be &apos;LF&apos; but found &apos;CRLF&apos;. (linebreak-style)]]></failure></testcase>
<testcase time="0" name="org.eslint.linebreak-style" classname="C:\work\dyrectorio\web\crux-ui\src\server\crux\deployment-service"><failure message="Expected linebreaks to be &apos;LF&apos; but found &apos;CRLF&apos;."><![CDATA[line 11, col 12, Error - Expected linebreaks to be &apos;LF&apos; but found &apos;CRLF&apos;. (linebreak-style)]]></failure></testcase>
<testcase time="0" name="org.eslint.linebreak-style" classname="C:\work\dyrectorio\web\crux-ui\src\server\crux\deployment-service"><failure message="Expected linebreaks to be &apos;LF&apos; but found &apos;CRLF&apos;."><![CDATA[line 12, col 25, Error - Expected linebreaks to be &apos;LF&apos; but found &apos;CRLF&apos;. (linebreak-style)]]></failure></testcase>
<testcase time="0" name="org.eslint.linebreak-style" classname="C:\work\dyrectorio\web\crux-ui\src\server\crux\deployment-service"><failure message="Expected linebreaks to be &apos;LF&apos; but found &apos;CRLF&apos;."><![CDATA[line 13, col 19, Error - Expected linebreaks to be &apos;LF&apos; but found &apos;CRLF&apos;. (linebreak-style)]]></failure></testcase>
<testcase time="0" name="org.eslint.linebreak-style" classname="C:\work\dyrectorio\web\crux-ui\src\server\crux\deployment-service"><failure message="Expected linebreaks to be &apos;LF&apos; but found &apos;CRLF&apos;."><![CDATA[line 14, col 20, Error - Expected linebreaks to be &apos;LF&apos; but found &apos;CRLF&apos;. (linebreak-style)]]></failure></testcase>
<testcase time="0" name="org.eslint.linebreak-style" classname="C:\work\dyrectorio\web\crux-ui\src\server\crux\deployment-service"><failure message="Expected linebreaks to be &apos;LF&apos; but found &apos;CRLF&apos;."><![CDATA[line 15, col 25, Error - Expected linebreaks to be &apos;LF&apos; but found &apos;CRLF&apos;. (linebreak-style)]]></failure></testcase>
<testcase time="0" name="org.eslint.linebreak-style" classname="C:\work\dyrectorio\web\crux-ui\src\server\crux\deployment-service"><failure message="Expected linebreaks to be &apos;LF&apos; but found &apos;CRLF&apos;."><![CDATA[line 16, col 27, Error - Expected linebreaks to be &apos;LF&apos; but found &apos;CRLF&apos;. (linebreak-style)]]></failure></testcase>
<testcase time="0" name="org.eslint.linebreak-style" classname="C:\work\dyrectorio\web\crux-ui\src\server\crux\deployment-service"><failure message="Expected linebreaks to be &apos;LF&apos; but found &apos;CRLF&apos;."><![CDATA[line 17, col 21, Error - Expected linebreaks to be &apos;LF&apos; but found &apos;CRLF&apos;. (linebreak-style)]]></failure></testcase>
<testcase time="0" name="org.eslint.semi" classname="C:\work\dyrectorio\web\crux-ui\src\server\crux\deployment-service"><failure message="Missing semicolon."><![CDATA[line 17, col 21, Error - Missing semicolon. (semi)]]></failure></testcase>
<testcase time="0" name="org.eslint.linebreak-style" classname="C:\work\dyrectorio\web\crux-ui\src\server\crux\deployment-service"><failure message="Expected linebreaks to be &apos;LF&apos; but found &apos;CRLF&apos;."><![CDATA[line 18, col 61, Error - Expected linebreaks to be &apos;LF&apos; but found &apos;CRLF&apos;. (linebreak-style)]]></failure></testcase>
<testcase time="0" name="org.eslint.semi" classname="C:\work\dyrectorio\web\crux-ui\src\server\crux\deployment-service"><failure message="Missing semicolon."><![CDATA[line 18, col 61, Error - Missing semicolon. (semi)]]></failure></testcase>
<testcase time="0" name="org.eslint.linebreak-style" classname="C:\work\dyrectorio\web\crux-ui\src\server\crux\deployment-service"><failure message="Expected linebreaks to be &apos;LF&apos; but found &apos;CRLF&apos;."><![CDATA[line 19, col 9, Error - Expected linebreaks to be &apos;LF&apos; but found &apos;CRLF&apos;. (linebreak-style)]]></failure></testcase>
<testcase time="0" name="org.eslint.linebreak-style" classname="C:\work\dyrectorio\web\crux-ui\src\server\crux\deployment-service"><failure message="Expected linebreaks to be &apos;LF&apos; but found &apos;CRLF&apos;."><![CDATA[line 20, col 45, Error - Expected linebreaks to be &apos;LF&apos; but found &apos;CRLF&apos;. (linebreak-style)]]></failure></testcase>
<testcase time="0" name="org.eslint.linebreak-style" classname="C:\work\dyrectorio\web\crux-ui\src\server\crux\deployment-service"><failure message="Expected linebreaks to be &apos;LF&apos; but found &apos;CRLF&apos;."><![CDATA[line 21, col 26, Error - Expected linebreaks to be &apos;LF&apos; but found &apos;CRLF&apos;. (linebreak-style)]]></failure></testcase>
<testcase time="0" name="org.eslint.linebreak-style" classname="C:\work\dyrectorio\web\crux-ui\src\server\crux\deployment-service"><failure message="Expected linebreaks to be &apos;LF&apos; but found &apos;CRLF&apos;."><![CDATA[line 22, col 48, Error - Expected linebreaks to be &apos;LF&apos; but found &apos;CRLF&apos;. (linebreak-style)]]></failure></testcase>
<testcase time="0" name="org.eslint.semi" classname="C:\work\dyrectorio\web\crux-ui\src\server\crux\deployment-service"><failure message="Missing semicolon."><![CDATA[line 22, col 48, Error - Missing semicolon. (semi)]]></failure></testcase>
<testcase time="0" name="org.eslint.linebreak-style" classname="C:\work\dyrectorio\web\crux-ui\src\server\crux\deployment-service"><failure message="Expected linebreaks to be &apos;LF&apos; but found &apos;CRLF&apos;."><![CDATA[line 23, col 9, Error - Expected linebreaks to be &apos;LF&apos; but found &apos;CRLF&apos;. (linebreak-style)]]></failure></testcase>
<testcase time="0" name="org.eslint.linebreak-style" classname="C:\work\dyrectorio\web\crux-ui\src\server\crux\deployment-service"><failure message="Expected linebreaks to be &apos;LF&apos; but found &apos;CRLF&apos;."><![CDATA[line 24, col 17, Error - Expected linebreaks to be &apos;LF&apos; but found &apos;CRLF&apos;. (linebreak-style)]]></failure></testcase>
<testcase time="0" name="org.eslint.linebreak-style" classname="C:\work\dyrectorio\web\crux-ui\src\server\crux\deployment-service"><failure message="Expected linebreaks to be &apos;LF&apos; but found &apos;CRLF&apos;."><![CDATA[line 25, col 27, Error - Expected linebreaks to be &apos;LF&apos; but found &apos;CRLF&apos;. (linebreak-style)]]></failure></testcase>
<testcase time="0" name="org.eslint.linebreak-style" classname="C:\work\dyrectorio\web\crux-ui\src\server\crux\deployment-service"><failure message="Expected linebreaks to be &apos;LF&apos; but found &apos;CRLF&apos;."><![CDATA[line 26, col 24, Error - Expected linebreaks to be &apos;LF&apos; but found &apos;CRLF&apos;. (linebreak-style)]]></failure></testcase>
<testcase time="0" name="org.eslint.linebreak-style" classname="C:\work\dyrectorio\web\crux-ui\src\server\crux\deployment-service"><failure message="Expected linebreaks to be &apos;LF&apos; but found &apos;CRLF&apos;."><![CDATA[line 27, col 24, Error - Expected linebreaks to be &apos;LF&apos; but found &apos;CRLF&apos;. (linebreak-style)]]></failure></testcase>
<testcase time="0" name="org.eslint.linebreak-style" classname="C:\work\dyrectorio\web\crux-ui\src\server\crux\deployment-service"><failure message="Expected linebreaks to be &apos;LF&apos; but found &apos;CRLF&apos;."><![CDATA[line 28, col 29, Error - Expected linebreaks to be &apos;LF&apos; but found &apos;CRLF&apos;. (linebreak-style)]]></failure></testcase>
<testcase time="0" name="org.eslint.linebreak-style" classname="C:\work\dyrectorio\web\crux-ui\src\server\crux\deployment-service"><failure message="Expected linebreaks to be &apos;LF&apos; but found &apos;CRLF&apos;."><![CDATA[line 29, col 65, Error - Expected linebreaks to be &apos;LF&apos; but found &apos;CRLF&apos;. (linebreak-style)]]></failure></testcase>
<testcase time="0" name="org.eslint.linebreak-style" classname="C:\work\dyrectorio\web\crux-ui\src\server\crux\deployment-service"><failure message="Expected linebreaks to be &apos;LF&apos; but found &apos;CRLF&apos;."><![CDATA[line 30, col 31, Error - Expected linebreaks to be &apos;LF&apos; but found &apos;CRLF&apos;. (linebreak-style)]]></failure></testcase>
<testcase time="0" name="org.eslint.linebreak-style" classname="C:\work\dyrectorio\web\crux-ui\src\server\crux\deployment-service"><failure message="Expected linebreaks to be &apos;LF&apos; but found &apos;CRLF&apos;."><![CDATA[line 31, col 51, Error - Expected linebreaks to be &apos;LF&apos; but found &apos;CRLF&apos;. (linebreak-style)]]></failure></testcase>
<testcase time="0" name="org.eslint.linebreak-style" classname="C:\work\dyrectorio\web\crux-ui\src\server\crux\deployment-service"><failure message="Expected linebreaks to be &apos;LF&apos; but found &apos;CRLF&apos;."><![CDATA[line 32, col 35, Error - Expected linebreaks to be &apos;LF&apos; but found &apos;CRLF&apos;. (linebreak-style)]]></failure></testcase>
<testcase time="0" name="org.eslint.linebreak-style" classname="C:\work\dyrectorio\web\crux-ui\src\server\crux\deployment-service"><failure message="Expected linebreaks to be &apos;LF&apos; but found &apos;CRLF&apos;."><![CDATA[line 33, col 26, Error - Expected linebreaks to be &apos;LF&apos; but found &apos;CRLF&apos;. (linebreak-style)]]></failure></testcase>
<testcase time="0" name="org.eslint.linebreak-style" classname="C:\work\dyrectorio\web\crux-ui\src\server\crux\deployment-service"><failure message="Expected linebreaks to be &apos;LF&apos; but found &apos;CRLF&apos;."><![CDATA[line 34, col 29, Error - Expected linebreaks to be &apos;LF&apos; but found &apos;CRLF&apos;. (linebreak-style)]]></failure></testcase>
<testcase time="0" name="org.eslint.linebreak-style" classname="C:\work\dyrectorio\web\crux-ui\src\server\crux\deployment-service"><failure message="Expected linebreaks to be &apos;LF&apos; but found &apos;CRLF&apos;."><![CDATA[line 35, col 9, Error - Expected linebreaks to be &apos;LF&apos; but found &apos;CRLF&apos;. (linebreak-style)]]></failure></testcase>
<testcase time="0" name="org.eslint.linebreak-style" classname="C:\work\dyrectorio\web\crux-ui\src\server\crux\deployment-service"><failure message="Expected linebreaks to be &apos;LF&apos; but found &apos;CRLF&apos;."><![CDATA[line 36, col 13, Error - Expected linebreaks to be &apos;LF&apos; but found &apos;CRLF&apos;. (linebreak-style)]]></failure></testcase>
<testcase time="0" name="org.eslint.linebreak-style" classname="C:\work\dyrectorio\web\crux-ui\src\server\crux\deployment-service"><failure message="Expected linebreaks to be &apos;LF&apos; but found &apos;CRLF&apos;."><![CDATA[line 37, col 59, Error - Expected linebreaks to be &apos;LF&apos; but found &apos;CRLF&apos;. (linebreak-style)]]></failure></testcase>
<testcase time="0" name="org.eslint.linebreak-style" classname="C:\work\dyrectorio\web\crux-ui\src\server\crux\deployment-service"><failure message="Expected linebreaks to be &apos;LF&apos; but found &apos;CRLF&apos;."><![CDATA[line 38, col 20, Error - Expected linebreaks to be &apos;LF&apos; but found &apos;CRLF&apos;. (linebreak-style)]]></failure></testcase>
<testcase time="0" name="org.eslint.linebreak-style" classname="C:\work\dyrectorio\web\crux-ui\src\server\crux\deployment-service"><failure message="Expected linebreaks to be &apos;LF&apos; but found &apos;CRLF&apos;."><![CDATA[line 39, col 26, Error - Expected linebreaks to be &apos;LF&apos; but found &apos;CRLF&apos;. (linebreak-style)]]></failure></testcase>
<testcase time="0" name="org.eslint.linebreak-style" classname="C:\work\dyrectorio\web\crux-ui\src\server\crux\deployment-service"><failure message="Expected linebreaks to be &apos;LF&apos; but found &apos;CRLF&apos;."><![CDATA[line 40, col 20, Error - Expected linebreaks to be &apos;LF&apos; but found &apos;CRLF&apos;. (linebreak-style)]]></failure></testcase>
<testcase time="0" name="org.eslint.linebreak-style" classname="C:\work\dyrectorio\web\crux-ui\src\server\crux\deployment-service"><failure message="Expected linebreaks to be &apos;LF&apos; but found &apos;CRLF&apos;."><![CDATA[line 41, col 27, Error - Expected linebreaks to be &apos;LF&apos; but found &apos;CRLF&apos;. (linebreak-style)]]></failure></testcase>
<testcase time="0" name="org.eslint.linebreak-style" classname="C:\work\dyrectorio\web\crux-ui\src\server\crux\deployment-service"><failure message="Expected linebreaks to be &apos;LF&apos; but found &apos;CRLF&apos;."><![CDATA[line 42, col 24, Error - Expected linebreaks to be &apos;LF&apos; but found &apos;CRLF&apos;. (linebreak-style)]]></failure></testcase>
<testcase time="0" name="org.eslint.linebreak-style" classname="C:\work\dyrectorio\web\crux-ui\src\server\crux\deployment-service"><failure message="Expected linebreaks to be &apos;LF&apos; but found &apos;CRLF&apos;."><![CDATA[line 43, col 46, Error - Expected linebreaks to be &apos;LF&apos; but found &apos;CRLF&apos;. (linebreak-style)]]></failure></testcase>
<testcase time="0" name="org.eslint.semi" classname="C:\work\dyrectorio\web\crux-ui\src\server\crux\deployment-service"><failure message="Missing semicolon."><![CDATA[line 43, col 46, Error - Missing semicolon. (semi)]]></failure></testcase>
<testcase time="0" name="org.eslint.linebreak-style" classname="C:\work\dyrectorio\web\crux-ui\src\server\crux\deployment-service"><failure message="Expected linebreaks to be &apos;LF&apos; but found &apos;CRLF&apos;."><![CDATA[line 44, col 44, Error - Expected linebreaks to be &apos;LF&apos; but found &apos;CRLF&apos;. (linebreak-style)]]></failure></testcase>
<testcase time="0" name="org.eslint.semi" classname="C:\work\dyrectorio\web\crux-ui\src\server\crux\deployment-service"><failure message="Missing semicolon."><![CDATA[line 44, col 44, Error - Missing semicolon. (semi)]]></failure></testcase>
<testcase time="0" name="org.eslint.linebreak-style" classname="C:\work\dyrectorio\web\crux-ui\src\server\crux\deployment-service"><failure message="Expected linebreaks to be &apos;LF&apos; but found &apos;CRLF&apos;."><![CDATA[line 45, col 51, Error - Expected linebreaks to be &apos;LF&apos; but found &apos;CRLF&apos;. (linebreak-style)]]></failure></testcase>
<testcase time="0" name="org.eslint.semi" classname="C:\work\dyrectorio\web\crux-ui\src\server\crux\deployment-service"><failure message="Missing semicolon."><![CDATA[line 45, col 51, Error - Missing semicolon. (semi)]]></failure></testcase>
<testcase time="0" name="org.eslint.linebreak-style" classname="C:\work\dyrectorio\web\crux-ui\src\server\crux\deployment-service"><failure message="Expected linebreaks to be &apos;LF&apos; but found &apos;CRLF&apos;."><![CDATA[line 46, col 46, Error - Expected linebreaks to be &apos;LF&apos; but found &apos;CRLF&apos;. (linebreak-style)]]></failure></testcase>
<testcase time="0" name="org.eslint.semi" classname="C:\work\dyrectorio\web\crux-ui\src\server\crux\deployment-service"><failure message="Missing semicolon."><![CDATA[line 46, col 46, Error - Missing semicolon. (semi)]]></failure></testcase>
<testcase time="0" name="org.eslint.import/extensions" classname="C:\work\dyrectorio\web\crux-ui\src\server\crux\deployment-service"><failure message="Missing file extension &quot;ts&quot; for &quot;./grpc-connection&quot;"><![CDATA[line 47, col 71, Error - Missing file extension &quot;ts&quot; for &quot;./grpc-connection&quot; (import/extensions)]]></failure></testcase>
<testcase time="0" name="org.eslint.linebreak-style" classname="C:\work\dyrectorio\web\crux-ui\src\server\crux\deployment-service"><failure message="Expected linebreaks to be &apos;LF&apos; but found &apos;CRLF&apos;."><![CDATA[line 47, col 90, Error - Expected linebreaks to be &apos;LF&apos; but found &apos;CRLF&apos;. (linebreak-style)]]></failure></testcase>
<testcase time="0" name="org.eslint.semi" classname="C:\work\dyrectorio\web\crux-ui\src\server\crux\deployment-service"><failure message="Missing semicolon."><![CDATA[line 47, col 90, Error - Missing semicolon. (semi)]]></failure></testcase>
<testcase time="0" name="org.eslint.import/extensions" classname="C:\work\dyrectorio\web\crux-ui\src\server\crux\deployment-service"><failure message="Missing file extension &quot;ts&quot; for &quot;./image-service&quot;"><![CDATA[line 48, col 90, Error - Missing file extension &quot;ts&quot; for &quot;./image-service&quot; (import/extensions)]]></failure></testcase>
<testcase time="0" name="org.eslint.linebreak-style" classname="C:\work\dyrectorio\web\crux-ui\src\server\crux\deployment-service"><failure message="Expected linebreaks to be &apos;LF&apos; but found &apos;CRLF&apos;."><![CDATA[line 48, col 107, Error - Expected linebreaks to be &apos;LF&apos; but found &apos;CRLF&apos;. (linebreak-style)]]></failure></testcase>
<testcase time="0" name="org.eslint.semi" classname="C:\work\dyrectorio\web\crux-ui\src\server\crux\deployment-service"><failure message="Missing semicolon."><![CDATA[line 48, col 107, Error - Missing semicolon. (semi)]]></failure></testcase>
<testcase time="0" name="org.eslint.import/extensions" classname="C:\work\dyrectorio\web\crux-ui\src\server\crux\deployment-service"><failure message="Missing file extension &quot;ts&quot; for &quot;./node-service&quot;"><![CDATA[line 49, col 37, Error - Missing file extension &quot;ts&quot; for &quot;./node-service&quot; (import/extensions)]]></failure></testcase>
<testcase time="0" name="org.eslint.linebreak-style" classname="C:\work\dyrectorio\web\crux-ui\src\server\crux\deployment-service"><failure message="Expected linebreaks to be &apos;LF&apos; but found &apos;CRLF&apos;."><![CDATA[line 49, col 53, Error - Expected linebreaks to be &apos;LF&apos; but found &apos;CRLF&apos;. (linebreak-style)]]></failure></testcase>
<testcase time="0" name="org.eslint.semi" classname="C:\work\dyrectorio\web\crux-ui\src\server\crux\deployment-service"><failure message="Missing semicolon."><![CDATA[line 49, col 53, Error - Missing semicolon. (semi)]]></failure></testcase>
<testcase time="0" name="org.eslint.linebreak-style" classname="C:\work\dyrectorio\web\crux-ui\src\server\crux\deployment-service"><failure message="Expected linebreaks to be &apos;LF&apos; but found &apos;CRLF&apos;."><![CDATA[line 50, col 1, Error - Expected linebreaks to be &apos;LF&apos; but found &apos;CRLF&apos;. (linebreak-style)]]></failure></testcase>
<testcase time="0" name="org.eslint.linebreak-style" classname="C:\work\dyrectorio\web\crux-ui\src\server\crux\deployment-service"><failure message="Expected linebreaks to be &apos;LF&apos; but found &apos;CRLF&apos;."><![CDATA[line 51, col 29, Error - Expected linebreaks to be &apos;LF&apos; but found &apos;CRLF&apos;. (linebreak-style)]]></failure></testcase>
<testcase time="0" name="org.eslint.linebreak-style" classname="C:\work\dyrectorio\web\crux-ui\src\server\crux\deployment-service"><failure message="Expected linebreaks to be &apos;LF&apos; but found &apos;CRLF&apos;."><![CDATA[line 52, col 57, Error - Expected linebreaks to be &apos;LF&apos; but found &apos;CRLF&apos;. (linebreak-style)]]></failure></testcase>
<testcase time="0" name="org.eslint.semi" classname="C:\work\dyrectorio\web\crux-ui\src\server\crux\deployment-service"><failure message="Missing semicolon."><![CDATA[line 52, col 57, Error - Missing semicolon. (semi)]]></failure></testcase>
<testcase time="0" name="org.eslint.linebreak-style" classname="C:\work\dyrectorio\web\crux-ui\src\server\crux\deployment-service"><failure message="Expected linebreaks to be &apos;LF&apos; but found &apos;CRLF&apos;."><![CDATA[line 53, col 1, Error - Expected linebreaks to be &apos;LF&apos; but found &apos;CRLF&apos;. (linebreak-style)]]></failure></testcase>
<testcase time="0" name="org.eslint.no-useless-constructor" classname="C:\work\dyrectorio\web\crux-ui\src\server\crux\deployment-service"><failure message="Useless constructor."><![CDATA[line 54, col 3, Error - Useless constructor. (no-useless-constructor)]]></failure></testcase>
<testcase time="0" name="org.eslint.no-empty-function" classname="C:\work\dyrectorio\web\crux-ui\src\server\crux\deployment-service"><failure message="Unexpected empty constructor."><![CDATA[line 54, col 81, Error - Unexpected empty constructor. (no-empty-function)]]></failure></testcase>
<testcase time="0" name="org.eslint.linebreak-style" classname="C:\work\dyrectorio\web\crux-ui\src\server\crux\deployment-service"><failure message="Expected linebreaks to be &apos;LF&apos; but found &apos;CRLF&apos;."><![CDATA[line 54, col 83, Error - Expected linebreaks to be &apos;LF&apos; but found &apos;CRLF&apos;. (linebreak-style)]]></failure></testcase>
<testcase time="0" name="org.eslint.linebreak-style" classname="C:\work\dyrectorio\web\crux-ui\src\server\crux\deployment-service"><failure message="Expected linebreaks to be &apos;LF&apos; but found &apos;CRLF&apos;."><![CDATA[line 55, col 1, Error - Expected linebreaks to be &apos;LF&apos; but found &apos;CRLF&apos;. (linebreak-style)]]></failure></testcase>
<testcase time="0" name="org.eslint.linebreak-style" classname="C:\work\dyrectorio\web\crux-ui\src\server\crux\deployment-service"><failure message="Expected linebreaks to be &apos;LF&apos; but found &apos;CRLF&apos;."><![CDATA[line 56, col 42, Error - Expected linebreaks to be &apos;LF&apos; but found &apos;CRLF&apos;. (linebreak-style)]]></failure></testcase>
<testcase time="0" name="org.eslint.linebreak-style" classname="C:\work\dyrectorio\web\crux-ui\src\server\crux\deployment-service"><failure message="Expected linebreaks to be &apos;LF&apos; but found &apos;CRLF&apos;."><![CDATA[line 57, col 33, Error - Expected linebreaks to be &apos;LF&apos; but found &apos;CRLF&apos;. (linebreak-style)]]></failure></testcase>
<testcase time="0" name="org.eslint.linebreak-style" classname="C:\work\dyrectorio\web\crux-ui\src\server\crux\deployment-service"><failure message="Expected linebreaks to be &apos;LF&apos; but found &apos;CRLF&apos;."><![CDATA[line 58, col 36, Error - Expected linebreaks to be &apos;LF&apos; but found &apos;CRLF&apos;. (linebreak-style)]]></failure></testcase>
<testcase time="0" name="org.eslint.linebreak-style" classname="C:\work\dyrectorio\web\crux-ui\src\server\crux\deployment-service"><failure message="Expected linebreaks to be &apos;LF&apos; but found &apos;CRLF&apos;."><![CDATA[line 59, col 6, Error - Expected linebreaks to be &apos;LF&apos; but found &apos;CRLF&apos;. (linebreak-style)]]></failure></testcase>
<testcase time="0" name="org.eslint.semi" classname="C:\work\dyrectorio\web\crux-ui\src\server\crux\deployment-service"><failure message="Missing semicolon."><![CDATA[line 59, col 6, Error - Missing semicolon. (semi)]]></failure></testcase>
<testcase time="0" name="org.eslint.linebreak-style" classname="C:\work\dyrectorio\web\crux-ui\src\server\crux\deployment-service"><failure message="Expected linebreaks to be &apos;LF&apos; but found &apos;CRLF&apos;."><![CDATA[line 60, col 1, Error - Expected linebreaks to be &apos;LF&apos; but found &apos;CRLF&apos;. (linebreak-style)]]></failure></testcase>
<testcase time="0" name="org.eslint.linebreak-style" classname="C:\work\dyrectorio\web\crux-ui\src\server\crux\deployment-service"><failure message="Expected linebreaks to be &apos;LF&apos; but found &apos;CRLF&apos;."><![CDATA[line 61, col 82, Error - Expected linebreaks to be &apos;LF&apos; but found &apos;CRLF&apos;. (linebreak-style)]]></failure></testcase>
<testcase time="0" name="org.eslint.linebreak-style" classname="C:\work\dyrectorio\web\crux-ui\src\server\crux\deployment-service"><failure message="Expected linebreaks to be &apos;LF&apos; but found &apos;CRLF&apos;."><![CDATA[line 62, col 19, Error - Expected linebreaks to be &apos;LF&apos; but found &apos;CRLF&apos;. (linebreak-style)]]></failure></testcase>
<testcase time="0" name="org.eslint.linebreak-style" classname="C:\work\dyrectorio\web\crux-ui\src\server\crux\deployment-service"><failure message="Expected linebreaks to be &apos;LF&apos; but found &apos;CRLF&apos;."><![CDATA[line 63, col 37, Error - Expected linebreaks to be &apos;LF&apos; but found &apos;CRLF&apos;. (linebreak-style)]]></failure></testcase>
<testcase time="0" name="org.eslint.linebreak-style" classname="C:\work\dyrectorio\web\crux-ui\src\server\crux\deployment-service"><failure message="Expected linebreaks to be &apos;LF&apos; but found &apos;CRLF&apos;."><![CDATA[line 64, col 22, Error - Expected linebreaks to be &apos;LF&apos; but found &apos;CRLF&apos;. (linebreak-style)]]></failure></testcase>
<testcase time="0" name="org.eslint.semi" classname="C:\work\dyrectorio\web\crux-ui\src\server\crux\deployment-service"><failure message="Missing semicolon."><![CDATA[line 64, col 22, Error - Missing semicolon. (semi)]]></failure></testcase>
<testcase time="0" name="org.eslint.linebreak-style" classname="C:\work\dyrectorio\web\crux-ui\src\server\crux\deployment-service"><failure message="Expected linebreaks to be &apos;LF&apos; but found &apos;CRLF&apos;."><![CDATA[line 65, col 1, Error - Expected linebreaks to be &apos;LF&apos; but found &apos;CRLF&apos;. (linebreak-style)]]></failure></testcase>
<testcase time="0" name="org.eslint.arrow-parens" classname="C:\work\dyrectorio\web\crux-ui\src\server\crux\deployment-service"><failure message="Expected parentheses around arrow function argument."><![CDATA[line 66, col 33, Error - Expected parentheses around arrow function argument. (arrow-parens)]]></failure></testcase>
<testcase time="0" name="org.eslint.arrow-body-style" classname="C:\work\dyrectorio\web\crux-ui\src\server\crux\deployment-service"><failure message="Unexpected block statement surrounding arrow body; parenthesize the returned value and move it immediately after the `=&gt;`."><![CDATA[line 66, col 39, Error - Unexpected block statement surrounding arrow body; parenthesize the returned value and move it immediately after the `=&gt;`. (arrow-body-style)]]></failure></testcase>
<testcase time="0" name="org.eslint.linebreak-style" classname="C:\work\dyrectorio\web\crux-ui\src\server\crux\deployment-service"><failure message="Expected linebreaks to be &apos;LF&apos; but found &apos;CRLF&apos;."><![CDATA[line 66, col 40, Error - Expected linebreaks to be &apos;LF&apos; but found &apos;CRLF&apos;. (linebreak-style)]]></failure></testcase>
<testcase time="0" name="org.eslint.linebreak-style" classname="C:\work\dyrectorio\web\crux-ui\src\server\crux\deployment-service"><failure message="Expected linebreaks to be &apos;LF&apos; but found &apos;CRLF&apos;."><![CDATA[line 67, col 15, Error - Expected linebreaks to be &apos;LF&apos; but found &apos;CRLF&apos;. (linebreak-style)]]></failure></testcase>
<testcase time="0" name="org.eslint.linebreak-style" classname="C:\work\dyrectorio\web\crux-ui\src\server\crux\deployment-service"><failure message="Expected linebreaks to be &apos;LF&apos; but found &apos;CRLF&apos;."><![CDATA[line 68, col 15, Error - Expected linebreaks to be &apos;LF&apos; but found &apos;CRLF&apos;. (linebreak-style)]]></failure></testcase>
<testcase time="0" name="org.eslint.no-use-before-define" classname="C:\work\dyrectorio\web\crux-ui\src\server\crux\deployment-service"><failure message="&apos;deploymentStatusToDto&apos; was used before it was defined."><![CDATA[line 69, col 17, Error - &apos;deploymentStatusToDto&apos; was used before it was defined. (no-use-before-define)]]></failure></testcase>
<testcase time="0" name="org.eslint.linebreak-style" classname="C:\work\dyrectorio\web\crux-ui\src\server\crux\deployment-service"><failure message="Expected linebreaks to be &apos;LF&apos; but found &apos;CRLF&apos;."><![CDATA[line 69, col 50, Error - Expected linebreaks to be &apos;LF&apos; but found &apos;CRLF&apos;. (linebreak-style)]]></failure></testcase>
<testcase time="0" name="org.eslint.linebreak-style" classname="C:\work\dyrectorio\web\crux-ui\src\server\crux\deployment-service"><failure message="Expected linebreaks to be &apos;LF&apos; but found &apos;CRLF&apos;."><![CDATA[line 70, col 8, Error - Expected linebreaks to be &apos;LF&apos; but found &apos;CRLF&apos;. (linebreak-style)]]></failure></testcase>
<testcase time="0" name="org.eslint.semi" classname="C:\work\dyrectorio\web\crux-ui\src\server\crux\deployment-service"><failure message="Missing semicolon."><![CDATA[line 70, col 8, Error - Missing semicolon. (semi)]]></failure></testcase>
<testcase time="0" name="org.eslint.linebreak-style" classname="C:\work\dyrectorio\web\crux-ui\src\server\crux\deployment-service"><failure message="Expected linebreaks to be &apos;LF&apos; but found &apos;CRLF&apos;."><![CDATA[line 71, col 7, Error - Expected linebreaks to be &apos;LF&apos; but found &apos;CRLF&apos;. (linebreak-style)]]></failure></testcase>
<testcase time="0" name="org.eslint.semi" classname="C:\work\dyrectorio\web\crux-ui\src\server\crux\deployment-service"><failure message="Missing semicolon."><![CDATA[line 71, col 7, Error - Missing semicolon. (semi)]]></failure></testcase>
<testcase time="0" name="org.eslint.linebreak-style" classname="C:\work\dyrectorio\web\crux-ui\src\server\crux\deployment-service"><failure message="Expected linebreaks to be &apos;LF&apos; but found &apos;CRLF&apos;."><![CDATA[line 72, col 4, Error - Expected linebreaks to be &apos;LF&apos; but found &apos;CRLF&apos;. (linebreak-style)]]></failure></testcase>
<testcase time="0" name="org.eslint.linebreak-style" classname="C:\work\dyrectorio\web\crux-ui\src\server\crux\deployment-service"><failure message="Expected linebreaks to be &apos;LF&apos; but found &apos;CRLF&apos;."><![CDATA[line 73, col 1, Error - Expected linebreaks to be &apos;LF&apos; but found &apos;CRLF&apos;. (linebreak-style)]]></failure></testcase>
<testcase time="0" name="org.eslint.linebreak-style" classname="C:\work\dyrectorio\web\crux-ui\src\server\crux\deployment-service"><failure message="Expected linebreaks to be &apos;LF&apos; but found &apos;CRLF&apos;."><![CDATA[line 74, col 79, Error - Expected linebreaks to be &apos;LF&apos; but found &apos;CRLF&apos;. (linebreak-style)]]></failure></testcase>
<testcase time="0" name="org.eslint.linebreak-style" classname="C:\work\dyrectorio\web\crux-ui\src\server\crux\deployment-service"><failure message="Expected linebreaks to be &apos;LF&apos; but found &apos;CRLF&apos;."><![CDATA[line 75, col 29, Error - Expected linebreaks to be &apos;LF&apos; but found &apos;CRLF&apos;. (linebreak-style)]]></failure></testcase>
<testcase time="0" name="org.eslint.linebreak-style" classname="C:\work\dyrectorio\web\crux-ui\src\server\crux\deployment-service"><failure message="Expected linebreaks to be &apos;LF&apos; but found &apos;CRLF&apos;."><![CDATA[line 76, col 21, Error - Expected linebreaks to be &apos;LF&apos; but found &apos;CRLF&apos;. (linebreak-style)]]></failure></testcase>
<testcase time="0" name="org.eslint.linebreak-style" classname="C:\work\dyrectorio\web\crux-ui\src\server\crux\deployment-service"><failure message="Expected linebreaks to be &apos;LF&apos; but found &apos;CRLF&apos;."><![CDATA[line 77, col 36, Error - Expected linebreaks to be &apos;LF&apos; but found &apos;CRLF&apos;. (linebreak-style)]]></failure></testcase>
<testcase time="0" name="org.eslint.linebreak-style" classname="C:\work\dyrectorio\web\crux-ui\src\server\crux\deployment-service"><failure message="Expected linebreaks to be &apos;LF&apos; but found &apos;CRLF&apos;."><![CDATA[line 78, col 6, Error - Expected linebreaks to be &apos;LF&apos; but found &apos;CRLF&apos;. (linebreak-style)]]></failure></testcase>
<testcase time="0" name="org.eslint.semi" classname="C:\work\dyrectorio\web\crux-ui\src\server\crux\deployment-service"><failure message="Missing semicolon."><![CDATA[line 78, col 6, Error - Missing semicolon. (semi)]]></failure></testcase>
<testcase time="0" name="org.eslint.linebreak-style" classname="C:\work\dyrectorio\web\crux-ui\src\server\crux\deployment-service"><failure message="Expected linebreaks to be &apos;LF&apos; but found &apos;CRLF&apos;."><![CDATA[line 79, col 1, Error - Expected linebreaks to be &apos;LF&apos; but found &apos;CRLF&apos;. (linebreak-style)]]></failure></testcase>
<testcase time="0" name="org.eslint.linebreak-style" classname="C:\work\dyrectorio\web\crux-ui\src\server\crux\deployment-service"><failure message="Expected linebreaks to be &apos;LF&apos; but found &apos;CRLF&apos;."><![CDATA[line 80, col 87, Error - Expected linebreaks to be &apos;LF&apos; but found &apos;CRLF&apos;. (linebreak-style)]]></failure></testcase>
<testcase time="0" name="org.eslint.linebreak-style" classname="C:\work\dyrectorio\web\crux-ui\src\server\crux\deployment-service"><failure message="Expected linebreaks to be &apos;LF&apos; but found &apos;CRLF&apos;."><![CDATA[line 81, col 19, Error - Expected linebreaks to be &apos;LF&apos; but found &apos;CRLF&apos;. (linebreak-style)]]></failure></testcase>
<testcase time="0" name="org.eslint.linebreak-style" classname="C:\work\dyrectorio\web\crux-ui\src\server\crux\deployment-service"><failure message="Expected linebreaks to be &apos;LF&apos; but found &apos;CRLF&apos;."><![CDATA[line 82, col 45, Error - Expected linebreaks to be &apos;LF&apos; but found &apos;CRLF&apos;. (linebreak-style)]]></failure></testcase>
<testcase time="0" name="org.eslint.linebreak-style" classname="C:\work\dyrectorio\web\crux-ui\src\server\crux\deployment-service"><failure message="Expected linebreaks to be &apos;LF&apos; but found &apos;CRLF&apos;."><![CDATA[line 83, col 22, Error - Expected linebreaks to be &apos;LF&apos; but found &apos;CRLF&apos;. (linebreak-style)]]></failure></testcase>
<testcase time="0" name="org.eslint.semi" classname="C:\work\dyrectorio\web\crux-ui\src\server\crux\deployment-service"><failure message="Missing semicolon."><![CDATA[line 83, col 22, Error - Missing semicolon. (semi)]]></failure></testcase>
<testcase time="0" name="org.eslint.linebreak-style" classname="C:\work\dyrectorio\web\crux-ui\src\server\crux\deployment-service"><failure message="Expected linebreaks to be &apos;LF&apos; but found &apos;CRLF&apos;."><![CDATA[line 84, col 1, Error - Expected linebreaks to be &apos;LF&apos; but found &apos;CRLF&apos;. (linebreak-style)]]></failure></testcase>
<testcase time="0" name="org.eslint.arrow-parens" classname="C:\work\dyrectorio\web\crux-ui\src\server\crux\deployment-service"><failure message="Expected parentheses around arrow function argument."><![CDATA[line 85, col 33, Error - Expected parentheses around arrow function argument. (arrow-parens)]]></failure></testcase>
<testcase time="0" name="org.eslint.arrow-body-style" classname="C:\work\dyrectorio\web\crux-ui\src\server\crux\deployment-service"><failure message="Unexpected block statement surrounding arrow body; parenthesize the returned value and move it immediately after the `=&gt;`."><![CDATA[line 85, col 39, Error - Unexpected block statement surrounding arrow body; parenthesize the returned value and move it immediately after the `=&gt;`. (arrow-body-style)]]></failure></testcase>
<testcase time="0" name="org.eslint.linebreak-style" classname="C:\work\dyrectorio\web\crux-ui\src\server\crux\deployment-service"><failure message="Expected linebreaks to be &apos;LF&apos; but found &apos;CRLF&apos;."><![CDATA[line 85, col 40, Error - Expected linebreaks to be &apos;LF&apos; but found &apos;CRLF&apos;. (linebreak-style)]]></failure></testcase>
<testcase time="0" name="org.eslint.linebreak-style" classname="C:\work\dyrectorio\web\crux-ui\src\server\crux\deployment-service"><failure message="Expected linebreaks to be &apos;LF&apos; but found &apos;CRLF&apos;."><![CDATA[line 86, col 15, Error - Expected linebreaks to be &apos;LF&apos; but found &apos;CRLF&apos;. (linebreak-style)]]></failure></testcase>
<testcase time="0" name="org.eslint.linebreak-style" classname="C:\work\dyrectorio\web\crux-ui\src\server\crux\deployment-service"><failure message="Expected linebreaks to be &apos;LF&apos; but found &apos;CRLF&apos;."><![CDATA[line 87, col 15, Error - Expected linebreaks to be &apos;LF&apos; but found &apos;CRLF&apos;. (linebreak-style)]]></failure></testcase>
<testcase time="0" name="org.eslint.linebreak-style" classname="C:\work\dyrectorio\web\crux-ui\src\server\crux\deployment-service"><failure message="Expected linebreaks to be &apos;LF&apos; but found &apos;CRLF&apos;."><![CDATA[line 88, col 50, Error - Expected linebreaks to be &apos;LF&apos; but found &apos;CRLF&apos;. (linebreak-style)]]></failure></testcase>
<testcase time="0" name="org.eslint.no-use-before-define" classname="C:\work\dyrectorio\web\crux-ui\src\server\crux\deployment-service"><failure message="&apos;deploymentStatusToDto&apos; was used before it was defined."><![CDATA[line 89, col 17, Error - &apos;deploymentStatusToDto&apos; was used before it was defined. (no-use-before-define)]]></failure></testcase>
<testcase time="0" name="org.eslint.linebreak-style" classname="C:\work\dyrectorio\web\crux-ui\src\server\crux\deployment-service"><failure message="Expected linebreaks to be &apos;LF&apos; but found &apos;CRLF&apos;."><![CDATA[line 89, col 50, Error - Expected linebreaks to be &apos;LF&apos; but found &apos;CRLF&apos;. (linebreak-style)]]></failure></testcase>
<testcase time="0" name="org.eslint.linebreak-style" classname="C:\work\dyrectorio\web\crux-ui\src\server\crux\deployment-service"><failure message="Expected linebreaks to be &apos;LF&apos; but found &apos;CRLF&apos;."><![CDATA[line 90, col 8, Error - Expected linebreaks to be &apos;LF&apos; but found &apos;CRLF&apos;. (linebreak-style)]]></failure></testcase>
<testcase time="0" name="org.eslint.semi" classname="C:\work\dyrectorio\web\crux-ui\src\server\crux\deployment-service"><failure message="Missing semicolon."><![CDATA[line 90, col 8, Error - Missing semicolon. (semi)]]></failure></testcase>
<testcase time="0" name="org.eslint.linebreak-style" classname="C:\work\dyrectorio\web\crux-ui\src\server\crux\deployment-service"><failure message="Expected linebreaks to be &apos;LF&apos; but found &apos;CRLF&apos;."><![CDATA[line 91, col 7, Error - Expected linebreaks to be &apos;LF&apos; but found &apos;CRLF&apos;. (linebreak-style)]]></failure></testcase>
<testcase time="0" name="org.eslint.semi" classname="C:\work\dyrectorio\web\crux-ui\src\server\crux\deployment-service"><failure message="Missing semicolon."><![CDATA[line 91, col 7, Error - Missing semicolon. (semi)]]></failure></testcase>
<testcase time="0" name="org.eslint.linebreak-style" classname="C:\work\dyrectorio\web\crux-ui\src\server\crux\deployment-service"><failure message="Expected linebreaks to be &apos;LF&apos; but found &apos;CRLF&apos;."><![CDATA[line 92, col 4, Error - Expected linebreaks to be &apos;LF&apos; but found &apos;CRLF&apos;. (linebreak-style)]]></failure></testcase>
<testcase time="0" name="org.eslint.linebreak-style" classname="C:\work\dyrectorio\web\crux-ui\src\server\crux\deployment-service"><failure message="Expected linebreaks to be &apos;LF&apos; but found &apos;CRLF&apos;."><![CDATA[line 93, col 1, Error - Expected linebreaks to be &apos;LF&apos; but found &apos;CRLF&apos;. (linebreak-style)]]></failure></testcase>
<testcase time="0" name="org.eslint.linebreak-style" classname="C:\work\dyrectorio\web\crux-ui\src\server\crux\deployment-service"><failure message="Expected linebreaks to be &apos;LF&apos; but found &apos;CRLF&apos;."><![CDATA[line 94, col 58, Error - Expected linebreaks to be &apos;LF&apos; but found &apos;CRLF&apos;. (linebreak-style)]]></failure></testcase>
<testcase time="0" name="org.eslint.linebreak-style" classname="C:\work\dyrectorio\web\crux-ui\src\server\crux\deployment-service"><failure message="Expected linebreaks to be &apos;LF&apos; but found &apos;CRLF&apos;."><![CDATA[line 95, col 29, Error - Expected linebreaks to be &apos;LF&apos; but found &apos;CRLF&apos;. (linebreak-style)]]></failure></testcase>
<testcase time="0" name="org.eslint.linebreak-style" classname="C:\work\dyrectorio\web\crux-ui\src\server\crux\deployment-service"><failure message="Expected linebreaks to be &apos;LF&apos; but found &apos;CRLF&apos;."><![CDATA[line 96, col 10, Error - Expected linebreaks to be &apos;LF&apos; but found &apos;CRLF&apos;. (linebreak-style)]]></failure></testcase>
<testcase time="0" name="org.eslint.linebreak-style" classname="C:\work\dyrectorio\web\crux-ui\src\server\crux\deployment-service"><failure message="Expected linebreaks to be &apos;LF&apos; but found &apos;CRLF&apos;."><![CDATA[line 97, col 36, Error - Expected linebreaks to be &apos;LF&apos; but found &apos;CRLF&apos;. (linebreak-style)]]></failure></testcase>
<testcase time="0" name="org.eslint.linebreak-style" classname="C:\work\dyrectorio\web\crux-ui\src\server\crux\deployment-service"><failure message="Expected linebreaks to be &apos;LF&apos; but found &apos;CRLF&apos;."><![CDATA[line 98, col 6, Error - Expected linebreaks to be &apos;LF&apos; but found &apos;CRLF&apos;. (linebreak-style)]]></failure></testcase>
<testcase time="0" name="org.eslint.semi" classname="C:\work\dyrectorio\web\crux-ui\src\server\crux\deployment-service"><failure message="Missing semicolon."><![CDATA[line 98, col 6, Error - Missing semicolon. (semi)]]></failure></testcase>
<testcase time="0" name="org.eslint.linebreak-style" classname="C:\work\dyrectorio\web\crux-ui\src\server\crux\deployment-service"><failure message="Expected linebreaks to be &apos;LF&apos; but found &apos;CRLF&apos;."><![CDATA[line 99, col 1, Error - Expected linebreaks to be &apos;LF&apos; but found &apos;CRLF&apos;. (linebreak-style)]]></failure></testcase>
<testcase time="0" name="org.eslint.max-len" classname="C:\work\dyrectorio\web\crux-ui\src\server\crux\deployment-service"><failure message="This line has a length of 119. Maximum allowed is 100."><![CDATA[line 100, col 1, Error - This line has a length of 119. Maximum allowed is 100. (max-len)]]></failure></testcase>
<testcase time="0" name="org.eslint.linebreak-style" classname="C:\work\dyrectorio\web\crux-ui\src\server\crux\deployment-service"><failure message="Expected linebreaks to be &apos;LF&apos; but found &apos;CRLF&apos;."><![CDATA[line 100, col 120, Error - Expected linebreaks to be &apos;LF&apos; but found &apos;CRLF&apos;. (linebreak-style)]]></failure></testcase>
<testcase time="0" name="org.eslint.linebreak-style" classname="C:\work\dyrectorio\web\crux-ui\src\server\crux\deployment-service"><failure message="Expected linebreaks to be &apos;LF&apos; but found &apos;CRLF&apos;."><![CDATA[line 101, col 17, Error - Expected linebreaks to be &apos;LF&apos; but found &apos;CRLF&apos;. (linebreak-style)]]></failure></testcase>
<testcase time="0" name="org.eslint.linebreak-style" classname="C:\work\dyrectorio\web\crux-ui\src\server\crux\deployment-service"><failure message="Expected linebreaks to be &apos;LF&apos; but found &apos;CRLF&apos;."><![CDATA[line 102, col 11, Error - Expected linebreaks to be &apos;LF&apos; but found &apos;CRLF&apos;. (linebreak-style)]]></failure></testcase>
<testcase time="0" name="org.eslint.linebreak-style" classname="C:\work\dyrectorio\web\crux-ui\src\server\crux\deployment-service"><failure message="Expected linebreaks to be &apos;LF&apos; but found &apos;CRLF&apos;."><![CDATA[line 103, col 6, Error - Expected linebreaks to be &apos;LF&apos; but found &apos;CRLF&apos;. (linebreak-style)]]></failure></testcase>
<testcase time="0" name="org.eslint.semi" classname="C:\work\dyrectorio\web\crux-ui\src\server\crux\deployment-service"><failure message="Missing semicolon."><![CDATA[line 103, col 6, Error - Missing semicolon. (semi)]]></failure></testcase>
<testcase time="0" name="org.eslint.linebreak-style" classname="C:\work\dyrectorio\web\crux-ui\src\server\crux\deployment-service"><failure message="Expected linebreaks to be &apos;LF&apos; but found &apos;CRLF&apos;."><![CDATA[line 104, col 1, Error - Expected linebreaks to be &apos;LF&apos; but found &apos;CRLF&apos;. (linebreak-style)]]></failure></testcase>
<testcase time="0" name="org.eslint.linebreak-style" classname="C:\work\dyrectorio\web\crux-ui\src\server\crux\deployment-service"><failure message="Expected linebreaks to be &apos;LF&apos; but found &apos;CRLF&apos;."><![CDATA[line 105, col 13, Error - Expected linebreaks to be &apos;LF&apos; but found &apos;CRLF&apos;. (linebreak-style)]]></failure></testcase>
<testcase time="0" name="org.eslint.linebreak-style" classname="C:\work\dyrectorio\web\crux-ui\src\server\crux\deployment-service"><failure message="Expected linebreaks to be &apos;LF&apos; but found &apos;CRLF&apos;."><![CDATA[line 106, col 14, Error - Expected linebreaks to be &apos;LF&apos; but found &apos;CRLF&apos;. (linebreak-style)]]></failure></testcase>
<testcase time="0" name="org.eslint.linebreak-style" classname="C:\work\dyrectorio\web\crux-ui\src\server\crux\deployment-service"><failure message="Expected linebreaks to be &apos;LF&apos; but found &apos;CRLF&apos;."><![CDATA[line 107, col 39, Error - Expected linebreaks to be &apos;LF&apos; but found &apos;CRLF&apos;. (linebreak-style)]]></failure></testcase>
<testcase time="0" name="org.eslint.no-use-before-define" classname="C:\work\dyrectorio\web\crux-ui\src\server\crux\deployment-service"><failure message="&apos;deploymentStatusToDto&apos; was used before it was defined."><![CDATA[line 108, col 15, Error - &apos;deploymentStatusToDto&apos; was used before it was defined. (no-use-before-define)]]></failure></testcase>
<testcase time="0" name="org.eslint.linebreak-style" classname="C:\work\dyrectorio\web\crux-ui\src\server\crux\deployment-service"><failure message="Expected linebreaks to be &apos;LF&apos; but found &apos;CRLF&apos;."><![CDATA[line 108, col 49, Error - Expected linebreaks to be &apos;LF&apos; but found &apos;CRLF&apos;. (linebreak-style)]]></failure></testcase>
<testcase time="0" name="org.eslint.linebreak-style" classname="C:\work\dyrectorio\web\crux-ui\src\server\crux\deployment-service"><failure message="Expected linebreaks to be &apos;LF&apos; but found &apos;CRLF&apos;."><![CDATA[line 109, col 77, Error - Expected linebreaks to be &apos;LF&apos; but found &apos;CRLF&apos;. (linebreak-style)]]></failure></testcase>
<testcase time="0" name="org.eslint.arrow-parens" classname="C:\work\dyrectorio\web\crux-ui\src\server\crux\deployment-service"><failure message="Expected parentheses around arrow function argument."><![CDATA[line 110, col 36, Error - Expected parentheses around arrow function argument. (arrow-parens)]]></failure></testcase>
<testcase time="0" name="org.eslint.no-use-before-define" classname="C:\work\dyrectorio\web\crux-ui\src\server\crux\deployment-service"><failure message="&apos;instanceToDto&apos; was used before it was defined."><![CDATA[line 110, col 42, Error - &apos;instanceToDto&apos; was used before it was defined. (no-use-before-define)]]></failure></testcase>
<testcase time="0" name="org.eslint.linebreak-style" classname="C:\work\dyrectorio\web\crux-ui\src\server\crux\deployment-service"><failure message="Expected linebreaks to be &apos;LF&apos; but found &apos;CRLF&apos;."><![CDATA[line 110, col 61, Error - Expected linebreaks to be &apos;LF&apos; but found &apos;CRLF&apos;. (linebreak-style)]]></failure></testcase>
<testcase time="0" name="org.eslint.linebreak-style" classname="C:\work\dyrectorio\web\crux-ui\src\server\crux\deployment-service"><failure message="Expected linebreaks to be &apos;LF&apos; but found &apos;CRLF&apos;."><![CDATA[line 111, col 6, Error - Expected linebreaks to be &apos;LF&apos; but found &apos;CRLF&apos;. (linebreak-style)]]></failure></testcase>
<testcase time="0" name="org.eslint.semi" classname="C:\work\dyrectorio\web\crux-ui\src\server\crux\deployment-service"><failure message="Missing semicolon."><![CDATA[line 111, col 6, Error - Missing semicolon. (semi)]]></failure></testcase>
<testcase time="0" name="org.eslint.linebreak-style" classname="C:\work\dyrectorio\web\crux-ui\src\server\crux\deployment-service"><failure message="Expected linebreaks to be &apos;LF&apos; but found &apos;CRLF&apos;."><![CDATA[line 112, col 4, Error - Expected linebreaks to be &apos;LF&apos; but found &apos;CRLF&apos;. (linebreak-style)]]></failure></testcase>
<testcase time="0" name="org.eslint.linebreak-style" classname="C:\work\dyrectorio\web\crux-ui\src\server\crux\deployment-service"><failure message="Expected linebreaks to be &apos;LF&apos; but found &apos;CRLF&apos;."><![CDATA[line 113, col 1, Error - Expected linebreaks to be &apos;LF&apos; but found &apos;CRLF&apos;. (linebreak-style)]]></failure></testcase>
<testcase time="0" name="org.eslint.linebreak-style" classname="C:\work\dyrectorio\web\crux-ui\src\server\crux\deployment-service"><failure message="Expected linebreaks to be &apos;LF&apos; but found &apos;CRLF&apos;."><![CDATA[line 114, col 60, Error - Expected linebreaks to be &apos;LF&apos; but found &apos;CRLF&apos;. (linebreak-style)]]></failure></testcase>
<testcase time="0" name="org.eslint.linebreak-style" classname="C:\work\dyrectorio\web\crux-ui\src\server\crux\deployment-service"><failure message="Expected linebreaks to be &apos;LF&apos; but found &apos;CRLF&apos;."><![CDATA[line 115, col 29, Error - Expected linebreaks to be &apos;LF&apos; but found &apos;CRLF&apos;. (linebreak-style)]]></failure></testcase>
<testcase time="0" name="org.eslint.linebreak-style" classname="C:\work\dyrectorio\web\crux-ui\src\server\crux\deployment-service"><failure message="Expected linebreaks to be &apos;LF&apos; but found &apos;CRLF&apos;."><![CDATA[line 116, col 10, Error - Expected linebreaks to be &apos;LF&apos; but found &apos;CRLF&apos;. (linebreak-style)]]></failure></testcase>
<testcase time="0" name="org.eslint.linebreak-style" classname="C:\work\dyrectorio\web\crux-ui\src\server\crux\deployment-service"><failure message="Expected linebreaks to be &apos;LF&apos; but found &apos;CRLF&apos;."><![CDATA[line 117, col 36, Error - Expected linebreaks to be &apos;LF&apos; but found &apos;CRLF&apos;. (linebreak-style)]]></failure></testcase>
<testcase time="0" name="org.eslint.linebreak-style" classname="C:\work\dyrectorio\web\crux-ui\src\server\crux\deployment-service"><failure message="Expected linebreaks to be &apos;LF&apos; but found &apos;CRLF&apos;."><![CDATA[line 118, col 6, Error - Expected linebreaks to be &apos;LF&apos; but found &apos;CRLF&apos;. (linebreak-style)]]></failure></testcase>
<testcase time="0" name="org.eslint.semi" classname="C:\work\dyrectorio\web\crux-ui\src\server\crux\deployment-service"><failure message="Missing semicolon."><![CDATA[line 118, col 6, Error - Missing semicolon. (semi)]]></failure></testcase>
<testcase time="0" name="org.eslint.linebreak-style" classname="C:\work\dyrectorio\web\crux-ui\src\server\crux\deployment-service"><failure message="Expected linebreaks to be &apos;LF&apos; but found &apos;CRLF&apos;."><![CDATA[line 119, col 1, Error - Expected linebreaks to be &apos;LF&apos; but found &apos;CRLF&apos;. (linebreak-style)]]></failure></testcase>
<testcase time="0" name="org.eslint.max-len" classname="C:\work\dyrectorio\web\crux-ui\src\server\crux\deployment-service"><failure message="This line has a length of 120. Maximum allowed is 100."><![CDATA[line 120, col 1, Error - This line has a length of 120. Maximum allowed is 100. (max-len)]]></failure></testcase>
<testcase time="0" name="org.eslint.linebreak-style" classname="C:\work\dyrectorio\web\crux-ui\src\server\crux\deployment-service"><failure message="Expected linebreaks to be &apos;LF&apos; but found &apos;CRLF&apos;."><![CDATA[line 120, col 121, Error - Expected linebreaks to be &apos;LF&apos; but found &apos;CRLF&apos;. (linebreak-style)]]></failure></testcase>
<testcase time="0" name="org.eslint.linebreak-style" classname="C:\work\dyrectorio\web\crux-ui\src\server\crux\deployment-service"><failure message="Expected linebreaks to be &apos;LF&apos; but found &apos;CRLF&apos;."><![CDATA[line 121, col 17, Error - Expected linebreaks to be &apos;LF&apos; but found &apos;CRLF&apos;. (linebreak-style)]]></failure></testcase>
<testcase time="0" name="org.eslint.linebreak-style" classname="C:\work\dyrectorio\web\crux-ui\src\server\crux\deployment-service"><failure message="Expected linebreaks to be &apos;LF&apos; but found &apos;CRLF&apos;."><![CDATA[line 122, col 11, Error - Expected linebreaks to be &apos;LF&apos; but found &apos;CRLF&apos;. (linebreak-style)]]></failure></testcase>
<testcase time="0" name="org.eslint.linebreak-style" classname="C:\work\dyrectorio\web\crux-ui\src\server\crux\deployment-service"><failure message="Expected linebreaks to be &apos;LF&apos; but found &apos;CRLF&apos;."><![CDATA[line 123, col 6, Error - Expected linebreaks to be &apos;LF&apos; but found &apos;CRLF&apos;. (linebreak-style)]]></failure></testcase>
<testcase time="0" name="org.eslint.semi" classname="C:\work\dyrectorio\web\crux-ui\src\server\crux\deployment-service"><failure message="Missing semicolon."><![CDATA[line 123, col 6, Error - Missing semicolon. (semi)]]></failure></testcase>
<testcase time="0" name="org.eslint.linebreak-style" classname="C:\work\dyrectorio\web\crux-ui\src\server\crux\deployment-service"><failure message="Expected linebreaks to be &apos;LF&apos; but found &apos;CRLF&apos;."><![CDATA[line 124, col 1, Error - Expected linebreaks to be &apos;LF&apos; but found &apos;CRLF&apos;. (linebreak-style)]]></failure></testcase>
<testcase time="0" name="org.eslint.arrow-parens" classname="C:\work\dyrectorio\web\crux-ui\src\server\crux\deployment-service"><failure message="Expected parentheses around arrow function argument."><![CDATA[line 125, col 25, Error - Expected parentheses around arrow function argument. (arrow-parens)]]></failure></testcase>
<testcase time="0" name="org.eslint.linebreak-style" classname="C:\work\dyrectorio\web\crux-ui\src\server\crux\deployment-service"><failure message="Expected linebreaks to be &apos;LF&apos; but found &apos;CRLF&apos;."><![CDATA[line 125, col 32, Error - Expected linebreaks to be &apos;LF&apos; but found &apos;CRLF&apos;. (linebreak-style)]]></failure></testcase>
<testcase time="0" name="org.eslint.no-use-before-define" classname="C:\work\dyrectorio\web\crux-ui\src\server\crux\deployment-service"><failure message="&apos;deploymentEventTypeToDto&apos; was used before it was defined."><![CDATA[line 126, col 20, Error - &apos;deploymentEventTypeToDto&apos; was used before it was defined. (no-use-before-define)]]></failure></testcase>
<testcase time="0" name="org.eslint.linebreak-style" classname="C:\work\dyrectorio\web\crux-ui\src\server\crux\deployment-service"><failure message="Expected linebreaks to be &apos;LF&apos; but found &apos;CRLF&apos;."><![CDATA[line 126, col 53, Error - Expected linebreaks to be &apos;LF&apos; but found &apos;CRLF&apos;. (linebreak-style)]]></failure></testcase>
<testcase time="0" name="org.eslint.semi" classname="C:\work\dyrectorio\web\crux-ui\src\server\crux\deployment-service"><failure message="Missing semicolon."><![CDATA[line 126, col 53, Error - Missing semicolon. (semi)]]></failure></testcase>
<testcase time="0" name="org.eslint.linebreak-style" classname="C:\work\dyrectorio\web\crux-ui\src\server\crux\deployment-service"><failure message="Expected linebreaks to be &apos;LF&apos; but found &apos;CRLF&apos;."><![CDATA[line 127, col 15, Error - Expected linebreaks to be &apos;LF&apos; but found &apos;CRLF&apos;. (linebreak-style)]]></failure></testcase>
<testcase time="0" name="org.eslint.linebreak-style" classname="C:\work\dyrectorio\web\crux-ui\src\server\crux\deployment-service"><failure message="Expected linebreaks to be &apos;LF&apos; but found &apos;CRLF&apos;."><![CDATA[line 128, col 14, Error - Expected linebreaks to be &apos;LF&apos; but found &apos;CRLF&apos;. (linebreak-style)]]></failure></testcase>
<testcase time="0" name="org.eslint.linebreak-style" classname="C:\work\dyrectorio\web\crux-ui\src\server\crux\deployment-service"><failure message="Expected linebreaks to be &apos;LF&apos; but found &apos;CRLF&apos;."><![CDATA[line 129, col 49, Error - Expected linebreaks to be &apos;LF&apos; but found &apos;CRLF&apos;. (linebreak-style)]]></failure></testcase>
<testcase time="0" name="org.eslint.linebreak-style" classname="C:\work\dyrectorio\web\crux-ui\src\server\crux\deployment-service"><failure message="Expected linebreaks to be &apos;LF&apos; but found &apos;CRLF&apos;."><![CDATA[line 130, col 15, Error - Expected linebreaks to be &apos;LF&apos; but found &apos;CRLF&apos;. (linebreak-style)]]></failure></testcase>
<testcase time="0" name="org.eslint.no-nested-ternary" classname="C:\work\dyrectorio\web\crux-ui\src\server\crux\deployment-service"><failure message="Do not nest ternary expressions."><![CDATA[line 131, col 11, Error - Do not nest ternary expressions. (no-nested-ternary)]]></failure></testcase>
<testcase time="0" name="org.eslint.linebreak-style" classname="C:\work\dyrectorio\web\crux-ui\src\server\crux\deployment-service"><failure message="Expected linebreaks to be &apos;LF&apos; but found &apos;CRLF&apos;."><![CDATA[line 131, col 25, Error - Expected linebreaks to be &apos;LF&apos; but found &apos;CRLF&apos;. (linebreak-style)]]></failure></testcase>
<testcase time="0" name="org.eslint.linebreak-style" classname="C:\work\dyrectorio\web\crux-ui\src\server\crux\deployment-service"><failure message="Expected linebreaks to be &apos;LF&apos; but found &apos;CRLF&apos;."><![CDATA[line 132, col 25, Error - Expected linebreaks to be &apos;LF&apos; but found &apos;CRLF&apos;. (linebreak-style)]]></failure></testcase>
<testcase time="0" name="org.eslint.no-nested-ternary" classname="C:\work\dyrectorio\web\crux-ui\src\server\crux\deployment-service"><failure message="Do not nest ternary expressions."><![CDATA[line 133, col 15, Error - Do not nest ternary expressions. (no-nested-ternary)]]></failure></testcase>
<testcase time="0" name="org.eslint.linebreak-style" classname="C:\work\dyrectorio\web\crux-ui\src\server\crux\deployment-service"><failure message="Expected linebreaks to be &apos;LF&apos; but found &apos;CRLF&apos;."><![CDATA[line 133, col 42, Error - Expected linebreaks to be &apos;LF&apos; but found &apos;CRLF&apos;. (linebreak-style)]]></failure></testcase>
<testcase time="0" name="org.eslint.indent" classname="C:\work\dyrectorio\web\crux-ui\src\server\crux\deployment-service"><failure message="Expected indentation of 14 spaces but found 12."><![CDATA[line 134, col 1, Error - Expected indentation of 14 spaces but found 12. (indent)]]></failure></testcase>
<testcase time="0" name="org.eslint.no-use-before-define" classname="C:\work\dyrectorio\web\crux-ui\src\server\crux\deployment-service"><failure message="&apos;deploymentStatusToDto&apos; was used before it was defined."><![CDATA[line 134, col 15, Error - &apos;deploymentStatusToDto&apos; was used before it was defined. (no-use-before-define)]]></failure></testcase>
<testcase time="0" name="org.eslint.linebreak-style" classname="C:\work\dyrectorio\web\crux-ui\src\server\crux\deployment-service"><failure message="Expected linebreaks to be &apos;LF&apos; but found &apos;CRLF&apos;."><![CDATA[line 134, col 57, Error - Expected linebreaks to be &apos;LF&apos; but found &apos;CRLF&apos;. (linebreak-style)]]></failure></testcase>
<testcase time="0" name="org.eslint.indent" classname="C:\work\dyrectorio\web\crux-ui\src\server\crux\deployment-service"><failure message="Expected indentation of 14 spaces but found 12."><![CDATA[line 135, col 1, Error - Expected indentation of 14 spaces but found 12. (indent)]]></failure></testcase>
<testcase time="0" name="org.eslint.linebreak-style" classname="C:\work\dyrectorio\web\crux-ui\src\server\crux\deployment-service"><failure message="Expected linebreaks to be &apos;LF&apos; but found &apos;CRLF&apos;."><![CDATA[line 135, col 41, Error - Expected linebreaks to be &apos;LF&apos; but found &apos;CRLF&apos;. (linebreak-style)]]></failure></testcase>
<testcase time="0" name="org.eslint.indent" classname="C:\work\dyrectorio\web\crux-ui\src\server\crux\deployment-service"><failure message="Expected indentation of 16 spaces but found 12."><![CDATA[line 136, col 1, Error - Expected indentation of 16 spaces but found 12. (indent)]]></failure></testcase>
<testcase time="0" name="org.eslint.linebreak-style" classname="C:\work\dyrectorio\web\crux-ui\src\server\crux\deployment-service"><failure message="Expected linebreaks to be &apos;LF&apos; but found &apos;CRLF&apos;."><![CDATA[line 136, col 16, Error - Expected linebreaks to be &apos;LF&apos; but found &apos;CRLF&apos;. (linebreak-style)]]></failure></testcase>
<testcase time="0" name="org.eslint.indent" classname="C:\work\dyrectorio\web\crux-ui\src\server\crux\deployment-service"><failure message="Expected indentation of 18 spaces but found 16."><![CDATA[line 137, col 1, Error - Expected indentation of 18 spaces but found 16. (indent)]]></failure></testcase>
<testcase time="0" name="org.eslint.linebreak-style" classname="C:\work\dyrectorio\web\crux-ui\src\server\crux\deployment-service"><failure message="Expected linebreaks to be &apos;LF&apos; but found &apos;CRLF&apos;."><![CDATA[line 137, col 59, Error - Expected linebreaks to be &apos;LF&apos; but found &apos;CRLF&apos;. (linebreak-style)]]></failure></testcase>
<testcase time="0" name="org.eslint.indent" classname="C:\work\dyrectorio\web\crux-ui\src\server\crux\deployment-service"><failure message="Expected indentation of 18 spaces but found 16."><![CDATA[line 138, col 1, Error - Expected indentation of 18 spaces but found 16. (indent)]]></failure></testcase>
<testcase time="0" name="org.eslint.linebreak-style" classname="C:\work\dyrectorio\web\crux-ui\src\server\crux\deployment-service"><failure message="Expected linebreaks to be &apos;LF&apos; but found &apos;CRLF&apos;."><![CDATA[line 138, col 70, Error - Expected linebreaks to be &apos;LF&apos; but found &apos;CRLF&apos;. (linebreak-style)]]></failure></testcase>
<testcase time="0" name="org.eslint.indent" classname="C:\work\dyrectorio\web\crux-ui\src\server\crux\deployment-service"><failure message="Expected indentation of 16 spaces but found 14."><![CDATA[line 139, col 1, Error - Expected indentation of 16 spaces but found 14. (indent)]]></failure></testcase>
<testcase time="0" name="org.eslint.linebreak-style" classname="C:\work\dyrectorio\web\crux-ui\src\server\crux\deployment-service"><failure message="Expected linebreaks to be &apos;LF&apos; but found &apos;CRLF&apos;."><![CDATA[line 139, col 16, Error - Expected linebreaks to be &apos;LF&apos; but found &apos;CRLF&apos;. (linebreak-style)]]></failure></testcase>
<testcase time="0" name="org.eslint.indent" classname="C:\work\dyrectorio\web\crux-ui\src\server\crux\deployment-service"><failure message="Expected indentation of 16 spaces but found 12."><![CDATA[line 140, col 1, Error - Expected indentation of 16 spaces but found 12. (indent)]]></failure></testcase>
<testcase time="0" name="org.eslint.linebreak-style" classname="C:\work\dyrectorio\web\crux-ui\src\server\crux\deployment-service"><failure message="Expected linebreaks to be &apos;LF&apos; but found &apos;CRLF&apos;."><![CDATA[line 140, col 20, Error - Expected linebreaks to be &apos;LF&apos; but found &apos;CRLF&apos;. (linebreak-style)]]></failure></testcase>
<testcase time="0" name="org.eslint.linebreak-style" classname="C:\work\dyrectorio\web\crux-ui\src\server\crux\deployment-service"><failure message="Expected linebreaks to be &apos;LF&apos; but found &apos;CRLF&apos;."><![CDATA[line 141, col 8, Error - Expected linebreaks to be &apos;LF&apos; but found &apos;CRLF&apos;. (linebreak-style)]]></failure></testcase>
<testcase time="0" name="org.eslint.semi" classname="C:\work\dyrectorio\web\crux-ui\src\server\crux\deployment-service"><failure message="Missing semicolon."><![CDATA[line 141, col 8, Error - Missing semicolon. (semi)]]></failure></testcase>
<testcase time="0" name="org.eslint.linebreak-style" classname="C:\work\dyrectorio\web\crux-ui\src\server\crux\deployment-service"><failure message="Expected linebreaks to be &apos;LF&apos; but found &apos;CRLF&apos;."><![CDATA[line 142, col 7, Error - Expected linebreaks to be &apos;LF&apos; but found &apos;CRLF&apos;. (linebreak-style)]]></failure></testcase>
<testcase time="0" name="org.eslint.semi" classname="C:\work\dyrectorio\web\crux-ui\src\server\crux\deployment-service"><failure message="Missing semicolon."><![CDATA[line 142, col 7, Error - Missing semicolon. (semi)]]></failure></testcase>
<testcase time="0" name="org.eslint.linebreak-style" classname="C:\work\dyrectorio\web\crux-ui\src\server\crux\deployment-service"><failure message="Expected linebreaks to be &apos;LF&apos; but found &apos;CRLF&apos;."><![CDATA[line 143, col 4, Error - Expected linebreaks to be &apos;LF&apos; but found &apos;CRLF&apos;. (linebreak-style)]]></failure></testcase>
<testcase time="0" name="org.eslint.linebreak-style" classname="C:\work\dyrectorio\web\crux-ui\src\server\crux\deployment-service"><failure message="Expected linebreaks to be &apos;LF&apos; but found &apos;CRLF&apos;."><![CDATA[line 144, col 1, Error - Expected linebreaks to be &apos;LF&apos; but found &apos;CRLF&apos;. (linebreak-style)]]></failure></testcase>
<testcase time="0" name="org.eslint.linebreak-style" classname="C:\work\dyrectorio\web\crux-ui\src\server\crux\deployment-service"><failure message="Expected linebreaks to be &apos;LF&apos; but found &apos;CRLF&apos;."><![CDATA[line 145, col 69, Error - Expected linebreaks to be &apos;LF&apos; but found &apos;CRLF&apos;. (linebreak-style)]]></failure></testcase>
<testcase time="0" name="org.eslint.linebreak-style" classname="C:\work\dyrectorio\web\crux-ui\src\server\crux\deployment-service"><failure message="Expected linebreaks to be &apos;LF&apos; but found &apos;CRLF&apos;."><![CDATA[line 146, col 43, Error - Expected linebreaks to be &apos;LF&apos; but found &apos;CRLF&apos;. (linebreak-style)]]></failure></testcase>
<testcase time="0" name="org.eslint.linebreak-style" classname="C:\work\dyrectorio\web\crux-ui\src\server\crux\deployment-service"><failure message="Expected linebreaks to be &apos;LF&apos; but found &apos;CRLF&apos;."><![CDATA[line 147, col 17, Error - Expected linebreaks to be &apos;LF&apos; but found &apos;CRLF&apos;. (linebreak-style)]]></failure></testcase>
<testcase time="0" name="org.eslint.linebreak-style" classname="C:\work\dyrectorio\web\crux-ui\src\server\crux\deployment-service"><failure message="Expected linebreaks to be &apos;LF&apos; but found &apos;CRLF&apos;."><![CDATA[line 148, col 14, Error - Expected linebreaks to be &apos;LF&apos; but found &apos;CRLF&apos;. (linebreak-style)]]></failure></testcase>
<testcase time="0" name="org.eslint.linebreak-style" classname="C:\work\dyrectorio\web\crux-ui\src\server\crux\deployment-service"><failure message="Expected linebreaks to be &apos;LF&apos; but found &apos;CRLF&apos;."><![CDATA[line 149, col 36, Error - Expected linebreaks to be &apos;LF&apos; but found &apos;CRLF&apos;. (linebreak-style)]]></failure></testcase>
<testcase time="0" name="org.eslint.linebreak-style" classname="C:\work\dyrectorio\web\crux-ui\src\server\crux\deployment-service"><failure message="Expected linebreaks to be &apos;LF&apos; but found &apos;CRLF&apos;."><![CDATA[line 150, col 6, Error - Expected linebreaks to be &apos;LF&apos; but found &apos;CRLF&apos;. (linebreak-style)]]></failure></testcase>
<testcase time="0" name="org.eslint.semi" classname="C:\work\dyrectorio\web\crux-ui\src\server\crux\deployment-service"><failure message="Missing semicolon."><![CDATA[line 150, col 6, Error - Missing semicolon. (semi)]]></failure></testcase>
<testcase time="0" name="org.eslint.linebreak-style" classname="C:\work\dyrectorio\web\crux-ui\src\server\crux\deployment-service"><failure message="Expected linebreaks to be &apos;LF&apos; but found &apos;CRLF&apos;."><![CDATA[line 151, col 1, Error - Expected linebreaks to be &apos;LF&apos; but found &apos;CRLF&apos;. (linebreak-style)]]></failure></testcase>
<testcase time="0" name="org.eslint.linebreak-style" classname="C:\work\dyrectorio\web\crux-ui\src\server\crux\deployment-service"><failure message="Expected linebreaks to be &apos;LF&apos; but found &apos;CRLF&apos;."><![CDATA[line 152, col 82, Error - Expected linebreaks to be &apos;LF&apos; but found &apos;CRLF&apos;. (linebreak-style)]]></failure></testcase>
<testcase time="0" name="org.eslint.linebreak-style" classname="C:\work\dyrectorio\web\crux-ui\src\server\crux\deployment-service"><failure message="Expected linebreaks to be &apos;LF&apos; but found &apos;CRLF&apos;."><![CDATA[line 153, col 19, Error - Expected linebreaks to be &apos;LF&apos; but found &apos;CRLF&apos;. (linebreak-style)]]></failure></testcase>
<testcase time="0" name="org.eslint.linebreak-style" classname="C:\work\dyrectorio\web\crux-ui\src\server\crux\deployment-service"><failure message="Expected linebreaks to be &apos;LF&apos; but found &apos;CRLF&apos;."><![CDATA[line 154, col 36, Error - Expected linebreaks to be &apos;LF&apos; but found &apos;CRLF&apos;. (linebreak-style)]]></failure></testcase>
<testcase time="0" name="org.eslint.linebreak-style" classname="C:\work\dyrectorio\web\crux-ui\src\server\crux\deployment-service"><failure message="Expected linebreaks to be &apos;LF&apos; but found &apos;CRLF&apos;."><![CDATA[line 155, col 36, Error - Expected linebreaks to be &apos;LF&apos; but found &apos;CRLF&apos;. (linebreak-style)]]></failure></testcase>
<testcase time="0" name="org.eslint.semi" classname="C:\work\dyrectorio\web\crux-ui\src\server\crux\deployment-service"><failure message="Missing semicolon."><![CDATA[line 155, col 36, Error - Missing semicolon. (semi)]]></failure></testcase>
<testcase time="0" name="org.eslint.linebreak-style" classname="C:\work\dyrectorio\web\crux-ui\src\server\crux\deployment-service"><failure message="Expected linebreaks to be &apos;LF&apos; but found &apos;CRLF&apos;."><![CDATA[line 156, col 1, Error - Expected linebreaks to be &apos;LF&apos; but found &apos;CRLF&apos;. (linebreak-style)]]></failure></testcase>
<testcase time="0" name="org.eslint.linebreak-style" classname="C:\work\dyrectorio\web\crux-ui\src\server\crux\deployment-service"><failure message="Expected linebreaks to be &apos;LF&apos; but found &apos;CRLF&apos;."><![CDATA[line 157, col 18, Error - Expected linebreaks to be &apos;LF&apos; but found &apos;CRLF&apos;. (linebreak-style)]]></failure></testcase>
<testcase time="0" name="org.eslint.semi" classname="C:\work\dyrectorio\web\crux-ui\src\server\crux\deployment-service"><failure message="Missing semicolon."><![CDATA[line 157, col 18, Error - Missing semicolon. (semi)]]></failure></testcase>
<testcase time="0" name="org.eslint.linebreak-style" classname="C:\work\dyrectorio\web\crux-ui\src\server\crux\deployment-service"><failure message="Expected linebreaks to be &apos;LF&apos; but found &apos;CRLF&apos;."><![CDATA[line 158, col 4, Error - Expected linebreaks to be &apos;LF&apos; but found &apos;CRLF&apos;. (linebreak-style)]]></failure></testcase>
<testcase time="0" name="org.eslint.linebreak-style" classname="C:\work\dyrectorio\web\crux-ui\src\server\crux\deployment-service"><failure message="Expected linebreaks to be &apos;LF&apos; but found &apos;CRLF&apos;."><![CDATA[line 159, col 1, Error - Expected linebreaks to be &apos;LF&apos; but found &apos;CRLF&apos;. (linebreak-style)]]></failure></testcase>
<testcase time="0" name="org.eslint.linebreak-style" classname="C:\work\dyrectorio\web\crux-ui\src\server\crux\deployment-service"><failure message="Expected linebreaks to be &apos;LF&apos; but found &apos;CRLF&apos;."><![CDATA[line 160, col 67, Error - Expected linebreaks to be &apos;LF&apos; but found &apos;CRLF&apos;. (linebreak-style)]]></failure></testcase>
<testcase time="0" name="org.eslint.linebreak-style" classname="C:\work\dyrectorio\web\crux-ui\src\server\crux\deployment-service"><failure message="Expected linebreaks to be &apos;LF&apos; but found &apos;CRLF&apos;."><![CDATA[line 161, col 18, Error - Expected linebreaks to be &apos;LF&apos; but found &apos;CRLF&apos;. (linebreak-style)]]></failure></testcase>
<testcase time="0" name="org.eslint.linebreak-style" classname="C:\work\dyrectorio\web\crux-ui\src\server\crux\deployment-service"><failure message="Expected linebreaks to be &apos;LF&apos; but found &apos;CRLF&apos;."><![CDATA[line 162, col 14, Error - Expected linebreaks to be &apos;LF&apos; but found &apos;CRLF&apos;. (linebreak-style)]]></failure></testcase>
<testcase time="0" name="org.eslint.linebreak-style" classname="C:\work\dyrectorio\web\crux-ui\src\server\crux\deployment-service"><failure message="Expected linebreaks to be &apos;LF&apos; but found &apos;CRLF&apos;."><![CDATA[line 163, col 10, Error - Expected linebreaks to be &apos;LF&apos; but found &apos;CRLF&apos;. (linebreak-style)]]></failure></testcase>
<testcase time="0" name="org.eslint.linebreak-style" classname="C:\work\dyrectorio\web\crux-ui\src\server\crux\deployment-service"><failure message="Expected linebreaks to be &apos;LF&apos; but found &apos;CRLF&apos;."><![CDATA[line 164, col 36, Error - Expected linebreaks to be &apos;LF&apos; but found &apos;CRLF&apos;. (linebreak-style)]]></failure></testcase>
<testcase time="0" name="org.eslint.linebreak-style" classname="C:\work\dyrectorio\web\crux-ui\src\server\crux\deployment-service"><failure message="Expected linebreaks to be &apos;LF&apos; but found &apos;CRLF&apos;."><![CDATA[line 165, col 33, Error - Expected linebreaks to be &apos;LF&apos; but found &apos;CRLF&apos;. (linebreak-style)]]></failure></testcase>
<testcase time="0" name="org.eslint.semi" classname="C:\work\dyrectorio\web\crux-ui\src\server\crux\deployment-service"><failure message="Missing semicolon."><![CDATA[line 165, col 33, Error - Missing semicolon. (semi)]]></failure></testcase>
<testcase time="0" name="org.eslint.linebreak-style" classname="C:\work\dyrectorio\web\crux-ui\src\server\crux\deployment-service"><failure message="Expected linebreaks to be &apos;LF&apos; but found &apos;CRLF&apos;."><![CDATA[line 166, col 1, Error - Expected linebreaks to be &apos;LF&apos; but found &apos;CRLF&apos;. (linebreak-style)]]></failure></testcase>
<testcase time="0" name="org.eslint.max-len" classname="C:\work\dyrectorio\web\crux-ui\src\server\crux\deployment-service"><failure message="This line has a length of 112. Maximum allowed is 100."><![CDATA[line 167, col 1, Error - This line has a length of 112. Maximum allowed is 100. (max-len)]]></failure></testcase>
<testcase time="0" name="org.eslint.linebreak-style" classname="C:\work\dyrectorio\web\crux-ui\src\server\crux\deployment-service"><failure message="Expected linebreaks to be &apos;LF&apos; but found &apos;CRLF&apos;."><![CDATA[line 167, col 113, Error - Expected linebreaks to be &apos;LF&apos; but found &apos;CRLF&apos;. (linebreak-style)]]></failure></testcase>
<testcase time="0" name="org.eslint.linebreak-style" classname="C:\work\dyrectorio\web\crux-ui\src\server\crux\deployment-service"><failure message="Expected linebreaks to be &apos;LF&apos; but found &apos;CRLF&apos;."><![CDATA[line 168, col 31, Error - Expected linebreaks to be &apos;LF&apos; but found &apos;CRLF&apos;. (linebreak-style)]]></failure></testcase>
<testcase time="0" name="org.eslint.linebreak-style" classname="C:\work\dyrectorio\web\crux-ui\src\server\crux\deployment-service"><failure message="Expected linebreaks to be &apos;LF&apos; but found &apos;CRLF&apos;."><![CDATA[line 169, col 11, Error - Expected linebreaks to be &apos;LF&apos; but found &apos;CRLF&apos;. (linebreak-style)]]></failure></testcase>
<testcase time="0" name="org.eslint.linebreak-style" classname="C:\work\dyrectorio\web\crux-ui\src\server\crux\deployment-service"><failure message="Expected linebreaks to be &apos;LF&apos; but found &apos;CRLF&apos;."><![CDATA[line 170, col 6, Error - Expected linebreaks to be &apos;LF&apos; but found &apos;CRLF&apos;. (linebreak-style)]]></failure></testcase>
<testcase time="0" name="org.eslint.semi" classname="C:\work\dyrectorio\web\crux-ui\src\server\crux\deployment-service"><failure message="Missing semicolon."><![CDATA[line 170, col 6, Error - Missing semicolon. (semi)]]></failure></testcase>
<testcase time="0" name="org.eslint.linebreak-style" classname="C:\work\dyrectorio\web\crux-ui\src\server\crux\deployment-service"><failure message="Expected linebreaks to be &apos;LF&apos; but found &apos;CRLF&apos;."><![CDATA[line 171, col 4, Error - Expected linebreaks to be &apos;LF&apos; but found &apos;CRLF&apos;. (linebreak-style)]]></failure></testcase>
<testcase time="0" name="org.eslint.linebreak-style" classname="C:\work\dyrectorio\web\crux-ui\src\server\crux\deployment-service"><failure message="Expected linebreaks to be &apos;LF&apos; but found &apos;CRLF&apos;."><![CDATA[line 172, col 1, Error - Expected linebreaks to be &apos;LF&apos; but found &apos;CRLF&apos;. (linebreak-style)]]></failure></testcase>
<testcase time="0" name="org.eslint.linebreak-style" classname="C:\work\dyrectorio\web\crux-ui\src\server\crux\deployment-service"><failure message="Expected linebreaks to be &apos;LF&apos; but found &apos;CRLF&apos;."><![CDATA[line 173, col 53, Error - Expected linebreaks to be &apos;LF&apos; but found &apos;CRLF&apos;. (linebreak-style)]]></failure></testcase>
<testcase time="0" name="org.eslint.linebreak-style" classname="C:\work\dyrectorio\web\crux-ui\src\server\crux\deployment-service"><failure message="Expected linebreaks to be &apos;LF&apos; but found &apos;CRLF&apos;."><![CDATA[line 174, col 18, Error - Expected linebreaks to be &apos;LF&apos; but found &apos;CRLF&apos;. (linebreak-style)]]></failure></testcase>
<testcase time="0" name="org.eslint.linebreak-style" classname="C:\work\dyrectorio\web\crux-ui\src\server\crux\deployment-service"><failure message="Expected linebreaks to be &apos;LF&apos; but found &apos;CRLF&apos;."><![CDATA[line 175, col 14, Error - Expected linebreaks to be &apos;LF&apos; but found &apos;CRLF&apos;. (linebreak-style)]]></failure></testcase>
<testcase time="0" name="org.eslint.linebreak-style" classname="C:\work\dyrectorio\web\crux-ui\src\server\crux\deployment-service"><failure message="Expected linebreaks to be &apos;LF&apos; but found &apos;CRLF&apos;."><![CDATA[line 176, col 36, Error - Expected linebreaks to be &apos;LF&apos; but found &apos;CRLF&apos;. (linebreak-style)]]></failure></testcase>
<testcase time="0" name="org.eslint.linebreak-style" classname="C:\work\dyrectorio\web\crux-ui\src\server\crux\deployment-service"><failure message="Expected linebreaks to be &apos;LF&apos; but found &apos;CRLF&apos;."><![CDATA[line 177, col 36, Error - Expected linebreaks to be &apos;LF&apos; but found &apos;CRLF&apos;. (linebreak-style)]]></failure></testcase>
<testcase time="0" name="org.eslint.linebreak-style" classname="C:\work\dyrectorio\web\crux-ui\src\server\crux\deployment-service"><failure message="Expected linebreaks to be &apos;LF&apos; but found &apos;CRLF&apos;."><![CDATA[line 178, col 20, Error - Expected linebreaks to be &apos;LF&apos; but found &apos;CRLF&apos;. (linebreak-style)]]></failure></testcase>
<testcase time="0" name="org.eslint.linebreak-style" classname="C:\work\dyrectorio\web\crux-ui\src\server\crux\deployment-service"><failure message="Expected linebreaks to be &apos;LF&apos; but found &apos;CRLF&apos;."><![CDATA[line 179, col 12, Error - Expected linebreaks to be &apos;LF&apos; but found &apos;CRLF&apos;. (linebreak-style)]]></failure></testcase>
<testcase time="0" name="org.eslint.indent" classname="C:\work\dyrectorio\web\crux-ui\src\server\crux\deployment-service"><failure message="Expected indentation of 10 spaces but found 12."><![CDATA[line 180, col 1, Error - Expected indentation of 10 spaces but found 12. (indent)]]></failure></testcase>
<testcase time="0" name="org.eslint.linebreak-style" classname="C:\work\dyrectorio\web\crux-ui\src\server\crux\deployment-service"><failure message="Expected linebreaks to be &apos;LF&apos; but found &apos;CRLF&apos;."><![CDATA[line 180, col 35, Error - Expected linebreaks to be &apos;LF&apos; but found &apos;CRLF&apos;. (linebreak-style)]]></failure></testcase>
<testcase time="0" name="org.eslint.indent" classname="C:\work\dyrectorio\web\crux-ui\src\server\crux\deployment-service"><failure message="Expected indentation of 8 spaces but found 10."><![CDATA[line 181, col 1, Error - Expected indentation of 8 spaces but found 10. (indent)]]></failure></testcase>
<testcase time="0" name="org.eslint.linebreak-style" classname="C:\work\dyrectorio\web\crux-ui\src\server\crux\deployment-service"><failure message="Expected linebreaks to be &apos;LF&apos; but found &apos;CRLF&apos;."><![CDATA[line 181, col 13, Error - Expected linebreaks to be &apos;LF&apos; but found &apos;CRLF&apos;. (linebreak-style)]]></failure></testcase>
<testcase time="0" name="org.eslint.linebreak-style" classname="C:\work\dyrectorio\web\crux-ui\src\server\crux\deployment-service"><failure message="Expected linebreaks to be &apos;LF&apos; but found &apos;CRLF&apos;."><![CDATA[line 182, col 30, Error - Expected linebreaks to be &apos;LF&apos; but found &apos;CRLF&apos;. (linebreak-style)]]></failure></testcase>
<testcase time="0" name="org.eslint.linebreak-style" classname="C:\work\dyrectorio\web\crux-ui\src\server\crux\deployment-service"><failure message="Expected linebreaks to be &apos;LF&apos; but found &apos;CRLF&apos;."><![CDATA[line 183, col 20, Error - Expected linebreaks to be &apos;LF&apos; but found &apos;CRLF&apos;. (linebreak-style)]]></failure></testcase>
<testcase time="0" name="org.eslint.linebreak-style" classname="C:\work\dyrectorio\web\crux-ui\src\server\crux\deployment-service"><failure message="Expected linebreaks to be &apos;LF&apos; but found &apos;CRLF&apos;."><![CDATA[line 184, col 12, Error - Expected linebreaks to be &apos;LF&apos; but found &apos;CRLF&apos;. (linebreak-style)]]></failure></testcase>
<testcase time="0" name="org.eslint.indent" classname="C:\work\dyrectorio\web\crux-ui\src\server\crux\deployment-service"><failure message="Expected indentation of 10 spaces but found 12."><![CDATA[line 185, col 1, Error - Expected indentation of 10 spaces but found 12. (indent)]]></failure></testcase>
<testcase time="0" name="org.eslint.linebreak-style" classname="C:\work\dyrectorio\web\crux-ui\src\server\crux\deployment-service"><failure message="Expected linebreaks to be &apos;LF&apos; but found &apos;CRLF&apos;."><![CDATA[line 185, col 41, Error - Expected linebreaks to be &apos;LF&apos; but found &apos;CRLF&apos;. (linebreak-style)]]></failure></testcase>
<testcase time="0" name="org.eslint.indent" classname="C:\work\dyrectorio\web\crux-ui\src\server\crux\deployment-service"><failure message="Expected indentation of 10 spaces but found 12."><![CDATA[line 186, col 1, Error - Expected indentation of 10 spaces but found 12. (indent)]]></failure></testcase>
<testcase time="0" name="org.eslint.linebreak-style" classname="C:\work\dyrectorio\web\crux-ui\src\server\crux\deployment-service"><failure message="Expected linebreaks to be &apos;LF&apos; but found &apos;CRLF&apos;."><![CDATA[line 186, col 81, Error - Expected linebreaks to be &apos;LF&apos; but found &apos;CRLF&apos;. (linebreak-style)]]></failure></testcase>
<testcase time="0" name="org.eslint.indent" classname="C:\work\dyrectorio\web\crux-ui\src\server\crux\deployment-service"><failure message="Expected indentation of 10 spaces but found 12."><![CDATA[line 187, col 1, Error - Expected indentation of 10 spaces but found 12. (indent)]]></failure></testcase>
<testcase time="0" name="org.eslint.linebreak-style" classname="C:\work\dyrectorio\web\crux-ui\src\server\crux\deployment-service"><failure message="Expected linebreaks to be &apos;LF&apos; but found &apos;CRLF&apos;."><![CDATA[line 187, col 61, Error - Expected linebreaks to be &apos;LF&apos; but found &apos;CRLF&apos;. (linebreak-style)]]></failure></testcase>
<testcase time="0" name="org.eslint.indent" classname="C:\work\dyrectorio\web\crux-ui\src\server\crux\deployment-service"><failure message="Expected indentation of 12 spaces but found 14."><![CDATA[line 188, col 1, Error - Expected indentation of 12 spaces but found 14. (indent)]]></failure></testcase>
<testcase time="0" name="org.eslint.linebreak-style" classname="C:\work\dyrectorio\web\crux-ui\src\server\crux\deployment-service"><failure message="Expected linebreaks to be &apos;LF&apos; but found &apos;CRLF&apos;."><![CDATA[line 188, col 26, Error - Expected linebreaks to be &apos;LF&apos; but found &apos;CRLF&apos;. (linebreak-style)]]></failure></testcase>
<testcase time="0" name="org.eslint.indent" classname="C:\work\dyrectorio\web\crux-ui\src\server\crux\deployment-service"><failure message="Expected indentation of 12 spaces but found 14."><![CDATA[line 189, col 1, Error - Expected indentation of 12 spaces but found 14. (indent)]]></failure></testcase>
<testcase time="0" name="org.eslint.linebreak-style" classname="C:\work\dyrectorio\web\crux-ui\src\server\crux\deployment-service"><failure message="Expected linebreaks to be &apos;LF&apos; but found &apos;CRLF&apos;."><![CDATA[line 189, col 18, Error - Expected linebreaks to be &apos;LF&apos; but found &apos;CRLF&apos;. (linebreak-style)]]></failure></testcase>
<testcase time="0" name="org.eslint.indent" classname="C:\work\dyrectorio\web\crux-ui\src\server\crux\deployment-service"><failure message="Expected indentation of 14 spaces but found 18."><![CDATA[line 190, col 1, Error - Expected indentation of 14 spaces but found 18. (indent)]]></failure></testcase>
<testcase time="0" name="org.eslint.linebreak-style" classname="C:\work\dyrectorio\web\crux-ui\src\server\crux\deployment-service"><failure message="Expected linebreaks to be &apos;LF&apos; but found &apos;CRLF&apos;."><![CDATA[line 190, col 58, Error - Expected linebreaks to be &apos;LF&apos; but found &apos;CRLF&apos;. (linebreak-style)]]></failure></testcase>
<testcase time="0" name="org.eslint.indent" classname="C:\work\dyrectorio\web\crux-ui\src\server\crux\deployment-service"><failure message="Expected indentation of 12 spaces but found 16."><![CDATA[line 191, col 1, Error - Expected indentation of 12 spaces but found 16. (indent)]]></failure></testcase>
<testcase time="0" name="org.eslint.linebreak-style" classname="C:\work\dyrectorio\web\crux-ui\src\server\crux\deployment-service"><failure message="Expected linebreaks to be &apos;LF&apos; but found &apos;CRLF&apos;."><![CDATA[line 191, col 19, Error - Expected linebreaks to be &apos;LF&apos; but found &apos;CRLF&apos;. (linebreak-style)]]></failure></testcase>
<testcase time="0" name="org.eslint.indent" classname="C:\work\dyrectorio\web\crux-ui\src\server\crux\deployment-service"><failure message="Expected indentation of 10 spaces but found 12."><![CDATA[line 192, col 1, Error - Expected indentation of 10 spaces but found 12. (indent)]]></failure></testcase>
<testcase time="0" name="org.eslint.linebreak-style" classname="C:\work\dyrectorio\web\crux-ui\src\server\crux\deployment-service"><failure message="Expected linebreaks to be &apos;LF&apos; but found &apos;CRLF&apos;."><![CDATA[line 192, col 59, Error - Expected linebreaks to be &apos;LF&apos; but found &apos;CRLF&apos;. (linebreak-style)]]></failure></testcase>
<testcase time="0" name="org.eslint.indent" classname="C:\work\dyrectorio\web\crux-ui\src\server\crux\deployment-service"><failure message="Expected indentation of 12 spaces but found 14."><![CDATA[line 193, col 1, Error - Expected indentation of 12 spaces but found 14. (indent)]]></failure></testcase>
<testcase time="0" name="org.eslint.linebreak-style" classname="C:\work\dyrectorio\web\crux-ui\src\server\crux\deployment-service"><failure message="Expected linebreaks to be &apos;LF&apos; but found &apos;CRLF&apos;."><![CDATA[line 193, col 26, Error - Expected linebreaks to be &apos;LF&apos; but found &apos;CRLF&apos;. (linebreak-style)]]></failure></testcase>
<testcase time="0" name="org.eslint.indent" classname="C:\work\dyrectorio\web\crux-ui\src\server\crux\deployment-service"><failure message="Expected indentation of 12 spaces but found 14."><![CDATA[line 194, col 1, Error - Expected indentation of 12 spaces but found 14. (indent)]]></failure></testcase>
<testcase time="0" name="org.eslint.linebreak-style" classname="C:\work\dyrectorio\web\crux-ui\src\server\crux\deployment-service"><failure message="Expected linebreaks to be &apos;LF&apos; but found &apos;CRLF&apos;."><![CDATA[line 194, col 18, Error - Expected linebreaks to be &apos;LF&apos; but found &apos;CRLF&apos;. (linebreak-style)]]></failure></testcase>
<testcase time="0" name="org.eslint.indent" classname="C:\work\dyrectorio\web\crux-ui\src\server\crux\deployment-service"><failure message="Expected indentation of 14 spaces but found 18."><![CDATA[line 195, col 1, Error - Expected indentation of 14 spaces but found 18. (indent)]]></failure></testcase>
<testcase time="0" name="org.eslint.linebreak-style" classname="C:\work\dyrectorio\web\crux-ui\src\server\crux\deployment-service"><failure message="Expected linebreaks to be &apos;LF&apos; but found &apos;CRLF&apos;."><![CDATA[line 195, col 57, Error - Expected linebreaks to be &apos;LF&apos; but found &apos;CRLF&apos;. (linebreak-style)]]></failure></testcase>
<testcase time="0" name="org.eslint.indent" classname="C:\work\dyrectorio\web\crux-ui\src\server\crux\deployment-service"><failure message="Expected indentation of 12 spaces but found 16."><![CDATA[line 196, col 1, Error - Expected indentation of 12 spaces but found 16. (indent)]]></failure></testcase>
<testcase time="0" name="org.eslint.linebreak-style" classname="C:\work\dyrectorio\web\crux-ui\src\server\crux\deployment-service"><failure message="Expected linebreaks to be &apos;LF&apos; but found &apos;CRLF&apos;."><![CDATA[line 196, col 19, Error - Expected linebreaks to be &apos;LF&apos; but found &apos;CRLF&apos;. (linebreak-style)]]></failure></testcase>
<testcase time="0" name="org.eslint.indent" classname="C:\work\dyrectorio\web\crux-ui\src\server\crux\deployment-service"><failure message="Expected indentation of 8 spaces but found 10."><![CDATA[line 197, col 1, Error - Expected indentation of 8 spaces but found 10. (indent)]]></failure></testcase>
<testcase time="0" name="org.eslint.linebreak-style" classname="C:\work\dyrectorio\web\crux-ui\src\server\crux\deployment-service"><failure message="Expected linebreaks to be &apos;LF&apos; but found &apos;CRLF&apos;."><![CDATA[line 197, col 13, Error - Expected linebreaks to be &apos;LF&apos; but found &apos;CRLF&apos;. (linebreak-style)]]></failure></testcase>
<testcase time="0" name="org.eslint.linebreak-style" classname="C:\work\dyrectorio\web\crux-ui\src\server\crux\deployment-service"><failure message="Expected linebreaks to be &apos;LF&apos; but found &apos;CRLF&apos;."><![CDATA[line 198, col 32, Error - Expected linebreaks to be &apos;LF&apos; but found &apos;CRLF&apos;. (linebreak-style)]]></failure></testcase>
<testcase time="0" name="org.eslint.semi" classname="C:\work\dyrectorio\web\crux-ui\src\server\crux\deployment-service"><failure message="Missing semicolon."><![CDATA[line 198, col 32, Error - Missing semicolon. (semi)]]></failure></testcase>
<testcase time="0" name="org.eslint.linebreak-style" classname="C:\work\dyrectorio\web\crux-ui\src\server\crux\deployment-service"><failure message="Expected linebreaks to be &apos;LF&apos; but found &apos;CRLF&apos;."><![CDATA[line 199, col 1, Error - Expected linebreaks to be &apos;LF&apos; but found &apos;CRLF&apos;. (linebreak-style)]]></failure></testcase>
<testcase time="0" name="org.eslint.max-len" classname="C:\work\dyrectorio\web\crux-ui\src\server\crux\deployment-service"><failure message="This line has a length of 110. Maximum allowed is 100."><![CDATA[line 200, col 1, Error - This line has a length of 110. Maximum allowed is 100. (max-len)]]></failure></testcase>
<testcase time="0" name="org.eslint.linebreak-style" classname="C:\work\dyrectorio\web\crux-ui\src\server\crux\deployment-service"><failure message="Expected linebreaks to be &apos;LF&apos; but found &apos;CRLF&apos;."><![CDATA[line 200, col 111, Error - Expected linebreaks to be &apos;LF&apos; but found &apos;CRLF&apos;. (linebreak-style)]]></failure></testcase>
<testcase time="0" name="org.eslint.linebreak-style" classname="C:\work\dyrectorio\web\crux-ui\src\server\crux\deployment-service"><failure message="Expected linebreaks to be &apos;LF&apos; but found &apos;CRLF&apos;."><![CDATA[line 201, col 30, Error - Expected linebreaks to be &apos;LF&apos; but found &apos;CRLF&apos;. (linebreak-style)]]></failure></testcase>
<testcase time="0" name="org.eslint.linebreak-style" classname="C:\work\dyrectorio\web\crux-ui\src\server\crux\deployment-service"><failure message="Expected linebreaks to be &apos;LF&apos; but found &apos;CRLF&apos;."><![CDATA[line 202, col 11, Error - Expected linebreaks to be &apos;LF&apos; but found &apos;CRLF&apos;. (linebreak-style)]]></failure></testcase>
<testcase time="0" name="org.eslint.linebreak-style" classname="C:\work\dyrectorio\web\crux-ui\src\server\crux\deployment-service"><failure message="Expected linebreaks to be &apos;LF&apos; but found &apos;CRLF&apos;."><![CDATA[line 203, col 6, Error - Expected linebreaks to be &apos;LF&apos; but found &apos;CRLF&apos;. (linebreak-style)]]></failure></testcase>
<testcase time="0" name="org.eslint.semi" classname="C:\work\dyrectorio\web\crux-ui\src\server\crux\deployment-service"><failure message="Missing semicolon."><![CDATA[line 203, col 6, Error - Missing semicolon. (semi)]]></failure></testcase>
<testcase time="0" name="org.eslint.linebreak-style" classname="C:\work\dyrectorio\web\crux-ui\src\server\crux\deployment-service"><failure message="Expected linebreaks to be &apos;LF&apos; but found &apos;CRLF&apos;."><![CDATA[line 204, col 4, Error - Expected linebreaks to be &apos;LF&apos; but found &apos;CRLF&apos;. (linebreak-style)]]></failure></testcase>
<testcase time="0" name="org.eslint.linebreak-style" classname="C:\work\dyrectorio\web\crux-ui\src\server\crux\deployment-service"><failure message="Expected linebreaks to be &apos;LF&apos; but found &apos;CRLF&apos;."><![CDATA[line 205, col 1, Error - Expected linebreaks to be &apos;LF&apos; but found &apos;CRLF&apos;. (linebreak-style)]]></failure></testcase>
<testcase time="0" name="org.eslint.linebreak-style" classname="C:\work\dyrectorio\web\crux-ui\src\server\crux\deployment-service"><failure message="Expected linebreaks to be &apos;LF&apos; but found &apos;CRLF&apos;."><![CDATA[line 206, col 29, Error - Expected linebreaks to be &apos;LF&apos; but found &apos;CRLF&apos;. (linebreak-style)]]></failure></testcase>
<testcase time="0" name="org.eslint.linebreak-style" classname="C:\work\dyrectorio\web\crux-ui\src\server\crux\deployment-service"><failure message="Expected linebreaks to be &apos;LF&apos; but found &apos;CRLF&apos;."><![CDATA[line 207, col 29, Error - Expected linebreaks to be &apos;LF&apos; but found &apos;CRLF&apos;. (linebreak-style)]]></failure></testcase>
<testcase time="0" name="org.eslint.linebreak-style" classname="C:\work\dyrectorio\web\crux-ui\src\server\crux\deployment-service"><failure message="Expected linebreaks to be &apos;LF&apos; but found &apos;CRLF&apos;."><![CDATA[line 208, col 10, Error - Expected linebreaks to be &apos;LF&apos; but found &apos;CRLF&apos;. (linebreak-style)]]></failure></testcase>
<testcase time="0" name="org.eslint.linebreak-style" classname="C:\work\dyrectorio\web\crux-ui\src\server\crux\deployment-service"><failure message="Expected linebreaks to be &apos;LF&apos; but found &apos;CRLF&apos;."><![CDATA[line 209, col 36, Error - Expected linebreaks to be &apos;LF&apos; but found &apos;CRLF&apos;. (linebreak-style)]]></failure></testcase>
<testcase time="0" name="org.eslint.linebreak-style" classname="C:\work\dyrectorio\web\crux-ui\src\server\crux\deployment-service"><failure message="Expected linebreaks to be &apos;LF&apos; but found &apos;CRLF&apos;."><![CDATA[line 210, col 6, Error - Expected linebreaks to be &apos;LF&apos; but found &apos;CRLF&apos;. (linebreak-style)]]></failure></testcase>
<testcase time="0" name="org.eslint.semi" classname="C:\work\dyrectorio\web\crux-ui\src\server\crux\deployment-service"><failure message="Missing semicolon."><![CDATA[line 210, col 6, Error - Missing semicolon. (semi)]]></failure></testcase>
<testcase time="0" name="org.eslint.linebreak-style" classname="C:\work\dyrectorio\web\crux-ui\src\server\crux\deployment-service"><failure message="Expected linebreaks to be &apos;LF&apos; but found &apos;CRLF&apos;."><![CDATA[line 211, col 1, Error - Expected linebreaks to be &apos;LF&apos; but found &apos;CRLF&apos;. (linebreak-style)]]></failure></testcase>
<testcase time="0" name="org.eslint.linebreak-style" classname="C:\work\dyrectorio\web\crux-ui\src\server\crux\deployment-service"><failure message="Expected linebreaks to be &apos;LF&apos; but found &apos;CRLF&apos;."><![CDATA[line 212, col 99, Error - Expected linebreaks to be &apos;LF&apos; but found &apos;CRLF&apos;. (linebreak-style)]]></failure></testcase>
<testcase time="0" name="org.eslint.semi" classname="C:\work\dyrectorio\web\crux-ui\src\server\crux\deployment-service"><failure message="Missing semicolon."><![CDATA[line 212, col 99, Error - Missing semicolon. (semi)]]></failure></testcase>
<testcase time="0" name="org.eslint.linebreak-style" classname="C:\work\dyrectorio\web\crux-ui\src\server\crux\deployment-service"><failure message="Expected linebreaks to be &apos;LF&apos; but found &apos;CRLF&apos;."><![CDATA[line 213, col 4, Error - Expected linebreaks to be &apos;LF&apos; but found &apos;CRLF&apos;. (linebreak-style)]]></failure></testcase>
<testcase time="0" name="org.eslint.linebreak-style" classname="C:\work\dyrectorio\web\crux-ui\src\server\crux\deployment-service"><failure message="Expected linebreaks to be &apos;LF&apos; but found &apos;CRLF&apos;."><![CDATA[line 214, col 1, Error - Expected linebreaks to be &apos;LF&apos; but found &apos;CRLF&apos;. (linebreak-style)]]></failure></testcase>
<testcase time="0" name="org.eslint.linebreak-style" classname="C:\work\dyrectorio\web\crux-ui\src\server\crux\deployment-service"><failure message="Expected linebreaks to be &apos;LF&apos; but found &apos;CRLF&apos;."><![CDATA[line 215, col 19, Error - Expected linebreaks to be &apos;LF&apos; but found &apos;CRLF&apos;. (linebreak-style)]]></failure></testcase>
<testcase time="0" name="org.eslint.linebreak-style" classname="C:\work\dyrectorio\web\crux-ui\src\server\crux\deployment-service"><failure message="Expected linebreaks to be &apos;LF&apos; but found &apos;CRLF&apos;."><![CDATA[line 216, col 16, Error - Expected linebreaks to be &apos;LF&apos; but found &apos;CRLF&apos;. (linebreak-style)]]></failure></testcase>
<testcase time="0" name="org.eslint.linebreak-style" classname="C:\work\dyrectorio\web\crux-ui\src\server\crux\deployment-service"><failure message="Expected linebreaks to be &apos;LF&apos; but found &apos;CRLF&apos;."><![CDATA[line 217, col 58, Error - Expected linebreaks to be &apos;LF&apos; but found &apos;CRLF&apos;. (linebreak-style)]]></failure></testcase>
<testcase time="0" name="org.eslint.linebreak-style" classname="C:\work\dyrectorio\web\crux-ui\src\server\crux\deployment-service"><failure message="Expected linebreaks to be &apos;LF&apos; but found &apos;CRLF&apos;."><![CDATA[line 218, col 68, Error - Expected linebreaks to be &apos;LF&apos; but found &apos;CRLF&apos;. (linebreak-style)]]></failure></testcase>
<testcase time="0" name="org.eslint.linebreak-style" classname="C:\work\dyrectorio\web\crux-ui\src\server\crux\deployment-service"><failure message="Expected linebreaks to be &apos;LF&apos; but found &apos;CRLF&apos;."><![CDATA[line 219, col 29, Error - Expected linebreaks to be &apos;LF&apos; but found &apos;CRLF&apos;. (linebreak-style)]]></failure></testcase>
<testcase time="0" name="org.eslint.linebreak-style" classname="C:\work\dyrectorio\web\crux-ui\src\server\crux\deployment-service"><failure message="Expected linebreaks to be &apos;LF&apos; but found &apos;CRLF&apos;."><![CDATA[line 220, col 10, Error - Expected linebreaks to be &apos;LF&apos; but found &apos;CRLF&apos;. (linebreak-style)]]></failure></testcase>
<testcase time="0" name="org.eslint.linebreak-style" classname="C:\work\dyrectorio\web\crux-ui\src\server\crux\deployment-service"><failure message="Expected linebreaks to be &apos;LF&apos; but found &apos;CRLF&apos;."><![CDATA[line 221, col 36, Error - Expected linebreaks to be &apos;LF&apos; but found &apos;CRLF&apos;. (linebreak-style)]]></failure></testcase>
<testcase time="0" name="org.eslint.linebreak-style" classname="C:\work\dyrectorio\web\crux-ui\src\server\crux\deployment-service"><failure message="Expected linebreaks to be &apos;LF&apos; but found &apos;CRLF&apos;."><![CDATA[line 222, col 6, Error - Expected linebreaks to be &apos;LF&apos; but found &apos;CRLF&apos;. (linebreak-style)]]></failure></testcase>
<testcase time="0" name="org.eslint.semi" classname="C:\work\dyrectorio\web\crux-ui\src\server\crux\deployment-service"><failure message="Missing semicolon."><![CDATA[line 222, col 6, Error - Missing semicolon. (semi)]]></failure></testcase>
<testcase time="0" name="org.eslint.linebreak-style" classname="C:\work\dyrectorio\web\crux-ui\src\server\crux\deployment-service"><failure message="Expected linebreaks to be &apos;LF&apos; but found &apos;CRLF&apos;."><![CDATA[line 223, col 1, Error - Expected linebreaks to be &apos;LF&apos; but found &apos;CRLF&apos;. (linebreak-style)]]></failure></testcase>
<testcase time="0" name="org.eslint.linebreak-style" classname="C:\work\dyrectorio\web\crux-ui\src\server\crux\deployment-service"><failure message="Expected linebreaks to be &apos;LF&apos; but found &apos;CRLF&apos;."><![CDATA[line 224, col 61, Error - Expected linebreaks to be &apos;LF&apos; but found &apos;CRLF&apos;. (linebreak-style)]]></failure></testcase>
<testcase time="0" name="org.eslint.linebreak-style" classname="C:\work\dyrectorio\web\crux-ui\src\server\crux\deployment-service"><failure message="Expected linebreaks to be &apos;LF&apos; but found &apos;CRLF&apos;."><![CDATA[line 225, col 49, Error - Expected linebreaks to be &apos;LF&apos; but found &apos;CRLF&apos;. (linebreak-style)]]></failure></testcase>
<testcase time="0" name="org.eslint.semi" classname="C:\work\dyrectorio\web\crux-ui\src\server\crux\deployment-service"><failure message="Missing semicolon."><![CDATA[line 225, col 49, Error - Missing semicolon. (semi)]]></failure></testcase>
<testcase time="0" name="org.eslint.linebreak-style" classname="C:\work\dyrectorio\web\crux-ui\src\server\crux\deployment-service"><failure message="Expected linebreaks to be &apos;LF&apos; but found &apos;CRLF&apos;."><![CDATA[line 226, col 1, Error - Expected linebreaks to be &apos;LF&apos; but found &apos;CRLF&apos;. (linebreak-style)]]></failure></testcase>
<testcase time="0" name="org.eslint.linebreak-style" classname="C:\work\dyrectorio\web\crux-ui\src\server\crux\deployment-service"><failure message="Expected linebreaks to be &apos;LF&apos; but found &apos;CRLF&apos;."><![CDATA[line 227, col 43, Error - Expected linebreaks to be &apos;LF&apos; but found &apos;CRLF&apos;. (linebreak-style)]]></failure></testcase>
<testcase time="0" name="org.eslint.semi" classname="C:\work\dyrectorio\web\crux-ui\src\server\crux\deployment-service"><failure message="Missing semicolon."><![CDATA[line 227, col 43, Error - Missing semicolon. (semi)]]></failure></testcase>
<testcase time="0" name="org.eslint.linebreak-style" classname="C:\work\dyrectorio\web\crux-ui\src\server\crux\deployment-service"><failure message="Expected linebreaks to be &apos;LF&apos; but found &apos;CRLF&apos;."><![CDATA[line 228, col 20, Error - Expected linebreaks to be &apos;LF&apos; but found &apos;CRLF&apos;. (linebreak-style)]]></failure></testcase>
<testcase time="0" name="org.eslint.linebreak-style" classname="C:\work\dyrectorio\web\crux-ui\src\server\crux\deployment-service"><failure message="Expected linebreaks to be &apos;LF&apos; but found &apos;CRLF&apos;."><![CDATA[line 229, col 21, Error - Expected linebreaks to be &apos;LF&apos; but found &apos;CRLF&apos;. (linebreak-style)]]></failure></testcase>
<testcase time="0" name="org.eslint.linebreak-style" classname="C:\work\dyrectorio\web\crux-ui\src\server\crux\deployment-service"><failure message="Expected linebreaks to be &apos;LF&apos; but found &apos;CRLF&apos;."><![CDATA[line 230, col 19, Error - Expected linebreaks to be &apos;LF&apos; but found &apos;CRLF&apos;. (linebreak-style)]]></failure></testcase>
<testcase time="0" name="org.eslint.linebreak-style" classname="C:\work\dyrectorio\web\crux-ui\src\server\crux\deployment-service"><failure message="Expected linebreaks to be &apos;LF&apos; but found &apos;CRLF&apos;."><![CDATA[line 231, col 25, Error - Expected linebreaks to be &apos;LF&apos; but found &apos;CRLF&apos;. (linebreak-style)]]></failure></testcase>
<testcase time="0" name="org.eslint.linebreak-style" classname="C:\work\dyrectorio\web\crux-ui\src\server\crux\deployment-service"><failure message="Expected linebreaks to be &apos;LF&apos; but found &apos;CRLF&apos;."><![CDATA[line 232, col 9, Error - Expected linebreaks to be &apos;LF&apos; but found &apos;CRLF&apos;. (linebreak-style)]]></failure></testcase>
<testcase time="0" name="org.eslint.semi" classname="C:\work\dyrectorio\web\crux-ui\src\server\crux\deployment-service"><failure message="Missing semicolon."><![CDATA[line 232, col 9, Error - Missing semicolon. (semi)]]></failure></testcase>
<testcase time="0" name="org.eslint.linebreak-style" classname="C:\work\dyrectorio\web\crux-ui\src\server\crux\deployment-service"><failure message="Expected linebreaks to be &apos;LF&apos; but found &apos;CRLF&apos;."><![CDATA[line 233, col 1, Error - Expected linebreaks to be &apos;LF&apos; but found &apos;CRLF&apos;. (linebreak-style)]]></failure></testcase>
<testcase time="0" name="org.eslint.linebreak-style" classname="C:\work\dyrectorio\web\crux-ui\src\server\crux\deployment-service"><failure message="Expected linebreaks to be &apos;LF&apos; but found &apos;CRLF&apos;."><![CDATA[line 234, col 27, Error - Expected linebreaks to be &apos;LF&apos; but found &apos;CRLF&apos;. (linebreak-style)]]></failure></testcase>
<testcase time="0" name="org.eslint.linebreak-style" classname="C:\work\dyrectorio\web\crux-ui\src\server\crux\deployment-service"><failure message="Expected linebreaks to be &apos;LF&apos; but found &apos;CRLF&apos;."><![CDATA[line 235, col 22, Error - Expected linebreaks to be &apos;LF&apos; but found &apos;CRLF&apos;. (linebreak-style)]]></failure></testcase>
<testcase time="0" name="org.eslint.linebreak-style" classname="C:\work\dyrectorio\web\crux-ui\src\server\crux\deployment-service"><failure message="Expected linebreaks to be &apos;LF&apos; but found &apos;CRLF&apos;."><![CDATA[line 236, col 35, Error - Expected linebreaks to be &apos;LF&apos; but found &apos;CRLF&apos;. (linebreak-style)]]></failure></testcase>
<testcase time="0" name="org.eslint.linebreak-style" classname="C:\work\dyrectorio\web\crux-ui\src\server\crux\deployment-service"><failure message="Expected linebreaks to be &apos;LF&apos; but found &apos;CRLF&apos;."><![CDATA[line 237, col 21, Error - Expected linebreaks to be &apos;LF&apos; but found &apos;CRLF&apos;. (linebreak-style)]]></failure></testcase>
<testcase time="0" name="org.eslint.linebreak-style" classname="C:\work\dyrectorio\web\crux-ui\src\server\crux\deployment-service"><failure message="Expected linebreaks to be &apos;LF&apos; but found &apos;CRLF&apos;."><![CDATA[line 238, col 19, Error - Expected linebreaks to be &apos;LF&apos; but found &apos;CRLF&apos;. (linebreak-style)]]></failure></testcase>
<testcase time="0" name="org.eslint.linebreak-style" classname="C:\work\dyrectorio\web\crux-ui\src\server\crux\deployment-service"><failure message="Expected linebreaks to be &apos;LF&apos; but found &apos;CRLF&apos;."><![CDATA[line 239, col 50, Error - Expected linebreaks to be &apos;LF&apos; but found &apos;CRLF&apos;. (linebreak-style)]]></failure></testcase>
<testcase time="0" name="org.eslint.linebreak-style" classname="C:\work\dyrectorio\web\crux-ui\src\server\crux\deployment-service"><failure message="Expected linebreaks to be &apos;LF&apos; but found &apos;CRLF&apos;."><![CDATA[line 240, col 61, Error - Expected linebreaks to be &apos;LF&apos; but found &apos;CRLF&apos;. (linebreak-style)]]></failure></testcase>
<testcase time="0" name="org.eslint.linebreak-style" classname="C:\work\dyrectorio\web\crux-ui\src\server\crux\deployment-service"><failure message="Expected linebreaks to be &apos;LF&apos; but found &apos;CRLF&apos;."><![CDATA[line 241, col 13, Error - Expected linebreaks to be &apos;LF&apos; but found &apos;CRLF&apos;. (linebreak-style)]]></failure></testcase>
<testcase time="0" name="org.eslint.linebreak-style" classname="C:\work\dyrectorio\web\crux-ui\src\server\crux\deployment-service"><failure message="Expected linebreaks to be &apos;LF&apos; but found &apos;CRLF&apos;."><![CDATA[line 242, col 11, Error - Expected linebreaks to be &apos;LF&apos; but found &apos;CRLF&apos;. (linebreak-style)]]></failure></testcase>
<testcase time="0" name="org.eslint.semi" classname="C:\work\dyrectorio\web\crux-ui\src\server\crux\deployment-service"><failure message="Missing semicolon."><![CDATA[line 242, col 11, Error - Missing semicolon. (semi)]]></failure></testcase>
<testcase time="0" name="org.eslint.linebreak-style" classname="C:\work\dyrectorio\web\crux-ui\src\server\crux\deployment-service"><failure message="Expected linebreaks to be &apos;LF&apos; but found &apos;CRLF&apos;."><![CDATA[line 243, col 32, Error - Expected linebreaks to be &apos;LF&apos; but found &apos;CRLF&apos;. (linebreak-style)]]></failure></testcase>
<testcase time="0" name="org.eslint.linebreak-style" classname="C:\work\dyrectorio\web\crux-ui\src\server\crux\deployment-service"><failure message="Expected linebreaks to be &apos;LF&apos; but found &apos;CRLF&apos;."><![CDATA[line 244, col 22, Error - Expected linebreaks to be &apos;LF&apos; but found &apos;CRLF&apos;. (linebreak-style)]]></failure></testcase>
<testcase time="0" name="org.eslint.linebreak-style" classname="C:\work\dyrectorio\web\crux-ui\src\server\crux\deployment-service"><failure message="Expected linebreaks to be &apos;LF&apos; but found &apos;CRLF&apos;."><![CDATA[line 245, col 36, Error - Expected linebreaks to be &apos;LF&apos; but found &apos;CRLF&apos;. (linebreak-style)]]></failure></testcase>
<testcase time="0" name="org.eslint.linebreak-style" classname="C:\work\dyrectorio\web\crux-ui\src\server\crux\deployment-service"><failure message="Expected linebreaks to be &apos;LF&apos; but found &apos;CRLF&apos;."><![CDATA[line 246, col 21, Error - Expected linebreaks to be &apos;LF&apos; but found &apos;CRLF&apos;. (linebreak-style)]]></failure></testcase>
<testcase time="0" name="org.eslint.no-use-before-define" classname="C:\work\dyrectorio\web\crux-ui\src\server\crux\deployment-service"><failure message="&apos;deploymentStatusToDto&apos; was used before it was defined."><![CDATA[line 247, col 18, Error - &apos;deploymentStatusToDto&apos; was used before it was defined. (no-use-before-define)]]></failure></testcase>
<testcase time="0" name="org.eslint.linebreak-style" classname="C:\work\dyrectorio\web\crux-ui\src\server\crux\deployment-service"><failure message="Expected linebreaks to be &apos;LF&apos; but found &apos;CRLF&apos;."><![CDATA[line 247, col 53, Error - Expected linebreaks to be &apos;LF&apos; but found &apos;CRLF&apos;. (linebreak-style)]]></failure></testcase>
<testcase time="0" name="org.eslint.linebreak-style" classname="C:\work\dyrectorio\web\crux-ui\src\server\crux\deployment-service"><failure message="Expected linebreaks to be &apos;LF&apos; but found &apos;CRLF&apos;."><![CDATA[line 248, col 11, Error - Expected linebreaks to be &apos;LF&apos; but found &apos;CRLF&apos;. (linebreak-style)]]></failure></testcase>
<testcase time="0" name="org.eslint.semi" classname="C:\work\dyrectorio\web\crux-ui\src\server\crux\deployment-service"><failure message="Missing semicolon."><![CDATA[line 248, col 11, Error - Missing semicolon. (semi)]]></failure></testcase>
<testcase time="0" name="org.eslint.linebreak-style" classname="C:\work\dyrectorio\web\crux-ui\src\server\crux\deployment-service"><failure message="Expected linebreaks to be &apos;LF&apos; but found &apos;CRLF&apos;."><![CDATA[line 249, col 8, Error - Expected linebreaks to be &apos;LF&apos; but found &apos;CRLF&apos;. (linebreak-style)]]></failure></testcase>
<testcase time="0" name="org.eslint.linebreak-style" classname="C:\work\dyrectorio\web\crux-ui\src\server\crux\deployment-service"><failure message="Expected linebreaks to be &apos;LF&apos; but found &apos;CRLF&apos;."><![CDATA[line 250, col 1, Error - Expected linebreaks to be &apos;LF&apos; but found &apos;CRLF&apos;. (linebreak-style)]]></failure></testcase>
<testcase time="0" name="org.eslint.linebreak-style" classname="C:\work\dyrectorio\web\crux-ui\src\server\crux\deployment-service"><failure message="Expected linebreaks to be &apos;LF&apos; but found &apos;CRLF&apos;."><![CDATA[line 251, col 20, Error - Expected linebreaks to be &apos;LF&apos; but found &apos;CRLF&apos;. (linebreak-style)]]></failure></testcase>
<testcase time="0" name="org.eslint.semi" classname="C:\work\dyrectorio\web\crux-ui\src\server\crux\deployment-service"><failure message="Missing semicolon."><![CDATA[line 251, col 20, Error - Missing semicolon. (semi)]]></failure></testcase>
<testcase time="0" name="org.eslint.linebreak-style" classname="C:\work\dyrectorio\web\crux-ui\src\server\crux\deployment-service"><failure message="Expected linebreaks to be &apos;LF&apos; but found &apos;CRLF&apos;."><![CDATA[line 252, col 6, Error - Expected linebreaks to be &apos;LF&apos; but found &apos;CRLF&apos;. (linebreak-style)]]></failure></testcase>
<testcase time="0" name="org.eslint.semi" classname="C:\work\dyrectorio\web\crux-ui\src\server\crux\deployment-service"><failure message="Missing semicolon."><![CDATA[line 252, col 6, Error - Missing semicolon. (semi)]]></failure></testcase>
<testcase time="0" name="org.eslint.linebreak-style" classname="C:\work\dyrectorio\web\crux-ui\src\server\crux\deployment-service"><failure message="Expected linebreaks to be &apos;LF&apos; but found &apos;CRLF&apos;."><![CDATA[line 253, col 1, Error - Expected linebreaks to be &apos;LF&apos; but found &apos;CRLF&apos;. (linebreak-style)]]></failure></testcase>
<testcase time="0" name="org.eslint.linebreak-style" classname="C:\work\dyrectorio\web\crux-ui\src\server\crux\deployment-service"><failure message="Expected linebreaks to be &apos;LF&apos; but found &apos;CRLF&apos;."><![CDATA[line 254, col 78, Error - Expected linebreaks to be &apos;LF&apos; but found &apos;CRLF&apos;. (linebreak-style)]]></failure></testcase>
<testcase time="0" name="org.eslint.semi" classname="C:\work\dyrectorio\web\crux-ui\src\server\crux\deployment-service"><failure message="Missing semicolon."><![CDATA[line 254, col 78, Error - Missing semicolon. (semi)]]></failure></testcase>
<testcase time="0" name="org.eslint.linebreak-style" classname="C:\work\dyrectorio\web\crux-ui\src\server\crux\deployment-service"><failure message="Expected linebreaks to be &apos;LF&apos; but found &apos;CRLF&apos;."><![CDATA[line 255, col 89, Error - Expected linebreaks to be &apos;LF&apos; but found &apos;CRLF&apos;. (linebreak-style)]]></failure></testcase>
<testcase time="0" name="org.eslint.semi" classname="C:\work\dyrectorio\web\crux-ui\src\server\crux\deployment-service"><failure message="Missing semicolon."><![CDATA[line 255, col 89, Error - Missing semicolon. (semi)]]></failure></testcase>
<testcase time="0" name="org.eslint.linebreak-style" classname="C:\work\dyrectorio\web\crux-ui\src\server\crux\deployment-service"><failure message="Expected linebreaks to be &apos;LF&apos; but found &apos;CRLF&apos;."><![CDATA[line 256, col 4, Error - Expected linebreaks to be &apos;LF&apos; but found &apos;CRLF&apos;. (linebreak-style)]]></failure></testcase>
<testcase time="0" name="org.eslint.linebreak-style" classname="C:\work\dyrectorio\web\crux-ui\src\server\crux\deployment-service"><failure message="Expected linebreaks to be &apos;LF&apos; but found &apos;CRLF&apos;."><![CDATA[line 257, col 1, Error - Expected linebreaks to be &apos;LF&apos; but found &apos;CRLF&apos;. (linebreak-style)]]></failure></testcase>
<testcase time="0" name="org.eslint.linebreak-style" classname="C:\work\dyrectorio\web\crux-ui\src\server\crux\deployment-service"><failure message="Expected linebreaks to be &apos;LF&apos; but found &apos;CRLF&apos;."><![CDATA[line 258, col 35, Error - Expected linebreaks to be &apos;LF&apos; but found &apos;CRLF&apos;. (linebreak-style)]]></failure></testcase>
<testcase time="0" name="org.eslint.linebreak-style" classname="C:\work\dyrectorio\web\crux-ui\src\server\crux\deployment-service"><failure message="Expected linebreaks to be &apos;LF&apos; but found &apos;CRLF&apos;."><![CDATA[line 259, col 16, Error - Expected linebreaks to be &apos;LF&apos; but found &apos;CRLF&apos;. (linebreak-style)]]></failure></testcase>
<testcase time="0" name="org.eslint.linebreak-style" classname="C:\work\dyrectorio\web\crux-ui\src\server\crux\deployment-service"><failure message="Expected linebreaks to be &apos;LF&apos; but found &apos;CRLF&apos;."><![CDATA[line 260, col 78, Error - Expected linebreaks to be &apos;LF&apos; but found &apos;CRLF&apos;. (linebreak-style)]]></failure></testcase>
<testcase time="0" name="org.eslint.linebreak-style" classname="C:\work\dyrectorio\web\crux-ui\src\server\crux\deployment-service"><failure message="Expected linebreaks to be &apos;LF&apos; but found &apos;CRLF&apos;."><![CDATA[line 261, col 94, Error - Expected linebreaks to be &apos;LF&apos; but found &apos;CRLF&apos;. (linebreak-style)]]></failure></testcase>
<testcase time="0" name="org.eslint.linebreak-style" classname="C:\work\dyrectorio\web\crux-ui\src\server\crux\deployment-service"><failure message="Expected linebreaks to be &apos;LF&apos; but found &apos;CRLF&apos;."><![CDATA[line 262, col 36, Error - Expected linebreaks to be &apos;LF&apos; but found &apos;CRLF&apos;. (linebreak-style)]]></failure></testcase>
<testcase time="0" name="org.eslint.linebreak-style" classname="C:\work\dyrectorio\web\crux-ui\src\server\crux\deployment-service"><failure message="Expected linebreaks to be &apos;LF&apos; but found &apos;CRLF&apos;."><![CDATA[line 263, col 10, Error - Expected linebreaks to be &apos;LF&apos; but found &apos;CRLF&apos;. (linebreak-style)]]></failure></testcase>
<testcase time="0" name="org.eslint.linebreak-style" classname="C:\work\dyrectorio\web\crux-ui\src\server\crux\deployment-service"><failure message="Expected linebreaks to be &apos;LF&apos; but found &apos;CRLF&apos;."><![CDATA[line 264, col 6, Error - Expected linebreaks to be &apos;LF&apos; but found &apos;CRLF&apos;. (linebreak-style)]]></failure></testcase>
<testcase time="0" name="org.eslint.semi" classname="C:\work\dyrectorio\web\crux-ui\src\server\crux\deployment-service"><failure message="Missing semicolon."><![CDATA[line 264, col 6, Error - Missing semicolon. (semi)]]></failure></testcase>
<testcase time="0" name="org.eslint.linebreak-style" classname="C:\work\dyrectorio\web\crux-ui\src\server\crux\deployment-service"><failure message="Expected linebreaks to be &apos;LF&apos; but found &apos;CRLF&apos;."><![CDATA[line 265, col 1, Error - Expected linebreaks to be &apos;LF&apos; but found &apos;CRLF&apos;. (linebreak-style)]]></failure></testcase>
<testcase time="0" name="org.eslint.linebreak-style" classname="C:\work\dyrectorio\web\crux-ui\src\server\crux\deployment-service"><failure message="Expected linebreaks to be &apos;LF&apos; but found &apos;CRLF&apos;."><![CDATA[line 266, col 67, Error - Expected linebreaks to be &apos;LF&apos; but found &apos;CRLF&apos;. (linebreak-style)]]></failure></testcase>
<testcase time="0" name="org.eslint.linebreak-style" classname="C:\work\dyrectorio\web\crux-ui\src\server\crux\deployment-service"><failure message="Expected linebreaks to be &apos;LF&apos; but found &apos;CRLF&apos;."><![CDATA[line 267, col 35, Error - Expected linebreaks to be &apos;LF&apos; but found &apos;CRLF&apos;. (linebreak-style)]]></failure></testcase>
<testcase time="0" name="org.eslint.linebreak-style" classname="C:\work\dyrectorio\web\crux-ui\src\server\crux\deployment-service"><failure message="Expected linebreaks to be &apos;LF&apos; but found &apos;CRLF&apos;."><![CDATA[line 268, col 17, Error - Expected linebreaks to be &apos;LF&apos; but found &apos;CRLF&apos;. (linebreak-style)]]></failure></testcase>
<testcase time="0" name="org.eslint.linebreak-style" classname="C:\work\dyrectorio\web\crux-ui\src\server\crux\deployment-service"><failure message="Expected linebreaks to be &apos;LF&apos; but found &apos;CRLF&apos;."><![CDATA[line 269, col 41, Error - Expected linebreaks to be &apos;LF&apos; but found &apos;CRLF&apos;. (linebreak-style)]]></failure></testcase>
<testcase time="0" name="org.eslint.arrow-parens" classname="C:\work\dyrectorio\web\crux-ui\src\server\crux\deployment-service"><failure message="Expected parentheses around arrow function argument."><![CDATA[line 270, col 51, Error - Expected parentheses around arrow function argument. (arrow-parens)]]></failure></testcase>
<testcase time="0" name="org.eslint.no-use-before-define" classname="C:\work\dyrectorio\web\crux-ui\src\server\crux\deployment-service"><failure message="&apos;instanceToDto&apos; was used before it was defined."><![CDATA[line 270, col 57, Error - &apos;instanceToDto&apos; was used before it was defined. (no-use-before-define)]]></failure></testcase>
<testcase time="0" name="org.eslint.linebreak-style" classname="C:\work\dyrectorio\web\crux-ui\src\server\crux\deployment-service"><failure message="Expected linebreaks to be &apos;LF&apos; but found &apos;CRLF&apos;."><![CDATA[line 270, col 101, Error - Expected linebreaks to be &apos;LF&apos; but found &apos;CRLF&apos;. (linebreak-style)]]></failure></testcase>
<testcase time="0" name="org.eslint.linebreak-style" classname="C:\work\dyrectorio\web\crux-ui\src\server\crux\deployment-service"><failure message="Expected linebreaks to be &apos;LF&apos; but found &apos;CRLF&apos;."><![CDATA[line 271, col 51, Error - Expected linebreaks to be &apos;LF&apos; but found &apos;CRLF&apos;. (linebreak-style)]]></failure></testcase>
<testcase time="0" name="org.eslint.semi" classname="C:\work\dyrectorio\web\crux-ui\src\server\crux\deployment-service"><failure message="Missing semicolon."><![CDATA[line 271, col 51, Error - Missing semicolon. (semi)]]></failure></testcase>
<testcase time="0" name="org.eslint.no-else-return" classname="C:\work\dyrectorio\web\crux-ui\src\server\crux\deployment-service"><failure message="Unnecessary &apos;else&apos; after &apos;return&apos;."><![CDATA[line 272, col 14, Error - Unnecessary &apos;else&apos; after &apos;return&apos;. (no-else-return)]]></failure></testcase>
<testcase time="0" name="org.eslint.linebreak-style" classname="C:\work\dyrectorio\web\crux-ui\src\server\crux\deployment-service"><failure message="Expected linebreaks to be &apos;LF&apos; but found &apos;CRLF&apos;."><![CDATA[line 272, col 40, Error - Expected linebreaks to be &apos;LF&apos; but found &apos;CRLF&apos;. (linebreak-style)]]></failure></testcase>
<testcase time="0" name="org.eslint.linebreak-style" classname="C:\work\dyrectorio\web\crux-ui\src\server\crux\deployment-service"><failure message="Expected linebreaks to be &apos;LF&apos; but found &apos;CRLF&apos;."><![CDATA[line 273, col 17, Error - Expected linebreaks to be &apos;LF&apos; but found &apos;CRLF&apos;. (linebreak-style)]]></failure></testcase>
<testcase time="0" name="org.eslint.linebreak-style" classname="C:\work\dyrectorio\web\crux-ui\src\server\crux\deployment-service"><failure message="Expected linebreaks to be &apos;LF&apos; but found &apos;CRLF&apos;."><![CDATA[line 274, col 39, Error - Expected linebreaks to be &apos;LF&apos; but found &apos;CRLF&apos;. (linebreak-style)]]></failure></testcase>
<testcase time="0" name="org.eslint.linebreak-style" classname="C:\work\dyrectorio\web\crux-ui\src\server\crux\deployment-service"><failure message="Expected linebreaks to be &apos;LF&apos; but found &apos;CRLF&apos;."><![CDATA[line 275, col 21, Error - Expected linebreaks to be &apos;LF&apos; but found &apos;CRLF&apos;. (linebreak-style)]]></failure></testcase>
<testcase time="0" name="org.eslint.linebreak-style" classname="C:\work\dyrectorio\web\crux-ui\src\server\crux\deployment-service"><failure message="Expected linebreaks to be &apos;LF&apos; but found &apos;CRLF&apos;."><![CDATA[line 276, col 42, Error - Expected linebreaks to be &apos;LF&apos; but found &apos;CRLF&apos;. (linebreak-style)]]></failure></testcase>
<testcase time="0" name="org.eslint.linebreak-style" classname="C:\work\dyrectorio\web\crux-ui\src\server\crux\deployment-service"><failure message="Expected linebreaks to be &apos;LF&apos; but found &apos;CRLF&apos;."><![CDATA[line 277, col 36, Error - Expected linebreaks to be &apos;LF&apos; but found &apos;CRLF&apos;. (linebreak-style)]]></failure></testcase>
<testcase time="0" name="org.eslint.linebreak-style" classname="C:\work\dyrectorio\web\crux-ui\src\server\crux\deployment-service"><failure message="Expected linebreaks to be &apos;LF&apos; but found &apos;CRLF&apos;."><![CDATA[line 278, col 51, Error - Expected linebreaks to be &apos;LF&apos; but found &apos;CRLF&apos;. (linebreak-style)]]></failure></testcase>
<testcase time="0" name="org.eslint.semi" classname="C:\work\dyrectorio\web\crux-ui\src\server\crux\deployment-service"><failure message="Missing semicolon."><![CDATA[line 278, col 51, Error - Missing semicolon. (semi)]]></failure></testcase>
<testcase time="0" name="org.eslint.linebreak-style" classname="C:\work\dyrectorio\web\crux-ui\src\server\crux\deployment-service"><failure message="Expected linebreaks to be &apos;LF&apos; but found &apos;CRLF&apos;."><![CDATA[line 279, col 15, Error - Expected linebreaks to be &apos;LF&apos; but found &apos;CRLF&apos;. (linebreak-style)]]></failure></testcase>
<testcase time="0" name="org.eslint.linebreak-style" classname="C:\work\dyrectorio\web\crux-ui\src\server\crux\deployment-service"><failure message="Expected linebreaks to be &apos;LF&apos; but found &apos;CRLF&apos;."><![CDATA[line 280, col 64, Error - Expected linebreaks to be &apos;LF&apos; but found &apos;CRLF&apos;. (linebreak-style)]]></failure></testcase>
<testcase time="0" name="org.eslint.semi" classname="C:\work\dyrectorio\web\crux-ui\src\server\crux\deployment-service"><failure message="Missing semicolon."><![CDATA[line 280, col 64, Error - Missing semicolon. (semi)]]></failure></testcase>
<testcase time="0" name="org.eslint.linebreak-style" classname="C:\work\dyrectorio\web\crux-ui\src\server\crux\deployment-service"><failure message="Expected linebreaks to be &apos;LF&apos; but found &apos;CRLF&apos;."><![CDATA[line 281, col 25, Error - Expected linebreaks to be &apos;LF&apos; but found &apos;CRLF&apos;. (linebreak-style)]]></failure></testcase>
<testcase time="0" name="org.eslint.semi" classname="C:\work\dyrectorio\web\crux-ui\src\server\crux\deployment-service"><failure message="Missing semicolon."><![CDATA[line 281, col 25, Error - Missing semicolon. (semi)]]></failure></testcase>
<testcase time="0" name="org.eslint.linebreak-style" classname="C:\work\dyrectorio\web\crux-ui\src\server\crux\deployment-service"><failure message="Expected linebreaks to be &apos;LF&apos; but found &apos;CRLF&apos;."><![CDATA[line 282, col 8, Error - Expected linebreaks to be &apos;LF&apos; but found &apos;CRLF&apos;. (linebreak-style)]]></failure></testcase>
<testcase time="0" name="org.eslint.linebreak-style" classname="C:\work\dyrectorio\web\crux-ui\src\server\crux\deployment-service"><failure message="Expected linebreaks to be &apos;LF&apos; but found &apos;CRLF&apos;."><![CDATA[line 283, col 6, Error - Expected linebreaks to be &apos;LF&apos; but found &apos;CRLF&apos;. (linebreak-style)]]></failure></testcase>
<testcase time="0" name="org.eslint.semi" classname="C:\work\dyrectorio\web\crux-ui\src\server\crux\deployment-service"><failure message="Missing semicolon."><![CDATA[line 283, col 6, Error - Missing semicolon. (semi)]]></failure></testcase>
<testcase time="0" name="org.eslint.linebreak-style" classname="C:\work\dyrectorio\web\crux-ui\src\server\crux\deployment-service"><failure message="Expected linebreaks to be &apos;LF&apos; but found &apos;CRLF&apos;."><![CDATA[line 284, col 1, Error - Expected linebreaks to be &apos;LF&apos; but found &apos;CRLF&apos;. (linebreak-style)]]></failure></testcase>
<testcase time="0" name="org.eslint.linebreak-style" classname="C:\work\dyrectorio\web\crux-ui\src\server\crux\deployment-service"><failure message="Expected linebreaks to be &apos;LF&apos; but found &apos;CRLF&apos;."><![CDATA[line 285, col 94, Error - Expected linebreaks to be &apos;LF&apos; but found &apos;CRLF&apos;. (linebreak-style)]]></failure></testcase>
<testcase time="0" name="org.eslint.semi" classname="C:\work\dyrectorio\web\crux-ui\src\server\crux\deployment-service"><failure message="Missing semicolon."><![CDATA[line 285, col 94, Error - Missing semicolon. (semi)]]></failure></testcase>
<testcase time="0" name="org.eslint.linebreak-style" classname="C:\work\dyrectorio\web\crux-ui\src\server\crux\deployment-service"><failure message="Expected linebreaks to be &apos;LF&apos; but found &apos;CRLF&apos;."><![CDATA[line 286, col 94, Error - Expected linebreaks to be &apos;LF&apos; but found &apos;CRLF&apos;. (linebreak-style)]]></failure></testcase>
<testcase time="0" name="org.eslint.semi" classname="C:\work\dyrectorio\web\crux-ui\src\server\crux\deployment-service"><failure message="Missing semicolon."><![CDATA[line 286, col 94, Error - Missing semicolon. (semi)]]></failure></testcase>
<testcase time="0" name="org.eslint.linebreak-style" classname="C:\work\dyrectorio\web\crux-ui\src\server\crux\deployment-service"><failure message="Expected linebreaks to be &apos;LF&apos; but found &apos;CRLF&apos;."><![CDATA[line 287, col 4, Error - Expected linebreaks to be &apos;LF&apos; but found &apos;CRLF&apos;. (linebreak-style)]]></failure></testcase>
<testcase time="0" name="org.eslint.linebreak-style" classname="C:\work\dyrectorio\web\crux-ui\src\server\crux\deployment-service"><failure message="Expected linebreaks to be &apos;LF&apos; but found &apos;CRLF&apos;."><![CDATA[line 288, col 2, Error - Expected linebreaks to be &apos;LF&apos; but found &apos;CRLF&apos;. (linebreak-style)]]></failure></testcase>
<testcase time="0" name="org.eslint.linebreak-style" classname="C:\work\dyrectorio\web\crux-ui\src\server\crux\deployment-service"><failure message="Expected linebreaks to be &apos;LF&apos; but found &apos;CRLF&apos;."><![CDATA[line 289, col 1, Error - Expected linebreaks to be &apos;LF&apos; but found &apos;CRLF&apos;. (linebreak-style)]]></failure></testcase>
<testcase time="0" name="org.eslint.linebreak-style" classname="C:\work\dyrectorio\web\crux-ui\src\server\crux\deployment-service"><failure message="Expected linebreaks to be &apos;LF&apos; but found &apos;CRLF&apos;."><![CDATA[line 290, col 36, Error - Expected linebreaks to be &apos;LF&apos; but found &apos;CRLF&apos;. (linebreak-style)]]></failure></testcase>
<testcase time="0" name="org.eslint.semi" classname="C:\work\dyrectorio\web\crux-ui\src\server\crux\deployment-service"><failure message="Missing semicolon."><![CDATA[line 290, col 36, Error - Missing semicolon. (semi)]]></failure></testcase>
<testcase time="0" name="org.eslint.linebreak-style" classname="C:\work\dyrectorio\web\crux-ui\src\server\crux\deployment-service"><failure message="Expected linebreaks to be &apos;LF&apos; but found &apos;CRLF&apos;."><![CDATA[line 291, col 1, Error - Expected linebreaks to be &apos;LF&apos; but found &apos;CRLF&apos;. (linebreak-style)]]></failure></testcase>
<testcase time="0" name="org.eslint.linebreak-style" classname="C:\work\dyrectorio\web\crux-ui\src\server\crux\deployment-service"><failure message="Expected linebreaks to be &apos;LF&apos; but found &apos;CRLF&apos;."><![CDATA[line 292, col 90, Error - Expected linebreaks to be &apos;LF&apos; but found &apos;CRLF&apos;. (linebreak-style)]]></failure></testcase>
<testcase time="0" name="org.eslint.implicit-arrow-linebreak" classname="C:\work\dyrectorio\web\crux-ui\src\server\crux\deployment-service"><failure message="Expected no linebreak before this expression."><![CDATA[line 293, col 3, Error - Expected no linebreak before this expression. (implicit-arrow-linebreak)]]></failure></testcase>
<testcase time="0" name="org.eslint.linebreak-style" classname="C:\work\dyrectorio\web\crux-ui\src\server\crux\deployment-service"><failure message="Expected linebreaks to be &apos;LF&apos; but found &apos;CRLF&apos;."><![CDATA[line 293, col 73, Error - Expected linebreaks to be &apos;LF&apos; but found &apos;CRLF&apos;. (linebreak-style)]]></failure></testcase>
<testcase time="0" name="org.eslint.semi" classname="C:\work\dyrectorio\web\crux-ui\src\server\crux\deployment-service"><failure message="Missing semicolon."><![CDATA[line 293, col 73, Error - Missing semicolon. (semi)]]></failure></testcase>
<testcase time="0" name="org.eslint.linebreak-style" classname="C:\work\dyrectorio\web\crux-ui\src\server\crux\deployment-service"><failure message="Expected linebreaks to be &apos;LF&apos; but found &apos;CRLF&apos;."><![CDATA[line 294, col 1, Error - Expected linebreaks to be &apos;LF&apos; but found &apos;CRLF&apos;. (linebreak-style)]]></failure></testcase>
<testcase time="0" name="org.eslint.linebreak-style" classname="C:\work\dyrectorio\web\crux-ui\src\server\crux\deployment-service"><failure message="Expected linebreaks to be &apos;LF&apos; but found &apos;CRLF&apos;."><![CDATA[line 295, col 99, Error - Expected linebreaks to be &apos;LF&apos; but found &apos;CRLF&apos;. (linebreak-style)]]></failure></testcase>
<testcase time="0" name="org.eslint.linebreak-style" classname="C:\work\dyrectorio\web\crux-ui\src\server\crux\deployment-service"><failure message="Expected linebreaks to be &apos;LF&apos; but found &apos;CRLF&apos;."><![CDATA[line 296, col 18, Error - Expected linebreaks to be &apos;LF&apos; but found &apos;CRLF&apos;. (linebreak-style)]]></failure></testcase>
<testcase time="0" name="org.eslint.linebreak-style" classname="C:\work\dyrectorio\web\crux-ui\src\server\crux\deployment-service"><failure message="Expected linebreaks to be &apos;LF&apos; but found &apos;CRLF&apos;."><![CDATA[line 297, col 50, Error - Expected linebreaks to be &apos;LF&apos; but found &apos;CRLF&apos;. (linebreak-style)]]></failure></testcase>
<testcase time="0" name="org.eslint.linebreak-style" classname="C:\work\dyrectorio\web\crux-ui\src\server\crux\deployment-service"><failure message="Expected linebreaks to be &apos;LF&apos; but found &apos;CRLF&apos;."><![CDATA[line 298, col 19, Error - Expected linebreaks to be &apos;LF&apos; but found &apos;CRLF&apos;. (linebreak-style)]]></failure></testcase>
<testcase time="0" name="org.eslint.semi" classname="C:\work\dyrectorio\web\crux-ui\src\server\crux\deployment-service"><failure message="Missing semicolon."><![CDATA[line 298, col 19, Error - Missing semicolon. (semi)]]></failure></testcase>
<testcase time="0" name="org.eslint.linebreak-style" classname="C:\work\dyrectorio\web\crux-ui\src\server\crux\deployment-service"><failure message="Expected linebreaks to be &apos;LF&apos; but found &apos;CRLF&apos;."><![CDATA[line 299, col 52, Error - Expected linebreaks to be &apos;LF&apos; but found &apos;CRLF&apos;. (linebreak-style)]]></failure></testcase>
<testcase time="0" name="org.eslint.linebreak-style" classname="C:\work\dyrectorio\web\crux-ui\src\server\crux\deployment-service"><failure message="Expected linebreaks to be &apos;LF&apos; but found &apos;CRLF&apos;."><![CDATA[line 300, col 31, Error - Expected linebreaks to be &apos;LF&apos; but found &apos;CRLF&apos;. (linebreak-style)]]></failure></testcase>
<testcase time="0" name="org.eslint.semi" classname="C:\work\dyrectorio\web\crux-ui\src\server\crux\deployment-service"><failure message="Missing semicolon."><![CDATA[line 300, col 31, Error - Missing semicolon. (semi)]]></failure></testcase>
<testcase time="0" name="org.eslint.linebreak-style" classname="C:\work\dyrectorio\web\crux-ui\src\server\crux\deployment-service"><failure message="Expected linebreaks to be &apos;LF&apos; but found &apos;CRLF&apos;."><![CDATA[line 301, col 53, Error - Expected linebreaks to be &apos;LF&apos; but found &apos;CRLF&apos;. (linebreak-style)]]></failure></testcase>
<testcase time="0" name="org.eslint.linebreak-style" classname="C:\work\dyrectorio\web\crux-ui\src\server\crux\deployment-service"><failure message="Expected linebreaks to be &apos;LF&apos; but found &apos;CRLF&apos;."><![CDATA[line 302, col 32, Error - Expected linebreaks to be &apos;LF&apos; but found &apos;CRLF&apos;. (linebreak-style)]]></failure></testcase>
<testcase time="0" name="org.eslint.semi" classname="C:\work\dyrectorio\web\crux-ui\src\server\crux\deployment-service"><failure message="Missing semicolon."><![CDATA[line 302, col 32, Error - Missing semicolon. (semi)]]></failure></testcase>
<testcase time="0" name="org.eslint.linebreak-style" classname="C:\work\dyrectorio\web\crux-ui\src\server\crux\deployment-service"><failure message="Expected linebreaks to be &apos;LF&apos; but found &apos;CRLF&apos;."><![CDATA[line 303, col 13, Error - Expected linebreaks to be &apos;LF&apos; but found &apos;CRLF&apos;. (linebreak-style)]]></failure></testcase>
<testcase time="0" name="org.eslint.linebreak-style" classname="C:\work\dyrectorio\web\crux-ui\src\server\crux\deployment-service"><failure message="Expected linebreaks to be &apos;LF&apos; but found &apos;CRLF&apos;."><![CDATA[line 304, col 18, Error - Expected linebreaks to be &apos;LF&apos; but found &apos;CRLF&apos;. (linebreak-style)]]></failure></testcase>
<testcase time="0" name="org.eslint.semi" classname="C:\work\dyrectorio\web\crux-ui\src\server\crux\deployment-service"><failure message="Missing semicolon."><![CDATA[line 304, col 18, Error - Missing semicolon. (semi)]]></failure></testcase>
<testcase time="0" name="org.eslint.linebreak-style" classname="C:\work\dyrectorio\web\crux-ui\src\server\crux\deployment-service"><failure message="Expected linebreaks to be &apos;LF&apos; but found &apos;CRLF&apos;."><![CDATA[line 305, col 4, Error - Expected linebreaks to be &apos;LF&apos; but found &apos;CRLF&apos;. (linebreak-style)]]></failure></testcase>
<testcase time="0" name="org.eslint.linebreak-style" classname="C:\work\dyrectorio\web\crux-ui\src\server\crux\deployment-service"><failure message="Expected linebreaks to be &apos;LF&apos; but found &apos;CRLF&apos;."><![CDATA[line 306, col 2, Error - Expected linebreaks to be &apos;LF&apos; but found &apos;CRLF&apos;. (linebreak-style)]]></failure></testcase>
<testcase time="0" name="org.eslint.semi" classname="C:\work\dyrectorio\web\crux-ui\src\server\crux\deployment-service"><failure message="Missing semicolon."><![CDATA[line 306, col 2, Error - Missing semicolon. (semi)]]></failure></testcase>
<testcase time="0" name="org.eslint.linebreak-style" classname="C:\work\dyrectorio\web\crux-ui\src\server\crux\deployment-service"><failure message="Expected linebreaks to be &apos;LF&apos; but found &apos;CRLF&apos;."><![CDATA[line 307, col 1, Error - Expected linebreaks to be &apos;LF&apos; but found &apos;CRLF&apos;. (linebreak-style)]]></failure></testcase>
<testcase time="0" name="org.eslint.max-len" classname="C:\work\dyrectorio\web\crux-ui\src\server\crux\deployment-service"><failure message="This line has a length of 112. Maximum allowed is 100."><![CDATA[line 308, col 1, Error - This line has a length of 112. Maximum allowed is 100. (max-len)]]></failure></testcase>
<testcase time="0" name="org.eslint.arrow-body-style" classname="C:\work\dyrectorio\web\crux-ui\src\server\crux\deployment-service"><failure message="Unexpected block statement surrounding arrow body; move the returned value immediately after the `=&gt;`."><![CDATA[line 308, col 112, Error - Unexpected block statement surrounding arrow body; move the returned value immediately after the `=&gt;`. (arrow-body-style)]]></failure></testcase>
<testcase time="0" name="org.eslint.linebreak-style" classname="C:\work\dyrectorio\web\crux-ui\src\server\crux\deployment-service"><failure message="Expected linebreaks to be &apos;LF&apos; but found &apos;CRLF&apos;."><![CDATA[line 308, col 113, Error - Expected linebreaks to be &apos;LF&apos; but found &apos;CRLF&apos;. (linebreak-style)]]></failure></testcase>
<testcase time="0" name="org.eslint.linebreak-style" classname="C:\work\dyrectorio\web\crux-ui\src\server\crux\deployment-service"><failure message="Expected linebreaks to be &apos;LF&apos; but found &apos;CRLF&apos;."><![CDATA[line 309, col 17, Error - Expected linebreaks to be &apos;LF&apos; but found &apos;CRLF&apos;. (linebreak-style)]]></failure></testcase>
<testcase time="0" name="org.eslint.linebreak-style" classname="C:\work\dyrectorio\web\crux-ui\src\server\crux\deployment-service"><failure message="Expected linebreaks to be &apos;LF&apos; but found &apos;CRLF&apos;."><![CDATA[line 310, col 11, Error - Expected linebreaks to be &apos;LF&apos; but found &apos;CRLF&apos;. (linebreak-style)]]></failure></testcase>
<testcase time="0" name="org.eslint.linebreak-style" classname="C:\work\dyrectorio\web\crux-ui\src\server\crux\deployment-service"><failure message="Expected linebreaks to be &apos;LF&apos; but found &apos;CRLF&apos;."><![CDATA[line 311, col 8, Error - Expected linebreaks to be &apos;LF&apos; but found &apos;CRLF&apos;. (linebreak-style)]]></failure></testcase>
<testcase time="0" name="org.eslint.indent" classname="C:\work\dyrectorio\web\crux-ui\src\server\crux\deployment-service"><failure message="Expected indentation of 6 spaces but found 8."><![CDATA[line 312, col 1, Error - Expected indentation of 6 spaces but found 8. (indent)]]></failure></testcase>
<testcase time="0" name="org.eslint.linebreak-style" classname="C:\work\dyrectorio\web\crux-ui\src\server\crux\deployment-service"><failure message="Expected linebreaks to be &apos;LF&apos; but found &apos;CRLF&apos;."><![CDATA[line 312, col 19, Error - Expected linebreaks to be &apos;LF&apos; but found &apos;CRLF&apos;. (linebreak-style)]]></failure></testcase>
<testcase time="0" name="org.eslint.indent" classname="C:\work\dyrectorio\web\crux-ui\src\server\crux\deployment-service"><failure message="Expected indentation of 6 spaces but found 8."><![CDATA[line 313, col 1, Error - Expected indentation of 6 spaces but found 8. (indent)]]></failure></testcase>
<testcase time="0" name="org.eslint.linebreak-style" classname="C:\work\dyrectorio\web\crux-ui\src\server\crux\deployment-service"><failure message="Expected linebreaks to be &apos;LF&apos; but found &apos;CRLF&apos;."><![CDATA[line 313, col 61, Error - Expected linebreaks to be &apos;LF&apos; but found &apos;CRLF&apos;. (linebreak-style)]]></failure></testcase>
<testcase time="0" name="org.eslint.indent" classname="C:\work\dyrectorio\web\crux-ui\src\server\crux\deployment-service"><failure message="Expected indentation of 4 spaces but found 6."><![CDATA[line 314, col 1, Error - Expected indentation of 4 spaces but found 6. (indent)]]></failure></testcase>
<testcase time="0" name="org.eslint.linebreak-style" classname="C:\work\dyrectorio\web\crux-ui\src\server\crux\deployment-service"><failure message="Expected linebreaks to be &apos;LF&apos; but found &apos;CRLF&apos;."><![CDATA[line 314, col 8, Error - Expected linebreaks to be &apos;LF&apos; but found &apos;CRLF&apos;. (linebreak-style)]]></failure></testcase>
<testcase time="0" name="org.eslint.semi" classname="C:\work\dyrectorio\web\crux-ui\src\server\crux\deployment-service"><failure message="Missing semicolon."><![CDATA[line 314, col 8, Error - Missing semicolon. (semi)]]></failure></testcase>
<testcase time="0" name="org.eslint.linebreak-style" classname="C:\work\dyrectorio\web\crux-ui\src\server\crux\deployment-service"><failure message="Expected linebreaks to be &apos;LF&apos; but found &apos;CRLF&apos;."><![CDATA[line 315, col 2, Error - Expected linebreaks to be &apos;LF&apos; but found &apos;CRLF&apos;. (linebreak-style)]]></failure></testcase>
<testcase time="0" name="org.eslint.semi" classname="C:\work\dyrectorio\web\crux-ui\src\server\crux\deployment-service"><failure message="Missing semicolon."><![CDATA[line 315, col 2, Error - Missing semicolon. (semi)]]></failure></testcase>
<testcase time="0" name="org.eslint.linebreak-style" classname="C:\work\dyrectorio\web\crux-ui\src\server\crux\deployment-service"><failure message="Expected linebreaks to be &apos;LF&apos; but found &apos;CRLF&apos;."><![CDATA[line 316, col 1, Error - Expected linebreaks to be &apos;LF&apos; but found &apos;CRLF&apos;. (linebreak-style)]]></failure></testcase>
<testcase time="0" name="org.eslint.arrow-body-style" classname="C:\work\dyrectorio\web\crux-ui\src\server\crux\deployment-service"><failure message="Unexpected block statement surrounding arrow body; parenthesize the returned value and move it immediately after the `=&gt;`."><![CDATA[line 317, col 67, Error - Unexpected block statement surrounding arrow body; parenthesize the returned value and move it immediately after the `=&gt;`. (arrow-body-style)]]></failure></testcase>
<testcase time="0" name="org.eslint.linebreak-style" classname="C:\work\dyrectorio\web\crux-ui\src\server\crux\deployment-service"><failure message="Expected linebreaks to be &apos;LF&apos; but found &apos;CRLF&apos;."><![CDATA[line 317, col 68, Error - Expected linebreaks to be &apos;LF&apos; but found &apos;CRLF&apos;. (linebreak-style)]]></failure></testcase>
<testcase time="0" name="org.eslint.linebreak-style" classname="C:\work\dyrectorio\web\crux-ui\src\server\crux\deployment-service"><failure message="Expected linebreaks to be &apos;LF&apos; but found &apos;CRLF&apos;."><![CDATA[line 318, col 11, Error - Expected linebreaks to be &apos;LF&apos; but found &apos;CRLF&apos;. (linebreak-style)]]></failure></testcase>
<testcase time="0" name="org.eslint.linebreak-style" classname="C:\work\dyrectorio\web\crux-ui\src\server\crux\deployment-service"><failure message="Expected linebreaks to be &apos;LF&apos; but found &apos;CRLF&apos;."><![CDATA[line 319, col 12, Error - Expected linebreaks to be &apos;LF&apos; but found &apos;CRLF&apos;. (linebreak-style)]]></failure></testcase>
<testcase time="0" name="org.eslint.linebreak-style" classname="C:\work\dyrectorio\web\crux-ui\src\server\crux\deployment-service"><failure message="Expected linebreaks to be &apos;LF&apos; but found &apos;CRLF&apos;."><![CDATA[line 320, col 34, Error - Expected linebreaks to be &apos;LF&apos; but found &apos;CRLF&apos;. (linebreak-style)]]></failure></testcase>
<testcase time="0" name="org.eslint.linebreak-style" classname="C:\work\dyrectorio\web\crux-ui\src\server\crux\deployment-service"><failure message="Expected linebreaks to be &apos;LF&apos; but found &apos;CRLF&apos;."><![CDATA[line 321, col 63, Error - Expected linebreaks to be &apos;LF&apos; but found &apos;CRLF&apos;. (linebreak-style)]]></failure></testcase>
<testcase time="0" name="org.eslint.linebreak-style" classname="C:\work\dyrectorio\web\crux-ui\src\server\crux\deployment-service"><failure message="Expected linebreaks to be &apos;LF&apos; but found &apos;CRLF&apos;."><![CDATA[line 322, col 64, Error - Expected linebreaks to be &apos;LF&apos; but found &apos;CRLF&apos;. (linebreak-style)]]></failure></testcase>
<testcase time="0" name="org.eslint.linebreak-style" classname="C:\work\dyrectorio\web\crux-ui\src\server\crux\deployment-service"><failure message="Expected linebreaks to be &apos;LF&apos; but found &apos;CRLF&apos;."><![CDATA[line 323, col 16, Error - Expected linebreaks to be &apos;LF&apos; but found &apos;CRLF&apos;. (linebreak-style)]]></failure></testcase>
<testcase time="0" name="org.eslint.semi" classname="C:\work\dyrectorio\web\crux-ui\src\server\crux\deployment-service"><failure message="Missing semicolon."><![CDATA[line 323, col 16, Error - Missing semicolon. (semi)]]></failure></testcase>
<testcase time="0" name="org.eslint.linebreak-style" classname="C:\work\dyrectorio\web\crux-ui\src\server\crux\deployment-service"><failure message="Expected linebreaks to be &apos;LF&apos; but found &apos;CRLF&apos;."><![CDATA[line 324, col 2, Error - Expected linebreaks to be &apos;LF&apos; but found &apos;CRLF&apos;. (linebreak-style)]]></failure></testcase>
<testcase time="0" name="org.eslint.semi" classname="C:\work\dyrectorio\web\crux-ui\src\server\crux\deployment-service"><failure message="Missing semicolon."><![CDATA[line 324, col 2, Error - Missing semicolon. (semi)]]></failure></testcase>
</testsuite>
<testsuite package="org.eslint" time="0" tests="246" errors="246" name="C:\work\dyrectorio\web\crux-ui\src\server\crux\grpc-connection.ts">
<testcase time="0" name="org.eslint.linebreak-style" classname="C:\work\dyrectorio\web\crux-ui\src\server\crux\grpc-connection"><failure message="Expected linebreaks to be &apos;LF&apos; but found &apos;CRLF&apos;."><![CDATA[line 1, col 59, Error - Expected linebreaks to be &apos;LF&apos; but found &apos;CRLF&apos;. (linebreak-style)]]></failure></testcase>
<testcase time="0" name="org.eslint.semi" classname="C:\work\dyrectorio\web\crux-ui\src\server\crux\grpc-connection"><failure message="Missing semicolon."><![CDATA[line 1, col 59, Error - Missing semicolon. (semi)]]></failure></testcase>
<testcase time="0" name="org.eslint.linebreak-style" classname="C:\work\dyrectorio\web\crux-ui\src\server\crux\grpc-connection"><failure message="Expected linebreaks to be &apos;LF&apos; but found &apos;CRLF&apos;."><![CDATA[line 2, col 37, Error - Expected linebreaks to be &apos;LF&apos; but found &apos;CRLF&apos;. (linebreak-style)]]></failure></testcase>
<testcase time="0" name="org.eslint.semi" classname="C:\work\dyrectorio\web\crux-ui\src\server\crux\grpc-connection"><failure message="Missing semicolon."><![CDATA[line 2, col 37, Error - Missing semicolon. (semi)]]></failure></testcase>
<testcase time="0" name="org.eslint.linebreak-style" classname="C:\work\dyrectorio\web\crux-ui\src\server\crux\grpc-connection"><failure message="Expected linebreaks to be &apos;LF&apos; but found &apos;CRLF&apos;."><![CDATA[line 3, col 51, Error - Expected linebreaks to be &apos;LF&apos; but found &apos;CRLF&apos;. (linebreak-style)]]></failure></testcase>
<testcase time="0" name="org.eslint.semi" classname="C:\work\dyrectorio\web\crux-ui\src\server\crux\grpc-connection"><failure message="Missing semicolon."><![CDATA[line 3, col 51, Error - Missing semicolon. (semi)]]></failure></testcase>
<testcase time="0" name="org.eslint.linebreak-style" classname="C:\work\dyrectorio\web\crux-ui\src\server\crux\grpc-connection"><failure message="Expected linebreaks to be &apos;LF&apos; but found &apos;CRLF&apos;."><![CDATA[line 4, col 59, Error - Expected linebreaks to be &apos;LF&apos; but found &apos;CRLF&apos;. (linebreak-style)]]></failure></testcase>
<testcase time="0" name="org.eslint.semi" classname="C:\work\dyrectorio\web\crux-ui\src\server\crux\grpc-connection"><failure message="Missing semicolon."><![CDATA[line 4, col 59, Error - Missing semicolon. (semi)]]></failure></testcase>
<testcase time="0" name="org.eslint.linebreak-style" classname="C:\work\dyrectorio\web\crux-ui\src\server\crux\grpc-connection"><failure message="Expected linebreaks to be &apos;LF&apos; but found &apos;CRLF&apos;."><![CDATA[line 5, col 73, Error - Expected linebreaks to be &apos;LF&apos; but found &apos;CRLF&apos;. (linebreak-style)]]></failure></testcase>
<testcase time="0" name="org.eslint.semi" classname="C:\work\dyrectorio\web\crux-ui\src\server\crux\grpc-connection"><failure message="Missing semicolon."><![CDATA[line 5, col 73, Error - Missing semicolon. (semi)]]></failure></testcase>
<testcase time="0" name="org.eslint.linebreak-style" classname="C:\work\dyrectorio\web\crux-ui\src\server\crux\grpc-connection"><failure message="Expected linebreaks to be &apos;LF&apos; but found &apos;CRLF&apos;."><![CDATA[line 6, col 33, Error - Expected linebreaks to be &apos;LF&apos; but found &apos;CRLF&apos;. (linebreak-style)]]></failure></testcase>
<testcase time="0" name="org.eslint.semi" classname="C:\work\dyrectorio\web\crux-ui\src\server\crux\grpc-connection"><failure message="Missing semicolon."><![CDATA[line 6, col 33, Error - Missing semicolon. (semi)]]></failure></testcase>
<testcase time="0" name="org.eslint.linebreak-style" classname="C:\work\dyrectorio\web\crux-ui\src\server\crux\grpc-connection"><failure message="Expected linebreaks to be &apos;LF&apos; but found &apos;CRLF&apos;."><![CDATA[line 7, col 1, Error - Expected linebreaks to be &apos;LF&apos; but found &apos;CRLF&apos;. (linebreak-style)]]></failure></testcase>
<testcase time="0" name="org.eslint.linebreak-style" classname="C:\work\dyrectorio\web\crux-ui\src\server\crux\grpc-connection"><failure message="Expected linebreaks to be &apos;LF&apos; but found &apos;CRLF&apos;."><![CDATA[line 8, col 59, Error - Expected linebreaks to be &apos;LF&apos; but found &apos;CRLF&apos;. (linebreak-style)]]></failure></testcase>
<testcase time="0" name="org.eslint.linebreak-style" classname="C:\work\dyrectorio\web\crux-ui\src\server\crux\grpc-connection"><failure message="Expected linebreaks to be &apos;LF&apos; but found &apos;CRLF&apos;."><![CDATA[line 9, col 31, Error - Expected linebreaks to be &apos;LF&apos; but found &apos;CRLF&apos;. (linebreak-style)]]></failure></testcase>
<testcase time="0" name="org.eslint.linebreak-style" classname="C:\work\dyrectorio\web\crux-ui\src\server\crux\grpc-connection"><failure message="Expected linebreaks to be &apos;LF&apos; but found &apos;CRLF&apos;."><![CDATA[line 10, col 47, Error - Expected linebreaks to be &apos;LF&apos; but found &apos;CRLF&apos;. (linebreak-style)]]></failure></testcase>
<testcase time="0" name="org.eslint.linebreak-style" classname="C:\work\dyrectorio\web\crux-ui\src\server\crux\grpc-connection"><failure message="Expected linebreaks to be &apos;LF&apos; but found &apos;CRLF&apos;."><![CDATA[line 11, col 23, Error - Expected linebreaks to be &apos;LF&apos; but found &apos;CRLF&apos;. (linebreak-style)]]></failure></testcase>
<testcase time="0" name="org.eslint.linebreak-style" classname="C:\work\dyrectorio\web\crux-ui\src\server\crux\grpc-connection"><failure message="Expected linebreaks to be &apos;LF&apos; but found &apos;CRLF&apos;."><![CDATA[line 12, col 2, Error - Expected linebreaks to be &apos;LF&apos; but found &apos;CRLF&apos;. (linebreak-style)]]></failure></testcase>
<testcase time="0" name="org.eslint.linebreak-style" classname="C:\work\dyrectorio\web\crux-ui\src\server\crux\grpc-connection"><failure message="Expected linebreaks to be &apos;LF&apos; but found &apos;CRLF&apos;."><![CDATA[line 13, col 1, Error - Expected linebreaks to be &apos;LF&apos; but found &apos;CRLF&apos;. (linebreak-style)]]></failure></testcase>
<testcase time="0" name="org.eslint.linebreak-style" classname="C:\work\dyrectorio\web\crux-ui\src\server\crux\grpc-connection"><failure message="Expected linebreaks to be &apos;LF&apos; but found &apos;CRLF&apos;."><![CDATA[line 14, col 51, Error - Expected linebreaks to be &apos;LF&apos; but found &apos;CRLF&apos;. (linebreak-style)]]></failure></testcase>
<testcase time="0" name="org.eslint.linebreak-style" classname="C:\work\dyrectorio\web\crux-ui\src\server\crux\grpc-connection"><failure message="Expected linebreaks to be &apos;LF&apos; but found &apos;CRLF&apos;."><![CDATA[line 15, col 47, Error - Expected linebreaks to be &apos;LF&apos; but found &apos;CRLF&apos;. (linebreak-style)]]></failure></testcase>
<testcase time="0" name="org.eslint.semi" classname="C:\work\dyrectorio\web\crux-ui\src\server\crux\grpc-connection"><failure message="Missing semicolon."><![CDATA[line 15, col 47, Error - Missing semicolon. (semi)]]></failure></testcase>
<testcase time="0" name="org.eslint.lines-between-class-members" classname="C:\work\dyrectorio\web\crux-ui\src\server\crux\grpc-connection"><failure message="Expected blank line between class members."><![CDATA[line 16, col 3, Error - Expected blank line between class members. (lines-between-class-members)]]></failure></testcase>
<testcase time="0" name="org.eslint.linebreak-style" classname="C:\work\dyrectorio\web\crux-ui\src\server\crux\grpc-connection"><failure message="Expected linebreaks to be &apos;LF&apos; but found &apos;CRLF&apos;."><![CDATA[line 16, col 29, Error - Expected linebreaks to be &apos;LF&apos; but found &apos;CRLF&apos;. (linebreak-style)]]></failure></testcase>
<testcase time="0" name="org.eslint.semi" classname="C:\work\dyrectorio\web\crux-ui\src\server\crux\grpc-connection"><failure message="Missing semicolon."><![CDATA[line 16, col 29, Error - Missing semicolon. (semi)]]></failure></testcase>
<testcase time="0" name="org.eslint.lines-between-class-members" classname="C:\work\dyrectorio\web\crux-ui\src\server\crux\grpc-connection"><failure message="Expected blank line between class members."><![CDATA[line 17, col 3, Error - Expected blank line between class members. (lines-between-class-members)]]></failure></testcase>
<testcase time="0" name="org.eslint.linebreak-style" classname="C:\work\dyrectorio\web\crux-ui\src\server\crux\grpc-connection"><failure message="Expected linebreaks to be &apos;LF&apos; but found &apos;CRLF&apos;."><![CDATA[line 17, col 27, Error - Expected linebreaks to be &apos;LF&apos; but found &apos;CRLF&apos;. (linebreak-style)]]></failure></testcase>
<testcase time="0" name="org.eslint.semi" classname="C:\work\dyrectorio\web\crux-ui\src\server\crux\grpc-connection"><failure message="Missing semicolon."><![CDATA[line 17, col 27, Error - Missing semicolon. (semi)]]></failure></testcase>
<testcase time="0" name="org.eslint.lines-between-class-members" classname="C:\work\dyrectorio\web\crux-ui\src\server\crux\grpc-connection"><failure message="Expected blank line between class members."><![CDATA[line 18, col 3, Error - Expected blank line between class members. (lines-between-class-members)]]></failure></testcase>
<testcase time="0" name="org.eslint.linebreak-style" classname="C:\work\dyrectorio\web\crux-ui\src\server\crux\grpc-connection"><failure message="Expected linebreaks to be &apos;LF&apos; but found &apos;CRLF&apos;."><![CDATA[line 18, col 36, Error - Expected linebreaks to be &apos;LF&apos; but found &apos;CRLF&apos;. (linebreak-style)]]></failure></testcase>
<testcase time="0" name="org.eslint.semi" classname="C:\work\dyrectorio\web\crux-ui\src\server\crux\grpc-connection"><failure message="Missing semicolon."><![CDATA[line 18, col 36, Error - Missing semicolon. (semi)]]></failure></testcase>
<testcase time="0" name="org.eslint.linebreak-style" classname="C:\work\dyrectorio\web\crux-ui\src\server\crux\grpc-connection"><failure message="Expected linebreaks to be &apos;LF&apos; but found &apos;CRLF&apos;."><![CDATA[line 19, col 1, Error - Expected linebreaks to be &apos;LF&apos; but found &apos;CRLF&apos;. (linebreak-style)]]></failure></testcase>
<testcase time="0" name="org.eslint.linebreak-style" classname="C:\work\dyrectorio\web\crux-ui\src\server\crux\grpc-connection"><failure message="Expected linebreaks to be &apos;LF&apos; but found &apos;CRLF&apos;."><![CDATA[line 20, col 15, Error - Expected linebreaks to be &apos;LF&apos; but found &apos;CRLF&apos;. (linebreak-style)]]></failure></testcase>
<testcase time="0" name="org.eslint.linebreak-style" classname="C:\work\dyrectorio\web\crux-ui\src\server\crux\grpc-connection"><failure message="Expected linebreaks to be &apos;LF&apos; but found &apos;CRLF&apos;."><![CDATA[line 21, col 37, Error - Expected linebreaks to be &apos;LF&apos; but found &apos;CRLF&apos;. (linebreak-style)]]></failure></testcase>
<testcase time="0" name="org.eslint.linebreak-style" classname="C:\work\dyrectorio\web\crux-ui\src\server\crux\grpc-connection"><failure message="Expected linebreaks to be &apos;LF&apos; but found &apos;CRLF&apos;."><![CDATA[line 22, col 63, Error - Expected linebreaks to be &apos;LF&apos; but found &apos;CRLF&apos;. (linebreak-style)]]></failure></testcase>
<testcase time="0" name="org.eslint.linebreak-style" classname="C:\work\dyrectorio\web\crux-ui\src\server\crux\grpc-connection"><failure message="Expected linebreaks to be &apos;LF&apos; but found &apos;CRLF&apos;."><![CDATA[line 23, col 48, Error - Expected linebreaks to be &apos;LF&apos; but found &apos;CRLF&apos;. (linebreak-style)]]></failure></testcase>
<testcase time="0" name="org.eslint.linebreak-style" classname="C:\work\dyrectorio\web\crux-ui\src\server\crux\grpc-connection"><failure message="Expected linebreaks to be &apos;LF&apos; but found &apos;CRLF&apos;."><![CDATA[line 24, col 59, Error - Expected linebreaks to be &apos;LF&apos; but found &apos;CRLF&apos;. (linebreak-style)]]></failure></testcase>
<testcase time="0" name="org.eslint.linebreak-style" classname="C:\work\dyrectorio\web\crux-ui\src\server\crux\grpc-connection"><failure message="Expected linebreaks to be &apos;LF&apos; but found &apos;CRLF&apos;."><![CDATA[line 25, col 6, Error - Expected linebreaks to be &apos;LF&apos; but found &apos;CRLF&apos;. (linebreak-style)]]></failure></testcase>
<testcase time="0" name="org.eslint.linebreak-style" classname="C:\work\dyrectorio\web\crux-ui\src\server\crux\grpc-connection"><failure message="Expected linebreaks to be &apos;LF&apos; but found &apos;CRLF&apos;."><![CDATA[line 26, col 19, Error - Expected linebreaks to be &apos;LF&apos; but found &apos;CRLF&apos;. (linebreak-style)]]></failure></testcase>
<testcase time="0" name="org.eslint.semi" classname="C:\work\dyrectorio\web\crux-ui\src\server\crux\grpc-connection"><failure message="Missing semicolon."><![CDATA[line 26, col 19, Error - Missing semicolon. (semi)]]></failure></testcase>
<testcase time="0" name="org.eslint.linebreak-style" classname="C:\work\dyrectorio\web\crux-ui\src\server\crux\grpc-connection"><failure message="Expected linebreaks to be &apos;LF&apos; but found &apos;CRLF&apos;."><![CDATA[line 27, col 4, Error - Expected linebreaks to be &apos;LF&apos; but found &apos;CRLF&apos;. (linebreak-style)]]></failure></testcase>
<testcase time="0" name="org.eslint.linebreak-style" classname="C:\work\dyrectorio\web\crux-ui\src\server\crux\grpc-connection"><failure message="Expected linebreaks to be &apos;LF&apos; but found &apos;CRLF&apos;."><![CDATA[line 28, col 1, Error - Expected linebreaks to be &apos;LF&apos; but found &apos;CRLF&apos;. (linebreak-style)]]></failure></testcase>
<testcase time="0" name="org.eslint.linebreak-style" classname="C:\work\dyrectorio\web\crux-ui\src\server\crux\grpc-connection"><failure message="Expected linebreaks to be &apos;LF&apos; but found &apos;CRLF&apos;."><![CDATA[line 29, col 14, Error - Expected linebreaks to be &apos;LF&apos; but found &apos;CRLF&apos;. (linebreak-style)]]></failure></testcase>
<testcase time="0" name="org.eslint.linebreak-style" classname="C:\work\dyrectorio\web\crux-ui\src\server\crux\grpc-connection"><failure message="Expected linebreaks to be &apos;LF&apos; but found &apos;CRLF&apos;."><![CDATA[line 30, col 42, Error - Expected linebreaks to be &apos;LF&apos; but found &apos;CRLF&apos;. (linebreak-style)]]></failure></testcase>
<testcase time="0" name="org.eslint.linebreak-style" classname="C:\work\dyrectorio\web\crux-ui\src\server\crux\grpc-connection"><failure message="Expected linebreaks to be &apos;LF&apos; but found &apos;CRLF&apos;."><![CDATA[line 31, col 53, Error - Expected linebreaks to be &apos;LF&apos; but found &apos;CRLF&apos;. (linebreak-style)]]></failure></testcase>
<testcase time="0" name="org.eslint.semi" classname="C:\work\dyrectorio\web\crux-ui\src\server\crux\grpc-connection"><failure message="Missing semicolon."><![CDATA[line 31, col 53, Error - Missing semicolon. (semi)]]></failure></testcase>
<testcase time="0" name="org.eslint.linebreak-style" classname="C:\work\dyrectorio\web\crux-ui\src\server\crux\grpc-connection"><failure message="Expected linebreaks to be &apos;LF&apos; but found &apos;CRLF&apos;."><![CDATA[line 32, col 13, Error - Expected linebreaks to be &apos;LF&apos; but found &apos;CRLF&apos;. (linebreak-style)]]></failure></testcase>
<testcase time="0" name="org.eslint.semi" classname="C:\work\dyrectorio\web\crux-ui\src\server\crux\grpc-connection"><failure message="Missing semicolon."><![CDATA[line 32, col 13, Error - Missing semicolon. (semi)]]></failure></testcase>
<testcase time="0" name="org.eslint.linebreak-style" classname="C:\work\dyrectorio\web\crux-ui\src\server\crux\grpc-connection"><failure message="Expected linebreaks to be &apos;LF&apos; but found &apos;CRLF&apos;."><![CDATA[line 33, col 6, Error - Expected linebreaks to be &apos;LF&apos; but found &apos;CRLF&apos;. (linebreak-style)]]></failure></testcase>
<testcase time="0" name="org.eslint.linebreak-style" classname="C:\work\dyrectorio\web\crux-ui\src\server\crux\grpc-connection"><failure message="Expected linebreaks to be &apos;LF&apos; but found &apos;CRLF&apos;."><![CDATA[line 34, col 1, Error - Expected linebreaks to be &apos;LF&apos; but found &apos;CRLF&apos;. (linebreak-style)]]></failure></testcase>
<testcase time="0" name="org.eslint.linebreak-style" classname="C:\work\dyrectorio\web\crux-ui\src\server\crux\grpc-connection"><failure message="Expected linebreaks to be &apos;LF&apos; but found &apos;CRLF&apos;."><![CDATA[line 35, col 41, Error - Expected linebreaks to be &apos;LF&apos; but found &apos;CRLF&apos;. (linebreak-style)]]></failure></testcase>
<testcase time="0" name="org.eslint.semi" classname="C:\work\dyrectorio\web\crux-ui\src\server\crux\grpc-connection"><failure message="Missing semicolon."><![CDATA[line 35, col 41, Error - Missing semicolon. (semi)]]></failure></testcase>
<testcase time="0" name="org.eslint.linebreak-style" classname="C:\work\dyrectorio\web\crux-ui\src\server\crux\grpc-connection"><failure message="Expected linebreaks to be &apos;LF&apos; but found &apos;CRLF&apos;."><![CDATA[line 36, col 1, Error - Expected linebreaks to be &apos;LF&apos; but found &apos;CRLF&apos;. (linebreak-style)]]></failure></testcase>
<testcase time="0" name="org.eslint.linebreak-style" classname="C:\work\dyrectorio\web\crux-ui\src\server\crux\grpc-connection"><failure message="Expected linebreaks to be &apos;LF&apos; but found &apos;CRLF&apos;."><![CDATA[line 37, col 27, Error - Expected linebreaks to be &apos;LF&apos; but found &apos;CRLF&apos;. (linebreak-style)]]></failure></testcase>
<testcase time="0" name="org.eslint.semi" classname="C:\work\dyrectorio\web\crux-ui\src\server\crux\grpc-connection"><failure message="Missing semicolon."><![CDATA[line 37, col 27, Error - Missing semicolon. (semi)]]></failure></testcase>
<testcase time="0" name="org.eslint.linebreak-style" classname="C:\work\dyrectorio\web\crux-ui\src\server\crux\grpc-connection"><failure message="Expected linebreaks to be &apos;LF&apos; but found &apos;CRLF&apos;."><![CDATA[line 38, col 44, Error - Expected linebreaks to be &apos;LF&apos; but found &apos;CRLF&apos;. (linebreak-style)]]></failure></testcase>
<testcase time="0" name="org.eslint.semi" classname="C:\work\dyrectorio\web\crux-ui\src\server\crux\grpc-connection"><failure message="Missing semicolon."><![CDATA[line 38, col 44, Error - Missing semicolon. (semi)]]></failure></testcase>
<testcase time="0" name="org.eslint.linebreak-style" classname="C:\work\dyrectorio\web\crux-ui\src\server\crux\grpc-connection"><failure message="Expected linebreaks to be &apos;LF&apos; but found &apos;CRLF&apos;."><![CDATA[line 39, col 1, Error - Expected linebreaks to be &apos;LF&apos; but found &apos;CRLF&apos;. (linebreak-style)]]></failure></testcase>
<testcase time="0" name="org.eslint.linebreak-style" classname="C:\work\dyrectorio\web\crux-ui\src\server\crux\grpc-connection"><failure message="Expected linebreaks to be &apos;LF&apos; but found &apos;CRLF&apos;."><![CDATA[line 40, col 30, Error - Expected linebreaks to be &apos;LF&apos; but found &apos;CRLF&apos;. (linebreak-style)]]></failure></testcase>
<testcase time="0" name="org.eslint.semi" classname="C:\work\dyrectorio\web\crux-ui\src\server\crux\grpc-connection"><failure message="Missing semicolon."><![CDATA[line 40, col 30, Error - Missing semicolon. (semi)]]></failure></testcase>
<testcase time="0" name="org.eslint.linebreak-style" classname="C:\work\dyrectorio\web\crux-ui\src\server\crux\grpc-connection"><failure message="Expected linebreaks to be &apos;LF&apos; but found &apos;CRLF&apos;."><![CDATA[line 41, col 1, Error - Expected linebreaks to be &apos;LF&apos; but found &apos;CRLF&apos;. (linebreak-style)]]></failure></testcase>
<testcase time="0" name="org.eslint.arrow-parens" classname="C:\work\dyrectorio\web\crux-ui\src\server\crux\grpc-connection"><failure message="Expected parentheses around arrow function argument."><![CDATA[line 42, col 20, Error - Expected parentheses around arrow function argument. (arrow-parens)]]></failure></testcase>
<testcase time="0" name="org.eslint.linebreak-style" classname="C:\work\dyrectorio\web\crux-ui\src\server\crux\grpc-connection"><failure message="Expected linebreaks to be &apos;LF&apos; but found &apos;CRLF&apos;."><![CDATA[line 42, col 41, Error - Expected linebreaks to be &apos;LF&apos; but found &apos;CRLF&apos;. (linebreak-style)]]></failure></testcase>
<testcase time="0" name="org.eslint.semi" classname="C:\work\dyrectorio\web\crux-ui\src\server\crux\grpc-connection"><failure message="Missing semicolon."><![CDATA[line 42, col 41, Error - Missing semicolon. (semi)]]></failure></testcase>
<testcase time="0" name="org.eslint.arrow-parens" classname="C:\work\dyrectorio\web\crux-ui\src\server\crux\grpc-connection"><failure message="Expected parentheses around arrow function argument."><![CDATA[line 43, col 22, Error - Expected parentheses around arrow function argument. (arrow-parens)]]></failure></testcase>
<testcase time="0" name="org.eslint.linebreak-style" classname="C:\work\dyrectorio\web\crux-ui\src\server\crux\grpc-connection"><failure message="Expected linebreaks to be &apos;LF&apos; but found &apos;CRLF&apos;."><![CDATA[line 43, col 45, Error - Expected linebreaks to be &apos;LF&apos; but found &apos;CRLF&apos;. (linebreak-style)]]></failure></testcase>
<testcase time="0" name="org.eslint.semi" classname="C:\work\dyrectorio\web\crux-ui\src\server\crux\grpc-connection"><failure message="Missing semicolon."><![CDATA[line 43, col 45, Error - Missing semicolon. (semi)]]></failure></testcase>
<testcase time="0" name="org.eslint.arrow-parens" classname="C:\work\dyrectorio\web\crux-ui\src\server\crux\grpc-connection"><failure message="Expected parentheses around arrow function argument."><![CDATA[line 44, col 21, Error - Expected parentheses around arrow function argument. (arrow-parens)]]></failure></testcase>
<testcase time="0" name="org.eslint.linebreak-style" classname="C:\work\dyrectorio\web\crux-ui\src\server\crux\grpc-connection"><failure message="Expected linebreaks to be &apos;LF&apos; but found &apos;CRLF&apos;."><![CDATA[line 44, col 43, Error - Expected linebreaks to be &apos;LF&apos; but found &apos;CRLF&apos;. (linebreak-style)]]></failure></testcase>
<testcase time="0" name="org.eslint.semi" classname="C:\work\dyrectorio\web\crux-ui\src\server\crux\grpc-connection"><failure message="Missing semicolon."><![CDATA[line 44, col 43, Error - Missing semicolon. (semi)]]></failure></testcase>
<testcase time="0" name="org.eslint.linebreak-style" classname="C:\work\dyrectorio\web\crux-ui\src\server\crux\grpc-connection"><failure message="Expected linebreaks to be &apos;LF&apos; but found &apos;CRLF&apos;."><![CDATA[line 45, col 37, Error - Expected linebreaks to be &apos;LF&apos; but found &apos;CRLF&apos;. (linebreak-style)]]></failure></testcase>
<testcase time="0" name="org.eslint.semi" classname="C:\work\dyrectorio\web\crux-ui\src\server\crux\grpc-connection"><failure message="Missing semicolon."><![CDATA[line 45, col 37, Error - Missing semicolon. (semi)]]></failure></testcase>
<testcase time="0" name="org.eslint.linebreak-style" classname="C:\work\dyrectorio\web\crux-ui\src\server\crux\grpc-connection"><failure message="Expected linebreaks to be &apos;LF&apos; but found &apos;CRLF&apos;."><![CDATA[line 46, col 1, Error - Expected linebreaks to be &apos;LF&apos; but found &apos;CRLF&apos;. (linebreak-style)]]></failure></testcase>
<testcase time="0" name="org.eslint.linebreak-style" classname="C:\work\dyrectorio\web\crux-ui\src\server\crux\grpc-connection"><failure message="Expected linebreaks to be &apos;LF&apos; but found &apos;CRLF&apos;."><![CDATA[line 47, col 35, Error - Expected linebreaks to be &apos;LF&apos; but found &apos;CRLF&apos;. (linebreak-style)]]></failure></testcase>
<testcase time="0" name="org.eslint.semi" classname="C:\work\dyrectorio\web\crux-ui\src\server\crux\grpc-connection"><failure message="Missing semicolon."><![CDATA[line 47, col 35, Error - Missing semicolon. (semi)]]></failure></testcase>
<testcase time="0" name="org.eslint.linebreak-style" classname="C:\work\dyrectorio\web\crux-ui\src\server\crux\grpc-connection"><failure message="Expected linebreaks to be &apos;LF&apos; but found &apos;CRLF&apos;."><![CDATA[line 48, col 39, Error - Expected linebreaks to be &apos;LF&apos; but found &apos;CRLF&apos;. (linebreak-style)]]></failure></testcase>
<testcase time="0" name="org.eslint.semi" classname="C:\work\dyrectorio\web\crux-ui\src\server\crux\grpc-connection"><failure message="Missing semicolon."><![CDATA[line 48, col 39, Error - Missing semicolon. (semi)]]></failure></testcase>
<testcase time="0" name="org.eslint.linebreak-style" classname="C:\work\dyrectorio\web\crux-ui\src\server\crux\grpc-connection"><failure message="Expected linebreaks to be &apos;LF&apos; but found &apos;CRLF&apos;."><![CDATA[line 49, col 37, Error - Expected linebreaks to be &apos;LF&apos; but found &apos;CRLF&apos;. (linebreak-style)]]></failure></testcase>
<testcase time="0" name="org.eslint.semi" classname="C:\work\dyrectorio\web\crux-ui\src\server\crux\grpc-connection"><failure message="Missing semicolon."><![CDATA[line 49, col 37, Error - Missing semicolon. (semi)]]></failure></testcase>
<testcase time="0" name="org.eslint.linebreak-style" classname="C:\work\dyrectorio\web\crux-ui\src\server\crux\grpc-connection"><failure message="Expected linebreaks to be &apos;LF&apos; but found &apos;CRLF&apos;."><![CDATA[line 50, col 33, Error - Expected linebreaks to be &apos;LF&apos; but found &apos;CRLF&apos;. (linebreak-style)]]></failure></testcase>
<testcase time="0" name="org.eslint.semi" classname="C:\work\dyrectorio\web\crux-ui\src\server\crux\grpc-connection"><failure message="Missing semicolon."><![CDATA[line 50, col 33, Error - Missing semicolon. (semi)]]></failure></testcase>
<testcase time="0" name="org.eslint.linebreak-style" classname="C:\work\dyrectorio\web\crux-ui\src\server\crux\grpc-connection"><failure message="Expected linebreaks to be &apos;LF&apos; but found &apos;CRLF&apos;."><![CDATA[line 51, col 1, Error - Expected linebreaks to be &apos;LF&apos; but found &apos;CRLF&apos;. (linebreak-style)]]></failure></testcase>
<testcase time="0" name="org.eslint.linebreak-style" classname="C:\work\dyrectorio\web\crux-ui\src\server\crux\grpc-connection"><failure message="Expected linebreaks to be &apos;LF&apos; but found &apos;CRLF&apos;."><![CDATA[line 52, col 46, Error - Expected linebreaks to be &apos;LF&apos; but found &apos;CRLF&apos;. (linebreak-style)]]></failure></testcase>
<testcase time="0" name="org.eslint.linebreak-style" classname="C:\work\dyrectorio\web\crux-ui\src\server\crux\grpc-connection"><failure message="Expected linebreaks to be &apos;LF&apos; but found &apos;CRLF&apos;."><![CDATA[line 53, col 89, Error - Expected linebreaks to be &apos;LF&apos; but found &apos;CRLF&apos;. (linebreak-style)]]></failure></testcase>
<testcase time="0" name="org.eslint.linebreak-style" classname="C:\work\dyrectorio\web\crux-ui\src\server\crux\grpc-connection"><failure message="Expected linebreaks to be &apos;LF&apos; but found &apos;CRLF&apos;."><![CDATA[line 54, col 23, Error - Expected linebreaks to be &apos;LF&apos; but found &apos;CRLF&apos;. (linebreak-style)]]></failure></testcase>
<testcase time="0" name="org.eslint.linebreak-style" classname="C:\work\dyrectorio\web\crux-ui\src\server\crux\grpc-connection"><failure message="Expected linebreaks to be &apos;LF&apos; but found &apos;CRLF&apos;."><![CDATA[line 55, col 51, Error - Expected linebreaks to be &apos;LF&apos; but found &apos;CRLF&apos;. (linebreak-style)]]></failure></testcase>
<testcase time="0" name="org.eslint.linebreak-style" classname="C:\work\dyrectorio\web\crux-ui\src\server\crux\grpc-connection"><failure message="Expected linebreaks to be &apos;LF&apos; but found &apos;CRLF&apos;."><![CDATA[line 56, col 32, Error - Expected linebreaks to be &apos;LF&apos; but found &apos;CRLF&apos;. (linebreak-style)]]></failure></testcase>
<testcase time="0" name="org.eslint.linebreak-style" classname="C:\work\dyrectorio\web\crux-ui\src\server\crux\grpc-connection"><failure message="Expected linebreaks to be &apos;LF&apos; but found &apos;CRLF&apos;."><![CDATA[line 57, col 32, Error - Expected linebreaks to be &apos;LF&apos; but found &apos;CRLF&apos;. (linebreak-style)]]></failure></testcase>
<testcase time="0" name="org.eslint.semi" classname="C:\work\dyrectorio\web\crux-ui\src\server\crux\grpc-connection"><failure message="Missing semicolon."><![CDATA[line 57, col 32, Error - Missing semicolon. (semi)]]></failure></testcase>
<testcase time="0" name="org.eslint.linebreak-style" classname="C:\work\dyrectorio\web\crux-ui\src\server\crux\grpc-connection"><failure message="Expected linebreaks to be &apos;LF&apos; but found &apos;CRLF&apos;."><![CDATA[line 58, col 17, Error - Expected linebreaks to be &apos;LF&apos; but found &apos;CRLF&apos;. (linebreak-style)]]></failure></testcase>
<testcase time="0" name="org.eslint.semi" classname="C:\work\dyrectorio\web\crux-ui\src\server\crux\grpc-connection"><failure message="Missing semicolon."><![CDATA[line 58, col 17, Error - Missing semicolon. (semi)]]></failure></testcase>
<testcase time="0" name="org.eslint.linebreak-style" classname="C:\work\dyrectorio\web\crux-ui\src\server\crux\grpc-connection"><failure message="Expected linebreaks to be &apos;LF&apos; but found &apos;CRLF&apos;."><![CDATA[line 59, col 10, Error - Expected linebreaks to be &apos;LF&apos; but found &apos;CRLF&apos;. (linebreak-style)]]></failure></testcase>
<testcase time="0" name="org.eslint.linebreak-style" classname="C:\work\dyrectorio\web\crux-ui\src\server\crux\grpc-connection"><failure message="Expected linebreaks to be &apos;LF&apos; but found &apos;CRLF&apos;."><![CDATA[line 60, col 1, Error - Expected linebreaks to be &apos;LF&apos; but found &apos;CRLF&apos;. (linebreak-style)]]></failure></testcase>
<testcase time="0" name="org.eslint.linebreak-style" classname="C:\work\dyrectorio\web\crux-ui\src\server\crux\grpc-connection"><failure message="Expected linebreaks to be &apos;LF&apos; but found &apos;CRLF&apos;."><![CDATA[line 61, col 32, Error - Expected linebreaks to be &apos;LF&apos; but found &apos;CRLF&apos;. (linebreak-style)]]></failure></testcase>
<testcase time="0" name="org.eslint.semi" classname="C:\work\dyrectorio\web\crux-ui\src\server\crux\grpc-connection"><failure message="Missing semicolon."><![CDATA[line 61, col 32, Error - Missing semicolon. (semi)]]></failure></testcase>
<testcase time="0" name="org.eslint.linebreak-style" classname="C:\work\dyrectorio\web\crux-ui\src\server\crux\grpc-connection"><failure message="Expected linebreaks to be &apos;LF&apos; but found &apos;CRLF&apos;."><![CDATA[line 62, col 30, Error - Expected linebreaks to be &apos;LF&apos; but found &apos;CRLF&apos;. (linebreak-style)]]></failure></testcase>
<testcase time="0" name="org.eslint.semi" classname="C:\work\dyrectorio\web\crux-ui\src\server\crux\grpc-connection"><failure message="Missing semicolon."><![CDATA[line 62, col 30, Error - Missing semicolon. (semi)]]></failure></testcase>
<testcase time="0" name="org.eslint.linebreak-style" classname="C:\work\dyrectorio\web\crux-ui\src\server\crux\grpc-connection"><failure message="Expected linebreaks to be &apos;LF&apos; but found &apos;CRLF&apos;."><![CDATA[line 63, col 71, Error - Expected linebreaks to be &apos;LF&apos; but found &apos;CRLF&apos;. (linebreak-style)]]></failure></testcase>
<testcase time="0" name="org.eslint.semi" classname="C:\work\dyrectorio\web\crux-ui\src\server\crux\grpc-connection"><failure message="Missing semicolon."><![CDATA[line 63, col 71, Error - Missing semicolon. (semi)]]></failure></testcase>
<testcase time="0" name="org.eslint.linebreak-style" classname="C:\work\dyrectorio\web\crux-ui\src\server\crux\grpc-connection"><failure message="Expected linebreaks to be &apos;LF&apos; but found &apos;CRLF&apos;."><![CDATA[line 64, col 8, Error - Expected linebreaks to be &apos;LF&apos; but found &apos;CRLF&apos;. (linebreak-style)]]></failure></testcase>
<testcase time="0" name="org.eslint.linebreak-style" classname="C:\work\dyrectorio\web\crux-ui\src\server\crux\grpc-connection"><failure message="Expected linebreaks to be &apos;LF&apos; but found &apos;CRLF&apos;."><![CDATA[line 65, col 12, Error - Expected linebreaks to be &apos;LF&apos; but found &apos;CRLF&apos;. (linebreak-style)]]></failure></testcase>
<testcase time="0" name="org.eslint.semi" classname="C:\work\dyrectorio\web\crux-ui\src\server\crux\grpc-connection"><failure message="Missing semicolon."><![CDATA[line 65, col 12, Error - Missing semicolon. (semi)]]></failure></testcase>
<testcase time="0" name="org.eslint.linebreak-style" classname="C:\work\dyrectorio\web\crux-ui\src\server\crux\grpc-connection"><failure message="Expected linebreaks to be &apos;LF&apos; but found &apos;CRLF&apos;."><![CDATA[line 66, col 4, Error - Expected linebreaks to be &apos;LF&apos; but found &apos;CRLF&apos;. (linebreak-style)]]></failure></testcase>
<testcase time="0" name="org.eslint.linebreak-style" classname="C:\work\dyrectorio\web\crux-ui\src\server\crux\grpc-connection"><failure message="Expected linebreaks to be &apos;LF&apos; but found &apos;CRLF&apos;."><![CDATA[line 67, col 1, Error - Expected linebreaks to be &apos;LF&apos; but found &apos;CRLF&apos;. (linebreak-style)]]></failure></testcase>
<testcase time="0" name="org.eslint.linebreak-style" classname="C:\work\dyrectorio\web\crux-ui\src\server\crux\grpc-connection"><failure message="Expected linebreaks to be &apos;LF&apos; but found &apos;CRLF&apos;."><![CDATA[line 68, col 13, Error - Expected linebreaks to be &apos;LF&apos; but found &apos;CRLF&apos;. (linebreak-style)]]></failure></testcase>
<testcase time="0" name="org.eslint.linebreak-style" classname="C:\work\dyrectorio\web\crux-ui\src\server\crux\grpc-connection"><failure message="Expected linebreaks to be &apos;LF&apos; but found &apos;CRLF&apos;."><![CDATA[line 69, col 27, Error - Expected linebreaks to be &apos;LF&apos; but found &apos;CRLF&apos;. (linebreak-style)]]></failure></testcase>
<testcase time="0" name="org.eslint.semi" classname="C:\work\dyrectorio\web\crux-ui\src\server\crux\grpc-connection"><failure message="Missing semicolon."><![CDATA[line 69, col 27, Error - Missing semicolon. (semi)]]></failure></testcase>
<testcase time="0" name="org.eslint.linebreak-style" classname="C:\work\dyrectorio\web\crux-ui\src\server\crux\grpc-connection"><failure message="Expected linebreaks to be &apos;LF&apos; but found &apos;CRLF&apos;."><![CDATA[line 70, col 28, Error - Expected linebreaks to be &apos;LF&apos; but found &apos;CRLF&apos;. (linebreak-style)]]></failure></testcase>
<testcase time="0" name="org.eslint.semi" classname="C:\work\dyrectorio\web\crux-ui\src\server\crux\grpc-connection"><failure message="Missing semicolon."><![CDATA[line 70, col 28, Error - Missing semicolon. (semi)]]></failure></testcase>
<testcase time="0" name="org.eslint.linebreak-style" classname="C:\work\dyrectorio\web\crux-ui\src\server\crux\grpc-connection"><failure message="Expected linebreaks to be &apos;LF&apos; but found &apos;CRLF&apos;."><![CDATA[line 71, col 26, Error - Expected linebreaks to be &apos;LF&apos; but found &apos;CRLF&apos;. (linebreak-style)]]></failure></testcase>
<testcase time="0" name="org.eslint.semi" classname="C:\work\dyrectorio\web\crux-ui\src\server\crux\grpc-connection"><failure message="Missing semicolon."><![CDATA[line 71, col 26, Error - Missing semicolon. (semi)]]></failure></testcase>
<testcase time="0" name="org.eslint.linebreak-style" classname="C:\work\dyrectorio\web\crux-ui\src\server\crux\grpc-connection"><failure message="Expected linebreaks to be &apos;LF&apos; but found &apos;CRLF&apos;."><![CDATA[line 72, col 27, Error - Expected linebreaks to be &apos;LF&apos; but found &apos;CRLF&apos;. (linebreak-style)]]></failure></testcase>
<testcase time="0" name="org.eslint.semi" classname="C:\work\dyrectorio\web\crux-ui\src\server\crux\grpc-connection"><failure message="Missing semicolon."><![CDATA[line 72, col 27, Error - Missing semicolon. (semi)]]></failure></testcase>
<testcase time="0" name="org.eslint.linebreak-style" classname="C:\work\dyrectorio\web\crux-ui\src\server\crux\grpc-connection"><failure message="Expected linebreaks to be &apos;LF&apos; but found &apos;CRLF&apos;."><![CDATA[line 73, col 4, Error - Expected linebreaks to be &apos;LF&apos; but found &apos;CRLF&apos;. (linebreak-style)]]></failure></testcase>
<testcase time="0" name="org.eslint.linebreak-style" classname="C:\work\dyrectorio\web\crux-ui\src\server\crux\grpc-connection"><failure message="Expected linebreaks to be &apos;LF&apos; but found &apos;CRLF&apos;."><![CDATA[line 74, col 1, Error - Expected linebreaks to be &apos;LF&apos; but found &apos;CRLF&apos;. (linebreak-style)]]></failure></testcase>
<testcase time="0" name="org.eslint.linebreak-style" classname="C:\work\dyrectorio\web\crux-ui\src\server\crux\grpc-connection"><failure message="Expected linebreaks to be &apos;LF&apos; but found &apos;CRLF&apos;."><![CDATA[line 75, col 28, Error - Expected linebreaks to be &apos;LF&apos; but found &apos;CRLF&apos;. (linebreak-style)]]></failure></testcase>
<testcase time="0" name="org.eslint.linebreak-style" classname="C:\work\dyrectorio\web\crux-ui\src\server\crux\grpc-connection"><failure message="Expected linebreaks to be &apos;LF&apos; but found &apos;CRLF&apos;."><![CDATA[line 76, col 46, Error - Expected linebreaks to be &apos;LF&apos; but found &apos;CRLF&apos;. (linebreak-style)]]></failure></testcase>
<testcase time="0" name="org.eslint.semi" classname="C:\work\dyrectorio\web\crux-ui\src\server\crux\grpc-connection"><failure message="Missing semicolon."><![CDATA[line 76, col 46, Error - Missing semicolon. (semi)]]></failure></testcase>
<testcase time="0" name="org.eslint.linebreak-style" classname="C:\work\dyrectorio\web\crux-ui\src\server\crux\grpc-connection"><failure message="Expected linebreaks to be &apos;LF&apos; but found &apos;CRLF&apos;."><![CDATA[line 77, col 1, Error - Expected linebreaks to be &apos;LF&apos; but found &apos;CRLF&apos;. (linebreak-style)]]></failure></testcase>
<testcase time="0" name="org.eslint.linebreak-style" classname="C:\work\dyrectorio\web\crux-ui\src\server\crux\grpc-connection"><failure message="Expected linebreaks to be &apos;LF&apos; but found &apos;CRLF&apos;."><![CDATA[line 78, col 41, Error - Expected linebreaks to be &apos;LF&apos; but found &apos;CRLF&apos;. (linebreak-style)]]></failure></testcase>
<testcase time="0" name="org.eslint.semi" classname="C:\work\dyrectorio\web\crux-ui\src\server\crux\grpc-connection"><failure message="Missing semicolon."><![CDATA[line 78, col 41, Error - Missing semicolon. (semi)]]></failure></testcase>
<testcase time="0" name="org.eslint.linebreak-style" classname="C:\work\dyrectorio\web\crux-ui\src\server\crux\grpc-connection"><failure message="Expected linebreaks to be &apos;LF&apos; but found &apos;CRLF&apos;."><![CDATA[line 79, col 36, Error - Expected linebreaks to be &apos;LF&apos; but found &apos;CRLF&apos;. (linebreak-style)]]></failure></testcase>
<testcase time="0" name="org.eslint.semi" classname="C:\work\dyrectorio\web\crux-ui\src\server\crux\grpc-connection"><failure message="Missing semicolon."><![CDATA[line 79, col 36, Error - Missing semicolon. (semi)]]></failure></testcase>
<testcase time="0" name="org.eslint.linebreak-style" classname="C:\work\dyrectorio\web\crux-ui\src\server\crux\grpc-connection"><failure message="Expected linebreaks to be &apos;LF&apos; but found &apos;CRLF&apos;."><![CDATA[line 80, col 4, Error - Expected linebreaks to be &apos;LF&apos; but found &apos;CRLF&apos;. (linebreak-style)]]></failure></testcase>
<testcase time="0" name="org.eslint.linebreak-style" classname="C:\work\dyrectorio\web\crux-ui\src\server\crux\grpc-connection"><failure message="Expected linebreaks to be &apos;LF&apos; but found &apos;CRLF&apos;."><![CDATA[line 81, col 1, Error - Expected linebreaks to be &apos;LF&apos; but found &apos;CRLF&apos;. (linebreak-style)]]></failure></testcase>
<testcase time="0" name="org.eslint.linebreak-style" classname="C:\work\dyrectorio\web\crux-ui\src\server\crux\grpc-connection"><failure message="Expected linebreaks to be &apos;LF&apos; but found &apos;CRLF&apos;."><![CDATA[line 82, col 43, Error - Expected linebreaks to be &apos;LF&apos; but found &apos;CRLF&apos;. (linebreak-style)]]></failure></testcase>
<testcase time="0" name="org.eslint.linebreak-style" classname="C:\work\dyrectorio\web\crux-ui\src\server\crux\grpc-connection"><failure message="Expected linebreaks to be &apos;LF&apos; but found &apos;CRLF&apos;."><![CDATA[line 83, col 45, Error - Expected linebreaks to be &apos;LF&apos; but found &apos;CRLF&apos;. (linebreak-style)]]></failure></testcase>
<testcase time="0" name="org.eslint.semi" classname="C:\work\dyrectorio\web\crux-ui\src\server\crux\grpc-connection"><failure message="Missing semicolon."><![CDATA[line 83, col 45, Error - Missing semicolon. (semi)]]></failure></testcase>
<testcase time="0" name="org.eslint.linebreak-style" classname="C:\work\dyrectorio\web\crux-ui\src\server\crux\grpc-connection"><failure message="Expected linebreaks to be &apos;LF&apos; but found &apos;CRLF&apos;."><![CDATA[line 84, col 1, Error - Expected linebreaks to be &apos;LF&apos; but found &apos;CRLF&apos;. (linebreak-style)]]></failure></testcase>
<testcase time="0" name="org.eslint.linebreak-style" classname="C:\work\dyrectorio\web\crux-ui\src\server\crux\grpc-connection"><failure message="Expected linebreaks to be &apos;LF&apos; but found &apos;CRLF&apos;."><![CDATA[line 85, col 46, Error - Expected linebreaks to be &apos;LF&apos; but found &apos;CRLF&apos;. (linebreak-style)]]></failure></testcase>
<testcase time="0" name="org.eslint.linebreak-style" classname="C:\work\dyrectorio\web\crux-ui\src\server\crux\grpc-connection"><failure message="Expected linebreaks to be &apos;LF&apos; but found &apos;CRLF&apos;."><![CDATA[line 86, col 28, Error - Expected linebreaks to be &apos;LF&apos; but found &apos;CRLF&apos;. (linebreak-style)]]></failure></testcase>
<testcase time="0" name="org.eslint.semi" classname="C:\work\dyrectorio\web\crux-ui\src\server\crux\grpc-connection"><failure message="Missing semicolon."><![CDATA[line 86, col 28, Error - Missing semicolon. (semi)]]></failure></testcase>
<testcase time="0" name="org.eslint.linebreak-style" classname="C:\work\dyrectorio\web\crux-ui\src\server\crux\grpc-connection"><failure message="Expected linebreaks to be &apos;LF&apos; but found &apos;CRLF&apos;."><![CDATA[line 87, col 6, Error - Expected linebreaks to be &apos;LF&apos; but found &apos;CRLF&apos;. (linebreak-style)]]></failure></testcase>
<testcase time="0" name="org.eslint.linebreak-style" classname="C:\work\dyrectorio\web\crux-ui\src\server\crux\grpc-connection"><failure message="Expected linebreaks to be &apos;LF&apos; but found &apos;CRLF&apos;."><![CDATA[line 88, col 4, Error - Expected linebreaks to be &apos;LF&apos; but found &apos;CRLF&apos;. (linebreak-style)]]></failure></testcase>
<testcase time="0" name="org.eslint.linebreak-style" classname="C:\work\dyrectorio\web\crux-ui\src\server\crux\grpc-connection"><failure message="Expected linebreaks to be &apos;LF&apos; but found &apos;CRLF&apos;."><![CDATA[line 89, col 1, Error - Expected linebreaks to be &apos;LF&apos; but found &apos;CRLF&apos;. (linebreak-style)]]></failure></testcase>
<testcase time="0" name="org.eslint.linebreak-style" classname="C:\work\dyrectorio\web\crux-ui\src\server\crux\grpc-connection"><failure message="Expected linebreaks to be &apos;LF&apos; but found &apos;CRLF&apos;."><![CDATA[line 90, col 44, Error - Expected linebreaks to be &apos;LF&apos; but found &apos;CRLF&apos;. (linebreak-style)]]></failure></testcase>
<testcase time="0" name="org.eslint.linebreak-style" classname="C:\work\dyrectorio\web\crux-ui\src\server\crux\grpc-connection"><failure message="Expected linebreaks to be &apos;LF&apos; but found &apos;CRLF&apos;."><![CDATA[line 91, col 41, Error - Expected linebreaks to be &apos;LF&apos; but found &apos;CRLF&apos;. (linebreak-style)]]></failure></testcase>
<testcase time="0" name="org.eslint.semi" classname="C:\work\dyrectorio\web\crux-ui\src\server\crux\grpc-connection"><failure message="Missing semicolon."><![CDATA[line 91, col 41, Error - Missing semicolon. (semi)]]></failure></testcase>
<testcase time="0" name="org.eslint.linebreak-style" classname="C:\work\dyrectorio\web\crux-ui\src\server\crux\grpc-connection"><failure message="Expected linebreaks to be &apos;LF&apos; but found &apos;CRLF&apos;."><![CDATA[line 92, col 1, Error - Expected linebreaks to be &apos;LF&apos; but found &apos;CRLF&apos;. (linebreak-style)]]></failure></testcase>
<testcase time="0" name="org.eslint.linebreak-style" classname="C:\work\dyrectorio\web\crux-ui\src\server\crux\grpc-connection"><failure message="Expected linebreaks to be &apos;LF&apos; but found &apos;CRLF&apos;."><![CDATA[line 93, col 42, Error - Expected linebreaks to be &apos;LF&apos; but found &apos;CRLF&apos;. (linebreak-style)]]></failure></testcase>
<testcase time="0" name="org.eslint.semi" classname="C:\work\dyrectorio\web\crux-ui\src\server\crux\grpc-connection"><failure message="Missing semicolon."><![CDATA[line 93, col 42, Error - Missing semicolon. (semi)]]></failure></testcase>
<testcase time="0" name="org.eslint.linebreak-style" classname="C:\work\dyrectorio\web\crux-ui\src\server\crux\grpc-connection"><failure message="Expected linebreaks to be &apos;LF&apos; but found &apos;CRLF&apos;."><![CDATA[line 94, col 4, Error - Expected linebreaks to be &apos;LF&apos; but found &apos;CRLF&apos;. (linebreak-style)]]></failure></testcase>
<testcase time="0" name="org.eslint.linebreak-style" classname="C:\work\dyrectorio\web\crux-ui\src\server\crux\grpc-connection"><failure message="Expected linebreaks to be &apos;LF&apos; but found &apos;CRLF&apos;."><![CDATA[line 95, col 1, Error - Expected linebreaks to be &apos;LF&apos; but found &apos;CRLF&apos;. (linebreak-style)]]></failure></testcase>
<testcase time="0" name="org.eslint.linebreak-style" classname="C:\work\dyrectorio\web\crux-ui\src\server\crux\grpc-connection"><failure message="Expected linebreaks to be &apos;LF&apos; but found &apos;CRLF&apos;."><![CDATA[line 96, col 20, Error - Expected linebreaks to be &apos;LF&apos; but found &apos;CRLF&apos;. (linebreak-style)]]></failure></testcase>
<testcase time="0" name="org.eslint.linebreak-style" classname="C:\work\dyrectorio\web\crux-ui\src\server\crux\grpc-connection"><failure message="Expected linebreaks to be &apos;LF&apos; but found &apos;CRLF&apos;."><![CDATA[line 97, col 39, Error - Expected linebreaks to be &apos;LF&apos; but found &apos;CRLF&apos;. (linebreak-style)]]></failure></testcase>
<testcase time="0" name="org.eslint.semi" classname="C:\work\dyrectorio\web\crux-ui\src\server\crux\grpc-connection"><failure message="Missing semicolon."><![CDATA[line 97, col 39, Error - Missing semicolon. (semi)]]></failure></testcase>
<testcase time="0" name="org.eslint.linebreak-style" classname="C:\work\dyrectorio\web\crux-ui\src\server\crux\grpc-connection"><failure message="Expected linebreaks to be &apos;LF&apos; but found &apos;CRLF&apos;."><![CDATA[line 98, col 1, Error - Expected linebreaks to be &apos;LF&apos; but found &apos;CRLF&apos;. (linebreak-style)]]></failure></testcase>
<testcase time="0" name="org.eslint.linebreak-style" classname="C:\work\dyrectorio\web\crux-ui\src\server\crux\grpc-connection"><failure message="Expected linebreaks to be &apos;LF&apos; but found &apos;CRLF&apos;."><![CDATA[line 99, col 37, Error - Expected linebreaks to be &apos;LF&apos; but found &apos;CRLF&apos;. (linebreak-style)]]></failure></testcase>
<testcase time="0" name="org.eslint.semi" classname="C:\work\dyrectorio\web\crux-ui\src\server\crux\grpc-connection"><failure message="Missing semicolon."><![CDATA[line 99, col 37, Error - Missing semicolon. (semi)]]></failure></testcase>
<testcase time="0" name="org.eslint.linebreak-style" classname="C:\work\dyrectorio\web\crux-ui\src\server\crux\grpc-connection"><failure message="Expected linebreaks to be &apos;LF&apos; but found &apos;CRLF&apos;."><![CDATA[line 100, col 4, Error - Expected linebreaks to be &apos;LF&apos; but found &apos;CRLF&apos;. (linebreak-style)]]></failure></testcase>
<testcase time="0" name="org.eslint.linebreak-style" classname="C:\work\dyrectorio\web\crux-ui\src\server\crux\grpc-connection"><failure message="Expected linebreaks to be &apos;LF&apos; but found &apos;CRLF&apos;."><![CDATA[line 101, col 1, Error - Expected linebreaks to be &apos;LF&apos; but found &apos;CRLF&apos;. (linebreak-style)]]></failure></testcase>
<testcase time="0" name="org.eslint.linebreak-style" classname="C:\work\dyrectorio\web\crux-ui\src\server\crux\grpc-connection"><failure message="Expected linebreaks to be &apos;LF&apos; but found &apos;CRLF&apos;."><![CDATA[line 102, col 29, Error - Expected linebreaks to be &apos;LF&apos; but found &apos;CRLF&apos;. (linebreak-style)]]></failure></testcase>
<testcase time="0" name="org.eslint.linebreak-style" classname="C:\work\dyrectorio\web\crux-ui\src\server\crux\grpc-connection"><failure message="Expected linebreaks to be &apos;LF&apos; but found &apos;CRLF&apos;."><![CDATA[line 103, col 37, Error - Expected linebreaks to be &apos;LF&apos; but found &apos;CRLF&apos;. (linebreak-style)]]></failure></testcase>
<testcase time="0" name="org.eslint.semi" classname="C:\work\dyrectorio\web\crux-ui\src\server\crux\grpc-connection"><failure message="Missing semicolon."><![CDATA[line 103, col 37, Error - Missing semicolon. (semi)]]></failure></testcase>
<testcase time="0" name="org.eslint.linebreak-style" classname="C:\work\dyrectorio\web\crux-ui\src\server\crux\grpc-connection"><failure message="Expected linebreaks to be &apos;LF&apos; but found &apos;CRLF&apos;."><![CDATA[line 104, col 26, Error - Expected linebreaks to be &apos;LF&apos; but found &apos;CRLF&apos;. (linebreak-style)]]></failure></testcase>
<testcase time="0" name="org.eslint.semi" classname="C:\work\dyrectorio\web\crux-ui\src\server\crux\grpc-connection"><failure message="Missing semicolon."><![CDATA[line 104, col 26, Error - Missing semicolon. (semi)]]></failure></testcase>
<testcase time="0" name="org.eslint.linebreak-style" classname="C:\work\dyrectorio\web\crux-ui\src\server\crux\grpc-connection"><failure message="Expected linebreaks to be &apos;LF&apos; but found &apos;CRLF&apos;."><![CDATA[line 105, col 23, Error - Expected linebreaks to be &apos;LF&apos; but found &apos;CRLF&apos;. (linebreak-style)]]></failure></testcase>
<testcase time="0" name="org.eslint.semi" classname="C:\work\dyrectorio\web\crux-ui\src\server\crux\grpc-connection"><failure message="Missing semicolon."><![CDATA[line 105, col 23, Error - Missing semicolon. (semi)]]></failure></testcase>
<testcase time="0" name="org.eslint.linebreak-style" classname="C:\work\dyrectorio\web\crux-ui\src\server\crux\grpc-connection"><failure message="Expected linebreaks to be &apos;LF&apos; but found &apos;CRLF&apos;."><![CDATA[line 106, col 1, Error - Expected linebreaks to be &apos;LF&apos; but found &apos;CRLF&apos;. (linebreak-style)]]></failure></testcase>
<testcase time="0" name="org.eslint.linebreak-style" classname="C:\work\dyrectorio\web\crux-ui\src\server\crux\grpc-connection"><failure message="Expected linebreaks to be &apos;LF&apos; but found &apos;CRLF&apos;."><![CDATA[line 107, col 33, Error - Expected linebreaks to be &apos;LF&apos; but found &apos;CRLF&apos;. (linebreak-style)]]></failure></testcase>
<testcase time="0" name="org.eslint.linebreak-style" classname="C:\work\dyrectorio\web\crux-ui\src\server\crux\grpc-connection"><failure message="Expected linebreaks to be &apos;LF&apos; but found &apos;CRLF&apos;."><![CDATA[line 108, col 44, Error - Expected linebreaks to be &apos;LF&apos; but found &apos;CRLF&apos;. (linebreak-style)]]></failure></testcase>
<testcase time="0" name="org.eslint.semi" classname="C:\work\dyrectorio\web\crux-ui\src\server\crux\grpc-connection"><failure message="Missing semicolon."><![CDATA[line 108, col 44, Error - Missing semicolon. (semi)]]></failure></testcase>
<testcase time="0" name="org.eslint.linebreak-style" classname="C:\work\dyrectorio\web\crux-ui\src\server\crux\grpc-connection"><failure message="Expected linebreaks to be &apos;LF&apos; but found &apos;CRLF&apos;."><![CDATA[line 109, col 1, Error - Expected linebreaks to be &apos;LF&apos; but found &apos;CRLF&apos;. (linebreak-style)]]></failure></testcase>
<testcase time="0" name="org.eslint.linebreak-style" classname="C:\work\dyrectorio\web\crux-ui\src\server\crux\grpc-connection"><failure message="Expected linebreaks to be &apos;LF&apos; but found &apos;CRLF&apos;."><![CDATA[line 110, col 35, Error - Expected linebreaks to be &apos;LF&apos; but found &apos;CRLF&apos;. (linebreak-style)]]></failure></testcase>
<testcase time="0" name="org.eslint.linebreak-style" classname="C:\work\dyrectorio\web\crux-ui\src\server\crux\grpc-connection"><failure message="Expected linebreaks to be &apos;LF&apos; but found &apos;CRLF&apos;."><![CDATA[line 111, col 15, Error - Expected linebreaks to be &apos;LF&apos; but found &apos;CRLF&apos;. (linebreak-style)]]></failure></testcase>
<testcase time="0" name="org.eslint.semi" classname="C:\work\dyrectorio\web\crux-ui\src\server\crux\grpc-connection"><failure message="Missing semicolon."><![CDATA[line 111, col 15, Error - Missing semicolon. (semi)]]></failure></testcase>
<testcase time="0" name="org.eslint.no-else-return" classname="C:\work\dyrectorio\web\crux-ui\src\server\crux\grpc-connection"><failure message="Unnecessary &apos;else&apos; after &apos;return&apos;."><![CDATA[line 112, col 14, Error - Unnecessary &apos;else&apos; after &apos;return&apos;. (no-else-return)]]></failure></testcase>
<testcase time="0" name="org.eslint.linebreak-style" classname="C:\work\dyrectorio\web\crux-ui\src\server\crux\grpc-connection"><failure message="Expected linebreaks to be &apos;LF&apos; but found &apos;CRLF&apos;."><![CDATA[line 112, col 15, Error - Expected linebreaks to be &apos;LF&apos; but found &apos;CRLF&apos;. (linebreak-style)]]></failure></testcase>
<testcase time="0" name="org.eslint.linebreak-style" classname="C:\work\dyrectorio\web\crux-ui\src\server\crux\grpc-connection"><failure message="Expected linebreaks to be &apos;LF&apos; but found &apos;CRLF&apos;."><![CDATA[line 113, col 49, Error - Expected linebreaks to be &apos;LF&apos; but found &apos;CRLF&apos;. (linebreak-style)]]></failure></testcase>
<testcase time="0" name="org.eslint.semi" classname="C:\work\dyrectorio\web\crux-ui\src\server\crux\grpc-connection"><failure message="Missing semicolon."><![CDATA[line 113, col 49, Error - Missing semicolon. (semi)]]></failure></testcase>
<testcase time="0" name="org.eslint.linebreak-style" classname="C:\work\dyrectorio\web\crux-ui\src\server\crux\grpc-connection"><failure message="Expected linebreaks to be &apos;LF&apos; but found &apos;CRLF&apos;."><![CDATA[line 114, col 8, Error - Expected linebreaks to be &apos;LF&apos; but found &apos;CRLF&apos;. (linebreak-style)]]></failure></testcase>
<testcase time="0" name="org.eslint.linebreak-style" classname="C:\work\dyrectorio\web\crux-ui\src\server\crux\grpc-connection"><failure message="Expected linebreaks to be &apos;LF&apos; but found &apos;CRLF&apos;."><![CDATA[line 115, col 6, Error - Expected linebreaks to be &apos;LF&apos; but found &apos;CRLF&apos;. (linebreak-style)]]></failure></testcase>
<testcase time="0" name="org.eslint.linebreak-style" classname="C:\work\dyrectorio\web\crux-ui\src\server\crux\grpc-connection"><failure message="Expected linebreaks to be &apos;LF&apos; but found &apos;CRLF&apos;."><![CDATA[line 116, col 1, Error - Expected linebreaks to be &apos;LF&apos; but found &apos;CRLF&apos;. (linebreak-style)]]></failure></testcase>
<testcase time="0" name="org.eslint.linebreak-style" classname="C:\work\dyrectorio\web\crux-ui\src\server\crux\grpc-connection"><failure message="Expected linebreaks to be &apos;LF&apos; but found &apos;CRLF&apos;."><![CDATA[line 117, col 30, Error - Expected linebreaks to be &apos;LF&apos; but found &apos;CRLF&apos;. (linebreak-style)]]></failure></testcase>
<testcase time="0" name="org.eslint.linebreak-style" classname="C:\work\dyrectorio\web\crux-ui\src\server\crux\grpc-connection"><failure message="Expected linebreaks to be &apos;LF&apos; but found &apos;CRLF&apos;."><![CDATA[line 118, col 30, Error - Expected linebreaks to be &apos;LF&apos; but found &apos;CRLF&apos;. (linebreak-style)]]></failure></testcase>
<testcase time="0" name="org.eslint.semi" classname="C:\work\dyrectorio\web\crux-ui\src\server\crux\grpc-connection"><failure message="Missing semicolon."><![CDATA[line 118, col 30, Error - Missing semicolon. (semi)]]></failure></testcase>
<testcase time="0" name="org.eslint.no-plusplus" classname="C:\work\dyrectorio\web\crux-ui\src\server\crux\grpc-connection"><failure message="Unary operator &apos;++&apos; used."><![CDATA[line 119, col 7, Error - Unary operator &apos;++&apos; used. (no-plusplus)]]></failure></testcase>
<testcase time="0" name="org.eslint.linebreak-style" classname="C:\work\dyrectorio\web\crux-ui\src\server\crux\grpc-connection"><failure message="Expected linebreaks to be &apos;LF&apos; but found &apos;CRLF&apos;."><![CDATA[line 119, col 26, Error - Expected linebreaks to be &apos;LF&apos; but found &apos;CRLF&apos;. (linebreak-style)]]></failure></testcase>
<testcase time="0" name="org.eslint.semi" classname="C:\work\dyrectorio\web\crux-ui\src\server\crux\grpc-connection"><failure message="Missing semicolon."><![CDATA[line 119, col 26, Error - Missing semicolon. (semi)]]></failure></testcase>
<testcase time="0" name="org.eslint.linebreak-style" classname="C:\work\dyrectorio\web\crux-ui\src\server\crux\grpc-connection"><failure message="Expected linebreaks to be &apos;LF&apos; but found &apos;CRLF&apos;."><![CDATA[line 120, col 21, Error - Expected linebreaks to be &apos;LF&apos; but found &apos;CRLF&apos;. (linebreak-style)]]></failure></testcase>
<testcase time="0" name="org.eslint.semi" classname="C:\work\dyrectorio\web\crux-ui\src\server\crux\grpc-connection"><failure message="Missing semicolon."><![CDATA[line 120, col 21, Error - Missing semicolon. (semi)]]></failure></testcase>
<testcase time="0" name="org.eslint.linebreak-style" classname="C:\work\dyrectorio\web\crux-ui\src\server\crux\grpc-connection"><failure message="Expected linebreaks to be &apos;LF&apos; but found &apos;CRLF&apos;."><![CDATA[line 121, col 6, Error - Expected linebreaks to be &apos;LF&apos; but found &apos;CRLF&apos;. (linebreak-style)]]></failure></testcase>
<testcase time="0" name="org.eslint.semi" classname="C:\work\dyrectorio\web\crux-ui\src\server\crux\grpc-connection"><failure message="Missing semicolon."><![CDATA[line 121, col 6, Error - Missing semicolon. (semi)]]></failure></testcase>
<testcase time="0" name="org.eslint.linebreak-style" classname="C:\work\dyrectorio\web\crux-ui\src\server\crux\grpc-connection"><failure message="Expected linebreaks to be &apos;LF&apos; but found &apos;CRLF&apos;."><![CDATA[line 122, col 1, Error - Expected linebreaks to be &apos;LF&apos; but found &apos;CRLF&apos;. (linebreak-style)]]></failure></testcase>
<testcase time="0" name="org.eslint.linebreak-style" classname="C:\work\dyrectorio\web\crux-ui\src\server\crux\grpc-connection"><failure message="Expected linebreaks to be &apos;LF&apos; but found &apos;CRLF&apos;."><![CDATA[line 123, col 60, Error - Expected linebreaks to be &apos;LF&apos; but found &apos;CRLF&apos;. (linebreak-style)]]></failure></testcase>
<testcase time="0" name="org.eslint.semi" classname="C:\work\dyrectorio\web\crux-ui\src\server\crux\grpc-connection"><failure message="Missing semicolon."><![CDATA[line 123, col 60, Error - Missing semicolon. (semi)]]></failure></testcase>
<testcase time="0" name="org.eslint.linebreak-style" classname="C:\work\dyrectorio\web\crux-ui\src\server\crux\grpc-connection"><failure message="Expected linebreaks to be &apos;LF&apos; but found &apos;CRLF&apos;."><![CDATA[line 124, col 1, Error - Expected linebreaks to be &apos;LF&apos; but found &apos;CRLF&apos;. (linebreak-style)]]></failure></testcase>
<testcase time="0" name="org.eslint.linebreak-style" classname="C:\work\dyrectorio\web\crux-ui\src\server\crux\grpc-connection"><failure message="Expected linebreaks to be &apos;LF&apos; but found &apos;CRLF&apos;."><![CDATA[line 125, col 51, Error - Expected linebreaks to be &apos;LF&apos; but found &apos;CRLF&apos;. (linebreak-style)]]></failure></testcase>
<testcase time="0" name="org.eslint.linebreak-style" classname="C:\work\dyrectorio\web\crux-ui\src\server\crux\grpc-connection"><failure message="Expected linebreaks to be &apos;LF&apos; but found &apos;CRLF&apos;."><![CDATA[line 126, col 18, Error - Expected linebreaks to be &apos;LF&apos; but found &apos;CRLF&apos;. (linebreak-style)]]></failure></testcase>
<testcase time="0" name="org.eslint.semi" classname="C:\work\dyrectorio\web\crux-ui\src\server\crux\grpc-connection"><failure message="Missing semicolon."><![CDATA[line 126, col 18, Error - Missing semicolon. (semi)]]></failure></testcase>
<testcase time="0" name="org.eslint.linebreak-style" classname="C:\work\dyrectorio\web\crux-ui\src\server\crux\grpc-connection"><failure message="Expected linebreaks to be &apos;LF&apos; but found &apos;CRLF&apos;."><![CDATA[line 127, col 13, Error - Expected linebreaks to be &apos;LF&apos; but found &apos;CRLF&apos;. (linebreak-style)]]></failure></testcase>
<testcase time="0" name="org.eslint.semi" classname="C:\work\dyrectorio\web\crux-ui\src\server\crux\grpc-connection"><failure message="Missing semicolon."><![CDATA[line 127, col 13, Error - Missing semicolon. (semi)]]></failure></testcase>
<testcase time="0" name="org.eslint.linebreak-style" classname="C:\work\dyrectorio\web\crux-ui\src\server\crux\grpc-connection"><failure message="Expected linebreaks to be &apos;LF&apos; but found &apos;CRLF&apos;."><![CDATA[line 128, col 6, Error - Expected linebreaks to be &apos;LF&apos; but found &apos;CRLF&apos;. (linebreak-style)]]></failure></testcase>
<testcase time="0" name="org.eslint.linebreak-style" classname="C:\work\dyrectorio\web\crux-ui\src\server\crux\grpc-connection"><failure message="Expected linebreaks to be &apos;LF&apos; but found &apos;CRLF&apos;."><![CDATA[line 129, col 1, Error - Expected linebreaks to be &apos;LF&apos; but found &apos;CRLF&apos;. (linebreak-style)]]></failure></testcase>
<testcase time="0" name="org.eslint.linebreak-style" classname="C:\work\dyrectorio\web\crux-ui\src\server\crux\grpc-connection"><failure message="Expected linebreaks to be &apos;LF&apos; but found &apos;CRLF&apos;."><![CDATA[line 130, col 23, Error - Expected linebreaks to be &apos;LF&apos; but found &apos;CRLF&apos;. (linebreak-style)]]></failure></testcase>
<testcase time="0" name="org.eslint.linebreak-style" classname="C:\work\dyrectorio\web\crux-ui\src\server\crux\grpc-connection"><failure message="Expected linebreaks to be &apos;LF&apos; but found &apos;CRLF&apos;."><![CDATA[line 131, col 36, Error - Expected linebreaks to be &apos;LF&apos; but found &apos;CRLF&apos;. (linebreak-style)]]></failure></testcase>
<testcase time="0" name="org.eslint.linebreak-style" classname="C:\work\dyrectorio\web\crux-ui\src\server\crux\grpc-connection"><failure message="Expected linebreaks to be &apos;LF&apos; but found &apos;CRLF&apos;."><![CDATA[line 132, col 20, Error - Expected linebreaks to be &apos;LF&apos; but found &apos;CRLF&apos;. (linebreak-style)]]></failure></testcase>
<testcase time="0" name="org.eslint.semi" classname="C:\work\dyrectorio\web\crux-ui\src\server\crux\grpc-connection"><failure message="Missing semicolon."><![CDATA[line 132, col 20, Error - Missing semicolon. (semi)]]></failure></testcase>
<testcase time="0" name="org.eslint.linebreak-style" classname="C:\work\dyrectorio\web\crux-ui\src\server\crux\grpc-connection"><failure message="Expected linebreaks to be &apos;LF&apos; but found &apos;CRLF&apos;."><![CDATA[line 133, col 8, Error - Expected linebreaks to be &apos;LF&apos; but found &apos;CRLF&apos;. (linebreak-style)]]></failure></testcase>
<testcase time="0" name="org.eslint.linebreak-style" classname="C:\work\dyrectorio\web\crux-ui\src\server\crux\grpc-connection"><failure message="Expected linebreaks to be &apos;LF&apos; but found &apos;CRLF&apos;."><![CDATA[line 134, col 48, Error - Expected linebreaks to be &apos;LF&apos; but found &apos;CRLF&apos;. (linebreak-style)]]></failure></testcase>
<testcase time="0" name="org.eslint.semi" classname="C:\work\dyrectorio\web\crux-ui\src\server\crux\grpc-connection"><failure message="Missing semicolon."><![CDATA[line 134, col 48, Error - Missing semicolon. (semi)]]></failure></testcase>
<testcase time="0" name="org.eslint.linebreak-style" classname="C:\work\dyrectorio\web\crux-ui\src\server\crux\grpc-connection"><failure message="Expected linebreaks to be &apos;LF&apos; but found &apos;CRLF&apos;."><![CDATA[line 135, col 4, Error - Expected linebreaks to be &apos;LF&apos; but found &apos;CRLF&apos;. (linebreak-style)]]></failure></testcase>
<testcase time="0" name="org.eslint.linebreak-style" classname="C:\work\dyrectorio\web\crux-ui\src\server\crux\grpc-connection"><failure message="Expected linebreaks to be &apos;LF&apos; but found &apos;CRLF&apos;."><![CDATA[line 136, col 2, Error - Expected linebreaks to be &apos;LF&apos; but found &apos;CRLF&apos;. (linebreak-style)]]></failure></testcase>
<testcase time="0" name="org.eslint.linebreak-style" classname="C:\work\dyrectorio\web\crux-ui\src\server\crux\grpc-connection"><failure message="Expected linebreaks to be &apos;LF&apos; but found &apos;CRLF&apos;."><![CDATA[line 137, col 1, Error - Expected linebreaks to be &apos;LF&apos; but found &apos;CRLF&apos;. (linebreak-style)]]></failure></testcase>
<testcase time="0" name="org.eslint.linebreak-style" classname="C:\work\dyrectorio\web\crux-ui\src\server\crux\grpc-connection"><failure message="Expected linebreaks to be &apos;LF&apos; but found &apos;CRLF&apos;."><![CDATA[line 138, col 28, Error - Expected linebreaks to be &apos;LF&apos; but found &apos;CRLF&apos;. (linebreak-style)]]></failure></testcase>
<testcase time="0" name="org.eslint.linebreak-style" classname="C:\work\dyrectorio\web\crux-ui\src\server\crux\grpc-connection"><failure message="Expected linebreaks to be &apos;LF&apos; but found &apos;CRLF&apos;."><![CDATA[line 139, col 16, Error - Expected linebreaks to be &apos;LF&apos; but found &apos;CRLF&apos;. (linebreak-style)]]></failure></testcase>
<testcase time="0" name="org.eslint.linebreak-style" classname="C:\work\dyrectorio\web\crux-ui\src\server\crux\grpc-connection"><failure message="Expected linebreaks to be &apos;LF&apos; but found &apos;CRLF&apos;."><![CDATA[line 140, col 70, Error - Expected linebreaks to be &apos;LF&apos; but found &apos;CRLF&apos;. (linebreak-style)]]></failure></testcase>
<testcase time="0" name="org.eslint.linebreak-style" classname="C:\work\dyrectorio\web\crux-ui\src\server\crux\grpc-connection"><failure message="Expected linebreaks to be &apos;LF&apos; but found &apos;CRLF&apos;."><![CDATA[line 141, col 26, Error - Expected linebreaks to be &apos;LF&apos; but found &apos;CRLF&apos;. (linebreak-style)]]></failure></testcase>
<testcase time="0" name="org.eslint.linebreak-style" classname="C:\work\dyrectorio\web\crux-ui\src\server\crux\grpc-connection"><failure message="Expected linebreaks to be &apos;LF&apos; but found &apos;CRLF&apos;."><![CDATA[line 142, col 1, Error - Expected linebreaks to be &apos;LF&apos; but found &apos;CRLF&apos;. (linebreak-style)]]></failure></testcase>
<testcase time="0" name="org.eslint.linebreak-style" classname="C:\work\dyrectorio\web\crux-ui\src\server\crux\grpc-connection"><failure message="Expected linebreaks to be &apos;LF&apos; but found &apos;CRLF&apos;."><![CDATA[line 143, col 27, Error - Expected linebreaks to be &apos;LF&apos; but found &apos;CRLF&apos;. (linebreak-style)]]></failure></testcase>
<testcase time="0" name="org.eslint.linebreak-style" classname="C:\work\dyrectorio\web\crux-ui\src\server\crux\grpc-connection"><failure message="Expected linebreaks to be &apos;LF&apos; but found &apos;CRLF&apos;."><![CDATA[line 144, col 31, Error - Expected linebreaks to be &apos;LF&apos; but found &apos;CRLF&apos;. (linebreak-style)]]></failure></testcase>
<testcase time="0" name="org.eslint.linebreak-style" classname="C:\work\dyrectorio\web\crux-ui\src\server\crux\grpc-connection"><failure message="Expected linebreaks to be &apos;LF&apos; but found &apos;CRLF&apos;."><![CDATA[line 145, col 2, Error - Expected linebreaks to be &apos;LF&apos; but found &apos;CRLF&apos;. (linebreak-style)]]></failure></testcase>
<testcase time="0" name="org.eslint.linebreak-style" classname="C:\work\dyrectorio\web\crux-ui\src\server\crux\grpc-connection"><failure message="Expected linebreaks to be &apos;LF&apos; but found &apos;CRLF&apos;."><![CDATA[line 146, col 1, Error - Expected linebreaks to be &apos;LF&apos; but found &apos;CRLF&apos;. (linebreak-style)]]></failure></testcase>
<testcase time="0" name="org.eslint.operator-linebreak" classname="C:\work\dyrectorio\web\crux-ui\src\server\crux\grpc-connection"><failure message="There should be no line break before or after &apos;=&apos;."><![CDATA[line 147, col 26, Error - There should be no line break before or after &apos;=&apos;. (operator-linebreak)]]></failure></testcase>
<testcase time="0" name="org.eslint.linebreak-style" classname="C:\work\dyrectorio\web\crux-ui\src\server\crux\grpc-connection"><failure message="Expected linebreaks to be &apos;LF&apos; but found &apos;CRLF&apos;."><![CDATA[line 147, col 27, Error - Expected linebreaks to be &apos;LF&apos; but found &apos;CRLF&apos;. (linebreak-style)]]></failure></testcase>
<testcase time="0" name="org.eslint.linebreak-style" classname="C:\work\dyrectorio\web\crux-ui\src\server\crux\grpc-connection"><failure message="Expected linebreaks to be &apos;LF&apos; but found &apos;CRLF&apos;."><![CDATA[line 148, col 14, Error - Expected linebreaks to be &apos;LF&apos; but found &apos;CRLF&apos;. (linebreak-style)]]></failure></testcase>
<testcase time="0" name="org.eslint.linebreak-style" classname="C:\work\dyrectorio\web\crux-ui\src\server\crux\grpc-connection"><failure message="Expected linebreaks to be &apos;LF&apos; but found &apos;CRLF&apos;."><![CDATA[line 149, col 25, Error - Expected linebreaks to be &apos;LF&apos; but found &apos;CRLF&apos;. (linebreak-style)]]></failure></testcase>
<testcase time="0" name="org.eslint.linebreak-style" classname="C:\work\dyrectorio\web\crux-ui\src\server\crux\grpc-connection"><failure message="Expected linebreaks to be &apos;LF&apos; but found &apos;CRLF&apos;."><![CDATA[line 150, col 34, Error - Expected linebreaks to be &apos;LF&apos; but found &apos;CRLF&apos;. (linebreak-style)]]></failure></testcase>
<testcase time="0" name="org.eslint.linebreak-style" classname="C:\work\dyrectorio\web\crux-ui\src\server\crux\grpc-connection"><failure message="Expected linebreaks to be &apos;LF&apos; but found &apos;CRLF&apos;."><![CDATA[line 151, col 74, Error - Expected linebreaks to be &apos;LF&apos; but found &apos;CRLF&apos;. (linebreak-style)]]></failure></testcase>
<testcase time="0" name="org.eslint.indent" classname="C:\work\dyrectorio\web\crux-ui\src\server\crux\grpc-connection"><failure message="Expected indentation of 4 spaces but found 2."><![CDATA[line 152, col 1, Error - Expected indentation of 4 spaces but found 2. (indent)]]></failure></testcase>
<testcase time="0" name="org.eslint.implicit-arrow-linebreak" classname="C:\work\dyrectorio\web\crux-ui\src\server\crux\grpc-connection"><failure message="Expected no linebreak before this expression."><![CDATA[line 152, col 3, Error - Expected no linebreak before this expression. (implicit-arrow-linebreak)]]></failure></testcase>
<testcase time="0" name="org.eslint.linebreak-style" classname="C:\work\dyrectorio\web\crux-ui\src\server\crux\grpc-connection"><failure message="Expected linebreaks to be &apos;LF&apos; but found &apos;CRLF&apos;."><![CDATA[line 152, col 35, Error - Expected linebreaks to be &apos;LF&apos; but found &apos;CRLF&apos;. (linebreak-style)]]></failure></testcase>
<testcase time="0" name="org.eslint.indent" classname="C:\work\dyrectorio\web\crux-ui\src\server\crux\grpc-connection"><failure message="Expected indentation of 6 spaces but found 4."><![CDATA[line 153, col 1, Error - Expected indentation of 6 spaces but found 4. (indent)]]></failure></testcase>
<testcase time="0" name="org.eslint.linebreak-style" classname="C:\work\dyrectorio\web\crux-ui\src\server\crux\grpc-connection"><failure message="Expected linebreaks to be &apos;LF&apos; but found &apos;CRLF&apos;."><![CDATA[line 153, col 10, Error - Expected linebreaks to be &apos;LF&apos; but found &apos;CRLF&apos;. (linebreak-style)]]></failure></testcase>
<testcase time="0" name="org.eslint.indent" classname="C:\work\dyrectorio\web\crux-ui\src\server\crux\grpc-connection"><failure message="Expected indentation of 8 spaces but found 6."><![CDATA[line 154, col 1, Error - Expected indentation of 8 spaces but found 6. (indent)]]></failure></testcase>
<testcase time="0" name="org.eslint.linebreak-style" classname="C:\work\dyrectorio\web\crux-ui\src\server\crux\grpc-connection"><failure message="Expected linebreaks to be &apos;LF&apos; but found &apos;CRLF&apos;."><![CDATA[line 154, col 47, Error - Expected linebreaks to be &apos;LF&apos; but found &apos;CRLF&apos;. (linebreak-style)]]></failure></testcase>
<testcase time="0" name="org.eslint.semi" classname="C:\work\dyrectorio\web\crux-ui\src\server\crux\grpc-connection"><failure message="Missing semicolon."><![CDATA[line 154, col 47, Error - Missing semicolon. (semi)]]></failure></testcase>
<testcase time="0" name="org.eslint.indent" classname="C:\work\dyrectorio\web\crux-ui\src\server\crux\grpc-connection"><failure message="Expected indentation of 8 spaces but found 6."><![CDATA[line 155, col 1, Error - Expected indentation of 8 spaces but found 6. (indent)]]></failure></testcase>
<testcase time="0" name="org.eslint.linebreak-style" classname="C:\work\dyrectorio\web\crux-ui\src\server\crux\grpc-connection"><failure message="Expected linebreaks to be &apos;LF&apos; but found &apos;CRLF&apos;."><![CDATA[line 155, col 72, Error - Expected linebreaks to be &apos;LF&apos; but found &apos;CRLF&apos;. (linebreak-style)]]></failure></testcase>
<testcase time="0" name="org.eslint.semi" classname="C:\work\dyrectorio\web\crux-ui\src\server\crux\grpc-connection"><failure message="Missing semicolon."><![CDATA[line 155, col 72, Error - Missing semicolon. (semi)]]></failure></testcase>
<testcase time="0" name="org.eslint.indent" classname="C:\work\dyrectorio\web\crux-ui\src\server\crux\grpc-connection"><failure message="Expected indentation of 8 spaces but found 6."><![CDATA[line 156, col 1, Error - Expected indentation of 8 spaces but found 6. (indent)]]></failure></testcase>
<testcase time="0" name="org.eslint.linebreak-style" classname="C:\work\dyrectorio\web\crux-ui\src\server\crux\grpc-connection"><failure message="Expected linebreaks to be &apos;LF&apos; but found &apos;CRLF&apos;."><![CDATA[line 156, col 17, Error - Expected linebreaks to be &apos;LF&apos; but found &apos;CRLF&apos;. (linebreak-style)]]></failure></testcase>
<testcase time="0" name="org.eslint.semi" classname="C:\work\dyrectorio\web\crux-ui\src\server\crux\grpc-connection"><failure message="Missing semicolon."><![CDATA[line 156, col 17, Error - Missing semicolon. (semi)]]></failure></testcase>
<testcase time="0" name="org.eslint.indent" classname="C:\work\dyrectorio\web\crux-ui\src\server\crux\grpc-connection"><failure message="Expected indentation of 6 spaces but found 4."><![CDATA[line 157, col 1, Error - Expected indentation of 6 spaces but found 4. (indent)]]></failure></testcase>
<testcase time="0" name="org.eslint.linebreak-style" classname="C:\work\dyrectorio\web\crux-ui\src\server\crux\grpc-connection"><failure message="Expected linebreaks to be &apos;LF&apos; but found &apos;CRLF&apos;."><![CDATA[line 157, col 18, Error - Expected linebreaks to be &apos;LF&apos; but found &apos;CRLF&apos;. (linebreak-style)]]></failure></testcase>
<testcase time="0" name="org.eslint.indent" classname="C:\work\dyrectorio\web\crux-ui\src\server\crux\grpc-connection"><failure message="Expected indentation of 8 spaces but found 6."><![CDATA[line 158, col 1, Error - Expected indentation of 8 spaces but found 6. (indent)]]></failure></testcase>
<testcase time="0" name="org.eslint.linebreak-style" classname="C:\work\dyrectorio\web\crux-ui\src\server\crux\grpc-connection"><failure message="Expected linebreaks to be &apos;LF&apos; but found &apos;CRLF&apos;."><![CDATA[line 158, col 38, Error - Expected linebreaks to be &apos;LF&apos; but found &apos;CRLF&apos;. (linebreak-style)]]></failure></testcase>
<testcase time="0" name="org.eslint.semi" classname="C:\work\dyrectorio\web\crux-ui\src\server\crux\grpc-connection"><failure message="Missing semicolon."><![CDATA[line 158, col 38, Error - Missing semicolon. (semi)]]></failure></testcase>
<testcase time="0" name="org.eslint.indent" classname="C:\work\dyrectorio\web\crux-ui\src\server\crux\grpc-connection"><failure message="Expected indentation of 8 spaces but found 6."><![CDATA[line 159, col 1, Error - Expected indentation of 8 spaces but found 6. (indent)]]></failure></testcase>
<testcase time="0" name="org.eslint.linebreak-style" classname="C:\work\dyrectorio\web\crux-ui\src\server\crux\grpc-connection"><failure message="Expected linebreaks to be &apos;LF&apos; but found &apos;CRLF&apos;."><![CDATA[line 159, col 33, Error - Expected linebreaks to be &apos;LF&apos; but found &apos;CRLF&apos;. (linebreak-style)]]></failure></testcase>
<testcase time="0" name="org.eslint.semi" classname="C:\work\dyrectorio\web\crux-ui\src\server\crux\grpc-connection"><failure message="Missing semicolon."><![CDATA[line 159, col 33, Error - Missing semicolon. (semi)]]></failure></testcase>
<testcase time="0" name="org.eslint.indent" classname="C:\work\dyrectorio\web\crux-ui\src\server\crux\grpc-connection"><failure message="Expected indentation of 6 spaces but found 4."><![CDATA[line 160, col 1, Error - Expected indentation of 6 spaces but found 4. (indent)]]></failure></testcase>
<testcase time="0" name="org.eslint.linebreak-style" classname="C:\work\dyrectorio\web\crux-ui\src\server\crux\grpc-connection"><failure message="Expected linebreaks to be &apos;LF&apos; but found &apos;CRLF&apos;."><![CDATA[line 160, col 6, Error - Expected linebreaks to be &apos;LF&apos; but found &apos;CRLF&apos;. (linebreak-style)]]></failure></testcase>
<testcase time="0" name="org.eslint.indent" classname="C:\work\dyrectorio\web\crux-ui\src\server\crux\grpc-connection"><failure message="Expected indentation of 4 spaces but found 2."><![CDATA[line 161, col 1, Error - Expected indentation of 4 spaces but found 2. (indent)]]></failure></testcase>
<testcase time="0" name="org.eslint.linebreak-style" classname="C:\work\dyrectorio\web\crux-ui\src\server\crux\grpc-connection"><failure message="Expected linebreaks to be &apos;LF&apos; but found &apos;CRLF&apos;."><![CDATA[line 161, col 4, Error - Expected linebreaks to be &apos;LF&apos; but found &apos;CRLF&apos;. (linebreak-style)]]></failure></testcase>
<testcase time="0" name="org.eslint.semi" classname="C:\work\dyrectorio\web\crux-ui\src\server\crux\grpc-connection"><failure message="Missing semicolon."><![CDATA[line 161, col 4, Error - Missing semicolon. (semi)]]></failure></testcase>
</testsuite>
<testsuite package="org.eslint" time="0" tests="33" errors="33" name="C:\work\dyrectorio\web\crux-ui\src\server\crux\grpc-errors.ts">
<testcase time="0" name="org.eslint.linebreak-style" classname="C:\work\dyrectorio\web\crux-ui\src\server\crux\grpc-errors"><failure message="Expected linebreaks to be &apos;LF&apos; but found &apos;CRLF&apos;."><![CDATA[line 1, col 59, Error - Expected linebreaks to be &apos;LF&apos; but found &apos;CRLF&apos;. (linebreak-style)]]></failure></testcase>
<testcase time="0" name="org.eslint.semi" classname="C:\work\dyrectorio\web\crux-ui\src\server\crux\grpc-errors"><failure message="Missing semicolon."><![CDATA[line 1, col 59, Error - Missing semicolon. (semi)]]></failure></testcase>
<testcase time="0" name="org.eslint.linebreak-style" classname="C:\work\dyrectorio\web\crux-ui\src\server\crux\grpc-errors"><failure message="Expected linebreaks to be &apos;LF&apos; but found &apos;CRLF&apos;."><![CDATA[line 2, col 1, Error - Expected linebreaks to be &apos;LF&apos; but found &apos;CRLF&apos;. (linebreak-style)]]></failure></testcase>
<testcase time="0" name="org.eslint.linebreak-style" classname="C:\work\dyrectorio\web\crux-ui\src\server\crux\grpc-errors"><failure message="Expected linebreaks to be &apos;LF&apos; but found &apos;CRLF&apos;."><![CDATA[line 3, col 30, Error - Expected linebreaks to be &apos;LF&apos; but found &apos;CRLF&apos;. (linebreak-style)]]></failure></testcase>
<testcase time="0" name="org.eslint.linebreak-style" classname="C:\work\dyrectorio\web\crux-ui\src\server\crux\grpc-errors"><failure message="Expected linebreaks to be &apos;LF&apos; but found &apos;CRLF&apos;."><![CDATA[line 4, col 17, Error - Expected linebreaks to be &apos;LF&apos; but found &apos;CRLF&apos;. (linebreak-style)]]></failure></testcase>
<testcase time="0" name="org.eslint.linebreak-style" classname="C:\work\dyrectorio\web\crux-ui\src\server\crux\grpc-errors"><failure message="Expected linebreaks to be &apos;LF&apos; but found &apos;CRLF&apos;."><![CDATA[line 5, col 18, Error - Expected linebreaks to be &apos;LF&apos; but found &apos;CRLF&apos;. (linebreak-style)]]></failure></testcase>
<testcase time="0" name="org.eslint.linebreak-style" classname="C:\work\dyrectorio\web\crux-ui\src\server\crux\grpc-errors"><failure message="Expected linebreaks to be &apos;LF&apos; but found &apos;CRLF&apos;."><![CDATA[line 6, col 2, Error - Expected linebreaks to be &apos;LF&apos; but found &apos;CRLF&apos;. (linebreak-style)]]></failure></testcase>
<testcase time="0" name="org.eslint.linebreak-style" classname="C:\work\dyrectorio\web\crux-ui\src\server\crux\grpc-errors"><failure message="Expected linebreaks to be &apos;LF&apos; but found &apos;CRLF&apos;."><![CDATA[line 7, col 1, Error - Expected linebreaks to be &apos;LF&apos; but found &apos;CRLF&apos;. (linebreak-style)]]></failure></testcase>
<testcase time="0" name="org.eslint.linebreak-style" classname="C:\work\dyrectorio\web\crux-ui\src\server\crux\grpc-errors"><failure message="Expected linebreaks to be &apos;LF&apos; but found &apos;CRLF&apos;."><![CDATA[line 8, col 51, Error - Expected linebreaks to be &apos;LF&apos; but found &apos;CRLF&apos;. (linebreak-style)]]></failure></testcase>
<testcase time="0" name="org.eslint.linebreak-style" classname="C:\work\dyrectorio\web\crux-ui\src\server\crux\grpc-errors"><failure message="Expected linebreaks to be &apos;LF&apos; but found &apos;CRLF&apos;."><![CDATA[line 9, col 19, Error - Expected linebreaks to be &apos;LF&apos; but found &apos;CRLF&apos;. (linebreak-style)]]></failure></testcase>
<testcase time="0" name="org.eslint.linebreak-style" classname="C:\work\dyrectorio\web\crux-ui\src\server\crux\grpc-errors"><failure message="Expected linebreaks to be &apos;LF&apos; but found &apos;CRLF&apos;."><![CDATA[line 10, col 14, Error - Expected linebreaks to be &apos;LF&apos; but found &apos;CRLF&apos;. (linebreak-style)]]></failure></testcase>
<testcase time="0" name="org.eslint.linebreak-style" classname="C:\work\dyrectorio\web\crux-ui\src\server\crux\grpc-errors"><failure message="Expected linebreaks to be &apos;LF&apos; but found &apos;CRLF&apos;."><![CDATA[line 11, col 2, Error - Expected linebreaks to be &apos;LF&apos; but found &apos;CRLF&apos;. (linebreak-style)]]></failure></testcase>
<testcase time="0" name="org.eslint.linebreak-style" classname="C:\work\dyrectorio\web\crux-ui\src\server\crux\grpc-errors"><failure message="Expected linebreaks to be &apos;LF&apos; but found &apos;CRLF&apos;."><![CDATA[line 12, col 1, Error - Expected linebreaks to be &apos;LF&apos; but found &apos;CRLF&apos;. (linebreak-style)]]></failure></testcase>
<testcase time="0" name="org.eslint.linebreak-style" classname="C:\work\dyrectorio\web\crux-ui\src\server\crux\grpc-errors"><failure message="Expected linebreaks to be &apos;LF&apos; but found &apos;CRLF&apos;."><![CDATA[line 13, col 46, Error - Expected linebreaks to be &apos;LF&apos; but found &apos;CRLF&apos;. (linebreak-style)]]></failure></testcase>
<testcase time="0" name="org.eslint.linebreak-style" classname="C:\work\dyrectorio\web\crux-ui\src\server\crux\grpc-errors"><failure message="Expected linebreaks to be &apos;LF&apos; but found &apos;CRLF&apos;."><![CDATA[line 14, col 19, Error - Expected linebreaks to be &apos;LF&apos; but found &apos;CRLF&apos;. (linebreak-style)]]></failure></testcase>
<testcase time="0" name="org.eslint.linebreak-style" classname="C:\work\dyrectorio\web\crux-ui\src\server\crux\grpc-errors"><failure message="Expected linebreaks to be &apos;LF&apos; but found &apos;CRLF&apos;."><![CDATA[line 15, col 14, Error - Expected linebreaks to be &apos;LF&apos; but found &apos;CRLF&apos;. (linebreak-style)]]></failure></testcase>
<testcase time="0" name="org.eslint.linebreak-style" classname="C:\work\dyrectorio\web\crux-ui\src\server\crux\grpc-errors"><failure message="Expected linebreaks to be &apos;LF&apos; but found &apos;CRLF&apos;."><![CDATA[line 16, col 2, Error - Expected linebreaks to be &apos;LF&apos; but found &apos;CRLF&apos;. (linebreak-style)]]></failure></testcase>
<testcase time="0" name="org.eslint.linebreak-style" classname="C:\work\dyrectorio\web\crux-ui\src\server\crux\grpc-errors"><failure message="Expected linebreaks to be &apos;LF&apos; but found &apos;CRLF&apos;."><![CDATA[line 17, col 1, Error - Expected linebreaks to be &apos;LF&apos; but found &apos;CRLF&apos;. (linebreak-style)]]></failure></testcase>
<testcase time="0" name="org.eslint.linebreak-style" classname="C:\work\dyrectorio\web\crux-ui\src\server\crux\grpc-errors"><failure message="Expected linebreaks to be &apos;LF&apos; but found &apos;CRLF&apos;."><![CDATA[line 18, col 53, Error - Expected linebreaks to be &apos;LF&apos; but found &apos;CRLF&apos;. (linebreak-style)]]></failure></testcase>
<testcase time="0" name="org.eslint.linebreak-style" classname="C:\work\dyrectorio\web\crux-ui\src\server\crux\grpc-errors"><failure message="Expected linebreaks to be &apos;LF&apos; but found &apos;CRLF&apos;."><![CDATA[line 19, col 19, Error - Expected linebreaks to be &apos;LF&apos; but found &apos;CRLF&apos;. (linebreak-style)]]></failure></testcase>
<testcase time="0" name="org.eslint.linebreak-style" classname="C:\work\dyrectorio\web\crux-ui\src\server\crux\grpc-errors"><failure message="Expected linebreaks to be &apos;LF&apos; but found &apos;CRLF&apos;."><![CDATA[line 20, col 14, Error - Expected linebreaks to be &apos;LF&apos; but found &apos;CRLF&apos;. (linebreak-style)]]></failure></testcase>
<testcase time="0" name="org.eslint.linebreak-style" classname="C:\work\dyrectorio\web\crux-ui\src\server\crux\grpc-errors"><failure message="Expected linebreaks to be &apos;LF&apos; but found &apos;CRLF&apos;."><![CDATA[line 21, col 2, Error - Expected linebreaks to be &apos;LF&apos; but found &apos;CRLF&apos;. (linebreak-style)]]></failure></testcase>
<testcase time="0" name="org.eslint.linebreak-style" classname="C:\work\dyrectorio\web\crux-ui\src\server\crux\grpc-errors"><failure message="Expected linebreaks to be &apos;LF&apos; but found &apos;CRLF&apos;."><![CDATA[line 22, col 1, Error - Expected linebreaks to be &apos;LF&apos; but found &apos;CRLF&apos;. (linebreak-style)]]></failure></testcase>
<testcase time="0" name="org.eslint.linebreak-style" classname="C:\work\dyrectorio\web\crux-ui\src\server\crux\grpc-errors"><failure message="Expected linebreaks to be &apos;LF&apos; but found &apos;CRLF&apos;."><![CDATA[line 23, col 56, Error - Expected linebreaks to be &apos;LF&apos; but found &apos;CRLF&apos;. (linebreak-style)]]></failure></testcase>
<testcase time="0" name="org.eslint.linebreak-style" classname="C:\work\dyrectorio\web\crux-ui\src\server\crux\grpc-errors"><failure message="Expected linebreaks to be &apos;LF&apos; but found &apos;CRLF&apos;."><![CDATA[line 24, col 19, Error - Expected linebreaks to be &apos;LF&apos; but found &apos;CRLF&apos;. (linebreak-style)]]></failure></testcase>
<testcase time="0" name="org.eslint.linebreak-style" classname="C:\work\dyrectorio\web\crux-ui\src\server\crux\grpc-errors"><failure message="Expected linebreaks to be &apos;LF&apos; but found &apos;CRLF&apos;."><![CDATA[line 25, col 14, Error - Expected linebreaks to be &apos;LF&apos; but found &apos;CRLF&apos;. (linebreak-style)]]></failure></testcase>
<testcase time="0" name="org.eslint.linebreak-style" classname="C:\work\dyrectorio\web\crux-ui\src\server\crux\grpc-errors"><failure message="Expected linebreaks to be &apos;LF&apos; but found &apos;CRLF&apos;."><![CDATA[line 26, col 2, Error - Expected linebreaks to be &apos;LF&apos; but found &apos;CRLF&apos;. (linebreak-style)]]></failure></testcase>
<testcase time="0" name="org.eslint.linebreak-style" classname="C:\work\dyrectorio\web\crux-ui\src\server\crux\grpc-errors"><failure message="Expected linebreaks to be &apos;LF&apos; but found &apos;CRLF&apos;."><![CDATA[line 27, col 1, Error - Expected linebreaks to be &apos;LF&apos; but found &apos;CRLF&apos;. (linebreak-style)]]></failure></testcase>
<testcase time="0" name="org.eslint.linebreak-style" classname="C:\work\dyrectorio\web\crux-ui\src\server\crux\grpc-errors"><failure message="Expected linebreaks to be &apos;LF&apos; but found &apos;CRLF&apos;."><![CDATA[line 28, col 45, Error - Expected linebreaks to be &apos;LF&apos; but found &apos;CRLF&apos;. (linebreak-style)]]></failure></testcase>
<testcase time="0" name="org.eslint.linebreak-style" classname="C:\work\dyrectorio\web\crux-ui\src\server\crux\grpc-errors"><failure message="Expected linebreaks to be &apos;LF&apos; but found &apos;CRLF&apos;."><![CDATA[line 29, col 1, Error - Expected linebreaks to be &apos;LF&apos; but found &apos;CRLF&apos;. (linebreak-style)]]></failure></testcase>
<testcase time="0" name="org.eslint.linebreak-style" classname="C:\work\dyrectorio\web\crux-ui\src\server\crux\grpc-errors"><failure message="Expected linebreaks to be &apos;LF&apos; but found &apos;CRLF&apos;."><![CDATA[line 30, col 49, Error - Expected linebreaks to be &apos;LF&apos; but found &apos;CRLF&apos;. (linebreak-style)]]></failure></testcase>
<testcase time="0" name="org.eslint.linebreak-style" classname="C:\work\dyrectorio\web\crux-ui\src\server\crux\grpc-errors"><failure message="Expected linebreaks to be &apos;LF&apos; but found &apos;CRLF&apos;."><![CDATA[line 31, col 1, Error - Expected linebreaks to be &apos;LF&apos; but found &apos;CRLF&apos;. (linebreak-style)]]></failure></testcase>
<testcase time="0" name="org.eslint.linebreak-style" classname="C:\work\dyrectorio\web\crux-ui\src\server\crux\grpc-errors"><failure message="Expected linebreaks to be &apos;LF&apos; but found &apos;CRLF&apos;."><![CDATA[line 32, col 42, Error - Expected linebreaks to be &apos;LF&apos; but found &apos;CRLF&apos;. (linebreak-style)]]></failure></testcase>
</testsuite>
<testsuite package="org.eslint" time="0" tests="54" errors="54" name="C:\work\dyrectorio\web\crux-ui\src\server\crux\health-service.ts">
<testcase time="0" name="org.eslint.linebreak-style" classname="C:\work\dyrectorio\web\crux-ui\src\server\crux\health-service"><failure message="Expected linebreaks to be &apos;LF&apos; but found &apos;CRLF&apos;."><![CDATA[line 1, col 37, Error - Expected linebreaks to be &apos;LF&apos; but found &apos;CRLF&apos;. (linebreak-style)]]></failure></testcase>
<testcase time="0" name="org.eslint.semi" classname="C:\work\dyrectorio\web\crux-ui\src\server\crux\health-service"><failure message="Missing semicolon."><![CDATA[line 1, col 37, Error - Missing semicolon. (semi)]]></failure></testcase>
<testcase time="0" name="org.eslint.linebreak-style" classname="C:\work\dyrectorio\web\crux-ui\src\server\crux\health-service"><failure message="Expected linebreaks to be &apos;LF&apos; but found &apos;CRLF&apos;."><![CDATA[line 2, col 77, Error - Expected linebreaks to be &apos;LF&apos; but found &apos;CRLF&apos;. (linebreak-style)]]></failure></testcase>
<testcase time="0" name="org.eslint.semi" classname="C:\work\dyrectorio\web\crux-ui\src\server\crux\health-service"><failure message="Missing semicolon."><![CDATA[line 2, col 77, Error - Missing semicolon. (semi)]]></failure></testcase>
<testcase time="0" name="org.eslint.linebreak-style" classname="C:\work\dyrectorio\web\crux-ui\src\server\crux\health-service"><failure message="Expected linebreaks to be &apos;LF&apos; but found &apos;CRLF&apos;."><![CDATA[line 3, col 9, Error - Expected linebreaks to be &apos;LF&apos; but found &apos;CRLF&apos;. (linebreak-style)]]></failure></testcase>
<testcase time="0" name="org.eslint.linebreak-style" classname="C:\work\dyrectorio\web\crux-ui\src\server\crux\health-service"><failure message="Expected linebreaks to be &apos;LF&apos; but found &apos;CRLF&apos;."><![CDATA[line 4, col 20, Error - Expected linebreaks to be &apos;LF&apos; but found &apos;CRLF&apos;. (linebreak-style)]]></failure></testcase>
<testcase time="0" name="org.eslint.linebreak-style" classname="C:\work\dyrectorio\web\crux-ui\src\server\crux\health-service"><failure message="Expected linebreaks to be &apos;LF&apos; but found &apos;CRLF&apos;."><![CDATA[line 5, col 9, Error - Expected linebreaks to be &apos;LF&apos; but found &apos;CRLF&apos;. (linebreak-style)]]></failure></testcase>
<testcase time="0" name="org.eslint.linebreak-style" classname="C:\work\dyrectorio\web\crux-ui\src\server\crux\health-service"><failure message="Expected linebreaks to be &apos;LF&apos; but found &apos;CRLF&apos;."><![CDATA[line 6, col 18, Error - Expected linebreaks to be &apos;LF&apos; but found &apos;CRLF&apos;. (linebreak-style)]]></failure></testcase>
<testcase time="0" name="org.eslint.linebreak-style" classname="C:\work\dyrectorio\web\crux-ui\src\server\crux\health-service"><failure message="Expected linebreaks to be &apos;LF&apos; but found &apos;CRLF&apos;."><![CDATA[line 7, col 39, Error - Expected linebreaks to be &apos;LF&apos; but found &apos;CRLF&apos;. (linebreak-style)]]></failure></testcase>
<testcase time="0" name="org.eslint.linebreak-style" classname="C:\work\dyrectorio\web\crux-ui\src\server\crux\health-service"><failure message="Expected linebreaks to be &apos;LF&apos; but found &apos;CRLF&apos;."><![CDATA[line 8, col 23, Error - Expected linebreaks to be &apos;LF&apos; but found &apos;CRLF&apos;. (linebreak-style)]]></failure></testcase>
<testcase time="0" name="org.eslint.linebreak-style" classname="C:\work\dyrectorio\web\crux-ui\src\server\crux\health-service"><failure message="Expected linebreaks to be &apos;LF&apos; but found &apos;CRLF&apos;."><![CDATA[line 9, col 46, Error - Expected linebreaks to be &apos;LF&apos; but found &apos;CRLF&apos;. (linebreak-style)]]></failure></testcase>
<testcase time="0" name="org.eslint.semi" classname="C:\work\dyrectorio\web\crux-ui\src\server\crux\health-service"><failure message="Missing semicolon."><![CDATA[line 9, col 46, Error - Missing semicolon. (semi)]]></failure></testcase>
<testcase time="0" name="org.eslint.linebreak-style" classname="C:\work\dyrectorio\web\crux-ui\src\server\crux\health-service"><failure message="Expected linebreaks to be &apos;LF&apos; but found &apos;CRLF&apos;."><![CDATA[line 10, col 59, Error - Expected linebreaks to be &apos;LF&apos; but found &apos;CRLF&apos;. (linebreak-style)]]></failure></testcase>
<testcase time="0" name="org.eslint.semi" classname="C:\work\dyrectorio\web\crux-ui\src\server\crux\health-service"><failure message="Missing semicolon."><![CDATA[line 10, col 59, Error - Missing semicolon. (semi)]]></failure></testcase>
<testcase time="0" name="org.eslint.linebreak-style" classname="C:\work\dyrectorio\web\crux-ui\src\server\crux\health-service"><failure message="Expected linebreaks to be &apos;LF&apos; but found &apos;CRLF&apos;."><![CDATA[line 11, col 1, Error - Expected linebreaks to be &apos;LF&apos; but found &apos;CRLF&apos;. (linebreak-style)]]></failure></testcase>
<testcase time="0" name="org.eslint.linebreak-style" classname="C:\work\dyrectorio\web\crux-ui\src\server\crux\health-service"><failure message="Expected linebreaks to be &apos;LF&apos; but found &apos;CRLF&apos;."><![CDATA[line 12, col 25, Error - Expected linebreaks to be &apos;LF&apos; but found &apos;CRLF&apos;. (linebreak-style)]]></failure></testcase>
<testcase time="0" name="org.eslint.linebreak-style" classname="C:\work\dyrectorio\web\crux-ui\src\server\crux\health-service"><failure message="Expected linebreaks to be &apos;LF&apos; but found &apos;CRLF&apos;."><![CDATA[line 13, col 53, Error - Expected linebreaks to be &apos;LF&apos; but found &apos;CRLF&apos;. (linebreak-style)]]></failure></testcase>
<testcase time="0" name="org.eslint.semi" classname="C:\work\dyrectorio\web\crux-ui\src\server\crux\health-service"><failure message="Missing semicolon."><![CDATA[line 13, col 53, Error - Missing semicolon. (semi)]]></failure></testcase>
<testcase time="0" name="org.eslint.linebreak-style" classname="C:\work\dyrectorio\web\crux-ui\src\server\crux\health-service"><failure message="Expected linebreaks to be &apos;LF&apos; but found &apos;CRLF&apos;."><![CDATA[line 14, col 1, Error - Expected linebreaks to be &apos;LF&apos; but found &apos;CRLF&apos;. (linebreak-style)]]></failure></testcase>
<testcase time="0" name="org.eslint.no-useless-constructor" classname="C:\work\dyrectorio\web\crux-ui\src\server\crux\health-service"><failure message="Useless constructor."><![CDATA[line 15, col 3, Error - Useless constructor. (no-useless-constructor)]]></failure></testcase>
<testcase time="0" name="org.eslint.no-empty-function" classname="C:\work\dyrectorio\web\crux-ui\src\server\crux\health-service"><failure message="Unexpected empty constructor."><![CDATA[line 15, col 49, Error - Unexpected empty constructor. (no-empty-function)]]></failure></testcase>
<testcase time="0" name="org.eslint.linebreak-style" classname="C:\work\dyrectorio\web\crux-ui\src\server\crux\health-service"><failure message="Expected linebreaks to be &apos;LF&apos; but found &apos;CRLF&apos;."><![CDATA[line 15, col 51, Error - Expected linebreaks to be &apos;LF&apos; but found &apos;CRLF&apos;. (linebreak-style)]]></failure></testcase>
<testcase time="0" name="org.eslint.linebreak-style" classname="C:\work\dyrectorio\web\crux-ui\src\server\crux\health-service"><failure message="Expected linebreaks to be &apos;LF&apos; but found &apos;CRLF&apos;."><![CDATA[line 16, col 1, Error - Expected linebreaks to be &apos;LF&apos; but found &apos;CRLF&apos;. (linebreak-style)]]></failure></testcase>
<testcase time="0" name="org.eslint.linebreak-style" classname="C:\work\dyrectorio\web\crux-ui\src\server\crux\health-service"><failure message="Expected linebreaks to be &apos;LF&apos; but found &apos;CRLF&apos;."><![CDATA[line 17, col 43, Error - Expected linebreaks to be &apos;LF&apos; but found &apos;CRLF&apos;. (linebreak-style)]]></failure></testcase>
<testcase time="0" name="org.eslint.linebreak-style" classname="C:\work\dyrectorio\web\crux-ui\src\server\crux\health-service"><failure message="Expected linebreaks to be &apos;LF&apos; but found &apos;CRLF&apos;."><![CDATA[line 18, col 26, Error - Expected linebreaks to be &apos;LF&apos; but found &apos;CRLF&apos;. (linebreak-style)]]></failure></testcase>
<testcase time="0" name="org.eslint.semi" classname="C:\work\dyrectorio\web\crux-ui\src\server\crux\health-service"><failure message="Missing semicolon."><![CDATA[line 18, col 26, Error - Missing semicolon. (semi)]]></failure></testcase>
<testcase time="0" name="org.eslint.linebreak-style" classname="C:\work\dyrectorio\web\crux-ui\src\server\crux\health-service"><failure message="Expected linebreaks to be &apos;LF&apos; but found &apos;CRLF&apos;."><![CDATA[line 19, col 1, Error - Expected linebreaks to be &apos;LF&apos; but found &apos;CRLF&apos;. (linebreak-style)]]></failure></testcase>
<testcase time="0" name="org.eslint.linebreak-style" classname="C:\work\dyrectorio\web\crux-ui\src\server\crux\health-service"><failure message="Expected linebreaks to be &apos;LF&apos; but found &apos;CRLF&apos;."><![CDATA[line 20, col 10, Error - Expected linebreaks to be &apos;LF&apos; but found &apos;CRLF&apos;. (linebreak-style)]]></failure></testcase>
<testcase time="0" name="org.eslint.max-len" classname="C:\work\dyrectorio\web\crux-ui\src\server\crux\health-service"><failure message="This line has a length of 106. Maximum allowed is 100."><![CDATA[line 21, col 1, Error - This line has a length of 106. Maximum allowed is 100. (max-len)]]></failure></testcase>
<testcase time="0" name="org.eslint.linebreak-style" classname="C:\work\dyrectorio\web\crux-ui\src\server\crux\health-service"><failure message="Expected linebreaks to be &apos;LF&apos; but found &apos;CRLF&apos;."><![CDATA[line 21, col 107, Error - Expected linebreaks to be &apos;LF&apos; but found &apos;CRLF&apos;. (linebreak-style)]]></failure></testcase>
<testcase time="0" name="org.eslint.semi" classname="C:\work\dyrectorio\web\crux-ui\src\server\crux\health-service"><failure message="Missing semicolon."><![CDATA[line 21, col 107, Error - Missing semicolon. (semi)]]></failure></testcase>
<testcase time="0" name="org.eslint.linebreak-style" classname="C:\work\dyrectorio\web\crux-ui\src\server\crux\health-service"><failure message="Expected linebreaks to be &apos;LF&apos; but found &apos;CRLF&apos;."><![CDATA[line 22, col 15, Error - Expected linebreaks to be &apos;LF&apos; but found &apos;CRLF&apos;. (linebreak-style)]]></failure></testcase>
<testcase time="0" name="org.eslint.no-use-before-define" classname="C:\work\dyrectorio\web\crux-ui\src\server\crux\health-service"><failure message="&apos;serviceStatusToDto&apos; was used before it was defined."><![CDATA[line 23, col 17, Error - &apos;serviceStatusToDto&apos; was used before it was defined. (no-use-before-define)]]></failure></testcase>
<testcase time="0" name="org.eslint.linebreak-style" classname="C:\work\dyrectorio\web\crux-ui\src\server\crux\health-service"><failure message="Expected linebreaks to be &apos;LF&apos; but found &apos;CRLF&apos;."><![CDATA[line 23, col 48, Error - Expected linebreaks to be &apos;LF&apos; but found &apos;CRLF&apos;. (linebreak-style)]]></failure></testcase>
<testcase time="0" name="org.eslint.linebreak-style" classname="C:\work\dyrectorio\web\crux-ui\src\server\crux\health-service"><failure message="Expected linebreaks to be &apos;LF&apos; but found &apos;CRLF&apos;."><![CDATA[line 24, col 34, Error - Expected linebreaks to be &apos;LF&apos; but found &apos;CRLF&apos;. (linebreak-style)]]></failure></testcase>
<testcase time="0" name="org.eslint.linebreak-style" classname="C:\work\dyrectorio\web\crux-ui\src\server\crux\health-service"><failure message="Expected linebreaks to be &apos;LF&apos; but found &apos;CRLF&apos;."><![CDATA[line 25, col 42, Error - Expected linebreaks to be &apos;LF&apos; but found &apos;CRLF&apos;. (linebreak-style)]]></failure></testcase>
<testcase time="0" name="org.eslint.linebreak-style" classname="C:\work\dyrectorio\web\crux-ui\src\server\crux\health-service"><failure message="Expected linebreaks to be &apos;LF&apos; but found &apos;CRLF&apos;."><![CDATA[line 26, col 8, Error - Expected linebreaks to be &apos;LF&apos; but found &apos;CRLF&apos;. (linebreak-style)]]></failure></testcase>
<testcase time="0" name="org.eslint.semi" classname="C:\work\dyrectorio\web\crux-ui\src\server\crux\health-service"><failure message="Missing semicolon."><![CDATA[line 26, col 8, Error - Missing semicolon. (semi)]]></failure></testcase>
<testcase time="0" name="org.eslint.linebreak-style" classname="C:\work\dyrectorio\web\crux-ui\src\server\crux\health-service"><failure message="Expected linebreaks to be &apos;LF&apos; but found &apos;CRLF&apos;."><![CDATA[line 27, col 18, Error - Expected linebreaks to be &apos;LF&apos; but found &apos;CRLF&apos;. (linebreak-style)]]></failure></testcase>
<testcase time="0" name="org.eslint.linebreak-style" classname="C:\work\dyrectorio\web\crux-ui\src\server\crux\health-service"><failure message="Expected linebreaks to be &apos;LF&apos; but found &apos;CRLF&apos;."><![CDATA[line 28, col 43, Error - Expected linebreaks to be &apos;LF&apos; but found &apos;CRLF&apos;. (linebreak-style)]]></failure></testcase>
<testcase time="0" name="org.eslint.semi" classname="C:\work\dyrectorio\web\crux-ui\src\server\crux\health-service"><failure message="Missing semicolon."><![CDATA[line 28, col 43, Error - Missing semicolon. (semi)]]></failure></testcase>
<testcase time="0" name="org.eslint.linebreak-style" classname="C:\work\dyrectorio\web\crux-ui\src\server\crux\health-service"><failure message="Expected linebreaks to be &apos;LF&apos; but found &apos;CRLF&apos;."><![CDATA[line 29, col 33, Error - Expected linebreaks to be &apos;LF&apos; but found &apos;CRLF&apos;. (linebreak-style)]]></failure></testcase>
<testcase time="0" name="org.eslint.semi" classname="C:\work\dyrectorio\web\crux-ui\src\server\crux\health-service"><failure message="Missing semicolon."><![CDATA[line 29, col 33, Error - Missing semicolon. (semi)]]></failure></testcase>
<testcase time="0" name="org.eslint.linebreak-style" classname="C:\work\dyrectorio\web\crux-ui\src\server\crux\health-service"><failure message="Expected linebreaks to be &apos;LF&apos; but found &apos;CRLF&apos;."><![CDATA[line 30, col 6, Error - Expected linebreaks to be &apos;LF&apos; but found &apos;CRLF&apos;. (linebreak-style)]]></failure></testcase>
<testcase time="0" name="org.eslint.linebreak-style" classname="C:\work\dyrectorio\web\crux-ui\src\server\crux\health-service"><failure message="Expected linebreaks to be &apos;LF&apos; but found &apos;CRLF&apos;."><![CDATA[line 31, col 4, Error - Expected linebreaks to be &apos;LF&apos; but found &apos;CRLF&apos;. (linebreak-style)]]></failure></testcase>
<testcase time="0" name="org.eslint.linebreak-style" classname="C:\work\dyrectorio\web\crux-ui\src\server\crux\health-service"><failure message="Expected linebreaks to be &apos;LF&apos; but found &apos;CRLF&apos;."><![CDATA[line 32, col 2, Error - Expected linebreaks to be &apos;LF&apos; but found &apos;CRLF&apos;. (linebreak-style)]]></failure></testcase>
<testcase time="0" name="org.eslint.linebreak-style" classname="C:\work\dyrectorio\web\crux-ui\src\server\crux\health-service"><failure message="Expected linebreaks to be &apos;LF&apos; but found &apos;CRLF&apos;."><![CDATA[line 33, col 1, Error - Expected linebreaks to be &apos;LF&apos; but found &apos;CRLF&apos;. (linebreak-style)]]></failure></testcase>
<testcase time="0" name="org.eslint.linebreak-style" classname="C:\work\dyrectorio\web\crux-ui\src\server\crux\health-service"><failure message="Expected linebreaks to be &apos;LF&apos; but found &apos;CRLF&apos;."><![CDATA[line 34, col 32, Error - Expected linebreaks to be &apos;LF&apos; but found &apos;CRLF&apos;. (linebreak-style)]]></failure></testcase>
<testcase time="0" name="org.eslint.semi" classname="C:\work\dyrectorio\web\crux-ui\src\server\crux\health-service"><failure message="Missing semicolon."><![CDATA[line 34, col 32, Error - Missing semicolon. (semi)]]></failure></testcase>
<testcase time="0" name="org.eslint.linebreak-style" classname="C:\work\dyrectorio\web\crux-ui\src\server\crux\health-service"><failure message="Expected linebreaks to be &apos;LF&apos; but found &apos;CRLF&apos;."><![CDATA[line 35, col 1, Error - Expected linebreaks to be &apos;LF&apos; but found &apos;CRLF&apos;. (linebreak-style)]]></failure></testcase>
<testcase time="0" name="org.eslint.linebreak-style" classname="C:\work\dyrectorio\web\crux-ui\src\server\crux\health-service"><failure message="Expected linebreaks to be &apos;LF&apos; but found &apos;CRLF&apos;."><![CDATA[line 36, col 81, Error - Expected linebreaks to be &apos;LF&apos; but found &apos;CRLF&apos;. (linebreak-style)]]></failure></testcase>
<testcase time="0" name="org.eslint.implicit-arrow-linebreak" classname="C:\work\dyrectorio\web\crux-ui\src\server\crux\health-service"><failure message="Expected no linebreak before this expression."><![CDATA[line 37, col 3, Error - Expected no linebreak before this expression. (implicit-arrow-linebreak)]]></failure></testcase>
<testcase time="0" name="org.eslint.linebreak-style" classname="C:\work\dyrectorio\web\crux-ui\src\server\crux\health-service"><failure message="Expected linebreaks to be &apos;LF&apos; but found &apos;CRLF&apos;."><![CDATA[line 37, col 67, Error - Expected linebreaks to be &apos;LF&apos; but found &apos;CRLF&apos;. (linebreak-style)]]></failure></testcase>
<testcase time="0" name="org.eslint.semi" classname="C:\work\dyrectorio\web\crux-ui\src\server\crux\health-service"><failure message="Missing semicolon."><![CDATA[line 37, col 67, Error - Missing semicolon. (semi)]]></failure></testcase>
</testsuite>
<testsuite package="org.eslint" time="0" tests="395" errors="395" name="C:\work\dyrectorio\web\crux-ui\src\server\crux\image-service.ts">
<testcase time="0" name="org.eslint.linebreak-style" classname="C:\work\dyrectorio\web\crux-ui\src\server\crux\image-service"><failure message="Expected linebreaks to be &apos;LF&apos; but found &apos;CRLF&apos;."><![CDATA[line 1, col 37, Error - Expected linebreaks to be &apos;LF&apos; but found &apos;CRLF&apos;. (linebreak-style)]]></failure></testcase>
<testcase time="0" name="org.eslint.semi" classname="C:\work\dyrectorio\web\crux-ui\src\server\crux\image-service"><failure message="Missing semicolon."><![CDATA[line 1, col 37, Error - Missing semicolon. (semi)]]></failure></testcase>
<testcase time="0" name="org.eslint.linebreak-style" classname="C:\work\dyrectorio\web\crux-ui\src\server\crux\image-service"><failure message="Expected linebreaks to be &apos;LF&apos; but found &apos;CRLF&apos;."><![CDATA[line 2, col 78, Error - Expected linebreaks to be &apos;LF&apos; but found &apos;CRLF&apos;. (linebreak-style)]]></failure></testcase>
<testcase time="0" name="org.eslint.semi" classname="C:\work\dyrectorio\web\crux-ui\src\server\crux\image-service"><failure message="Missing semicolon."><![CDATA[line 2, col 78, Error - Missing semicolon. (semi)]]></failure></testcase>
<testcase time="0" name="org.eslint.linebreak-style" classname="C:\work\dyrectorio\web\crux-ui\src\server\crux\image-service"><failure message="Expected linebreaks to be &apos;LF&apos; but found &apos;CRLF&apos;."><![CDATA[line 3, col 9, Error - Expected linebreaks to be &apos;LF&apos; but found &apos;CRLF&apos;. (linebreak-style)]]></failure></testcase>
<testcase time="0" name="org.eslint.linebreak-style" classname="C:\work\dyrectorio\web\crux-ui\src\server\crux\image-service"><failure message="Expected linebreaks to be &apos;LF&apos; but found &apos;CRLF&apos;."><![CDATA[line 4, col 19, Error - Expected linebreaks to be &apos;LF&apos; but found &apos;CRLF&apos;. (linebreak-style)]]></failure></testcase>
<testcase time="0" name="org.eslint.linebreak-style" classname="C:\work\dyrectorio\web\crux-ui\src\server\crux\image-service"><failure message="Expected linebreaks to be &apos;LF&apos; but found &apos;CRLF&apos;."><![CDATA[line 5, col 27, Error - Expected linebreaks to be &apos;LF&apos; but found &apos;CRLF&apos;. (linebreak-style)]]></failure></testcase>
<testcase time="0" name="org.eslint.linebreak-style" classname="C:\work\dyrectorio\web\crux-ui\src\server\crux\image-service"><failure message="Expected linebreaks to be &apos;LF&apos; but found &apos;CRLF&apos;."><![CDATA[line 6, col 30, Error - Expected linebreaks to be &apos;LF&apos; but found &apos;CRLF&apos;. (linebreak-style)]]></failure></testcase>
<testcase time="0" name="org.eslint.linebreak-style" classname="C:\work\dyrectorio\web\crux-ui\src\server\crux\image-service"><failure message="Expected linebreaks to be &apos;LF&apos; but found &apos;CRLF&apos;."><![CDATA[line 7, col 43, Error - Expected linebreaks to be &apos;LF&apos; but found &apos;CRLF&apos;. (linebreak-style)]]></failure></testcase>
<testcase time="0" name="org.eslint.linebreak-style" classname="C:\work\dyrectorio\web\crux-ui\src\server\crux\image-service"><failure message="Expected linebreaks to be &apos;LF&apos; but found &apos;CRLF&apos;."><![CDATA[line 8, col 32, Error - Expected linebreaks to be &apos;LF&apos; but found &apos;CRLF&apos;. (linebreak-style)]]></failure></testcase>
<testcase time="0" name="org.eslint.linebreak-style" classname="C:\work\dyrectorio\web\crux-ui\src\server\crux\image-service"><failure message="Expected linebreaks to be &apos;LF&apos; but found &apos;CRLF&apos;."><![CDATA[line 9, col 38, Error - Expected linebreaks to be &apos;LF&apos; but found &apos;CRLF&apos;. (linebreak-style)]]></failure></testcase>
<testcase time="0" name="org.eslint.linebreak-style" classname="C:\work\dyrectorio\web\crux-ui\src\server\crux\image-service"><failure message="Expected linebreaks to be &apos;LF&apos; but found &apos;CRLF&apos;."><![CDATA[line 10, col 28, Error - Expected linebreaks to be &apos;LF&apos; but found &apos;CRLF&apos;. (linebreak-style)]]></failure></testcase>
<testcase time="0" name="org.eslint.semi" classname="C:\work\dyrectorio\web\crux-ui\src\server\crux\image-service"><failure message="Missing semicolon."><![CDATA[line 10, col 28, Error - Missing semicolon. (semi)]]></failure></testcase>
<testcase time="0" name="org.eslint.linebreak-style" classname="C:\work\dyrectorio\web\crux-ui\src\server\crux\image-service"><failure message="Expected linebreaks to be &apos;LF&apos; but found &apos;CRLF&apos;."><![CDATA[line 11, col 9, Error - Expected linebreaks to be &apos;LF&apos; but found &apos;CRLF&apos;. (linebreak-style)]]></failure></testcase>
<testcase time="0" name="org.eslint.linebreak-style" classname="C:\work\dyrectorio\web\crux-ui\src\server\crux\image-service"><failure message="Expected linebreaks to be &apos;LF&apos; but found &apos;CRLF&apos;."><![CDATA[line 12, col 22, Error - Expected linebreaks to be &apos;LF&apos; but found &apos;CRLF&apos;. (linebreak-style)]]></failure></testcase>
<testcase time="0" name="org.eslint.linebreak-style" classname="C:\work\dyrectorio\web\crux-ui\src\server\crux\image-service"><failure message="Expected linebreaks to be &apos;LF&apos; but found &apos;CRLF&apos;."><![CDATA[line 13, col 30, Error - Expected linebreaks to be &apos;LF&apos; but found &apos;CRLF&apos;. (linebreak-style)]]></failure></testcase>
<testcase time="0" name="org.eslint.linebreak-style" classname="C:\work\dyrectorio\web\crux-ui\src\server\crux\image-service"><failure message="Expected linebreaks to be &apos;LF&apos; but found &apos;CRLF&apos;."><![CDATA[line 14, col 28, Error - Expected linebreaks to be &apos;LF&apos; but found &apos;CRLF&apos;. (linebreak-style)]]></failure></testcase>
<testcase time="0" name="org.eslint.linebreak-style" classname="C:\work\dyrectorio\web\crux-ui\src\server\crux\image-service"><failure message="Expected linebreaks to be &apos;LF&apos; but found &apos;CRLF&apos;."><![CDATA[line 15, col 59, Error - Expected linebreaks to be &apos;LF&apos; but found &apos;CRLF&apos;. (linebreak-style)]]></failure></testcase>
<testcase time="0" name="org.eslint.linebreak-style" classname="C:\work\dyrectorio\web\crux-ui\src\server\crux\image-service"><failure message="Expected linebreaks to be &apos;LF&apos; but found &apos;CRLF&apos;."><![CDATA[line 16, col 13, Error - Expected linebreaks to be &apos;LF&apos; but found &apos;CRLF&apos;. (linebreak-style)]]></failure></testcase>
<testcase time="0" name="org.eslint.linebreak-style" classname="C:\work\dyrectorio\web\crux-ui\src\server\crux\image-service"><failure message="Expected linebreaks to be &apos;LF&apos; but found &apos;CRLF&apos;."><![CDATA[line 17, col 15, Error - Expected linebreaks to be &apos;LF&apos; but found &apos;CRLF&apos;. (linebreak-style)]]></failure></testcase>
<testcase time="0" name="org.eslint.linebreak-style" classname="C:\work\dyrectorio\web\crux-ui\src\server\crux\image-service"><failure message="Expected linebreaks to be &apos;LF&apos; but found &apos;CRLF&apos;."><![CDATA[line 18, col 23, Error - Expected linebreaks to be &apos;LF&apos; but found &apos;CRLF&apos;. (linebreak-style)]]></failure></testcase>
<testcase time="0" name="org.eslint.linebreak-style" classname="C:\work\dyrectorio\web\crux-ui\src\server\crux\image-service"><failure message="Expected linebreaks to be &apos;LF&apos; but found &apos;CRLF&apos;."><![CDATA[line 19, col 21, Error - Expected linebreaks to be &apos;LF&apos; but found &apos;CRLF&apos;. (linebreak-style)]]></failure></testcase>
<testcase time="0" name="org.eslint.linebreak-style" classname="C:\work\dyrectorio\web\crux-ui\src\server\crux\image-service"><failure message="Expected linebreaks to be &apos;LF&apos; but found &apos;CRLF&apos;."><![CDATA[line 20, col 17, Error - Expected linebreaks to be &apos;LF&apos; but found &apos;CRLF&apos;. (linebreak-style)]]></failure></testcase>
<testcase time="0" name="org.eslint.linebreak-style" classname="C:\work\dyrectorio\web\crux-ui\src\server\crux\image-service"><failure message="Expected linebreaks to be &apos;LF&apos; but found &apos;CRLF&apos;."><![CDATA[line 21, col 25, Error - Expected linebreaks to be &apos;LF&apos; but found &apos;CRLF&apos;. (linebreak-style)]]></failure></testcase>
<testcase time="0" name="org.eslint.linebreak-style" classname="C:\work\dyrectorio\web\crux-ui\src\server\crux\image-service"><failure message="Expected linebreaks to be &apos;LF&apos; but found &apos;CRLF&apos;."><![CDATA[line 22, col 23, Error - Expected linebreaks to be &apos;LF&apos; but found &apos;CRLF&apos;. (linebreak-style)]]></failure></testcase>
<testcase time="0" name="org.eslint.linebreak-style" classname="C:\work\dyrectorio\web\crux-ui\src\server\crux\image-service"><failure message="Expected linebreaks to be &apos;LF&apos; but found &apos;CRLF&apos;."><![CDATA[line 23, col 10, Error - Expected linebreaks to be &apos;LF&apos; but found &apos;CRLF&apos;. (linebreak-style)]]></failure></testcase>
<testcase time="0" name="org.eslint.linebreak-style" classname="C:\work\dyrectorio\web\crux-ui\src\server\crux\image-service"><failure message="Expected linebreaks to be &apos;LF&apos; but found &apos;CRLF&apos;."><![CDATA[line 24, col 48, Error - Expected linebreaks to be &apos;LF&apos; but found &apos;CRLF&apos;. (linebreak-style)]]></failure></testcase>
<testcase time="0" name="org.eslint.semi" classname="C:\work\dyrectorio\web\crux-ui\src\server\crux\image-service"><failure message="Missing semicolon."><![CDATA[line 24, col 48, Error - Missing semicolon. (semi)]]></failure></testcase>
<testcase time="0" name="org.eslint.linebreak-style" classname="C:\work\dyrectorio\web\crux-ui\src\server\crux\image-service"><failure message="Expected linebreaks to be &apos;LF&apos; but found &apos;CRLF&apos;."><![CDATA[line 25, col 9, Error - Expected linebreaks to be &apos;LF&apos; but found &apos;CRLF&apos;. (linebreak-style)]]></failure></testcase>
<testcase time="0" name="org.eslint.linebreak-style" classname="C:\work\dyrectorio\web\crux-ui\src\server\crux\image-service"><failure message="Expected linebreaks to be &apos;LF&apos; but found &apos;CRLF&apos;."><![CDATA[line 26, col 29, Error - Expected linebreaks to be &apos;LF&apos; but found &apos;CRLF&apos;. (linebreak-style)]]></failure></testcase>
<testcase time="0" name="org.eslint.linebreak-style" classname="C:\work\dyrectorio\web\crux-ui\src\server\crux\image-service"><failure message="Expected linebreaks to be &apos;LF&apos; but found &apos;CRLF&apos;."><![CDATA[line 27, col 43, Error - Expected linebreaks to be &apos;LF&apos; but found &apos;CRLF&apos;. (linebreak-style)]]></failure></testcase>
<testcase time="0" name="org.eslint.linebreak-style" classname="C:\work\dyrectorio\web\crux-ui\src\server\crux\image-service"><failure message="Expected linebreaks to be &apos;LF&apos; but found &apos;CRLF&apos;."><![CDATA[line 28, col 19, Error - Expected linebreaks to be &apos;LF&apos; but found &apos;CRLF&apos;. (linebreak-style)]]></failure></testcase>
<testcase time="0" name="org.eslint.linebreak-style" classname="C:\work\dyrectorio\web\crux-ui\src\server\crux\image-service"><failure message="Expected linebreaks to be &apos;LF&apos; but found &apos;CRLF&apos;."><![CDATA[line 29, col 9, Error - Expected linebreaks to be &apos;LF&apos; but found &apos;CRLF&apos;. (linebreak-style)]]></failure></testcase>
<testcase time="0" name="org.eslint.linebreak-style" classname="C:\work\dyrectorio\web\crux-ui\src\server\crux\image-service"><failure message="Expected linebreaks to be &apos;LF&apos; but found &apos;CRLF&apos;."><![CDATA[line 30, col 13, Error - Expected linebreaks to be &apos;LF&apos; but found &apos;CRLF&apos;. (linebreak-style)]]></failure></testcase>
<testcase time="0" name="org.eslint.linebreak-style" classname="C:\work\dyrectorio\web\crux-ui\src\server\crux\image-service"><failure message="Expected linebreaks to be &apos;LF&apos; but found &apos;CRLF&apos;."><![CDATA[line 31, col 21, Error - Expected linebreaks to be &apos;LF&apos; but found &apos;CRLF&apos;. (linebreak-style)]]></failure></testcase>
<testcase time="0" name="org.eslint.linebreak-style" classname="C:\work\dyrectorio\web\crux-ui\src\server\crux\image-service"><failure message="Expected linebreaks to be &apos;LF&apos; but found &apos;CRLF&apos;."><![CDATA[line 32, col 17, Error - Expected linebreaks to be &apos;LF&apos; but found &apos;CRLF&apos;. (linebreak-style)]]></failure></testcase>
<testcase time="0" name="org.eslint.linebreak-style" classname="C:\work\dyrectorio\web\crux-ui\src\server\crux\image-service"><failure message="Expected linebreaks to be &apos;LF&apos; but found &apos;CRLF&apos;."><![CDATA[line 33, col 29, Error - Expected linebreaks to be &apos;LF&apos; but found &apos;CRLF&apos;. (linebreak-style)]]></failure></testcase>
<testcase time="0" name="org.eslint.linebreak-style" classname="C:\work\dyrectorio\web\crux-ui\src\server\crux\image-service"><failure message="Expected linebreaks to be &apos;LF&apos; but found &apos;CRLF&apos;."><![CDATA[line 34, col 21, Error - Expected linebreaks to be &apos;LF&apos; but found &apos;CRLF&apos;. (linebreak-style)]]></failure></testcase>
<testcase time="0" name="org.eslint.linebreak-style" classname="C:\work\dyrectorio\web\crux-ui\src\server\crux\image-service"><failure message="Expected linebreaks to be &apos;LF&apos; but found &apos;CRLF&apos;."><![CDATA[line 35, col 46, Error - Expected linebreaks to be &apos;LF&apos; but found &apos;CRLF&apos;. (linebreak-style)]]></failure></testcase>
<testcase time="0" name="org.eslint.semi" classname="C:\work\dyrectorio\web\crux-ui\src\server\crux\image-service"><failure message="Missing semicolon."><![CDATA[line 35, col 46, Error - Missing semicolon. (semi)]]></failure></testcase>
<testcase time="0" name="org.eslint.linebreak-style" classname="C:\work\dyrectorio\web\crux-ui\src\server\crux\image-service"><failure message="Expected linebreaks to be &apos;LF&apos; but found &apos;CRLF&apos;."><![CDATA[line 36, col 46, Error - Expected linebreaks to be &apos;LF&apos; but found &apos;CRLF&apos;. (linebreak-style)]]></failure></testcase>
<testcase time="0" name="org.eslint.semi" classname="C:\work\dyrectorio\web\crux-ui\src\server\crux\image-service"><failure message="Missing semicolon."><![CDATA[line 36, col 46, Error - Missing semicolon. (semi)]]></failure></testcase>
<testcase time="0" name="org.eslint.linebreak-style" classname="C:\work\dyrectorio\web\crux-ui\src\server\crux\image-service"><failure message="Expected linebreaks to be &apos;LF&apos; but found &apos;CRLF&apos;."><![CDATA[line 37, col 59, Error - Expected linebreaks to be &apos;LF&apos; but found &apos;CRLF&apos;. (linebreak-style)]]></failure></testcase>
<testcase time="0" name="org.eslint.semi" classname="C:\work\dyrectorio\web\crux-ui\src\server\crux\image-service"><failure message="Missing semicolon."><![CDATA[line 37, col 59, Error - Missing semicolon. (semi)]]></failure></testcase>
<testcase time="0" name="org.eslint.linebreak-style" classname="C:\work\dyrectorio\web\crux-ui\src\server\crux\image-service"><failure message="Expected linebreaks to be &apos;LF&apos; but found &apos;CRLF&apos;."><![CDATA[line 38, col 1, Error - Expected linebreaks to be &apos;LF&apos; but found &apos;CRLF&apos;. (linebreak-style)]]></failure></testcase>
<testcase time="0" name="org.eslint.linebreak-style" classname="C:\work\dyrectorio\web\crux-ui\src\server\crux\image-service"><failure message="Expected linebreaks to be &apos;LF&apos; but found &apos;CRLF&apos;."><![CDATA[line 39, col 24, Error - Expected linebreaks to be &apos;LF&apos; but found &apos;CRLF&apos;. (linebreak-style)]]></failure></testcase>
<testcase time="0" name="org.eslint.linebreak-style" classname="C:\work\dyrectorio\web\crux-ui\src\server\crux\image-service"><failure message="Expected linebreaks to be &apos;LF&apos; but found &apos;CRLF&apos;."><![CDATA[line 40, col 52, Error - Expected linebreaks to be &apos;LF&apos; but found &apos;CRLF&apos;. (linebreak-style)]]></failure></testcase>
<testcase time="0" name="org.eslint.semi" classname="C:\work\dyrectorio\web\crux-ui\src\server\crux\image-service"><failure message="Missing semicolon."><![CDATA[line 40, col 52, Error - Missing semicolon. (semi)]]></failure></testcase>
<testcase time="0" name="org.eslint.linebreak-style" classname="C:\work\dyrectorio\web\crux-ui\src\server\crux\image-service"><failure message="Expected linebreaks to be &apos;LF&apos; but found &apos;CRLF&apos;."><![CDATA[line 41, col 1, Error - Expected linebreaks to be &apos;LF&apos; but found &apos;CRLF&apos;. (linebreak-style)]]></failure></testcase>
<testcase time="0" name="org.eslint.no-useless-constructor" classname="C:\work\dyrectorio\web\crux-ui\src\server\crux\image-service"><failure message="Useless constructor."><![CDATA[line 42, col 3, Error - Useless constructor. (no-useless-constructor)]]></failure></testcase>
<testcase time="0" name="org.eslint.no-empty-function" classname="C:\work\dyrectorio\web\crux-ui\src\server\crux\image-service"><failure message="Unexpected empty constructor."><![CDATA[line 42, col 76, Error - Unexpected empty constructor. (no-empty-function)]]></failure></testcase>
<testcase time="0" name="org.eslint.linebreak-style" classname="C:\work\dyrectorio\web\crux-ui\src\server\crux\image-service"><failure message="Expected linebreaks to be &apos;LF&apos; but found &apos;CRLF&apos;."><![CDATA[line 42, col 78, Error - Expected linebreaks to be &apos;LF&apos; but found &apos;CRLF&apos;. (linebreak-style)]]></failure></testcase>
<testcase time="0" name="org.eslint.linebreak-style" classname="C:\work\dyrectorio\web\crux-ui\src\server\crux\image-service"><failure message="Expected linebreaks to be &apos;LF&apos; but found &apos;CRLF&apos;."><![CDATA[line 43, col 1, Error - Expected linebreaks to be &apos;LF&apos; but found &apos;CRLF&apos;. (linebreak-style)]]></failure></testcase>
<testcase time="0" name="org.eslint.linebreak-style" classname="C:\work\dyrectorio\web\crux-ui\src\server\crux\image-service"><failure message="Expected linebreaks to be &apos;LF&apos; but found &apos;CRLF&apos;."><![CDATA[line 44, col 72, Error - Expected linebreaks to be &apos;LF&apos; but found &apos;CRLF&apos;. (linebreak-style)]]></failure></testcase>
<testcase time="0" name="org.eslint.linebreak-style" classname="C:\work\dyrectorio\web\crux-ui\src\server\crux\image-service"><failure message="Expected linebreaks to be &apos;LF&apos; but found &apos;CRLF&apos;."><![CDATA[line 45, col 29, Error - Expected linebreaks to be &apos;LF&apos; but found &apos;CRLF&apos;. (linebreak-style)]]></failure></testcase>
<testcase time="0" name="org.eslint.linebreak-style" classname="C:\work\dyrectorio\web\crux-ui\src\server\crux\image-service"><failure message="Expected linebreaks to be &apos;LF&apos; but found &apos;CRLF&apos;."><![CDATA[line 46, col 21, Error - Expected linebreaks to be &apos;LF&apos; but found &apos;CRLF&apos;. (linebreak-style)]]></failure></testcase>
<testcase time="0" name="org.eslint.linebreak-style" classname="C:\work\dyrectorio\web\crux-ui\src\server\crux\image-service"><failure message="Expected linebreaks to be &apos;LF&apos; but found &apos;CRLF&apos;."><![CDATA[line 47, col 36, Error - Expected linebreaks to be &apos;LF&apos; but found &apos;CRLF&apos;. (linebreak-style)]]></failure></testcase>
<testcase time="0" name="org.eslint.linebreak-style" classname="C:\work\dyrectorio\web\crux-ui\src\server\crux\image-service"><failure message="Expected linebreaks to be &apos;LF&apos; but found &apos;CRLF&apos;."><![CDATA[line 48, col 6, Error - Expected linebreaks to be &apos;LF&apos; but found &apos;CRLF&apos;. (linebreak-style)]]></failure></testcase>
<testcase time="0" name="org.eslint.semi" classname="C:\work\dyrectorio\web\crux-ui\src\server\crux\image-service"><failure message="Missing semicolon."><![CDATA[line 48, col 6, Error - Missing semicolon. (semi)]]></failure></testcase>
<testcase time="0" name="org.eslint.linebreak-style" classname="C:\work\dyrectorio\web\crux-ui\src\server\crux\image-service"><failure message="Expected linebreaks to be &apos;LF&apos; but found &apos;CRLF&apos;."><![CDATA[line 49, col 1, Error - Expected linebreaks to be &apos;LF&apos; but found &apos;CRLF&apos;. (linebreak-style)]]></failure></testcase>
<testcase time="0" name="org.eslint.max-len" classname="C:\work\dyrectorio\web\crux-ui\src\server\crux\image-service"><failure message="This line has a length of 114. Maximum allowed is 100."><![CDATA[line 50, col 1, Error - This line has a length of 114. Maximum allowed is 100. (max-len)]]></failure></testcase>
<testcase time="0" name="org.eslint.linebreak-style" classname="C:\work\dyrectorio\web\crux-ui\src\server\crux\image-service"><failure message="Expected linebreaks to be &apos;LF&apos; but found &apos;CRLF&apos;."><![CDATA[line 50, col 115, Error - Expected linebreaks to be &apos;LF&apos; but found &apos;CRLF&apos;. (linebreak-style)]]></failure></testcase>
<testcase time="0" name="org.eslint.linebreak-style" classname="C:\work\dyrectorio\web\crux-ui\src\server\crux\image-service"><failure message="Expected linebreaks to be &apos;LF&apos; but found &apos;CRLF&apos;."><![CDATA[line 51, col 17, Error - Expected linebreaks to be &apos;LF&apos; but found &apos;CRLF&apos;. (linebreak-style)]]></failure></testcase>
<testcase time="0" name="org.eslint.linebreak-style" classname="C:\work\dyrectorio\web\crux-ui\src\server\crux\image-service"><failure message="Expected linebreaks to be &apos;LF&apos; but found &apos;CRLF&apos;."><![CDATA[line 52, col 11, Error - Expected linebreaks to be &apos;LF&apos; but found &apos;CRLF&apos;. (linebreak-style)]]></failure></testcase>
<testcase time="0" name="org.eslint.linebreak-style" classname="C:\work\dyrectorio\web\crux-ui\src\server\crux\image-service"><failure message="Expected linebreaks to be &apos;LF&apos; but found &apos;CRLF&apos;."><![CDATA[line 53, col 6, Error - Expected linebreaks to be &apos;LF&apos; but found &apos;CRLF&apos;. (linebreak-style)]]></failure></testcase>
<testcase time="0" name="org.eslint.semi" classname="C:\work\dyrectorio\web\crux-ui\src\server\crux\image-service"><failure message="Missing semicolon."><![CDATA[line 53, col 6, Error - Missing semicolon. (semi)]]></failure></testcase>
<testcase time="0" name="org.eslint.linebreak-style" classname="C:\work\dyrectorio\web\crux-ui\src\server\crux\image-service"><failure message="Expected linebreaks to be &apos;LF&apos; but found &apos;CRLF&apos;."><![CDATA[line 54, col 1, Error - Expected linebreaks to be &apos;LF&apos; but found &apos;CRLF&apos;. (linebreak-style)]]></failure></testcase>
<testcase time="0" name="org.eslint.arrow-parens" classname="C:\work\dyrectorio\web\crux-ui\src\server\crux\image-service"><failure message="Expected parentheses around arrow function argument."><![CDATA[line 55, col 28, Error - Expected parentheses around arrow function argument. (arrow-parens)]]></failure></testcase>
<testcase time="0" name="org.eslint.no-use-before-define" classname="C:\work\dyrectorio\web\crux-ui\src\server\crux\image-service"><failure message="&apos;imageToDto&apos; was used before it was defined."><![CDATA[line 55, col 34, Error - &apos;imageToDto&apos; was used before it was defined. (no-use-before-define)]]></failure></testcase>
<testcase time="0" name="org.eslint.linebreak-style" classname="C:\work\dyrectorio\web\crux-ui\src\server\crux\image-service"><failure message="Expected linebreaks to be &apos;LF&apos; but found &apos;CRLF&apos;."><![CDATA[line 55, col 49, Error - Expected linebreaks to be &apos;LF&apos; but found &apos;CRLF&apos;. (linebreak-style)]]></failure></testcase>
<testcase time="0" name="org.eslint.semi" classname="C:\work\dyrectorio\web\crux-ui\src\server\crux\image-service"><failure message="Missing semicolon."><![CDATA[line 55, col 49, Error - Missing semicolon. (semi)]]></failure></testcase>
<testcase time="0" name="org.eslint.linebreak-style" classname="C:\work\dyrectorio\web\crux-ui\src\server\crux\image-service"><failure message="Expected linebreaks to be &apos;LF&apos; but found &apos;CRLF&apos;."><![CDATA[line 56, col 4, Error - Expected linebreaks to be &apos;LF&apos; but found &apos;CRLF&apos;. (linebreak-style)]]></failure></testcase>
<testcase time="0" name="org.eslint.linebreak-style" classname="C:\work\dyrectorio\web\crux-ui\src\server\crux\image-service"><failure message="Expected linebreaks to be &apos;LF&apos; but found &apos;CRLF&apos;."><![CDATA[line 57, col 1, Error - Expected linebreaks to be &apos;LF&apos; but found &apos;CRLF&apos;. (linebreak-style)]]></failure></testcase>
<testcase time="0" name="org.eslint.linebreak-style" classname="C:\work\dyrectorio\web\crux-ui\src\server\crux\image-service"><failure message="Expected linebreaks to be &apos;LF&apos; but found &apos;CRLF&apos;."><![CDATA[line 58, col 53, Error - Expected linebreaks to be &apos;LF&apos; but found &apos;CRLF&apos;. (linebreak-style)]]></failure></testcase>
<testcase time="0" name="org.eslint.linebreak-style" classname="C:\work\dyrectorio\web\crux-ui\src\server\crux\image-service"><failure message="Expected linebreaks to be &apos;LF&apos; but found &apos;CRLF&apos;."><![CDATA[line 59, col 29, Error - Expected linebreaks to be &apos;LF&apos; but found &apos;CRLF&apos;. (linebreak-style)]]></failure></testcase>
<testcase time="0" name="org.eslint.linebreak-style" classname="C:\work\dyrectorio\web\crux-ui\src\server\crux\image-service"><failure message="Expected linebreaks to be &apos;LF&apos; but found &apos;CRLF&apos;."><![CDATA[line 60, col 10, Error - Expected linebreaks to be &apos;LF&apos; but found &apos;CRLF&apos;. (linebreak-style)]]></failure></testcase>
<testcase time="0" name="org.eslint.linebreak-style" classname="C:\work\dyrectorio\web\crux-ui\src\server\crux\image-service"><failure message="Expected linebreaks to be &apos;LF&apos; but found &apos;CRLF&apos;."><![CDATA[line 61, col 36, Error - Expected linebreaks to be &apos;LF&apos; but found &apos;CRLF&apos;. (linebreak-style)]]></failure></testcase>
<testcase time="0" name="org.eslint.linebreak-style" classname="C:\work\dyrectorio\web\crux-ui\src\server\crux\image-service"><failure message="Expected linebreaks to be &apos;LF&apos; but found &apos;CRLF&apos;."><![CDATA[line 62, col 6, Error - Expected linebreaks to be &apos;LF&apos; but found &apos;CRLF&apos;. (linebreak-style)]]></failure></testcase>
<testcase time="0" name="org.eslint.semi" classname="C:\work\dyrectorio\web\crux-ui\src\server\crux\image-service"><failure message="Missing semicolon."><![CDATA[line 62, col 6, Error - Missing semicolon. (semi)]]></failure></testcase>
<testcase time="0" name="org.eslint.linebreak-style" classname="C:\work\dyrectorio\web\crux-ui\src\server\crux\image-service"><failure message="Expected linebreaks to be &apos;LF&apos; but found &apos;CRLF&apos;."><![CDATA[line 63, col 1, Error - Expected linebreaks to be &apos;LF&apos; but found &apos;CRLF&apos;. (linebreak-style)]]></failure></testcase>
<testcase time="0" name="org.eslint.max-len" classname="C:\work\dyrectorio\web\crux-ui\src\server\crux\image-service"><failure message="This line has a length of 119. Maximum allowed is 100."><![CDATA[line 64, col 1, Error - This line has a length of 119. Maximum allowed is 100. (max-len)]]></failure></testcase>
<testcase time="0" name="org.eslint.linebreak-style" classname="C:\work\dyrectorio\web\crux-ui\src\server\crux\image-service"><failure message="Expected linebreaks to be &apos;LF&apos; but found &apos;CRLF&apos;."><![CDATA[line 64, col 120, Error - Expected linebreaks to be &apos;LF&apos; but found &apos;CRLF&apos;. (linebreak-style)]]></failure></testcase>
<testcase time="0" name="org.eslint.semi" classname="C:\work\dyrectorio\web\crux-ui\src\server\crux\image-service"><failure message="Missing semicolon."><![CDATA[line 64, col 120, Error - Missing semicolon. (semi)]]></failure></testcase>
<testcase time="0" name="org.eslint.linebreak-style" classname="C:\work\dyrectorio\web\crux-ui\src\server\crux\image-service"><failure message="Expected linebreaks to be &apos;LF&apos; but found &apos;CRLF&apos;."><![CDATA[line 65, col 1, Error - Expected linebreaks to be &apos;LF&apos; but found &apos;CRLF&apos;. (linebreak-style)]]></failure></testcase>
<testcase time="0" name="org.eslint.no-use-before-define" classname="C:\work\dyrectorio\web\crux-ui\src\server\crux\image-service"><failure message="&apos;imageToDto&apos; was used before it was defined."><![CDATA[line 66, col 12, Error - &apos;imageToDto&apos; was used before it was defined. (no-use-before-define)]]></failure></testcase>
<testcase time="0" name="org.eslint.linebreak-style" classname="C:\work\dyrectorio\web\crux-ui\src\server\crux\image-service"><failure message="Expected linebreaks to be &apos;LF&apos; but found &apos;CRLF&apos;."><![CDATA[line 66, col 29, Error - Expected linebreaks to be &apos;LF&apos; but found &apos;CRLF&apos;. (linebreak-style)]]></failure></testcase>
<testcase time="0" name="org.eslint.semi" classname="C:\work\dyrectorio\web\crux-ui\src\server\crux\image-service"><failure message="Missing semicolon."><![CDATA[line 66, col 29, Error - Missing semicolon. (semi)]]></failure></testcase>
<testcase time="0" name="org.eslint.linebreak-style" classname="C:\work\dyrectorio\web\crux-ui\src\server\crux\image-service"><failure message="Expected linebreaks to be &apos;LF&apos; but found &apos;CRLF&apos;."><![CDATA[line 67, col 4, Error - Expected linebreaks to be &apos;LF&apos; but found &apos;CRLF&apos;. (linebreak-style)]]></failure></testcase>
<testcase time="0" name="org.eslint.linebreak-style" classname="C:\work\dyrectorio\web\crux-ui\src\server\crux\image-service"><failure message="Expected linebreaks to be &apos;LF&apos; but found &apos;CRLF&apos;."><![CDATA[line 68, col 1, Error - Expected linebreaks to be &apos;LF&apos; but found &apos;CRLF&apos;. (linebreak-style)]]></failure></testcase>
<testcase time="0" name="org.eslint.max-len" classname="C:\work\dyrectorio\web\crux-ui\src\server\crux\image-service"><failure message="This line has a length of 106. Maximum allowed is 100."><![CDATA[line 69, col 1, Error - This line has a length of 106. Maximum allowed is 100. (max-len)]]></failure></testcase>
<testcase time="0" name="org.eslint.linebreak-style" classname="C:\work\dyrectorio\web\crux-ui\src\server\crux\image-service"><failure message="Expected linebreaks to be &apos;LF&apos; but found &apos;CRLF&apos;."><![CDATA[line 69, col 107, Error - Expected linebreaks to be &apos;LF&apos; but found &apos;CRLF&apos;. (linebreak-style)]]></failure></testcase>
<testcase time="0" name="org.eslint.linebreak-style" classname="C:\work\dyrectorio\web\crux-ui\src\server\crux\image-service"><failure message="Expected linebreaks to be &apos;LF&apos; but found &apos;CRLF&apos;."><![CDATA[line 70, col 45, Error - Expected linebreaks to be &apos;LF&apos; but found &apos;CRLF&apos;. (linebreak-style)]]></failure></testcase>
<testcase time="0" name="org.eslint.linebreak-style" classname="C:\work\dyrectorio\web\crux-ui\src\server\crux\image-service"><failure message="Expected linebreaks to be &apos;LF&apos; but found &apos;CRLF&apos;."><![CDATA[line 71, col 17, Error - Expected linebreaks to be &apos;LF&apos; but found &apos;CRLF&apos;. (linebreak-style)]]></failure></testcase>
<testcase time="0" name="org.eslint.arrow-parens" classname="C:\work\dyrectorio\web\crux-ui\src\server\crux\image-service"><failure message="Expected parentheses around arrow function argument."><![CDATA[line 72, col 34, Error - Expected parentheses around arrow function argument. (arrow-parens)]]></failure></testcase>
<testcase time="0" name="org.eslint.arrow-body-style" classname="C:\work\dyrectorio\web\crux-ui\src\server\crux\image-service"><failure message="Unexpected block statement surrounding arrow body; parenthesize the returned value and move it immediately after the `=&gt;`."><![CDATA[line 72, col 40, Error - Unexpected block statement surrounding arrow body; parenthesize the returned value and move it immediately after the `=&gt;`. (arrow-body-style)]]></failure></testcase>
<testcase time="0" name="org.eslint.linebreak-style" classname="C:\work\dyrectorio\web\crux-ui\src\server\crux\image-service"><failure message="Expected linebreaks to be &apos;LF&apos; but found &apos;CRLF&apos;."><![CDATA[line 72, col 41, Error - Expected linebreaks to be &apos;LF&apos; but found &apos;CRLF&apos;. (linebreak-style)]]></failure></testcase>
<testcase time="0" name="org.eslint.linebreak-style" classname="C:\work\dyrectorio\web\crux-ui\src\server\crux\image-service"><failure message="Expected linebreaks to be &apos;LF&apos; but found &apos;CRLF&apos;."><![CDATA[line 73, col 17, Error - Expected linebreaks to be &apos;LF&apos; but found &apos;CRLF&apos;. (linebreak-style)]]></failure></testcase>
<testcase time="0" name="org.eslint.linebreak-style" classname="C:\work\dyrectorio\web\crux-ui\src\server\crux\image-service"><failure message="Expected linebreaks to be &apos;LF&apos; but found &apos;CRLF&apos;."><![CDATA[line 74, col 37, Error - Expected linebreaks to be &apos;LF&apos; but found &apos;CRLF&apos;. (linebreak-style)]]></failure></testcase>
<testcase time="0" name="org.eslint.linebreak-style" classname="C:\work\dyrectorio\web\crux-ui\src\server\crux\image-service"><failure message="Expected linebreaks to be &apos;LF&apos; but found &apos;CRLF&apos;."><![CDATA[line 75, col 33, Error - Expected linebreaks to be &apos;LF&apos; but found &apos;CRLF&apos;. (linebreak-style)]]></failure></testcase>
<testcase time="0" name="org.eslint.linebreak-style" classname="C:\work\dyrectorio\web\crux-ui\src\server\crux\image-service"><failure message="Expected linebreaks to be &apos;LF&apos; but found &apos;CRLF&apos;."><![CDATA[line 76, col 10, Error - Expected linebreaks to be &apos;LF&apos; but found &apos;CRLF&apos;. (linebreak-style)]]></failure></testcase>
<testcase time="0" name="org.eslint.semi" classname="C:\work\dyrectorio\web\crux-ui\src\server\crux\image-service"><failure message="Missing semicolon."><![CDATA[line 76, col 10, Error - Missing semicolon. (semi)]]></failure></testcase>
<testcase time="0" name="org.eslint.linebreak-style" classname="C:\work\dyrectorio\web\crux-ui\src\server\crux\image-service"><failure message="Expected linebreaks to be &apos;LF&apos; but found &apos;CRLF&apos;."><![CDATA[line 77, col 10, Error - Expected linebreaks to be &apos;LF&apos; but found &apos;CRLF&apos;. (linebreak-style)]]></failure></testcase>
<testcase time="0" name="org.eslint.linebreak-style" classname="C:\work\dyrectorio\web\crux-ui\src\server\crux\image-service"><failure message="Expected linebreaks to be &apos;LF&apos; but found &apos;CRLF&apos;."><![CDATA[line 78, col 36, Error - Expected linebreaks to be &apos;LF&apos; but found &apos;CRLF&apos;. (linebreak-style)]]></failure></testcase>
<testcase time="0" name="org.eslint.linebreak-style" classname="C:\work\dyrectorio\web\crux-ui\src\server\crux\image-service"><failure message="Expected linebreaks to be &apos;LF&apos; but found &apos;CRLF&apos;."><![CDATA[line 79, col 6, Error - Expected linebreaks to be &apos;LF&apos; but found &apos;CRLF&apos;. (linebreak-style)]]></failure></testcase>
<testcase time="0" name="org.eslint.semi" classname="C:\work\dyrectorio\web\crux-ui\src\server\crux\image-service"><failure message="Missing semicolon."><![CDATA[line 79, col 6, Error - Missing semicolon. (semi)]]></failure></testcase>
<testcase time="0" name="org.eslint.linebreak-style" classname="C:\work\dyrectorio\web\crux-ui\src\server\crux\image-service"><failure message="Expected linebreaks to be &apos;LF&apos; but found &apos;CRLF&apos;."><![CDATA[line 80, col 1, Error - Expected linebreaks to be &apos;LF&apos; but found &apos;CRLF&apos;. (linebreak-style)]]></failure></testcase>
<testcase time="0" name="org.eslint.linebreak-style" classname="C:\work\dyrectorio\web\crux-ui\src\server\crux\image-service"><failure message="Expected linebreaks to be &apos;LF&apos; but found &apos;CRLF&apos;."><![CDATA[line 81, col 81, Error - Expected linebreaks to be &apos;LF&apos; but found &apos;CRLF&apos;. (linebreak-style)]]></failure></testcase>
<testcase time="0" name="org.eslint.linebreak-style" classname="C:\work\dyrectorio\web\crux-ui\src\server\crux\image-service"><failure message="Expected linebreaks to be &apos;LF&apos; but found &apos;CRLF&apos;."><![CDATA[line 82, col 19, Error - Expected linebreaks to be &apos;LF&apos; but found &apos;CRLF&apos;. (linebreak-style)]]></failure></testcase>
<testcase time="0" name="org.eslint.linebreak-style" classname="C:\work\dyrectorio\web\crux-ui\src\server\crux\image-service"><failure message="Expected linebreaks to be &apos;LF&apos; but found &apos;CRLF&apos;."><![CDATA[line 83, col 38, Error - Expected linebreaks to be &apos;LF&apos; but found &apos;CRLF&apos;. (linebreak-style)]]></failure></testcase>
<testcase time="0" name="org.eslint.linebreak-style" classname="C:\work\dyrectorio\web\crux-ui\src\server\crux\image-service"><failure message="Expected linebreaks to be &apos;LF&apos; but found &apos;CRLF&apos;."><![CDATA[line 84, col 38, Error - Expected linebreaks to be &apos;LF&apos; but found &apos;CRLF&apos;. (linebreak-style)]]></failure></testcase>
<testcase time="0" name="org.eslint.semi" classname="C:\work\dyrectorio\web\crux-ui\src\server\crux\image-service"><failure message="Missing semicolon."><![CDATA[line 84, col 38, Error - Missing semicolon. (semi)]]></failure></testcase>
<testcase time="0" name="org.eslint.linebreak-style" classname="C:\work\dyrectorio\web\crux-ui\src\server\crux\image-service"><failure message="Expected linebreaks to be &apos;LF&apos; but found &apos;CRLF&apos;."><![CDATA[line 85, col 1, Error - Expected linebreaks to be &apos;LF&apos; but found &apos;CRLF&apos;. (linebreak-style)]]></failure></testcase>
<testcase time="0" name="org.eslint.arrow-parens" classname="C:\work\dyrectorio\web\crux-ui\src\server\crux\image-service"><failure message="Expected parentheses around arrow function argument."><![CDATA[line 86, col 25, Error - Expected parentheses around arrow function argument. (arrow-parens)]]></failure></testcase>
<testcase time="0" name="org.eslint.no-use-before-define" classname="C:\work\dyrectorio\web\crux-ui\src\server\crux\image-service"><failure message="&apos;imageToDto&apos; was used before it was defined."><![CDATA[line 86, col 31, Error - &apos;imageToDto&apos; was used before it was defined. (no-use-before-define)]]></failure></testcase>
<testcase time="0" name="org.eslint.linebreak-style" classname="C:\work\dyrectorio\web\crux-ui\src\server\crux\image-service"><failure message="Expected linebreaks to be &apos;LF&apos; but found &apos;CRLF&apos;."><![CDATA[line 86, col 46, Error - Expected linebreaks to be &apos;LF&apos; but found &apos;CRLF&apos;. (linebreak-style)]]></failure></testcase>
<testcase time="0" name="org.eslint.semi" classname="C:\work\dyrectorio\web\crux-ui\src\server\crux\image-service"><failure message="Missing semicolon."><![CDATA[line 86, col 46, Error - Missing semicolon. (semi)]]></failure></testcase>
<testcase time="0" name="org.eslint.linebreak-style" classname="C:\work\dyrectorio\web\crux-ui\src\server\crux\image-service"><failure message="Expected linebreaks to be &apos;LF&apos; but found &apos;CRLF&apos;."><![CDATA[line 87, col 4, Error - Expected linebreaks to be &apos;LF&apos; but found &apos;CRLF&apos;. (linebreak-style)]]></failure></testcase>
<testcase time="0" name="org.eslint.linebreak-style" classname="C:\work\dyrectorio\web\crux-ui\src\server\crux\image-service"><failure message="Expected linebreaks to be &apos;LF&apos; but found &apos;CRLF&apos;."><![CDATA[line 88, col 1, Error - Expected linebreaks to be &apos;LF&apos; but found &apos;CRLF&apos;. (linebreak-style)]]></failure></testcase>
<testcase time="0" name="org.eslint.linebreak-style" classname="C:\work\dyrectorio\web\crux-ui\src\server\crux\image-service"><failure message="Expected linebreaks to be &apos;LF&apos; but found &apos;CRLF&apos;."><![CDATA[line 89, col 61, Error - Expected linebreaks to be &apos;LF&apos; but found &apos;CRLF&apos;. (linebreak-style)]]></failure></testcase>
<testcase time="0" name="org.eslint.linebreak-style" classname="C:\work\dyrectorio\web\crux-ui\src\server\crux\image-service"><failure message="Expected linebreaks to be &apos;LF&apos; but found &apos;CRLF&apos;."><![CDATA[line 90, col 45, Error - Expected linebreaks to be &apos;LF&apos; but found &apos;CRLF&apos;. (linebreak-style)]]></failure></testcase>
<testcase time="0" name="org.eslint.linebreak-style" classname="C:\work\dyrectorio\web\crux-ui\src\server\crux\image-service"><failure message="Expected linebreaks to be &apos;LF&apos; but found &apos;CRLF&apos;."><![CDATA[line 91, col 17, Error - Expected linebreaks to be &apos;LF&apos; but found &apos;CRLF&apos;. (linebreak-style)]]></failure></testcase>
<testcase time="0" name="org.eslint.linebreak-style" classname="C:\work\dyrectorio\web\crux-ui\src\server\crux\image-service"><failure message="Expected linebreaks to be &apos;LF&apos; but found &apos;CRLF&apos;."><![CDATA[line 92, col 16, Error - Expected linebreaks to be &apos;LF&apos; but found &apos;CRLF&apos;. (linebreak-style)]]></failure></testcase>
<testcase time="0" name="org.eslint.linebreak-style" classname="C:\work\dyrectorio\web\crux-ui\src\server\crux\image-service"><failure message="Expected linebreaks to be &apos;LF&apos; but found &apos;CRLF&apos;."><![CDATA[line 93, col 36, Error - Expected linebreaks to be &apos;LF&apos; but found &apos;CRLF&apos;. (linebreak-style)]]></failure></testcase>
<testcase time="0" name="org.eslint.linebreak-style" classname="C:\work\dyrectorio\web\crux-ui\src\server\crux\image-service"><failure message="Expected linebreaks to be &apos;LF&apos; but found &apos;CRLF&apos;."><![CDATA[line 94, col 6, Error - Expected linebreaks to be &apos;LF&apos; but found &apos;CRLF&apos;. (linebreak-style)]]></failure></testcase>
<testcase time="0" name="org.eslint.semi" classname="C:\work\dyrectorio\web\crux-ui\src\server\crux\image-service"><failure message="Missing semicolon."><![CDATA[line 94, col 6, Error - Missing semicolon. (semi)]]></failure></testcase>
<testcase time="0" name="org.eslint.linebreak-style" classname="C:\work\dyrectorio\web\crux-ui\src\server\crux\image-service"><failure message="Expected linebreaks to be &apos;LF&apos; but found &apos;CRLF&apos;."><![CDATA[line 95, col 1, Error - Expected linebreaks to be &apos;LF&apos; but found &apos;CRLF&apos;. (linebreak-style)]]></failure></testcase>
<testcase time="0" name="org.eslint.linebreak-style" classname="C:\work\dyrectorio\web\crux-ui\src\server\crux\image-service"><failure message="Expected linebreaks to be &apos;LF&apos; but found &apos;CRLF&apos;."><![CDATA[line 96, col 95, Error - Expected linebreaks to be &apos;LF&apos; but found &apos;CRLF&apos;. (linebreak-style)]]></failure></testcase>
<testcase time="0" name="org.eslint.linebreak-style" classname="C:\work\dyrectorio\web\crux-ui\src\server\crux\image-service"><failure message="Expected linebreaks to be &apos;LF&apos; but found &apos;CRLF&apos;."><![CDATA[line 97, col 33, Error - Expected linebreaks to be &apos;LF&apos; but found &apos;CRLF&apos;. (linebreak-style)]]></failure></testcase>
<testcase time="0" name="org.eslint.linebreak-style" classname="C:\work\dyrectorio\web\crux-ui\src\server\crux\image-service"><failure message="Expected linebreaks to be &apos;LF&apos; but found &apos;CRLF&apos;."><![CDATA[line 98, col 11, Error - Expected linebreaks to be &apos;LF&apos; but found &apos;CRLF&apos;. (linebreak-style)]]></failure></testcase>
<testcase time="0" name="org.eslint.linebreak-style" classname="C:\work\dyrectorio\web\crux-ui\src\server\crux\image-service"><failure message="Expected linebreaks to be &apos;LF&apos; but found &apos;CRLF&apos;."><![CDATA[line 99, col 6, Error - Expected linebreaks to be &apos;LF&apos; but found &apos;CRLF&apos;. (linebreak-style)]]></failure></testcase>
<testcase time="0" name="org.eslint.semi" classname="C:\work\dyrectorio\web\crux-ui\src\server\crux\image-service"><failure message="Missing semicolon."><![CDATA[line 99, col 6, Error - Missing semicolon. (semi)]]></failure></testcase>
<testcase time="0" name="org.eslint.linebreak-style" classname="C:\work\dyrectorio\web\crux-ui\src\server\crux\image-service"><failure message="Expected linebreaks to be &apos;LF&apos; but found &apos;CRLF&apos;."><![CDATA[line 100, col 4, Error - Expected linebreaks to be &apos;LF&apos; but found &apos;CRLF&apos;. (linebreak-style)]]></failure></testcase>
<testcase time="0" name="org.eslint.linebreak-style" classname="C:\work\dyrectorio\web\crux-ui\src\server\crux\image-service"><failure message="Expected linebreaks to be &apos;LF&apos; but found &apos;CRLF&apos;."><![CDATA[line 101, col 1, Error - Expected linebreaks to be &apos;LF&apos; but found &apos;CRLF&apos;. (linebreak-style)]]></failure></testcase>
<testcase time="0" name="org.eslint.linebreak-style" classname="C:\work\dyrectorio\web\crux-ui\src\server\crux\image-service"><failure message="Expected linebreaks to be &apos;LF&apos; but found &apos;CRLF&apos;."><![CDATA[line 102, col 59, Error - Expected linebreaks to be &apos;LF&apos; but found &apos;CRLF&apos;. (linebreak-style)]]></failure></testcase>
<testcase time="0" name="org.eslint.linebreak-style" classname="C:\work\dyrectorio\web\crux-ui\src\server\crux\image-service"><failure message="Expected linebreaks to be &apos;LF&apos; but found &apos;CRLF&apos;."><![CDATA[line 103, col 18, Error - Expected linebreaks to be &apos;LF&apos; but found &apos;CRLF&apos;. (linebreak-style)]]></failure></testcase>
<testcase time="0" name="org.eslint.linebreak-style" classname="C:\work\dyrectorio\web\crux-ui\src\server\crux\image-service"><failure message="Expected linebreaks to be &apos;LF&apos; but found &apos;CRLF&apos;."><![CDATA[line 104, col 16, Error - Expected linebreaks to be &apos;LF&apos; but found &apos;CRLF&apos;. (linebreak-style)]]></failure></testcase>
<testcase time="0" name="org.eslint.linebreak-style" classname="C:\work\dyrectorio\web\crux-ui\src\server\crux\image-service"><failure message="Expected linebreaks to be &apos;LF&apos; but found &apos;CRLF&apos;."><![CDATA[line 105, col 36, Error - Expected linebreaks to be &apos;LF&apos; but found &apos;CRLF&apos;. (linebreak-style)]]></failure></testcase>
<testcase time="0" name="org.eslint.linebreak-style" classname="C:\work\dyrectorio\web\crux-ui\src\server\crux\image-service"><failure message="Expected linebreaks to be &apos;LF&apos; but found &apos;CRLF&apos;."><![CDATA[line 106, col 10, Error - Expected linebreaks to be &apos;LF&apos; but found &apos;CRLF&apos;. (linebreak-style)]]></failure></testcase>
<testcase time="0" name="org.eslint.linebreak-style" classname="C:\work\dyrectorio\web\crux-ui\src\server\crux\image-service"><failure message="Expected linebreaks to be &apos;LF&apos; but found &apos;CRLF&apos;."><![CDATA[line 107, col 28, Error - Expected linebreaks to be &apos;LF&apos; but found &apos;CRLF&apos;. (linebreak-style)]]></failure></testcase>
<testcase time="0" name="org.eslint.linebreak-style" classname="C:\work\dyrectorio\web\crux-ui\src\server\crux\image-service"><failure message="Expected linebreaks to be &apos;LF&apos; but found &apos;CRLF&apos;."><![CDATA[line 108, col 15, Error - Expected linebreaks to be &apos;LF&apos; but found &apos;CRLF&apos;. (linebreak-style)]]></failure></testcase>
<testcase time="0" name="org.eslint.linebreak-style" classname="C:\work\dyrectorio\web\crux-ui\src\server\crux\image-service"><failure message="Expected linebreaks to be &apos;LF&apos; but found &apos;CRLF&apos;."><![CDATA[line 109, col 12, Error - Expected linebreaks to be &apos;LF&apos; but found &apos;CRLF&apos;. (linebreak-style)]]></failure></testcase>
<testcase time="0" name="org.eslint.indent" classname="C:\work\dyrectorio\web\crux-ui\src\server\crux\image-service"><failure message="Expected indentation of 10 spaces but found 12."><![CDATA[line 110, col 1, Error - Expected indentation of 10 spaces but found 12. (indent)]]></failure></testcase>
<testcase time="0" name="org.eslint.no-use-before-define" classname="C:\work\dyrectorio\web\crux-ui\src\server\crux\image-service"><failure message="&apos;explicitContainerConfigToProto&apos; was used before it was defined."><![CDATA[line 110, col 21, Error - &apos;explicitContainerConfigToProto&apos; was used before it was defined. (no-use-before-define)]]></failure></testcase>
<testcase time="0" name="org.eslint.linebreak-style" classname="C:\work\dyrectorio\web\crux-ui\src\server\crux\image-service"><failure message="Expected linebreaks to be &apos;LF&apos; but found &apos;CRLF&apos;."><![CDATA[line 110, col 74, Error - Expected linebreaks to be &apos;LF&apos; but found &apos;CRLF&apos;. (linebreak-style)]]></failure></testcase>
<testcase time="0" name="org.eslint.indent" classname="C:\work\dyrectorio\web\crux-ui\src\server\crux\image-service"><failure message="Expected indentation of 10 spaces but found 12."><![CDATA[line 111, col 1, Error - Expected indentation of 10 spaces but found 12. (indent)]]></failure></testcase>
<testcase time="0" name="org.eslint.linebreak-style" classname="C:\work\dyrectorio\web\crux-ui\src\server\crux\image-service"><failure message="Expected linebreaks to be &apos;LF&apos; but found &apos;CRLF&apos;."><![CDATA[line 111, col 38, Error - Expected linebreaks to be &apos;LF&apos; but found &apos;CRLF&apos;. (linebreak-style)]]></failure></testcase>
<testcase time="0" name="org.eslint.indent" classname="C:\work\dyrectorio\web\crux-ui\src\server\crux\image-service"><failure message="Expected indentation of 10 spaces but found 12."><![CDATA[line 112, col 1, Error - Expected indentation of 10 spaces but found 12. (indent)]]></failure></testcase>
<testcase time="0" name="org.eslint.linebreak-style" classname="C:\work\dyrectorio\web\crux-ui\src\server\crux\image-service"><failure message="Expected linebreaks to be &apos;LF&apos; but found &apos;CRLF&apos;."><![CDATA[line 112, col 54, Error - Expected linebreaks to be &apos;LF&apos; but found &apos;CRLF&apos;. (linebreak-style)]]></failure></testcase>
<testcase time="0" name="org.eslint.indent" classname="C:\work\dyrectorio\web\crux-ui\src\server\crux\image-service"><failure message="Expected indentation of 12 spaces but found 14."><![CDATA[line 113, col 1, Error - Expected indentation of 12 spaces but found 14. (indent)]]></failure></testcase>
<testcase time="0" name="org.eslint.linebreak-style" classname="C:\work\dyrectorio\web\crux-ui\src\server\crux\image-service"><failure message="Expected linebreaks to be &apos;LF&apos; but found &apos;CRLF&apos;."><![CDATA[line 113, col 26, Error - Expected linebreaks to be &apos;LF&apos; but found &apos;CRLF&apos;. (linebreak-style)]]></failure></testcase>
<testcase time="0" name="org.eslint.indent" classname="C:\work\dyrectorio\web\crux-ui\src\server\crux\image-service"><failure message="Expected indentation of 12 spaces but found 14."><![CDATA[line 114, col 1, Error - Expected indentation of 12 spaces but found 14. (indent)]]></failure></testcase>
<testcase time="0" name="org.eslint.linebreak-style" classname="C:\work\dyrectorio\web\crux-ui\src\server\crux\image-service"><failure message="Expected linebreaks to be &apos;LF&apos; but found &apos;CRLF&apos;."><![CDATA[line 114, col 18, Error - Expected linebreaks to be &apos;LF&apos; but found &apos;CRLF&apos;. (linebreak-style)]]></failure></testcase>
<testcase time="0" name="org.eslint.indent" classname="C:\work\dyrectorio\web\crux-ui\src\server\crux\image-service"><failure message="Expected indentation of 14 spaces but found 18."><![CDATA[line 115, col 1, Error - Expected indentation of 14 spaces but found 18. (indent)]]></failure></testcase>
<testcase time="0" name="org.eslint.linebreak-style" classname="C:\work\dyrectorio\web\crux-ui\src\server\crux\image-service"><failure message="Expected linebreaks to be &apos;LF&apos; but found &apos;CRLF&apos;."><![CDATA[line 115, col 51, Error - Expected linebreaks to be &apos;LF&apos; but found &apos;CRLF&apos;. (linebreak-style)]]></failure></testcase>
<testcase time="0" name="org.eslint.indent" classname="C:\work\dyrectorio\web\crux-ui\src\server\crux\image-service"><failure message="Expected indentation of 12 spaces but found 16."><![CDATA[line 116, col 1, Error - Expected indentation of 12 spaces but found 16. (indent)]]></failure></testcase>
<testcase time="0" name="org.eslint.linebreak-style" classname="C:\work\dyrectorio\web\crux-ui\src\server\crux\image-service"><failure message="Expected linebreaks to be &apos;LF&apos; but found &apos;CRLF&apos;."><![CDATA[line 116, col 19, Error - Expected linebreaks to be &apos;LF&apos; but found &apos;CRLF&apos;. (linebreak-style)]]></failure></testcase>
<testcase time="0" name="org.eslint.indent" classname="C:\work\dyrectorio\web\crux-ui\src\server\crux\image-service"><failure message="Expected indentation of 10 spaces but found 12."><![CDATA[line 117, col 1, Error - Expected indentation of 10 spaces but found 12. (indent)]]></failure></testcase>
<testcase time="0" name="org.eslint.linebreak-style" classname="C:\work\dyrectorio\web\crux-ui\src\server\crux\image-service"><failure message="Expected linebreaks to be &apos;LF&apos; but found &apos;CRLF&apos;."><![CDATA[line 117, col 52, Error - Expected linebreaks to be &apos;LF&apos; but found &apos;CRLF&apos;. (linebreak-style)]]></failure></testcase>
<testcase time="0" name="org.eslint.indent" classname="C:\work\dyrectorio\web\crux-ui\src\server\crux\image-service"><failure message="Expected indentation of 12 spaces but found 14."><![CDATA[line 118, col 1, Error - Expected indentation of 12 spaces but found 14. (indent)]]></failure></testcase>
<testcase time="0" name="org.eslint.linebreak-style" classname="C:\work\dyrectorio\web\crux-ui\src\server\crux\image-service"><failure message="Expected linebreaks to be &apos;LF&apos; but found &apos;CRLF&apos;."><![CDATA[line 118, col 26, Error - Expected linebreaks to be &apos;LF&apos; but found &apos;CRLF&apos;. (linebreak-style)]]></failure></testcase>
<testcase time="0" name="org.eslint.indent" classname="C:\work\dyrectorio\web\crux-ui\src\server\crux\image-service"><failure message="Expected indentation of 12 spaces but found 14."><![CDATA[line 119, col 1, Error - Expected indentation of 12 spaces but found 14. (indent)]]></failure></testcase>
<testcase time="0" name="org.eslint.linebreak-style" classname="C:\work\dyrectorio\web\crux-ui\src\server\crux\image-service"><failure message="Expected linebreaks to be &apos;LF&apos; but found &apos;CRLF&apos;."><![CDATA[line 119, col 18, Error - Expected linebreaks to be &apos;LF&apos; but found &apos;CRLF&apos;. (linebreak-style)]]></failure></testcase>
<testcase time="0" name="org.eslint.indent" classname="C:\work\dyrectorio\web\crux-ui\src\server\crux\image-service"><failure message="Expected indentation of 14 spaces but found 18."><![CDATA[line 120, col 1, Error - Expected indentation of 14 spaces but found 18. (indent)]]></failure></testcase>
<testcase time="0" name="org.eslint.linebreak-style" classname="C:\work\dyrectorio\web\crux-ui\src\server\crux\image-service"><failure message="Expected linebreaks to be &apos;LF&apos; but found &apos;CRLF&apos;."><![CDATA[line 120, col 50, Error - Expected linebreaks to be &apos;LF&apos; but found &apos;CRLF&apos;. (linebreak-style)]]></failure></testcase>
<testcase time="0" name="org.eslint.indent" classname="C:\work\dyrectorio\web\crux-ui\src\server\crux\image-service"><failure message="Expected indentation of 12 spaces but found 16."><![CDATA[line 121, col 1, Error - Expected indentation of 12 spaces but found 16. (indent)]]></failure></testcase>
<testcase time="0" name="org.eslint.linebreak-style" classname="C:\work\dyrectorio\web\crux-ui\src\server\crux\image-service"><failure message="Expected linebreaks to be &apos;LF&apos; but found &apos;CRLF&apos;."><![CDATA[line 121, col 19, Error - Expected linebreaks to be &apos;LF&apos; but found &apos;CRLF&apos;. (linebreak-style)]]></failure></testcase>
<testcase time="0" name="org.eslint.indent" classname="C:\work\dyrectorio\web\crux-ui\src\server\crux\image-service"><failure message="Expected indentation of 8 spaces but found 10."><![CDATA[line 122, col 1, Error - Expected indentation of 8 spaces but found 10. (indent)]]></failure></testcase>
<testcase time="0" name="org.eslint.linebreak-style" classname="C:\work\dyrectorio\web\crux-ui\src\server\crux\image-service"><failure message="Expected linebreaks to be &apos;LF&apos; but found &apos;CRLF&apos;."><![CDATA[line 122, col 13, Error - Expected linebreaks to be &apos;LF&apos; but found &apos;CRLF&apos;. (linebreak-style)]]></failure></testcase>
<testcase time="0" name="org.eslint.linebreak-style" classname="C:\work\dyrectorio\web\crux-ui\src\server\crux\image-service"><failure message="Expected linebreaks to be &apos;LF&apos; but found &apos;CRLF&apos;."><![CDATA[line 123, col 27, Error - Expected linebreaks to be &apos;LF&apos; but found &apos;CRLF&apos;. (linebreak-style)]]></failure></testcase>
<testcase time="0" name="org.eslint.semi" classname="C:\work\dyrectorio\web\crux-ui\src\server\crux\image-service"><failure message="Missing semicolon."><![CDATA[line 123, col 27, Error - Missing semicolon. (semi)]]></failure></testcase>
<testcase time="0" name="org.eslint.linebreak-style" classname="C:\work\dyrectorio\web\crux-ui\src\server\crux\image-service"><failure message="Expected linebreaks to be &apos;LF&apos; but found &apos;CRLF&apos;."><![CDATA[line 124, col 1, Error - Expected linebreaks to be &apos;LF&apos; but found &apos;CRLF&apos;. (linebreak-style)]]></failure></testcase>
<testcase time="0" name="org.eslint.max-len" classname="C:\work\dyrectorio\web\crux-ui\src\server\crux\image-service"><failure message="This line has a length of 108. Maximum allowed is 100."><![CDATA[line 125, col 1, Error - This line has a length of 108. Maximum allowed is 100. (max-len)]]></failure></testcase>
<testcase time="0" name="org.eslint.linebreak-style" classname="C:\work\dyrectorio\web\crux-ui\src\server\crux\image-service"><failure message="Expected linebreaks to be &apos;LF&apos; but found &apos;CRLF&apos;."><![CDATA[line 125, col 109, Error - Expected linebreaks to be &apos;LF&apos; but found &apos;CRLF&apos;. (linebreak-style)]]></failure></testcase>
<testcase time="0" name="org.eslint.semi" classname="C:\work\dyrectorio\web\crux-ui\src\server\crux\image-service"><failure message="Missing semicolon."><![CDATA[line 125, col 109, Error - Missing semicolon. (semi)]]></failure></testcase>
<testcase time="0" name="org.eslint.linebreak-style" classname="C:\work\dyrectorio\web\crux-ui\src\server\crux\image-service"><failure message="Expected linebreaks to be &apos;LF&apos; but found &apos;CRLF&apos;."><![CDATA[line 126, col 4, Error - Expected linebreaks to be &apos;LF&apos; but found &apos;CRLF&apos;. (linebreak-style)]]></failure></testcase>
<testcase time="0" name="org.eslint.linebreak-style" classname="C:\work\dyrectorio\web\crux-ui\src\server\crux\image-service"><failure message="Expected linebreaks to be &apos;LF&apos; but found &apos;CRLF&apos;."><![CDATA[line 127, col 1, Error - Expected linebreaks to be &apos;LF&apos; but found &apos;CRLF&apos;. (linebreak-style)]]></failure></testcase>
<testcase time="0" name="org.eslint.linebreak-style" classname="C:\work\dyrectorio\web\crux-ui\src\server\crux\image-service"><failure message="Expected linebreaks to be &apos;LF&apos; but found &apos;CRLF&apos;."><![CDATA[line 128, col 34, Error - Expected linebreaks to be &apos;LF&apos; but found &apos;CRLF&apos;. (linebreak-style)]]></failure></testcase>
<testcase time="0" name="org.eslint.linebreak-style" classname="C:\work\dyrectorio\web\crux-ui\src\server\crux\image-service"><failure message="Expected linebreaks to be &apos;LF&apos; but found &apos;CRLF&apos;."><![CDATA[line 129, col 29, Error - Expected linebreaks to be &apos;LF&apos; but found &apos;CRLF&apos;. (linebreak-style)]]></failure></testcase>
<testcase time="0" name="org.eslint.linebreak-style" classname="C:\work\dyrectorio\web\crux-ui\src\server\crux\image-service"><failure message="Expected linebreaks to be &apos;LF&apos; but found &apos;CRLF&apos;."><![CDATA[line 130, col 10, Error - Expected linebreaks to be &apos;LF&apos; but found &apos;CRLF&apos;. (linebreak-style)]]></failure></testcase>
<testcase time="0" name="org.eslint.linebreak-style" classname="C:\work\dyrectorio\web\crux-ui\src\server\crux\image-service"><failure message="Expected linebreaks to be &apos;LF&apos; but found &apos;CRLF&apos;."><![CDATA[line 131, col 36, Error - Expected linebreaks to be &apos;LF&apos; but found &apos;CRLF&apos;. (linebreak-style)]]></failure></testcase>
<testcase time="0" name="org.eslint.linebreak-style" classname="C:\work\dyrectorio\web\crux-ui\src\server\crux\image-service"><failure message="Expected linebreaks to be &apos;LF&apos; but found &apos;CRLF&apos;."><![CDATA[line 132, col 6, Error - Expected linebreaks to be &apos;LF&apos; but found &apos;CRLF&apos;. (linebreak-style)]]></failure></testcase>
<testcase time="0" name="org.eslint.semi" classname="C:\work\dyrectorio\web\crux-ui\src\server\crux\image-service"><failure message="Missing semicolon."><![CDATA[line 132, col 6, Error - Missing semicolon. (semi)]]></failure></testcase>
<testcase time="0" name="org.eslint.linebreak-style" classname="C:\work\dyrectorio\web\crux-ui\src\server\crux\image-service"><failure message="Expected linebreaks to be &apos;LF&apos; but found &apos;CRLF&apos;."><![CDATA[line 133, col 1, Error - Expected linebreaks to be &apos;LF&apos; but found &apos;CRLF&apos;. (linebreak-style)]]></failure></testcase>
<testcase time="0" name="org.eslint.linebreak-style" classname="C:\work\dyrectorio\web\crux-ui\src\server\crux\image-service"><failure message="Expected linebreaks to be &apos;LF&apos; but found &apos;CRLF&apos;."><![CDATA[line 134, col 94, Error - Expected linebreaks to be &apos;LF&apos; but found &apos;CRLF&apos;. (linebreak-style)]]></failure></testcase>
<testcase time="0" name="org.eslint.semi" classname="C:\work\dyrectorio\web\crux-ui\src\server\crux\image-service"><failure message="Missing semicolon."><![CDATA[line 134, col 94, Error - Missing semicolon. (semi)]]></failure></testcase>
<testcase time="0" name="org.eslint.linebreak-style" classname="C:\work\dyrectorio\web\crux-ui\src\server\crux\image-service"><failure message="Expected linebreaks to be &apos;LF&apos; but found &apos;CRLF&apos;."><![CDATA[line 135, col 4, Error - Expected linebreaks to be &apos;LF&apos; but found &apos;CRLF&apos;. (linebreak-style)]]></failure></testcase>
<testcase time="0" name="org.eslint.linebreak-style" classname="C:\work\dyrectorio\web\crux-ui\src\server\crux\image-service"><failure message="Expected linebreaks to be &apos;LF&apos; but found &apos;CRLF&apos;."><![CDATA[line 136, col 2, Error - Expected linebreaks to be &apos;LF&apos; but found &apos;CRLF&apos;. (linebreak-style)]]></failure></testcase>
<testcase time="0" name="org.eslint.linebreak-style" classname="C:\work\dyrectorio\web\crux-ui\src\server\crux\image-service"><failure message="Expected linebreaks to be &apos;LF&apos; but found &apos;CRLF&apos;."><![CDATA[line 137, col 1, Error - Expected linebreaks to be &apos;LF&apos; but found &apos;CRLF&apos;. (linebreak-style)]]></failure></testcase>
<testcase time="0" name="org.eslint.linebreak-style" classname="C:\work\dyrectorio\web\crux-ui\src\server\crux\image-service"><failure message="Expected linebreaks to be &apos;LF&apos; but found &apos;CRLF&apos;."><![CDATA[line 138, col 31, Error - Expected linebreaks to be &apos;LF&apos; but found &apos;CRLF&apos;. (linebreak-style)]]></failure></testcase>
<testcase time="0" name="org.eslint.semi" classname="C:\work\dyrectorio\web\crux-ui\src\server\crux\image-service"><failure message="Missing semicolon."><![CDATA[line 138, col 31, Error - Missing semicolon. (semi)]]></failure></testcase>
<testcase time="0" name="org.eslint.linebreak-style" classname="C:\work\dyrectorio\web\crux-ui\src\server\crux\image-service"><failure message="Expected linebreaks to be &apos;LF&apos; but found &apos;CRLF&apos;."><![CDATA[line 139, col 1, Error - Expected linebreaks to be &apos;LF&apos; but found &apos;CRLF&apos;. (linebreak-style)]]></failure></testcase>
<testcase time="0" name="org.eslint.no-confusing-arrow" classname="C:\work\dyrectorio\web\crux-ui\src\server\crux\image-service"><failure message="Arrow function used ambiguously with a conditional expression."><![CDATA[line 140, col 33, Error - Arrow function used ambiguously with a conditional expression. (no-confusing-arrow)]]></failure></testcase>
<testcase time="0" name="org.eslint.linebreak-style" classname="C:\work\dyrectorio\web\crux-ui\src\server\crux\image-service"><failure message="Expected linebreaks to be &apos;LF&apos; but found &apos;CRLF&apos;."><![CDATA[line 140, col 93, Error - Expected linebreaks to be &apos;LF&apos; but found &apos;CRLF&apos;. (linebreak-style)]]></failure></testcase>
<testcase time="0" name="org.eslint.implicit-arrow-linebreak" classname="C:\work\dyrectorio\web\crux-ui\src\server\crux\image-service"><failure message="Expected no linebreak before this expression."><![CDATA[line 141, col 3, Error - Expected no linebreak before this expression. (implicit-arrow-linebreak)]]></failure></testcase>
<testcase time="0" name="org.eslint.linebreak-style" classname="C:\work\dyrectorio\web\crux-ui\src\server\crux\image-service"><failure message="Expected linebreaks to be &apos;LF&apos; but found &apos;CRLF&apos;."><![CDATA[line 141, col 111, Error - Expected linebreaks to be &apos;LF&apos; but found &apos;CRLF&apos;. (linebreak-style)]]></failure></testcase>
<testcase time="0" name="org.eslint.semi" classname="C:\work\dyrectorio\web\crux-ui\src\server\crux\image-service"><failure message="Missing semicolon."><![CDATA[line 141, col 111, Error - Missing semicolon. (semi)]]></failure></testcase>
<testcase time="0" name="org.eslint.linebreak-style" classname="C:\work\dyrectorio\web\crux-ui\src\server\crux\image-service"><failure message="Expected linebreaks to be &apos;LF&apos; but found &apos;CRLF&apos;."><![CDATA[line 142, col 1, Error - Expected linebreaks to be &apos;LF&apos; but found &apos;CRLF&apos;. (linebreak-style)]]></failure></testcase>
<testcase time="0" name="org.eslint.max-len" classname="C:\work\dyrectorio\web\crux-ui\src\server\crux\image-service"><failure message="This line has a length of 114. Maximum allowed is 100."><![CDATA[line 143, col 1, Error - This line has a length of 114. Maximum allowed is 100. (max-len)]]></failure></testcase>
<testcase time="0" name="org.eslint.no-confusing-arrow" classname="C:\work\dyrectorio\web\crux-ui\src\server\crux\image-service"><failure message="Arrow function used ambiguously with a conditional expression."><![CDATA[line 143, col 40, Error - Arrow function used ambiguously with a conditional expression. (no-confusing-arrow)]]></failure></testcase>
<testcase time="0" name="org.eslint.linebreak-style" classname="C:\work\dyrectorio\web\crux-ui\src\server\crux\image-service"><failure message="Expected linebreaks to be &apos;LF&apos; but found &apos;CRLF&apos;."><![CDATA[line 143, col 115, Error - Expected linebreaks to be &apos;LF&apos; but found &apos;CRLF&apos;. (linebreak-style)]]></failure></testcase>
<testcase time="0" name="org.eslint.implicit-arrow-linebreak" classname="C:\work\dyrectorio\web\crux-ui\src\server\crux\image-service"><failure message="Expected no linebreak before this expression."><![CDATA[line 144, col 3, Error - Expected no linebreak before this expression. (implicit-arrow-linebreak)]]></failure></testcase>
<testcase time="0" name="org.eslint.linebreak-style" classname="C:\work\dyrectorio\web\crux-ui\src\server\crux\image-service"><failure message="Expected linebreaks to be &apos;LF&apos; but found &apos;CRLF&apos;."><![CDATA[line 144, col 12, Error - Expected linebreaks to be &apos;LF&apos; but found &apos;CRLF&apos;. (linebreak-style)]]></failure></testcase>
<testcase time="0" name="org.eslint.linebreak-style" classname="C:\work\dyrectorio\web\crux-ui\src\server\crux\image-service"><failure message="Expected linebreaks to be &apos;LF&apos; but found &apos;CRLF&apos;."><![CDATA[line 145, col 17, Error - Expected linebreaks to be &apos;LF&apos; but found &apos;CRLF&apos;. (linebreak-style)]]></failure></testcase>
<testcase time="0" name="org.eslint.max-len" classname="C:\work\dyrectorio\web\crux-ui\src\server\crux\image-service"><failure message="This line has a length of 105. Maximum allowed is 100."><![CDATA[line 146, col 1, Error - This line has a length of 105. Maximum allowed is 100. (max-len)]]></failure></testcase>
<testcase time="0" name="org.eslint.linebreak-style" classname="C:\work\dyrectorio\web\crux-ui\src\server\crux\image-service"><failure message="Expected linebreaks to be &apos;LF&apos; but found &apos;CRLF&apos;."><![CDATA[line 146, col 106, Error - Expected linebreaks to be &apos;LF&apos; but found &apos;CRLF&apos;. (linebreak-style)]]></failure></testcase>
<testcase time="0" name="org.eslint.semi" classname="C:\work\dyrectorio\web\crux-ui\src\server\crux\image-service"><failure message="Missing semicolon."><![CDATA[line 146, col 106, Error - Missing semicolon. (semi)]]></failure></testcase>
<testcase time="0" name="org.eslint.linebreak-style" classname="C:\work\dyrectorio\web\crux-ui\src\server\crux\image-service"><failure message="Expected linebreaks to be &apos;LF&apos; but found &apos;CRLF&apos;."><![CDATA[line 147, col 1, Error - Expected linebreaks to be &apos;LF&apos; but found &apos;CRLF&apos;. (linebreak-style)]]></failure></testcase>
<testcase time="0" name="org.eslint.max-len" classname="C:\work\dyrectorio\web\crux-ui\src\server\crux\image-service"><failure message="This line has a length of 101. Maximum allowed is 100."><![CDATA[line 148, col 1, Error - This line has a length of 101. Maximum allowed is 100. (max-len)]]></failure></testcase>
<testcase time="0" name="org.eslint.no-confusing-arrow" classname="C:\work\dyrectorio\web\crux-ui\src\server\crux\image-service"><failure message="Arrow function used ambiguously with a conditional expression."><![CDATA[line 148, col 39, Error - Arrow function used ambiguously with a conditional expression. (no-confusing-arrow)]]></failure></testcase>
<testcase time="0" name="org.eslint.linebreak-style" classname="C:\work\dyrectorio\web\crux-ui\src\server\crux\image-service"><failure message="Expected linebreaks to be &apos;LF&apos; but found &apos;CRLF&apos;."><![CDATA[line 148, col 102, Error - Expected linebreaks to be &apos;LF&apos; but found &apos;CRLF&apos;. (linebreak-style)]]></failure></testcase>
<testcase time="0" name="org.eslint.implicit-arrow-linebreak" classname="C:\work\dyrectorio\web\crux-ui\src\server\crux\image-service"><failure message="Expected no linebreak before this expression."><![CDATA[line 149, col 3, Error - Expected no linebreak before this expression. (implicit-arrow-linebreak)]]></failure></testcase>
<testcase time="0" name="org.eslint.linebreak-style" classname="C:\work\dyrectorio\web\crux-ui\src\server\crux\image-service"><failure message="Expected linebreaks to be &apos;LF&apos; but found &apos;CRLF&apos;."><![CDATA[line 149, col 119, Error - Expected linebreaks to be &apos;LF&apos; but found &apos;CRLF&apos;. (linebreak-style)]]></failure></testcase>
<testcase time="0" name="org.eslint.semi" classname="C:\work\dyrectorio\web\crux-ui\src\server\crux\image-service"><failure message="Missing semicolon."><![CDATA[line 149, col 119, Error - Missing semicolon. (semi)]]></failure></testcase>
<testcase time="0" name="org.eslint.linebreak-style" classname="C:\work\dyrectorio\web\crux-ui\src\server\crux\image-service"><failure message="Expected linebreaks to be &apos;LF&apos; but found &apos;CRLF&apos;."><![CDATA[line 150, col 1, Error - Expected linebreaks to be &apos;LF&apos; but found &apos;CRLF&apos;. (linebreak-style)]]></failure></testcase>
<testcase time="0" name="org.eslint.no-confusing-arrow" classname="C:\work\dyrectorio\web\crux-ui\src\server\crux\image-service"><failure message="Arrow function used ambiguously with a conditional expression."><![CDATA[line 151, col 35, Error - Arrow function used ambiguously with a conditional expression. (no-confusing-arrow)]]></failure></testcase>
<testcase time="0" name="org.eslint.linebreak-style" classname="C:\work\dyrectorio\web\crux-ui\src\server\crux\image-service"><failure message="Expected linebreaks to be &apos;LF&apos; but found &apos;CRLF&apos;."><![CDATA[line 151, col 95, Error - Expected linebreaks to be &apos;LF&apos; but found &apos;CRLF&apos;. (linebreak-style)]]></failure></testcase>
<testcase time="0" name="org.eslint.implicit-arrow-linebreak" classname="C:\work\dyrectorio\web\crux-ui\src\server\crux\image-service"><failure message="Expected no linebreak before this expression."><![CDATA[line 152, col 3, Error - Expected no linebreak before this expression. (implicit-arrow-linebreak)]]></failure></testcase>
<testcase time="0" name="org.eslint.linebreak-style" classname="C:\work\dyrectorio\web\crux-ui\src\server\crux\image-service"><failure message="Expected linebreaks to be &apos;LF&apos; but found &apos;CRLF&apos;."><![CDATA[line 152, col 76, Error - Expected linebreaks to be &apos;LF&apos; but found &apos;CRLF&apos;. (linebreak-style)]]></failure></testcase>
<testcase time="0" name="org.eslint.semi" classname="C:\work\dyrectorio\web\crux-ui\src\server\crux\image-service"><failure message="Missing semicolon."><![CDATA[line 152, col 76, Error - Missing semicolon. (semi)]]></failure></testcase>
<testcase time="0" name="org.eslint.linebreak-style" classname="C:\work\dyrectorio\web\crux-ui\src\server\crux\image-service"><failure message="Expected linebreaks to be &apos;LF&apos; but found &apos;CRLF&apos;."><![CDATA[line 153, col 1, Error - Expected linebreaks to be &apos;LF&apos; but found &apos;CRLF&apos;. (linebreak-style)]]></failure></testcase>
<testcase time="0" name="org.eslint.max-len" classname="C:\work\dyrectorio\web\crux-ui\src\server\crux\image-service"><failure message="This line has a length of 103. Maximum allowed is 100."><![CDATA[line 154, col 1, Error - This line has a length of 103. Maximum allowed is 100. (max-len)]]></failure></testcase>
<testcase time="0" name="org.eslint.no-confusing-arrow" classname="C:\work\dyrectorio\web\crux-ui\src\server\crux\image-service"><failure message="Arrow function used ambiguously with a conditional expression."><![CDATA[line 154, col 41, Error - Arrow function used ambiguously with a conditional expression. (no-confusing-arrow)]]></failure></testcase>
<testcase time="0" name="org.eslint.linebreak-style" classname="C:\work\dyrectorio\web\crux-ui\src\server\crux\image-service"><failure message="Expected linebreaks to be &apos;LF&apos; but found &apos;CRLF&apos;."><![CDATA[line 154, col 104, Error - Expected linebreaks to be &apos;LF&apos; but found &apos;CRLF&apos;. (linebreak-style)]]></failure></testcase>
<testcase time="0" name="org.eslint.implicit-arrow-linebreak" classname="C:\work\dyrectorio\web\crux-ui\src\server\crux\image-service"><failure message="Expected no linebreak before this expression."><![CDATA[line 155, col 3, Error - Expected no linebreak before this expression. (implicit-arrow-linebreak)]]></failure></testcase>
<testcase time="0" name="org.eslint.linebreak-style" classname="C:\work\dyrectorio\web\crux-ui\src\server\crux\image-service"><failure message="Expected linebreaks to be &apos;LF&apos; but found &apos;CRLF&apos;."><![CDATA[line 155, col 68, Error - Expected linebreaks to be &apos;LF&apos; but found &apos;CRLF&apos;. (linebreak-style)]]></failure></testcase>
<testcase time="0" name="org.eslint.semi" classname="C:\work\dyrectorio\web\crux-ui\src\server\crux\image-service"><failure message="Missing semicolon."><![CDATA[line 155, col 68, Error - Missing semicolon. (semi)]]></failure></testcase>
<testcase time="0" name="org.eslint.linebreak-style" classname="C:\work\dyrectorio\web\crux-ui\src\server\crux\image-service"><failure message="Expected linebreaks to be &apos;LF&apos; but found &apos;CRLF&apos;."><![CDATA[line 156, col 1, Error - Expected linebreaks to be &apos;LF&apos; but found &apos;CRLF&apos;. (linebreak-style)]]></failure></testcase>
<testcase time="0" name="org.eslint.max-len" classname="C:\work\dyrectorio\web\crux-ui\src\server\crux\image-service"><failure message="This line has a length of 116. Maximum allowed is 100."><![CDATA[line 157, col 1, Error - This line has a length of 116. Maximum allowed is 100. (max-len)]]></failure></testcase>
<testcase time="0" name="org.eslint.no-confusing-arrow" classname="C:\work\dyrectorio\web\crux-ui\src\server\crux\image-service"><failure message="Arrow function used ambiguously with a conditional expression."><![CDATA[line 157, col 42, Error - Arrow function used ambiguously with a conditional expression. (no-confusing-arrow)]]></failure></testcase>
<testcase time="0" name="org.eslint.linebreak-style" classname="C:\work\dyrectorio\web\crux-ui\src\server\crux\image-service"><failure message="Expected linebreaks to be &apos;LF&apos; but found &apos;CRLF&apos;."><![CDATA[line 157, col 117, Error - Expected linebreaks to be &apos;LF&apos; but found &apos;CRLF&apos;. (linebreak-style)]]></failure></testcase>
<testcase time="0" name="org.eslint.implicit-arrow-linebreak" classname="C:\work\dyrectorio\web\crux-ui\src\server\crux\image-service"><failure message="Expected no linebreak before this expression."><![CDATA[line 158, col 3, Error - Expected no linebreak before this expression. (implicit-arrow-linebreak)]]></failure></testcase>
<testcase time="0" name="org.eslint.linebreak-style" classname="C:\work\dyrectorio\web\crux-ui\src\server\crux\image-service"><failure message="Expected linebreaks to be &apos;LF&apos; but found &apos;CRLF&apos;."><![CDATA[line 158, col 77, Error - Expected linebreaks to be &apos;LF&apos; but found &apos;CRLF&apos;. (linebreak-style)]]></failure></testcase>
<testcase time="0" name="org.eslint.semi" classname="C:\work\dyrectorio\web\crux-ui\src\server\crux\image-service"><failure message="Missing semicolon."><![CDATA[line 158, col 77, Error - Missing semicolon. (semi)]]></failure></testcase>
<testcase time="0" name="org.eslint.linebreak-style" classname="C:\work\dyrectorio\web\crux-ui\src\server\crux\image-service"><failure message="Expected linebreaks to be &apos;LF&apos; but found &apos;CRLF&apos;."><![CDATA[line 159, col 1, Error - Expected linebreaks to be &apos;LF&apos; but found &apos;CRLF&apos;. (linebreak-style)]]></failure></testcase>
<testcase time="0" name="org.eslint.linebreak-style" classname="C:\work\dyrectorio\web\crux-ui\src\server\crux\image-service"><failure message="Expected linebreaks to be &apos;LF&apos; but found &apos;CRLF&apos;."><![CDATA[line 160, col 89, Error - Expected linebreaks to be &apos;LF&apos; but found &apos;CRLF&apos;. (linebreak-style)]]></failure></testcase>
<testcase time="0" name="org.eslint.linebreak-style" classname="C:\work\dyrectorio\web\crux-ui\src\server\crux\image-service"><failure message="Expected linebreaks to be &apos;LF&apos; but found &apos;CRLF&apos;."><![CDATA[line 161, col 20, Error - Expected linebreaks to be &apos;LF&apos; but found &apos;CRLF&apos;. (linebreak-style)]]></failure></testcase>
<testcase time="0" name="org.eslint.linebreak-style" classname="C:\work\dyrectorio\web\crux-ui\src\server\crux\image-service"><failure message="Expected linebreaks to be &apos;LF&apos; but found &apos;CRLF&apos;."><![CDATA[line 162, col 16, Error - Expected linebreaks to be &apos;LF&apos; but found &apos;CRLF&apos;. (linebreak-style)]]></failure></testcase>
<testcase time="0" name="org.eslint.semi" classname="C:\work\dyrectorio\web\crux-ui\src\server\crux\image-service"><failure message="Missing semicolon."><![CDATA[line 162, col 16, Error - Missing semicolon. (semi)]]></failure></testcase>
<testcase time="0" name="org.eslint.linebreak-style" classname="C:\work\dyrectorio\web\crux-ui\src\server\crux\image-service"><failure message="Expected linebreaks to be &apos;LF&apos; but found &apos;CRLF&apos;."><![CDATA[line 163, col 4, Error - Expected linebreaks to be &apos;LF&apos; but found &apos;CRLF&apos;. (linebreak-style)]]></failure></testcase>
<testcase time="0" name="org.eslint.linebreak-style" classname="C:\work\dyrectorio\web\crux-ui\src\server\crux\image-service"><failure message="Expected linebreaks to be &apos;LF&apos; but found &apos;CRLF&apos;."><![CDATA[line 164, col 1, Error - Expected linebreaks to be &apos;LF&apos; but found &apos;CRLF&apos;. (linebreak-style)]]></failure></testcase>
<testcase time="0" name="org.eslint.linebreak-style" classname="C:\work\dyrectorio\web\crux-ui\src\server\crux\image-service"><failure message="Expected linebreaks to be &apos;LF&apos; but found &apos;CRLF&apos;."><![CDATA[line 165, col 63, Error - Expected linebreaks to be &apos;LF&apos; but found &apos;CRLF&apos;. (linebreak-style)]]></failure></testcase>
<testcase time="0" name="org.eslint.semi" classname="C:\work\dyrectorio\web\crux-ui\src\server\crux\image-service"><failure message="Missing semicolon."><![CDATA[line 165, col 63, Error - Missing semicolon. (semi)]]></failure></testcase>
<testcase time="0" name="org.eslint.linebreak-style" classname="C:\work\dyrectorio\web\crux-ui\src\server\crux\image-service"><failure message="Expected linebreaks to be &apos;LF&apos; but found &apos;CRLF&apos;."><![CDATA[line 166, col 2, Error - Expected linebreaks to be &apos;LF&apos; but found &apos;CRLF&apos;. (linebreak-style)]]></failure></testcase>
<testcase time="0" name="org.eslint.semi" classname="C:\work\dyrectorio\web\crux-ui\src\server\crux\image-service"><failure message="Missing semicolon."><![CDATA[line 166, col 2, Error - Missing semicolon. (semi)]]></failure></testcase>
<testcase time="0" name="org.eslint.linebreak-style" classname="C:\work\dyrectorio\web\crux-ui\src\server\crux\image-service"><failure message="Expected linebreaks to be &apos;LF&apos; but found &apos;CRLF&apos;."><![CDATA[line 167, col 1, Error - Expected linebreaks to be &apos;LF&apos; but found &apos;CRLF&apos;. (linebreak-style)]]></failure></testcase>
<testcase time="0" name="org.eslint.linebreak-style" classname="C:\work\dyrectorio\web\crux-ui\src\server\crux\image-service"><failure message="Expected linebreaks to be &apos;LF&apos; but found &apos;CRLF&apos;."><![CDATA[line 168, col 87, Error - Expected linebreaks to be &apos;LF&apos; but found &apos;CRLF&apos;. (linebreak-style)]]></failure></testcase>
<testcase time="0" name="org.eslint.linebreak-style" classname="C:\work\dyrectorio\web\crux-ui\src\server\crux\image-service"><failure message="Expected linebreaks to be &apos;LF&apos; but found &apos;CRLF&apos;."><![CDATA[line 169, col 20, Error - Expected linebreaks to be &apos;LF&apos; but found &apos;CRLF&apos;. (linebreak-style)]]></failure></testcase>
<testcase time="0" name="org.eslint.linebreak-style" classname="C:\work\dyrectorio\web\crux-ui\src\server\crux\image-service"><failure message="Expected linebreaks to be &apos;LF&apos; but found &apos;CRLF&apos;."><![CDATA[line 170, col 16, Error - Expected linebreaks to be &apos;LF&apos; but found &apos;CRLF&apos;. (linebreak-style)]]></failure></testcase>
<testcase time="0" name="org.eslint.semi" classname="C:\work\dyrectorio\web\crux-ui\src\server\crux\image-service"><failure message="Missing semicolon."><![CDATA[line 170, col 16, Error - Missing semicolon. (semi)]]></failure></testcase>
<testcase time="0" name="org.eslint.linebreak-style" classname="C:\work\dyrectorio\web\crux-ui\src\server\crux\image-service"><failure message="Expected linebreaks to be &apos;LF&apos; but found &apos;CRLF&apos;."><![CDATA[line 171, col 4, Error - Expected linebreaks to be &apos;LF&apos; but found &apos;CRLF&apos;. (linebreak-style)]]></failure></testcase>
<testcase time="0" name="org.eslint.linebreak-style" classname="C:\work\dyrectorio\web\crux-ui\src\server\crux\image-service"><failure message="Expected linebreaks to be &apos;LF&apos; but found &apos;CRLF&apos;."><![CDATA[line 172, col 1, Error - Expected linebreaks to be &apos;LF&apos; but found &apos;CRLF&apos;. (linebreak-style)]]></failure></testcase>
<testcase time="0" name="org.eslint.linebreak-style" classname="C:\work\dyrectorio\web\crux-ui\src\server\crux\image-service"><failure message="Expected linebreaks to be &apos;LF&apos; but found &apos;CRLF&apos;."><![CDATA[line 173, col 63, Error - Expected linebreaks to be &apos;LF&apos; but found &apos;CRLF&apos;. (linebreak-style)]]></failure></testcase>
<testcase time="0" name="org.eslint.semi" classname="C:\work\dyrectorio\web\crux-ui\src\server\crux\image-service"><failure message="Missing semicolon."><![CDATA[line 173, col 63, Error - Missing semicolon. (semi)]]></failure></testcase>
<testcase time="0" name="org.eslint.linebreak-style" classname="C:\work\dyrectorio\web\crux-ui\src\server\crux\image-service"><failure message="Expected linebreaks to be &apos;LF&apos; but found &apos;CRLF&apos;."><![CDATA[line 174, col 2, Error - Expected linebreaks to be &apos;LF&apos; but found &apos;CRLF&apos;. (linebreak-style)]]></failure></testcase>
<testcase time="0" name="org.eslint.semi" classname="C:\work\dyrectorio\web\crux-ui\src\server\crux\image-service"><failure message="Missing semicolon."><![CDATA[line 174, col 2, Error - Missing semicolon. (semi)]]></failure></testcase>
<testcase time="0" name="org.eslint.linebreak-style" classname="C:\work\dyrectorio\web\crux-ui\src\server\crux\image-service"><failure message="Expected linebreaks to be &apos;LF&apos; but found &apos;CRLF&apos;."><![CDATA[line 175, col 1, Error - Expected linebreaks to be &apos;LF&apos; but found &apos;CRLF&apos;. (linebreak-style)]]></failure></testcase>
<testcase time="0" name="org.eslint.max-len" classname="C:\work\dyrectorio\web\crux-ui\src\server\crux\image-service"><failure message="This line has a length of 113. Maximum allowed is 100."><![CDATA[line 176, col 1, Error - This line has a length of 113. Maximum allowed is 100. (max-len)]]></failure></testcase>
<testcase time="0" name="org.eslint.linebreak-style" classname="C:\work\dyrectorio\web\crux-ui\src\server\crux\image-service"><failure message="Expected linebreaks to be &apos;LF&apos; but found &apos;CRLF&apos;."><![CDATA[line 176, col 114, Error - Expected linebreaks to be &apos;LF&apos; but found &apos;CRLF&apos;. (linebreak-style)]]></failure></testcase>
<testcase time="0" name="org.eslint.linebreak-style" classname="C:\work\dyrectorio\web\crux-ui\src\server\crux\image-service"><failure message="Expected linebreaks to be &apos;LF&apos; but found &apos;CRLF&apos;."><![CDATA[line 177, col 17, Error - Expected linebreaks to be &apos;LF&apos; but found &apos;CRLF&apos;. (linebreak-style)]]></failure></testcase>
<testcase time="0" name="org.eslint.linebreak-style" classname="C:\work\dyrectorio\web\crux-ui\src\server\crux\image-service"><failure message="Expected linebreaks to be &apos;LF&apos; but found &apos;CRLF&apos;."><![CDATA[line 178, col 16, Error - Expected linebreaks to be &apos;LF&apos; but found &apos;CRLF&apos;. (linebreak-style)]]></failure></testcase>
<testcase time="0" name="org.eslint.semi" classname="C:\work\dyrectorio\web\crux-ui\src\server\crux\image-service"><failure message="Missing semicolon."><![CDATA[line 178, col 16, Error - Missing semicolon. (semi)]]></failure></testcase>
<testcase time="0" name="org.eslint.linebreak-style" classname="C:\work\dyrectorio\web\crux-ui\src\server\crux\image-service"><failure message="Expected linebreaks to be &apos;LF&apos; but found &apos;CRLF&apos;."><![CDATA[line 179, col 4, Error - Expected linebreaks to be &apos;LF&apos; but found &apos;CRLF&apos;. (linebreak-style)]]></failure></testcase>
<testcase time="0" name="org.eslint.linebreak-style" classname="C:\work\dyrectorio\web\crux-ui\src\server\crux\image-service"><failure message="Expected linebreaks to be &apos;LF&apos; but found &apos;CRLF&apos;."><![CDATA[line 180, col 1, Error - Expected linebreaks to be &apos;LF&apos; but found &apos;CRLF&apos;. (linebreak-style)]]></failure></testcase>
<testcase time="0" name="org.eslint.linebreak-style" classname="C:\work\dyrectorio\web\crux-ui\src\server\crux\image-service"><failure message="Expected linebreaks to be &apos;LF&apos; but found &apos;CRLF&apos;."><![CDATA[line 181, col 46, Error - Expected linebreaks to be &apos;LF&apos; but found &apos;CRLF&apos;. (linebreak-style)]]></failure></testcase>
<testcase time="0" name="org.eslint.linebreak-style" classname="C:\work\dyrectorio\web\crux-ui\src\server\crux\image-service"><failure message="Expected linebreaks to be &apos;LF&apos; but found &apos;CRLF&apos;."><![CDATA[line 182, col 31, Error - Expected linebreaks to be &apos;LF&apos; but found &apos;CRLF&apos;. (linebreak-style)]]></failure></testcase>
<testcase time="0" name="org.eslint.linebreak-style" classname="C:\work\dyrectorio\web\crux-ui\src\server\crux\image-service"><failure message="Expected linebreaks to be &apos;LF&apos; but found &apos;CRLF&apos;."><![CDATA[line 183, col 30, Error - Expected linebreaks to be &apos;LF&apos; but found &apos;CRLF&apos;. (linebreak-style)]]></failure></testcase>
<testcase time="0" name="org.eslint.linebreak-style" classname="C:\work\dyrectorio\web\crux-ui\src\server\crux\image-service"><failure message="Expected linebreaks to be &apos;LF&apos; but found &apos;CRLF&apos;."><![CDATA[line 184, col 31, Error - Expected linebreaks to be &apos;LF&apos; but found &apos;CRLF&apos;. (linebreak-style)]]></failure></testcase>
<testcase time="0" name="org.eslint.linebreak-style" classname="C:\work\dyrectorio\web\crux-ui\src\server\crux\image-service"><failure message="Expected linebreaks to be &apos;LF&apos; but found &apos;CRLF&apos;."><![CDATA[line 185, col 41, Error - Expected linebreaks to be &apos;LF&apos; but found &apos;CRLF&apos;. (linebreak-style)]]></failure></testcase>
<testcase time="0" name="org.eslint.linebreak-style" classname="C:\work\dyrectorio\web\crux-ui\src\server\crux\image-service"><failure message="Expected linebreaks to be &apos;LF&apos; but found &apos;CRLF&apos;."><![CDATA[line 186, col 35, Error - Expected linebreaks to be &apos;LF&apos; but found &apos;CRLF&apos;. (linebreak-style)]]></failure></testcase>
<testcase time="0" name="org.eslint.linebreak-style" classname="C:\work\dyrectorio\web\crux-ui\src\server\crux\image-service"><failure message="Expected linebreaks to be &apos;LF&apos; but found &apos;CRLF&apos;."><![CDATA[line 187, col 36, Error - Expected linebreaks to be &apos;LF&apos; but found &apos;CRLF&apos;. (linebreak-style)]]></failure></testcase>
<testcase time="0" name="org.eslint.linebreak-style" classname="C:\work\dyrectorio\web\crux-ui\src\server\crux\image-service"><failure message="Expected linebreaks to be &apos;LF&apos; but found &apos;CRLF&apos;."><![CDATA[line 188, col 29, Error - Expected linebreaks to be &apos;LF&apos; but found &apos;CRLF&apos;. (linebreak-style)]]></failure></testcase>
<testcase time="0" name="org.eslint.linebreak-style" classname="C:\work\dyrectorio\web\crux-ui\src\server\crux\image-service"><failure message="Expected linebreaks to be &apos;LF&apos; but found &apos;CRLF&apos;."><![CDATA[line 189, col 35, Error - Expected linebreaks to be &apos;LF&apos; but found &apos;CRLF&apos;. (linebreak-style)]]></failure></testcase>
<testcase time="0" name="org.eslint.linebreak-style" classname="C:\work\dyrectorio\web\crux-ui\src\server\crux\image-service"><failure message="Expected linebreaks to be &apos;LF&apos; but found &apos;CRLF&apos;."><![CDATA[line 190, col 37, Error - Expected linebreaks to be &apos;LF&apos; but found &apos;CRLF&apos;. (linebreak-style)]]></failure></testcase>
<testcase time="0" name="org.eslint.linebreak-style" classname="C:\work\dyrectorio\web\crux-ui\src\server\crux\image-service"><failure message="Expected linebreaks to be &apos;LF&apos; but found &apos;CRLF&apos;."><![CDATA[line 191, col 53, Error - Expected linebreaks to be &apos;LF&apos; but found &apos;CRLF&apos;. (linebreak-style)]]></failure></testcase>
<testcase time="0" name="org.eslint.linebreak-style" classname="C:\work\dyrectorio\web\crux-ui\src\server\crux\image-service"><failure message="Expected linebreaks to be &apos;LF&apos; but found &apos;CRLF&apos;."><![CDATA[line 192, col 53, Error - Expected linebreaks to be &apos;LF&apos; but found &apos;CRLF&apos;. (linebreak-style)]]></failure></testcase>
<testcase time="0" name="org.eslint.linebreak-style" classname="C:\work\dyrectorio\web\crux-ui\src\server\crux\image-service"><failure message="Expected linebreaks to be &apos;LF&apos; but found &apos;CRLF&apos;."><![CDATA[line 193, col 57, Error - Expected linebreaks to be &apos;LF&apos; but found &apos;CRLF&apos;. (linebreak-style)]]></failure></testcase>
<testcase time="0" name="org.eslint.linebreak-style" classname="C:\work\dyrectorio\web\crux-ui\src\server\crux\image-service"><failure message="Expected linebreaks to be &apos;LF&apos; but found &apos;CRLF&apos;."><![CDATA[line 194, col 73, Error - Expected linebreaks to be &apos;LF&apos; but found &apos;CRLF&apos;. (linebreak-style)]]></failure></testcase>
<testcase time="0" name="org.eslint.linebreak-style" classname="C:\work\dyrectorio\web\crux-ui\src\server\crux\image-service"><failure message="Expected linebreaks to be &apos;LF&apos; but found &apos;CRLF&apos;."><![CDATA[line 195, col 63, Error - Expected linebreaks to be &apos;LF&apos; but found &apos;CRLF&apos;. (linebreak-style)]]></failure></testcase>
<testcase time="0" name="org.eslint.linebreak-style" classname="C:\work\dyrectorio\web\crux-ui\src\server\crux\image-service"><failure message="Expected linebreaks to be &apos;LF&apos; but found &apos;CRLF&apos;."><![CDATA[line 196, col 83, Error - Expected linebreaks to be &apos;LF&apos; but found &apos;CRLF&apos;. (linebreak-style)]]></failure></testcase>
<testcase time="0" name="org.eslint.linebreak-style" classname="C:\work\dyrectorio\web\crux-ui\src\server\crux\image-service"><failure message="Expected linebreaks to be &apos;LF&apos; but found &apos;CRLF&apos;."><![CDATA[line 197, col 54, Error - Expected linebreaks to be &apos;LF&apos; but found &apos;CRLF&apos;. (linebreak-style)]]></failure></testcase>
<testcase time="0" name="org.eslint.linebreak-style" classname="C:\work\dyrectorio\web\crux-ui\src\server\crux\image-service"><failure message="Expected linebreaks to be &apos;LF&apos; but found &apos;CRLF&apos;."><![CDATA[line 198, col 55, Error - Expected linebreaks to be &apos;LF&apos; but found &apos;CRLF&apos;. (linebreak-style)]]></failure></testcase>
<testcase time="0" name="org.eslint.linebreak-style" classname="C:\work\dyrectorio\web\crux-ui\src\server\crux\image-service"><failure message="Expected linebreaks to be &apos;LF&apos; but found &apos;CRLF&apos;."><![CDATA[line 199, col 61, Error - Expected linebreaks to be &apos;LF&apos; but found &apos;CRLF&apos;. (linebreak-style)]]></failure></testcase>
<testcase time="0" name="org.eslint.linebreak-style" classname="C:\work\dyrectorio\web\crux-ui\src\server\crux\image-service"><failure message="Expected linebreaks to be &apos;LF&apos; but found &apos;CRLF&apos;."><![CDATA[line 200, col 66, Error - Expected linebreaks to be &apos;LF&apos; but found &apos;CRLF&apos;. (linebreak-style)]]></failure></testcase>
<testcase time="0" name="org.eslint.linebreak-style" classname="C:\work\dyrectorio\web\crux-ui\src\server\crux\image-service"><failure message="Expected linebreaks to be &apos;LF&apos; but found &apos;CRLF&apos;."><![CDATA[line 201, col 64, Error - Expected linebreaks to be &apos;LF&apos; but found &apos;CRLF&apos;. (linebreak-style)]]></failure></testcase>
<testcase time="0" name="org.eslint.linebreak-style" classname="C:\work\dyrectorio\web\crux-ui\src\server\crux\image-service"><failure message="Expected linebreaks to be &apos;LF&apos; but found &apos;CRLF&apos;."><![CDATA[line 202, col 58, Error - Expected linebreaks to be &apos;LF&apos; but found &apos;CRLF&apos;. (linebreak-style)]]></failure></testcase>
<testcase time="0" name="org.eslint.linebreak-style" classname="C:\work\dyrectorio\web\crux-ui\src\server\crux\image-service"><failure message="Expected linebreaks to be &apos;LF&apos; but found &apos;CRLF&apos;."><![CDATA[line 203, col 4, Error - Expected linebreaks to be &apos;LF&apos; but found &apos;CRLF&apos;. (linebreak-style)]]></failure></testcase>
<testcase time="0" name="org.eslint.semi" classname="C:\work\dyrectorio\web\crux-ui\src\server\crux\image-service"><failure message="Missing semicolon."><![CDATA[line 203, col 4, Error - Missing semicolon. (semi)]]></failure></testcase>
<testcase time="0" name="org.eslint.linebreak-style" classname="C:\work\dyrectorio\web\crux-ui\src\server\crux\image-service"><failure message="Expected linebreaks to be &apos;LF&apos; but found &apos;CRLF&apos;."><![CDATA[line 204, col 1, Error - Expected linebreaks to be &apos;LF&apos; but found &apos;CRLF&apos;. (linebreak-style)]]></failure></testcase>
<testcase time="0" name="org.eslint.linebreak-style" classname="C:\work\dyrectorio\web\crux-ui\src\server\crux\image-service"><failure message="Expected linebreaks to be &apos;LF&apos; but found &apos;CRLF&apos;."><![CDATA[line 205, col 18, Error - Expected linebreaks to be &apos;LF&apos; but found &apos;CRLF&apos;. (linebreak-style)]]></failure></testcase>
<testcase time="0" name="org.eslint.semi" classname="C:\work\dyrectorio\web\crux-ui\src\server\crux\image-service"><failure message="Missing semicolon."><![CDATA[line 205, col 18, Error - Missing semicolon. (semi)]]></failure></testcase>
<testcase time="0" name="org.eslint.linebreak-style" classname="C:\work\dyrectorio\web\crux-ui\src\server\crux\image-service"><failure message="Expected linebreaks to be &apos;LF&apos; but found &apos;CRLF&apos;."><![CDATA[line 206, col 2, Error - Expected linebreaks to be &apos;LF&apos; but found &apos;CRLF&apos;. (linebreak-style)]]></failure></testcase>
<testcase time="0" name="org.eslint.semi" classname="C:\work\dyrectorio\web\crux-ui\src\server\crux\image-service"><failure message="Missing semicolon."><![CDATA[line 206, col 2, Error - Missing semicolon. (semi)]]></failure></testcase>
<testcase time="0" name="org.eslint.linebreak-style" classname="C:\work\dyrectorio\web\crux-ui\src\server\crux\image-service"><failure message="Expected linebreaks to be &apos;LF&apos; but found &apos;CRLF&apos;."><![CDATA[line 207, col 1, Error - Expected linebreaks to be &apos;LF&apos; but found &apos;CRLF&apos;. (linebreak-style)]]></failure></testcase>
<testcase time="0" name="org.eslint.max-len" classname="C:\work\dyrectorio\web\crux-ui\src\server\crux\image-service"><failure message="This line has a length of 115. Maximum allowed is 100."><![CDATA[line 208, col 1, Error - This line has a length of 115. Maximum allowed is 100. (max-len)]]></failure></testcase>
<testcase time="0" name="org.eslint.linebreak-style" classname="C:\work\dyrectorio\web\crux-ui\src\server\crux\image-service"><failure message="Expected linebreaks to be &apos;LF&apos; but found &apos;CRLF&apos;."><![CDATA[line 208, col 116, Error - Expected linebreaks to be &apos;LF&apos; but found &apos;CRLF&apos;. (linebreak-style)]]></failure></testcase>
<testcase time="0" name="org.eslint.linebreak-style" classname="C:\work\dyrectorio\web\crux-ui\src\server\crux\image-service"><failure message="Expected linebreaks to be &apos;LF&apos; but found &apos;CRLF&apos;."><![CDATA[line 209, col 17, Error - Expected linebreaks to be &apos;LF&apos; but found &apos;CRLF&apos;. (linebreak-style)]]></failure></testcase>
<testcase time="0" name="org.eslint.linebreak-style" classname="C:\work\dyrectorio\web\crux-ui\src\server\crux\image-service"><failure message="Expected linebreaks to be &apos;LF&apos; but found &apos;CRLF&apos;."><![CDATA[line 210, col 16, Error - Expected linebreaks to be &apos;LF&apos; but found &apos;CRLF&apos;. (linebreak-style)]]></failure></testcase>
<testcase time="0" name="org.eslint.semi" classname="C:\work\dyrectorio\web\crux-ui\src\server\crux\image-service"><failure message="Missing semicolon."><![CDATA[line 210, col 16, Error - Missing semicolon. (semi)]]></failure></testcase>
<testcase time="0" name="org.eslint.linebreak-style" classname="C:\work\dyrectorio\web\crux-ui\src\server\crux\image-service"><failure message="Expected linebreaks to be &apos;LF&apos; but found &apos;CRLF&apos;."><![CDATA[line 211, col 4, Error - Expected linebreaks to be &apos;LF&apos; but found &apos;CRLF&apos;. (linebreak-style)]]></failure></testcase>
<testcase time="0" name="org.eslint.linebreak-style" classname="C:\work\dyrectorio\web\crux-ui\src\server\crux\image-service"><failure message="Expected linebreaks to be &apos;LF&apos; but found &apos;CRLF&apos;."><![CDATA[line 212, col 1, Error - Expected linebreaks to be &apos;LF&apos; but found &apos;CRLF&apos;. (linebreak-style)]]></failure></testcase>
<testcase time="0" name="org.eslint.linebreak-style" classname="C:\work\dyrectorio\web\crux-ui\src\server\crux\image-service"><failure message="Expected linebreaks to be &apos;LF&apos; but found &apos;CRLF&apos;."><![CDATA[line 213, col 54, Error - Expected linebreaks to be &apos;LF&apos; but found &apos;CRLF&apos;. (linebreak-style)]]></failure></testcase>
<testcase time="0" name="org.eslint.linebreak-style" classname="C:\work\dyrectorio\web\crux-ui\src\server\crux\image-service"><failure message="Expected linebreaks to be &apos;LF&apos; but found &apos;CRLF&apos;."><![CDATA[line 214, col 23, Error - Expected linebreaks to be &apos;LF&apos; but found &apos;CRLF&apos;. (linebreak-style)]]></failure></testcase>
<testcase time="0" name="org.eslint.linebreak-style" classname="C:\work\dyrectorio\web\crux-ui\src\server\crux\image-service"><failure message="Expected linebreaks to be &apos;LF&apos; but found &apos;CRLF&apos;."><![CDATA[line 215, col 21, Error - Expected linebreaks to be &apos;LF&apos; but found &apos;CRLF&apos;. (linebreak-style)]]></failure></testcase>
<testcase time="0" name="org.eslint.linebreak-style" classname="C:\work\dyrectorio\web\crux-ui\src\server\crux\image-service"><failure message="Expected linebreaks to be &apos;LF&apos; but found &apos;CRLF&apos;."><![CDATA[line 216, col 31, Error - Expected linebreaks to be &apos;LF&apos; but found &apos;CRLF&apos;. (linebreak-style)]]></failure></testcase>
<testcase time="0" name="org.eslint.linebreak-style" classname="C:\work\dyrectorio\web\crux-ui\src\server\crux\image-service"><failure message="Expected linebreaks to be &apos;LF&apos; but found &apos;CRLF&apos;."><![CDATA[line 217, col 41, Error - Expected linebreaks to be &apos;LF&apos; but found &apos;CRLF&apos;. (linebreak-style)]]></failure></testcase>
<testcase time="0" name="org.eslint.linebreak-style" classname="C:\work\dyrectorio\web\crux-ui\src\server\crux\image-service"><failure message="Expected linebreaks to be &apos;LF&apos; but found &apos;CRLF&apos;."><![CDATA[line 218, col 49, Error - Expected linebreaks to be &apos;LF&apos; but found &apos;CRLF&apos;. (linebreak-style)]]></failure></testcase>
<testcase time="0" name="org.eslint.linebreak-style" classname="C:\work\dyrectorio\web\crux-ui\src\server\crux\image-service"><failure message="Expected linebreaks to be &apos;LF&apos; but found &apos;CRLF&apos;."><![CDATA[line 219, col 36, Error - Expected linebreaks to be &apos;LF&apos; but found &apos;CRLF&apos;. (linebreak-style)]]></failure></testcase>
<testcase time="0" name="org.eslint.linebreak-style" classname="C:\work\dyrectorio\web\crux-ui\src\server\crux\image-service"><failure message="Expected linebreaks to be &apos;LF&apos; but found &apos;CRLF&apos;."><![CDATA[line 220, col 29, Error - Expected linebreaks to be &apos;LF&apos; but found &apos;CRLF&apos;. (linebreak-style)]]></failure></testcase>
<testcase time="0" name="org.eslint.linebreak-style" classname="C:\work\dyrectorio\web\crux-ui\src\server\crux\image-service"><failure message="Expected linebreaks to be &apos;LF&apos; but found &apos;CRLF&apos;."><![CDATA[line 221, col 45, Error - Expected linebreaks to be &apos;LF&apos; but found &apos;CRLF&apos;. (linebreak-style)]]></failure></testcase>
<testcase time="0" name="org.eslint.linebreak-style" classname="C:\work\dyrectorio\web\crux-ui\src\server\crux\image-service"><failure message="Expected linebreaks to be &apos;LF&apos; but found &apos;CRLF&apos;."><![CDATA[line 222, col 45, Error - Expected linebreaks to be &apos;LF&apos; but found &apos;CRLF&apos;. (linebreak-style)]]></failure></testcase>
<testcase time="0" name="org.eslint.linebreak-style" classname="C:\work\dyrectorio\web\crux-ui\src\server\crux\image-service"><failure message="Expected linebreaks to be &apos;LF&apos; but found &apos;CRLF&apos;."><![CDATA[line 223, col 23, Error - Expected linebreaks to be &apos;LF&apos; but found &apos;CRLF&apos;. (linebreak-style)]]></failure></testcase>
<testcase time="0" name="org.eslint.linebreak-style" classname="C:\work\dyrectorio\web\crux-ui\src\server\crux\image-service"><failure message="Expected linebreaks to be &apos;LF&apos; but found &apos;CRLF&apos;."><![CDATA[line 224, col 22, Error - Expected linebreaks to be &apos;LF&apos; but found &apos;CRLF&apos;. (linebreak-style)]]></failure></testcase>
<testcase time="0" name="org.eslint.linebreak-style" classname="C:\work\dyrectorio\web\crux-ui\src\server\crux\image-service"><failure message="Expected linebreaks to be &apos;LF&apos; but found &apos;CRLF&apos;."><![CDATA[line 225, col 22, Error - Expected linebreaks to be &apos;LF&apos; but found &apos;CRLF&apos;. (linebreak-style)]]></failure></testcase>
<testcase time="0" name="org.eslint.linebreak-style" classname="C:\work\dyrectorio\web\crux-ui\src\server\crux\image-service"><failure message="Expected linebreaks to be &apos;LF&apos; but found &apos;CRLF&apos;."><![CDATA[line 226, col 4, Error - Expected linebreaks to be &apos;LF&apos; but found &apos;CRLF&apos;. (linebreak-style)]]></failure></testcase>
<testcase time="0" name="org.eslint.semi" classname="C:\work\dyrectorio\web\crux-ui\src\server\crux\image-service"><failure message="Missing semicolon."><![CDATA[line 226, col 4, Error - Missing semicolon. (semi)]]></failure></testcase>
<testcase time="0" name="org.eslint.linebreak-style" classname="C:\work\dyrectorio\web\crux-ui\src\server\crux\image-service"><failure message="Expected linebreaks to be &apos;LF&apos; but found &apos;CRLF&apos;."><![CDATA[line 227, col 1, Error - Expected linebreaks to be &apos;LF&apos; but found &apos;CRLF&apos;. (linebreak-style)]]></failure></testcase>
<testcase time="0" name="org.eslint.linebreak-style" classname="C:\work\dyrectorio\web\crux-ui\src\server\crux\image-service"><failure message="Expected linebreaks to be &apos;LF&apos; but found &apos;CRLF&apos;."><![CDATA[line 228, col 23, Error - Expected linebreaks to be &apos;LF&apos; but found &apos;CRLF&apos;. (linebreak-style)]]></failure></testcase>
<testcase time="0" name="org.eslint.linebreak-style" classname="C:\work\dyrectorio\web\crux-ui\src\server\crux\image-service"><failure message="Expected linebreaks to be &apos;LF&apos; but found &apos;CRLF&apos;."><![CDATA[line 229, col 82, Error - Expected linebreaks to be &apos;LF&apos; but found &apos;CRLF&apos;. (linebreak-style)]]></failure></testcase>
<testcase time="0" name="org.eslint.semi" classname="C:\work\dyrectorio\web\crux-ui\src\server\crux\image-service"><failure message="Missing semicolon."><![CDATA[line 229, col 82, Error - Missing semicolon. (semi)]]></failure></testcase>
<testcase time="0" name="org.eslint.linebreak-style" classname="C:\work\dyrectorio\web\crux-ui\src\server\crux\image-service"><failure message="Expected linebreaks to be &apos;LF&apos; but found &apos;CRLF&apos;."><![CDATA[line 230, col 4, Error - Expected linebreaks to be &apos;LF&apos; but found &apos;CRLF&apos;. (linebreak-style)]]></failure></testcase>
<testcase time="0" name="org.eslint.linebreak-style" classname="C:\work\dyrectorio\web\crux-ui\src\server\crux\image-service"><failure message="Expected linebreaks to be &apos;LF&apos; but found &apos;CRLF&apos;."><![CDATA[line 231, col 1, Error - Expected linebreaks to be &apos;LF&apos; but found &apos;CRLF&apos;. (linebreak-style)]]></failure></testcase>
<testcase time="0" name="org.eslint.linebreak-style" classname="C:\work\dyrectorio\web\crux-ui\src\server\crux\image-service"><failure message="Expected linebreaks to be &apos;LF&apos; but found &apos;CRLF&apos;."><![CDATA[line 232, col 24, Error - Expected linebreaks to be &apos;LF&apos; but found &apos;CRLF&apos;. (linebreak-style)]]></failure></testcase>
<testcase time="0" name="org.eslint.linebreak-style" classname="C:\work\dyrectorio\web\crux-ui\src\server\crux\image-service"><failure message="Expected linebreaks to be &apos;LF&apos; but found &apos;CRLF&apos;."><![CDATA[line 233, col 28, Error - Expected linebreaks to be &apos;LF&apos; but found &apos;CRLF&apos;. (linebreak-style)]]></failure></testcase>
<testcase time="0" name="org.eslint.linebreak-style" classname="C:\work\dyrectorio\web\crux-ui\src\server\crux\image-service"><failure message="Expected linebreaks to be &apos;LF&apos; but found &apos;CRLF&apos;."><![CDATA[line 234, col 33, Error - Expected linebreaks to be &apos;LF&apos; but found &apos;CRLF&apos;. (linebreak-style)]]></failure></testcase>
<testcase time="0" name="org.eslint.linebreak-style" classname="C:\work\dyrectorio\web\crux-ui\src\server\crux\image-service"><failure message="Expected linebreaks to be &apos;LF&apos; but found &apos;CRLF&apos;."><![CDATA[line 235, col 33, Error - Expected linebreaks to be &apos;LF&apos; but found &apos;CRLF&apos;. (linebreak-style)]]></failure></testcase>
<testcase time="0" name="org.eslint.linebreak-style" classname="C:\work\dyrectorio\web\crux-ui\src\server\crux\image-service"><failure message="Expected linebreaks to be &apos;LF&apos; but found &apos;CRLF&apos;."><![CDATA[line 236, col 54, Error - Expected linebreaks to be &apos;LF&apos; but found &apos;CRLF&apos;. (linebreak-style)]]></failure></testcase>
<testcase time="0" name="org.eslint.linebreak-style" classname="C:\work\dyrectorio\web\crux-ui\src\server\crux\image-service"><failure message="Expected linebreaks to be &apos;LF&apos; but found &apos;CRLF&apos;."><![CDATA[line 237, col 6, Error - Expected linebreaks to be &apos;LF&apos; but found &apos;CRLF&apos;. (linebreak-style)]]></failure></testcase>
<testcase time="0" name="org.eslint.semi" classname="C:\work\dyrectorio\web\crux-ui\src\server\crux\image-service"><failure message="Missing semicolon."><![CDATA[line 237, col 6, Error - Missing semicolon. (semi)]]></failure></testcase>
<testcase time="0" name="org.eslint.linebreak-style" classname="C:\work\dyrectorio\web\crux-ui\src\server\crux\image-service"><failure message="Expected linebreaks to be &apos;LF&apos; but found &apos;CRLF&apos;."><![CDATA[line 238, col 4, Error - Expected linebreaks to be &apos;LF&apos; but found &apos;CRLF&apos;. (linebreak-style)]]></failure></testcase>
<testcase time="0" name="org.eslint.linebreak-style" classname="C:\work\dyrectorio\web\crux-ui\src\server\crux\image-service"><failure message="Expected linebreaks to be &apos;LF&apos; but found &apos;CRLF&apos;."><![CDATA[line 239, col 1, Error - Expected linebreaks to be &apos;LF&apos; but found &apos;CRLF&apos;. (linebreak-style)]]></failure></testcase>
<testcase time="0" name="org.eslint.linebreak-style" classname="C:\work\dyrectorio\web\crux-ui\src\server\crux\image-service"><failure message="Expected linebreaks to be &apos;LF&apos; but found &apos;CRLF&apos;."><![CDATA[line 240, col 72, Error - Expected linebreaks to be &apos;LF&apos; but found &apos;CRLF&apos;. (linebreak-style)]]></failure></testcase>
<testcase time="0" name="org.eslint.linebreak-style" classname="C:\work\dyrectorio\web\crux-ui\src\server\crux\image-service"><failure message="Expected linebreaks to be &apos;LF&apos; but found &apos;CRLF&apos;."><![CDATA[line 241, col 27, Error - Expected linebreaks to be &apos;LF&apos; but found &apos;CRLF&apos;. (linebreak-style)]]></failure></testcase>
<testcase time="0" name="org.eslint.linebreak-style" classname="C:\work\dyrectorio\web\crux-ui\src\server\crux\image-service"><failure message="Expected linebreaks to be &apos;LF&apos; but found &apos;CRLF&apos;."><![CDATA[line 242, col 53, Error - Expected linebreaks to be &apos;LF&apos; but found &apos;CRLF&apos;. (linebreak-style)]]></failure></testcase>
<testcase time="0" name="org.eslint.linebreak-style" classname="C:\work\dyrectorio\web\crux-ui\src\server\crux\image-service"><failure message="Expected linebreaks to be &apos;LF&apos; but found &apos;CRLF&apos;."><![CDATA[line 243, col 69, Error - Expected linebreaks to be &apos;LF&apos; but found &apos;CRLF&apos;. (linebreak-style)]]></failure></testcase>
<testcase time="0" name="org.eslint.linebreak-style" classname="C:\work\dyrectorio\web\crux-ui\src\server\crux\image-service"><failure message="Expected linebreaks to be &apos;LF&apos; but found &apos;CRLF&apos;."><![CDATA[line 244, col 59, Error - Expected linebreaks to be &apos;LF&apos; but found &apos;CRLF&apos;. (linebreak-style)]]></failure></testcase>
<testcase time="0" name="org.eslint.linebreak-style" classname="C:\work\dyrectorio\web\crux-ui\src\server\crux\image-service"><failure message="Expected linebreaks to be &apos;LF&apos; but found &apos;CRLF&apos;."><![CDATA[line 245, col 6, Error - Expected linebreaks to be &apos;LF&apos; but found &apos;CRLF&apos;. (linebreak-style)]]></failure></testcase>
<testcase time="0" name="org.eslint.semi" classname="C:\work\dyrectorio\web\crux-ui\src\server\crux\image-service"><failure message="Missing semicolon."><![CDATA[line 245, col 6, Error - Missing semicolon. (semi)]]></failure></testcase>
<testcase time="0" name="org.eslint.linebreak-style" classname="C:\work\dyrectorio\web\crux-ui\src\server\crux\image-service"><failure message="Expected linebreaks to be &apos;LF&apos; but found &apos;CRLF&apos;."><![CDATA[line 246, col 4, Error - Expected linebreaks to be &apos;LF&apos; but found &apos;CRLF&apos;. (linebreak-style)]]></failure></testcase>
<testcase time="0" name="org.eslint.linebreak-style" classname="C:\work\dyrectorio\web\crux-ui\src\server\crux\image-service"><failure message="Expected linebreaks to be &apos;LF&apos; but found &apos;CRLF&apos;."><![CDATA[line 247, col 1, Error - Expected linebreaks to be &apos;LF&apos; but found &apos;CRLF&apos;. (linebreak-style)]]></failure></testcase>
<testcase time="0" name="org.eslint.linebreak-style" classname="C:\work\dyrectorio\web\crux-ui\src\server\crux\image-service"><failure message="Expected linebreaks to be &apos;LF&apos; but found &apos;CRLF&apos;."><![CDATA[line 248, col 7, Error - Expected linebreaks to be &apos;LF&apos; but found &apos;CRLF&apos;. (linebreak-style)]]></failure></testcase>
<testcase time="0" name="org.eslint.operator-linebreak" classname="C:\work\dyrectorio\web\crux-ui\src\server\crux\image-service"><failure message="&apos;||&apos; should be placed at the beginning of the line."><![CDATA[line 249, col 31, Error - &apos;||&apos; should be placed at the beginning of the line. (operator-linebreak)]]></failure></testcase>
<testcase time="0" name="org.eslint.linebreak-style" classname="C:\work\dyrectorio\web\crux-ui\src\server\crux\image-service"><failure message="Expected linebreaks to be &apos;LF&apos; but found &apos;CRLF&apos;."><![CDATA[line 249, col 33, Error - Expected linebreaks to be &apos;LF&apos; but found &apos;CRLF&apos;. (linebreak-style)]]></failure></testcase>
<testcase time="0" name="org.eslint.operator-linebreak" classname="C:\work\dyrectorio\web\crux-ui\src\server\crux\image-service"><failure message="&apos;||&apos; should be placed at the beginning of the line."><![CDATA[line 250, col 26, Error - &apos;||&apos; should be placed at the beginning of the line. (operator-linebreak)]]></failure></testcase>
<testcase time="0" name="org.eslint.linebreak-style" classname="C:\work\dyrectorio\web\crux-ui\src\server\crux\image-service"><failure message="Expected linebreaks to be &apos;LF&apos; but found &apos;CRLF&apos;."><![CDATA[line 250, col 28, Error - Expected linebreaks to be &apos;LF&apos; but found &apos;CRLF&apos;. (linebreak-style)]]></failure></testcase>
<testcase time="0" name="org.eslint.operator-linebreak" classname="C:\work\dyrectorio\web\crux-ui\src\server\crux\image-service"><failure message="&apos;||&apos; should be placed at the beginning of the line."><![CDATA[line 251, col 25, Error - &apos;||&apos; should be placed at the beginning of the line. (operator-linebreak)]]></failure></testcase>
<testcase time="0" name="org.eslint.linebreak-style" classname="C:\work\dyrectorio\web\crux-ui\src\server\crux\image-service"><failure message="Expected linebreaks to be &apos;LF&apos; but found &apos;CRLF&apos;."><![CDATA[line 251, col 27, Error - Expected linebreaks to be &apos;LF&apos; but found &apos;CRLF&apos;. (linebreak-style)]]></failure></testcase>
<testcase time="0" name="org.eslint.operator-linebreak" classname="C:\work\dyrectorio\web\crux-ui\src\server\crux\image-service"><failure message="&apos;||&apos; should be placed at the beginning of the line."><![CDATA[line 252, col 28, Error - &apos;||&apos; should be placed at the beginning of the line. (operator-linebreak)]]></failure></testcase>
<testcase time="0" name="org.eslint.linebreak-style" classname="C:\work\dyrectorio\web\crux-ui\src\server\crux\image-service"><failure message="Expected linebreaks to be &apos;LF&apos; but found &apos;CRLF&apos;."><![CDATA[line 252, col 30, Error - Expected linebreaks to be &apos;LF&apos; but found &apos;CRLF&apos;. (linebreak-style)]]></failure></testcase>
<testcase time="0" name="org.eslint.operator-linebreak" classname="C:\work\dyrectorio\web\crux-ui\src\server\crux\image-service"><failure message="&apos;||&apos; should be placed at the beginning of the line."><![CDATA[line 253, col 30, Error - &apos;||&apos; should be placed at the beginning of the line. (operator-linebreak)]]></failure></testcase>
<testcase time="0" name="org.eslint.linebreak-style" classname="C:\work\dyrectorio\web\crux-ui\src\server\crux\image-service"><failure message="Expected linebreaks to be &apos;LF&apos; but found &apos;CRLF&apos;."><![CDATA[line 253, col 32, Error - Expected linebreaks to be &apos;LF&apos; but found &apos;CRLF&apos;. (linebreak-style)]]></failure></testcase>
<testcase time="0" name="org.eslint.operator-linebreak" classname="C:\work\dyrectorio\web\crux-ui\src\server\crux\image-service"><failure message="&apos;||&apos; should be placed at the beginning of the line."><![CDATA[line 254, col 27, Error - &apos;||&apos; should be placed at the beginning of the line. (operator-linebreak)]]></failure></testcase>
<testcase time="0" name="org.eslint.linebreak-style" classname="C:\work\dyrectorio\web\crux-ui\src\server\crux\image-service"><failure message="Expected linebreaks to be &apos;LF&apos; but found &apos;CRLF&apos;."><![CDATA[line 254, col 29, Error - Expected linebreaks to be &apos;LF&apos; but found &apos;CRLF&apos;. (linebreak-style)]]></failure></testcase>
<testcase time="0" name="org.eslint.linebreak-style" classname="C:\work\dyrectorio\web\crux-ui\src\server\crux\image-service"><failure message="Expected linebreaks to be &apos;LF&apos; but found &apos;CRLF&apos;."><![CDATA[line 255, col 30, Error - Expected linebreaks to be &apos;LF&apos; but found &apos;CRLF&apos;. (linebreak-style)]]></failure></testcase>
<testcase time="0" name="org.eslint.linebreak-style" classname="C:\work\dyrectorio\web\crux-ui\src\server\crux\image-service"><failure message="Expected linebreaks to be &apos;LF&apos; but found &apos;CRLF&apos;."><![CDATA[line 256, col 6, Error - Expected linebreaks to be &apos;LF&apos; but found &apos;CRLF&apos;. (linebreak-style)]]></failure></testcase>
<testcase time="0" name="org.eslint.linebreak-style" classname="C:\work\dyrectorio\web\crux-ui\src\server\crux\image-service"><failure message="Expected linebreaks to be &apos;LF&apos; but found &apos;CRLF&apos;."><![CDATA[line 257, col 26, Error - Expected linebreaks to be &apos;LF&apos; but found &apos;CRLF&apos;. (linebreak-style)]]></failure></testcase>
<testcase time="0" name="org.eslint.linebreak-style" classname="C:\work\dyrectorio\web\crux-ui\src\server\crux\image-service"><failure message="Expected linebreaks to be &apos;LF&apos; but found &apos;CRLF&apos;."><![CDATA[line 258, col 80, Error - Expected linebreaks to be &apos;LF&apos; but found &apos;CRLF&apos;. (linebreak-style)]]></failure></testcase>
<testcase time="0" name="org.eslint.linebreak-style" classname="C:\work\dyrectorio\web\crux-ui\src\server\crux\image-service"><failure message="Expected linebreaks to be &apos;LF&apos; but found &apos;CRLF&apos;."><![CDATA[line 259, col 51, Error - Expected linebreaks to be &apos;LF&apos; but found &apos;CRLF&apos;. (linebreak-style)]]></failure></testcase>
<testcase time="0" name="org.eslint.linebreak-style" classname="C:\work\dyrectorio\web\crux-ui\src\server\crux\image-service"><failure message="Expected linebreaks to be &apos;LF&apos; but found &apos;CRLF&apos;."><![CDATA[line 260, col 45, Error - Expected linebreaks to be &apos;LF&apos; but found &apos;CRLF&apos;. (linebreak-style)]]></failure></testcase>
<testcase time="0" name="org.eslint.linebreak-style" classname="C:\work\dyrectorio\web\crux-ui\src\server\crux\image-service"><failure message="Expected linebreaks to be &apos;LF&apos; but found &apos;CRLF&apos;."><![CDATA[line 261, col 49, Error - Expected linebreaks to be &apos;LF&apos; but found &apos;CRLF&apos;. (linebreak-style)]]></failure></testcase>
<testcase time="0" name="org.eslint.linebreak-style" classname="C:\work\dyrectorio\web\crux-ui\src\server\crux\image-service"><failure message="Expected linebreaks to be &apos;LF&apos; but found &apos;CRLF&apos;."><![CDATA[line 262, col 41, Error - Expected linebreaks to be &apos;LF&apos; but found &apos;CRLF&apos;. (linebreak-style)]]></failure></testcase>
<testcase time="0" name="org.eslint.linebreak-style" classname="C:\work\dyrectorio\web\crux-ui\src\server\crux\image-service"><failure message="Expected linebreaks to be &apos;LF&apos; but found &apos;CRLF&apos;."><![CDATA[line 263, col 47, Error - Expected linebreaks to be &apos;LF&apos; but found &apos;CRLF&apos;. (linebreak-style)]]></failure></testcase>
<testcase time="0" name="org.eslint.linebreak-style" classname="C:\work\dyrectorio\web\crux-ui\src\server\crux\image-service"><failure message="Expected linebreaks to be &apos;LF&apos; but found &apos;CRLF&apos;."><![CDATA[line 264, col 53, Error - Expected linebreaks to be &apos;LF&apos; but found &apos;CRLF&apos;. (linebreak-style)]]></failure></testcase>
<testcase time="0" name="org.eslint.linebreak-style" classname="C:\work\dyrectorio\web\crux-ui\src\server\crux\image-service"><failure message="Expected linebreaks to be &apos;LF&apos; but found &apos;CRLF&apos;."><![CDATA[line 265, col 6, Error - Expected linebreaks to be &apos;LF&apos; but found &apos;CRLF&apos;. (linebreak-style)]]></failure></testcase>
<testcase time="0" name="org.eslint.semi" classname="C:\work\dyrectorio\web\crux-ui\src\server\crux\image-service"><failure message="Missing semicolon."><![CDATA[line 265, col 6, Error - Missing semicolon. (semi)]]></failure></testcase>
<testcase time="0" name="org.eslint.linebreak-style" classname="C:\work\dyrectorio\web\crux-ui\src\server\crux\image-service"><failure message="Expected linebreaks to be &apos;LF&apos; but found &apos;CRLF&apos;."><![CDATA[line 266, col 4, Error - Expected linebreaks to be &apos;LF&apos; but found &apos;CRLF&apos;. (linebreak-style)]]></failure></testcase>
<testcase time="0" name="org.eslint.linebreak-style" classname="C:\work\dyrectorio\web\crux-ui\src\server\crux\image-service"><failure message="Expected linebreaks to be &apos;LF&apos; but found &apos;CRLF&apos;."><![CDATA[line 267, col 1, Error - Expected linebreaks to be &apos;LF&apos; but found &apos;CRLF&apos;. (linebreak-style)]]></failure></testcase>
<testcase time="0" name="org.eslint.linebreak-style" classname="C:\work\dyrectorio\web\crux-ui\src\server\crux\image-service"><failure message="Expected linebreaks to be &apos;LF&apos; but found &apos;CRLF&apos;."><![CDATA[line 268, col 21, Error - Expected linebreaks to be &apos;LF&apos; but found &apos;CRLF&apos;. (linebreak-style)]]></failure></testcase>
<testcase time="0" name="org.eslint.semi" classname="C:\work\dyrectorio\web\crux-ui\src\server\crux\image-service"><failure message="Missing semicolon."><![CDATA[line 268, col 21, Error - Missing semicolon. (semi)]]></failure></testcase>
<testcase time="0" name="org.eslint.linebreak-style" classname="C:\work\dyrectorio\web\crux-ui\src\server\crux\image-service"><failure message="Expected linebreaks to be &apos;LF&apos; but found &apos;CRLF&apos;."><![CDATA[line 269, col 2, Error - Expected linebreaks to be &apos;LF&apos; but found &apos;CRLF&apos;. (linebreak-style)]]></failure></testcase>
<testcase time="0" name="org.eslint.semi" classname="C:\work\dyrectorio\web\crux-ui\src\server\crux\image-service"><failure message="Missing semicolon."><![CDATA[line 269, col 2, Error - Missing semicolon. (semi)]]></failure></testcase>
<testcase time="0" name="org.eslint.linebreak-style" classname="C:\work\dyrectorio\web\crux-ui\src\server\crux\image-service"><failure message="Expected linebreaks to be &apos;LF&apos; but found &apos;CRLF&apos;."><![CDATA[line 270, col 1, Error - Expected linebreaks to be &apos;LF&apos; but found &apos;CRLF&apos;. (linebreak-style)]]></failure></testcase>
<testcase time="0" name="org.eslint.arrow-body-style" classname="C:\work\dyrectorio\web\crux-ui\src\server\crux\image-service"><failure message="Unexpected block statement surrounding arrow body; move the returned value immediately after the `=&gt;`."><![CDATA[line 271, col 89, Error - Unexpected block statement surrounding arrow body; move the returned value immediately after the `=&gt;`. (arrow-body-style)]]></failure></testcase>
<testcase time="0" name="org.eslint.linebreak-style" classname="C:\work\dyrectorio\web\crux-ui\src\server\crux\image-service"><failure message="Expected linebreaks to be &apos;LF&apos; but found &apos;CRLF&apos;."><![CDATA[line 271, col 90, Error - Expected linebreaks to be &apos;LF&apos; but found &apos;CRLF&apos;. (linebreak-style)]]></failure></testcase>
<testcase time="0" name="org.eslint.linebreak-style" classname="C:\work\dyrectorio\web\crux-ui\src\server\crux\image-service"><failure message="Expected linebreaks to be &apos;LF&apos; but found &apos;CRLF&apos;."><![CDATA[line 272, col 17, Error - Expected linebreaks to be &apos;LF&apos; but found &apos;CRLF&apos;. (linebreak-style)]]></failure></testcase>
<testcase time="0" name="org.eslint.linebreak-style" classname="C:\work\dyrectorio\web\crux-ui\src\server\crux\image-service"><failure message="Expected linebreaks to be &apos;LF&apos; but found &apos;CRLF&apos;."><![CDATA[line 273, col 11, Error - Expected linebreaks to be &apos;LF&apos; but found &apos;CRLF&apos;. (linebreak-style)]]></failure></testcase>
<testcase time="0" name="org.eslint.linebreak-style" classname="C:\work\dyrectorio\web\crux-ui\src\server\crux\image-service"><failure message="Expected linebreaks to be &apos;LF&apos; but found &apos;CRLF&apos;."><![CDATA[line 274, col 8, Error - Expected linebreaks to be &apos;LF&apos; but found &apos;CRLF&apos;. (linebreak-style)]]></failure></testcase>
<testcase time="0" name="org.eslint.indent" classname="C:\work\dyrectorio\web\crux-ui\src\server\crux\image-service"><failure message="Expected indentation of 6 spaces but found 8."><![CDATA[line 275, col 1, Error - Expected indentation of 6 spaces but found 8. (indent)]]></failure></testcase>
<testcase time="0" name="org.eslint.linebreak-style" classname="C:\work\dyrectorio\web\crux-ui\src\server\crux\image-service"><failure message="Expected linebreaks to be &apos;LF&apos; but found &apos;CRLF&apos;."><![CDATA[line 275, col 19, Error - Expected linebreaks to be &apos;LF&apos; but found &apos;CRLF&apos;. (linebreak-style)]]></failure></testcase>
<testcase time="0" name="org.eslint.indent" classname="C:\work\dyrectorio\web\crux-ui\src\server\crux\image-service"><failure message="Expected indentation of 6 spaces but found 8."><![CDATA[line 276, col 1, Error - Expected indentation of 6 spaces but found 8. (indent)]]></failure></testcase>
<testcase time="0" name="org.eslint.linebreak-style" classname="C:\work\dyrectorio\web\crux-ui\src\server\crux\image-service"><failure message="Expected linebreaks to be &apos;LF&apos; but found &apos;CRLF&apos;."><![CDATA[line 276, col 61, Error - Expected linebreaks to be &apos;LF&apos; but found &apos;CRLF&apos;. (linebreak-style)]]></failure></testcase>
<testcase time="0" name="org.eslint.indent" classname="C:\work\dyrectorio\web\crux-ui\src\server\crux\image-service"><failure message="Expected indentation of 4 spaces but found 6."><![CDATA[line 277, col 1, Error - Expected indentation of 4 spaces but found 6. (indent)]]></failure></testcase>
<testcase time="0" name="org.eslint.linebreak-style" classname="C:\work\dyrectorio\web\crux-ui\src\server\crux\image-service"><failure message="Expected linebreaks to be &apos;LF&apos; but found &apos;CRLF&apos;."><![CDATA[line 277, col 8, Error - Expected linebreaks to be &apos;LF&apos; but found &apos;CRLF&apos;. (linebreak-style)]]></failure></testcase>
<testcase time="0" name="org.eslint.semi" classname="C:\work\dyrectorio\web\crux-ui\src\server\crux\image-service"><failure message="Missing semicolon."><![CDATA[line 277, col 8, Error - Missing semicolon. (semi)]]></failure></testcase>
<testcase time="0" name="org.eslint.linebreak-style" classname="C:\work\dyrectorio\web\crux-ui\src\server\crux\image-service"><failure message="Expected linebreaks to be &apos;LF&apos; but found &apos;CRLF&apos;."><![CDATA[line 278, col 2, Error - Expected linebreaks to be &apos;LF&apos; but found &apos;CRLF&apos;. (linebreak-style)]]></failure></testcase>
<testcase time="0" name="org.eslint.semi" classname="C:\work\dyrectorio\web\crux-ui\src\server\crux\image-service"><failure message="Missing semicolon."><![CDATA[line 278, col 2, Error - Missing semicolon. (semi)]]></failure></testcase>
<testcase time="0" name="org.eslint.linebreak-style" classname="C:\work\dyrectorio\web\crux-ui\src\server\crux\image-service"><failure message="Expected linebreaks to be &apos;LF&apos; but found &apos;CRLF&apos;."><![CDATA[line 279, col 1, Error - Expected linebreaks to be &apos;LF&apos; but found &apos;CRLF&apos;. (linebreak-style)]]></failure></testcase>
<testcase time="0" name="org.eslint.arrow-body-style" classname="C:\work\dyrectorio\web\crux-ui\src\server\crux\image-service"><failure message="Unexpected block statement surrounding arrow body; parenthesize the returned value and move it immediately after the `=&gt;`."><![CDATA[line 280, col 67, Error - Unexpected block statement surrounding arrow body; parenthesize the returned value and move it immediately after the `=&gt;`. (arrow-body-style)]]></failure></testcase>
<testcase time="0" name="org.eslint.linebreak-style" classname="C:\work\dyrectorio\web\crux-ui\src\server\crux\image-service"><failure message="Expected linebreaks to be &apos;LF&apos; but found &apos;CRLF&apos;."><![CDATA[line 280, col 68, Error - Expected linebreaks to be &apos;LF&apos; but found &apos;CRLF&apos;. (linebreak-style)]]></failure></testcase>
<testcase time="0" name="org.eslint.linebreak-style" classname="C:\work\dyrectorio\web\crux-ui\src\server\crux\image-service"><failure message="Expected linebreaks to be &apos;LF&apos; but found &apos;CRLF&apos;."><![CDATA[line 281, col 11, Error - Expected linebreaks to be &apos;LF&apos; but found &apos;CRLF&apos;. (linebreak-style)]]></failure></testcase>
<testcase time="0" name="org.eslint.linebreak-style" classname="C:\work\dyrectorio\web\crux-ui\src\server\crux\image-service"><failure message="Expected linebreaks to be &apos;LF&apos; but found &apos;CRLF&apos;."><![CDATA[line 282, col 14, Error - Expected linebreaks to be &apos;LF&apos; but found &apos;CRLF&apos;. (linebreak-style)]]></failure></testcase>
<testcase time="0" name="org.eslint.linebreak-style" classname="C:\work\dyrectorio\web\crux-ui\src\server\crux\image-service"><failure message="Expected linebreaks to be &apos;LF&apos; but found &apos;CRLF&apos;."><![CDATA[line 283, col 48, Error - Expected linebreaks to be &apos;LF&apos; but found &apos;CRLF&apos;. (linebreak-style)]]></failure></testcase>
<testcase time="0" name="org.eslint.linebreak-style" classname="C:\work\dyrectorio\web\crux-ui\src\server\crux\image-service"><failure message="Expected linebreaks to be &apos;LF&apos; but found &apos;CRLF&apos;."><![CDATA[line 284, col 4, Error - Expected linebreaks to be &apos;LF&apos; but found &apos;CRLF&apos;. (linebreak-style)]]></failure></testcase>
<testcase time="0" name="org.eslint.semi" classname="C:\work\dyrectorio\web\crux-ui\src\server\crux\image-service"><failure message="Missing semicolon."><![CDATA[line 284, col 4, Error - Missing semicolon. (semi)]]></failure></testcase>
<testcase time="0" name="org.eslint.linebreak-style" classname="C:\work\dyrectorio\web\crux-ui\src\server\crux\image-service"><failure message="Expected linebreaks to be &apos;LF&apos; but found &apos;CRLF&apos;."><![CDATA[line 285, col 2, Error - Expected linebreaks to be &apos;LF&apos; but found &apos;CRLF&apos;. (linebreak-style)]]></failure></testcase>
<testcase time="0" name="org.eslint.semi" classname="C:\work\dyrectorio\web\crux-ui\src\server\crux\image-service"><failure message="Missing semicolon."><![CDATA[line 285, col 2, Error - Missing semicolon. (semi)]]></failure></testcase>
</testsuite>
<testsuite package="org.eslint" time="0" tests="334" errors="334" name="C:\work\dyrectorio\web\crux-ui\src\server\crux\node-service.ts">
<testcase time="0" name="org.eslint.linebreak-style" classname="C:\work\dyrectorio\web\crux-ui\src\server\crux\node-service"><failure message="Expected linebreaks to be &apos;LF&apos; but found &apos;CRLF&apos;."><![CDATA[line 1, col 37, Error - Expected linebreaks to be &apos;LF&apos; but found &apos;CRLF&apos;. (linebreak-style)]]></failure></testcase>
<testcase time="0" name="org.eslint.semi" classname="C:\work\dyrectorio\web\crux-ui\src\server\crux\node-service"><failure message="Missing semicolon."><![CDATA[line 1, col 37, Error - Missing semicolon. (semi)]]></failure></testcase>
<testcase time="0" name="org.eslint.linebreak-style" classname="C:\work\dyrectorio\web\crux-ui\src\server\crux\node-service"><failure message="Expected linebreaks to be &apos;LF&apos; but found &apos;CRLF&apos;."><![CDATA[line 2, col 9, Error - Expected linebreaks to be &apos;LF&apos; but found &apos;CRLF&apos;. (linebreak-style)]]></failure></testcase>
<testcase time="0" name="org.eslint.linebreak-style" classname="C:\work\dyrectorio\web\crux-ui\src\server\crux\node-service"><failure message="Expected linebreaks to be &apos;LF&apos; but found &apos;CRLF&apos;."><![CDATA[line 3, col 13, Error - Expected linebreaks to be &apos;LF&apos; but found &apos;CRLF&apos;. (linebreak-style)]]></failure></testcase>
<testcase time="0" name="org.eslint.linebreak-style" classname="C:\work\dyrectorio\web\crux-ui\src\server\crux\node-service"><failure message="Expected linebreaks to be &apos;LF&apos; but found &apos;CRLF&apos;."><![CDATA[line 4, col 24, Error - Expected linebreaks to be &apos;LF&apos; but found &apos;CRLF&apos;. (linebreak-style)]]></failure></testcase>
<testcase time="0" name="org.eslint.linebreak-style" classname="C:\work\dyrectorio\web\crux-ui\src\server\crux\node-service"><failure message="Expected linebreaks to be &apos;LF&apos; but found &apos;CRLF&apos;."><![CDATA[line 5, col 18, Error - Expected linebreaks to be &apos;LF&apos; but found &apos;CRLF&apos;. (linebreak-style)]]></failure></testcase>
<testcase time="0" name="org.eslint.linebreak-style" classname="C:\work\dyrectorio\web\crux-ui\src\server\crux\node-service"><failure message="Expected linebreaks to be &apos;LF&apos; but found &apos;CRLF&apos;."><![CDATA[line 6, col 17, Error - Expected linebreaks to be &apos;LF&apos; but found &apos;CRLF&apos;. (linebreak-style)]]></failure></testcase>
<testcase time="0" name="org.eslint.linebreak-style" classname="C:\work\dyrectorio\web\crux-ui\src\server\crux\node-service"><failure message="Expected linebreaks to be &apos;LF&apos; but found &apos;CRLF&apos;."><![CDATA[line 7, col 11, Error - Expected linebreaks to be &apos;LF&apos; but found &apos;CRLF&apos;. (linebreak-style)]]></failure></testcase>
<testcase time="0" name="org.eslint.linebreak-style" classname="C:\work\dyrectorio\web\crux-ui\src\server\crux\node-service"><failure message="Expected linebreaks to be &apos;LF&apos; but found &apos;CRLF&apos;."><![CDATA[line 8, col 18, Error - Expected linebreaks to be &apos;LF&apos; but found &apos;CRLF&apos;. (linebreak-style)]]></failure></testcase>
<testcase time="0" name="org.eslint.linebreak-style" classname="C:\work\dyrectorio\web\crux-ui\src\server\crux\node-service"><failure message="Expected linebreaks to be &apos;LF&apos; but found &apos;CRLF&apos;."><![CDATA[line 9, col 18, Error - Expected linebreaks to be &apos;LF&apos; but found &apos;CRLF&apos;. (linebreak-style)]]></failure></testcase>
<testcase time="0" name="org.eslint.linebreak-style" classname="C:\work\dyrectorio\web\crux-ui\src\server\crux\node-service"><failure message="Expected linebreaks to be &apos;LF&apos; but found &apos;CRLF&apos;."><![CDATA[line 10, col 17, Error - Expected linebreaks to be &apos;LF&apos; but found &apos;CRLF&apos;. (linebreak-style)]]></failure></testcase>
<testcase time="0" name="org.eslint.linebreak-style" classname="C:\work\dyrectorio\web\crux-ui\src\server\crux\node-service"><failure message="Expected linebreaks to be &apos;LF&apos; but found &apos;CRLF&apos;."><![CDATA[line 11, col 14, Error - Expected linebreaks to be &apos;LF&apos; but found &apos;CRLF&apos;. (linebreak-style)]]></failure></testcase>
<testcase time="0" name="org.eslint.linebreak-style" classname="C:\work\dyrectorio\web\crux-ui\src\server\crux\node-service"><failure message="Expected linebreaks to be &apos;LF&apos; but found &apos;CRLF&apos;."><![CDATA[line 12, col 21, Error - Expected linebreaks to be &apos;LF&apos; but found &apos;CRLF&apos;. (linebreak-style)]]></failure></testcase>
<testcase time="0" name="org.eslint.linebreak-style" classname="C:\work\dyrectorio\web\crux-ui\src\server\crux\node-service"><failure message="Expected linebreaks to be &apos;LF&apos; but found &apos;CRLF&apos;."><![CDATA[line 13, col 12, Error - Expected linebreaks to be &apos;LF&apos; but found &apos;CRLF&apos;. (linebreak-style)]]></failure></testcase>
<testcase time="0" name="org.eslint.linebreak-style" classname="C:\work\dyrectorio\web\crux-ui\src\server\crux\node-service"><failure message="Expected linebreaks to be &apos;LF&apos; but found &apos;CRLF&apos;."><![CDATA[line 14, col 20, Error - Expected linebreaks to be &apos;LF&apos; but found &apos;CRLF&apos;. (linebreak-style)]]></failure></testcase>
<testcase time="0" name="org.eslint.linebreak-style" classname="C:\work\dyrectorio\web\crux-ui\src\server\crux\node-service"><failure message="Expected linebreaks to be &apos;LF&apos; but found &apos;CRLF&apos;."><![CDATA[line 15, col 17, Error - Expected linebreaks to be &apos;LF&apos; but found &apos;CRLF&apos;. (linebreak-style)]]></failure></testcase>
<testcase time="0" name="org.eslint.linebreak-style" classname="C:\work\dyrectorio\web\crux-ui\src\server\crux\node-service"><failure message="Expected linebreaks to be &apos;LF&apos; but found &apos;CRLF&apos;."><![CDATA[line 16, col 21, Error - Expected linebreaks to be &apos;LF&apos; but found &apos;CRLF&apos;. (linebreak-style)]]></failure></testcase>
<testcase time="0" name="org.eslint.semi" classname="C:\work\dyrectorio\web\crux-ui\src\server\crux\node-service"><failure message="Missing semicolon."><![CDATA[line 16, col 21, Error - Missing semicolon. (semi)]]></failure></testcase>
<testcase time="0" name="org.eslint.linebreak-style" classname="C:\work\dyrectorio\web\crux-ui\src\server\crux\node-service"><failure message="Expected linebreaks to be &apos;LF&apos; but found &apos;CRLF&apos;."><![CDATA[line 17, col 117, Error - Expected linebreaks to be &apos;LF&apos; but found &apos;CRLF&apos;. (linebreak-style)]]></failure></testcase>
<testcase time="0" name="org.eslint.semi" classname="C:\work\dyrectorio\web\crux-ui\src\server\crux\node-service"><failure message="Missing semicolon."><![CDATA[line 17, col 117, Error - Missing semicolon. (semi)]]></failure></testcase>
<testcase time="0" name="org.eslint.linebreak-style" classname="C:\work\dyrectorio\web\crux-ui\src\server\crux\node-service"><failure message="Expected linebreaks to be &apos;LF&apos; but found &apos;CRLF&apos;."><![CDATA[line 18, col 9, Error - Expected linebreaks to be &apos;LF&apos; but found &apos;CRLF&apos;. (linebreak-style)]]></failure></testcase>
<testcase time="0" name="org.eslint.linebreak-style" classname="C:\work\dyrectorio\web\crux-ui\src\server\crux\node-service"><failure message="Expected linebreaks to be &apos;LF&apos; but found &apos;CRLF&apos;."><![CDATA[line 19, col 17, Error - Expected linebreaks to be &apos;LF&apos; but found &apos;CRLF&apos;. (linebreak-style)]]></failure></testcase>
<testcase time="0" name="org.eslint.linebreak-style" classname="C:\work\dyrectorio\web\crux-ui\src\server\crux\node-service"><failure message="Expected linebreaks to be &apos;LF&apos; but found &apos;CRLF&apos;."><![CDATA[line 20, col 29, Error - Expected linebreaks to be &apos;LF&apos; but found &apos;CRLF&apos;. (linebreak-style)]]></failure></testcase>
<testcase time="0" name="org.eslint.linebreak-style" classname="C:\work\dyrectorio\web\crux-ui\src\server\crux\node-service"><failure message="Expected linebreaks to be &apos;LF&apos; but found &apos;CRLF&apos;."><![CDATA[line 21, col 24, Error - Expected linebreaks to be &apos;LF&apos; but found &apos;CRLF&apos;. (linebreak-style)]]></failure></testcase>
<testcase time="0" name="org.eslint.linebreak-style" classname="C:\work\dyrectorio\web\crux-ui\src\server\crux\node-service"><failure message="Expected linebreaks to be &apos;LF&apos; but found &apos;CRLF&apos;."><![CDATA[line 22, col 21, Error - Expected linebreaks to be &apos;LF&apos; but found &apos;CRLF&apos;. (linebreak-style)]]></failure></testcase>
<testcase time="0" name="org.eslint.linebreak-style" classname="C:\work\dyrectorio\web\crux-ui\src\server\crux\node-service"><failure message="Expected linebreaks to be &apos;LF&apos; but found &apos;CRLF&apos;."><![CDATA[line 23, col 18, Error - Expected linebreaks to be &apos;LF&apos; but found &apos;CRLF&apos;. (linebreak-style)]]></failure></testcase>
<testcase time="0" name="org.eslint.linebreak-style" classname="C:\work\dyrectorio\web\crux-ui\src\server\crux\node-service"><failure message="Expected linebreaks to be &apos;LF&apos; but found &apos;CRLF&apos;."><![CDATA[line 24, col 9, Error - Expected linebreaks to be &apos;LF&apos; but found &apos;CRLF&apos;. (linebreak-style)]]></failure></testcase>
<testcase time="0" name="org.eslint.linebreak-style" classname="C:\work\dyrectorio\web\crux-ui\src\server\crux\node-service"><failure message="Expected linebreaks to be &apos;LF&apos; but found &apos;CRLF&apos;."><![CDATA[line 25, col 25, Error - Expected linebreaks to be &apos;LF&apos; but found &apos;CRLF&apos;. (linebreak-style)]]></failure></testcase>
<testcase time="0" name="org.eslint.linebreak-style" classname="C:\work\dyrectorio\web\crux-ui\src\server\crux\node-service"><failure message="Expected linebreaks to be &apos;LF&apos; but found &apos;CRLF&apos;."><![CDATA[line 26, col 13, Error - Expected linebreaks to be &apos;LF&apos; but found &apos;CRLF&apos;. (linebreak-style)]]></failure></testcase>
<testcase time="0" name="org.eslint.linebreak-style" classname="C:\work\dyrectorio\web\crux-ui\src\server\crux\node-service"><failure message="Expected linebreaks to be &apos;LF&apos; but found &apos;CRLF&apos;."><![CDATA[line 27, col 24, Error - Expected linebreaks to be &apos;LF&apos; but found &apos;CRLF&apos;. (linebreak-style)]]></failure></testcase>
<testcase time="0" name="org.eslint.linebreak-style" classname="C:\work\dyrectorio\web\crux-ui\src\server\crux\node-service"><failure message="Expected linebreaks to be &apos;LF&apos; but found &apos;CRLF&apos;."><![CDATA[line 28, col 23, Error - Expected linebreaks to be &apos;LF&apos; but found &apos;CRLF&apos;. (linebreak-style)]]></failure></testcase>
<testcase time="0" name="org.eslint.linebreak-style" classname="C:\work\dyrectorio\web\crux-ui\src\server\crux\node-service"><failure message="Expected linebreaks to be &apos;LF&apos; but found &apos;CRLF&apos;."><![CDATA[line 29, col 20, Error - Expected linebreaks to be &apos;LF&apos; but found &apos;CRLF&apos;. (linebreak-style)]]></failure></testcase>
<testcase time="0" name="org.eslint.linebreak-style" classname="C:\work\dyrectorio\web\crux-ui\src\server\crux\node-service"><failure message="Expected linebreaks to be &apos;LF&apos; but found &apos;CRLF&apos;."><![CDATA[line 30, col 23, Error - Expected linebreaks to be &apos;LF&apos; but found &apos;CRLF&apos;. (linebreak-style)]]></failure></testcase>
<testcase time="0" name="org.eslint.linebreak-style" classname="C:\work\dyrectorio\web\crux-ui\src\server\crux\node-service"><failure message="Expected linebreaks to be &apos;LF&apos; but found &apos;CRLF&apos;."><![CDATA[line 31, col 20, Error - Expected linebreaks to be &apos;LF&apos; but found &apos;CRLF&apos;. (linebreak-style)]]></failure></testcase>
<testcase time="0" name="org.eslint.linebreak-style" classname="C:\work\dyrectorio\web\crux-ui\src\server\crux\node-service"><failure message="Expected linebreaks to be &apos;LF&apos; but found &apos;CRLF&apos;."><![CDATA[line 32, col 22, Error - Expected linebreaks to be &apos;LF&apos; but found &apos;CRLF&apos;. (linebreak-style)]]></failure></testcase>
<testcase time="0" name="org.eslint.linebreak-style" classname="C:\work\dyrectorio\web\crux-ui\src\server\crux\node-service"><failure message="Expected linebreaks to be &apos;LF&apos; but found &apos;CRLF&apos;."><![CDATA[line 33, col 28, Error - Expected linebreaks to be &apos;LF&apos; but found &apos;CRLF&apos;. (linebreak-style)]]></failure></testcase>
<testcase time="0" name="org.eslint.linebreak-style" classname="C:\work\dyrectorio\web\crux-ui\src\server\crux\node-service"><failure message="Expected linebreaks to be &apos;LF&apos; but found &apos;CRLF&apos;."><![CDATA[line 34, col 29, Error - Expected linebreaks to be &apos;LF&apos; but found &apos;CRLF&apos;. (linebreak-style)]]></failure></testcase>
<testcase time="0" name="org.eslint.linebreak-style" classname="C:\work\dyrectorio\web\crux-ui\src\server\crux\node-service"><failure message="Expected linebreaks to be &apos;LF&apos; but found &apos;CRLF&apos;."><![CDATA[line 35, col 20, Error - Expected linebreaks to be &apos;LF&apos; but found &apos;CRLF&apos;. (linebreak-style)]]></failure></testcase>
<testcase time="0" name="org.eslint.linebreak-style" classname="C:\work\dyrectorio\web\crux-ui\src\server\crux\node-service"><failure message="Expected linebreaks to be &apos;LF&apos; but found &apos;CRLF&apos;."><![CDATA[line 36, col 21, Error - Expected linebreaks to be &apos;LF&apos; but found &apos;CRLF&apos;. (linebreak-style)]]></failure></testcase>
<testcase time="0" name="org.eslint.linebreak-style" classname="C:\work\dyrectorio\web\crux-ui\src\server\crux\node-service"><failure message="Expected linebreaks to be &apos;LF&apos; but found &apos;CRLF&apos;."><![CDATA[line 37, col 30, Error - Expected linebreaks to be &apos;LF&apos; but found &apos;CRLF&apos;. (linebreak-style)]]></failure></testcase>
<testcase time="0" name="org.eslint.linebreak-style" classname="C:\work\dyrectorio\web\crux-ui\src\server\crux\node-service"><failure message="Expected linebreaks to be &apos;LF&apos; but found &apos;CRLF&apos;."><![CDATA[line 38, col 46, Error - Expected linebreaks to be &apos;LF&apos; but found &apos;CRLF&apos;. (linebreak-style)]]></failure></testcase>
<testcase time="0" name="org.eslint.semi" classname="C:\work\dyrectorio\web\crux-ui\src\server\crux\node-service"><failure message="Missing semicolon."><![CDATA[line 38, col 46, Error - Missing semicolon. (semi)]]></failure></testcase>
<testcase time="0" name="org.eslint.linebreak-style" classname="C:\work\dyrectorio\web\crux-ui\src\server\crux\node-service"><failure message="Expected linebreaks to be &apos;LF&apos; but found &apos;CRLF&apos;."><![CDATA[line 39, col 44, Error - Expected linebreaks to be &apos;LF&apos; but found &apos;CRLF&apos;. (linebreak-style)]]></failure></testcase>
<testcase time="0" name="org.eslint.semi" classname="C:\work\dyrectorio\web\crux-ui\src\server\crux\node-service"><failure message="Missing semicolon."><![CDATA[line 39, col 44, Error - Missing semicolon. (semi)]]></failure></testcase>
<testcase time="0" name="org.eslint.linebreak-style" classname="C:\work\dyrectorio\web\crux-ui\src\server\crux\node-service"><failure message="Expected linebreaks to be &apos;LF&apos; but found &apos;CRLF&apos;."><![CDATA[line 40, col 46, Error - Expected linebreaks to be &apos;LF&apos; but found &apos;CRLF&apos;. (linebreak-style)]]></failure></testcase>
<testcase time="0" name="org.eslint.semi" classname="C:\work\dyrectorio\web\crux-ui\src\server\crux\node-service"><failure message="Missing semicolon."><![CDATA[line 40, col 46, Error - Missing semicolon. (semi)]]></failure></testcase>
<testcase time="0" name="org.eslint.import/no-duplicates" classname="C:\work\dyrectorio\web\crux-ui\src\server\crux\node-service"><failure message="&apos;C:\work\dyrectorio\web\crux-ui\src\server\crux\grpc-connection.ts&apos; imported multiple times."><![CDATA[line 41, col 29, Error - &apos;C:\work\dyrectorio\web\crux-ui\src\server\crux\grpc-connection.ts&apos; imported multiple times. (import/no-duplicates)]]></failure></testcase>
<testcase time="0" name="org.eslint.linebreak-style" classname="C:\work\dyrectorio\web\crux-ui\src\server\crux\node-service"><failure message="Expected linebreaks to be &apos;LF&apos; but found &apos;CRLF&apos;."><![CDATA[line 41, col 59, Error - Expected linebreaks to be &apos;LF&apos; but found &apos;CRLF&apos;. (linebreak-style)]]></failure></testcase>
<testcase time="0" name="org.eslint.semi" classname="C:\work\dyrectorio\web\crux-ui\src\server\crux\node-service"><failure message="Missing semicolon."><![CDATA[line 41, col 59, Error - Missing semicolon. (semi)]]></failure></testcase>
<testcase time="0" name="org.eslint.import/extensions" classname="C:\work\dyrectorio\web\crux-ui\src\server\crux\node-service"><failure message="Missing file extension &quot;ts&quot; for &quot;./grpc-connection&quot;"><![CDATA[line 42, col 58, Error - Missing file extension &quot;ts&quot; for &quot;./grpc-connection&quot; (import/extensions)]]></failure></testcase>
<testcase time="0" name="org.eslint.import/no-duplicates" classname="C:\work\dyrectorio\web\crux-ui\src\server\crux\node-service"><failure message="&apos;C:\work\dyrectorio\web\crux-ui\src\server\crux\grpc-connection.ts&apos; imported multiple times."><![CDATA[line 42, col 58, Error - &apos;C:\work\dyrectorio\web\crux-ui\src\server\crux\grpc-connection.ts&apos; imported multiple times. (import/no-duplicates)]]></failure></testcase>
<testcase time="0" name="org.eslint.linebreak-style" classname="C:\work\dyrectorio\web\crux-ui\src\server\crux\node-service"><failure message="Expected linebreaks to be &apos;LF&apos; but found &apos;CRLF&apos;."><![CDATA[line 42, col 77, Error - Expected linebreaks to be &apos;LF&apos; but found &apos;CRLF&apos;. (linebreak-style)]]></failure></testcase>
<testcase time="0" name="org.eslint.semi" classname="C:\work\dyrectorio\web\crux-ui\src\server\crux\node-service"><failure message="Missing semicolon."><![CDATA[line 42, col 77, Error - Missing semicolon. (semi)]]></failure></testcase>
<testcase time="0" name="org.eslint.linebreak-style" classname="C:\work\dyrectorio\web\crux-ui\src\server\crux\node-service"><failure message="Expected linebreaks to be &apos;LF&apos; but found &apos;CRLF&apos;."><![CDATA[line 43, col 1, Error - Expected linebreaks to be &apos;LF&apos; but found &apos;CRLF&apos;. (linebreak-style)]]></failure></testcase>
<testcase time="0" name="org.eslint.linebreak-style" classname="C:\work\dyrectorio\web\crux-ui\src\server\crux\node-service"><failure message="Expected linebreaks to be &apos;LF&apos; but found &apos;CRLF&apos;."><![CDATA[line 44, col 23, Error - Expected linebreaks to be &apos;LF&apos; but found &apos;CRLF&apos;. (linebreak-style)]]></failure></testcase>
<testcase time="0" name="org.eslint.linebreak-style" classname="C:\work\dyrectorio\web\crux-ui\src\server\crux\node-service"><failure message="Expected linebreaks to be &apos;LF&apos; but found &apos;CRLF&apos;."><![CDATA[line 45, col 51, Error - Expected linebreaks to be &apos;LF&apos; but found &apos;CRLF&apos;. (linebreak-style)]]></failure></testcase>
<testcase time="0" name="org.eslint.semi" classname="C:\work\dyrectorio\web\crux-ui\src\server\crux\node-service"><failure message="Missing semicolon."><![CDATA[line 45, col 51, Error - Missing semicolon. (semi)]]></failure></testcase>
<testcase time="0" name="org.eslint.linebreak-style" classname="C:\work\dyrectorio\web\crux-ui\src\server\crux\node-service"><failure message="Expected linebreaks to be &apos;LF&apos; but found &apos;CRLF&apos;."><![CDATA[line 46, col 1, Error - Expected linebreaks to be &apos;LF&apos; but found &apos;CRLF&apos;. (linebreak-style)]]></failure></testcase>
<testcase time="0" name="org.eslint.no-useless-constructor" classname="C:\work\dyrectorio\web\crux-ui\src\server\crux\node-service"><failure message="Useless constructor."><![CDATA[line 47, col 3, Error - Useless constructor. (no-useless-constructor)]]></failure></testcase>
<testcase time="0" name="org.eslint.no-empty-function" classname="C:\work\dyrectorio\web\crux-ui\src\server\crux\node-service"><failure message="Unexpected empty constructor."><![CDATA[line 47, col 75, Error - Unexpected empty constructor. (no-empty-function)]]></failure></testcase>
<testcase time="0" name="org.eslint.linebreak-style" classname="C:\work\dyrectorio\web\crux-ui\src\server\crux\node-service"><failure message="Expected linebreaks to be &apos;LF&apos; but found &apos;CRLF&apos;."><![CDATA[line 47, col 77, Error - Expected linebreaks to be &apos;LF&apos; but found &apos;CRLF&apos;. (linebreak-style)]]></failure></testcase>
<testcase time="0" name="org.eslint.linebreak-style" classname="C:\work\dyrectorio\web\crux-ui\src\server\crux\node-service"><failure message="Expected linebreaks to be &apos;LF&apos; but found &apos;CRLF&apos;."><![CDATA[line 48, col 1, Error - Expected linebreaks to be &apos;LF&apos; but found &apos;CRLF&apos;. (linebreak-style)]]></failure></testcase>
<testcase time="0" name="org.eslint.linebreak-style" classname="C:\work\dyrectorio\web\crux-ui\src\server\crux\node-service"><failure message="Expected linebreaks to be &apos;LF&apos; but found &apos;CRLF&apos;."><![CDATA[line 49, col 39, Error - Expected linebreaks to be &apos;LF&apos; but found &apos;CRLF&apos;. (linebreak-style)]]></failure></testcase>
<testcase time="0" name="org.eslint.linebreak-style" classname="C:\work\dyrectorio\web\crux-ui\src\server\crux\node-service"><failure message="Expected linebreaks to be &apos;LF&apos; but found &apos;CRLF&apos;."><![CDATA[line 50, col 33, Error - Expected linebreaks to be &apos;LF&apos; but found &apos;CRLF&apos;. (linebreak-style)]]></failure></testcase>
<testcase time="0" name="org.eslint.linebreak-style" classname="C:\work\dyrectorio\web\crux-ui\src\server\crux\node-service"><failure message="Expected linebreaks to be &apos;LF&apos; but found &apos;CRLF&apos;."><![CDATA[line 51, col 36, Error - Expected linebreaks to be &apos;LF&apos; but found &apos;CRLF&apos;. (linebreak-style)]]></failure></testcase>
<testcase time="0" name="org.eslint.linebreak-style" classname="C:\work\dyrectorio\web\crux-ui\src\server\crux\node-service"><failure message="Expected linebreaks to be &apos;LF&apos; but found &apos;CRLF&apos;."><![CDATA[line 52, col 6, Error - Expected linebreaks to be &apos;LF&apos; but found &apos;CRLF&apos;. (linebreak-style)]]></failure></testcase>
<testcase time="0" name="org.eslint.semi" classname="C:\work\dyrectorio\web\crux-ui\src\server\crux\node-service"><failure message="Missing semicolon."><![CDATA[line 52, col 6, Error - Missing semicolon. (semi)]]></failure></testcase>
<testcase time="0" name="org.eslint.linebreak-style" classname="C:\work\dyrectorio\web\crux-ui\src\server\crux\node-service"><failure message="Expected linebreaks to be &apos;LF&apos; but found &apos;CRLF&apos;."><![CDATA[line 53, col 1, Error - Expected linebreaks to be &apos;LF&apos; but found &apos;CRLF&apos;. (linebreak-style)]]></failure></testcase>
<testcase time="0" name="org.eslint.max-len" classname="C:\work\dyrectorio\web\crux-ui\src\server\crux\node-service"><failure message="This line has a length of 104. Maximum allowed is 100."><![CDATA[line 54, col 1, Error - This line has a length of 104. Maximum allowed is 100. (max-len)]]></failure></testcase>
<testcase time="0" name="org.eslint.linebreak-style" classname="C:\work\dyrectorio\web\crux-ui\src\server\crux\node-service"><failure message="Expected linebreaks to be &apos;LF&apos; but found &apos;CRLF&apos;."><![CDATA[line 54, col 105, Error - Expected linebreaks to be &apos;LF&apos; but found &apos;CRLF&apos;. (linebreak-style)]]></failure></testcase>
<testcase time="0" name="org.eslint.linebreak-style" classname="C:\work\dyrectorio\web\crux-ui\src\server\crux\node-service"><failure message="Expected linebreaks to be &apos;LF&apos; but found &apos;CRLF&apos;."><![CDATA[line 55, col 21, Error - Expected linebreaks to be &apos;LF&apos; but found &apos;CRLF&apos;. (linebreak-style)]]></failure></testcase>
<testcase time="0" name="org.eslint.linebreak-style" classname="C:\work\dyrectorio\web\crux-ui\src\server\crux\node-service"><failure message="Expected linebreaks to be &apos;LF&apos; but found &apos;CRLF&apos;."><![CDATA[line 56, col 11, Error - Expected linebreaks to be &apos;LF&apos; but found &apos;CRLF&apos;. (linebreak-style)]]></failure></testcase>
<testcase time="0" name="org.eslint.linebreak-style" classname="C:\work\dyrectorio\web\crux-ui\src\server\crux\node-service"><failure message="Expected linebreaks to be &apos;LF&apos; but found &apos;CRLF&apos;."><![CDATA[line 57, col 6, Error - Expected linebreaks to be &apos;LF&apos; but found &apos;CRLF&apos;. (linebreak-style)]]></failure></testcase>
<testcase time="0" name="org.eslint.semi" classname="C:\work\dyrectorio\web\crux-ui\src\server\crux\node-service"><failure message="Missing semicolon."><![CDATA[line 57, col 6, Error - Missing semicolon. (semi)]]></failure></testcase>
<testcase time="0" name="org.eslint.linebreak-style" classname="C:\work\dyrectorio\web\crux-ui\src\server\crux\node-service"><failure message="Expected linebreaks to be &apos;LF&apos; but found &apos;CRLF&apos;."><![CDATA[line 58, col 1, Error - Expected linebreaks to be &apos;LF&apos; but found &apos;CRLF&apos;. (linebreak-style)]]></failure></testcase>
<testcase time="0" name="org.eslint.arrow-parens" classname="C:\work\dyrectorio\web\crux-ui\src\server\crux\node-service"><failure message="Expected parentheses around arrow function argument."><![CDATA[line 59, col 27, Error - Expected parentheses around arrow function argument. (arrow-parens)]]></failure></testcase>
<testcase time="0" name="org.eslint.arrow-body-style" classname="C:\work\dyrectorio\web\crux-ui\src\server\crux\node-service"><failure message="Unexpected block statement surrounding arrow body; parenthesize the returned value and move it immediately after the `=&gt;`."><![CDATA[line 59, col 33, Error - Unexpected block statement surrounding arrow body; parenthesize the returned value and move it immediately after the `=&gt;`. (arrow-body-style)]]></failure></testcase>
<testcase time="0" name="org.eslint.linebreak-style" classname="C:\work\dyrectorio\web\crux-ui\src\server\crux\node-service"><failure message="Expected linebreaks to be &apos;LF&apos; but found &apos;CRLF&apos;."><![CDATA[line 59, col 34, Error - Expected linebreaks to be &apos;LF&apos; but found &apos;CRLF&apos;. (linebreak-style)]]></failure></testcase>
<testcase time="0" name="org.eslint.linebreak-style" classname="C:\work\dyrectorio\web\crux-ui\src\server\crux\node-service"><failure message="Expected linebreaks to be &apos;LF&apos; but found &apos;CRLF&apos;."><![CDATA[line 60, col 15, Error - Expected linebreaks to be &apos;LF&apos; but found &apos;CRLF&apos;. (linebreak-style)]]></failure></testcase>
<testcase time="0" name="org.eslint.linebreak-style" classname="C:\work\dyrectorio\web\crux-ui\src\server\crux\node-service"><failure message="Expected linebreaks to be &apos;LF&apos; but found &apos;CRLF&apos;."><![CDATA[line 61, col 15, Error - Expected linebreaks to be &apos;LF&apos; but found &apos;CRLF&apos;. (linebreak-style)]]></failure></testcase>
<testcase time="0" name="org.eslint.linebreak-style" classname="C:\work\dyrectorio\web\crux-ui\src\server\crux\node-service"><failure message="Expected linebreaks to be &apos;LF&apos; but found &apos;CRLF&apos;."><![CDATA[line 62, col 53, Error - Expected linebreaks to be &apos;LF&apos; but found &apos;CRLF&apos;. (linebreak-style)]]></failure></testcase>
<testcase time="0" name="org.eslint.linebreak-style" classname="C:\work\dyrectorio\web\crux-ui\src\server\crux\node-service"><failure message="Expected linebreaks to be &apos;LF&apos; but found &apos;CRLF&apos;."><![CDATA[line 63, col 45, Error - Expected linebreaks to be &apos;LF&apos; but found &apos;CRLF&apos;. (linebreak-style)]]></failure></testcase>
<testcase time="0" name="org.eslint.no-use-before-define" classname="C:\work\dyrectorio\web\crux-ui\src\server\crux\node-service"><failure message="&apos;nodeTypeGrpcToUi&apos; was used before it was defined."><![CDATA[line 64, col 15, Error - &apos;nodeTypeGrpcToUi&apos; was used before it was defined. (no-use-before-define)]]></failure></testcase>
<testcase time="0" name="org.eslint.linebreak-style" classname="C:\work\dyrectorio\web\crux-ui\src\server\crux\node-service"><failure message="Expected linebreaks to be &apos;LF&apos; but found &apos;CRLF&apos;."><![CDATA[line 64, col 41, Error - Expected linebreaks to be &apos;LF&apos; but found &apos;CRLF&apos;. (linebreak-style)]]></failure></testcase>
<testcase time="0" name="org.eslint.linebreak-style" classname="C:\work\dyrectorio\web\crux-ui\src\server\crux\node-service"><failure message="Expected linebreaks to be &apos;LF&apos; but found &apos;CRLF&apos;."><![CDATA[line 65, col 8, Error - Expected linebreaks to be &apos;LF&apos; but found &apos;CRLF&apos;. (linebreak-style)]]></failure></testcase>
<testcase time="0" name="org.eslint.semi" classname="C:\work\dyrectorio\web\crux-ui\src\server\crux\node-service"><failure message="Missing semicolon."><![CDATA[line 65, col 8, Error - Missing semicolon. (semi)]]></failure></testcase>
<testcase time="0" name="org.eslint.linebreak-style" classname="C:\work\dyrectorio\web\crux-ui\src\server\crux\node-service"><failure message="Expected linebreaks to be &apos;LF&apos; but found &apos;CRLF&apos;."><![CDATA[line 66, col 7, Error - Expected linebreaks to be &apos;LF&apos; but found &apos;CRLF&apos;. (linebreak-style)]]></failure></testcase>
<testcase time="0" name="org.eslint.semi" classname="C:\work\dyrectorio\web\crux-ui\src\server\crux\node-service"><failure message="Missing semicolon."><![CDATA[line 66, col 7, Error - Missing semicolon. (semi)]]></failure></testcase>
<testcase time="0" name="org.eslint.linebreak-style" classname="C:\work\dyrectorio\web\crux-ui\src\server\crux\node-service"><failure message="Expected linebreaks to be &apos;LF&apos; but found &apos;CRLF&apos;."><![CDATA[line 67, col 4, Error - Expected linebreaks to be &apos;LF&apos; but found &apos;CRLF&apos;. (linebreak-style)]]></failure></testcase>
<testcase time="0" name="org.eslint.linebreak-style" classname="C:\work\dyrectorio\web\crux-ui\src\server\crux\node-service"><failure message="Expected linebreaks to be &apos;LF&apos; but found &apos;CRLF&apos;."><![CDATA[line 68, col 1, Error - Expected linebreaks to be &apos;LF&apos; but found &apos;CRLF&apos;. (linebreak-style)]]></failure></testcase>
<testcase time="0" name="org.eslint.linebreak-style" classname="C:\work\dyrectorio\web\crux-ui\src\server\crux\node-service"><failure message="Expected linebreaks to be &apos;LF&apos; but found &apos;CRLF&apos;."><![CDATA[line 69, col 55, Error - Expected linebreaks to be &apos;LF&apos; but found &apos;CRLF&apos;. (linebreak-style)]]></failure></testcase>
<testcase time="0" name="org.eslint.linebreak-style" classname="C:\work\dyrectorio\web\crux-ui\src\server\crux\node-service"><failure message="Expected linebreaks to be &apos;LF&apos; but found &apos;CRLF&apos;."><![CDATA[line 70, col 37, Error - Expected linebreaks to be &apos;LF&apos; but found &apos;CRLF&apos;. (linebreak-style)]]></failure></testcase>
<testcase time="0" name="org.eslint.linebreak-style" classname="C:\work\dyrectorio\web\crux-ui\src\server\crux\node-service"><failure message="Expected linebreaks to be &apos;LF&apos; but found &apos;CRLF&apos;."><![CDATA[line 71, col 14, Error - Expected linebreaks to be &apos;LF&apos; but found &apos;CRLF&apos;. (linebreak-style)]]></failure></testcase>
<testcase time="0" name="org.eslint.linebreak-style" classname="C:\work\dyrectorio\web\crux-ui\src\server\crux\node-service"><failure message="Expected linebreaks to be &apos;LF&apos; but found &apos;CRLF&apos;."><![CDATA[line 72, col 36, Error - Expected linebreaks to be &apos;LF&apos; but found &apos;CRLF&apos;. (linebreak-style)]]></failure></testcase>
<testcase time="0" name="org.eslint.linebreak-style" classname="C:\work\dyrectorio\web\crux-ui\src\server\crux\node-service"><failure message="Expected linebreaks to be &apos;LF&apos; but found &apos;CRLF&apos;."><![CDATA[line 73, col 6, Error - Expected linebreaks to be &apos;LF&apos; but found &apos;CRLF&apos;. (linebreak-style)]]></failure></testcase>
<testcase time="0" name="org.eslint.semi" classname="C:\work\dyrectorio\web\crux-ui\src\server\crux\node-service"><failure message="Missing semicolon."><![CDATA[line 73, col 6, Error - Missing semicolon. (semi)]]></failure></testcase>
<testcase time="0" name="org.eslint.linebreak-style" classname="C:\work\dyrectorio\web\crux-ui\src\server\crux\node-service"><failure message="Expected linebreaks to be &apos;LF&apos; but found &apos;CRLF&apos;."><![CDATA[line 74, col 1, Error - Expected linebreaks to be &apos;LF&apos; but found &apos;CRLF&apos;. (linebreak-style)]]></failure></testcase>
<testcase time="0" name="org.eslint.max-len" classname="C:\work\dyrectorio\web\crux-ui\src\server\crux\node-service"><failure message="This line has a length of 112. Maximum allowed is 100."><![CDATA[line 75, col 1, Error - This line has a length of 112. Maximum allowed is 100. (max-len)]]></failure></testcase>
<testcase time="0" name="org.eslint.linebreak-style" classname="C:\work\dyrectorio\web\crux-ui\src\server\crux\node-service"><failure message="Expected linebreaks to be &apos;LF&apos; but found &apos;CRLF&apos;."><![CDATA[line 75, col 113, Error - Expected linebreaks to be &apos;LF&apos; but found &apos;CRLF&apos;. (linebreak-style)]]></failure></testcase>
<testcase time="0" name="org.eslint.linebreak-style" classname="C:\work\dyrectorio\web\crux-ui\src\server\crux\node-service"><failure message="Expected linebreaks to be &apos;LF&apos; but found &apos;CRLF&apos;."><![CDATA[line 76, col 25, Error - Expected linebreaks to be &apos;LF&apos; but found &apos;CRLF&apos;. (linebreak-style)]]></failure></testcase>
<testcase time="0" name="org.eslint.linebreak-style" classname="C:\work\dyrectorio\web\crux-ui\src\server\crux\node-service"><failure message="Expected linebreaks to be &apos;LF&apos; but found &apos;CRLF&apos;."><![CDATA[line 77, col 11, Error - Expected linebreaks to be &apos;LF&apos; but found &apos;CRLF&apos;. (linebreak-style)]]></failure></testcase>
<testcase time="0" name="org.eslint.linebreak-style" classname="C:\work\dyrectorio\web\crux-ui\src\server\crux\node-service"><failure message="Expected linebreaks to be &apos;LF&apos; but found &apos;CRLF&apos;."><![CDATA[line 78, col 6, Error - Expected linebreaks to be &apos;LF&apos; but found &apos;CRLF&apos;. (linebreak-style)]]></failure></testcase>
<testcase time="0" name="org.eslint.semi" classname="C:\work\dyrectorio\web\crux-ui\src\server\crux\node-service"><failure message="Missing semicolon."><![CDATA[line 78, col 6, Error - Missing semicolon. (semi)]]></failure></testcase>
<testcase time="0" name="org.eslint.linebreak-style" classname="C:\work\dyrectorio\web\crux-ui\src\server\crux\node-service"><failure message="Expected linebreaks to be &apos;LF&apos; but found &apos;CRLF&apos;."><![CDATA[line 79, col 1, Error - Expected linebreaks to be &apos;LF&apos; but found &apos;CRLF&apos;. (linebreak-style)]]></failure></testcase>
<testcase time="0" name="org.eslint.linebreak-style" classname="C:\work\dyrectorio\web\crux-ui\src\server\crux\node-service"><failure message="Expected linebreaks to be &apos;LF&apos; but found &apos;CRLF&apos;."><![CDATA[line 80, col 13, Error - Expected linebreaks to be &apos;LF&apos; but found &apos;CRLF&apos;. (linebreak-style)]]></failure></testcase>
<testcase time="0" name="org.eslint.linebreak-style" classname="C:\work\dyrectorio\web\crux-ui\src\server\crux\node-service"><failure message="Expected linebreaks to be &apos;LF&apos; but found &apos;CRLF&apos;."><![CDATA[line 81, col 14, Error - Expected linebreaks to be &apos;LF&apos; but found &apos;CRLF&apos;. (linebreak-style)]]></failure></testcase>
<testcase time="0" name="org.eslint.linebreak-style" classname="C:\work\dyrectorio\web\crux-ui\src\server\crux\node-service"><failure message="Expected linebreaks to be &apos;LF&apos; but found &apos;CRLF&apos;."><![CDATA[line 82, col 18, Error - Expected linebreaks to be &apos;LF&apos; but found &apos;CRLF&apos;. (linebreak-style)]]></failure></testcase>
<testcase time="0" name="org.eslint.linebreak-style" classname="C:\work\dyrectorio\web\crux-ui\src\server\crux\node-service"><failure message="Expected linebreaks to be &apos;LF&apos; but found &apos;CRLF&apos;."><![CDATA[line 83, col 50, Error - Expected linebreaks to be &apos;LF&apos; but found &apos;CRLF&apos;. (linebreak-style)]]></failure></testcase>
<testcase time="0" name="org.eslint.linebreak-style" classname="C:\work\dyrectorio\web\crux-ui\src\server\crux\node-service"><failure message="Expected linebreaks to be &apos;LF&apos; but found &apos;CRLF&apos;."><![CDATA[line 84, col 29, Error - Expected linebreaks to be &apos;LF&apos; but found &apos;CRLF&apos;. (linebreak-style)]]></failure></testcase>
<testcase time="0" name="org.eslint.linebreak-style" classname="C:\work\dyrectorio\web\crux-ui\src\server\crux\node-service"><failure message="Expected linebreaks to be &apos;LF&apos; but found &apos;CRLF&apos;."><![CDATA[line 85, col 22, Error - Expected linebreaks to be &apos;LF&apos; but found &apos;CRLF&apos;. (linebreak-style)]]></failure></testcase>
<testcase time="0" name="org.eslint.linebreak-style" classname="C:\work\dyrectorio\web\crux-ui\src\server\crux\node-service"><failure message="Expected linebreaks to be &apos;LF&apos; but found &apos;CRLF&apos;."><![CDATA[line 86, col 6, Error - Expected linebreaks to be &apos;LF&apos; but found &apos;CRLF&apos;. (linebreak-style)]]></failure></testcase>
<testcase time="0" name="org.eslint.semi" classname="C:\work\dyrectorio\web\crux-ui\src\server\crux\node-service"><failure message="Missing semicolon."><![CDATA[line 86, col 6, Error - Missing semicolon. (semi)]]></failure></testcase>
<testcase time="0" name="org.eslint.linebreak-style" classname="C:\work\dyrectorio\web\crux-ui\src\server\crux\node-service"><failure message="Expected linebreaks to be &apos;LF&apos; but found &apos;CRLF&apos;."><![CDATA[line 87, col 4, Error - Expected linebreaks to be &apos;LF&apos; but found &apos;CRLF&apos;. (linebreak-style)]]></failure></testcase>
<testcase time="0" name="org.eslint.linebreak-style" classname="C:\work\dyrectorio\web\crux-ui\src\server\crux\node-service"><failure message="Expected linebreaks to be &apos;LF&apos; but found &apos;CRLF&apos;."><![CDATA[line 88, col 1, Error - Expected linebreaks to be &apos;LF&apos; but found &apos;CRLF&apos;. (linebreak-style)]]></failure></testcase>
<testcase time="0" name="org.eslint.linebreak-style" classname="C:\work\dyrectorio\web\crux-ui\src\server\crux\node-service"><failure message="Expected linebreaks to be &apos;LF&apos; but found &apos;CRLF&apos;."><![CDATA[line 89, col 64, Error - Expected linebreaks to be &apos;LF&apos; but found &apos;CRLF&apos;. (linebreak-style)]]></failure></testcase>
<testcase time="0" name="org.eslint.linebreak-style" classname="C:\work\dyrectorio\web\crux-ui\src\server\crux\node-service"><failure message="Expected linebreaks to be &apos;LF&apos; but found &apos;CRLF&apos;."><![CDATA[line 90, col 37, Error - Expected linebreaks to be &apos;LF&apos; but found &apos;CRLF&apos;. (linebreak-style)]]></failure></testcase>
<testcase time="0" name="org.eslint.linebreak-style" classname="C:\work\dyrectorio\web\crux-ui\src\server\crux\node-service"><failure message="Expected linebreaks to be &apos;LF&apos; but found &apos;CRLF&apos;."><![CDATA[line 91, col 14, Error - Expected linebreaks to be &apos;LF&apos; but found &apos;CRLF&apos;. (linebreak-style)]]></failure></testcase>
<testcase time="0" name="org.eslint.linebreak-style" classname="C:\work\dyrectorio\web\crux-ui\src\server\crux\node-service"><failure message="Expected linebreaks to be &apos;LF&apos; but found &apos;CRLF&apos;."><![CDATA[line 92, col 10, Error - Expected linebreaks to be &apos;LF&apos; but found &apos;CRLF&apos;. (linebreak-style)]]></failure></testcase>
<testcase time="0" name="org.eslint.linebreak-style" classname="C:\work\dyrectorio\web\crux-ui\src\server\crux\node-service"><failure message="Expected linebreaks to be &apos;LF&apos; but found &apos;CRLF&apos;."><![CDATA[line 93, col 36, Error - Expected linebreaks to be &apos;LF&apos; but found &apos;CRLF&apos;. (linebreak-style)]]></failure></testcase>
<testcase time="0" name="org.eslint.linebreak-style" classname="C:\work\dyrectorio\web\crux-ui\src\server\crux\node-service"><failure message="Expected linebreaks to be &apos;LF&apos; but found &apos;CRLF&apos;."><![CDATA[line 94, col 6, Error - Expected linebreaks to be &apos;LF&apos; but found &apos;CRLF&apos;. (linebreak-style)]]></failure></testcase>
<testcase time="0" name="org.eslint.semi" classname="C:\work\dyrectorio\web\crux-ui\src\server\crux\node-service"><failure message="Missing semicolon."><![CDATA[line 94, col 6, Error - Missing semicolon. (semi)]]></failure></testcase>
<testcase time="0" name="org.eslint.linebreak-style" classname="C:\work\dyrectorio\web\crux-ui\src\server\crux\node-service"><failure message="Expected linebreaks to be &apos;LF&apos; but found &apos;CRLF&apos;."><![CDATA[line 95, col 1, Error - Expected linebreaks to be &apos;LF&apos; but found &apos;CRLF&apos;. (linebreak-style)]]></failure></testcase>
<testcase time="0" name="org.eslint.max-len" classname="C:\work\dyrectorio\web\crux-ui\src\server\crux\node-service"><failure message="This line has a length of 108. Maximum allowed is 100."><![CDATA[line 96, col 1, Error - This line has a length of 108. Maximum allowed is 100. (max-len)]]></failure></testcase>
<testcase time="0" name="org.eslint.linebreak-style" classname="C:\work\dyrectorio\web\crux-ui\src\server\crux\node-service"><failure message="Expected linebreaks to be &apos;LF&apos; but found &apos;CRLF&apos;."><![CDATA[line 96, col 109, Error - Expected linebreaks to be &apos;LF&apos; but found &apos;CRLF&apos;. (linebreak-style)]]></failure></testcase>
<testcase time="0" name="org.eslint.semi" classname="C:\work\dyrectorio\web\crux-ui\src\server\crux\node-service"><failure message="Missing semicolon."><![CDATA[line 96, col 109, Error - Missing semicolon. (semi)]]></failure></testcase>
<testcase time="0" name="org.eslint.linebreak-style" classname="C:\work\dyrectorio\web\crux-ui\src\server\crux\node-service"><failure message="Expected linebreaks to be &apos;LF&apos; but found &apos;CRLF&apos;."><![CDATA[line 97, col 4, Error - Expected linebreaks to be &apos;LF&apos; but found &apos;CRLF&apos;. (linebreak-style)]]></failure></testcase>
<testcase time="0" name="org.eslint.linebreak-style" classname="C:\work\dyrectorio\web\crux-ui\src\server\crux\node-service"><failure message="Expected linebreaks to be &apos;LF&apos; but found &apos;CRLF&apos;."><![CDATA[line 98, col 1, Error - Expected linebreaks to be &apos;LF&apos; but found &apos;CRLF&apos;. (linebreak-style)]]></failure></testcase>
<testcase time="0" name="org.eslint.linebreak-style" classname="C:\work\dyrectorio\web\crux-ui\src\server\crux\node-service"><failure message="Expected linebreaks to be &apos;LF&apos; but found &apos;CRLF&apos;."><![CDATA[line 99, col 44, Error - Expected linebreaks to be &apos;LF&apos; but found &apos;CRLF&apos;. (linebreak-style)]]></failure></testcase>
<testcase time="0" name="org.eslint.linebreak-style" classname="C:\work\dyrectorio\web\crux-ui\src\server\crux\node-service"><failure message="Expected linebreaks to be &apos;LF&apos; but found &apos;CRLF&apos;."><![CDATA[line 100, col 29, Error - Expected linebreaks to be &apos;LF&apos; but found &apos;CRLF&apos;. (linebreak-style)]]></failure></testcase>
<testcase time="0" name="org.eslint.linebreak-style" classname="C:\work\dyrectorio\web\crux-ui\src\server\crux\node-service"><failure message="Expected linebreaks to be &apos;LF&apos; but found &apos;CRLF&apos;."><![CDATA[line 101, col 10, Error - Expected linebreaks to be &apos;LF&apos; but found &apos;CRLF&apos;. (linebreak-style)]]></failure></testcase>
<testcase time="0" name="org.eslint.linebreak-style" classname="C:\work\dyrectorio\web\crux-ui\src\server\crux\node-service"><failure message="Expected linebreaks to be &apos;LF&apos; but found &apos;CRLF&apos;."><![CDATA[line 102, col 36, Error - Expected linebreaks to be &apos;LF&apos; but found &apos;CRLF&apos;. (linebreak-style)]]></failure></testcase>
<testcase time="0" name="org.eslint.linebreak-style" classname="C:\work\dyrectorio\web\crux-ui\src\server\crux\node-service"><failure message="Expected linebreaks to be &apos;LF&apos; but found &apos;CRLF&apos;."><![CDATA[line 103, col 6, Error - Expected linebreaks to be &apos;LF&apos; but found &apos;CRLF&apos;. (linebreak-style)]]></failure></testcase>
<testcase time="0" name="org.eslint.semi" classname="C:\work\dyrectorio\web\crux-ui\src\server\crux\node-service"><failure message="Missing semicolon."><![CDATA[line 103, col 6, Error - Missing semicolon. (semi)]]></failure></testcase>
<testcase time="0" name="org.eslint.linebreak-style" classname="C:\work\dyrectorio\web\crux-ui\src\server\crux\node-service"><failure message="Expected linebreaks to be &apos;LF&apos; but found &apos;CRLF&apos;."><![CDATA[line 104, col 1, Error - Expected linebreaks to be &apos;LF&apos; but found &apos;CRLF&apos;. (linebreak-style)]]></failure></testcase>
<testcase time="0" name="org.eslint.linebreak-style" classname="C:\work\dyrectorio\web\crux-ui\src\server\crux\node-service"><failure message="Expected linebreaks to be &apos;LF&apos; but found &apos;CRLF&apos;."><![CDATA[line 105, col 93, Error - Expected linebreaks to be &apos;LF&apos; but found &apos;CRLF&apos;. (linebreak-style)]]></failure></testcase>
<testcase time="0" name="org.eslint.semi" classname="C:\work\dyrectorio\web\crux-ui\src\server\crux\node-service"><failure message="Missing semicolon."><![CDATA[line 105, col 93, Error - Missing semicolon. (semi)]]></failure></testcase>
<testcase time="0" name="org.eslint.linebreak-style" classname="C:\work\dyrectorio\web\crux-ui\src\server\crux\node-service"><failure message="Expected linebreaks to be &apos;LF&apos; but found &apos;CRLF&apos;."><![CDATA[line 106, col 4, Error - Expected linebreaks to be &apos;LF&apos; but found &apos;CRLF&apos;. (linebreak-style)]]></failure></testcase>
<testcase time="0" name="org.eslint.linebreak-style" classname="C:\work\dyrectorio\web\crux-ui\src\server\crux\node-service"><failure message="Expected linebreaks to be &apos;LF&apos; but found &apos;CRLF&apos;."><![CDATA[line 107, col 1, Error - Expected linebreaks to be &apos;LF&apos; but found &apos;CRLF&apos;. (linebreak-style)]]></failure></testcase>
<testcase time="0" name="org.eslint.linebreak-style" classname="C:\work\dyrectorio\web\crux-ui\src\server\crux\node-service"><failure message="Expected linebreaks to be &apos;LF&apos; but found &apos;CRLF&apos;."><![CDATA[line 108, col 62, Error - Expected linebreaks to be &apos;LF&apos; but found &apos;CRLF&apos;. (linebreak-style)]]></failure></testcase>
<testcase time="0" name="org.eslint.linebreak-style" classname="C:\work\dyrectorio\web\crux-ui\src\server\crux\node-service"><failure message="Expected linebreaks to be &apos;LF&apos; but found &apos;CRLF&apos;."><![CDATA[line 109, col 29, Error - Expected linebreaks to be &apos;LF&apos; but found &apos;CRLF&apos;. (linebreak-style)]]></failure></testcase>
<testcase time="0" name="org.eslint.linebreak-style" classname="C:\work\dyrectorio\web\crux-ui\src\server\crux\node-service"><failure message="Expected linebreaks to be &apos;LF&apos; but found &apos;CRLF&apos;."><![CDATA[line 110, col 10, Error - Expected linebreaks to be &apos;LF&apos; but found &apos;CRLF&apos;. (linebreak-style)]]></failure></testcase>
<testcase time="0" name="org.eslint.linebreak-style" classname="C:\work\dyrectorio\web\crux-ui\src\server\crux\node-service"><failure message="Expected linebreaks to be &apos;LF&apos; but found &apos;CRLF&apos;."><![CDATA[line 111, col 36, Error - Expected linebreaks to be &apos;LF&apos; but found &apos;CRLF&apos;. (linebreak-style)]]></failure></testcase>
<testcase time="0" name="org.eslint.linebreak-style" classname="C:\work\dyrectorio\web\crux-ui\src\server\crux\node-service"><failure message="Expected linebreaks to be &apos;LF&apos; but found &apos;CRLF&apos;."><![CDATA[line 112, col 6, Error - Expected linebreaks to be &apos;LF&apos; but found &apos;CRLF&apos;. (linebreak-style)]]></failure></testcase>
<testcase time="0" name="org.eslint.semi" classname="C:\work\dyrectorio\web\crux-ui\src\server\crux\node-service"><failure message="Missing semicolon."><![CDATA[line 112, col 6, Error - Missing semicolon. (semi)]]></failure></testcase>
<testcase time="0" name="org.eslint.linebreak-style" classname="C:\work\dyrectorio\web\crux-ui\src\server\crux\node-service"><failure message="Expected linebreaks to be &apos;LF&apos; but found &apos;CRLF&apos;."><![CDATA[line 113, col 1, Error - Expected linebreaks to be &apos;LF&apos; but found &apos;CRLF&apos;. (linebreak-style)]]></failure></testcase>
<testcase time="0" name="org.eslint.max-len" classname="C:\work\dyrectorio\web\crux-ui\src\server\crux\node-service"><failure message="This line has a length of 107. Maximum allowed is 100."><![CDATA[line 114, col 1, Error - This line has a length of 107. Maximum allowed is 100. (max-len)]]></failure></testcase>
<testcase time="0" name="org.eslint.linebreak-style" classname="C:\work\dyrectorio\web\crux-ui\src\server\crux\node-service"><failure message="Expected linebreaks to be &apos;LF&apos; but found &apos;CRLF&apos;."><![CDATA[line 114, col 108, Error - Expected linebreaks to be &apos;LF&apos; but found &apos;CRLF&apos;. (linebreak-style)]]></failure></testcase>
<testcase time="0" name="org.eslint.linebreak-style" classname="C:\work\dyrectorio\web\crux-ui\src\server\crux\node-service"><failure message="Expected linebreaks to be &apos;LF&apos; but found &apos;CRLF&apos;."><![CDATA[line 115, col 17, Error - Expected linebreaks to be &apos;LF&apos; but found &apos;CRLF&apos;. (linebreak-style)]]></failure></testcase>
<testcase time="0" name="org.eslint.linebreak-style" classname="C:\work\dyrectorio\web\crux-ui\src\server\crux\node-service"><failure message="Expected linebreaks to be &apos;LF&apos; but found &apos;CRLF&apos;."><![CDATA[line 116, col 11, Error - Expected linebreaks to be &apos;LF&apos; but found &apos;CRLF&apos;. (linebreak-style)]]></failure></testcase>
<testcase time="0" name="org.eslint.linebreak-style" classname="C:\work\dyrectorio\web\crux-ui\src\server\crux\node-service"><failure message="Expected linebreaks to be &apos;LF&apos; but found &apos;CRLF&apos;."><![CDATA[line 117, col 6, Error - Expected linebreaks to be &apos;LF&apos; but found &apos;CRLF&apos;. (linebreak-style)]]></failure></testcase>
<testcase time="0" name="org.eslint.semi" classname="C:\work\dyrectorio\web\crux-ui\src\server\crux\node-service"><failure message="Missing semicolon."><![CDATA[line 117, col 6, Error - Missing semicolon. (semi)]]></failure></testcase>
<testcase time="0" name="org.eslint.linebreak-style" classname="C:\work\dyrectorio\web\crux-ui\src\server\crux\node-service"><failure message="Expected linebreaks to be &apos;LF&apos; but found &apos;CRLF&apos;."><![CDATA[line 118, col 1, Error - Expected linebreaks to be &apos;LF&apos; but found &apos;CRLF&apos;. (linebreak-style)]]></failure></testcase>
<testcase time="0" name="org.eslint.linebreak-style" classname="C:\work\dyrectorio\web\crux-ui\src\server\crux\node-service"><failure message="Expected linebreaks to be &apos;LF&apos; but found &apos;CRLF&apos;."><![CDATA[line 119, col 13, Error - Expected linebreaks to be &apos;LF&apos; but found &apos;CRLF&apos;. (linebreak-style)]]></failure></testcase>
<testcase time="0" name="org.eslint.linebreak-style" classname="C:\work\dyrectorio\web\crux-ui\src\server\crux\node-service"><failure message="Expected linebreaks to be &apos;LF&apos; but found &apos;CRLF&apos;."><![CDATA[line 120, col 14, Error - Expected linebreaks to be &apos;LF&apos; but found &apos;CRLF&apos;. (linebreak-style)]]></failure></testcase>
<testcase time="0" name="org.eslint.linebreak-style" classname="C:\work\dyrectorio\web\crux-ui\src\server\crux\node-service"><failure message="Expected linebreaks to be &apos;LF&apos; but found &apos;CRLF&apos;."><![CDATA[line 121, col 52, Error - Expected linebreaks to be &apos;LF&apos; but found &apos;CRLF&apos;. (linebreak-style)]]></failure></testcase>
<testcase time="0" name="org.eslint.linebreak-style" classname="C:\work\dyrectorio\web\crux-ui\src\server\crux\node-service"><failure message="Expected linebreaks to be &apos;LF&apos; but found &apos;CRLF&apos;."><![CDATA[line 122, col 44, Error - Expected linebreaks to be &apos;LF&apos; but found &apos;CRLF&apos;. (linebreak-style)]]></failure></testcase>
<testcase time="0" name="org.eslint.no-use-before-define" classname="C:\work\dyrectorio\web\crux-ui\src\server\crux\node-service"><failure message="&apos;nodeTypeGrpcToUi&apos; was used before it was defined."><![CDATA[line 123, col 13, Error - &apos;nodeTypeGrpcToUi&apos; was used before it was defined. (no-use-before-define)]]></failure></testcase>
<testcase time="0" name="org.eslint.linebreak-style" classname="C:\work\dyrectorio\web\crux-ui\src\server\crux\node-service"><failure message="Expected linebreaks to be &apos;LF&apos; but found &apos;CRLF&apos;."><![CDATA[line 123, col 40, Error - Expected linebreaks to be &apos;LF&apos; but found &apos;CRLF&apos;. (linebreak-style)]]></failure></testcase>
<testcase time="0" name="org.eslint.linebreak-style" classname="C:\work\dyrectorio\web\crux-ui\src\server\crux\node-service"><failure message="Expected linebreaks to be &apos;LF&apos; but found &apos;CRLF&apos;."><![CDATA[line 124, col 28, Error - Expected linebreaks to be &apos;LF&apos; but found &apos;CRLF&apos;. (linebreak-style)]]></failure></testcase>
<testcase time="0" name="org.eslint.linebreak-style" classname="C:\work\dyrectorio\web\crux-ui\src\server\crux\node-service"><failure message="Expected linebreaks to be &apos;LF&apos; but found &apos;CRLF&apos;."><![CDATA[line 125, col 15, Error - Expected linebreaks to be &apos;LF&apos; but found &apos;CRLF&apos;. (linebreak-style)]]></failure></testcase>
<testcase time="0" name="org.eslint.linebreak-style" classname="C:\work\dyrectorio\web\crux-ui\src\server\crux\node-service"><failure message="Expected linebreaks to be &apos;LF&apos; but found &apos;CRLF&apos;."><![CDATA[line 126, col 12, Error - Expected linebreaks to be &apos;LF&apos; but found &apos;CRLF&apos;. (linebreak-style)]]></failure></testcase>
<testcase time="0" name="org.eslint.indent" classname="C:\work\dyrectorio\web\crux-ui\src\server\crux\node-service"><failure message="Expected indentation of 10 spaces but found 12."><![CDATA[line 127, col 1, Error - Expected indentation of 10 spaces but found 12. (indent)]]></failure></testcase>
<testcase time="0" name="org.eslint.linebreak-style" classname="C:\work\dyrectorio\web\crux-ui\src\server\crux\node-service"><failure message="Expected linebreaks to be &apos;LF&apos; but found &apos;CRLF&apos;."><![CDATA[line 127, col 42, Error - Expected linebreaks to be &apos;LF&apos; but found &apos;CRLF&apos;. (linebreak-style)]]></failure></testcase>
<testcase time="0" name="org.eslint.indent" classname="C:\work\dyrectorio\web\crux-ui\src\server\crux\node-service"><failure message="Expected indentation of 10 spaces but found 12."><![CDATA[line 128, col 1, Error - Expected indentation of 10 spaces but found 12. (indent)]]></failure></testcase>
<testcase time="0" name="org.eslint.linebreak-style" classname="C:\work\dyrectorio\web\crux-ui\src\server\crux\node-service"><failure message="Expected linebreaks to be &apos;LF&apos; but found &apos;CRLF&apos;."><![CDATA[line 128, col 60, Error - Expected linebreaks to be &apos;LF&apos; but found &apos;CRLF&apos;. (linebreak-style)]]></failure></testcase>
<testcase time="0" name="org.eslint.indent" classname="C:\work\dyrectorio\web\crux-ui\src\server\crux\node-service"><failure message="Expected indentation of 10 spaces but found 12."><![CDATA[line 129, col 1, Error - Expected indentation of 10 spaces but found 12. (indent)]]></failure></testcase>
<testcase time="0" name="org.eslint.linebreak-style" classname="C:\work\dyrectorio\web\crux-ui\src\server\crux\node-service"><failure message="Expected linebreaks to be &apos;LF&apos; but found &apos;CRLF&apos;."><![CDATA[line 129, col 40, Error - Expected linebreaks to be &apos;LF&apos; but found &apos;CRLF&apos;. (linebreak-style)]]></failure></testcase>
<testcase time="0" name="org.eslint.indent" classname="C:\work\dyrectorio\web\crux-ui\src\server\crux\node-service"><failure message="Expected indentation of 8 spaces but found 10."><![CDATA[line 130, col 1, Error - Expected indentation of 8 spaces but found 10. (indent)]]></failure></testcase>
<testcase time="0" name="org.eslint.linebreak-style" classname="C:\work\dyrectorio\web\crux-ui\src\server\crux\node-service"><failure message="Expected linebreaks to be &apos;LF&apos; but found &apos;CRLF&apos;."><![CDATA[line 130, col 13, Error - Expected linebreaks to be &apos;LF&apos; but found &apos;CRLF&apos;. (linebreak-style)]]></failure></testcase>
<testcase time="0" name="org.eslint.linebreak-style" classname="C:\work\dyrectorio\web\crux-ui\src\server\crux\node-service"><failure message="Expected linebreaks to be &apos;LF&apos; but found &apos;CRLF&apos;."><![CDATA[line 131, col 6, Error - Expected linebreaks to be &apos;LF&apos; but found &apos;CRLF&apos;. (linebreak-style)]]></failure></testcase>
<testcase time="0" name="org.eslint.semi" classname="C:\work\dyrectorio\web\crux-ui\src\server\crux\node-service"><failure message="Missing semicolon."><![CDATA[line 131, col 6, Error - Missing semicolon. (semi)]]></failure></testcase>
<testcase time="0" name="org.eslint.linebreak-style" classname="C:\work\dyrectorio\web\crux-ui\src\server\crux\node-service"><failure message="Expected linebreaks to be &apos;LF&apos; but found &apos;CRLF&apos;."><![CDATA[line 132, col 4, Error - Expected linebreaks to be &apos;LF&apos; but found &apos;CRLF&apos;. (linebreak-style)]]></failure></testcase>
<testcase time="0" name="org.eslint.linebreak-style" classname="C:\work\dyrectorio\web\crux-ui\src\server\crux\node-service"><failure message="Expected linebreaks to be &apos;LF&apos; but found &apos;CRLF&apos;."><![CDATA[line 133, col 1, Error - Expected linebreaks to be &apos;LF&apos; but found &apos;CRLF&apos;. (linebreak-style)]]></failure></testcase>
<testcase time="0" name="org.eslint.linebreak-style" classname="C:\work\dyrectorio\web\crux-ui\src\server\crux\node-service"><failure message="Expected linebreaks to be &apos;LF&apos; but found &apos;CRLF&apos;."><![CDATA[line 134, col 87, Error - Expected linebreaks to be &apos;LF&apos; but found &apos;CRLF&apos;. (linebreak-style)]]></failure></testcase>
<testcase time="0" name="org.eslint.linebreak-style" classname="C:\work\dyrectorio\web\crux-ui\src\server\crux\node-service"><failure message="Expected linebreaks to be &apos;LF&apos; but found &apos;CRLF&apos;."><![CDATA[line 135, col 41, Error - Expected linebreaks to be &apos;LF&apos; but found &apos;CRLF&apos;. (linebreak-style)]]></failure></testcase>
<testcase time="0" name="org.eslint.linebreak-style" classname="C:\work\dyrectorio\web\crux-ui\src\server\crux\node-service"><failure message="Expected linebreaks to be &apos;LF&apos; but found &apos;CRLF&apos;."><![CDATA[line 136, col 10, Error - Expected linebreaks to be &apos;LF&apos; but found &apos;CRLF&apos;. (linebreak-style)]]></failure></testcase>
<testcase time="0" name="org.eslint.linebreak-style" classname="C:\work\dyrectorio\web\crux-ui\src\server\crux\node-service"><failure message="Expected linebreaks to be &apos;LF&apos; but found &apos;CRLF&apos;."><![CDATA[line 137, col 36, Error - Expected linebreaks to be &apos;LF&apos; but found &apos;CRLF&apos;. (linebreak-style)]]></failure></testcase>
<testcase time="0" name="org.eslint.linebreak-style" classname="C:\work\dyrectorio\web\crux-ui\src\server\crux\node-service"><failure message="Expected linebreaks to be &apos;LF&apos; but found &apos;CRLF&apos;."><![CDATA[line 138, col 22, Error - Expected linebreaks to be &apos;LF&apos; but found &apos;CRLF&apos;. (linebreak-style)]]></failure></testcase>
<testcase time="0" name="org.eslint.linebreak-style" classname="C:\work\dyrectorio\web\crux-ui\src\server\crux\node-service"><failure message="Expected linebreaks to be &apos;LF&apos; but found &apos;CRLF&apos;."><![CDATA[line 139, col 6, Error - Expected linebreaks to be &apos;LF&apos; but found &apos;CRLF&apos;. (linebreak-style)]]></failure></testcase>
<testcase time="0" name="org.eslint.semi" classname="C:\work\dyrectorio\web\crux-ui\src\server\crux\node-service"><failure message="Missing semicolon."><![CDATA[line 139, col 6, Error - Missing semicolon. (semi)]]></failure></testcase>
<testcase time="0" name="org.eslint.linebreak-style" classname="C:\work\dyrectorio\web\crux-ui\src\server\crux\node-service"><failure message="Expected linebreaks to be &apos;LF&apos; but found &apos;CRLF&apos;."><![CDATA[line 140, col 1, Error - Expected linebreaks to be &apos;LF&apos; but found &apos;CRLF&apos;. (linebreak-style)]]></failure></testcase>
<testcase time="0" name="org.eslint.max-len" classname="C:\work\dyrectorio\web\crux-ui\src\server\crux\node-service"><failure message="This line has a length of 114. Maximum allowed is 100."><![CDATA[line 141, col 1, Error - This line has a length of 114. Maximum allowed is 100. (max-len)]]></failure></testcase>
<testcase time="0" name="org.eslint.linebreak-style" classname="C:\work\dyrectorio\web\crux-ui\src\server\crux\node-service"><failure message="Expected linebreaks to be &apos;LF&apos; but found &apos;CRLF&apos;."><![CDATA[line 141, col 115, Error - Expected linebreaks to be &apos;LF&apos; but found &apos;CRLF&apos;. (linebreak-style)]]></failure></testcase>
<testcase time="0" name="org.eslint.linebreak-style" classname="C:\work\dyrectorio\web\crux-ui\src\server\crux\node-service"><failure message="Expected linebreaks to be &apos;LF&apos; but found &apos;CRLF&apos;."><![CDATA[line 142, col 29, Error - Expected linebreaks to be &apos;LF&apos; but found &apos;CRLF&apos;. (linebreak-style)]]></failure></testcase>
<testcase time="0" name="org.eslint.linebreak-style" classname="C:\work\dyrectorio\web\crux-ui\src\server\crux\node-service"><failure message="Expected linebreaks to be &apos;LF&apos; but found &apos;CRLF&apos;."><![CDATA[line 143, col 11, Error - Expected linebreaks to be &apos;LF&apos; but found &apos;CRLF&apos;. (linebreak-style)]]></failure></testcase>
<testcase time="0" name="org.eslint.linebreak-style" classname="C:\work\dyrectorio\web\crux-ui\src\server\crux\node-service"><failure message="Expected linebreaks to be &apos;LF&apos; but found &apos;CRLF&apos;."><![CDATA[line 144, col 6, Error - Expected linebreaks to be &apos;LF&apos; but found &apos;CRLF&apos;. (linebreak-style)]]></failure></testcase>
<testcase time="0" name="org.eslint.semi" classname="C:\work\dyrectorio\web\crux-ui\src\server\crux\node-service"><failure message="Missing semicolon."><![CDATA[line 144, col 6, Error - Missing semicolon. (semi)]]></failure></testcase>
<testcase time="0" name="org.eslint.linebreak-style" classname="C:\work\dyrectorio\web\crux-ui\src\server\crux\node-service"><failure message="Expected linebreaks to be &apos;LF&apos; but found &apos;CRLF&apos;."><![CDATA[line 145, col 1, Error - Expected linebreaks to be &apos;LF&apos; but found &apos;CRLF&apos;. (linebreak-style)]]></failure></testcase>
<testcase time="0" name="org.eslint.linebreak-style" classname="C:\work\dyrectorio\web\crux-ui\src\server\crux\node-service"><failure message="Expected linebreaks to be &apos;LF&apos; but found &apos;CRLF&apos;."><![CDATA[line 146, col 44, Error - Expected linebreaks to be &apos;LF&apos; but found &apos;CRLF&apos;. (linebreak-style)]]></failure></testcase>
<testcase time="0" name="org.eslint.semi" classname="C:\work\dyrectorio\web\crux-ui\src\server\crux\node-service"><failure message="Missing semicolon."><![CDATA[line 146, col 44, Error - Missing semicolon. (semi)]]></failure></testcase>
<testcase time="0" name="org.eslint.linebreak-style" classname="C:\work\dyrectorio\web\crux-ui\src\server\crux\node-service"><failure message="Expected linebreaks to be &apos;LF&apos; but found &apos;CRLF&apos;."><![CDATA[line 147, col 1, Error - Expected linebreaks to be &apos;LF&apos; but found &apos;CRLF&apos;. (linebreak-style)]]></failure></testcase>
<testcase time="0" name="org.eslint.linebreak-style" classname="C:\work\dyrectorio\web\crux-ui\src\server\crux\node-service"><failure message="Expected linebreaks to be &apos;LF&apos; but found &apos;CRLF&apos;."><![CDATA[line 148, col 13, Error - Expected linebreaks to be &apos;LF&apos; but found &apos;CRLF&apos;. (linebreak-style)]]></failure></testcase>
<testcase time="0" name="org.eslint.linebreak-style" classname="C:\work\dyrectorio\web\crux-ui\src\server\crux\node-service"><failure message="Expected linebreaks to be &apos;LF&apos; but found &apos;CRLF&apos;."><![CDATA[line 149, col 28, Error - Expected linebreaks to be &apos;LF&apos; but found &apos;CRLF&apos;. (linebreak-style)]]></failure></testcase>
<testcase time="0" name="org.eslint.linebreak-style" classname="C:\work\dyrectorio\web\crux-ui\src\server\crux\node-service"><failure message="Expected linebreaks to be &apos;LF&apos; but found &apos;CRLF&apos;."><![CDATA[line 150, col 46, Error - Expected linebreaks to be &apos;LF&apos; but found &apos;CRLF&apos;. (linebreak-style)]]></failure></testcase>
<testcase time="0" name="org.eslint.linebreak-style" classname="C:\work\dyrectorio\web\crux-ui\src\server\crux\node-service"><failure message="Expected linebreaks to be &apos;LF&apos; but found &apos;CRLF&apos;."><![CDATA[line 151, col 30, Error - Expected linebreaks to be &apos;LF&apos; but found &apos;CRLF&apos;. (linebreak-style)]]></failure></testcase>
<testcase time="0" name="org.eslint.linebreak-style" classname="C:\work\dyrectorio\web\crux-ui\src\server\crux\node-service"><failure message="Expected linebreaks to be &apos;LF&apos; but found &apos;CRLF&apos;."><![CDATA[line 152, col 6, Error - Expected linebreaks to be &apos;LF&apos; but found &apos;CRLF&apos;. (linebreak-style)]]></failure></testcase>
<testcase time="0" name="org.eslint.semi" classname="C:\work\dyrectorio\web\crux-ui\src\server\crux\node-service"><failure message="Missing semicolon."><![CDATA[line 152, col 6, Error - Missing semicolon. (semi)]]></failure></testcase>
<testcase time="0" name="org.eslint.linebreak-style" classname="C:\work\dyrectorio\web\crux-ui\src\server\crux\node-service"><failure message="Expected linebreaks to be &apos;LF&apos; but found &apos;CRLF&apos;."><![CDATA[line 153, col 4, Error - Expected linebreaks to be &apos;LF&apos; but found &apos;CRLF&apos;. (linebreak-style)]]></failure></testcase>
<testcase time="0" name="org.eslint.linebreak-style" classname="C:\work\dyrectorio\web\crux-ui\src\server\crux\node-service"><failure message="Expected linebreaks to be &apos;LF&apos; but found &apos;CRLF&apos;."><![CDATA[line 154, col 1, Error - Expected linebreaks to be &apos;LF&apos; but found &apos;CRLF&apos;. (linebreak-style)]]></failure></testcase>
<testcase time="0" name="org.eslint.linebreak-style" classname="C:\work\dyrectorio\web\crux-ui\src\server\crux\node-service"><failure message="Expected linebreaks to be &apos;LF&apos; but found &apos;CRLF&apos;."><![CDATA[line 155, col 26, Error - Expected linebreaks to be &apos;LF&apos; but found &apos;CRLF&apos;. (linebreak-style)]]></failure></testcase>
<testcase time="0" name="org.eslint.linebreak-style" classname="C:\work\dyrectorio\web\crux-ui\src\server\crux\node-service"><failure message="Expected linebreaks to be &apos;LF&apos; but found &apos;CRLF&apos;."><![CDATA[line 156, col 56, Error - Expected linebreaks to be &apos;LF&apos; but found &apos;CRLF&apos;. (linebreak-style)]]></failure></testcase>
<testcase time="0" name="org.eslint.linebreak-style" classname="C:\work\dyrectorio\web\crux-ui\src\server\crux\node-service"><failure message="Expected linebreaks to be &apos;LF&apos; but found &apos;CRLF&apos;."><![CDATA[line 157, col 36, Error - Expected linebreaks to be &apos;LF&apos; but found &apos;CRLF&apos;. (linebreak-style)]]></failure></testcase>
<testcase time="0" name="org.eslint.linebreak-style" classname="C:\work\dyrectorio\web\crux-ui\src\server\crux\node-service"><failure message="Expected linebreaks to be &apos;LF&apos; but found &apos;CRLF&apos;."><![CDATA[line 158, col 10, Error - Expected linebreaks to be &apos;LF&apos; but found &apos;CRLF&apos;. (linebreak-style)]]></failure></testcase>
<testcase time="0" name="org.eslint.linebreak-style" classname="C:\work\dyrectorio\web\crux-ui\src\server\crux\node-service"><failure message="Expected linebreaks to be &apos;LF&apos; but found &apos;CRLF&apos;."><![CDATA[line 159, col 6, Error - Expected linebreaks to be &apos;LF&apos; but found &apos;CRLF&apos;. (linebreak-style)]]></failure></testcase>
<testcase time="0" name="org.eslint.semi" classname="C:\work\dyrectorio\web\crux-ui\src\server\crux\node-service"><failure message="Missing semicolon."><![CDATA[line 159, col 6, Error - Missing semicolon. (semi)]]></failure></testcase>
<testcase time="0" name="org.eslint.linebreak-style" classname="C:\work\dyrectorio\web\crux-ui\src\server\crux\node-service"><failure message="Expected linebreaks to be &apos;LF&apos; but found &apos;CRLF&apos;."><![CDATA[line 160, col 1, Error - Expected linebreaks to be &apos;LF&apos; but found &apos;CRLF&apos;. (linebreak-style)]]></failure></testcase>
<testcase time="0" name="org.eslint.max-len" classname="C:\work\dyrectorio\web\crux-ui\src\server\crux\node-service"><failure message="This line has a length of 108. Maximum allowed is 100."><![CDATA[line 161, col 1, Error - This line has a length of 108. Maximum allowed is 100. (max-len)]]></failure></testcase>
<testcase time="0" name="org.eslint.linebreak-style" classname="C:\work\dyrectorio\web\crux-ui\src\server\crux\node-service"><failure message="Expected linebreaks to be &apos;LF&apos; but found &apos;CRLF&apos;."><![CDATA[line 161, col 109, Error - Expected linebreaks to be &apos;LF&apos; but found &apos;CRLF&apos;. (linebreak-style)]]></failure></testcase>
<testcase time="0" name="org.eslint.linebreak-style" classname="C:\work\dyrectorio\web\crux-ui\src\server\crux\node-service"><failure message="Expected linebreaks to be &apos;LF&apos; but found &apos;CRLF&apos;."><![CDATA[line 162, col 17, Error - Expected linebreaks to be &apos;LF&apos; but found &apos;CRLF&apos;. (linebreak-style)]]></failure></testcase>
<testcase time="0" name="org.eslint.linebreak-style" classname="C:\work\dyrectorio\web\crux-ui\src\server\crux\node-service"><failure message="Expected linebreaks to be &apos;LF&apos; but found &apos;CRLF&apos;."><![CDATA[line 163, col 11, Error - Expected linebreaks to be &apos;LF&apos; but found &apos;CRLF&apos;. (linebreak-style)]]></failure></testcase>
<testcase time="0" name="org.eslint.linebreak-style" classname="C:\work\dyrectorio\web\crux-ui\src\server\crux\node-service"><failure message="Expected linebreaks to be &apos;LF&apos; but found &apos;CRLF&apos;."><![CDATA[line 164, col 6, Error - Expected linebreaks to be &apos;LF&apos; but found &apos;CRLF&apos;. (linebreak-style)]]></failure></testcase>
<testcase time="0" name="org.eslint.semi" classname="C:\work\dyrectorio\web\crux-ui\src\server\crux\node-service"><failure message="Missing semicolon."><![CDATA[line 164, col 6, Error - Missing semicolon. (semi)]]></failure></testcase>
<testcase time="0" name="org.eslint.linebreak-style" classname="C:\work\dyrectorio\web\crux-ui\src\server\crux\node-service"><failure message="Expected linebreaks to be &apos;LF&apos; but found &apos;CRLF&apos;."><![CDATA[line 165, col 1, Error - Expected linebreaks to be &apos;LF&apos; but found &apos;CRLF&apos;. (linebreak-style)]]></failure></testcase>
<testcase time="0" name="org.eslint.linebreak-style" classname="C:\work\dyrectorio\web\crux-ui\src\server\crux\node-service"><failure message="Expected linebreaks to be &apos;LF&apos; but found &apos;CRLF&apos;."><![CDATA[line 166, col 13, Error - Expected linebreaks to be &apos;LF&apos; but found &apos;CRLF&apos;. (linebreak-style)]]></failure></testcase>
<testcase time="0" name="org.eslint.linebreak-style" classname="C:\work\dyrectorio\web\crux-ui\src\server\crux\node-service"><failure message="Expected linebreaks to be &apos;LF&apos; but found &apos;CRLF&apos;."><![CDATA[line 167, col 28, Error - Expected linebreaks to be &apos;LF&apos; but found &apos;CRLF&apos;. (linebreak-style)]]></failure></testcase>
<testcase time="0" name="org.eslint.linebreak-style" classname="C:\work\dyrectorio\web\crux-ui\src\server\crux\node-service"><failure message="Expected linebreaks to be &apos;LF&apos; but found &apos;CRLF&apos;."><![CDATA[line 168, col 6, Error - Expected linebreaks to be &apos;LF&apos; but found &apos;CRLF&apos;. (linebreak-style)]]></failure></testcase>
<testcase time="0" name="org.eslint.semi" classname="C:\work\dyrectorio\web\crux-ui\src\server\crux\node-service"><failure message="Missing semicolon."><![CDATA[line 168, col 6, Error - Missing semicolon. (semi)]]></failure></testcase>
<testcase time="0" name="org.eslint.linebreak-style" classname="C:\work\dyrectorio\web\crux-ui\src\server\crux\node-service"><failure message="Expected linebreaks to be &apos;LF&apos; but found &apos;CRLF&apos;."><![CDATA[line 169, col 4, Error - Expected linebreaks to be &apos;LF&apos; but found &apos;CRLF&apos;. (linebreak-style)]]></failure></testcase>
<testcase time="0" name="org.eslint.linebreak-style" classname="C:\work\dyrectorio\web\crux-ui\src\server\crux\node-service"><failure message="Expected linebreaks to be &apos;LF&apos; but found &apos;CRLF&apos;."><![CDATA[line 170, col 1, Error - Expected linebreaks to be &apos;LF&apos; but found &apos;CRLF&apos;. (linebreak-style)]]></failure></testcase>
<testcase time="0" name="org.eslint.linebreak-style" classname="C:\work\dyrectorio\web\crux-ui\src\server\crux\node-service"><failure message="Expected linebreaks to be &apos;LF&apos; but found &apos;CRLF&apos;."><![CDATA[line 171, col 52, Error - Expected linebreaks to be &apos;LF&apos; but found &apos;CRLF&apos;. (linebreak-style)]]></failure></testcase>
<testcase time="0" name="org.eslint.linebreak-style" classname="C:\work\dyrectorio\web\crux-ui\src\server\crux\node-service"><failure message="Expected linebreaks to be &apos;LF&apos; but found &apos;CRLF&apos;."><![CDATA[line 172, col 64, Error - Expected linebreaks to be &apos;LF&apos; but found &apos;CRLF&apos;. (linebreak-style)]]></failure></testcase>
<testcase time="0" name="org.eslint.semi" classname="C:\work\dyrectorio\web\crux-ui\src\server\crux\node-service"><failure message="Missing semicolon."><![CDATA[line 172, col 64, Error - Missing semicolon. (semi)]]></failure></testcase>
<testcase time="0" name="org.eslint.max-len" classname="C:\work\dyrectorio\web\crux-ui\src\server\crux\node-service"><failure message="This line has a length of 102. Maximum allowed is 100."><![CDATA[line 173, col 1, Error - This line has a length of 102. Maximum allowed is 100. (max-len)]]></failure></testcase>
<testcase time="0" name="org.eslint.no-return-await" classname="C:\work\dyrectorio\web\crux-ui\src\server\crux\node-service"><failure message="Redundant use of `await` on a return value."><![CDATA[line 173, col 12, Error - Redundant use of `await` on a return value. (no-return-await)]]></failure></testcase>
<testcase time="0" name="org.eslint.linebreak-style" classname="C:\work\dyrectorio\web\crux-ui\src\server\crux\node-service"><failure message="Expected linebreaks to be &apos;LF&apos; but found &apos;CRLF&apos;."><![CDATA[line 173, col 103, Error - Expected linebreaks to be &apos;LF&apos; but found &apos;CRLF&apos;. (linebreak-style)]]></failure></testcase>
<testcase time="0" name="org.eslint.semi" classname="C:\work\dyrectorio\web\crux-ui\src\server\crux\node-service"><failure message="Missing semicolon."><![CDATA[line 173, col 103, Error - Missing semicolon. (semi)]]></failure></testcase>
<testcase time="0" name="org.eslint.linebreak-style" classname="C:\work\dyrectorio\web\crux-ui\src\server\crux\node-service"><failure message="Expected linebreaks to be &apos;LF&apos; but found &apos;CRLF&apos;."><![CDATA[line 174, col 4, Error - Expected linebreaks to be &apos;LF&apos; but found &apos;CRLF&apos;. (linebreak-style)]]></failure></testcase>
<testcase time="0" name="org.eslint.linebreak-style" classname="C:\work\dyrectorio\web\crux-ui\src\server\crux\node-service"><failure message="Expected linebreaks to be &apos;LF&apos; but found &apos;CRLF&apos;."><![CDATA[line 175, col 1, Error - Expected linebreaks to be &apos;LF&apos; but found &apos;CRLF&apos;. (linebreak-style)]]></failure></testcase>
<testcase time="0" name="org.eslint.linebreak-style" classname="C:\work\dyrectorio\web\crux-ui\src\server\crux\node-service"><failure message="Expected linebreaks to be &apos;LF&apos; but found &apos;CRLF&apos;."><![CDATA[line 176, col 50, Error - Expected linebreaks to be &apos;LF&apos; but found &apos;CRLF&apos;. (linebreak-style)]]></failure></testcase>
<testcase time="0" name="org.eslint.linebreak-style" classname="C:\work\dyrectorio\web\crux-ui\src\server\crux\node-service"><failure message="Expected linebreaks to be &apos;LF&apos; but found &apos;CRLF&apos;."><![CDATA[line 177, col 64, Error - Expected linebreaks to be &apos;LF&apos; but found &apos;CRLF&apos;. (linebreak-style)]]></failure></testcase>
<testcase time="0" name="org.eslint.semi" classname="C:\work\dyrectorio\web\crux-ui\src\server\crux\node-service"><failure message="Missing semicolon."><![CDATA[line 177, col 64, Error - Missing semicolon. (semi)]]></failure></testcase>
<testcase time="0" name="org.eslint.no-return-await" classname="C:\work\dyrectorio\web\crux-ui\src\server\crux\node-service"><failure message="Redundant use of `await` on a return value."><![CDATA[line 178, col 12, Error - Redundant use of `await` on a return value. (no-return-await)]]></failure></testcase>
<testcase time="0" name="org.eslint.linebreak-style" classname="C:\work\dyrectorio\web\crux-ui\src\server\crux\node-service"><failure message="Expected linebreaks to be &apos;LF&apos; but found &apos;CRLF&apos;."><![CDATA[line 178, col 101, Error - Expected linebreaks to be &apos;LF&apos; but found &apos;CRLF&apos;. (linebreak-style)]]></failure></testcase>
<testcase time="0" name="org.eslint.semi" classname="C:\work\dyrectorio\web\crux-ui\src\server\crux\node-service"><failure message="Missing semicolon."><![CDATA[line 178, col 101, Error - Missing semicolon. (semi)]]></failure></testcase>
<testcase time="0" name="org.eslint.linebreak-style" classname="C:\work\dyrectorio\web\crux-ui\src\server\crux\node-service"><failure message="Expected linebreaks to be &apos;LF&apos; but found &apos;CRLF&apos;."><![CDATA[line 179, col 4, Error - Expected linebreaks to be &apos;LF&apos; but found &apos;CRLF&apos;. (linebreak-style)]]></failure></testcase>
<testcase time="0" name="org.eslint.linebreak-style" classname="C:\work\dyrectorio\web\crux-ui\src\server\crux\node-service"><failure message="Expected linebreaks to be &apos;LF&apos; but found &apos;CRLF&apos;."><![CDATA[line 180, col 1, Error - Expected linebreaks to be &apos;LF&apos; but found &apos;CRLF&apos;. (linebreak-style)]]></failure></testcase>
<testcase time="0" name="org.eslint.linebreak-style" classname="C:\work\dyrectorio\web\crux-ui\src\server\crux\node-service"><failure message="Expected linebreaks to be &apos;LF&apos; but found &apos;CRLF&apos;."><![CDATA[line 181, col 25, Error - Expected linebreaks to be &apos;LF&apos; but found &apos;CRLF&apos;. (linebreak-style)]]></failure></testcase>
<testcase time="0" name="org.eslint.linebreak-style" classname="C:\work\dyrectorio\web\crux-ui\src\server\crux\node-service"><failure message="Expected linebreaks to be &apos;LF&apos; but found &apos;CRLF&apos;."><![CDATA[line 182, col 20, Error - Expected linebreaks to be &apos;LF&apos; but found &apos;CRLF&apos;. (linebreak-style)]]></failure></testcase>
<testcase time="0" name="org.eslint.linebreak-style" classname="C:\work\dyrectorio\web\crux-ui\src\server\crux\node-service"><failure message="Expected linebreaks to be &apos;LF&apos; but found &apos;CRLF&apos;."><![CDATA[line 183, col 58, Error - Expected linebreaks to be &apos;LF&apos; but found &apos;CRLF&apos;. (linebreak-style)]]></failure></testcase>
<testcase time="0" name="org.eslint.linebreak-style" classname="C:\work\dyrectorio\web\crux-ui\src\server\crux\node-service"><failure message="Expected linebreaks to be &apos;LF&apos; but found &apos;CRLF&apos;."><![CDATA[line 184, col 59, Error - Expected linebreaks to be &apos;LF&apos; but found &apos;CRLF&apos;. (linebreak-style)]]></failure></testcase>
<testcase time="0" name="org.eslint.linebreak-style" classname="C:\work\dyrectorio\web\crux-ui\src\server\crux\node-service"><failure message="Expected linebreaks to be &apos;LF&apos; but found &apos;CRLF&apos;."><![CDATA[line 185, col 36, Error - Expected linebreaks to be &apos;LF&apos; but found &apos;CRLF&apos;. (linebreak-style)]]></failure></testcase>
<testcase time="0" name="org.eslint.linebreak-style" classname="C:\work\dyrectorio\web\crux-ui\src\server\crux\node-service"><failure message="Expected linebreaks to be &apos;LF&apos; but found &apos;CRLF&apos;."><![CDATA[line 186, col 18, Error - Expected linebreaks to be &apos;LF&apos; but found &apos;CRLF&apos;. (linebreak-style)]]></failure></testcase>
<testcase time="0" name="org.eslint.linebreak-style" classname="C:\work\dyrectorio\web\crux-ui\src\server\crux\node-service"><failure message="Expected linebreaks to be &apos;LF&apos; but found &apos;CRLF&apos;."><![CDATA[line 187, col 6, Error - Expected linebreaks to be &apos;LF&apos; but found &apos;CRLF&apos;. (linebreak-style)]]></failure></testcase>
<testcase time="0" name="org.eslint.semi" classname="C:\work\dyrectorio\web\crux-ui\src\server\crux\node-service"><failure message="Missing semicolon."><![CDATA[line 187, col 6, Error - Missing semicolon. (semi)]]></failure></testcase>
<testcase time="0" name="org.eslint.linebreak-style" classname="C:\work\dyrectorio\web\crux-ui\src\server\crux\node-service"><failure message="Expected linebreaks to be &apos;LF&apos; but found &apos;CRLF&apos;."><![CDATA[line 188, col 1, Error - Expected linebreaks to be &apos;LF&apos; but found &apos;CRLF&apos;. (linebreak-style)]]></failure></testcase>
<testcase time="0" name="org.eslint.arrow-body-style" classname="C:\work\dyrectorio\web\crux-ui\src\server\crux\node-service"><failure message="Unexpected block statement surrounding arrow body; parenthesize the returned value and move it immediately after the `=&gt;`."><![CDATA[line 189, col 51, Error - Unexpected block statement surrounding arrow body; parenthesize the returned value and move it immediately after the `=&gt;`. (arrow-body-style)]]></failure></testcase>
<testcase time="0" name="org.eslint.linebreak-style" classname="C:\work\dyrectorio\web\crux-ui\src\server\crux\node-service"><failure message="Expected linebreaks to be &apos;LF&apos; but found &apos;CRLF&apos;."><![CDATA[line 189, col 52, Error - Expected linebreaks to be &apos;LF&apos; but found &apos;CRLF&apos;. (linebreak-style)]]></failure></testcase>
<testcase time="0" name="org.eslint.linebreak-style" classname="C:\work\dyrectorio\web\crux-ui\src\server\crux\node-service"><failure message="Expected linebreaks to be &apos;LF&apos; but found &apos;CRLF&apos;."><![CDATA[line 190, col 15, Error - Expected linebreaks to be &apos;LF&apos; but found &apos;CRLF&apos;. (linebreak-style)]]></failure></testcase>
<testcase time="0" name="org.eslint.linebreak-style" classname="C:\work\dyrectorio\web\crux-ui\src\server\crux\node-service"><failure message="Expected linebreaks to be &apos;LF&apos; but found &apos;CRLF&apos;."><![CDATA[line 191, col 25, Error - Expected linebreaks to be &apos;LF&apos; but found &apos;CRLF&apos;. (linebreak-style)]]></failure></testcase>
<testcase time="0" name="org.eslint.linebreak-style" classname="C:\work\dyrectorio\web\crux-ui\src\server\crux\node-service"><failure message="Expected linebreaks to be &apos;LF&apos; but found &apos;CRLF&apos;."><![CDATA[line 192, col 47, Error - Expected linebreaks to be &apos;LF&apos; but found &apos;CRLF&apos;. (linebreak-style)]]></failure></testcase>
<testcase time="0" name="org.eslint.linebreak-style" classname="C:\work\dyrectorio\web\crux-ui\src\server\crux\node-service"><failure message="Expected linebreaks to be &apos;LF&apos; but found &apos;CRLF&apos;."><![CDATA[line 193, col 31, Error - Expected linebreaks to be &apos;LF&apos; but found &apos;CRLF&apos;. (linebreak-style)]]></failure></testcase>
<testcase time="0" name="org.eslint.linebreak-style" classname="C:\work\dyrectorio\web\crux-ui\src\server\crux\node-service"><failure message="Expected linebreaks to be &apos;LF&apos; but found &apos;CRLF&apos;."><![CDATA[line 194, col 29, Error - Expected linebreaks to be &apos;LF&apos; but found &apos;CRLF&apos;. (linebreak-style)]]></failure></testcase>
<testcase time="0" name="org.eslint.semi" classname="C:\work\dyrectorio\web\crux-ui\src\server\crux\node-service"><failure message="Missing semicolon."><![CDATA[line 194, col 29, Error - Missing semicolon. (semi)]]></failure></testcase>
<testcase time="0" name="org.eslint.linebreak-style" classname="C:\work\dyrectorio\web\crux-ui\src\server\crux\node-service"><failure message="Expected linebreaks to be &apos;LF&apos; but found &apos;CRLF&apos;."><![CDATA[line 195, col 6, Error - Expected linebreaks to be &apos;LF&apos; but found &apos;CRLF&apos;. (linebreak-style)]]></failure></testcase>
<testcase time="0" name="org.eslint.semi" classname="C:\work\dyrectorio\web\crux-ui\src\server\crux\node-service"><failure message="Missing semicolon."><![CDATA[line 195, col 6, Error - Missing semicolon. (semi)]]></failure></testcase>
<testcase time="0" name="org.eslint.linebreak-style" classname="C:\work\dyrectorio\web\crux-ui\src\server\crux\node-service"><failure message="Expected linebreaks to be &apos;LF&apos; but found &apos;CRLF&apos;."><![CDATA[line 196, col 1, Error - Expected linebreaks to be &apos;LF&apos; but found &apos;CRLF&apos;. (linebreak-style)]]></failure></testcase>
<testcase time="0" name="org.eslint.linebreak-style" classname="C:\work\dyrectorio\web\crux-ui\src\server\crux\node-service"><failure message="Expected linebreaks to be &apos;LF&apos; but found &apos;CRLF&apos;."><![CDATA[line 197, col 95, Error - Expected linebreaks to be &apos;LF&apos; but found &apos;CRLF&apos;. (linebreak-style)]]></failure></testcase>
<testcase time="0" name="org.eslint.semi" classname="C:\work\dyrectorio\web\crux-ui\src\server\crux\node-service"><failure message="Missing semicolon."><![CDATA[line 197, col 95, Error - Missing semicolon. (semi)]]></failure></testcase>
<testcase time="0" name="org.eslint.linebreak-style" classname="C:\work\dyrectorio\web\crux-ui\src\server\crux\node-service"><failure message="Expected linebreaks to be &apos;LF&apos; but found &apos;CRLF&apos;."><![CDATA[line 198, col 89, Error - Expected linebreaks to be &apos;LF&apos; but found &apos;CRLF&apos;. (linebreak-style)]]></failure></testcase>
<testcase time="0" name="org.eslint.semi" classname="C:\work\dyrectorio\web\crux-ui\src\server\crux\node-service"><failure message="Missing semicolon."><![CDATA[line 198, col 89, Error - Missing semicolon. (semi)]]></failure></testcase>
<testcase time="0" name="org.eslint.linebreak-style" classname="C:\work\dyrectorio\web\crux-ui\src\server\crux\node-service"><failure message="Expected linebreaks to be &apos;LF&apos; but found &apos;CRLF&apos;."><![CDATA[line 199, col 4, Error - Expected linebreaks to be &apos;LF&apos; but found &apos;CRLF&apos;. (linebreak-style)]]></failure></testcase>
<testcase time="0" name="org.eslint.linebreak-style" classname="C:\work\dyrectorio\web\crux-ui\src\server\crux\node-service"><failure message="Expected linebreaks to be &apos;LF&apos; but found &apos;CRLF&apos;."><![CDATA[line 200, col 1, Error - Expected linebreaks to be &apos;LF&apos; but found &apos;CRLF&apos;. (linebreak-style)]]></failure></testcase>
<testcase time="0" name="org.eslint.linebreak-style" classname="C:\work\dyrectorio\web\crux-ui\src\server\crux\node-service"><failure message="Expected linebreaks to be &apos;LF&apos; but found &apos;CRLF&apos;."><![CDATA[line 201, col 23, Error - Expected linebreaks to be &apos;LF&apos; but found &apos;CRLF&apos;. (linebreak-style)]]></failure></testcase>
<testcase time="0" name="org.eslint.linebreak-style" classname="C:\work\dyrectorio\web\crux-ui\src\server\crux\node-service"><failure message="Expected linebreaks to be &apos;LF&apos; but found &apos;CRLF&apos;."><![CDATA[line 202, col 20, Error - Expected linebreaks to be &apos;LF&apos; but found &apos;CRLF&apos;. (linebreak-style)]]></failure></testcase>
<testcase time="0" name="org.eslint.linebreak-style" classname="C:\work\dyrectorio\web\crux-ui\src\server\crux\node-service"><failure message="Expected linebreaks to be &apos;LF&apos; but found &apos;CRLF&apos;."><![CDATA[line 203, col 32, Error - Expected linebreaks to be &apos;LF&apos; but found &apos;CRLF&apos;. (linebreak-style)]]></failure></testcase>
<testcase time="0" name="org.eslint.linebreak-style" classname="C:\work\dyrectorio\web\crux-ui\src\server\crux\node-service"><failure message="Expected linebreaks to be &apos;LF&apos; but found &apos;CRLF&apos;."><![CDATA[line 204, col 61, Error - Expected linebreaks to be &apos;LF&apos; but found &apos;CRLF&apos;. (linebreak-style)]]></failure></testcase>
<testcase time="0" name="org.eslint.linebreak-style" classname="C:\work\dyrectorio\web\crux-ui\src\server\crux\node-service"><failure message="Expected linebreaks to be &apos;LF&apos; but found &apos;CRLF&apos;."><![CDATA[line 205, col 71, Error - Expected linebreaks to be &apos;LF&apos; but found &apos;CRLF&apos;. (linebreak-style)]]></failure></testcase>
<testcase time="0" name="org.eslint.linebreak-style" classname="C:\work\dyrectorio\web\crux-ui\src\server\crux\node-service"><failure message="Expected linebreaks to be &apos;LF&apos; but found &apos;CRLF&apos;."><![CDATA[line 206, col 46, Error - Expected linebreaks to be &apos;LF&apos; but found &apos;CRLF&apos;. (linebreak-style)]]></failure></testcase>
<testcase time="0" name="org.eslint.linebreak-style" classname="C:\work\dyrectorio\web\crux-ui\src\server\crux\node-service"><failure message="Expected linebreaks to be &apos;LF&apos; but found &apos;CRLF&apos;."><![CDATA[line 207, col 14, Error - Expected linebreaks to be &apos;LF&apos; but found &apos;CRLF&apos;. (linebreak-style)]]></failure></testcase>
<testcase time="0" name="org.eslint.linebreak-style" classname="C:\work\dyrectorio\web\crux-ui\src\server\crux\node-service"><failure message="Expected linebreaks to be &apos;LF&apos; but found &apos;CRLF&apos;."><![CDATA[line 208, col 14, Error - Expected linebreaks to be &apos;LF&apos; but found &apos;CRLF&apos;. (linebreak-style)]]></failure></testcase>
<testcase time="0" name="org.eslint.linebreak-style" classname="C:\work\dyrectorio\web\crux-ui\src\server\crux\node-service"><failure message="Expected linebreaks to be &apos;LF&apos; but found &apos;CRLF&apos;."><![CDATA[line 209, col 36, Error - Expected linebreaks to be &apos;LF&apos; but found &apos;CRLF&apos;. (linebreak-style)]]></failure></testcase>
<testcase time="0" name="org.eslint.linebreak-style" classname="C:\work\dyrectorio\web\crux-ui\src\server\crux\node-service"><failure message="Expected linebreaks to be &apos;LF&apos; but found &apos;CRLF&apos;."><![CDATA[line 210, col 6, Error - Expected linebreaks to be &apos;LF&apos; but found &apos;CRLF&apos;. (linebreak-style)]]></failure></testcase>
<testcase time="0" name="org.eslint.semi" classname="C:\work\dyrectorio\web\crux-ui\src\server\crux\node-service"><failure message="Missing semicolon."><![CDATA[line 210, col 6, Error - Missing semicolon. (semi)]]></failure></testcase>
<testcase time="0" name="org.eslint.linebreak-style" classname="C:\work\dyrectorio\web\crux-ui\src\server\crux\node-service"><failure message="Expected linebreaks to be &apos;LF&apos; but found &apos;CRLF&apos;."><![CDATA[line 211, col 1, Error - Expected linebreaks to be &apos;LF&apos; but found &apos;CRLF&apos;. (linebreak-style)]]></failure></testcase>
<testcase time="0" name="org.eslint.arrow-body-style" classname="C:\work\dyrectorio\web\crux-ui\src\server\crux\node-service"><failure message="Unexpected block statement surrounding arrow body; move the returned value immediately after the `=&gt;`."><![CDATA[line 212, col 60, Error - Unexpected block statement surrounding arrow body; move the returned value immediately after the `=&gt;`. (arrow-body-style)]]></failure></testcase>
<testcase time="0" name="org.eslint.linebreak-style" classname="C:\work\dyrectorio\web\crux-ui\src\server\crux\node-service"><failure message="Expected linebreaks to be &apos;LF&apos; but found &apos;CRLF&apos;."><![CDATA[line 212, col 61, Error - Expected linebreaks to be &apos;LF&apos; but found &apos;CRLF&apos;. (linebreak-style)]]></failure></testcase>
<testcase time="0" name="org.eslint.arrow-parens" classname="C:\work\dyrectorio\web\crux-ui\src\server\crux\node-service"><failure message="Expected parentheses around arrow function argument."><![CDATA[line 213, col 28, Error - Expected parentheses around arrow function argument. (arrow-parens)]]></failure></testcase>
<testcase time="0" name="org.eslint.arrow-body-style" classname="C:\work\dyrectorio\web\crux-ui\src\server\crux\node-service"><failure message="Unexpected block statement surrounding arrow body; parenthesize the returned value and move it immediately after the `=&gt;`."><![CDATA[line 213, col 34, Error - Unexpected block statement surrounding arrow body; parenthesize the returned value and move it immediately after the `=&gt;`. (arrow-body-style)]]></failure></testcase>
<testcase time="0" name="org.eslint.linebreak-style" classname="C:\work\dyrectorio\web\crux-ui\src\server\crux\node-service"><failure message="Expected linebreaks to be &apos;LF&apos; but found &apos;CRLF&apos;."><![CDATA[line 213, col 35, Error - Expected linebreaks to be &apos;LF&apos; but found &apos;CRLF&apos;. (linebreak-style)]]></failure></testcase>
<testcase time="0" name="org.eslint.linebreak-style" classname="C:\work\dyrectorio\web\crux-ui\src\server\crux\node-service"><failure message="Expected linebreaks to be &apos;LF&apos; but found &apos;CRLF&apos;."><![CDATA[line 214, col 17, Error - Expected linebreaks to be &apos;LF&apos; but found &apos;CRLF&apos;. (linebreak-style)]]></failure></testcase>
<testcase time="0" name="org.eslint.linebreak-style" classname="C:\work\dyrectorio\web\crux-ui\src\server\crux\node-service"><failure message="Expected linebreaks to be &apos;LF&apos; but found &apos;CRLF&apos;."><![CDATA[line 215, col 30, Error - Expected linebreaks to be &apos;LF&apos; but found &apos;CRLF&apos;. (linebreak-style)]]></failure></testcase>
<testcase time="0" name="org.eslint.linebreak-style" classname="C:\work\dyrectorio\web\crux-ui\src\server\crux\node-service"><failure message="Expected linebreaks to be &apos;LF&apos; but found &apos;CRLF&apos;."><![CDATA[line 216, col 25, Error - Expected linebreaks to be &apos;LF&apos; but found &apos;CRLF&apos;. (linebreak-style)]]></failure></testcase>
<testcase time="0" name="org.eslint.linebreak-style" classname="C:\work\dyrectorio\web\crux-ui\src\server\crux\node-service"><failure message="Expected linebreaks to be &apos;LF&apos; but found &apos;CRLF&apos;."><![CDATA[line 217, col 46, Error - Expected linebreaks to be &apos;LF&apos; but found &apos;CRLF&apos;. (linebreak-style)]]></failure></testcase>
<testcase time="0" name="org.eslint.no-use-before-define" classname="C:\work\dyrectorio\web\crux-ui\src\server\crux\node-service"><failure message="&apos;containerStateToDto&apos; was used before it was defined."><![CDATA[line 218, col 18, Error - &apos;containerStateToDto&apos; was used before it was defined. (no-use-before-define)]]></failure></testcase>
<testcase time="0" name="org.eslint.linebreak-style" classname="C:\work\dyrectorio\web\crux-ui\src\server\crux\node-service"><failure message="Expected linebreaks to be &apos;LF&apos; but found &apos;CRLF&apos;."><![CDATA[line 218, col 48, Error - Expected linebreaks to be &apos;LF&apos; but found &apos;CRLF&apos;. (linebreak-style)]]></failure></testcase>
<testcase time="0" name="org.eslint.linebreak-style" classname="C:\work\dyrectorio\web\crux-ui\src\server\crux\node-service"><failure message="Expected linebreaks to be &apos;LF&apos; but found &apos;CRLF&apos;."><![CDATA[line 219, col 23, Error - Expected linebreaks to be &apos;LF&apos; but found &apos;CRLF&apos;. (linebreak-style)]]></failure></testcase>
<testcase time="0" name="org.eslint.semi" classname="C:\work\dyrectorio\web\crux-ui\src\server\crux\node-service"><failure message="Missing semicolon."><![CDATA[line 219, col 23, Error - Missing semicolon. (semi)]]></failure></testcase>
<testcase time="0" name="org.eslint.linebreak-style" classname="C:\work\dyrectorio\web\crux-ui\src\server\crux\node-service"><failure message="Expected linebreaks to be &apos;LF&apos; but found &apos;CRLF&apos;."><![CDATA[line 220, col 33, Error - Expected linebreaks to be &apos;LF&apos; but found &apos;CRLF&apos;. (linebreak-style)]]></failure></testcase>
<testcase time="0" name="org.eslint.semi" classname="C:\work\dyrectorio\web\crux-ui\src\server\crux\node-service"><failure message="Missing semicolon."><![CDATA[line 220, col 33, Error - Missing semicolon. (semi)]]></failure></testcase>
<testcase time="0" name="org.eslint.linebreak-style" classname="C:\work\dyrectorio\web\crux-ui\src\server\crux\node-service"><failure message="Expected linebreaks to be &apos;LF&apos; but found &apos;CRLF&apos;."><![CDATA[line 221, col 6, Error - Expected linebreaks to be &apos;LF&apos; but found &apos;CRLF&apos;. (linebreak-style)]]></failure></testcase>
<testcase time="0" name="org.eslint.semi" classname="C:\work\dyrectorio\web\crux-ui\src\server\crux\node-service"><failure message="Missing semicolon."><![CDATA[line 221, col 6, Error - Missing semicolon. (semi)]]></failure></testcase>
<testcase time="0" name="org.eslint.linebreak-style" classname="C:\work\dyrectorio\web\crux-ui\src\server\crux\node-service"><failure message="Expected linebreaks to be &apos;LF&apos; but found &apos;CRLF&apos;."><![CDATA[line 222, col 1, Error - Expected linebreaks to be &apos;LF&apos; but found &apos;CRLF&apos;. (linebreak-style)]]></failure></testcase>
<testcase time="0" name="org.eslint.linebreak-style" classname="C:\work\dyrectorio\web\crux-ui\src\server\crux\node-service"><failure message="Expected linebreaks to be &apos;LF&apos; but found &apos;CRLF&apos;."><![CDATA[line 223, col 99, Error - Expected linebreaks to be &apos;LF&apos; but found &apos;CRLF&apos;. (linebreak-style)]]></failure></testcase>
<testcase time="0" name="org.eslint.semi" classname="C:\work\dyrectorio\web\crux-ui\src\server\crux\node-service"><failure message="Missing semicolon."><![CDATA[line 223, col 99, Error - Missing semicolon. (semi)]]></failure></testcase>
<testcase time="0" name="org.eslint.linebreak-style" classname="C:\work\dyrectorio\web\crux-ui\src\server\crux\node-service"><failure message="Expected linebreaks to be &apos;LF&apos; but found &apos;CRLF&apos;."><![CDATA[line 224, col 99, Error - Expected linebreaks to be &apos;LF&apos; but found &apos;CRLF&apos;. (linebreak-style)]]></failure></testcase>
<testcase time="0" name="org.eslint.semi" classname="C:\work\dyrectorio\web\crux-ui\src\server\crux\node-service"><failure message="Missing semicolon."><![CDATA[line 224, col 99, Error - Missing semicolon. (semi)]]></failure></testcase>
<testcase time="0" name="org.eslint.linebreak-style" classname="C:\work\dyrectorio\web\crux-ui\src\server\crux\node-service"><failure message="Expected linebreaks to be &apos;LF&apos; but found &apos;CRLF&apos;."><![CDATA[line 225, col 4, Error - Expected linebreaks to be &apos;LF&apos; but found &apos;CRLF&apos;. (linebreak-style)]]></failure></testcase>
<testcase time="0" name="org.eslint.linebreak-style" classname="C:\work\dyrectorio\web\crux-ui\src\server\crux\node-service"><failure message="Expected linebreaks to be &apos;LF&apos; but found &apos;CRLF&apos;."><![CDATA[line 226, col 1, Error - Expected linebreaks to be &apos;LF&apos; but found &apos;CRLF&apos;. (linebreak-style)]]></failure></testcase>
<testcase time="0" name="org.eslint.class-methods-use-this" classname="C:\work\dyrectorio\web\crux-ui\src\server\crux\node-service"><failure message="Expected &apos;this&apos; to be used by class method &apos;statusToDto&apos;."><![CDATA[line 227, col 3, Error - Expected &apos;this&apos; to be used by class method &apos;statusToDto&apos;. (class-methods-use-this)]]></failure></testcase>
<testcase time="0" name="org.eslint.linebreak-style" classname="C:\work\dyrectorio\web\crux-ui\src\server\crux\node-service"><failure message="Expected linebreaks to be &apos;LF&apos; but found &apos;CRLF&apos;."><![CDATA[line 227, col 58, Error - Expected linebreaks to be &apos;LF&apos; but found &apos;CRLF&apos;. (linebreak-style)]]></failure></testcase>
<testcase time="0" name="org.eslint.linebreak-style" classname="C:\work\dyrectorio\web\crux-ui\src\server\crux\node-service"><failure message="Expected linebreaks to be &apos;LF&apos; but found &apos;CRLF&apos;."><![CDATA[line 228, col 22, Error - Expected linebreaks to be &apos;LF&apos; but found &apos;CRLF&apos;. (linebreak-style)]]></failure></testcase>
<testcase time="0" name="org.eslint.linebreak-style" classname="C:\work\dyrectorio\web\crux-ui\src\server\crux\node-service"><failure message="Expected linebreaks to be &apos;LF&apos; but found &apos;CRLF&apos;."><![CDATA[line 229, col 43, Error - Expected linebreaks to be &apos;LF&apos; but found &apos;CRLF&apos;. (linebreak-style)]]></failure></testcase>
<testcase time="0" name="org.eslint.linebreak-style" classname="C:\work\dyrectorio\web\crux-ui\src\server\crux\node-service"><failure message="Expected linebreaks to be &apos;LF&apos; but found &apos;CRLF&apos;."><![CDATA[line 230, col 25, Error - Expected linebreaks to be &apos;LF&apos; but found &apos;CRLF&apos;. (linebreak-style)]]></failure></testcase>
<testcase time="0" name="org.eslint.semi" classname="C:\work\dyrectorio\web\crux-ui\src\server\crux\node-service"><failure message="Missing semicolon."><![CDATA[line 230, col 25, Error - Missing semicolon. (semi)]]></failure></testcase>
<testcase time="0" name="org.eslint.linebreak-style" classname="C:\work\dyrectorio\web\crux-ui\src\server\crux\node-service"><failure message="Expected linebreaks to be &apos;LF&apos; but found &apos;CRLF&apos;."><![CDATA[line 231, col 45, Error - Expected linebreaks to be &apos;LF&apos; but found &apos;CRLF&apos;. (linebreak-style)]]></failure></testcase>
<testcase time="0" name="org.eslint.linebreak-style" classname="C:\work\dyrectorio\web\crux-ui\src\server\crux\node-service"><failure message="Expected linebreaks to be &apos;LF&apos; but found &apos;CRLF&apos;."><![CDATA[line 232, col 29, Error - Expected linebreaks to be &apos;LF&apos; but found &apos;CRLF&apos;. (linebreak-style)]]></failure></testcase>
<testcase time="0" name="org.eslint.semi" classname="C:\work\dyrectorio\web\crux-ui\src\server\crux\node-service"><failure message="Missing semicolon."><![CDATA[line 232, col 29, Error - Missing semicolon. (semi)]]></failure></testcase>
<testcase time="0" name="org.eslint.linebreak-style" classname="C:\work\dyrectorio\web\crux-ui\src\server\crux\node-service"><failure message="Expected linebreaks to be &apos;LF&apos; but found &apos;CRLF&apos;."><![CDATA[line 233, col 15, Error - Expected linebreaks to be &apos;LF&apos; but found &apos;CRLF&apos;. (linebreak-style)]]></failure></testcase>
<testcase time="0" name="org.eslint.linebreak-style" classname="C:\work\dyrectorio\web\crux-ui\src\server\crux\node-service"><failure message="Expected linebreaks to be &apos;LF&apos; but found &apos;CRLF&apos;."><![CDATA[line 234, col 29, Error - Expected linebreaks to be &apos;LF&apos; but found &apos;CRLF&apos;. (linebreak-style)]]></failure></testcase>
<testcase time="0" name="org.eslint.semi" classname="C:\work\dyrectorio\web\crux-ui\src\server\crux\node-service"><failure message="Missing semicolon."><![CDATA[line 234, col 29, Error - Missing semicolon. (semi)]]></failure></testcase>
<testcase time="0" name="org.eslint.linebreak-style" classname="C:\work\dyrectorio\web\crux-ui\src\server\crux\node-service"><failure message="Expected linebreaks to be &apos;LF&apos; but found &apos;CRLF&apos;."><![CDATA[line 235, col 6, Error - Expected linebreaks to be &apos;LF&apos; but found &apos;CRLF&apos;. (linebreak-style)]]></failure></testcase>
<testcase time="0" name="org.eslint.linebreak-style" classname="C:\work\dyrectorio\web\crux-ui\src\server\crux\node-service"><failure message="Expected linebreaks to be &apos;LF&apos; but found &apos;CRLF&apos;."><![CDATA[line 236, col 4, Error - Expected linebreaks to be &apos;LF&apos; but found &apos;CRLF&apos;. (linebreak-style)]]></failure></testcase>
<testcase time="0" name="org.eslint.linebreak-style" classname="C:\work\dyrectorio\web\crux-ui\src\server\crux\node-service"><failure message="Expected linebreaks to be &apos;LF&apos; but found &apos;CRLF&apos;."><![CDATA[line 237, col 2, Error - Expected linebreaks to be &apos;LF&apos; but found &apos;CRLF&apos;. (linebreak-style)]]></failure></testcase>
<testcase time="0" name="org.eslint.linebreak-style" classname="C:\work\dyrectorio\web\crux-ui\src\server\crux\node-service"><failure message="Expected linebreaks to be &apos;LF&apos; but found &apos;CRLF&apos;."><![CDATA[line 238, col 1, Error - Expected linebreaks to be &apos;LF&apos; but found &apos;CRLF&apos;. (linebreak-style)]]></failure></testcase>
<testcase time="0" name="org.eslint.linebreak-style" classname="C:\work\dyrectorio\web\crux-ui\src\server\crux\node-service"><failure message="Expected linebreaks to be &apos;LF&apos; but found &apos;CRLF&apos;."><![CDATA[line 239, col 30, Error - Expected linebreaks to be &apos;LF&apos; but found &apos;CRLF&apos;. (linebreak-style)]]></failure></testcase>
<testcase time="0" name="org.eslint.semi" classname="C:\work\dyrectorio\web\crux-ui\src\server\crux\node-service"><failure message="Missing semicolon."><![CDATA[line 239, col 30, Error - Missing semicolon. (semi)]]></failure></testcase>
<testcase time="0" name="org.eslint.linebreak-style" classname="C:\work\dyrectorio\web\crux-ui\src\server\crux\node-service"><failure message="Expected linebreaks to be &apos;LF&apos; but found &apos;CRLF&apos;."><![CDATA[line 240, col 1, Error - Expected linebreaks to be &apos;LF&apos; but found &apos;CRLF&apos;. (linebreak-style)]]></failure></testcase>
<testcase time="0" name="org.eslint.linebreak-style" classname="C:\work\dyrectorio\web\crux-ui\src\server\crux\node-service"><failure message="Expected linebreaks to be &apos;LF&apos; but found &apos;CRLF&apos;."><![CDATA[line 241, col 83, Error - Expected linebreaks to be &apos;LF&apos; but found &apos;CRLF&apos;. (linebreak-style)]]></failure></testcase>
<testcase time="0" name="org.eslint.implicit-arrow-linebreak" classname="C:\work\dyrectorio\web\crux-ui\src\server\crux\node-service"><failure message="Expected no linebreak before this expression."><![CDATA[line 242, col 3, Error - Expected no linebreak before this expression. (implicit-arrow-linebreak)]]></failure></testcase>
<testcase time="0" name="org.eslint.linebreak-style" classname="C:\work\dyrectorio\web\crux-ui\src\server\crux\node-service"><failure message="Expected linebreaks to be &apos;LF&apos; but found &apos;CRLF&apos;."><![CDATA[line 242, col 68, Error - Expected linebreaks to be &apos;LF&apos; but found &apos;CRLF&apos;. (linebreak-style)]]></failure></testcase>
<testcase time="0" name="org.eslint.semi" classname="C:\work\dyrectorio\web\crux-ui\src\server\crux\node-service"><failure message="Missing semicolon."><![CDATA[line 242, col 68, Error - Missing semicolon. (semi)]]></failure></testcase>
<testcase time="0" name="org.eslint.linebreak-style" classname="C:\work\dyrectorio\web\crux-ui\src\server\crux\node-service"><failure message="Expected linebreaks to be &apos;LF&apos; but found &apos;CRLF&apos;."><![CDATA[line 243, col 1, Error - Expected linebreaks to be &apos;LF&apos; but found &apos;CRLF&apos;. (linebreak-style)]]></failure></testcase>
<testcase time="0" name="org.eslint.arrow-body-style" classname="C:\work\dyrectorio\web\crux-ui\src\server\crux\node-service"><failure message="Unexpected block statement surrounding arrow body; move the returned value immediately after the `=&gt;`."><![CDATA[line 244, col 67, Error - Unexpected block statement surrounding arrow body; move the returned value immediately after the `=&gt;`. (arrow-body-style)]]></failure></testcase>
<testcase time="0" name="org.eslint.linebreak-style" classname="C:\work\dyrectorio\web\crux-ui\src\server\crux\node-service"><failure message="Expected linebreaks to be &apos;LF&apos; but found &apos;CRLF&apos;."><![CDATA[line 244, col 68, Error - Expected linebreaks to be &apos;LF&apos; but found &apos;CRLF&apos;. (linebreak-style)]]></failure></testcase>
<testcase time="0" name="org.eslint.linebreak-style" classname="C:\work\dyrectorio\web\crux-ui\src\server\crux\node-service"><failure message="Expected linebreaks to be &apos;LF&apos; but found &apos;CRLF&apos;."><![CDATA[line 245, col 79, Error - Expected linebreaks to be &apos;LF&apos; but found &apos;CRLF&apos;. (linebreak-style)]]></failure></testcase>
<testcase time="0" name="org.eslint.semi" classname="C:\work\dyrectorio\web\crux-ui\src\server\crux\node-service"><failure message="Missing semicolon."><![CDATA[line 245, col 79, Error - Missing semicolon. (semi)]]></failure></testcase>
<testcase time="0" name="org.eslint.linebreak-style" classname="C:\work\dyrectorio\web\crux-ui\src\server\crux\node-service"><failure message="Expected linebreaks to be &apos;LF&apos; but found &apos;CRLF&apos;."><![CDATA[line 246, col 2, Error - Expected linebreaks to be &apos;LF&apos; but found &apos;CRLF&apos;. (linebreak-style)]]></failure></testcase>
<testcase time="0" name="org.eslint.semi" classname="C:\work\dyrectorio\web\crux-ui\src\server\crux\node-service"><failure message="Missing semicolon."><![CDATA[line 246, col 2, Error - Missing semicolon. (semi)]]></failure></testcase>
<testcase time="0" name="org.eslint.arrow-body-style" classname="C:\work\dyrectorio\web\crux-ui\src\server\crux\node-service"><failure message="Unexpected block statement surrounding arrow body; move the returned value immediately after the `=&gt;`."><![CDATA[line 247, col 67, Error - Unexpected block statement surrounding arrow body; move the returned value immediately after the `=&gt;`. (arrow-body-style)]]></failure></testcase>
<testcase time="0" name="org.eslint.linebreak-style" classname="C:\work\dyrectorio\web\crux-ui\src\server\crux\node-service"><failure message="Expected linebreaks to be &apos;LF&apos; but found &apos;CRLF&apos;."><![CDATA[line 247, col 68, Error - Expected linebreaks to be &apos;LF&apos; but found &apos;CRLF&apos;. (linebreak-style)]]></failure></testcase>
<testcase time="0" name="org.eslint.linebreak-style" classname="C:\work\dyrectorio\web\crux-ui\src\server\crux\node-service"><failure message="Expected linebreaks to be &apos;LF&apos; but found &apos;CRLF&apos;."><![CDATA[line 248, col 82, Error - Expected linebreaks to be &apos;LF&apos; but found &apos;CRLF&apos;. (linebreak-style)]]></failure></testcase>
<testcase time="0" name="org.eslint.semi" classname="C:\work\dyrectorio\web\crux-ui\src\server\crux\node-service"><failure message="Missing semicolon."><![CDATA[line 248, col 82, Error - Missing semicolon. (semi)]]></failure></testcase>
<testcase time="0" name="org.eslint.linebreak-style" classname="C:\work\dyrectorio\web\crux-ui\src\server\crux\node-service"><failure message="Expected linebreaks to be &apos;LF&apos; but found &apos;CRLF&apos;."><![CDATA[line 249, col 2, Error - Expected linebreaks to be &apos;LF&apos; but found &apos;CRLF&apos;. (linebreak-style)]]></failure></testcase>
<testcase time="0" name="org.eslint.semi" classname="C:\work\dyrectorio\web\crux-ui\src\server\crux\node-service"><failure message="Missing semicolon."><![CDATA[line 249, col 2, Error - Missing semicolon. (semi)]]></failure></testcase>
</testsuite>
<testsuite package="org.eslint" time="0" tests="165" errors="165" name="C:\work\dyrectorio\web\crux-ui\src\server\crux\notification-service.ts">
<testcase time="0" name="org.eslint.object-curly-newline" classname="C:\work\dyrectorio\web\crux-ui\src\server\crux\notification-service"><failure message="Expected a line break after this opening brace."><![CDATA[line 1, col 8, Error - Expected a line break after this opening brace. (object-curly-newline)]]></failure></testcase>
<testcase time="0" name="org.eslint.object-curly-newline" classname="C:\work\dyrectorio\web\crux-ui\src\server\crux\notification-service"><failure message="Expected a line break before this closing brace."><![CDATA[line 1, col 88, Error - Expected a line break before this closing brace. (object-curly-newline)]]></failure></testcase>
<testcase time="0" name="org.eslint.linebreak-style" classname="C:\work\dyrectorio\web\crux-ui\src\server\crux\notification-service"><failure message="Expected linebreaks to be &apos;LF&apos; but found &apos;CRLF&apos;."><![CDATA[line 1, col 108, Error - Expected linebreaks to be &apos;LF&apos; but found &apos;CRLF&apos;. (linebreak-style)]]></failure></testcase>
<testcase time="0" name="org.eslint.semi" classname="C:\work\dyrectorio\web\crux-ui\src\server\crux\notification-service"><failure message="Missing semicolon."><![CDATA[line 1, col 108, Error - Missing semicolon. (semi)]]></failure></testcase>
<testcase time="0" name="org.eslint.linebreak-style" classname="C:\work\dyrectorio\web\crux-ui\src\server\crux\notification-service"><failure message="Expected linebreaks to be &apos;LF&apos; but found &apos;CRLF&apos;."><![CDATA[line 2, col 9, Error - Expected linebreaks to be &apos;LF&apos; but found &apos;CRLF&apos;. (linebreak-style)]]></failure></testcase>
<testcase time="0" name="org.eslint.linebreak-style" classname="C:\work\dyrectorio\web\crux-ui\src\server\crux\notification-service"><failure message="Expected linebreaks to be &apos;LF&apos; but found &apos;CRLF&apos;."><![CDATA[line 3, col 17, Error - Expected linebreaks to be &apos;LF&apos; but found &apos;CRLF&apos;. (linebreak-style)]]></failure></testcase>
<testcase time="0" name="org.eslint.linebreak-style" classname="C:\work\dyrectorio\web\crux-ui\src\server\crux\notification-service"><failure message="Expected linebreaks to be &apos;LF&apos; but found &apos;CRLF&apos;."><![CDATA[line 4, col 29, Error - Expected linebreaks to be &apos;LF&apos; but found &apos;CRLF&apos;. (linebreak-style)]]></failure></testcase>
<testcase time="0" name="org.eslint.linebreak-style" classname="C:\work\dyrectorio\web\crux-ui\src\server\crux\notification-service"><failure message="Expected linebreaks to be &apos;LF&apos; but found &apos;CRLF&apos;."><![CDATA[line 5, col 30, Error - Expected linebreaks to be &apos;LF&apos; but found &apos;CRLF&apos;. (linebreak-style)]]></failure></testcase>
<testcase time="0" name="org.eslint.linebreak-style" classname="C:\work\dyrectorio\web\crux-ui\src\server\crux\notification-service"><failure message="Expected linebreaks to be &apos;LF&apos; but found &apos;CRLF&apos;."><![CDATA[line 6, col 26, Error - Expected linebreaks to be &apos;LF&apos; but found &apos;CRLF&apos;. (linebreak-style)]]></failure></testcase>
<testcase time="0" name="org.eslint.linebreak-style" classname="C:\work\dyrectorio\web\crux-ui\src\server\crux\notification-service"><failure message="Expected linebreaks to be &apos;LF&apos; but found &apos;CRLF&apos;."><![CDATA[line 7, col 9, Error - Expected linebreaks to be &apos;LF&apos; but found &apos;CRLF&apos;. (linebreak-style)]]></failure></testcase>
<testcase time="0" name="org.eslint.linebreak-style" classname="C:\work\dyrectorio\web\crux-ui\src\server\crux\notification-service"><failure message="Expected linebreaks to be &apos;LF&apos; but found &apos;CRLF&apos;."><![CDATA[line 8, col 13, Error - Expected linebreaks to be &apos;LF&apos; but found &apos;CRLF&apos;. (linebreak-style)]]></failure></testcase>
<testcase time="0" name="org.eslint.linebreak-style" classname="C:\work\dyrectorio\web\crux-ui\src\server\crux\notification-service"><failure message="Expected linebreaks to be &apos;LF&apos; but found &apos;CRLF&apos;."><![CDATA[line 9, col 31, Error - Expected linebreaks to be &apos;LF&apos; but found &apos;CRLF&apos;. (linebreak-style)]]></failure></testcase>
<testcase time="0" name="org.eslint.linebreak-style" classname="C:\work\dyrectorio\web\crux-ui\src\server\crux\notification-service"><failure message="Expected linebreaks to be &apos;LF&apos; but found &apos;CRLF&apos;."><![CDATA[line 10, col 28, Error - Expected linebreaks to be &apos;LF&apos; but found &apos;CRLF&apos;. (linebreak-style)]]></failure></testcase>
<testcase time="0" name="org.eslint.linebreak-style" classname="C:\work\dyrectorio\web\crux-ui\src\server\crux\notification-service"><failure message="Expected linebreaks to be &apos;LF&apos; but found &apos;CRLF&apos;."><![CDATA[line 11, col 45, Error - Expected linebreaks to be &apos;LF&apos; but found &apos;CRLF&apos;. (linebreak-style)]]></failure></testcase>
<testcase time="0" name="org.eslint.linebreak-style" classname="C:\work\dyrectorio\web\crux-ui\src\server\crux\notification-service"><failure message="Expected linebreaks to be &apos;LF&apos; but found &apos;CRLF&apos;."><![CDATA[line 12, col 28, Error - Expected linebreaks to be &apos;LF&apos; but found &apos;CRLF&apos;. (linebreak-style)]]></failure></testcase>
<testcase time="0" name="org.eslint.linebreak-style" classname="C:\work\dyrectorio\web\crux-ui\src\server\crux\notification-service"><failure message="Expected linebreaks to be &apos;LF&apos; but found &apos;CRLF&apos;."><![CDATA[line 13, col 26, Error - Expected linebreaks to be &apos;LF&apos; but found &apos;CRLF&apos;. (linebreak-style)]]></failure></testcase>
<testcase time="0" name="org.eslint.linebreak-style" classname="C:\work\dyrectorio\web\crux-ui\src\server\crux\notification-service"><failure message="Expected linebreaks to be &apos;LF&apos; but found &apos;CRLF&apos;."><![CDATA[line 14, col 24, Error - Expected linebreaks to be &apos;LF&apos; but found &apos;CRLF&apos;. (linebreak-style)]]></failure></testcase>
<testcase time="0" name="org.eslint.linebreak-style" classname="C:\work\dyrectorio\web\crux-ui\src\server\crux\notification-service"><failure message="Expected linebreaks to be &apos;LF&apos; but found &apos;CRLF&apos;."><![CDATA[line 15, col 29, Error - Expected linebreaks to be &apos;LF&apos; but found &apos;CRLF&apos;. (linebreak-style)]]></failure></testcase>
<testcase time="0" name="org.eslint.linebreak-style" classname="C:\work\dyrectorio\web\crux-ui\src\server\crux\notification-service"><failure message="Expected linebreaks to be &apos;LF&apos; but found &apos;CRLF&apos;."><![CDATA[line 16, col 46, Error - Expected linebreaks to be &apos;LF&apos; but found &apos;CRLF&apos;. (linebreak-style)]]></failure></testcase>
<testcase time="0" name="org.eslint.semi" classname="C:\work\dyrectorio\web\crux-ui\src\server\crux\notification-service"><failure message="Missing semicolon."><![CDATA[line 16, col 46, Error - Missing semicolon. (semi)]]></failure></testcase>
<testcase time="0" name="org.eslint.linebreak-style" classname="C:\work\dyrectorio\web\crux-ui\src\server\crux\notification-service"><failure message="Expected linebreaks to be &apos;LF&apos; but found &apos;CRLF&apos;."><![CDATA[line 17, col 44, Error - Expected linebreaks to be &apos;LF&apos; but found &apos;CRLF&apos;. (linebreak-style)]]></failure></testcase>
<testcase time="0" name="org.eslint.semi" classname="C:\work\dyrectorio\web\crux-ui\src\server\crux\notification-service"><failure message="Missing semicolon."><![CDATA[line 17, col 44, Error - Missing semicolon. (semi)]]></failure></testcase>
<testcase time="0" name="org.eslint.linebreak-style" classname="C:\work\dyrectorio\web\crux-ui\src\server\crux\notification-service"><failure message="Expected linebreaks to be &apos;LF&apos; but found &apos;CRLF&apos;."><![CDATA[line 18, col 46, Error - Expected linebreaks to be &apos;LF&apos; but found &apos;CRLF&apos;. (linebreak-style)]]></failure></testcase>
<testcase time="0" name="org.eslint.semi" classname="C:\work\dyrectorio\web\crux-ui\src\server\crux\notification-service"><failure message="Missing semicolon."><![CDATA[line 18, col 46, Error - Missing semicolon. (semi)]]></failure></testcase>
<testcase time="0" name="org.eslint.import/extensions" classname="C:\work\dyrectorio\web\crux-ui\src\server\crux\notification-service"><failure message="Missing file extension &quot;ts&quot; for &quot;./grpc-connection&quot;"><![CDATA[line 19, col 29, Error - Missing file extension &quot;ts&quot; for &quot;./grpc-connection&quot; (import/extensions)]]></failure></testcase>
<testcase time="0" name="org.eslint.linebreak-style" classname="C:\work\dyrectorio\web\crux-ui\src\server\crux\notification-service"><failure message="Expected linebreaks to be &apos;LF&apos; but found &apos;CRLF&apos;."><![CDATA[line 19, col 48, Error - Expected linebreaks to be &apos;LF&apos; but found &apos;CRLF&apos;. (linebreak-style)]]></failure></testcase>
<testcase time="0" name="org.eslint.semi" classname="C:\work\dyrectorio\web\crux-ui\src\server\crux\notification-service"><failure message="Missing semicolon."><![CDATA[line 19, col 48, Error - Missing semicolon. (semi)]]></failure></testcase>
<testcase time="0" name="org.eslint.linebreak-style" classname="C:\work\dyrectorio\web\crux-ui\src\server\crux\notification-service"><failure message="Expected linebreaks to be &apos;LF&apos; but found &apos;CRLF&apos;."><![CDATA[line 20, col 1, Error - Expected linebreaks to be &apos;LF&apos; but found &apos;CRLF&apos;. (linebreak-style)]]></failure></testcase>
<testcase time="0" name="org.eslint.linebreak-style" classname="C:\work\dyrectorio\web\crux-ui\src\server\crux\notification-service"><failure message="Expected linebreaks to be &apos;LF&apos; but found &apos;CRLF&apos;."><![CDATA[line 21, col 30, Error - Expected linebreaks to be &apos;LF&apos; but found &apos;CRLF&apos;. (linebreak-style)]]></failure></testcase>
<testcase time="0" name="org.eslint.no-useless-constructor" classname="C:\work\dyrectorio\web\crux-ui\src\server\crux\notification-service"><failure message="Useless constructor."><![CDATA[line 22, col 3, Error - Useless constructor. (no-useless-constructor)]]></failure></testcase>
<testcase time="0" name="org.eslint.no-empty-function" classname="C:\work\dyrectorio\web\crux-ui\src\server\crux\notification-service"><failure message="Unexpected empty constructor."><![CDATA[line 22, col 83, Error - Unexpected empty constructor. (no-empty-function)]]></failure></testcase>
<testcase time="0" name="org.eslint.linebreak-style" classname="C:\work\dyrectorio\web\crux-ui\src\server\crux\notification-service"><failure message="Expected linebreaks to be &apos;LF&apos; but found &apos;CRLF&apos;."><![CDATA[line 22, col 85, Error - Expected linebreaks to be &apos;LF&apos; but found &apos;CRLF&apos;. (linebreak-style)]]></failure></testcase>
<testcase time="0" name="org.eslint.linebreak-style" classname="C:\work\dyrectorio\web\crux-ui\src\server\crux\notification-service"><failure message="Expected linebreaks to be &apos;LF&apos; but found &apos;CRLF&apos;."><![CDATA[line 23, col 1, Error - Expected linebreaks to be &apos;LF&apos; but found &apos;CRLF&apos;. (linebreak-style)]]></failure></testcase>
<testcase time="0" name="org.eslint.linebreak-style" classname="C:\work\dyrectorio\web\crux-ui\src\server\crux\notification-service"><failure message="Expected linebreaks to be &apos;LF&apos; but found &apos;CRLF&apos;."><![CDATA[line 24, col 51, Error - Expected linebreaks to be &apos;LF&apos; but found &apos;CRLF&apos;. (linebreak-style)]]></failure></testcase>
<testcase time="0" name="org.eslint.linebreak-style" classname="C:\work\dyrectorio\web\crux-ui\src\server\crux\notification-service"><failure message="Expected linebreaks to be &apos;LF&apos; but found &apos;CRLF&apos;."><![CDATA[line 25, col 33, Error - Expected linebreaks to be &apos;LF&apos; but found &apos;CRLF&apos;. (linebreak-style)]]></failure></testcase>
<testcase time="0" name="org.eslint.linebreak-style" classname="C:\work\dyrectorio\web\crux-ui\src\server\crux\notification-service"><failure message="Expected linebreaks to be &apos;LF&apos; but found &apos;CRLF&apos;."><![CDATA[line 26, col 36, Error - Expected linebreaks to be &apos;LF&apos; but found &apos;CRLF&apos;. (linebreak-style)]]></failure></testcase>
<testcase time="0" name="org.eslint.linebreak-style" classname="C:\work\dyrectorio\web\crux-ui\src\server\crux\notification-service"><failure message="Expected linebreaks to be &apos;LF&apos; but found &apos;CRLF&apos;."><![CDATA[line 27, col 6, Error - Expected linebreaks to be &apos;LF&apos; but found &apos;CRLF&apos;. (linebreak-style)]]></failure></testcase>
<testcase time="0" name="org.eslint.semi" classname="C:\work\dyrectorio\web\crux-ui\src\server\crux\notification-service"><failure message="Missing semicolon."><![CDATA[line 27, col 6, Error - Missing semicolon. (semi)]]></failure></testcase>
<testcase time="0" name="org.eslint.linebreak-style" classname="C:\work\dyrectorio\web\crux-ui\src\server\crux\notification-service"><failure message="Expected linebreaks to be &apos;LF&apos; but found &apos;CRLF&apos;."><![CDATA[line 28, col 1, Error - Expected linebreaks to be &apos;LF&apos; but found &apos;CRLF&apos;. (linebreak-style)]]></failure></testcase>
<testcase time="0" name="org.eslint.linebreak-style" classname="C:\work\dyrectorio\web\crux-ui\src\server\crux\notification-service"><failure message="Expected linebreaks to be &apos;LF&apos; but found &apos;CRLF&apos;."><![CDATA[line 29, col 76, Error - Expected linebreaks to be &apos;LF&apos; but found &apos;CRLF&apos;. (linebreak-style)]]></failure></testcase>
<testcase time="0" name="org.eslint.linebreak-style" classname="C:\work\dyrectorio\web\crux-ui\src\server\crux\notification-service"><failure message="Expected linebreaks to be &apos;LF&apos; but found &apos;CRLF&apos;."><![CDATA[line 30, col 19, Error - Expected linebreaks to be &apos;LF&apos; but found &apos;CRLF&apos;. (linebreak-style)]]></failure></testcase>
<testcase time="0" name="org.eslint.linebreak-style" classname="C:\work\dyrectorio\web\crux-ui\src\server\crux\notification-service"><failure message="Expected linebreaks to be &apos;LF&apos; but found &apos;CRLF&apos;."><![CDATA[line 31, col 39, Error - Expected linebreaks to be &apos;LF&apos; but found &apos;CRLF&apos;. (linebreak-style)]]></failure></testcase>
<testcase time="0" name="org.eslint.linebreak-style" classname="C:\work\dyrectorio\web\crux-ui\src\server\crux\notification-service"><failure message="Expected linebreaks to be &apos;LF&apos; but found &apos;CRLF&apos;."><![CDATA[line 32, col 26, Error - Expected linebreaks to be &apos;LF&apos; but found &apos;CRLF&apos;. (linebreak-style)]]></failure></testcase>
<testcase time="0" name="org.eslint.semi" classname="C:\work\dyrectorio\web\crux-ui\src\server\crux\notification-service"><failure message="Missing semicolon."><![CDATA[line 32, col 26, Error - Missing semicolon. (semi)]]></failure></testcase>
<testcase time="0" name="org.eslint.linebreak-style" classname="C:\work\dyrectorio\web\crux-ui\src\server\crux\notification-service"><failure message="Expected linebreaks to be &apos;LF&apos; but found &apos;CRLF&apos;."><![CDATA[line 33, col 1, Error - Expected linebreaks to be &apos;LF&apos; but found &apos;CRLF&apos;. (linebreak-style)]]></failure></testcase>
<testcase time="0" name="org.eslint.arrow-parens" classname="C:\work\dyrectorio\web\crux-ui\src\server\crux\notification-service"><failure message="Expected parentheses around arrow function argument."><![CDATA[line 34, col 25, Error - Expected parentheses around arrow function argument. (arrow-parens)]]></failure></testcase>
<testcase time="0" name="org.eslint.arrow-body-style" classname="C:\work\dyrectorio\web\crux-ui\src\server\crux\notification-service"><failure message="Unexpected block statement surrounding arrow body; parenthesize the returned value and move it immediately after the `=&gt;`."><![CDATA[line 34, col 31, Error - Unexpected block statement surrounding arrow body; parenthesize the returned value and move it immediately after the `=&gt;`. (arrow-body-style)]]></failure></testcase>
<testcase time="0" name="org.eslint.linebreak-style" classname="C:\work\dyrectorio\web\crux-ui\src\server\crux\notification-service"><failure message="Expected linebreaks to be &apos;LF&apos; but found &apos;CRLF&apos;."><![CDATA[line 34, col 32, Error - Expected linebreaks to be &apos;LF&apos; but found &apos;CRLF&apos;. (linebreak-style)]]></failure></testcase>
<testcase time="0" name="org.eslint.linebreak-style" classname="C:\work\dyrectorio\web\crux-ui\src\server\crux\notification-service"><failure message="Expected linebreaks to be &apos;LF&apos; but found &apos;CRLF&apos;."><![CDATA[line 35, col 15, Error - Expected linebreaks to be &apos;LF&apos; but found &apos;CRLF&apos;. (linebreak-style)]]></failure></testcase>
<testcase time="0" name="org.eslint.linebreak-style" classname="C:\work\dyrectorio\web\crux-ui\src\server\crux\notification-service"><failure message="Expected linebreaks to be &apos;LF&apos; but found &apos;CRLF&apos;."><![CDATA[line 36, col 15, Error - Expected linebreaks to be &apos;LF&apos; but found &apos;CRLF&apos;. (linebreak-style)]]></failure></testcase>
<testcase time="0" name="org.eslint.no-use-before-define" classname="C:\work\dyrectorio\web\crux-ui\src\server\crux\notification-service"><failure message="&apos;notificationTypeToDto&apos; was used before it was defined."><![CDATA[line 37, col 15, Error - &apos;notificationTypeToDto&apos; was used before it was defined. (no-use-before-define)]]></failure></testcase>
<testcase time="0" name="org.eslint.linebreak-style" classname="C:\work\dyrectorio\web\crux-ui\src\server\crux\notification-service"><failure message="Expected linebreaks to be &apos;LF&apos; but found &apos;CRLF&apos;."><![CDATA[line 37, col 46, Error - Expected linebreaks to be &apos;LF&apos; but found &apos;CRLF&apos;. (linebreak-style)]]></failure></testcase>
<testcase time="0" name="org.eslint.linebreak-style" classname="C:\work\dyrectorio\web\crux-ui\src\server\crux\notification-service"><failure message="Expected linebreaks to be &apos;LF&apos; but found &apos;CRLF&apos;."><![CDATA[line 38, col 37, Error - Expected linebreaks to be &apos;LF&apos; but found &apos;CRLF&apos;. (linebreak-style)]]></failure></testcase>
<testcase time="0" name="org.eslint.linebreak-style" classname="C:\work\dyrectorio\web\crux-ui\src\server\crux\notification-service"><failure message="Expected linebreaks to be &apos;LF&apos; but found &apos;CRLF&apos;."><![CDATA[line 39, col 8, Error - Expected linebreaks to be &apos;LF&apos; but found &apos;CRLF&apos;. (linebreak-style)]]></failure></testcase>
<testcase time="0" name="org.eslint.semi" classname="C:\work\dyrectorio\web\crux-ui\src\server\crux\notification-service"><failure message="Missing semicolon."><![CDATA[line 39, col 8, Error - Missing semicolon. (semi)]]></failure></testcase>
<testcase time="0" name="org.eslint.linebreak-style" classname="C:\work\dyrectorio\web\crux-ui\src\server\crux\notification-service"><failure message="Expected linebreaks to be &apos;LF&apos; but found &apos;CRLF&apos;."><![CDATA[line 40, col 7, Error - Expected linebreaks to be &apos;LF&apos; but found &apos;CRLF&apos;. (linebreak-style)]]></failure></testcase>
<testcase time="0" name="org.eslint.semi" classname="C:\work\dyrectorio\web\crux-ui\src\server\crux\notification-service"><failure message="Missing semicolon."><![CDATA[line 40, col 7, Error - Missing semicolon. (semi)]]></failure></testcase>
<testcase time="0" name="org.eslint.linebreak-style" classname="C:\work\dyrectorio\web\crux-ui\src\server\crux\notification-service"><failure message="Expected linebreaks to be &apos;LF&apos; but found &apos;CRLF&apos;."><![CDATA[line 41, col 4, Error - Expected linebreaks to be &apos;LF&apos; but found &apos;CRLF&apos;. (linebreak-style)]]></failure></testcase>
<testcase time="0" name="org.eslint.linebreak-style" classname="C:\work\dyrectorio\web\crux-ui\src\server\crux\notification-service"><failure message="Expected linebreaks to be &apos;LF&apos; but found &apos;CRLF&apos;."><![CDATA[line 42, col 1, Error - Expected linebreaks to be &apos;LF&apos; but found &apos;CRLF&apos;. (linebreak-style)]]></failure></testcase>
<testcase time="0" name="org.eslint.linebreak-style" classname="C:\work\dyrectorio\web\crux-ui\src\server\crux\notification-service"><failure message="Expected linebreaks to be &apos;LF&apos; but found &apos;CRLF&apos;."><![CDATA[line 43, col 72, Error - Expected linebreaks to be &apos;LF&apos; but found &apos;CRLF&apos;. (linebreak-style)]]></failure></testcase>
<testcase time="0" name="org.eslint.linebreak-style" classname="C:\work\dyrectorio\web\crux-ui\src\server\crux\notification-service"><failure message="Expected linebreaks to be &apos;LF&apos; but found &apos;CRLF&apos;."><![CDATA[line 44, col 45, Error - Expected linebreaks to be &apos;LF&apos; but found &apos;CRLF&apos;. (linebreak-style)]]></failure></testcase>
<testcase time="0" name="org.eslint.linebreak-style" classname="C:\work\dyrectorio\web\crux-ui\src\server\crux\notification-service"><failure message="Expected linebreaks to be &apos;LF&apos; but found &apos;CRLF&apos;."><![CDATA[line 45, col 14, Error - Expected linebreaks to be &apos;LF&apos; but found &apos;CRLF&apos;. (linebreak-style)]]></failure></testcase>
<testcase time="0" name="org.eslint.no-use-before-define" classname="C:\work\dyrectorio\web\crux-ui\src\server\crux\notification-service"><failure message="&apos;notificationTypeToGrpc&apos; was used before it was defined."><![CDATA[line 46, col 13, Error - &apos;notificationTypeToGrpc&apos; was used before it was defined. (no-use-before-define)]]></failure></testcase>
<testcase time="0" name="org.eslint.linebreak-style" classname="C:\work\dyrectorio\web\crux-ui\src\server\crux\notification-service"><failure message="Expected linebreaks to be &apos;LF&apos; but found &apos;CRLF&apos;."><![CDATA[line 46, col 46, Error - Expected linebreaks to be &apos;LF&apos; but found &apos;CRLF&apos;. (linebreak-style)]]></failure></testcase>
<testcase time="0" name="org.eslint.linebreak-style" classname="C:\work\dyrectorio\web\crux-ui\src\server\crux\notification-service"><failure message="Expected linebreaks to be &apos;LF&apos; but found &apos;CRLF&apos;."><![CDATA[line 47, col 36, Error - Expected linebreaks to be &apos;LF&apos; but found &apos;CRLF&apos;. (linebreak-style)]]></failure></testcase>
<testcase time="0" name="org.eslint.linebreak-style" classname="C:\work\dyrectorio\web\crux-ui\src\server\crux\notification-service"><failure message="Expected linebreaks to be &apos;LF&apos; but found &apos;CRLF&apos;."><![CDATA[line 48, col 6, Error - Expected linebreaks to be &apos;LF&apos; but found &apos;CRLF&apos;. (linebreak-style)]]></failure></testcase>
<testcase time="0" name="org.eslint.semi" classname="C:\work\dyrectorio\web\crux-ui\src\server\crux\notification-service"><failure message="Missing semicolon."><![CDATA[line 48, col 6, Error - Missing semicolon. (semi)]]></failure></testcase>
<testcase time="0" name="org.eslint.linebreak-style" classname="C:\work\dyrectorio\web\crux-ui\src\server\crux\notification-service"><failure message="Expected linebreaks to be &apos;LF&apos; but found &apos;CRLF&apos;."><![CDATA[line 49, col 1, Error - Expected linebreaks to be &apos;LF&apos; but found &apos;CRLF&apos;. (linebreak-style)]]></failure></testcase>
<testcase time="0" name="org.eslint.linebreak-style" classname="C:\work\dyrectorio\web\crux-ui\src\server\crux\notification-service"><failure message="Expected linebreaks to be &apos;LF&apos; but found &apos;CRLF&apos;."><![CDATA[line 50, col 90, Error - Expected linebreaks to be &apos;LF&apos; but found &apos;CRLF&apos;. (linebreak-style)]]></failure></testcase>
<testcase time="0" name="org.eslint.linebreak-style" classname="C:\work\dyrectorio\web\crux-ui\src\server\crux\notification-service"><failure message="Expected linebreaks to be &apos;LF&apos; but found &apos;CRLF&apos;."><![CDATA[line 51, col 19, Error - Expected linebreaks to be &apos;LF&apos; but found &apos;CRLF&apos;. (linebreak-style)]]></failure></testcase>
<testcase time="0" name="org.eslint.linebreak-style" classname="C:\work\dyrectorio\web\crux-ui\src\server\crux\notification-service"><failure message="Expected linebreaks to be &apos;LF&apos; but found &apos;CRLF&apos;."><![CDATA[line 52, col 38, Error - Expected linebreaks to be &apos;LF&apos; but found &apos;CRLF&apos;. (linebreak-style)]]></failure></testcase>
<testcase time="0" name="org.eslint.linebreak-style" classname="C:\work\dyrectorio\web\crux-ui\src\server\crux\notification-service"><failure message="Expected linebreaks to be &apos;LF&apos; but found &apos;CRLF&apos;."><![CDATA[line 53, col 38, Error - Expected linebreaks to be &apos;LF&apos; but found &apos;CRLF&apos;. (linebreak-style)]]></failure></testcase>
<testcase time="0" name="org.eslint.semi" classname="C:\work\dyrectorio\web\crux-ui\src\server\crux\notification-service"><failure message="Missing semicolon."><![CDATA[line 53, col 38, Error - Missing semicolon. (semi)]]></failure></testcase>
<testcase time="0" name="org.eslint.linebreak-style" classname="C:\work\dyrectorio\web\crux-ui\src\server\crux\notification-service"><failure message="Expected linebreaks to be &apos;LF&apos; but found &apos;CRLF&apos;."><![CDATA[line 54, col 1, Error - Expected linebreaks to be &apos;LF&apos; but found &apos;CRLF&apos;. (linebreak-style)]]></failure></testcase>
<testcase time="0" name="org.eslint.linebreak-style" classname="C:\work\dyrectorio\web\crux-ui\src\server\crux\notification-service"><failure message="Expected linebreaks to be &apos;LF&apos; but found &apos;CRLF&apos;."><![CDATA[line 55, col 13, Error - Expected linebreaks to be &apos;LF&apos; but found &apos;CRLF&apos;. (linebreak-style)]]></failure></testcase>
<testcase time="0" name="org.eslint.linebreak-style" classname="C:\work\dyrectorio\web\crux-ui\src\server\crux\notification-service"><failure message="Expected linebreaks to be &apos;LF&apos; but found &apos;CRLF&apos;."><![CDATA[line 56, col 14, Error - Expected linebreaks to be &apos;LF&apos; but found &apos;CRLF&apos;. (linebreak-style)]]></failure></testcase>
<testcase time="0" name="org.eslint.linebreak-style" classname="C:\work\dyrectorio\web\crux-ui\src\server\crux\notification-service"><failure message="Expected linebreaks to be &apos;LF&apos; but found &apos;CRLF&apos;."><![CDATA[line 57, col 18, Error - Expected linebreaks to be &apos;LF&apos; but found &apos;CRLF&apos;. (linebreak-style)]]></failure></testcase>
<testcase time="0" name="org.eslint.linebreak-style" classname="C:\work\dyrectorio\web\crux-ui\src\server\crux\notification-service"><failure message="Expected linebreaks to be &apos;LF&apos; but found &apos;CRLF&apos;."><![CDATA[line 58, col 28, Error - Expected linebreaks to be &apos;LF&apos; but found &apos;CRLF&apos;. (linebreak-style)]]></failure></testcase>
<testcase time="0" name="org.eslint.linebreak-style" classname="C:\work\dyrectorio\web\crux-ui\src\server\crux\notification-service"><failure message="Expected linebreaks to be &apos;LF&apos; but found &apos;CRLF&apos;."><![CDATA[line 59, col 6, Error - Expected linebreaks to be &apos;LF&apos; but found &apos;CRLF&apos;. (linebreak-style)]]></failure></testcase>
<testcase time="0" name="org.eslint.semi" classname="C:\work\dyrectorio\web\crux-ui\src\server\crux\notification-service"><failure message="Missing semicolon."><![CDATA[line 59, col 6, Error - Missing semicolon. (semi)]]></failure></testcase>
<testcase time="0" name="org.eslint.linebreak-style" classname="C:\work\dyrectorio\web\crux-ui\src\server\crux\notification-service"><failure message="Expected linebreaks to be &apos;LF&apos; but found &apos;CRLF&apos;."><![CDATA[line 60, col 4, Error - Expected linebreaks to be &apos;LF&apos; but found &apos;CRLF&apos;. (linebreak-style)]]></failure></testcase>
<testcase time="0" name="org.eslint.linebreak-style" classname="C:\work\dyrectorio\web\crux-ui\src\server\crux\notification-service"><failure message="Expected linebreaks to be &apos;LF&apos; but found &apos;CRLF&apos;."><![CDATA[line 61, col 1, Error - Expected linebreaks to be &apos;LF&apos; but found &apos;CRLF&apos;. (linebreak-style)]]></failure></testcase>
<testcase time="0" name="org.eslint.linebreak-style" classname="C:\work\dyrectorio\web\crux-ui\src\server\crux\notification-service"><failure message="Expected linebreaks to be &apos;LF&apos; but found &apos;CRLF&apos;."><![CDATA[line 62, col 59, Error - Expected linebreaks to be &apos;LF&apos; but found &apos;CRLF&apos;. (linebreak-style)]]></failure></testcase>
<testcase time="0" name="org.eslint.linebreak-style" classname="C:\work\dyrectorio\web\crux-ui\src\server\crux\notification-service"><failure message="Expected linebreaks to be &apos;LF&apos; but found &apos;CRLF&apos;."><![CDATA[line 63, col 45, Error - Expected linebreaks to be &apos;LF&apos; but found &apos;CRLF&apos;. (linebreak-style)]]></failure></testcase>
<testcase time="0" name="org.eslint.linebreak-style" classname="C:\work\dyrectorio\web\crux-ui\src\server\crux\notification-service"><failure message="Expected linebreaks to be &apos;LF&apos; but found &apos;CRLF&apos;."><![CDATA[line 64, col 14, Error - Expected linebreaks to be &apos;LF&apos; but found &apos;CRLF&apos;. (linebreak-style)]]></failure></testcase>
<testcase time="0" name="org.eslint.no-use-before-define" classname="C:\work\dyrectorio\web\crux-ui\src\server\crux\notification-service"><failure message="&apos;notificationTypeToGrpc&apos; was used before it was defined."><![CDATA[line 65, col 13, Error - &apos;notificationTypeToGrpc&apos; was used before it was defined. (no-use-before-define)]]></failure></testcase>
<testcase time="0" name="org.eslint.linebreak-style" classname="C:\work\dyrectorio\web\crux-ui\src\server\crux\notification-service"><failure message="Expected linebreaks to be &apos;LF&apos; but found &apos;CRLF&apos;."><![CDATA[line 65, col 46, Error - Expected linebreaks to be &apos;LF&apos; but found &apos;CRLF&apos;. (linebreak-style)]]></failure></testcase>
<testcase time="0" name="org.eslint.linebreak-style" classname="C:\work\dyrectorio\web\crux-ui\src\server\crux\notification-service"><failure message="Expected linebreaks to be &apos;LF&apos; but found &apos;CRLF&apos;."><![CDATA[line 66, col 36, Error - Expected linebreaks to be &apos;LF&apos; but found &apos;CRLF&apos;. (linebreak-style)]]></failure></testcase>
<testcase time="0" name="org.eslint.linebreak-style" classname="C:\work\dyrectorio\web\crux-ui\src\server\crux\notification-service"><failure message="Expected linebreaks to be &apos;LF&apos; but found &apos;CRLF&apos;."><![CDATA[line 67, col 6, Error - Expected linebreaks to be &apos;LF&apos; but found &apos;CRLF&apos;. (linebreak-style)]]></failure></testcase>
<testcase time="0" name="org.eslint.semi" classname="C:\work\dyrectorio\web\crux-ui\src\server\crux\notification-service"><failure message="Missing semicolon."><![CDATA[line 67, col 6, Error - Missing semicolon. (semi)]]></failure></testcase>
<testcase time="0" name="org.eslint.linebreak-style" classname="C:\work\dyrectorio\web\crux-ui\src\server\crux\notification-service"><failure message="Expected linebreaks to be &apos;LF&apos; but found &apos;CRLF&apos;."><![CDATA[line 68, col 1, Error - Expected linebreaks to be &apos;LF&apos; but found &apos;CRLF&apos;. (linebreak-style)]]></failure></testcase>
<testcase time="0" name="org.eslint.linebreak-style" classname="C:\work\dyrectorio\web\crux-ui\src\server\crux\notification-service"><failure message="Expected linebreaks to be &apos;LF&apos; but found &apos;CRLF&apos;."><![CDATA[line 69, col 84, Error - Expected linebreaks to be &apos;LF&apos; but found &apos;CRLF&apos;. (linebreak-style)]]></failure></testcase>
<testcase time="0" name="org.eslint.linebreak-style" classname="C:\work\dyrectorio\web\crux-ui\src\server\crux\notification-service"><failure message="Expected linebreaks to be &apos;LF&apos; but found &apos;CRLF&apos;."><![CDATA[line 70, col 19, Error - Expected linebreaks to be &apos;LF&apos; but found &apos;CRLF&apos;. (linebreak-style)]]></failure></testcase>
<testcase time="0" name="org.eslint.linebreak-style" classname="C:\work\dyrectorio\web\crux-ui\src\server\crux\notification-service"><failure message="Expected linebreaks to be &apos;LF&apos; but found &apos;CRLF&apos;."><![CDATA[line 71, col 38, Error - Expected linebreaks to be &apos;LF&apos; but found &apos;CRLF&apos;. (linebreak-style)]]></failure></testcase>
<testcase time="0" name="org.eslint.linebreak-style" classname="C:\work\dyrectorio\web\crux-ui\src\server\crux\notification-service"><failure message="Expected linebreaks to be &apos;LF&apos; but found &apos;CRLF&apos;."><![CDATA[line 72, col 38, Error - Expected linebreaks to be &apos;LF&apos; but found &apos;CRLF&apos;. (linebreak-style)]]></failure></testcase>
<testcase time="0" name="org.eslint.semi" classname="C:\work\dyrectorio\web\crux-ui\src\server\crux\notification-service"><failure message="Missing semicolon."><![CDATA[line 72, col 38, Error - Missing semicolon. (semi)]]></failure></testcase>
<testcase time="0" name="org.eslint.linebreak-style" classname="C:\work\dyrectorio\web\crux-ui\src\server\crux\notification-service"><failure message="Expected linebreaks to be &apos;LF&apos; but found &apos;CRLF&apos;."><![CDATA[line 73, col 1, Error - Expected linebreaks to be &apos;LF&apos; but found &apos;CRLF&apos;. (linebreak-style)]]></failure></testcase>
<testcase time="0" name="org.eslint.linebreak-style" classname="C:\work\dyrectorio\web\crux-ui\src\server\crux\notification-service"><failure message="Expected linebreaks to be &apos;LF&apos; but found &apos;CRLF&apos;."><![CDATA[line 74, col 41, Error - Expected linebreaks to be &apos;LF&apos; but found &apos;CRLF&apos;. (linebreak-style)]]></failure></testcase>
<testcase time="0" name="org.eslint.semi" classname="C:\work\dyrectorio\web\crux-ui\src\server\crux\notification-service"><failure message="Missing semicolon."><![CDATA[line 74, col 41, Error - Missing semicolon. (semi)]]></failure></testcase>
<testcase time="0" name="org.eslint.linebreak-style" classname="C:\work\dyrectorio\web\crux-ui\src\server\crux\notification-service"><failure message="Expected linebreaks to be &apos;LF&apos; but found &apos;CRLF&apos;."><![CDATA[line 75, col 4, Error - Expected linebreaks to be &apos;LF&apos; but found &apos;CRLF&apos;. (linebreak-style)]]></failure></testcase>
<testcase time="0" name="org.eslint.linebreak-style" classname="C:\work\dyrectorio\web\crux-ui\src\server\crux\notification-service"><failure message="Expected linebreaks to be &apos;LF&apos; but found &apos;CRLF&apos;."><![CDATA[line 76, col 1, Error - Expected linebreaks to be &apos;LF&apos; but found &apos;CRLF&apos;. (linebreak-style)]]></failure></testcase>
<testcase time="0" name="org.eslint.linebreak-style" classname="C:\work\dyrectorio\web\crux-ui\src\server\crux\notification-service"><failure message="Expected linebreaks to be &apos;LF&apos; but found &apos;CRLF&apos;."><![CDATA[line 77, col 75, Error - Expected linebreaks to be &apos;LF&apos; but found &apos;CRLF&apos;. (linebreak-style)]]></failure></testcase>
<testcase time="0" name="org.eslint.linebreak-style" classname="C:\work\dyrectorio\web\crux-ui\src\server\crux\notification-service"><failure message="Expected linebreaks to be &apos;LF&apos; but found &apos;CRLF&apos;."><![CDATA[line 78, col 29, Error - Expected linebreaks to be &apos;LF&apos; but found &apos;CRLF&apos;. (linebreak-style)]]></failure></testcase>
<testcase time="0" name="org.eslint.object-shorthand" classname="C:\work\dyrectorio\web\crux-ui\src\server\crux\notification-service"><failure message="Expected property shorthand."><![CDATA[line 79, col 7, Error - Expected property shorthand. (object-shorthand)]]></failure></testcase>
<testcase time="0" name="org.eslint.linebreak-style" classname="C:\work\dyrectorio\web\crux-ui\src\server\crux\notification-service"><failure message="Expected linebreaks to be &apos;LF&apos; but found &apos;CRLF&apos;."><![CDATA[line 79, col 14, Error - Expected linebreaks to be &apos;LF&apos; but found &apos;CRLF&apos;. (linebreak-style)]]></failure></testcase>
<testcase time="0" name="org.eslint.linebreak-style" classname="C:\work\dyrectorio\web\crux-ui\src\server\crux\notification-service"><failure message="Expected linebreaks to be &apos;LF&apos; but found &apos;CRLF&apos;."><![CDATA[line 80, col 36, Error - Expected linebreaks to be &apos;LF&apos; but found &apos;CRLF&apos;. (linebreak-style)]]></failure></testcase>
<testcase time="0" name="org.eslint.linebreak-style" classname="C:\work\dyrectorio\web\crux-ui\src\server\crux\notification-service"><failure message="Expected linebreaks to be &apos;LF&apos; but found &apos;CRLF&apos;."><![CDATA[line 81, col 6, Error - Expected linebreaks to be &apos;LF&apos; but found &apos;CRLF&apos;. (linebreak-style)]]></failure></testcase>
<testcase time="0" name="org.eslint.semi" classname="C:\work\dyrectorio\web\crux-ui\src\server\crux\notification-service"><failure message="Missing semicolon."><![CDATA[line 81, col 6, Error - Missing semicolon. (semi)]]></failure></testcase>
<testcase time="0" name="org.eslint.linebreak-style" classname="C:\work\dyrectorio\web\crux-ui\src\server\crux\notification-service"><failure message="Expected linebreaks to be &apos;LF&apos; but found &apos;CRLF&apos;."><![CDATA[line 82, col 1, Error - Expected linebreaks to be &apos;LF&apos; but found &apos;CRLF&apos;. (linebreak-style)]]></failure></testcase>
<testcase time="0" name="org.eslint.linebreak-style" classname="C:\work\dyrectorio\web\crux-ui\src\server\crux\notification-service"><failure message="Expected linebreaks to be &apos;LF&apos; but found &apos;CRLF&apos;."><![CDATA[line 83, col 75, Error - Expected linebreaks to be &apos;LF&apos; but found &apos;CRLF&apos;. (linebreak-style)]]></failure></testcase>
<testcase time="0" name="org.eslint.linebreak-style" classname="C:\work\dyrectorio\web\crux-ui\src\server\crux\notification-service"><failure message="Expected linebreaks to be &apos;LF&apos; but found &apos;CRLF&apos;."><![CDATA[line 84, col 19, Error - Expected linebreaks to be &apos;LF&apos; but found &apos;CRLF&apos;. (linebreak-style)]]></failure></testcase>
<testcase time="0" name="org.eslint.linebreak-style" classname="C:\work\dyrectorio\web\crux-ui\src\server\crux\notification-service"><failure message="Expected linebreaks to be &apos;LF&apos; but found &apos;CRLF&apos;."><![CDATA[line 85, col 42, Error - Expected linebreaks to be &apos;LF&apos; but found &apos;CRLF&apos;. (linebreak-style)]]></failure></testcase>
<testcase time="0" name="org.eslint.linebreak-style" classname="C:\work\dyrectorio\web\crux-ui\src\server\crux\notification-service"><failure message="Expected linebreaks to be &apos;LF&apos; but found &apos;CRLF&apos;."><![CDATA[line 86, col 22, Error - Expected linebreaks to be &apos;LF&apos; but found &apos;CRLF&apos;. (linebreak-style)]]></failure></testcase>
<testcase time="0" name="org.eslint.semi" classname="C:\work\dyrectorio\web\crux-ui\src\server\crux\notification-service"><failure message="Missing semicolon."><![CDATA[line 86, col 22, Error - Missing semicolon. (semi)]]></failure></testcase>
<testcase time="0" name="org.eslint.linebreak-style" classname="C:\work\dyrectorio\web\crux-ui\src\server\crux\notification-service"><failure message="Expected linebreaks to be &apos;LF&apos; but found &apos;CRLF&apos;."><![CDATA[line 87, col 1, Error - Expected linebreaks to be &apos;LF&apos; but found &apos;CRLF&apos;. (linebreak-style)]]></failure></testcase>
<testcase time="0" name="org.eslint.linebreak-style" classname="C:\work\dyrectorio\web\crux-ui\src\server\crux\notification-service"><failure message="Expected linebreaks to be &apos;LF&apos; but found &apos;CRLF&apos;."><![CDATA[line 88, col 13, Error - Expected linebreaks to be &apos;LF&apos; but found &apos;CRLF&apos;. (linebreak-style)]]></failure></testcase>
<testcase time="0" name="org.eslint.linebreak-style" classname="C:\work\dyrectorio\web\crux-ui\src\server\crux\notification-service"><failure message="Expected linebreaks to be &apos;LF&apos; but found &apos;CRLF&apos;."><![CDATA[line 89, col 14, Error - Expected linebreaks to be &apos;LF&apos; but found &apos;CRLF&apos;. (linebreak-style)]]></failure></testcase>
<testcase time="0" name="org.eslint.no-use-before-define" classname="C:\work\dyrectorio\web\crux-ui\src\server\crux\notification-service"><failure message="&apos;notificationTypeToDto&apos; was used before it was defined."><![CDATA[line 90, col 13, Error - &apos;notificationTypeToDto&apos; was used before it was defined. (no-use-before-define)]]></failure></testcase>
<testcase time="0" name="org.eslint.linebreak-style" classname="C:\work\dyrectorio\web\crux-ui\src\server\crux\notification-service"><failure message="Expected linebreaks to be &apos;LF&apos; but found &apos;CRLF&apos;."><![CDATA[line 90, col 45, Error - Expected linebreaks to be &apos;LF&apos; but found &apos;CRLF&apos;. (linebreak-style)]]></failure></testcase>
<testcase time="0" name="org.eslint.linebreak-style" classname="C:\work\dyrectorio\web\crux-ui\src\server\crux\notification-service"><failure message="Expected linebreaks to be &apos;LF&apos; but found &apos;CRLF&apos;."><![CDATA[line 91, col 36, Error - Expected linebreaks to be &apos;LF&apos; but found &apos;CRLF&apos;. (linebreak-style)]]></failure></testcase>
<testcase time="0" name="org.eslint.linebreak-style" classname="C:\work\dyrectorio\web\crux-ui\src\server\crux\notification-service"><failure message="Expected linebreaks to be &apos;LF&apos; but found &apos;CRLF&apos;."><![CDATA[line 92, col 6, Error - Expected linebreaks to be &apos;LF&apos; but found &apos;CRLF&apos;. (linebreak-style)]]></failure></testcase>
<testcase time="0" name="org.eslint.semi" classname="C:\work\dyrectorio\web\crux-ui\src\server\crux\notification-service"><failure message="Missing semicolon."><![CDATA[line 92, col 6, Error - Missing semicolon. (semi)]]></failure></testcase>
<testcase time="0" name="org.eslint.linebreak-style" classname="C:\work\dyrectorio\web\crux-ui\src\server\crux\notification-service"><failure message="Expected linebreaks to be &apos;LF&apos; but found &apos;CRLF&apos;."><![CDATA[line 93, col 4, Error - Expected linebreaks to be &apos;LF&apos; but found &apos;CRLF&apos;. (linebreak-style)]]></failure></testcase>
<testcase time="0" name="org.eslint.linebreak-style" classname="C:\work\dyrectorio\web\crux-ui\src\server\crux\notification-service"><failure message="Expected linebreaks to be &apos;LF&apos; but found &apos;CRLF&apos;."><![CDATA[line 94, col 1, Error - Expected linebreaks to be &apos;LF&apos; but found &apos;CRLF&apos;. (linebreak-style)]]></failure></testcase>
<testcase time="0" name="org.eslint.linebreak-style" classname="C:\work\dyrectorio\web\crux-ui\src\server\crux\notification-service"><failure message="Expected linebreaks to be &apos;LF&apos; but found &apos;CRLF&apos;."><![CDATA[line 95, col 29, Error - Expected linebreaks to be &apos;LF&apos; but found &apos;CRLF&apos;. (linebreak-style)]]></failure></testcase>
<testcase time="0" name="org.eslint.linebreak-style" classname="C:\work\dyrectorio\web\crux-ui\src\server\crux\notification-service"><failure message="Expected linebreaks to be &apos;LF&apos; but found &apos;CRLF&apos;."><![CDATA[line 96, col 29, Error - Expected linebreaks to be &apos;LF&apos; but found &apos;CRLF&apos;. (linebreak-style)]]></failure></testcase>
<testcase time="0" name="org.eslint.object-shorthand" classname="C:\work\dyrectorio\web\crux-ui\src\server\crux\notification-service"><failure message="Expected property shorthand."><![CDATA[line 97, col 7, Error - Expected property shorthand. (object-shorthand)]]></failure></testcase>
<testcase time="0" name="org.eslint.linebreak-style" classname="C:\work\dyrectorio\web\crux-ui\src\server\crux\notification-service"><failure message="Expected linebreaks to be &apos;LF&apos; but found &apos;CRLF&apos;."><![CDATA[line 97, col 14, Error - Expected linebreaks to be &apos;LF&apos; but found &apos;CRLF&apos;. (linebreak-style)]]></failure></testcase>
<testcase time="0" name="org.eslint.linebreak-style" classname="C:\work\dyrectorio\web\crux-ui\src\server\crux\notification-service"><failure message="Expected linebreaks to be &apos;LF&apos; but found &apos;CRLF&apos;."><![CDATA[line 98, col 36, Error - Expected linebreaks to be &apos;LF&apos; but found &apos;CRLF&apos;. (linebreak-style)]]></failure></testcase>
<testcase time="0" name="org.eslint.linebreak-style" classname="C:\work\dyrectorio\web\crux-ui\src\server\crux\notification-service"><failure message="Expected linebreaks to be &apos;LF&apos; but found &apos;CRLF&apos;."><![CDATA[line 99, col 6, Error - Expected linebreaks to be &apos;LF&apos; but found &apos;CRLF&apos;. (linebreak-style)]]></failure></testcase>
<testcase time="0" name="org.eslint.semi" classname="C:\work\dyrectorio\web\crux-ui\src\server\crux\notification-service"><failure message="Missing semicolon."><![CDATA[line 99, col 6, Error - Missing semicolon. (semi)]]></failure></testcase>
<testcase time="0" name="org.eslint.linebreak-style" classname="C:\work\dyrectorio\web\crux-ui\src\server\crux\notification-service"><failure message="Expected linebreaks to be &apos;LF&apos; but found &apos;CRLF&apos;."><![CDATA[line 100, col 1, Error - Expected linebreaks to be &apos;LF&apos; but found &apos;CRLF&apos;. (linebreak-style)]]></failure></testcase>
<testcase time="0" name="org.eslint.linebreak-style" classname="C:\work\dyrectorio\web\crux-ui\src\server\crux\notification-service"><failure message="Expected linebreaks to be &apos;LF&apos; but found &apos;CRLF&apos;."><![CDATA[line 101, col 101, Error - Expected linebreaks to be &apos;LF&apos; but found &apos;CRLF&apos;. (linebreak-style)]]></failure></testcase>
<testcase time="0" name="org.eslint.semi" classname="C:\work\dyrectorio\web\crux-ui\src\server\crux\notification-service"><failure message="Missing semicolon."><![CDATA[line 101, col 101, Error - Missing semicolon. (semi)]]></failure></testcase>
<testcase time="0" name="org.eslint.linebreak-style" classname="C:\work\dyrectorio\web\crux-ui\src\server\crux\notification-service"><failure message="Expected linebreaks to be &apos;LF&apos; but found &apos;CRLF&apos;."><![CDATA[line 102, col 4, Error - Expected linebreaks to be &apos;LF&apos; but found &apos;CRLF&apos;. (linebreak-style)]]></failure></testcase>
<testcase time="0" name="org.eslint.linebreak-style" classname="C:\work\dyrectorio\web\crux-ui\src\server\crux\notification-service"><failure message="Expected linebreaks to be &apos;LF&apos; but found &apos;CRLF&apos;."><![CDATA[line 103, col 1, Error - Expected linebreaks to be &apos;LF&apos; but found &apos;CRLF&apos;. (linebreak-style)]]></failure></testcase>
<testcase time="0" name="org.eslint.linebreak-style" classname="C:\work\dyrectorio\web\crux-ui\src\server\crux\notification-service"><failure message="Expected linebreaks to be &apos;LF&apos; but found &apos;CRLF&apos;."><![CDATA[line 104, col 54, Error - Expected linebreaks to be &apos;LF&apos; but found &apos;CRLF&apos;. (linebreak-style)]]></failure></testcase>
<testcase time="0" name="org.eslint.linebreak-style" classname="C:\work\dyrectorio\web\crux-ui\src\server\crux\notification-service"><failure message="Expected linebreaks to be &apos;LF&apos; but found &apos;CRLF&apos;."><![CDATA[line 105, col 29, Error - Expected linebreaks to be &apos;LF&apos; but found &apos;CRLF&apos;. (linebreak-style)]]></failure></testcase>
<testcase time="0" name="org.eslint.object-shorthand" classname="C:\work\dyrectorio\web\crux-ui\src\server\crux\notification-service"><failure message="Expected property shorthand."><![CDATA[line 106, col 7, Error - Expected property shorthand. (object-shorthand)]]></failure></testcase>
<testcase time="0" name="org.eslint.linebreak-style" classname="C:\work\dyrectorio\web\crux-ui\src\server\crux\notification-service"><failure message="Expected linebreaks to be &apos;LF&apos; but found &apos;CRLF&apos;."><![CDATA[line 106, col 14, Error - Expected linebreaks to be &apos;LF&apos; but found &apos;CRLF&apos;. (linebreak-style)]]></failure></testcase>
<testcase time="0" name="org.eslint.linebreak-style" classname="C:\work\dyrectorio\web\crux-ui\src\server\crux\notification-service"><failure message="Expected linebreaks to be &apos;LF&apos; but found &apos;CRLF&apos;."><![CDATA[line 107, col 36, Error - Expected linebreaks to be &apos;LF&apos; but found &apos;CRLF&apos;. (linebreak-style)]]></failure></testcase>
<testcase time="0" name="org.eslint.linebreak-style" classname="C:\work\dyrectorio\web\crux-ui\src\server\crux\notification-service"><failure message="Expected linebreaks to be &apos;LF&apos; but found &apos;CRLF&apos;."><![CDATA[line 108, col 6, Error - Expected linebreaks to be &apos;LF&apos; but found &apos;CRLF&apos;. (linebreak-style)]]></failure></testcase>
<testcase time="0" name="org.eslint.semi" classname="C:\work\dyrectorio\web\crux-ui\src\server\crux\notification-service"><failure message="Missing semicolon."><![CDATA[line 108, col 6, Error - Missing semicolon. (semi)]]></failure></testcase>
<testcase time="0" name="org.eslint.linebreak-style" classname="C:\work\dyrectorio\web\crux-ui\src\server\crux\notification-service"><failure message="Expected linebreaks to be &apos;LF&apos; but found &apos;CRLF&apos;."><![CDATA[line 109, col 1, Error - Expected linebreaks to be &apos;LF&apos; but found &apos;CRLF&apos;. (linebreak-style)]]></failure></testcase>
<testcase time="0" name="org.eslint.linebreak-style" classname="C:\work\dyrectorio\web\crux-ui\src\server\crux\notification-service"><failure message="Expected linebreaks to be &apos;LF&apos; but found &apos;CRLF&apos;."><![CDATA[line 110, col 99, Error - Expected linebreaks to be &apos;LF&apos; but found &apos;CRLF&apos;. (linebreak-style)]]></failure></testcase>
<testcase time="0" name="org.eslint.semi" classname="C:\work\dyrectorio\web\crux-ui\src\server\crux\notification-service"><failure message="Missing semicolon."><![CDATA[line 110, col 99, Error - Missing semicolon. (semi)]]></failure></testcase>
<testcase time="0" name="org.eslint.linebreak-style" classname="C:\work\dyrectorio\web\crux-ui\src\server\crux\notification-service"><failure message="Expected linebreaks to be &apos;LF&apos; but found &apos;CRLF&apos;."><![CDATA[line 111, col 4, Error - Expected linebreaks to be &apos;LF&apos; but found &apos;CRLF&apos;. (linebreak-style)]]></failure></testcase>
<testcase time="0" name="org.eslint.linebreak-style" classname="C:\work\dyrectorio\web\crux-ui\src\server\crux\notification-service"><failure message="Expected linebreaks to be &apos;LF&apos; but found &apos;CRLF&apos;."><![CDATA[line 112, col 2, Error - Expected linebreaks to be &apos;LF&apos; but found &apos;CRLF&apos;. (linebreak-style)]]></failure></testcase>
<testcase time="0" name="org.eslint.linebreak-style" classname="C:\work\dyrectorio\web\crux-ui\src\server\crux\notification-service"><failure message="Expected linebreaks to be &apos;LF&apos; but found &apos;CRLF&apos;."><![CDATA[line 113, col 1, Error - Expected linebreaks to be &apos;LF&apos; but found &apos;CRLF&apos;. (linebreak-style)]]></failure></testcase>
<testcase time="0" name="org.eslint.linebreak-style" classname="C:\work\dyrectorio\web\crux-ui\src\server\crux\notification-service"><failure message="Expected linebreaks to be &apos;LF&apos; but found &apos;CRLF&apos;."><![CDATA[line 114, col 37, Error - Expected linebreaks to be &apos;LF&apos; but found &apos;CRLF&apos;. (linebreak-style)]]></failure></testcase>
<testcase time="0" name="org.eslint.semi" classname="C:\work\dyrectorio\web\crux-ui\src\server\crux\notification-service"><failure message="Missing semicolon."><![CDATA[line 114, col 37, Error - Missing semicolon. (semi)]]></failure></testcase>
<testcase time="0" name="org.eslint.linebreak-style" classname="C:\work\dyrectorio\web\crux-ui\src\server\crux\notification-service"><failure message="Expected linebreaks to be &apos;LF&apos; but found &apos;CRLF&apos;."><![CDATA[line 115, col 1, Error - Expected linebreaks to be &apos;LF&apos; but found &apos;CRLF&apos;. (linebreak-style)]]></failure></testcase>
<testcase time="0" name="org.eslint.arrow-body-style" classname="C:\work\dyrectorio\web\crux-ui\src\server\crux\notification-service"><failure message="Unexpected block statement surrounding arrow body; move the returned value immediately after the `=&gt;`."><![CDATA[line 116, col 90, Error - Unexpected block statement surrounding arrow body; move the returned value immediately after the `=&gt;`. (arrow-body-style)]]></failure></testcase>
<testcase time="0" name="org.eslint.linebreak-style" classname="C:\work\dyrectorio\web\crux-ui\src\server\crux\notification-service"><failure message="Expected linebreaks to be &apos;LF&apos; but found &apos;CRLF&apos;."><![CDATA[line 116, col 91, Error - Expected linebreaks to be &apos;LF&apos; but found &apos;CRLF&apos;. (linebreak-style)]]></failure></testcase>
<testcase time="0" name="org.eslint.linebreak-style" classname="C:\work\dyrectorio\web\crux-ui\src\server\crux\notification-service"><failure message="Expected linebreaks to be &apos;LF&apos; but found &apos;CRLF&apos;."><![CDATA[line 117, col 54, Error - Expected linebreaks to be &apos;LF&apos; but found &apos;CRLF&apos;. (linebreak-style)]]></failure></testcase>
<testcase time="0" name="org.eslint.semi" classname="C:\work\dyrectorio\web\crux-ui\src\server\crux\notification-service"><failure message="Missing semicolon."><![CDATA[line 117, col 54, Error - Missing semicolon. (semi)]]></failure></testcase>
<testcase time="0" name="org.eslint.linebreak-style" classname="C:\work\dyrectorio\web\crux-ui\src\server\crux\notification-service"><failure message="Expected linebreaks to be &apos;LF&apos; but found &apos;CRLF&apos;."><![CDATA[line 118, col 2, Error - Expected linebreaks to be &apos;LF&apos; but found &apos;CRLF&apos;. (linebreak-style)]]></failure></testcase>
<testcase time="0" name="org.eslint.semi" classname="C:\work\dyrectorio\web\crux-ui\src\server\crux\notification-service"><failure message="Missing semicolon."><![CDATA[line 118, col 2, Error - Missing semicolon. (semi)]]></failure></testcase>
<testcase time="0" name="org.eslint.linebreak-style" classname="C:\work\dyrectorio\web\crux-ui\src\server\crux\notification-service"><failure message="Expected linebreaks to be &apos;LF&apos; but found &apos;CRLF&apos;."><![CDATA[line 119, col 1, Error - Expected linebreaks to be &apos;LF&apos; but found &apos;CRLF&apos;. (linebreak-style)]]></failure></testcase>
<testcase time="0" name="org.eslint.arrow-body-style" classname="C:\work\dyrectorio\web\crux-ui\src\server\crux\notification-service"><failure message="Unexpected block statement surrounding arrow body; move the returned value immediately after the `=&gt;`."><![CDATA[line 120, col 89, Error - Unexpected block statement surrounding arrow body; move the returned value immediately after the `=&gt;`. (arrow-body-style)]]></failure></testcase>
<testcase time="0" name="org.eslint.linebreak-style" classname="C:\work\dyrectorio\web\crux-ui\src\server\crux\notification-service"><failure message="Expected linebreaks to be &apos;LF&apos; but found &apos;CRLF&apos;."><![CDATA[line 120, col 90, Error - Expected linebreaks to be &apos;LF&apos; but found &apos;CRLF&apos;. (linebreak-style)]]></failure></testcase>
<testcase time="0" name="org.eslint.linebreak-style" classname="C:\work\dyrectorio\web\crux-ui\src\server\crux\notification-service"><failure message="Expected linebreaks to be &apos;LF&apos; but found &apos;CRLF&apos;."><![CDATA[line 121, col 78, Error - Expected linebreaks to be &apos;LF&apos; but found &apos;CRLF&apos;. (linebreak-style)]]></failure></testcase>
<testcase time="0" name="org.eslint.semi" classname="C:\work\dyrectorio\web\crux-ui\src\server\crux\notification-service"><failure message="Missing semicolon."><![CDATA[line 121, col 78, Error - Missing semicolon. (semi)]]></failure></testcase>
<testcase time="0" name="org.eslint.linebreak-style" classname="C:\work\dyrectorio\web\crux-ui\src\server\crux\notification-service"><failure message="Expected linebreaks to be &apos;LF&apos; but found &apos;CRLF&apos;."><![CDATA[line 122, col 2, Error - Expected linebreaks to be &apos;LF&apos; but found &apos;CRLF&apos;. (linebreak-style)]]></failure></testcase>
<testcase time="0" name="org.eslint.semi" classname="C:\work\dyrectorio\web\crux-ui\src\server\crux\notification-service"><failure message="Missing semicolon."><![CDATA[line 122, col 2, Error - Missing semicolon. (semi)]]></failure></testcase>
</testsuite>
<testsuite package="org.eslint" time="0" tests="162" errors="162" name="C:\work\dyrectorio\web\crux-ui\src\server\crux\product-service.ts">
<testcase time="0" name="org.eslint.object-curly-newline" classname="C:\work\dyrectorio\web\crux-ui\src\server\crux\product-service"><failure message="Expected a line break after this opening brace."><![CDATA[line 1, col 8, Error - Expected a line break after this opening brace. (object-curly-newline)]]></failure></testcase>
<testcase time="0" name="org.eslint.object-curly-newline" classname="C:\work\dyrectorio\web\crux-ui\src\server\crux\product-service"><failure message="Expected a line break before this closing brace."><![CDATA[line 1, col 86, Error - Expected a line break before this closing brace. (object-curly-newline)]]></failure></testcase>
<testcase time="0" name="org.eslint.linebreak-style" classname="C:\work\dyrectorio\web\crux-ui\src\server\crux\product-service"><failure message="Expected linebreaks to be &apos;LF&apos; but found &apos;CRLF&apos;."><![CDATA[line 1, col 106, Error - Expected linebreaks to be &apos;LF&apos; but found &apos;CRLF&apos;. (linebreak-style)]]></failure></testcase>
<testcase time="0" name="org.eslint.semi" classname="C:\work\dyrectorio\web\crux-ui\src\server\crux\product-service"><failure message="Missing semicolon."><![CDATA[line 1, col 106, Error - Missing semicolon. (semi)]]></failure></testcase>
<testcase time="0" name="org.eslint.linebreak-style" classname="C:\work\dyrectorio\web\crux-ui\src\server\crux\product-service"><failure message="Expected linebreaks to be &apos;LF&apos; but found &apos;CRLF&apos;."><![CDATA[line 2, col 9, Error - Expected linebreaks to be &apos;LF&apos; but found &apos;CRLF&apos;. (linebreak-style)]]></failure></testcase>
<testcase time="0" name="org.eslint.linebreak-style" classname="C:\work\dyrectorio\web\crux-ui\src\server\crux\product-service"><failure message="Expected linebreaks to be &apos;LF&apos; but found &apos;CRLF&apos;."><![CDATA[line 3, col 17, Error - Expected linebreaks to be &apos;LF&apos; but found &apos;CRLF&apos;. (linebreak-style)]]></failure></testcase>
<testcase time="0" name="org.eslint.linebreak-style" classname="C:\work\dyrectorio\web\crux-ui\src\server\crux\product-service"><failure message="Expected linebreaks to be &apos;LF&apos; but found &apos;CRLF&apos;."><![CDATA[line 4, col 24, Error - Expected linebreaks to be &apos;LF&apos; but found &apos;CRLF&apos;. (linebreak-style)]]></failure></testcase>
<testcase time="0" name="org.eslint.linebreak-style" classname="C:\work\dyrectorio\web\crux-ui\src\server\crux\product-service"><failure message="Expected linebreaks to be &apos;LF&apos; but found &apos;CRLF&apos;."><![CDATA[line 5, col 24, Error - Expected linebreaks to be &apos;LF&apos; but found &apos;CRLF&apos;. (linebreak-style)]]></failure></testcase>
<testcase time="0" name="org.eslint.linebreak-style" classname="C:\work\dyrectorio\web\crux-ui\src\server\crux\product-service"><failure message="Expected linebreaks to be &apos;LF&apos; but found &apos;CRLF&apos;."><![CDATA[line 6, col 21, Error - Expected linebreaks to be &apos;LF&apos; but found &apos;CRLF&apos;. (linebreak-style)]]></failure></testcase>
<testcase time="0" name="org.eslint.linebreak-style" classname="C:\work\dyrectorio\web\crux-ui\src\server\crux\product-service"><failure message="Expected linebreaks to be &apos;LF&apos; but found &apos;CRLF&apos;."><![CDATA[line 7, col 9, Error - Expected linebreaks to be &apos;LF&apos; but found &apos;CRLF&apos;. (linebreak-style)]]></failure></testcase>
<testcase time="0" name="org.eslint.linebreak-style" classname="C:\work\dyrectorio\web\crux-ui\src\server\crux\product-service"><failure message="Expected linebreaks to be &apos;LF&apos; but found &apos;CRLF&apos;."><![CDATA[line 8, col 13, Error - Expected linebreaks to be &apos;LF&apos; but found &apos;CRLF&apos;. (linebreak-style)]]></failure></testcase>
<testcase time="0" name="org.eslint.linebreak-style" classname="C:\work\dyrectorio\web\crux-ui\src\server\crux\product-service"><failure message="Expected linebreaks to be &apos;LF&apos; but found &apos;CRLF&apos;."><![CDATA[line 9, col 25, Error - Expected linebreaks to be &apos;LF&apos; but found &apos;CRLF&apos;. (linebreak-style)]]></failure></testcase>
<testcase time="0" name="org.eslint.linebreak-style" classname="C:\work\dyrectorio\web\crux-ui\src\server\crux\product-service"><failure message="Expected linebreaks to be &apos;LF&apos; but found &apos;CRLF&apos;."><![CDATA[line 10, col 23, Error - Expected linebreaks to be &apos;LF&apos; but found &apos;CRLF&apos;. (linebreak-style)]]></failure></testcase>
<testcase time="0" name="org.eslint.linebreak-style" classname="C:\work\dyrectorio\web\crux-ui\src\server\crux\product-service"><failure message="Expected linebreaks to be &apos;LF&apos; but found &apos;CRLF&apos;."><![CDATA[line 11, col 35, Error - Expected linebreaks to be &apos;LF&apos; but found &apos;CRLF&apos;. (linebreak-style)]]></failure></testcase>
<testcase time="0" name="org.eslint.linebreak-style" classname="C:\work\dyrectorio\web\crux-ui\src\server\crux\product-service"><failure message="Expected linebreaks to be &apos;LF&apos; but found &apos;CRLF&apos;."><![CDATA[line 12, col 23, Error - Expected linebreaks to be &apos;LF&apos; but found &apos;CRLF&apos;. (linebreak-style)]]></failure></testcase>
<testcase time="0" name="org.eslint.linebreak-style" classname="C:\work\dyrectorio\web\crux-ui\src\server\crux\product-service"><failure message="Expected linebreaks to be &apos;LF&apos; but found &apos;CRLF&apos;."><![CDATA[line 13, col 21, Error - Expected linebreaks to be &apos;LF&apos; but found &apos;CRLF&apos;. (linebreak-style)]]></failure></testcase>
<testcase time="0" name="org.eslint.linebreak-style" classname="C:\work\dyrectorio\web\crux-ui\src\server\crux\product-service"><failure message="Expected linebreaks to be &apos;LF&apos; but found &apos;CRLF&apos;."><![CDATA[line 14, col 24, Error - Expected linebreaks to be &apos;LF&apos; but found &apos;CRLF&apos;. (linebreak-style)]]></failure></testcase>
<testcase time="0" name="org.eslint.linebreak-style" classname="C:\work\dyrectorio\web\crux-ui\src\server\crux\product-service"><failure message="Expected linebreaks to be &apos;LF&apos; but found &apos;CRLF&apos;."><![CDATA[line 15, col 24, Error - Expected linebreaks to be &apos;LF&apos; but found &apos;CRLF&apos;. (linebreak-style)]]></failure></testcase>
<testcase time="0" name="org.eslint.linebreak-style" classname="C:\work\dyrectorio\web\crux-ui\src\server\crux\product-service"><failure message="Expected linebreaks to be &apos;LF&apos; but found &apos;CRLF&apos;."><![CDATA[line 16, col 46, Error - Expected linebreaks to be &apos;LF&apos; but found &apos;CRLF&apos;. (linebreak-style)]]></failure></testcase>
<testcase time="0" name="org.eslint.semi" classname="C:\work\dyrectorio\web\crux-ui\src\server\crux\product-service"><failure message="Missing semicolon."><![CDATA[line 16, col 46, Error - Missing semicolon. (semi)]]></failure></testcase>
<testcase time="0" name="org.eslint.linebreak-style" classname="C:\work\dyrectorio\web\crux-ui\src\server\crux\product-service"><failure message="Expected linebreaks to be &apos;LF&apos; but found &apos;CRLF&apos;."><![CDATA[line 17, col 44, Error - Expected linebreaks to be &apos;LF&apos; but found &apos;CRLF&apos;. (linebreak-style)]]></failure></testcase>
<testcase time="0" name="org.eslint.semi" classname="C:\work\dyrectorio\web\crux-ui\src\server\crux\product-service"><failure message="Missing semicolon."><![CDATA[line 17, col 44, Error - Missing semicolon. (semi)]]></failure></testcase>
<testcase time="0" name="org.eslint.linebreak-style" classname="C:\work\dyrectorio\web\crux-ui\src\server\crux\product-service"><failure message="Expected linebreaks to be &apos;LF&apos; but found &apos;CRLF&apos;."><![CDATA[line 18, col 46, Error - Expected linebreaks to be &apos;LF&apos; but found &apos;CRLF&apos;. (linebreak-style)]]></failure></testcase>
<testcase time="0" name="org.eslint.semi" classname="C:\work\dyrectorio\web\crux-ui\src\server\crux\product-service"><failure message="Missing semicolon."><![CDATA[line 18, col 46, Error - Missing semicolon. (semi)]]></failure></testcase>
<testcase time="0" name="org.eslint.linebreak-style" classname="C:\work\dyrectorio\web\crux-ui\src\server\crux\product-service"><failure message="Expected linebreaks to be &apos;LF&apos; but found &apos;CRLF&apos;."><![CDATA[line 19, col 59, Error - Expected linebreaks to be &apos;LF&apos; but found &apos;CRLF&apos;. (linebreak-style)]]></failure></testcase>
<testcase time="0" name="org.eslint.semi" classname="C:\work\dyrectorio\web\crux-ui\src\server\crux\product-service"><failure message="Missing semicolon."><![CDATA[line 19, col 59, Error - Missing semicolon. (semi)]]></failure></testcase>
<testcase time="0" name="org.eslint.import/extensions" classname="C:\work\dyrectorio\web\crux-ui\src\server\crux\product-service"><failure message="Missing file extension &quot;ts&quot; for &quot;./version-service&quot;"><![CDATA[line 20, col 34, Error - Missing file extension &quot;ts&quot; for &quot;./version-service&quot; (import/extensions)]]></failure></testcase>
<testcase time="0" name="org.eslint.linebreak-style" classname="C:\work\dyrectorio\web\crux-ui\src\server\crux\product-service"><failure message="Expected linebreaks to be &apos;LF&apos; but found &apos;CRLF&apos;."><![CDATA[line 20, col 53, Error - Expected linebreaks to be &apos;LF&apos; but found &apos;CRLF&apos;. (linebreak-style)]]></failure></testcase>
<testcase time="0" name="org.eslint.semi" classname="C:\work\dyrectorio\web\crux-ui\src\server\crux\product-service"><failure message="Missing semicolon."><![CDATA[line 20, col 53, Error - Missing semicolon. (semi)]]></failure></testcase>
<testcase time="0" name="org.eslint.linebreak-style" classname="C:\work\dyrectorio\web\crux-ui\src\server\crux\product-service"><failure message="Expected linebreaks to be &apos;LF&apos; but found &apos;CRLF&apos;."><![CDATA[line 21, col 1, Error - Expected linebreaks to be &apos;LF&apos; but found &apos;CRLF&apos;. (linebreak-style)]]></failure></testcase>
<testcase time="0" name="org.eslint.linebreak-style" classname="C:\work\dyrectorio\web\crux-ui\src\server\crux\product-service"><failure message="Expected linebreaks to be &apos;LF&apos; but found &apos;CRLF&apos;."><![CDATA[line 22, col 26, Error - Expected linebreaks to be &apos;LF&apos; but found &apos;CRLF&apos;. (linebreak-style)]]></failure></testcase>
<testcase time="0" name="org.eslint.no-useless-constructor" classname="C:\work\dyrectorio\web\crux-ui\src\server\crux\product-service"><failure message="Useless constructor."><![CDATA[line 23, col 3, Error - Useless constructor. (no-useless-constructor)]]></failure></testcase>
<testcase time="0" name="org.eslint.no-empty-function" classname="C:\work\dyrectorio\web\crux-ui\src\server\crux\product-service"><failure message="Unexpected empty constructor."><![CDATA[line 23, col 78, Error - Unexpected empty constructor. (no-empty-function)]]></failure></testcase>
<testcase time="0" name="org.eslint.linebreak-style" classname="C:\work\dyrectorio\web\crux-ui\src\server\crux\product-service"><failure message="Expected linebreaks to be &apos;LF&apos; but found &apos;CRLF&apos;."><![CDATA[line 23, col 80, Error - Expected linebreaks to be &apos;LF&apos; but found &apos;CRLF&apos;. (linebreak-style)]]></failure></testcase>
<testcase time="0" name="org.eslint.linebreak-style" classname="C:\work\dyrectorio\web\crux-ui\src\server\crux\product-service"><failure message="Expected linebreaks to be &apos;LF&apos; but found &apos;CRLF&apos;."><![CDATA[line 24, col 1, Error - Expected linebreaks to be &apos;LF&apos; but found &apos;CRLF&apos;. (linebreak-style)]]></failure></testcase>
<testcase time="0" name="org.eslint.linebreak-style" classname="C:\work\dyrectorio\web\crux-ui\src\server\crux\product-service"><failure message="Expected linebreaks to be &apos;LF&apos; but found &apos;CRLF&apos;."><![CDATA[line 25, col 39, Error - Expected linebreaks to be &apos;LF&apos; but found &apos;CRLF&apos;. (linebreak-style)]]></failure></testcase>
<testcase time="0" name="org.eslint.linebreak-style" classname="C:\work\dyrectorio\web\crux-ui\src\server\crux\product-service"><failure message="Expected linebreaks to be &apos;LF&apos; but found &apos;CRLF&apos;."><![CDATA[line 26, col 33, Error - Expected linebreaks to be &apos;LF&apos; but found &apos;CRLF&apos;. (linebreak-style)]]></failure></testcase>
<testcase time="0" name="org.eslint.linebreak-style" classname="C:\work\dyrectorio\web\crux-ui\src\server\crux\product-service"><failure message="Expected linebreaks to be &apos;LF&apos; but found &apos;CRLF&apos;."><![CDATA[line 27, col 36, Error - Expected linebreaks to be &apos;LF&apos; but found &apos;CRLF&apos;. (linebreak-style)]]></failure></testcase>
<testcase time="0" name="org.eslint.linebreak-style" classname="C:\work\dyrectorio\web\crux-ui\src\server\crux\product-service"><failure message="Expected linebreaks to be &apos;LF&apos; but found &apos;CRLF&apos;."><![CDATA[line 28, col 6, Error - Expected linebreaks to be &apos;LF&apos; but found &apos;CRLF&apos;. (linebreak-style)]]></failure></testcase>
<testcase time="0" name="org.eslint.semi" classname="C:\work\dyrectorio\web\crux-ui\src\server\crux\product-service"><failure message="Missing semicolon."><![CDATA[line 28, col 6, Error - Missing semicolon. (semi)]]></failure></testcase>
<testcase time="0" name="org.eslint.linebreak-style" classname="C:\work\dyrectorio\web\crux-ui\src\server\crux\product-service"><failure message="Expected linebreaks to be &apos;LF&apos; but found &apos;CRLF&apos;."><![CDATA[line 29, col 1, Error - Expected linebreaks to be &apos;LF&apos; but found &apos;CRLF&apos;. (linebreak-style)]]></failure></testcase>
<testcase time="0" name="org.eslint.max-len" classname="C:\work\dyrectorio\web\crux-ui\src\server\crux\product-service"><failure message="This line has a length of 113. Maximum allowed is 100."><![CDATA[line 30, col 1, Error - This line has a length of 113. Maximum allowed is 100. (max-len)]]></failure></testcase>
<testcase time="0" name="org.eslint.linebreak-style" classname="C:\work\dyrectorio\web\crux-ui\src\server\crux\product-service"><failure message="Expected linebreaks to be &apos;LF&apos; but found &apos;CRLF&apos;."><![CDATA[line 30, col 114, Error - Expected linebreaks to be &apos;LF&apos; but found &apos;CRLF&apos;. (linebreak-style)]]></failure></testcase>
<testcase time="0" name="org.eslint.linebreak-style" classname="C:\work\dyrectorio\web\crux-ui\src\server\crux\product-service"><failure message="Expected linebreaks to be &apos;LF&apos; but found &apos;CRLF&apos;."><![CDATA[line 31, col 21, Error - Expected linebreaks to be &apos;LF&apos; but found &apos;CRLF&apos;. (linebreak-style)]]></failure></testcase>
<testcase time="0" name="org.eslint.linebreak-style" classname="C:\work\dyrectorio\web\crux-ui\src\server\crux\product-service"><failure message="Expected linebreaks to be &apos;LF&apos; but found &apos;CRLF&apos;."><![CDATA[line 32, col 11, Error - Expected linebreaks to be &apos;LF&apos; but found &apos;CRLF&apos;. (linebreak-style)]]></failure></testcase>
<testcase time="0" name="org.eslint.linebreak-style" classname="C:\work\dyrectorio\web\crux-ui\src\server\crux\product-service"><failure message="Expected linebreaks to be &apos;LF&apos; but found &apos;CRLF&apos;."><![CDATA[line 33, col 6, Error - Expected linebreaks to be &apos;LF&apos; but found &apos;CRLF&apos;. (linebreak-style)]]></failure></testcase>
<testcase time="0" name="org.eslint.semi" classname="C:\work\dyrectorio\web\crux-ui\src\server\crux\product-service"><failure message="Missing semicolon."><![CDATA[line 33, col 6, Error - Missing semicolon. (semi)]]></failure></testcase>
<testcase time="0" name="org.eslint.linebreak-style" classname="C:\work\dyrectorio\web\crux-ui\src\server\crux\product-service"><failure message="Expected linebreaks to be &apos;LF&apos; but found &apos;CRLF&apos;."><![CDATA[line 34, col 1, Error - Expected linebreaks to be &apos;LF&apos; but found &apos;CRLF&apos;. (linebreak-style)]]></failure></testcase>
<testcase time="0" name="org.eslint.arrow-parens" classname="C:\work\dyrectorio\web\crux-ui\src\server\crux\product-service"><failure message="Expected parentheses around arrow function argument."><![CDATA[line 35, col 30, Error - Expected parentheses around arrow function argument. (arrow-parens)]]></failure></testcase>
<testcase time="0" name="org.eslint.arrow-body-style" classname="C:\work\dyrectorio\web\crux-ui\src\server\crux\product-service"><failure message="Unexpected block statement surrounding arrow body; parenthesize the returned value and move it immediately after the `=&gt;`."><![CDATA[line 35, col 36, Error - Unexpected block statement surrounding arrow body; parenthesize the returned value and move it immediately after the `=&gt;`. (arrow-body-style)]]></failure></testcase>
<testcase time="0" name="org.eslint.linebreak-style" classname="C:\work\dyrectorio\web\crux-ui\src\server\crux\product-service"><failure message="Expected linebreaks to be &apos;LF&apos; but found &apos;CRLF&apos;."><![CDATA[line 35, col 37, Error - Expected linebreaks to be &apos;LF&apos; but found &apos;CRLF&apos;. (linebreak-style)]]></failure></testcase>
<testcase time="0" name="org.eslint.linebreak-style" classname="C:\work\dyrectorio\web\crux-ui\src\server\crux\product-service"><failure message="Expected linebreaks to be &apos;LF&apos; but found &apos;CRLF&apos;."><![CDATA[line 36, col 15, Error - Expected linebreaks to be &apos;LF&apos; but found &apos;CRLF&apos;. (linebreak-style)]]></failure></testcase>
<testcase time="0" name="org.eslint.linebreak-style" classname="C:\work\dyrectorio\web\crux-ui\src\server\crux\product-service"><failure message="Expected linebreaks to be &apos;LF&apos; but found &apos;CRLF&apos;."><![CDATA[line 37, col 15, Error - Expected linebreaks to be &apos;LF&apos; but found &apos;CRLF&apos;. (linebreak-style)]]></failure></testcase>
<testcase time="0" name="org.eslint.linebreak-style" classname="C:\work\dyrectorio\web\crux-ui\src\server\crux\product-service"><failure message="Expected linebreaks to be &apos;LF&apos; but found &apos;CRLF&apos;."><![CDATA[line 38, col 39, Error - Expected linebreaks to be &apos;LF&apos; but found &apos;CRLF&apos;. (linebreak-style)]]></failure></testcase>
<testcase time="0" name="org.eslint.linebreak-style" classname="C:\work\dyrectorio\web\crux-ui\src\server\crux\product-service"><failure message="Expected linebreaks to be &apos;LF&apos; but found &apos;CRLF&apos;."><![CDATA[line 39, col 77, Error - Expected linebreaks to be &apos;LF&apos; but found &apos;CRLF&apos;. (linebreak-style)]]></failure></testcase>
<testcase time="0" name="org.eslint.linebreak-style" classname="C:\work\dyrectorio\web\crux-ui\src\server\crux\product-service"><failure message="Expected linebreaks to be &apos;LF&apos; but found &apos;CRLF&apos;."><![CDATA[line 40, col 8, Error - Expected linebreaks to be &apos;LF&apos; but found &apos;CRLF&apos;. (linebreak-style)]]></failure></testcase>
<testcase time="0" name="org.eslint.semi" classname="C:\work\dyrectorio\web\crux-ui\src\server\crux\product-service"><failure message="Missing semicolon."><![CDATA[line 40, col 8, Error - Missing semicolon. (semi)]]></failure></testcase>
<testcase time="0" name="org.eslint.linebreak-style" classname="C:\work\dyrectorio\web\crux-ui\src\server\crux\product-service"><failure message="Expected linebreaks to be &apos;LF&apos; but found &apos;CRLF&apos;."><![CDATA[line 41, col 7, Error - Expected linebreaks to be &apos;LF&apos; but found &apos;CRLF&apos;. (linebreak-style)]]></failure></testcase>
<testcase time="0" name="org.eslint.semi" classname="C:\work\dyrectorio\web\crux-ui\src\server\crux\product-service"><failure message="Missing semicolon."><![CDATA[line 41, col 7, Error - Missing semicolon. (semi)]]></failure></testcase>
<testcase time="0" name="org.eslint.linebreak-style" classname="C:\work\dyrectorio\web\crux-ui\src\server\crux\product-service"><failure message="Expected linebreaks to be &apos;LF&apos; but found &apos;CRLF&apos;."><![CDATA[line 42, col 4, Error - Expected linebreaks to be &apos;LF&apos; but found &apos;CRLF&apos;. (linebreak-style)]]></failure></testcase>
<testcase time="0" name="org.eslint.linebreak-style" classname="C:\work\dyrectorio\web\crux-ui\src\server\crux\product-service"><failure message="Expected linebreaks to be &apos;LF&apos; but found &apos;CRLF&apos;."><![CDATA[line 43, col 1, Error - Expected linebreaks to be &apos;LF&apos; but found &apos;CRLF&apos;. (linebreak-style)]]></failure></testcase>
<testcase time="0" name="org.eslint.linebreak-style" classname="C:\work\dyrectorio\web\crux-ui\src\server\crux\product-service"><failure message="Expected linebreaks to be &apos;LF&apos; but found &apos;CRLF&apos;."><![CDATA[line 44, col 55, Error - Expected linebreaks to be &apos;LF&apos; but found &apos;CRLF&apos;. (linebreak-style)]]></failure></testcase>
<testcase time="0" name="org.eslint.linebreak-style" classname="C:\work\dyrectorio\web\crux-ui\src\server\crux\product-service"><failure message="Expected linebreaks to be &apos;LF&apos; but found &apos;CRLF&apos;."><![CDATA[line 45, col 29, Error - Expected linebreaks to be &apos;LF&apos; but found &apos;CRLF&apos;. (linebreak-style)]]></failure></testcase>
<testcase time="0" name="org.eslint.linebreak-style" classname="C:\work\dyrectorio\web\crux-ui\src\server\crux\product-service"><failure message="Expected linebreaks to be &apos;LF&apos; but found &apos;CRLF&apos;."><![CDATA[line 46, col 10, Error - Expected linebreaks to be &apos;LF&apos; but found &apos;CRLF&apos;. (linebreak-style)]]></failure></testcase>
<testcase time="0" name="org.eslint.linebreak-style" classname="C:\work\dyrectorio\web\crux-ui\src\server\crux\product-service"><failure message="Expected linebreaks to be &apos;LF&apos; but found &apos;CRLF&apos;."><![CDATA[line 47, col 36, Error - Expected linebreaks to be &apos;LF&apos; but found &apos;CRLF&apos;. (linebreak-style)]]></failure></testcase>
<testcase time="0" name="org.eslint.linebreak-style" classname="C:\work\dyrectorio\web\crux-ui\src\server\crux\product-service"><failure message="Expected linebreaks to be &apos;LF&apos; but found &apos;CRLF&apos;."><![CDATA[line 48, col 6, Error - Expected linebreaks to be &apos;LF&apos; but found &apos;CRLF&apos;. (linebreak-style)]]></failure></testcase>
<testcase time="0" name="org.eslint.semi" classname="C:\work\dyrectorio\web\crux-ui\src\server\crux\product-service"><failure message="Missing semicolon."><![CDATA[line 48, col 6, Error - Missing semicolon. (semi)]]></failure></testcase>
<testcase time="0" name="org.eslint.linebreak-style" classname="C:\work\dyrectorio\web\crux-ui\src\server\crux\product-service"><failure message="Expected linebreaks to be &apos;LF&apos; but found &apos;CRLF&apos;."><![CDATA[line 49, col 1, Error - Expected linebreaks to be &apos;LF&apos; but found &apos;CRLF&apos;. (linebreak-style)]]></failure></testcase>
<testcase time="0" name="org.eslint.max-len" classname="C:\work\dyrectorio\web\crux-ui\src\server\crux\product-service"><failure message="This line has a length of 112. Maximum allowed is 100."><![CDATA[line 50, col 1, Error - This line has a length of 112. Maximum allowed is 100. (max-len)]]></failure></testcase>
<testcase time="0" name="org.eslint.linebreak-style" classname="C:\work\dyrectorio\web\crux-ui\src\server\crux\product-service"><failure message="Expected linebreaks to be &apos;LF&apos; but found &apos;CRLF&apos;."><![CDATA[line 50, col 113, Error - Expected linebreaks to be &apos;LF&apos; but found &apos;CRLF&apos;. (linebreak-style)]]></failure></testcase>
<testcase time="0" name="org.eslint.linebreak-style" classname="C:\work\dyrectorio\web\crux-ui\src\server\crux\product-service"><failure message="Expected linebreaks to be &apos;LF&apos; but found &apos;CRLF&apos;."><![CDATA[line 51, col 17, Error - Expected linebreaks to be &apos;LF&apos; but found &apos;CRLF&apos;. (linebreak-style)]]></failure></testcase>
<testcase time="0" name="org.eslint.linebreak-style" classname="C:\work\dyrectorio\web\crux-ui\src\server\crux\product-service"><failure message="Expected linebreaks to be &apos;LF&apos; but found &apos;CRLF&apos;."><![CDATA[line 52, col 11, Error - Expected linebreaks to be &apos;LF&apos; but found &apos;CRLF&apos;. (linebreak-style)]]></failure></testcase>
<testcase time="0" name="org.eslint.linebreak-style" classname="C:\work\dyrectorio\web\crux-ui\src\server\crux\product-service"><failure message="Expected linebreaks to be &apos;LF&apos; but found &apos;CRLF&apos;."><![CDATA[line 53, col 6, Error - Expected linebreaks to be &apos;LF&apos; but found &apos;CRLF&apos;. (linebreak-style)]]></failure></testcase>
<testcase time="0" name="org.eslint.semi" classname="C:\work\dyrectorio\web\crux-ui\src\server\crux\product-service"><failure message="Missing semicolon."><![CDATA[line 53, col 6, Error - Missing semicolon. (semi)]]></failure></testcase>
<testcase time="0" name="org.eslint.linebreak-style" classname="C:\work\dyrectorio\web\crux-ui\src\server\crux\product-service"><failure message="Expected linebreaks to be &apos;LF&apos; but found &apos;CRLF&apos;."><![CDATA[line 54, col 1, Error - Expected linebreaks to be &apos;LF&apos; but found &apos;CRLF&apos;. (linebreak-style)]]></failure></testcase>
<testcase time="0" name="org.eslint.linebreak-style" classname="C:\work\dyrectorio\web\crux-ui\src\server\crux\product-service"><failure message="Expected linebreaks to be &apos;LF&apos; but found &apos;CRLF&apos;."><![CDATA[line 55, col 13, Error - Expected linebreaks to be &apos;LF&apos; but found &apos;CRLF&apos;. (linebreak-style)]]></failure></testcase>
<testcase time="0" name="org.eslint.linebreak-style" classname="C:\work\dyrectorio\web\crux-ui\src\server\crux\product-service"><failure message="Expected linebreaks to be &apos;LF&apos; but found &apos;CRLF&apos;."><![CDATA[line 56, col 14, Error - Expected linebreaks to be &apos;LF&apos; but found &apos;CRLF&apos;. (linebreak-style)]]></failure></testcase>
<testcase time="0" name="org.eslint.linebreak-style" classname="C:\work\dyrectorio\web\crux-ui\src\server\crux\product-service"><failure message="Expected linebreaks to be &apos;LF&apos; but found &apos;CRLF&apos;."><![CDATA[line 57, col 38, Error - Expected linebreaks to be &apos;LF&apos; but found &apos;CRLF&apos;. (linebreak-style)]]></failure></testcase>
<testcase time="0" name="org.eslint.linebreak-style" classname="C:\work\dyrectorio\web\crux-ui\src\server\crux\product-service"><failure message="Expected linebreaks to be &apos;LF&apos; but found &apos;CRLF&apos;."><![CDATA[line 58, col 54, Error - Expected linebreaks to be &apos;LF&apos; but found &apos;CRLF&apos;. (linebreak-style)]]></failure></testcase>
<testcase time="0" name="org.eslint.linebreak-style" classname="C:\work\dyrectorio\web\crux-ui\src\server\crux\product-service"><failure message="Expected linebreaks to be &apos;LF&apos; but found &apos;CRLF&apos;."><![CDATA[line 59, col 54, Error - Expected linebreaks to be &apos;LF&apos; but found &apos;CRLF&apos;. (linebreak-style)]]></failure></testcase>
<testcase time="0" name="org.eslint.arrow-parens" classname="C:\work\dyrectorio\web\crux-ui\src\server\crux\product-service"><failure message="Expected parentheses around arrow function argument."><![CDATA[line 60, col 34, Error - Expected parentheses around arrow function argument. (arrow-parens)]]></failure></testcase>
<testcase time="0" name="org.eslint.arrow-body-style" classname="C:\work\dyrectorio\web\crux-ui\src\server\crux\product-service"><failure message="Unexpected block statement surrounding arrow body; parenthesize the returned value and move it immediately after the `=&gt;`."><![CDATA[line 60, col 40, Error - Unexpected block statement surrounding arrow body; parenthesize the returned value and move it immediately after the `=&gt;`. (arrow-body-style)]]></failure></testcase>
<testcase time="0" name="org.eslint.linebreak-style" classname="C:\work\dyrectorio\web\crux-ui\src\server\crux\product-service"><failure message="Expected linebreaks to be &apos;LF&apos; but found &apos;CRLF&apos;."><![CDATA[line 60, col 41, Error - Expected linebreaks to be &apos;LF&apos; but found &apos;CRLF&apos;. (linebreak-style)]]></failure></testcase>
<testcase time="0" name="org.eslint.linebreak-style" classname="C:\work\dyrectorio\web\crux-ui\src\server\crux\product-service"><failure message="Expected linebreaks to be &apos;LF&apos; but found &apos;CRLF&apos;."><![CDATA[line 61, col 17, Error - Expected linebreaks to be &apos;LF&apos; but found &apos;CRLF&apos;. (linebreak-style)]]></failure></testcase>
<testcase time="0" name="org.eslint.linebreak-style" classname="C:\work\dyrectorio\web\crux-ui\src\server\crux\product-service"><failure message="Expected linebreaks to be &apos;LF&apos; but found &apos;CRLF&apos;."><![CDATA[line 62, col 17, Error - Expected linebreaks to be &apos;LF&apos; but found &apos;CRLF&apos;. (linebreak-style)]]></failure></testcase>
<testcase time="0" name="org.eslint.linebreak-style" classname="C:\work\dyrectorio\web\crux-ui\src\server\crux\product-service"><failure message="Expected linebreaks to be &apos;LF&apos; but found &apos;CRLF&apos;."><![CDATA[line 63, col 43, Error - Expected linebreaks to be &apos;LF&apos; but found &apos;CRLF&apos;. (linebreak-style)]]></failure></testcase>
<testcase time="0" name="org.eslint.linebreak-style" classname="C:\work\dyrectorio\web\crux-ui\src\server\crux\product-service"><failure message="Expected linebreaks to be &apos;LF&apos; but found &apos;CRLF&apos;."><![CDATA[line 64, col 79, Error - Expected linebreaks to be &apos;LF&apos; but found &apos;CRLF&apos;. (linebreak-style)]]></failure></testcase>
<testcase time="0" name="org.eslint.linebreak-style" classname="C:\work\dyrectorio\web\crux-ui\src\server\crux\product-service"><failure message="Expected linebreaks to be &apos;LF&apos; but found &apos;CRLF&apos;."><![CDATA[line 65, col 21, Error - Expected linebreaks to be &apos;LF&apos; but found &apos;CRLF&apos;. (linebreak-style)]]></failure></testcase>
<testcase time="0" name="org.eslint.semi" classname="C:\work\dyrectorio\web\crux-ui\src\server\crux\product-service"><failure message="Missing semicolon."><![CDATA[line 65, col 21, Error - Missing semicolon. (semi)]]></failure></testcase>
<testcase time="0" name="org.eslint.linebreak-style" classname="C:\work\dyrectorio\web\crux-ui\src\server\crux\product-service"><failure message="Expected linebreaks to be &apos;LF&apos; but found &apos;CRLF&apos;."><![CDATA[line 66, col 10, Error - Expected linebreaks to be &apos;LF&apos; but found &apos;CRLF&apos;. (linebreak-style)]]></failure></testcase>
<testcase time="0" name="org.eslint.linebreak-style" classname="C:\work\dyrectorio\web\crux-ui\src\server\crux\product-service"><failure message="Expected linebreaks to be &apos;LF&apos; but found &apos;CRLF&apos;."><![CDATA[line 67, col 6, Error - Expected linebreaks to be &apos;LF&apos; but found &apos;CRLF&apos;. (linebreak-style)]]></failure></testcase>
<testcase time="0" name="org.eslint.semi" classname="C:\work\dyrectorio\web\crux-ui\src\server\crux\product-service"><failure message="Missing semicolon."><![CDATA[line 67, col 6, Error - Missing semicolon. (semi)]]></failure></testcase>
<testcase time="0" name="org.eslint.linebreak-style" classname="C:\work\dyrectorio\web\crux-ui\src\server\crux\product-service"><failure message="Expected linebreaks to be &apos;LF&apos; but found &apos;CRLF&apos;."><![CDATA[line 68, col 4, Error - Expected linebreaks to be &apos;LF&apos; but found &apos;CRLF&apos;. (linebreak-style)]]></failure></testcase>
<testcase time="0" name="org.eslint.linebreak-style" classname="C:\work\dyrectorio\web\crux-ui\src\server\crux\product-service"><failure message="Expected linebreaks to be &apos;LF&apos; but found &apos;CRLF&apos;."><![CDATA[line 69, col 1, Error - Expected linebreaks to be &apos;LF&apos; but found &apos;CRLF&apos;. (linebreak-style)]]></failure></testcase>
<testcase time="0" name="org.eslint.linebreak-style" classname="C:\work\dyrectorio\web\crux-ui\src\server\crux\product-service"><failure message="Expected linebreaks to be &apos;LF&apos; but found &apos;CRLF&apos;."><![CDATA[line 70, col 55, Error - Expected linebreaks to be &apos;LF&apos; but found &apos;CRLF&apos;. (linebreak-style)]]></failure></testcase>
<testcase time="0" name="org.eslint.linebreak-style" classname="C:\work\dyrectorio\web\crux-ui\src\server\crux\product-service"><failure message="Expected linebreaks to be &apos;LF&apos; but found &apos;CRLF&apos;."><![CDATA[line 71, col 40, Error - Expected linebreaks to be &apos;LF&apos; but found &apos;CRLF&apos;. (linebreak-style)]]></failure></testcase>
<testcase time="0" name="org.eslint.linebreak-style" classname="C:\work\dyrectorio\web\crux-ui\src\server\crux\product-service"><failure message="Expected linebreaks to be &apos;LF&apos; but found &apos;CRLF&apos;."><![CDATA[line 72, col 14, Error - Expected linebreaks to be &apos;LF&apos; but found &apos;CRLF&apos;. (linebreak-style)]]></failure></testcase>
<testcase time="0" name="org.eslint.linebreak-style" classname="C:\work\dyrectorio\web\crux-ui\src\server\crux\product-service"><failure message="Expected linebreaks to be &apos;LF&apos; but found &apos;CRLF&apos;."><![CDATA[line 73, col 40, Error - Expected linebreaks to be &apos;LF&apos; but found &apos;CRLF&apos;. (linebreak-style)]]></failure></testcase>
<testcase time="0" name="org.eslint.linebreak-style" classname="C:\work\dyrectorio\web\crux-ui\src\server\crux\product-service"><failure message="Expected linebreaks to be &apos;LF&apos; but found &apos;CRLF&apos;."><![CDATA[line 74, col 36, Error - Expected linebreaks to be &apos;LF&apos; but found &apos;CRLF&apos;. (linebreak-style)]]></failure></testcase>
<testcase time="0" name="org.eslint.linebreak-style" classname="C:\work\dyrectorio\web\crux-ui\src\server\crux\product-service"><failure message="Expected linebreaks to be &apos;LF&apos; but found &apos;CRLF&apos;."><![CDATA[line 75, col 6, Error - Expected linebreaks to be &apos;LF&apos; but found &apos;CRLF&apos;. (linebreak-style)]]></failure></testcase>
<testcase time="0" name="org.eslint.semi" classname="C:\work\dyrectorio\web\crux-ui\src\server\crux\product-service"><failure message="Missing semicolon."><![CDATA[line 75, col 6, Error - Missing semicolon. (semi)]]></failure></testcase>
<testcase time="0" name="org.eslint.linebreak-style" classname="C:\work\dyrectorio\web\crux-ui\src\server\crux\product-service"><failure message="Expected linebreaks to be &apos;LF&apos; but found &apos;CRLF&apos;."><![CDATA[line 76, col 1, Error - Expected linebreaks to be &apos;LF&apos; but found &apos;CRLF&apos;. (linebreak-style)]]></failure></testcase>
<testcase time="0" name="org.eslint.max-len" classname="C:\work\dyrectorio\web\crux-ui\src\server\crux\product-service"><failure message="This line has a length of 118. Maximum allowed is 100."><![CDATA[line 77, col 1, Error - This line has a length of 118. Maximum allowed is 100. (max-len)]]></failure></testcase>
<testcase time="0" name="org.eslint.linebreak-style" classname="C:\work\dyrectorio\web\crux-ui\src\server\crux\product-service"><failure message="Expected linebreaks to be &apos;LF&apos; but found &apos;CRLF&apos;."><![CDATA[line 77, col 119, Error - Expected linebreaks to be &apos;LF&apos; but found &apos;CRLF&apos;. (linebreak-style)]]></failure></testcase>
<testcase time="0" name="org.eslint.linebreak-style" classname="C:\work\dyrectorio\web\crux-ui\src\server\crux\product-service"><failure message="Expected linebreaks to be &apos;LF&apos; but found &apos;CRLF&apos;."><![CDATA[line 78, col 28, Error - Expected linebreaks to be &apos;LF&apos; but found &apos;CRLF&apos;. (linebreak-style)]]></failure></testcase>
<testcase time="0" name="org.eslint.linebreak-style" classname="C:\work\dyrectorio\web\crux-ui\src\server\crux\product-service"><failure message="Expected linebreaks to be &apos;LF&apos; but found &apos;CRLF&apos;."><![CDATA[line 79, col 11, Error - Expected linebreaks to be &apos;LF&apos; but found &apos;CRLF&apos;. (linebreak-style)]]></failure></testcase>
<testcase time="0" name="org.eslint.linebreak-style" classname="C:\work\dyrectorio\web\crux-ui\src\server\crux\product-service"><failure message="Expected linebreaks to be &apos;LF&apos; but found &apos;CRLF&apos;."><![CDATA[line 80, col 6, Error - Expected linebreaks to be &apos;LF&apos; but found &apos;CRLF&apos;. (linebreak-style)]]></failure></testcase>
<testcase time="0" name="org.eslint.semi" classname="C:\work\dyrectorio\web\crux-ui\src\server\crux\product-service"><failure message="Missing semicolon."><![CDATA[line 80, col 6, Error - Missing semicolon. (semi)]]></failure></testcase>
<testcase time="0" name="org.eslint.linebreak-style" classname="C:\work\dyrectorio\web\crux-ui\src\server\crux\product-service"><failure message="Expected linebreaks to be &apos;LF&apos; but found &apos;CRLF&apos;."><![CDATA[line 81, col 1, Error - Expected linebreaks to be &apos;LF&apos; but found &apos;CRLF&apos;. (linebreak-style)]]></failure></testcase>
<testcase time="0" name="org.eslint.linebreak-style" classname="C:\work\dyrectorio\web\crux-ui\src\server\crux\product-service"><failure message="Expected linebreaks to be &apos;LF&apos; but found &apos;CRLF&apos;."><![CDATA[line 82, col 13, Error - Expected linebreaks to be &apos;LF&apos; but found &apos;CRLF&apos;. (linebreak-style)]]></failure></testcase>
<testcase time="0" name="org.eslint.linebreak-style" classname="C:\work\dyrectorio\web\crux-ui\src\server\crux\product-service"><failure message="Expected linebreaks to be &apos;LF&apos; but found &apos;CRLF&apos;."><![CDATA[line 83, col 14, Error - Expected linebreaks to be &apos;LF&apos; but found &apos;CRLF&apos;. (linebreak-style)]]></failure></testcase>
<testcase time="0" name="org.eslint.linebreak-style" classname="C:\work\dyrectorio\web\crux-ui\src\server\crux\product-service"><failure message="Expected linebreaks to be &apos;LF&apos; but found &apos;CRLF&apos;."><![CDATA[line 84, col 18, Error - Expected linebreaks to be &apos;LF&apos; but found &apos;CRLF&apos;. (linebreak-style)]]></failure></testcase>
<testcase time="0" name="org.eslint.linebreak-style" classname="C:\work\dyrectorio\web\crux-ui\src\server\crux\product-service"><failure message="Expected linebreaks to be &apos;LF&apos; but found &apos;CRLF&apos;."><![CDATA[line 85, col 48, Error - Expected linebreaks to be &apos;LF&apos; but found &apos;CRLF&apos;. (linebreak-style)]]></failure></testcase>
<testcase time="0" name="org.eslint.linebreak-style" classname="C:\work\dyrectorio\web\crux-ui\src\server\crux\product-service"><failure message="Expected linebreaks to be &apos;LF&apos; but found &apos;CRLF&apos;."><![CDATA[line 86, col 6, Error - Expected linebreaks to be &apos;LF&apos; but found &apos;CRLF&apos;. (linebreak-style)]]></failure></testcase>
<testcase time="0" name="org.eslint.semi" classname="C:\work\dyrectorio\web\crux-ui\src\server\crux\product-service"><failure message="Missing semicolon."><![CDATA[line 86, col 6, Error - Missing semicolon. (semi)]]></failure></testcase>
<testcase time="0" name="org.eslint.linebreak-style" classname="C:\work\dyrectorio\web\crux-ui\src\server\crux\product-service"><failure message="Expected linebreaks to be &apos;LF&apos; but found &apos;CRLF&apos;."><![CDATA[line 87, col 4, Error - Expected linebreaks to be &apos;LF&apos; but found &apos;CRLF&apos;. (linebreak-style)]]></failure></testcase>
<testcase time="0" name="org.eslint.linebreak-style" classname="C:\work\dyrectorio\web\crux-ui\src\server\crux\product-service"><failure message="Expected linebreaks to be &apos;LF&apos; but found &apos;CRLF&apos;."><![CDATA[line 88, col 1, Error - Expected linebreaks to be &apos;LF&apos; but found &apos;CRLF&apos;. (linebreak-style)]]></failure></testcase>
<testcase time="0" name="org.eslint.linebreak-style" classname="C:\work\dyrectorio\web\crux-ui\src\server\crux\product-service"><failure message="Expected linebreaks to be &apos;LF&apos; but found &apos;CRLF&apos;."><![CDATA[line 89, col 66, Error - Expected linebreaks to be &apos;LF&apos; but found &apos;CRLF&apos;. (linebreak-style)]]></failure></testcase>
<testcase time="0" name="org.eslint.linebreak-style" classname="C:\work\dyrectorio\web\crux-ui\src\server\crux\product-service"><failure message="Expected linebreaks to be &apos;LF&apos; but found &apos;CRLF&apos;."><![CDATA[line 90, col 40, Error - Expected linebreaks to be &apos;LF&apos; but found &apos;CRLF&apos;. (linebreak-style)]]></failure></testcase>
<testcase time="0" name="org.eslint.linebreak-style" classname="C:\work\dyrectorio\web\crux-ui\src\server\crux\product-service"><failure message="Expected linebreaks to be &apos;LF&apos; but found &apos;CRLF&apos;."><![CDATA[line 91, col 14, Error - Expected linebreaks to be &apos;LF&apos; but found &apos;CRLF&apos;. (linebreak-style)]]></failure></testcase>
<testcase time="0" name="org.eslint.linebreak-style" classname="C:\work\dyrectorio\web\crux-ui\src\server\crux\product-service"><failure message="Expected linebreaks to be &apos;LF&apos; but found &apos;CRLF&apos;."><![CDATA[line 92, col 10, Error - Expected linebreaks to be &apos;LF&apos; but found &apos;CRLF&apos;. (linebreak-style)]]></failure></testcase>
<testcase time="0" name="org.eslint.linebreak-style" classname="C:\work\dyrectorio\web\crux-ui\src\server\crux\product-service"><failure message="Expected linebreaks to be &apos;LF&apos; but found &apos;CRLF&apos;."><![CDATA[line 93, col 36, Error - Expected linebreaks to be &apos;LF&apos; but found &apos;CRLF&apos;. (linebreak-style)]]></failure></testcase>
<testcase time="0" name="org.eslint.linebreak-style" classname="C:\work\dyrectorio\web\crux-ui\src\server\crux\product-service"><failure message="Expected linebreaks to be &apos;LF&apos; but found &apos;CRLF&apos;."><![CDATA[line 94, col 6, Error - Expected linebreaks to be &apos;LF&apos; but found &apos;CRLF&apos;. (linebreak-style)]]></failure></testcase>
<testcase time="0" name="org.eslint.semi" classname="C:\work\dyrectorio\web\crux-ui\src\server\crux\product-service"><failure message="Missing semicolon."><![CDATA[line 94, col 6, Error - Missing semicolon. (semi)]]></failure></testcase>
<testcase time="0" name="org.eslint.linebreak-style" classname="C:\work\dyrectorio\web\crux-ui\src\server\crux\product-service"><failure message="Expected linebreaks to be &apos;LF&apos; but found &apos;CRLF&apos;."><![CDATA[line 95, col 1, Error - Expected linebreaks to be &apos;LF&apos; but found &apos;CRLF&apos;. (linebreak-style)]]></failure></testcase>
<testcase time="0" name="org.eslint.max-len" classname="C:\work\dyrectorio\web\crux-ui\src\server\crux\product-service"><failure message="This line has a length of 118. Maximum allowed is 100."><![CDATA[line 96, col 1, Error - This line has a length of 118. Maximum allowed is 100. (max-len)]]></failure></testcase>
<testcase time="0" name="org.eslint.linebreak-style" classname="C:\work\dyrectorio\web\crux-ui\src\server\crux\product-service"><failure message="Expected linebreaks to be &apos;LF&apos; but found &apos;CRLF&apos;."><![CDATA[line 96, col 119, Error - Expected linebreaks to be &apos;LF&apos; but found &apos;CRLF&apos;. (linebreak-style)]]></failure></testcase>
<testcase time="0" name="org.eslint.linebreak-style" classname="C:\work\dyrectorio\web\crux-ui\src\server\crux\product-service"><failure message="Expected linebreaks to be &apos;LF&apos; but found &apos;CRLF&apos;."><![CDATA[line 97, col 28, Error - Expected linebreaks to be &apos;LF&apos; but found &apos;CRLF&apos;. (linebreak-style)]]></failure></testcase>
<testcase time="0" name="org.eslint.linebreak-style" classname="C:\work\dyrectorio\web\crux-ui\src\server\crux\product-service"><failure message="Expected linebreaks to be &apos;LF&apos; but found &apos;CRLF&apos;."><![CDATA[line 98, col 11, Error - Expected linebreaks to be &apos;LF&apos; but found &apos;CRLF&apos;. (linebreak-style)]]></failure></testcase>
<testcase time="0" name="org.eslint.linebreak-style" classname="C:\work\dyrectorio\web\crux-ui\src\server\crux\product-service"><failure message="Expected linebreaks to be &apos;LF&apos; but found &apos;CRLF&apos;."><![CDATA[line 99, col 6, Error - Expected linebreaks to be &apos;LF&apos; but found &apos;CRLF&apos;. (linebreak-style)]]></failure></testcase>
<testcase time="0" name="org.eslint.semi" classname="C:\work\dyrectorio\web\crux-ui\src\server\crux\product-service"><failure message="Missing semicolon."><![CDATA[line 99, col 6, Error - Missing semicolon. (semi)]]></failure></testcase>
<testcase time="0" name="org.eslint.linebreak-style" classname="C:\work\dyrectorio\web\crux-ui\src\server\crux\product-service"><failure message="Expected linebreaks to be &apos;LF&apos; but found &apos;CRLF&apos;."><![CDATA[line 100, col 1, Error - Expected linebreaks to be &apos;LF&apos; but found &apos;CRLF&apos;. (linebreak-style)]]></failure></testcase>
<testcase time="0" name="org.eslint.linebreak-style" classname="C:\work\dyrectorio\web\crux-ui\src\server\crux\product-service"><failure message="Expected linebreaks to be &apos;LF&apos; but found &apos;CRLF&apos;."><![CDATA[line 101, col 41, Error - Expected linebreaks to be &apos;LF&apos; but found &apos;CRLF&apos;. (linebreak-style)]]></failure></testcase>
<testcase time="0" name="org.eslint.semi" classname="C:\work\dyrectorio\web\crux-ui\src\server\crux\product-service"><failure message="Missing semicolon."><![CDATA[line 101, col 41, Error - Missing semicolon. (semi)]]></failure></testcase>
<testcase time="0" name="org.eslint.linebreak-style" classname="C:\work\dyrectorio\web\crux-ui\src\server\crux\product-service"><failure message="Expected linebreaks to be &apos;LF&apos; but found &apos;CRLF&apos;."><![CDATA[line 102, col 4, Error - Expected linebreaks to be &apos;LF&apos; but found &apos;CRLF&apos;. (linebreak-style)]]></failure></testcase>
<testcase time="0" name="org.eslint.linebreak-style" classname="C:\work\dyrectorio\web\crux-ui\src\server\crux\product-service"><failure message="Expected linebreaks to be &apos;LF&apos; but found &apos;CRLF&apos;."><![CDATA[line 103, col 1, Error - Expected linebreaks to be &apos;LF&apos; but found &apos;CRLF&apos;. (linebreak-style)]]></failure></testcase>
<testcase time="0" name="org.eslint.linebreak-style" classname="C:\work\dyrectorio\web\crux-ui\src\server\crux\product-service"><failure message="Expected linebreaks to be &apos;LF&apos; but found &apos;CRLF&apos;."><![CDATA[line 104, col 44, Error - Expected linebreaks to be &apos;LF&apos; but found &apos;CRLF&apos;. (linebreak-style)]]></failure></testcase>
<testcase time="0" name="org.eslint.linebreak-style" classname="C:\work\dyrectorio\web\crux-ui\src\server\crux\product-service"><failure message="Expected linebreaks to be &apos;LF&apos; but found &apos;CRLF&apos;."><![CDATA[line 105, col 29, Error - Expected linebreaks to be &apos;LF&apos; but found &apos;CRLF&apos;. (linebreak-style)]]></failure></testcase>
<testcase time="0" name="org.eslint.linebreak-style" classname="C:\work\dyrectorio\web\crux-ui\src\server\crux\product-service"><failure message="Expected linebreaks to be &apos;LF&apos; but found &apos;CRLF&apos;."><![CDATA[line 106, col 10, Error - Expected linebreaks to be &apos;LF&apos; but found &apos;CRLF&apos;. (linebreak-style)]]></failure></testcase>
<testcase time="0" name="org.eslint.linebreak-style" classname="C:\work\dyrectorio\web\crux-ui\src\server\crux\product-service"><failure message="Expected linebreaks to be &apos;LF&apos; but found &apos;CRLF&apos;."><![CDATA[line 107, col 36, Error - Expected linebreaks to be &apos;LF&apos; but found &apos;CRLF&apos;. (linebreak-style)]]></failure></testcase>
<testcase time="0" name="org.eslint.linebreak-style" classname="C:\work\dyrectorio\web\crux-ui\src\server\crux\product-service"><failure message="Expected linebreaks to be &apos;LF&apos; but found &apos;CRLF&apos;."><![CDATA[line 108, col 6, Error - Expected linebreaks to be &apos;LF&apos; but found &apos;CRLF&apos;. (linebreak-style)]]></failure></testcase>
<testcase time="0" name="org.eslint.semi" classname="C:\work\dyrectorio\web\crux-ui\src\server\crux\product-service"><failure message="Missing semicolon."><![CDATA[line 108, col 6, Error - Missing semicolon. (semi)]]></failure></testcase>
<testcase time="0" name="org.eslint.linebreak-style" classname="C:\work\dyrectorio\web\crux-ui\src\server\crux\product-service"><failure message="Expected linebreaks to be &apos;LF&apos; but found &apos;CRLF&apos;."><![CDATA[line 109, col 1, Error - Expected linebreaks to be &apos;LF&apos; but found &apos;CRLF&apos;. (linebreak-style)]]></failure></testcase>
<testcase time="0" name="org.eslint.linebreak-style" classname="C:\work\dyrectorio\web\crux-ui\src\server\crux\product-service"><failure message="Expected linebreaks to be &apos;LF&apos; but found &apos;CRLF&apos;."><![CDATA[line 110, col 96, Error - Expected linebreaks to be &apos;LF&apos; but found &apos;CRLF&apos;. (linebreak-style)]]></failure></testcase>
<testcase time="0" name="org.eslint.semi" classname="C:\work\dyrectorio\web\crux-ui\src\server\crux\product-service"><failure message="Missing semicolon."><![CDATA[line 110, col 96, Error - Missing semicolon. (semi)]]></failure></testcase>
<testcase time="0" name="org.eslint.linebreak-style" classname="C:\work\dyrectorio\web\crux-ui\src\server\crux\product-service"><failure message="Expected linebreaks to be &apos;LF&apos; but found &apos;CRLF&apos;."><![CDATA[line 111, col 4, Error - Expected linebreaks to be &apos;LF&apos; but found &apos;CRLF&apos;. (linebreak-style)]]></failure></testcase>
<testcase time="0" name="org.eslint.linebreak-style" classname="C:\work\dyrectorio\web\crux-ui\src\server\crux\product-service"><failure message="Expected linebreaks to be &apos;LF&apos; but found &apos;CRLF&apos;."><![CDATA[line 112, col 1, Error - Expected linebreaks to be &apos;LF&apos; but found &apos;CRLF&apos;. (linebreak-style)]]></failure></testcase>
<testcase time="0" name="org.eslint.class-methods-use-this" classname="C:\work\dyrectorio\web\crux-ui\src\server\crux\product-service"><failure message="Expected &apos;this&apos; to be used by class method &apos;typeToDyo&apos;."><![CDATA[line 113, col 3, Error - Expected &apos;this&apos; to be used by class method &apos;typeToDyo&apos;. (class-methods-use-this)]]></failure></testcase>
<testcase time="0" name="org.eslint.linebreak-style" classname="C:\work\dyrectorio\web\crux-ui\src\server\crux\product-service"><failure message="Expected linebreaks to be &apos;LF&apos; but found &apos;CRLF&apos;."><![CDATA[line 113, col 59, Error - Expected linebreaks to be &apos;LF&apos; but found &apos;CRLF&apos;. (linebreak-style)]]></failure></testcase>
<testcase time="0" name="org.eslint.linebreak-style" classname="C:\work\dyrectorio\web\crux-ui\src\server\crux\product-service"><failure message="Expected linebreaks to be &apos;LF&apos; but found &apos;CRLF&apos;."><![CDATA[line 114, col 64, Error - Expected linebreaks to be &apos;LF&apos; but found &apos;CRLF&apos;. (linebreak-style)]]></failure></testcase>
<testcase time="0" name="org.eslint.semi" classname="C:\work\dyrectorio\web\crux-ui\src\server\crux\product-service"><failure message="Missing semicolon."><![CDATA[line 114, col 64, Error - Missing semicolon. (semi)]]></failure></testcase>
<testcase time="0" name="org.eslint.linebreak-style" classname="C:\work\dyrectorio\web\crux-ui\src\server\crux\product-service"><failure message="Expected linebreaks to be &apos;LF&apos; but found &apos;CRLF&apos;."><![CDATA[line 115, col 4, Error - Expected linebreaks to be &apos;LF&apos; but found &apos;CRLF&apos;. (linebreak-style)]]></failure></testcase>
<testcase time="0" name="org.eslint.linebreak-style" classname="C:\work\dyrectorio\web\crux-ui\src\server\crux\product-service"><failure message="Expected linebreaks to be &apos;LF&apos; but found &apos;CRLF&apos;."><![CDATA[line 116, col 1, Error - Expected linebreaks to be &apos;LF&apos; but found &apos;CRLF&apos;. (linebreak-style)]]></failure></testcase>
<testcase time="0" name="org.eslint.class-methods-use-this" classname="C:\work\dyrectorio\web\crux-ui\src\server\crux\product-service"><failure message="Expected &apos;this&apos; to be used by class method &apos;typeToProto&apos;."><![CDATA[line 117, col 3, Error - Expected &apos;this&apos; to be used by class method &apos;typeToProto&apos;. (class-methods-use-this)]]></failure></testcase>
<testcase time="0" name="org.eslint.linebreak-style" classname="C:\work\dyrectorio\web\crux-ui\src\server\crux\product-service"><failure message="Expected linebreaks to be &apos;LF&apos; but found &apos;CRLF&apos;."><![CDATA[line 117, col 61, Error - Expected linebreaks to be &apos;LF&apos; but found &apos;CRLF&apos;. (linebreak-style)]]></failure></testcase>
<testcase time="0" name="org.eslint.linebreak-style" classname="C:\work\dyrectorio\web\crux-ui\src\server\crux\product-service"><failure message="Expected linebreaks to be &apos;LF&apos; but found &apos;CRLF&apos;."><![CDATA[line 118, col 51, Error - Expected linebreaks to be &apos;LF&apos; but found &apos;CRLF&apos;. (linebreak-style)]]></failure></testcase>
<testcase time="0" name="org.eslint.semi" classname="C:\work\dyrectorio\web\crux-ui\src\server\crux\product-service"><failure message="Missing semicolon."><![CDATA[line 118, col 51, Error - Missing semicolon. (semi)]]></failure></testcase>
<testcase time="0" name="org.eslint.linebreak-style" classname="C:\work\dyrectorio\web\crux-ui\src\server\crux\product-service"><failure message="Expected linebreaks to be &apos;LF&apos; but found &apos;CRLF&apos;."><![CDATA[line 119, col 4, Error - Expected linebreaks to be &apos;LF&apos; but found &apos;CRLF&apos;. (linebreak-style)]]></failure></testcase>
<testcase time="0" name="org.eslint.linebreak-style" classname="C:\work\dyrectorio\web\crux-ui\src\server\crux\product-service"><failure message="Expected linebreaks to be &apos;LF&apos; but found &apos;CRLF&apos;."><![CDATA[line 120, col 2, Error - Expected linebreaks to be &apos;LF&apos; but found &apos;CRLF&apos;. (linebreak-style)]]></failure></testcase>
<testcase time="0" name="org.eslint.linebreak-style" classname="C:\work\dyrectorio\web\crux-ui\src\server\crux\product-service"><failure message="Expected linebreaks to be &apos;LF&apos; but found &apos;CRLF&apos;."><![CDATA[line 121, col 1, Error - Expected linebreaks to be &apos;LF&apos; but found &apos;CRLF&apos;. (linebreak-style)]]></failure></testcase>
<testcase time="0" name="org.eslint.linebreak-style" classname="C:\work\dyrectorio\web\crux-ui\src\server\crux\product-service"><failure message="Expected linebreaks to be &apos;LF&apos; but found &apos;CRLF&apos;."><![CDATA[line 122, col 33, Error - Expected linebreaks to be &apos;LF&apos; but found &apos;CRLF&apos;. (linebreak-style)]]></failure></testcase>
<testcase time="0" name="org.eslint.semi" classname="C:\work\dyrectorio\web\crux-ui\src\server\crux\product-service"><failure message="Missing semicolon."><![CDATA[line 122, col 33, Error - Missing semicolon. (semi)]]></failure></testcase>
</testsuite>
<testsuite package="org.eslint" time="0" tests="277" errors="277" name="C:\work\dyrectorio\web\crux-ui\src\server\crux\registry-service.ts">
<testcase time="0" name="org.eslint.object-curly-newline" classname="C:\work\dyrectorio\web\crux-ui\src\server\crux\registry-service"><failure message="Expected a line break after this opening brace."><![CDATA[line 1, col 8, Error - Expected a line break after this opening brace. (object-curly-newline)]]></failure></testcase>
<testcase time="0" name="org.eslint.object-curly-newline" classname="C:\work\dyrectorio\web\crux-ui\src\server\crux\registry-service"><failure message="Expected a line break before this closing brace."><![CDATA[line 1, col 68, Error - Expected a line break before this closing brace. (object-curly-newline)]]></failure></testcase>
<testcase time="0" name="org.eslint.import/no-duplicates" classname="C:\work\dyrectorio\web\crux-ui\src\server\crux\registry-service"><failure message="&apos;C:\work\dyrectorio\web\crux-ui\src\models.ts&apos; imported multiple times."><![CDATA[line 1, col 75, Error - &apos;C:\work\dyrectorio\web\crux-ui\src\models.ts&apos; imported multiple times. (import/no-duplicates)]]></failure></testcase>
<testcase time="0" name="org.eslint.linebreak-style" classname="C:\work\dyrectorio\web\crux-ui\src\server\crux\registry-service"><failure message="Expected linebreaks to be &apos;LF&apos; but found &apos;CRLF&apos;."><![CDATA[line 1, col 88, Error - Expected linebreaks to be &apos;LF&apos; but found &apos;CRLF&apos;. (linebreak-style)]]></failure></testcase>
<testcase time="0" name="org.eslint.semi" classname="C:\work\dyrectorio\web\crux-ui\src\server\crux\registry-service"><failure message="Missing semicolon."><![CDATA[line 1, col 88, Error - Missing semicolon. (semi)]]></failure></testcase>
<testcase time="0" name="org.eslint.linebreak-style" classname="C:\work\dyrectorio\web\crux-ui\src\server\crux\registry-service"><failure message="Expected linebreaks to be &apos;LF&apos; but found &apos;CRLF&apos;."><![CDATA[line 2, col 9, Error - Expected linebreaks to be &apos;LF&apos; but found &apos;CRLF&apos;. (linebreak-style)]]></failure></testcase>
<testcase time="0" name="org.eslint.linebreak-style" classname="C:\work\dyrectorio\web\crux-ui\src\server\crux\registry-service"><failure message="Expected linebreaks to be &apos;LF&apos; but found &apos;CRLF&apos;."><![CDATA[line 3, col 17, Error - Expected linebreaks to be &apos;LF&apos; but found &apos;CRLF&apos;. (linebreak-style)]]></failure></testcase>
<testcase time="0" name="org.eslint.linebreak-style" classname="C:\work\dyrectorio\web\crux-ui\src\server\crux\registry-service"><failure message="Expected linebreaks to be &apos;LF&apos; but found &apos;CRLF&apos;."><![CDATA[line 4, col 24, Error - Expected linebreaks to be &apos;LF&apos; but found &apos;CRLF&apos;. (linebreak-style)]]></failure></testcase>
<testcase time="0" name="org.eslint.linebreak-style" classname="C:\work\dyrectorio\web\crux-ui\src\server\crux\registry-service"><failure message="Expected linebreaks to be &apos;LF&apos; but found &apos;CRLF&apos;."><![CDATA[line 5, col 25, Error - Expected linebreaks to be &apos;LF&apos; but found &apos;CRLF&apos;. (linebreak-style)]]></failure></testcase>
<testcase time="0" name="org.eslint.linebreak-style" classname="C:\work\dyrectorio\web\crux-ui\src\server\crux\registry-service"><failure message="Expected linebreaks to be &apos;LF&apos; but found &apos;CRLF&apos;."><![CDATA[line 6, col 22, Error - Expected linebreaks to be &apos;LF&apos; but found &apos;CRLF&apos;. (linebreak-style)]]></failure></testcase>
<testcase time="0" name="org.eslint.linebreak-style" classname="C:\work\dyrectorio\web\crux-ui\src\server\crux\registry-service"><failure message="Expected linebreaks to be &apos;LF&apos; but found &apos;CRLF&apos;."><![CDATA[line 7, col 9, Error - Expected linebreaks to be &apos;LF&apos; but found &apos;CRLF&apos;. (linebreak-style)]]></failure></testcase>
<testcase time="0" name="org.eslint.linebreak-style" classname="C:\work\dyrectorio\web\crux-ui\src\server\crux\registry-service"><failure message="Expected linebreaks to be &apos;LF&apos; but found &apos;CRLF&apos;."><![CDATA[line 8, col 13, Error - Expected linebreaks to be &apos;LF&apos; but found &apos;CRLF&apos;. (linebreak-style)]]></failure></testcase>
<testcase time="0" name="org.eslint.linebreak-style" classname="C:\work\dyrectorio\web\crux-ui\src\server\crux\registry-service"><failure message="Expected linebreaks to be &apos;LF&apos; but found &apos;CRLF&apos;."><![CDATA[line 9, col 27, Error - Expected linebreaks to be &apos;LF&apos; but found &apos;CRLF&apos;. (linebreak-style)]]></failure></testcase>
<testcase time="0" name="org.eslint.linebreak-style" classname="C:\work\dyrectorio\web\crux-ui\src\server\crux\registry-service"><failure message="Expected linebreaks to be &apos;LF&apos; but found &apos;CRLF&apos;."><![CDATA[line 10, col 24, Error - Expected linebreaks to be &apos;LF&apos; but found &apos;CRLF&apos;. (linebreak-style)]]></failure></testcase>
<testcase time="0" name="org.eslint.linebreak-style" classname="C:\work\dyrectorio\web\crux-ui\src\server\crux\registry-service"><failure message="Expected linebreaks to be &apos;LF&apos; but found &apos;CRLF&apos;."><![CDATA[line 11, col 37, Error - Expected linebreaks to be &apos;LF&apos; but found &apos;CRLF&apos;. (linebreak-style)]]></failure></testcase>
<testcase time="0" name="org.eslint.linebreak-style" classname="C:\work\dyrectorio\web\crux-ui\src\server\crux\registry-service"><failure message="Expected linebreaks to be &apos;LF&apos; but found &apos;CRLF&apos;."><![CDATA[line 12, col 22, Error - Expected linebreaks to be &apos;LF&apos; but found &apos;CRLF&apos;. (linebreak-style)]]></failure></testcase>
<testcase time="0" name="org.eslint.linebreak-style" classname="C:\work\dyrectorio\web\crux-ui\src\server\crux\registry-service"><failure message="Expected linebreaks to be &apos;LF&apos; but found &apos;CRLF&apos;."><![CDATA[line 13, col 24, Error - Expected linebreaks to be &apos;LF&apos; but found &apos;CRLF&apos;. (linebreak-style)]]></failure></testcase>
<testcase time="0" name="org.eslint.linebreak-style" classname="C:\work\dyrectorio\web\crux-ui\src\server\crux\registry-service"><failure message="Expected linebreaks to be &apos;LF&apos; but found &apos;CRLF&apos;."><![CDATA[line 14, col 25, Error - Expected linebreaks to be &apos;LF&apos; but found &apos;CRLF&apos;. (linebreak-style)]]></failure></testcase>
<testcase time="0" name="org.eslint.linebreak-style" classname="C:\work\dyrectorio\web\crux-ui\src\server\crux\registry-service"><failure message="Expected linebreaks to be &apos;LF&apos; but found &apos;CRLF&apos;."><![CDATA[line 15, col 46, Error - Expected linebreaks to be &apos;LF&apos; but found &apos;CRLF&apos;. (linebreak-style)]]></failure></testcase>
<testcase time="0" name="org.eslint.semi" classname="C:\work\dyrectorio\web\crux-ui\src\server\crux\registry-service"><failure message="Missing semicolon."><![CDATA[line 15, col 46, Error - Missing semicolon. (semi)]]></failure></testcase>
<testcase time="0" name="org.eslint.linebreak-style" classname="C:\work\dyrectorio\web\crux-ui\src\server\crux\registry-service"><failure message="Expected linebreaks to be &apos;LF&apos; but found &apos;CRLF&apos;."><![CDATA[line 16, col 44, Error - Expected linebreaks to be &apos;LF&apos; but found &apos;CRLF&apos;. (linebreak-style)]]></failure></testcase>
<testcase time="0" name="org.eslint.semi" classname="C:\work\dyrectorio\web\crux-ui\src\server\crux\registry-service"><failure message="Missing semicolon."><![CDATA[line 16, col 44, Error - Missing semicolon. (semi)]]></failure></testcase>
<testcase time="0" name="org.eslint.linebreak-style" classname="C:\work\dyrectorio\web\crux-ui\src\server\crux\registry-service"><failure message="Expected linebreaks to be &apos;LF&apos; but found &apos;CRLF&apos;."><![CDATA[line 17, col 46, Error - Expected linebreaks to be &apos;LF&apos; but found &apos;CRLF&apos;. (linebreak-style)]]></failure></testcase>
<testcase time="0" name="org.eslint.semi" classname="C:\work\dyrectorio\web\crux-ui\src\server\crux\registry-service"><failure message="Missing semicolon."><![CDATA[line 17, col 46, Error - Missing semicolon. (semi)]]></failure></testcase>
<testcase time="0" name="org.eslint.linebreak-style" classname="C:\work\dyrectorio\web\crux-ui\src\server\crux\registry-service"><failure message="Expected linebreaks to be &apos;LF&apos; but found &apos;CRLF&apos;."><![CDATA[line 18, col 59, Error - Expected linebreaks to be &apos;LF&apos; but found &apos;CRLF&apos;. (linebreak-style)]]></failure></testcase>
<testcase time="0" name="org.eslint.semi" classname="C:\work\dyrectorio\web\crux-ui\src\server\crux\registry-service"><failure message="Missing semicolon."><![CDATA[line 18, col 59, Error - Missing semicolon. (semi)]]></failure></testcase>
<testcase time="0" name="org.eslint.import/no-cycle" classname="C:\work\dyrectorio\web\crux-ui\src\server\crux\registry-service"><failure message="Dependency cycle via @server/crux/crux:3"><![CDATA[line 19, col 1, Error - Dependency cycle via @server/crux/crux:3 (import/no-cycle)]]></failure></testcase>
<testcase time="0" name="org.eslint.linebreak-style" classname="C:\work\dyrectorio\web\crux-ui\src\server\crux\registry-service"><failure message="Expected linebreaks to be &apos;LF&apos; but found &apos;CRLF&apos;."><![CDATA[line 19, col 80, Error - Expected linebreaks to be &apos;LF&apos; but found &apos;CRLF&apos;. (linebreak-style)]]></failure></testcase>
<testcase time="0" name="org.eslint.semi" classname="C:\work\dyrectorio\web\crux-ui\src\server\crux\registry-service"><failure message="Missing semicolon."><![CDATA[line 19, col 80, Error - Missing semicolon. (semi)]]></failure></testcase>
<testcase time="0" name="org.eslint.import/extensions" classname="C:\work\dyrectorio\web\crux-ui\src\server\crux\registry-service"><failure message="Missing file extension &quot;ts&quot; for &quot;./../../models&quot;"><![CDATA[line 20, col 30, Error - Missing file extension &quot;ts&quot; for &quot;./../../models&quot; (import/extensions)]]></failure></testcase>
<testcase time="0" name="org.eslint.import/no-useless-path-segments" classname="C:\work\dyrectorio\web\crux-ui\src\server\crux\registry-service"><failure message="Useless path segments for &quot;./../../models&quot;, should be &quot;../../models&quot;"><![CDATA[line 20, col 30, Error - Useless path segments for &quot;./../../models&quot;, should be &quot;../../models&quot; (import/no-useless-path-segments)]]></failure></testcase>
<testcase time="0" name="org.eslint.import/no-duplicates" classname="C:\work\dyrectorio\web\crux-ui\src\server\crux\registry-service"><failure message="&apos;C:\work\dyrectorio\web\crux-ui\src\models.ts&apos; imported multiple times."><![CDATA[line 20, col 30, Error - &apos;C:\work\dyrectorio\web\crux-ui\src\models.ts&apos; imported multiple times. (import/no-duplicates)]]></failure></testcase>
<testcase time="0" name="org.eslint.linebreak-style" classname="C:\work\dyrectorio\web\crux-ui\src\server\crux\registry-service"><failure message="Expected linebreaks to be &apos;LF&apos; but found &apos;CRLF&apos;."><![CDATA[line 20, col 46, Error - Expected linebreaks to be &apos;LF&apos; but found &apos;CRLF&apos;. (linebreak-style)]]></failure></testcase>
<testcase time="0" name="org.eslint.semi" classname="C:\work\dyrectorio\web\crux-ui\src\server\crux\registry-service"><failure message="Missing semicolon."><![CDATA[line 20, col 46, Error - Missing semicolon. (semi)]]></failure></testcase>
<testcase time="0" name="org.eslint.linebreak-style" classname="C:\work\dyrectorio\web\crux-ui\src\server\crux\registry-service"><failure message="Expected linebreaks to be &apos;LF&apos; but found &apos;CRLF&apos;."><![CDATA[line 21, col 1, Error - Expected linebreaks to be &apos;LF&apos; but found &apos;CRLF&apos;. (linebreak-style)]]></failure></testcase>
<testcase time="0" name="org.eslint.linebreak-style" classname="C:\work\dyrectorio\web\crux-ui\src\server\crux\registry-service"><failure message="Expected linebreaks to be &apos;LF&apos; but found &apos;CRLF&apos;."><![CDATA[line 22, col 27, Error - Expected linebreaks to be &apos;LF&apos; but found &apos;CRLF&apos;. (linebreak-style)]]></failure></testcase>
<testcase time="0" name="org.eslint.no-useless-constructor" classname="C:\work\dyrectorio\web\crux-ui\src\server\crux\registry-service"><failure message="Useless constructor."><![CDATA[line 23, col 3, Error - Useless constructor. (no-useless-constructor)]]></failure></testcase>
<testcase time="0" name="org.eslint.linebreak-style" classname="C:\work\dyrectorio\web\crux-ui\src\server\crux\registry-service"><failure message="Expected linebreaks to be &apos;LF&apos; but found &apos;CRLF&apos;."><![CDATA[line 23, col 15, Error - Expected linebreaks to be &apos;LF&apos; but found &apos;CRLF&apos;. (linebreak-style)]]></failure></testcase>
<testcase time="0" name="org.eslint.linebreak-style" classname="C:\work\dyrectorio\web\crux-ui\src\server\crux\registry-service"><failure message="Expected linebreaks to be &apos;LF&apos; but found &apos;CRLF&apos;."><![CDATA[line 24, col 40, Error - Expected linebreaks to be &apos;LF&apos; but found &apos;CRLF&apos;. (linebreak-style)]]></failure></testcase>
<testcase time="0" name="org.eslint.linebreak-style" classname="C:\work\dyrectorio\web\crux-ui\src\server\crux\registry-service"><failure message="Expected linebreaks to be &apos;LF&apos; but found &apos;CRLF&apos;."><![CDATA[line 25, col 32, Error - Expected linebreaks to be &apos;LF&apos; but found &apos;CRLF&apos;. (linebreak-style)]]></failure></testcase>
<testcase time="0" name="org.eslint.linebreak-style" classname="C:\work\dyrectorio\web\crux-ui\src\server\crux\registry-service"><failure message="Expected linebreaks to be &apos;LF&apos; but found &apos;CRLF&apos;."><![CDATA[line 26, col 46, Error - Expected linebreaks to be &apos;LF&apos; but found &apos;CRLF&apos;. (linebreak-style)]]></failure></testcase>
<testcase time="0" name="org.eslint.no-empty-function" classname="C:\work\dyrectorio\web\crux-ui\src\server\crux\registry-service"><failure message="Unexpected empty constructor."><![CDATA[line 27, col 5, Error - Unexpected empty constructor. (no-empty-function)]]></failure></testcase>
<testcase time="0" name="org.eslint.linebreak-style" classname="C:\work\dyrectorio\web\crux-ui\src\server\crux\registry-service"><failure message="Expected linebreaks to be &apos;LF&apos; but found &apos;CRLF&apos;."><![CDATA[line 27, col 7, Error - Expected linebreaks to be &apos;LF&apos; but found &apos;CRLF&apos;. (linebreak-style)]]></failure></testcase>
<testcase time="0" name="org.eslint.linebreak-style" classname="C:\work\dyrectorio\web\crux-ui\src\server\crux\registry-service"><failure message="Expected linebreaks to be &apos;LF&apos; but found &apos;CRLF&apos;."><![CDATA[line 28, col 1, Error - Expected linebreaks to be &apos;LF&apos; but found &apos;CRLF&apos;. (linebreak-style)]]></failure></testcase>
<testcase time="0" name="org.eslint.linebreak-style" classname="C:\work\dyrectorio\web\crux-ui\src\server\crux\registry-service"><failure message="Expected linebreaks to be &apos;LF&apos; but found &apos;CRLF&apos;."><![CDATA[line 29, col 40, Error - Expected linebreaks to be &apos;LF&apos; but found &apos;CRLF&apos;. (linebreak-style)]]></failure></testcase>
<testcase time="0" name="org.eslint.linebreak-style" classname="C:\work\dyrectorio\web\crux-ui\src\server\crux\registry-service"><failure message="Expected linebreaks to be &apos;LF&apos; but found &apos;CRLF&apos;."><![CDATA[line 30, col 33, Error - Expected linebreaks to be &apos;LF&apos; but found &apos;CRLF&apos;. (linebreak-style)]]></failure></testcase>
<testcase time="0" name="org.eslint.linebreak-style" classname="C:\work\dyrectorio\web\crux-ui\src\server\crux\registry-service"><failure message="Expected linebreaks to be &apos;LF&apos; but found &apos;CRLF&apos;."><![CDATA[line 31, col 36, Error - Expected linebreaks to be &apos;LF&apos; but found &apos;CRLF&apos;. (linebreak-style)]]></failure></testcase>
<testcase time="0" name="org.eslint.linebreak-style" classname="C:\work\dyrectorio\web\crux-ui\src\server\crux\registry-service"><failure message="Expected linebreaks to be &apos;LF&apos; but found &apos;CRLF&apos;."><![CDATA[line 32, col 6, Error - Expected linebreaks to be &apos;LF&apos; but found &apos;CRLF&apos;. (linebreak-style)]]></failure></testcase>
<testcase time="0" name="org.eslint.semi" classname="C:\work\dyrectorio\web\crux-ui\src\server\crux\registry-service"><failure message="Missing semicolon."><![CDATA[line 32, col 6, Error - Missing semicolon. (semi)]]></failure></testcase>
<testcase time="0" name="org.eslint.linebreak-style" classname="C:\work\dyrectorio\web\crux-ui\src\server\crux\registry-service"><failure message="Expected linebreaks to be &apos;LF&apos; but found &apos;CRLF&apos;."><![CDATA[line 33, col 1, Error - Expected linebreaks to be &apos;LF&apos; but found &apos;CRLF&apos;. (linebreak-style)]]></failure></testcase>
<testcase time="0" name="org.eslint.max-len" classname="C:\work\dyrectorio\web\crux-ui\src\server\crux\registry-service"><failure message="This line has a length of 111. Maximum allowed is 100."><![CDATA[line 34, col 1, Error - This line has a length of 111. Maximum allowed is 100. (max-len)]]></failure></testcase>
<testcase time="0" name="org.eslint.linebreak-style" classname="C:\work\dyrectorio\web\crux-ui\src\server\crux\registry-service"><failure message="Expected linebreaks to be &apos;LF&apos; but found &apos;CRLF&apos;."><![CDATA[line 34, col 112, Error - Expected linebreaks to be &apos;LF&apos; but found &apos;CRLF&apos;. (linebreak-style)]]></failure></testcase>
<testcase time="0" name="org.eslint.linebreak-style" classname="C:\work\dyrectorio\web\crux-ui\src\server\crux\registry-service"><failure message="Expected linebreaks to be &apos;LF&apos; but found &apos;CRLF&apos;."><![CDATA[line 35, col 21, Error - Expected linebreaks to be &apos;LF&apos; but found &apos;CRLF&apos;. (linebreak-style)]]></failure></testcase>
<testcase time="0" name="org.eslint.linebreak-style" classname="C:\work\dyrectorio\web\crux-ui\src\server\crux\registry-service"><failure message="Expected linebreaks to be &apos;LF&apos; but found &apos;CRLF&apos;."><![CDATA[line 36, col 11, Error - Expected linebreaks to be &apos;LF&apos; but found &apos;CRLF&apos;. (linebreak-style)]]></failure></testcase>
<testcase time="0" name="org.eslint.linebreak-style" classname="C:\work\dyrectorio\web\crux-ui\src\server\crux\registry-service"><failure message="Expected linebreaks to be &apos;LF&apos; but found &apos;CRLF&apos;."><![CDATA[line 37, col 6, Error - Expected linebreaks to be &apos;LF&apos; but found &apos;CRLF&apos;. (linebreak-style)]]></failure></testcase>
<testcase time="0" name="org.eslint.semi" classname="C:\work\dyrectorio\web\crux-ui\src\server\crux\registry-service"><failure message="Missing semicolon."><![CDATA[line 37, col 6, Error - Missing semicolon. (semi)]]></failure></testcase>
<testcase time="0" name="org.eslint.linebreak-style" classname="C:\work\dyrectorio\web\crux-ui\src\server\crux\registry-service"><failure message="Expected linebreaks to be &apos;LF&apos; but found &apos;CRLF&apos;."><![CDATA[line 38, col 1, Error - Expected linebreaks to be &apos;LF&apos; but found &apos;CRLF&apos;. (linebreak-style)]]></failure></testcase>
<testcase time="0" name="org.eslint.arrow-parens" classname="C:\work\dyrectorio\web\crux-ui\src\server\crux\registry-service"><failure message="Expected parentheses around arrow function argument."><![CDATA[line 39, col 25, Error - Expected parentheses around arrow function argument. (arrow-parens)]]></failure></testcase>
<testcase time="0" name="org.eslint.arrow-body-style" classname="C:\work\dyrectorio\web\crux-ui\src\server\crux\registry-service"><failure message="Unexpected block statement surrounding arrow body; parenthesize the returned value and move it immediately after the `=&gt;`."><![CDATA[line 39, col 31, Error - Unexpected block statement surrounding arrow body; parenthesize the returned value and move it immediately after the `=&gt;`. (arrow-body-style)]]></failure></testcase>
<testcase time="0" name="org.eslint.linebreak-style" classname="C:\work\dyrectorio\web\crux-ui\src\server\crux\registry-service"><failure message="Expected linebreaks to be &apos;LF&apos; but found &apos;CRLF&apos;."><![CDATA[line 39, col 32, Error - Expected linebreaks to be &apos;LF&apos; but found &apos;CRLF&apos;. (linebreak-style)]]></failure></testcase>
<testcase time="0" name="org.eslint.linebreak-style" classname="C:\work\dyrectorio\web\crux-ui\src\server\crux\registry-service"><failure message="Expected linebreaks to be &apos;LF&apos; but found &apos;CRLF&apos;."><![CDATA[line 40, col 15, Error - Expected linebreaks to be &apos;LF&apos; but found &apos;CRLF&apos;. (linebreak-style)]]></failure></testcase>
<testcase time="0" name="org.eslint.linebreak-style" classname="C:\work\dyrectorio\web\crux-ui\src\server\crux\registry-service"><failure message="Expected linebreaks to be &apos;LF&apos; but found &apos;CRLF&apos;."><![CDATA[line 41, col 15, Error - Expected linebreaks to be &apos;LF&apos; but found &apos;CRLF&apos;. (linebreak-style)]]></failure></testcase>
<testcase time="0" name="org.eslint.linebreak-style" classname="C:\work\dyrectorio\web\crux-ui\src\server\crux\registry-service"><failure message="Expected linebreaks to be &apos;LF&apos; but found &apos;CRLF&apos;."><![CDATA[line 42, col 52, Error - Expected linebreaks to be &apos;LF&apos; but found &apos;CRLF&apos;. (linebreak-style)]]></failure></testcase>
<testcase time="0" name="org.eslint.linebreak-style" classname="C:\work\dyrectorio\web\crux-ui\src\server\crux\registry-service"><failure message="Expected linebreaks to be &apos;LF&apos; but found &apos;CRLF&apos;."><![CDATA[line 43, col 8, Error - Expected linebreaks to be &apos;LF&apos; but found &apos;CRLF&apos;. (linebreak-style)]]></failure></testcase>
<testcase time="0" name="org.eslint.semi" classname="C:\work\dyrectorio\web\crux-ui\src\server\crux\registry-service"><failure message="Missing semicolon."><![CDATA[line 43, col 8, Error - Missing semicolon. (semi)]]></failure></testcase>
<testcase time="0" name="org.eslint.linebreak-style" classname="C:\work\dyrectorio\web\crux-ui\src\server\crux\registry-service"><failure message="Expected linebreaks to be &apos;LF&apos; but found &apos;CRLF&apos;."><![CDATA[line 44, col 7, Error - Expected linebreaks to be &apos;LF&apos; but found &apos;CRLF&apos;. (linebreak-style)]]></failure></testcase>
<testcase time="0" name="org.eslint.semi" classname="C:\work\dyrectorio\web\crux-ui\src\server\crux\registry-service"><failure message="Missing semicolon."><![CDATA[line 44, col 7, Error - Missing semicolon. (semi)]]></failure></testcase>
<testcase time="0" name="org.eslint.linebreak-style" classname="C:\work\dyrectorio\web\crux-ui\src\server\crux\registry-service"><failure message="Expected linebreaks to be &apos;LF&apos; but found &apos;CRLF&apos;."><![CDATA[line 45, col 4, Error - Expected linebreaks to be &apos;LF&apos; but found &apos;CRLF&apos;. (linebreak-style)]]></failure></testcase>
<testcase time="0" name="org.eslint.linebreak-style" classname="C:\work\dyrectorio\web\crux-ui\src\server\crux\registry-service"><failure message="Expected linebreaks to be &apos;LF&apos; but found &apos;CRLF&apos;."><![CDATA[line 46, col 1, Error - Expected linebreaks to be &apos;LF&apos; but found &apos;CRLF&apos;. (linebreak-style)]]></failure></testcase>
<testcase time="0" name="org.eslint.linebreak-style" classname="C:\work\dyrectorio\web\crux-ui\src\server\crux\registry-service"><failure message="Expected linebreaks to be &apos;LF&apos; but found &apos;CRLF&apos;."><![CDATA[line 47, col 64, Error - Expected linebreaks to be &apos;LF&apos; but found &apos;CRLF&apos;. (linebreak-style)]]></failure></testcase>
<testcase time="0" name="org.eslint.linebreak-style" classname="C:\work\dyrectorio\web\crux-ui\src\server\crux\registry-service"><failure message="Expected linebreaks to be &apos;LF&apos; but found &apos;CRLF&apos;."><![CDATA[line 48, col 66, Error - Expected linebreaks to be &apos;LF&apos; but found &apos;CRLF&apos;. (linebreak-style)]]></failure></testcase>
<testcase time="0" name="org.eslint.semi" classname="C:\work\dyrectorio\web\crux-ui\src\server\crux\registry-service"><failure message="Missing semicolon."><![CDATA[line 48, col 66, Error - Missing semicolon. (semi)]]></failure></testcase>
<testcase time="0" name="org.eslint.linebreak-style" classname="C:\work\dyrectorio\web\crux-ui\src\server\crux\registry-service"><failure message="Expected linebreaks to be &apos;LF&apos; but found &apos;CRLF&apos;."><![CDATA[line 49, col 1, Error - Expected linebreaks to be &apos;LF&apos; but found &apos;CRLF&apos;. (linebreak-style)]]></failure></testcase>
<testcase time="0" name="org.eslint.max-len" classname="C:\work\dyrectorio\web\crux-ui\src\server\crux\registry-service"><failure message="This line has a length of 120. Maximum allowed is 100."><![CDATA[line 50, col 1, Error - This line has a length of 120. Maximum allowed is 100. (max-len)]]></failure></testcase>
<testcase time="0" name="org.eslint.linebreak-style" classname="C:\work\dyrectorio\web\crux-ui\src\server\crux\registry-service"><failure message="Expected linebreaks to be &apos;LF&apos; but found &apos;CRLF&apos;."><![CDATA[line 50, col 121, Error - Expected linebreaks to be &apos;LF&apos; but found &apos;CRLF&apos;. (linebreak-style)]]></failure></testcase>
<testcase time="0" name="org.eslint.linebreak-style" classname="C:\work\dyrectorio\web\crux-ui\src\server\crux\registry-service"><failure message="Expected linebreaks to be &apos;LF&apos; but found &apos;CRLF&apos;."><![CDATA[line 51, col 29, Error - Expected linebreaks to be &apos;LF&apos; but found &apos;CRLF&apos;. (linebreak-style)]]></failure></testcase>
<testcase time="0" name="org.eslint.linebreak-style" classname="C:\work\dyrectorio\web\crux-ui\src\server\crux\registry-service"><failure message="Expected linebreaks to be &apos;LF&apos; but found &apos;CRLF&apos;."><![CDATA[line 52, col 11, Error - Expected linebreaks to be &apos;LF&apos; but found &apos;CRLF&apos;. (linebreak-style)]]></failure></testcase>
<testcase time="0" name="org.eslint.linebreak-style" classname="C:\work\dyrectorio\web\crux-ui\src\server\crux\registry-service"><failure message="Expected linebreaks to be &apos;LF&apos; but found &apos;CRLF&apos;."><![CDATA[line 53, col 6, Error - Expected linebreaks to be &apos;LF&apos; but found &apos;CRLF&apos;. (linebreak-style)]]></failure></testcase>
<testcase time="0" name="org.eslint.semi" classname="C:\work\dyrectorio\web\crux-ui\src\server\crux\registry-service"><failure message="Missing semicolon."><![CDATA[line 53, col 6, Error - Missing semicolon. (semi)]]></failure></testcase>
<testcase time="0" name="org.eslint.linebreak-style" classname="C:\work\dyrectorio\web\crux-ui\src\server\crux\registry-service"><failure message="Expected linebreaks to be &apos;LF&apos; but found &apos;CRLF&apos;."><![CDATA[line 54, col 1, Error - Expected linebreaks to be &apos;LF&apos; but found &apos;CRLF&apos;. (linebreak-style)]]></failure></testcase>
<testcase time="0" name="org.eslint.linebreak-style" classname="C:\work\dyrectorio\web\crux-ui\src\server\crux\registry-service"><failure message="Expected linebreaks to be &apos;LF&apos; but found &apos;CRLF&apos;."><![CDATA[line 55, col 13, Error - Expected linebreaks to be &apos;LF&apos; but found &apos;CRLF&apos;. (linebreak-style)]]></failure></testcase>
<testcase time="0" name="org.eslint.linebreak-style" classname="C:\work\dyrectorio\web\crux-ui\src\server\crux\registry-service"><failure message="Expected linebreaks to be &apos;LF&apos; but found &apos;CRLF&apos;."><![CDATA[line 56, col 14, Error - Expected linebreaks to be &apos;LF&apos; but found &apos;CRLF&apos;. (linebreak-style)]]></failure></testcase>
<testcase time="0" name="org.eslint.linebreak-style" classname="C:\work\dyrectorio\web\crux-ui\src\server\crux\registry-service"><failure message="Expected linebreaks to be &apos;LF&apos; but found &apos;CRLF&apos;."><![CDATA[line 57, col 18, Error - Expected linebreaks to be &apos;LF&apos; but found &apos;CRLF&apos;. (linebreak-style)]]></failure></testcase>
<testcase time="0" name="org.eslint.linebreak-style" classname="C:\work\dyrectorio\web\crux-ui\src\server\crux\registry-service"><failure message="Expected linebreaks to be &apos;LF&apos; but found &apos;CRLF&apos;."><![CDATA[line 58, col 48, Error - Expected linebreaks to be &apos;LF&apos; but found &apos;CRLF&apos;. (linebreak-style)]]></failure></testcase>
<testcase time="0" name="org.eslint.linebreak-style" classname="C:\work\dyrectorio\web\crux-ui\src\server\crux\registry-service"><failure message="Expected linebreaks to be &apos;LF&apos; but found &apos;CRLF&apos;."><![CDATA[line 59, col 6, Error - Expected linebreaks to be &apos;LF&apos; but found &apos;CRLF&apos;. (linebreak-style)]]></failure></testcase>
<testcase time="0" name="org.eslint.semi" classname="C:\work\dyrectorio\web\crux-ui\src\server\crux\registry-service"><failure message="Missing semicolon."><![CDATA[line 59, col 6, Error - Missing semicolon. (semi)]]></failure></testcase>
<testcase time="0" name="org.eslint.linebreak-style" classname="C:\work\dyrectorio\web\crux-ui\src\server\crux\registry-service"><failure message="Expected linebreaks to be &apos;LF&apos; but found &apos;CRLF&apos;."><![CDATA[line 60, col 4, Error - Expected linebreaks to be &apos;LF&apos; but found &apos;CRLF&apos;. (linebreak-style)]]></failure></testcase>
<testcase time="0" name="org.eslint.linebreak-style" classname="C:\work\dyrectorio\web\crux-ui\src\server\crux\registry-service"><failure message="Expected linebreaks to be &apos;LF&apos; but found &apos;CRLF&apos;."><![CDATA[line 61, col 1, Error - Expected linebreaks to be &apos;LF&apos; but found &apos;CRLF&apos;. (linebreak-style)]]></failure></testcase>
<testcase time="0" name="org.eslint.linebreak-style" classname="C:\work\dyrectorio\web\crux-ui\src\server\crux\registry-service"><failure message="Expected linebreaks to be &apos;LF&apos; but found &apos;CRLF&apos;."><![CDATA[line 62, col 67, Error - Expected linebreaks to be &apos;LF&apos; but found &apos;CRLF&apos;. (linebreak-style)]]></failure></testcase>
<testcase time="0" name="org.eslint.linebreak-style" classname="C:\work\dyrectorio\web\crux-ui\src\server\crux\registry-service"><failure message="Expected linebreaks to be &apos;LF&apos; but found &apos;CRLF&apos;."><![CDATA[line 63, col 41, Error - Expected linebreaks to be &apos;LF&apos; but found &apos;CRLF&apos;. (linebreak-style)]]></failure></testcase>
<testcase time="0" name="org.eslint.linebreak-style" classname="C:\work\dyrectorio\web\crux-ui\src\server\crux\registry-service"><failure message="Expected linebreaks to be &apos;LF&apos; but found &apos;CRLF&apos;."><![CDATA[line 64, col 37, Error - Expected linebreaks to be &apos;LF&apos; but found &apos;CRLF&apos;. (linebreak-style)]]></failure></testcase>
<testcase time="0" name="org.eslint.linebreak-style" classname="C:\work\dyrectorio\web\crux-ui\src\server\crux\registry-service"><failure message="Expected linebreaks to be &apos;LF&apos; but found &apos;CRLF&apos;."><![CDATA[line 65, col 10, Error - Expected linebreaks to be &apos;LF&apos; but found &apos;CRLF&apos;. (linebreak-style)]]></failure></testcase>
<testcase time="0" name="org.eslint.linebreak-style" classname="C:\work\dyrectorio\web\crux-ui\src\server\crux\registry-service"><failure message="Expected linebreaks to be &apos;LF&apos; but found &apos;CRLF&apos;."><![CDATA[line 66, col 6, Error - Expected linebreaks to be &apos;LF&apos; but found &apos;CRLF&apos;. (linebreak-style)]]></failure></testcase>
<testcase time="0" name="org.eslint.semi" classname="C:\work\dyrectorio\web\crux-ui\src\server\crux\registry-service"><failure message="Missing semicolon."><![CDATA[line 66, col 6, Error - Missing semicolon. (semi)]]></failure></testcase>
<testcase time="0" name="org.eslint.linebreak-style" classname="C:\work\dyrectorio\web\crux-ui\src\server\crux\registry-service"><failure message="Expected linebreaks to be &apos;LF&apos; but found &apos;CRLF&apos;."><![CDATA[line 67, col 1, Error - Expected linebreaks to be &apos;LF&apos; but found &apos;CRLF&apos;. (linebreak-style)]]></failure></testcase>
<testcase time="0" name="org.eslint.linebreak-style" classname="C:\work\dyrectorio\web\crux-ui\src\server\crux\registry-service"><failure message="Expected linebreaks to be &apos;LF&apos; but found &apos;CRLF&apos;."><![CDATA[line 68, col 36, Error - Expected linebreaks to be &apos;LF&apos; but found &apos;CRLF&apos;. (linebreak-style)]]></failure></testcase>
<testcase time="0" name="org.eslint.semi" classname="C:\work\dyrectorio\web\crux-ui\src\server\crux\registry-service"><failure message="Missing semicolon."><![CDATA[line 68, col 36, Error - Missing semicolon. (semi)]]></failure></testcase>
<testcase time="0" name="org.eslint.linebreak-style" classname="C:\work\dyrectorio\web\crux-ui\src\server\crux\registry-service"><failure message="Expected linebreaks to be &apos;LF&apos; but found &apos;CRLF&apos;."><![CDATA[line 69, col 1, Error - Expected linebreaks to be &apos;LF&apos; but found &apos;CRLF&apos;. (linebreak-style)]]></failure></testcase>
<testcase time="0" name="org.eslint.max-len" classname="C:\work\dyrectorio\web\crux-ui\src\server\crux\registry-service"><failure message="This line has a length of 120. Maximum allowed is 100."><![CDATA[line 70, col 1, Error - This line has a length of 120. Maximum allowed is 100. (max-len)]]></failure></testcase>
<testcase time="0" name="org.eslint.linebreak-style" classname="C:\work\dyrectorio\web\crux-ui\src\server\crux\registry-service"><failure message="Expected linebreaks to be &apos;LF&apos; but found &apos;CRLF&apos;."><![CDATA[line 70, col 121, Error - Expected linebreaks to be &apos;LF&apos; but found &apos;CRLF&apos;. (linebreak-style)]]></failure></testcase>
<testcase time="0" name="org.eslint.linebreak-style" classname="C:\work\dyrectorio\web\crux-ui\src\server\crux\registry-service"><failure message="Expected linebreaks to be &apos;LF&apos; but found &apos;CRLF&apos;."><![CDATA[line 71, col 29, Error - Expected linebreaks to be &apos;LF&apos; but found &apos;CRLF&apos;. (linebreak-style)]]></failure></testcase>
<testcase time="0" name="org.eslint.linebreak-style" classname="C:\work\dyrectorio\web\crux-ui\src\server\crux\registry-service"><failure message="Expected linebreaks to be &apos;LF&apos; but found &apos;CRLF&apos;."><![CDATA[line 72, col 11, Error - Expected linebreaks to be &apos;LF&apos; but found &apos;CRLF&apos;. (linebreak-style)]]></failure></testcase>
<testcase time="0" name="org.eslint.linebreak-style" classname="C:\work\dyrectorio\web\crux-ui\src\server\crux\registry-service"><failure message="Expected linebreaks to be &apos;LF&apos; but found &apos;CRLF&apos;."><![CDATA[line 73, col 6, Error - Expected linebreaks to be &apos;LF&apos; but found &apos;CRLF&apos;. (linebreak-style)]]></failure></testcase>
<testcase time="0" name="org.eslint.semi" classname="C:\work\dyrectorio\web\crux-ui\src\server\crux\registry-service"><failure message="Missing semicolon."><![CDATA[line 73, col 6, Error - Missing semicolon. (semi)]]></failure></testcase>
<testcase time="0" name="org.eslint.linebreak-style" classname="C:\work\dyrectorio\web\crux-ui\src\server\crux\registry-service"><failure message="Expected linebreaks to be &apos;LF&apos; but found &apos;CRLF&apos;."><![CDATA[line 74, col 1, Error - Expected linebreaks to be &apos;LF&apos; but found &apos;CRLF&apos;. (linebreak-style)]]></failure></testcase>
<testcase time="0" name="org.eslint.linebreak-style" classname="C:\work\dyrectorio\web\crux-ui\src\server\crux\registry-service"><failure message="Expected linebreaks to be &apos;LF&apos; but found &apos;CRLF&apos;."><![CDATA[line 75, col 41, Error - Expected linebreaks to be &apos;LF&apos; but found &apos;CRLF&apos;. (linebreak-style)]]></failure></testcase>
<testcase time="0" name="org.eslint.semi" classname="C:\work\dyrectorio\web\crux-ui\src\server\crux\registry-service"><failure message="Missing semicolon."><![CDATA[line 75, col 41, Error - Missing semicolon. (semi)]]></failure></testcase>
<testcase time="0" name="org.eslint.linebreak-style" classname="C:\work\dyrectorio\web\crux-ui\src\server\crux\registry-service"><failure message="Expected linebreaks to be &apos;LF&apos; but found &apos;CRLF&apos;."><![CDATA[line 76, col 4, Error - Expected linebreaks to be &apos;LF&apos; but found &apos;CRLF&apos;. (linebreak-style)]]></failure></testcase>
<testcase time="0" name="org.eslint.linebreak-style" classname="C:\work\dyrectorio\web\crux-ui\src\server\crux\registry-service"><failure message="Expected linebreaks to be &apos;LF&apos; but found &apos;CRLF&apos;."><![CDATA[line 77, col 1, Error - Expected linebreaks to be &apos;LF&apos; but found &apos;CRLF&apos;. (linebreak-style)]]></failure></testcase>
<testcase time="0" name="org.eslint.linebreak-style" classname="C:\work\dyrectorio\web\crux-ui\src\server\crux\registry-service"><failure message="Expected linebreaks to be &apos;LF&apos; but found &apos;CRLF&apos;."><![CDATA[line 78, col 29, Error - Expected linebreaks to be &apos;LF&apos; but found &apos;CRLF&apos;. (linebreak-style)]]></failure></testcase>
<testcase time="0" name="org.eslint.linebreak-style" classname="C:\work\dyrectorio\web\crux-ui\src\server\crux\registry-service"><failure message="Expected linebreaks to be &apos;LF&apos; but found &apos;CRLF&apos;."><![CDATA[line 79, col 29, Error - Expected linebreaks to be &apos;LF&apos; but found &apos;CRLF&apos;. (linebreak-style)]]></failure></testcase>
<testcase time="0" name="org.eslint.linebreak-style" classname="C:\work\dyrectorio\web\crux-ui\src\server\crux\registry-service"><failure message="Expected linebreaks to be &apos;LF&apos; but found &apos;CRLF&apos;."><![CDATA[line 80, col 10, Error - Expected linebreaks to be &apos;LF&apos; but found &apos;CRLF&apos;. (linebreak-style)]]></failure></testcase>
<testcase time="0" name="org.eslint.linebreak-style" classname="C:\work\dyrectorio\web\crux-ui\src\server\crux\registry-service"><failure message="Expected linebreaks to be &apos;LF&apos; but found &apos;CRLF&apos;."><![CDATA[line 81, col 36, Error - Expected linebreaks to be &apos;LF&apos; but found &apos;CRLF&apos;. (linebreak-style)]]></failure></testcase>
<testcase time="0" name="org.eslint.linebreak-style" classname="C:\work\dyrectorio\web\crux-ui\src\server\crux\registry-service"><failure message="Expected linebreaks to be &apos;LF&apos; but found &apos;CRLF&apos;."><![CDATA[line 82, col 6, Error - Expected linebreaks to be &apos;LF&apos; but found &apos;CRLF&apos;. (linebreak-style)]]></failure></testcase>
<testcase time="0" name="org.eslint.semi" classname="C:\work\dyrectorio\web\crux-ui\src\server\crux\registry-service"><failure message="Missing semicolon."><![CDATA[line 82, col 6, Error - Missing semicolon. (semi)]]></failure></testcase>
<testcase time="0" name="org.eslint.linebreak-style" classname="C:\work\dyrectorio\web\crux-ui\src\server\crux\registry-service"><failure message="Expected linebreaks to be &apos;LF&apos; but found &apos;CRLF&apos;."><![CDATA[line 83, col 1, Error - Expected linebreaks to be &apos;LF&apos; but found &apos;CRLF&apos;. (linebreak-style)]]></failure></testcase>
<testcase time="0" name="org.eslint.linebreak-style" classname="C:\work\dyrectorio\web\crux-ui\src\server\crux\registry-service"><failure message="Expected linebreaks to be &apos;LF&apos; but found &apos;CRLF&apos;."><![CDATA[line 84, col 36, Error - Expected linebreaks to be &apos;LF&apos; but found &apos;CRLF&apos;. (linebreak-style)]]></failure></testcase>
<testcase time="0" name="org.eslint.semi" classname="C:\work\dyrectorio\web\crux-ui\src\server\crux\registry-service"><failure message="Missing semicolon."><![CDATA[line 84, col 36, Error - Missing semicolon. (semi)]]></failure></testcase>
<testcase time="0" name="org.eslint.linebreak-style" classname="C:\work\dyrectorio\web\crux-ui\src\server\crux\registry-service"><failure message="Expected linebreaks to be &apos;LF&apos; but found &apos;CRLF&apos;."><![CDATA[line 85, col 1, Error - Expected linebreaks to be &apos;LF&apos; but found &apos;CRLF&apos;. (linebreak-style)]]></failure></testcase>
<testcase time="0" name="org.eslint.linebreak-style" classname="C:\work\dyrectorio\web\crux-ui\src\server\crux\registry-service"><failure message="Expected linebreaks to be &apos;LF&apos; but found &apos;CRLF&apos;."><![CDATA[line 86, col 97, Error - Expected linebreaks to be &apos;LF&apos; but found &apos;CRLF&apos;. (linebreak-style)]]></failure></testcase>
<testcase time="0" name="org.eslint.semi" classname="C:\work\dyrectorio\web\crux-ui\src\server\crux\registry-service"><failure message="Missing semicolon."><![CDATA[line 86, col 97, Error - Missing semicolon. (semi)]]></failure></testcase>
<testcase time="0" name="org.eslint.linebreak-style" classname="C:\work\dyrectorio\web\crux-ui\src\server\crux\registry-service"><failure message="Expected linebreaks to be &apos;LF&apos; but found &apos;CRLF&apos;."><![CDATA[line 87, col 4, Error - Expected linebreaks to be &apos;LF&apos; but found &apos;CRLF&apos;. (linebreak-style)]]></failure></testcase>
<testcase time="0" name="org.eslint.linebreak-style" classname="C:\work\dyrectorio\web\crux-ui\src\server\crux\registry-service"><failure message="Expected linebreaks to be &apos;LF&apos; but found &apos;CRLF&apos;."><![CDATA[line 88, col 1, Error - Expected linebreaks to be &apos;LF&apos; but found &apos;CRLF&apos;. (linebreak-style)]]></failure></testcase>
<testcase time="0" name="org.eslint.linebreak-style" classname="C:\work\dyrectorio\web\crux-ui\src\server\crux\registry-service"><failure message="Expected linebreaks to be &apos;LF&apos; but found &apos;CRLF&apos;."><![CDATA[line 89, col 67, Error - Expected linebreaks to be &apos;LF&apos; but found &apos;CRLF&apos;. (linebreak-style)]]></failure></testcase>
<testcase time="0" name="org.eslint.linebreak-style" classname="C:\work\dyrectorio\web\crux-ui\src\server\crux\registry-service"><failure message="Expected linebreaks to be &apos;LF&apos; but found &apos;CRLF&apos;."><![CDATA[line 90, col 29, Error - Expected linebreaks to be &apos;LF&apos; but found &apos;CRLF&apos;. (linebreak-style)]]></failure></testcase>
<testcase time="0" name="org.eslint.linebreak-style" classname="C:\work\dyrectorio\web\crux-ui\src\server\crux\registry-service"><failure message="Expected linebreaks to be &apos;LF&apos; but found &apos;CRLF&apos;."><![CDATA[line 91, col 10, Error - Expected linebreaks to be &apos;LF&apos; but found &apos;CRLF&apos;. (linebreak-style)]]></failure></testcase>
<testcase time="0" name="org.eslint.linebreak-style" classname="C:\work\dyrectorio\web\crux-ui\src\server\crux\registry-service"><failure message="Expected linebreaks to be &apos;LF&apos; but found &apos;CRLF&apos;."><![CDATA[line 92, col 36, Error - Expected linebreaks to be &apos;LF&apos; but found &apos;CRLF&apos;. (linebreak-style)]]></failure></testcase>
<testcase time="0" name="org.eslint.linebreak-style" classname="C:\work\dyrectorio\web\crux-ui\src\server\crux\registry-service"><failure message="Expected linebreaks to be &apos;LF&apos; but found &apos;CRLF&apos;."><![CDATA[line 93, col 6, Error - Expected linebreaks to be &apos;LF&apos; but found &apos;CRLF&apos;. (linebreak-style)]]></failure></testcase>
<testcase time="0" name="org.eslint.semi" classname="C:\work\dyrectorio\web\crux-ui\src\server\crux\registry-service"><failure message="Missing semicolon."><![CDATA[line 93, col 6, Error - Missing semicolon. (semi)]]></failure></testcase>
<testcase time="0" name="org.eslint.max-len" classname="C:\work\dyrectorio\web\crux-ui\src\server\crux\registry-service"><failure message="This line has a length of 115. Maximum allowed is 100."><![CDATA[line 94, col 1, Error - This line has a length of 115. Maximum allowed is 100. (max-len)]]></failure></testcase>
<testcase time="0" name="org.eslint.linebreak-style" classname="C:\work\dyrectorio\web\crux-ui\src\server\crux\registry-service"><failure message="Expected linebreaks to be &apos;LF&apos; but found &apos;CRLF&apos;."><![CDATA[line 94, col 116, Error - Expected linebreaks to be &apos;LF&apos; but found &apos;CRLF&apos;. (linebreak-style)]]></failure></testcase>
<testcase time="0" name="org.eslint.linebreak-style" classname="C:\work\dyrectorio\web\crux-ui\src\server\crux\registry-service"><failure message="Expected linebreaks to be &apos;LF&apos; but found &apos;CRLF&apos;."><![CDATA[line 95, col 17, Error - Expected linebreaks to be &apos;LF&apos; but found &apos;CRLF&apos;. (linebreak-style)]]></failure></testcase>
<testcase time="0" name="org.eslint.linebreak-style" classname="C:\work\dyrectorio\web\crux-ui\src\server\crux\registry-service"><failure message="Expected linebreaks to be &apos;LF&apos; but found &apos;CRLF&apos;."><![CDATA[line 96, col 11, Error - Expected linebreaks to be &apos;LF&apos; but found &apos;CRLF&apos;. (linebreak-style)]]></failure></testcase>
<testcase time="0" name="org.eslint.linebreak-style" classname="C:\work\dyrectorio\web\crux-ui\src\server\crux\registry-service"><failure message="Expected linebreaks to be &apos;LF&apos; but found &apos;CRLF&apos;."><![CDATA[line 97, col 6, Error - Expected linebreaks to be &apos;LF&apos; but found &apos;CRLF&apos;. (linebreak-style)]]></failure></testcase>
<testcase time="0" name="org.eslint.semi" classname="C:\work\dyrectorio\web\crux-ui\src\server\crux\registry-service"><failure message="Missing semicolon."><![CDATA[line 97, col 6, Error - Missing semicolon. (semi)]]></failure></testcase>
<testcase time="0" name="org.eslint.linebreak-style" classname="C:\work\dyrectorio\web\crux-ui\src\server\crux\registry-service"><failure message="Expected linebreaks to be &apos;LF&apos; but found &apos;CRLF&apos;."><![CDATA[line 98, col 1, Error - Expected linebreaks to be &apos;LF&apos; but found &apos;CRLF&apos;. (linebreak-style)]]></failure></testcase>
<testcase time="0" name="org.eslint.linebreak-style" classname="C:\work\dyrectorio\web\crux-ui\src\server\crux\registry-service"><failure message="Expected linebreaks to be &apos;LF&apos; but found &apos;CRLF&apos;."><![CDATA[line 99, col 13, Error - Expected linebreaks to be &apos;LF&apos; but found &apos;CRLF&apos;. (linebreak-style)]]></failure></testcase>
<testcase time="0" name="org.eslint.linebreak-style" classname="C:\work\dyrectorio\web\crux-ui\src\server\crux\registry-service"><failure message="Expected linebreaks to be &apos;LF&apos; but found &apos;CRLF&apos;."><![CDATA[line 100, col 18, Error - Expected linebreaks to be &apos;LF&apos; but found &apos;CRLF&apos;. (linebreak-style)]]></failure></testcase>
<testcase time="0" name="org.eslint.linebreak-style" classname="C:\work\dyrectorio\web\crux-ui\src\server\crux\registry-service"><failure message="Expected linebreaks to be &apos;LF&apos; but found &apos;CRLF&apos;."><![CDATA[line 101, col 22, Error - Expected linebreaks to be &apos;LF&apos; but found &apos;CRLF&apos;. (linebreak-style)]]></failure></testcase>
<testcase time="0" name="org.eslint.linebreak-style" classname="C:\work\dyrectorio\web\crux-ui\src\server\crux\registry-service"><failure message="Expected linebreaks to be &apos;LF&apos; but found &apos;CRLF&apos;."><![CDATA[line 102, col 36, Error - Expected linebreaks to be &apos;LF&apos; but found &apos;CRLF&apos;. (linebreak-style)]]></failure></testcase>
<testcase time="0" name="org.eslint.linebreak-style" classname="C:\work\dyrectorio\web\crux-ui\src\server\crux\registry-service"><failure message="Expected linebreaks to be &apos;LF&apos; but found &apos;CRLF&apos;."><![CDATA[line 103, col 30, Error - Expected linebreaks to be &apos;LF&apos; but found &apos;CRLF&apos;. (linebreak-style)]]></failure></testcase>
<testcase time="0" name="org.eslint.linebreak-style" classname="C:\work\dyrectorio\web\crux-ui\src\server\crux\registry-service"><failure message="Expected linebreaks to be &apos;LF&apos; but found &apos;CRLF&apos;."><![CDATA[line 104, col 77, Error - Expected linebreaks to be &apos;LF&apos; but found &apos;CRLF&apos;. (linebreak-style)]]></failure></testcase>
<testcase time="0" name="org.eslint.no-nested-ternary" classname="C:\work\dyrectorio\web\crux-ui\src\server\crux\registry-service"><failure message="Do not nest ternary expressions."><![CDATA[line 105, col 11, Error - Do not nest ternary expressions. (no-nested-ternary)]]></failure></testcase>
<testcase time="0" name="org.eslint.linebreak-style" classname="C:\work\dyrectorio\web\crux-ui\src\server\crux\registry-service"><failure message="Expected linebreaks to be &apos;LF&apos; but found &apos;CRLF&apos;."><![CDATA[line 105, col 18, Error - Expected linebreaks to be &apos;LF&apos; but found &apos;CRLF&apos;. (linebreak-style)]]></failure></testcase>
<testcase time="0" name="org.eslint.linebreak-style" classname="C:\work\dyrectorio\web\crux-ui\src\server\crux\registry-service"><failure message="Expected linebreaks to be &apos;LF&apos; but found &apos;CRLF&apos;."><![CDATA[line 106, col 12, Error - Expected linebreaks to be &apos;LF&apos; but found &apos;CRLF&apos;. (linebreak-style)]]></failure></testcase>
<testcase time="0" name="org.eslint.indent" classname="C:\work\dyrectorio\web\crux-ui\src\server\crux\registry-service"><failure message="Expected indentation of 10 spaces but found 12."><![CDATA[line 107, col 1, Error - Expected indentation of 10 spaces but found 12. (indent)]]></failure></testcase>
<testcase time="0" name="org.eslint.linebreak-style" classname="C:\work\dyrectorio\web\crux-ui\src\server\crux\registry-service"><failure message="Expected linebreaks to be &apos;LF&apos; but found &apos;CRLF&apos;."><![CDATA[line 107, col 25, Error - Expected linebreaks to be &apos;LF&apos; but found &apos;CRLF&apos;. (linebreak-style)]]></failure></testcase>
<testcase time="0" name="org.eslint.indent" classname="C:\work\dyrectorio\web\crux-ui\src\server\crux\registry-service"><failure message="Expected indentation of 10 spaces but found 12."><![CDATA[line 108, col 1, Error - Expected indentation of 10 spaces but found 12. (indent)]]></failure></testcase>
<testcase time="0" name="org.eslint.linebreak-style" classname="C:\work\dyrectorio\web\crux-ui\src\server\crux\registry-service"><failure message="Expected linebreaks to be &apos;LF&apos; but found &apos;CRLF&apos;."><![CDATA[line 108, col 24, Error - Expected linebreaks to be &apos;LF&apos; but found &apos;CRLF&apos;. (linebreak-style)]]></failure></testcase>
<testcase time="0" name="org.eslint.indent" classname="C:\work\dyrectorio\web\crux-ui\src\server\crux\registry-service"><failure message="Expected indentation of 8 spaces but found 10."><![CDATA[line 109, col 1, Error - Expected indentation of 8 spaces but found 10. (indent)]]></failure></testcase>
<testcase time="0" name="org.eslint.linebreak-style" classname="C:\work\dyrectorio\web\crux-ui\src\server\crux\registry-service"><failure message="Expected linebreaks to be &apos;LF&apos; but found &apos;CRLF&apos;."><![CDATA[line 109, col 12, Error - Expected linebreaks to be &apos;LF&apos; but found &apos;CRLF&apos;. (linebreak-style)]]></failure></testcase>
<testcase time="0" name="org.eslint.no-nested-ternary" classname="C:\work\dyrectorio\web\crux-ui\src\server\crux\registry-service"><failure message="Do not nest ternary expressions."><![CDATA[line 110, col 11, Error - Do not nest ternary expressions. (no-nested-ternary)]]></failure></testcase>
<testcase time="0" name="org.eslint.linebreak-style" classname="C:\work\dyrectorio\web\crux-ui\src\server\crux\registry-service"><failure message="Expected linebreaks to be &apos;LF&apos; but found &apos;CRLF&apos;."><![CDATA[line 110, col 17, Error - Expected linebreaks to be &apos;LF&apos; but found &apos;CRLF&apos;. (linebreak-style)]]></failure></testcase>
<testcase time="0" name="org.eslint.indent" classname="C:\work\dyrectorio\web\crux-ui\src\server\crux\registry-service"><failure message="Expected indentation of 10 spaces but found 8."><![CDATA[line 111, col 1, Error - Expected indentation of 10 spaces but found 8. (indent)]]></failure></testcase>
<testcase time="0" name="org.eslint.linebreak-style" classname="C:\work\dyrectorio\web\crux-ui\src\server\crux\registry-service"><failure message="Expected linebreaks to be &apos;LF&apos; but found &apos;CRLF&apos;."><![CDATA[line 111, col 12, Error - Expected linebreaks to be &apos;LF&apos; but found &apos;CRLF&apos;. (linebreak-style)]]></failure></testcase>
<testcase time="0" name="org.eslint.linebreak-style" classname="C:\work\dyrectorio\web\crux-ui\src\server\crux\registry-service"><failure message="Expected linebreaks to be &apos;LF&apos; but found &apos;CRLF&apos;."><![CDATA[line 112, col 24, Error - Expected linebreaks to be &apos;LF&apos; but found &apos;CRLF&apos;. (linebreak-style)]]></failure></testcase>
<testcase time="0" name="org.eslint.linebreak-style" classname="C:\work\dyrectorio\web\crux-ui\src\server\crux\registry-service"><failure message="Expected linebreaks to be &apos;LF&apos; but found &apos;CRLF&apos;."><![CDATA[line 113, col 23, Error - Expected linebreaks to be &apos;LF&apos; but found &apos;CRLF&apos;. (linebreak-style)]]></failure></testcase>
<testcase time="0" name="org.eslint.linebreak-style" classname="C:\work\dyrectorio\web\crux-ui\src\server\crux\registry-service"><failure message="Expected linebreaks to be &apos;LF&apos; but found &apos;CRLF&apos;."><![CDATA[line 114, col 37, Error - Expected linebreaks to be &apos;LF&apos; but found &apos;CRLF&apos;. (linebreak-style)]]></failure></testcase>
<testcase time="0" name="org.eslint.linebreak-style" classname="C:\work\dyrectorio\web\crux-ui\src\server\crux\registry-service"><failure message="Expected linebreaks to be &apos;LF&apos; but found &apos;CRLF&apos;."><![CDATA[line 115, col 12, Error - Expected linebreaks to be &apos;LF&apos; but found &apos;CRLF&apos;. (linebreak-style)]]></failure></testcase>
<testcase time="0" name="org.eslint.indent" classname="C:\work\dyrectorio\web\crux-ui\src\server\crux\registry-service"><failure message="Expected indentation of 10 spaces but found 8."><![CDATA[line 116, col 1, Error - Expected indentation of 10 spaces but found 8. (indent)]]></failure></testcase>
<testcase time="0" name="org.eslint.no-nested-ternary" classname="C:\work\dyrectorio\web\crux-ui\src\server\crux\registry-service"><failure message="Do not nest ternary expressions."><![CDATA[line 116, col 11, Error - Do not nest ternary expressions. (no-nested-ternary)]]></failure></testcase>
<testcase time="0" name="org.eslint.linebreak-style" classname="C:\work\dyrectorio\web\crux-ui\src\server\crux\registry-service"><failure message="Expected linebreaks to be &apos;LF&apos; but found &apos;CRLF&apos;."><![CDATA[line 116, col 21, Error - Expected linebreaks to be &apos;LF&apos; but found &apos;CRLF&apos;. (linebreak-style)]]></failure></testcase>
<testcase time="0" name="org.eslint.indent" classname="C:\work\dyrectorio\web\crux-ui\src\server\crux\registry-service"><failure message="Expected indentation of 12 spaces but found 8."><![CDATA[line 117, col 1, Error - Expected indentation of 12 spaces but found 8. (indent)]]></failure></testcase>
<testcase time="0" name="org.eslint.linebreak-style" classname="C:\work\dyrectorio\web\crux-ui\src\server\crux\registry-service"><failure message="Expected linebreaks to be &apos;LF&apos; but found &apos;CRLF&apos;."><![CDATA[line 117, col 12, Error - Expected linebreaks to be &apos;LF&apos; but found &apos;CRLF&apos;. (linebreak-style)]]></failure></testcase>
<testcase time="0" name="org.eslint.indent" classname="C:\work\dyrectorio\web\crux-ui\src\server\crux\registry-service"><failure message="Expected indentation of 14 spaces but found 12."><![CDATA[line 118, col 1, Error - Expected indentation of 14 spaces but found 12. (indent)]]></failure></testcase>
<testcase time="0" name="org.eslint.linebreak-style" classname="C:\work\dyrectorio\web\crux-ui\src\server\crux\registry-service"><failure message="Expected linebreaks to be &apos;LF&apos; but found &apos;CRLF&apos;."><![CDATA[line 118, col 28, Error - Expected linebreaks to be &apos;LF&apos; but found &apos;CRLF&apos;. (linebreak-style)]]></failure></testcase>
<testcase time="0" name="org.eslint.indent" classname="C:\work\dyrectorio\web\crux-ui\src\server\crux\registry-service"><failure message="Expected indentation of 14 spaces but found 12."><![CDATA[line 119, col 1, Error - Expected indentation of 14 spaces but found 12. (indent)]]></failure></testcase>
<testcase time="0" name="org.eslint.linebreak-style" classname="C:\work\dyrectorio\web\crux-ui\src\server\crux\registry-service"><failure message="Expected linebreaks to be &apos;LF&apos; but found &apos;CRLF&apos;."><![CDATA[line 119, col 27, Error - Expected linebreaks to be &apos;LF&apos; but found &apos;CRLF&apos;. (linebreak-style)]]></failure></testcase>
<testcase time="0" name="org.eslint.indent" classname="C:\work\dyrectorio\web\crux-ui\src\server\crux\registry-service"><failure message="Expected indentation of 14 spaces but found 12."><![CDATA[line 120, col 1, Error - Expected indentation of 14 spaces but found 12. (indent)]]></failure></testcase>
<testcase time="0" name="org.eslint.linebreak-style" classname="C:\work\dyrectorio\web\crux-ui\src\server\crux\registry-service"><failure message="Expected linebreaks to be &apos;LF&apos; but found &apos;CRLF&apos;."><![CDATA[line 120, col 46, Error - Expected linebreaks to be &apos;LF&apos; but found &apos;CRLF&apos;. (linebreak-style)]]></failure></testcase>
<testcase time="0" name="org.eslint.indent" classname="C:\work\dyrectorio\web\crux-ui\src\server\crux\registry-service"><failure message="Expected indentation of 12 spaces but found 10."><![CDATA[line 121, col 1, Error - Expected indentation of 12 spaces but found 10. (indent)]]></failure></testcase>
<testcase time="0" name="org.eslint.linebreak-style" classname="C:\work\dyrectorio\web\crux-ui\src\server\crux\registry-service"><failure message="Expected linebreaks to be &apos;LF&apos; but found &apos;CRLF&apos;."><![CDATA[line 121, col 12, Error - Expected linebreaks to be &apos;LF&apos; but found &apos;CRLF&apos;. (linebreak-style)]]></failure></testcase>
<testcase time="0" name="org.eslint.indent" classname="C:\work\dyrectorio\web\crux-ui\src\server\crux\registry-service"><failure message="Expected indentation of 12 spaces but found 8."><![CDATA[line 122, col 1, Error - Expected indentation of 12 spaces but found 8. (indent)]]></failure></testcase>
<testcase time="0" name="org.eslint.linebreak-style" classname="C:\work\dyrectorio\web\crux-ui\src\server\crux\registry-service"><failure message="Expected linebreaks to be &apos;LF&apos; but found &apos;CRLF&apos;."><![CDATA[line 122, col 21, Error - Expected linebreaks to be &apos;LF&apos; but found &apos;CRLF&apos;. (linebreak-style)]]></failure></testcase>
<testcase time="0" name="org.eslint.indent" classname="C:\work\dyrectorio\web\crux-ui\src\server\crux\registry-service"><failure message="Expected indentation of 14 spaces but found 8."><![CDATA[line 123, col 1, Error - Expected indentation of 14 spaces but found 8. (indent)]]></failure></testcase>
<testcase time="0" name="org.eslint.linebreak-style" classname="C:\work\dyrectorio\web\crux-ui\src\server\crux\registry-service"><failure message="Expected linebreaks to be &apos;LF&apos; but found &apos;CRLF&apos;."><![CDATA[line 123, col 12, Error - Expected linebreaks to be &apos;LF&apos; but found &apos;CRLF&apos;. (linebreak-style)]]></failure></testcase>
<testcase time="0" name="org.eslint.indent" classname="C:\work\dyrectorio\web\crux-ui\src\server\crux\registry-service"><failure message="Expected indentation of 16 spaces but found 12."><![CDATA[line 124, col 1, Error - Expected indentation of 16 spaces but found 12. (indent)]]></failure></testcase>
<testcase time="0" name="org.eslint.linebreak-style" classname="C:\work\dyrectorio\web\crux-ui\src\server\crux\registry-service"><failure message="Expected linebreaks to be &apos;LF&apos; but found &apos;CRLF&apos;."><![CDATA[line 124, col 28, Error - Expected linebreaks to be &apos;LF&apos; but found &apos;CRLF&apos;. (linebreak-style)]]></failure></testcase>
<testcase time="0" name="org.eslint.indent" classname="C:\work\dyrectorio\web\crux-ui\src\server\crux\registry-service"><failure message="Expected indentation of 16 spaces but found 12."><![CDATA[line 125, col 1, Error - Expected indentation of 16 spaces but found 12. (indent)]]></failure></testcase>
<testcase time="0" name="org.eslint.linebreak-style" classname="C:\work\dyrectorio\web\crux-ui\src\server\crux\registry-service"><failure message="Expected linebreaks to be &apos;LF&apos; but found &apos;CRLF&apos;."><![CDATA[line 125, col 27, Error - Expected linebreaks to be &apos;LF&apos; but found &apos;CRLF&apos;. (linebreak-style)]]></failure></testcase>
<testcase time="0" name="org.eslint.indent" classname="C:\work\dyrectorio\web\crux-ui\src\server\crux\registry-service"><failure message="Expected indentation of 14 spaces but found 10."><![CDATA[line 126, col 1, Error - Expected indentation of 14 spaces but found 10. (indent)]]></failure></testcase>
<testcase time="0" name="org.eslint.linebreak-style" classname="C:\work\dyrectorio\web\crux-ui\src\server\crux\registry-service"><failure message="Expected linebreaks to be &apos;LF&apos; but found &apos;CRLF&apos;."><![CDATA[line 126, col 12, Error - Expected linebreaks to be &apos;LF&apos; but found &apos;CRLF&apos;. (linebreak-style)]]></failure></testcase>
<testcase time="0" name="org.eslint.indent" classname="C:\work\dyrectorio\web\crux-ui\src\server\crux\registry-service"><failure message="Expected indentation of 14 spaces but found 8."><![CDATA[line 127, col 1, Error - Expected indentation of 14 spaces but found 8. (indent)]]></failure></testcase>
<testcase time="0" name="org.eslint.linebreak-style" classname="C:\work\dyrectorio\web\crux-ui\src\server\crux\registry-service"><failure message="Expected linebreaks to be &apos;LF&apos; but found &apos;CRLF&apos;."><![CDATA[line 127, col 12, Error - Expected linebreaks to be &apos;LF&apos; but found &apos;CRLF&apos;. (linebreak-style)]]></failure></testcase>
<testcase time="0" name="org.eslint.indent" classname="C:\work\dyrectorio\web\crux-ui\src\server\crux\registry-service"><failure message="Expected indentation of 16 spaces but found 12."><![CDATA[line 128, col 1, Error - Expected indentation of 16 spaces but found 12. (indent)]]></failure></testcase>
<testcase time="0" name="org.eslint.linebreak-style" classname="C:\work\dyrectorio\web\crux-ui\src\server\crux\registry-service"><failure message="Expected linebreaks to be &apos;LF&apos; but found &apos;CRLF&apos;."><![CDATA[line 128, col 28, Error - Expected linebreaks to be &apos;LF&apos; but found &apos;CRLF&apos;. (linebreak-style)]]></failure></testcase>
<testcase time="0" name="org.eslint.indent" classname="C:\work\dyrectorio\web\crux-ui\src\server\crux\registry-service"><failure message="Expected indentation of 16 spaces but found 12."><![CDATA[line 129, col 1, Error - Expected indentation of 16 spaces but found 12. (indent)]]></failure></testcase>
<testcase time="0" name="org.eslint.linebreak-style" classname="C:\work\dyrectorio\web\crux-ui\src\server\crux\registry-service"><failure message="Expected linebreaks to be &apos;LF&apos; but found &apos;CRLF&apos;."><![CDATA[line 129, col 27, Error - Expected linebreaks to be &apos;LF&apos; but found &apos;CRLF&apos;. (linebreak-style)]]></failure></testcase>
<testcase time="0" name="org.eslint.indent" classname="C:\work\dyrectorio\web\crux-ui\src\server\crux\registry-service"><failure message="Expected indentation of 16 spaces but found 12."><![CDATA[line 130, col 1, Error - Expected indentation of 16 spaces but found 12. (indent)]]></failure></testcase>
<testcase time="0" name="org.eslint.linebreak-style" classname="C:\work\dyrectorio\web\crux-ui\src\server\crux\registry-service"><failure message="Expected linebreaks to be &apos;LF&apos; but found &apos;CRLF&apos;."><![CDATA[line 130, col 41, Error - Expected linebreaks to be &apos;LF&apos; but found &apos;CRLF&apos;. (linebreak-style)]]></failure></testcase>
<testcase time="0" name="org.eslint.indent" classname="C:\work\dyrectorio\web\crux-ui\src\server\crux\registry-service"><failure message="Expected indentation of 14 spaces but found 10."><![CDATA[line 131, col 1, Error - Expected indentation of 14 spaces but found 10. (indent)]]></failure></testcase>
<testcase time="0" name="org.eslint.linebreak-style" classname="C:\work\dyrectorio\web\crux-ui\src\server\crux\registry-service"><failure message="Expected linebreaks to be &apos;LF&apos; but found &apos;CRLF&apos;."><![CDATA[line 131, col 14, Error - Expected linebreaks to be &apos;LF&apos; but found &apos;CRLF&apos;. (linebreak-style)]]></failure></testcase>
<testcase time="0" name="org.eslint.linebreak-style" classname="C:\work\dyrectorio\web\crux-ui\src\server\crux\registry-service"><failure message="Expected linebreaks to be &apos;LF&apos; but found &apos;CRLF&apos;."><![CDATA[line 132, col 6, Error - Expected linebreaks to be &apos;LF&apos; but found &apos;CRLF&apos;. (linebreak-style)]]></failure></testcase>
<testcase time="0" name="org.eslint.semi" classname="C:\work\dyrectorio\web\crux-ui\src\server\crux\registry-service"><failure message="Missing semicolon."><![CDATA[line 132, col 6, Error - Missing semicolon. (semi)]]></failure></testcase>
<testcase time="0" name="org.eslint.linebreak-style" classname="C:\work\dyrectorio\web\crux-ui\src\server\crux\registry-service"><failure message="Expected linebreaks to be &apos;LF&apos; but found &apos;CRLF&apos;."><![CDATA[line 133, col 4, Error - Expected linebreaks to be &apos;LF&apos; but found &apos;CRLF&apos;. (linebreak-style)]]></failure></testcase>
<testcase time="0" name="org.eslint.linebreak-style" classname="C:\work\dyrectorio\web\crux-ui\src\server\crux\registry-service"><failure message="Expected linebreaks to be &apos;LF&apos; but found &apos;CRLF&apos;."><![CDATA[line 134, col 1, Error - Expected linebreaks to be &apos;LF&apos; but found &apos;CRLF&apos;. (linebreak-style)]]></failure></testcase>
<testcase time="0" name="org.eslint.class-methods-use-this" classname="C:\work\dyrectorio\web\crux-ui\src\server\crux\registry-service"><failure message="Expected &apos;this&apos; to be used by class method &apos;registryTypeProtoToDto&apos;."><![CDATA[line 135, col 3, Error - Expected &apos;this&apos; to be used by class method &apos;registryTypeProtoToDto&apos;. (class-methods-use-this)]]></failure></testcase>
<testcase time="0" name="org.eslint.linebreak-style" classname="C:\work\dyrectorio\web\crux-ui\src\server\crux\registry-service"><failure message="Expected linebreaks to be &apos;LF&apos; but found &apos;CRLF&apos;."><![CDATA[line 135, col 74, Error - Expected linebreaks to be &apos;LF&apos; but found &apos;CRLF&apos;. (linebreak-style)]]></failure></testcase>
<testcase time="0" name="org.eslint.linebreak-style" classname="C:\work\dyrectorio\web\crux-ui\src\server\crux\registry-service"><failure message="Expected linebreaks to be &apos;LF&apos; but found &apos;CRLF&apos;."><![CDATA[line 136, col 72, Error - Expected linebreaks to be &apos;LF&apos; but found &apos;CRLF&apos;. (linebreak-style)]]></failure></testcase>
<testcase time="0" name="org.eslint.semi" classname="C:\work\dyrectorio\web\crux-ui\src\server\crux\registry-service"><failure message="Missing semicolon."><![CDATA[line 136, col 72, Error - Missing semicolon. (semi)]]></failure></testcase>
<testcase time="0" name="org.eslint.linebreak-style" classname="C:\work\dyrectorio\web\crux-ui\src\server\crux\registry-service"><failure message="Expected linebreaks to be &apos;LF&apos; but found &apos;CRLF&apos;."><![CDATA[line 137, col 4, Error - Expected linebreaks to be &apos;LF&apos; but found &apos;CRLF&apos;. (linebreak-style)]]></failure></testcase>
<testcase time="0" name="org.eslint.linebreak-style" classname="C:\work\dyrectorio\web\crux-ui\src\server\crux\registry-service"><failure message="Expected linebreaks to be &apos;LF&apos; but found &apos;CRLF&apos;."><![CDATA[line 138, col 1, Error - Expected linebreaks to be &apos;LF&apos; but found &apos;CRLF&apos;. (linebreak-style)]]></failure></testcase>
<testcase time="0" name="org.eslint.linebreak-style" classname="C:\work\dyrectorio\web\crux-ui\src\server\crux\registry-service"><failure message="Expected linebreaks to be &apos;LF&apos; but found &apos;CRLF&apos;."><![CDATA[line 139, col 73, Error - Expected linebreaks to be &apos;LF&apos; but found &apos;CRLF&apos;. (linebreak-style)]]></failure></testcase>
<testcase time="0" name="org.eslint.linebreak-style" classname="C:\work\dyrectorio\web\crux-ui\src\server\crux\registry-service"><failure message="Expected linebreaks to be &apos;LF&apos; but found &apos;CRLF&apos;."><![CDATA[line 140, col 13, Error - Expected linebreaks to be &apos;LF&apos; but found &apos;CRLF&apos;. (linebreak-style)]]></failure></testcase>
<testcase time="0" name="org.eslint.linebreak-style" classname="C:\work\dyrectorio\web\crux-ui\src\server\crux\registry-service"><failure message="Expected linebreaks to be &apos;LF&apos; but found &apos;CRLF&apos;."><![CDATA[line 141, col 22, Error - Expected linebreaks to be &apos;LF&apos; but found &apos;CRLF&apos;. (linebreak-style)]]></failure></testcase>
<testcase time="0" name="org.eslint.linebreak-style" classname="C:\work\dyrectorio\web\crux-ui\src\server\crux\registry-service"><failure message="Expected linebreaks to be &apos;LF&apos; but found &apos;CRLF&apos;."><![CDATA[line 142, col 36, Error - Expected linebreaks to be &apos;LF&apos; but found &apos;CRLF&apos;. (linebreak-style)]]></failure></testcase>
<testcase time="0" name="org.eslint.linebreak-style" classname="C:\work\dyrectorio\web\crux-ui\src\server\crux\registry-service"><failure message="Expected linebreaks to be &apos;LF&apos; but found &apos;CRLF&apos;."><![CDATA[line 143, col 22, Error - Expected linebreaks to be &apos;LF&apos; but found &apos;CRLF&apos;. (linebreak-style)]]></failure></testcase>
<testcase time="0" name="org.eslint.linebreak-style" classname="C:\work\dyrectorio\web\crux-ui\src\server\crux\registry-service"><failure message="Expected linebreaks to be &apos;LF&apos; but found &apos;CRLF&apos;."><![CDATA[line 144, col 36, Error - Expected linebreaks to be &apos;LF&apos; but found &apos;CRLF&apos;. (linebreak-style)]]></failure></testcase>
<testcase time="0" name="org.eslint.linebreak-style" classname="C:\work\dyrectorio\web\crux-ui\src\server\crux\registry-service"><failure message="Expected linebreaks to be &apos;LF&apos; but found &apos;CRLF&apos;."><![CDATA[line 145, col 11, Error - Expected linebreaks to be &apos;LF&apos; but found &apos;CRLF&apos;. (linebreak-style)]]></failure></testcase>
<testcase time="0" name="org.eslint.linebreak-style" classname="C:\work\dyrectorio\web\crux-ui\src\server\crux\registry-service"><failure message="Expected linebreaks to be &apos;LF&apos; but found &apos;CRLF&apos;."><![CDATA[line 146, col 27, Error - Expected linebreaks to be &apos;LF&apos; but found &apos;CRLF&apos;. (linebreak-style)]]></failure></testcase>
<testcase time="0" name="org.eslint.linebreak-style" classname="C:\work\dyrectorio\web\crux-ui\src\server\crux\registry-service"><failure message="Expected linebreaks to be &apos;LF&apos; but found &apos;CRLF&apos;."><![CDATA[line 147, col 17, Error - Expected linebreaks to be &apos;LF&apos; but found &apos;CRLF&apos;. (linebreak-style)]]></failure></testcase>
<testcase time="0" name="org.eslint.linebreak-style" classname="C:\work\dyrectorio\web\crux-ui\src\server\crux\registry-service"><failure message="Expected linebreaks to be &apos;LF&apos; but found &apos;CRLF&apos;."><![CDATA[line 148, col 14, Error - Expected linebreaks to be &apos;LF&apos; but found &apos;CRLF&apos;. (linebreak-style)]]></failure></testcase>
<testcase time="0" name="org.eslint.indent" classname="C:\work\dyrectorio\web\crux-ui\src\server\crux\registry-service"><failure message="Expected indentation of 12 spaces but found 14."><![CDATA[line 149, col 1, Error - Expected indentation of 12 spaces but found 14. (indent)]]></failure></testcase>
<testcase time="0" name="org.eslint.linebreak-style" classname="C:\work\dyrectorio\web\crux-ui\src\server\crux\registry-service"><failure message="Expected linebreaks to be &apos;LF&apos; but found &apos;CRLF&apos;."><![CDATA[line 149, col 52, Error - Expected linebreaks to be &apos;LF&apos; but found &apos;CRLF&apos;. (linebreak-style)]]></failure></testcase>
<testcase time="0" name="org.eslint.indent" classname="C:\work\dyrectorio\web\crux-ui\src\server\crux\registry-service"><failure message="Expected indentation of 10 spaces but found 12."><![CDATA[line 150, col 1, Error - Expected indentation of 10 spaces but found 12. (indent)]]></failure></testcase>
<testcase time="0" name="org.eslint.linebreak-style" classname="C:\work\dyrectorio\web\crux-ui\src\server\crux\registry-service"><failure message="Expected linebreaks to be &apos;LF&apos; but found &apos;CRLF&apos;."><![CDATA[line 150, col 15, Error - Expected linebreaks to be &apos;LF&apos; but found &apos;CRLF&apos;. (linebreak-style)]]></failure></testcase>
<testcase time="0" name="org.eslint.linebreak-style" classname="C:\work\dyrectorio\web\crux-ui\src\server\crux\registry-service"><failure message="Expected linebreaks to be &apos;LF&apos; but found &apos;CRLF&apos;."><![CDATA[line 151, col 10, Error - Expected linebreaks to be &apos;LF&apos; but found &apos;CRLF&apos;. (linebreak-style)]]></failure></testcase>
<testcase time="0" name="org.eslint.linebreak-style" classname="C:\work\dyrectorio\web\crux-ui\src\server\crux\registry-service"><failure message="Expected linebreaks to be &apos;LF&apos; but found &apos;CRLF&apos;."><![CDATA[line 152, col 26, Error - Expected linebreaks to be &apos;LF&apos; but found &apos;CRLF&apos;. (linebreak-style)]]></failure></testcase>
<testcase time="0" name="org.eslint.linebreak-style" classname="C:\work\dyrectorio\web\crux-ui\src\server\crux\registry-service"><failure message="Expected linebreaks to be &apos;LF&apos; but found &apos;CRLF&apos;."><![CDATA[line 153, col 17, Error - Expected linebreaks to be &apos;LF&apos; but found &apos;CRLF&apos;. (linebreak-style)]]></failure></testcase>
<testcase time="0" name="org.eslint.linebreak-style" classname="C:\work\dyrectorio\web\crux-ui\src\server\crux\registry-service"><failure message="Expected linebreaks to be &apos;LF&apos; but found &apos;CRLF&apos;."><![CDATA[line 154, col 14, Error - Expected linebreaks to be &apos;LF&apos; but found &apos;CRLF&apos;. (linebreak-style)]]></failure></testcase>
<testcase time="0" name="org.eslint.indent" classname="C:\work\dyrectorio\web\crux-ui\src\server\crux\registry-service"><failure message="Expected indentation of 12 spaces but found 14."><![CDATA[line 155, col 1, Error - Expected indentation of 12 spaces but found 14. (indent)]]></failure></testcase>
<testcase time="0" name="org.eslint.linebreak-style" classname="C:\work\dyrectorio\web\crux-ui\src\server\crux\registry-service"><failure message="Expected linebreaks to be &apos;LF&apos; but found &apos;CRLF&apos;."><![CDATA[line 155, col 28, Error - Expected linebreaks to be &apos;LF&apos; but found &apos;CRLF&apos;. (linebreak-style)]]></failure></testcase>
<testcase time="0" name="org.eslint.indent" classname="C:\work\dyrectorio\web\crux-ui\src\server\crux\registry-service"><failure message="Expected indentation of 12 spaces but found 14."><![CDATA[line 156, col 1, Error - Expected indentation of 12 spaces but found 14. (indent)]]></failure></testcase>
<testcase time="0" name="org.eslint.linebreak-style" classname="C:\work\dyrectorio\web\crux-ui\src\server\crux\registry-service"><failure message="Expected linebreaks to be &apos;LF&apos; but found &apos;CRLF&apos;."><![CDATA[line 156, col 30, Error - Expected linebreaks to be &apos;LF&apos; but found &apos;CRLF&apos;. (linebreak-style)]]></failure></testcase>
<testcase time="0" name="org.eslint.indent" classname="C:\work\dyrectorio\web\crux-ui\src\server\crux\registry-service"><failure message="Expected indentation of 12 spaces but found 14."><![CDATA[line 157, col 1, Error - Expected indentation of 12 spaces but found 14. (indent)]]></failure></testcase>
<testcase time="0" name="org.eslint.linebreak-style" classname="C:\work\dyrectorio\web\crux-ui\src\server\crux\registry-service"><failure message="Expected linebreaks to be &apos;LF&apos; but found &apos;CRLF&apos;."><![CDATA[line 157, col 32, Error - Expected linebreaks to be &apos;LF&apos; but found &apos;CRLF&apos;. (linebreak-style)]]></failure></testcase>
<testcase time="0" name="org.eslint.indent" classname="C:\work\dyrectorio\web\crux-ui\src\server\crux\registry-service"><failure message="Expected indentation of 10 spaces but found 12."><![CDATA[line 158, col 1, Error - Expected indentation of 10 spaces but found 12. (indent)]]></failure></testcase>
<testcase time="0" name="org.eslint.linebreak-style" classname="C:\work\dyrectorio\web\crux-ui\src\server\crux\registry-service"><failure message="Expected linebreaks to be &apos;LF&apos; but found &apos;CRLF&apos;."><![CDATA[line 158, col 15, Error - Expected linebreaks to be &apos;LF&apos; but found &apos;CRLF&apos;. (linebreak-style)]]></failure></testcase>
<testcase time="0" name="org.eslint.linebreak-style" classname="C:\work\dyrectorio\web\crux-ui\src\server\crux\registry-service"><failure message="Expected linebreaks to be &apos;LF&apos; but found &apos;CRLF&apos;."><![CDATA[line 159, col 14, Error - Expected linebreaks to be &apos;LF&apos; but found &apos;CRLF&apos;. (linebreak-style)]]></failure></testcase>
<testcase time="0" name="org.eslint.linebreak-style" classname="C:\work\dyrectorio\web\crux-ui\src\server\crux\registry-service"><failure message="Expected linebreaks to be &apos;LF&apos; but found &apos;CRLF&apos;."><![CDATA[line 160, col 30, Error - Expected linebreaks to be &apos;LF&apos; but found &apos;CRLF&apos;. (linebreak-style)]]></failure></testcase>
<testcase time="0" name="org.eslint.linebreak-style" classname="C:\work\dyrectorio\web\crux-ui\src\server\crux\registry-service"><failure message="Expected linebreaks to be &apos;LF&apos; but found &apos;CRLF&apos;."><![CDATA[line 161, col 17, Error - Expected linebreaks to be &apos;LF&apos; but found &apos;CRLF&apos;. (linebreak-style)]]></failure></testcase>
<testcase time="0" name="org.eslint.linebreak-style" classname="C:\work\dyrectorio\web\crux-ui\src\server\crux\registry-service"><failure message="Expected linebreaks to be &apos;LF&apos; but found &apos;CRLF&apos;."><![CDATA[line 162, col 14, Error - Expected linebreaks to be &apos;LF&apos; but found &apos;CRLF&apos;. (linebreak-style)]]></failure></testcase>
<testcase time="0" name="org.eslint.indent" classname="C:\work\dyrectorio\web\crux-ui\src\server\crux\registry-service"><failure message="Expected indentation of 12 spaces but found 14."><![CDATA[line 163, col 1, Error - Expected indentation of 12 spaces but found 14. (indent)]]></failure></testcase>
<testcase time="0" name="org.eslint.linebreak-style" classname="C:\work\dyrectorio\web\crux-ui\src\server\crux\registry-service"><failure message="Expected linebreaks to be &apos;LF&apos; but found &apos;CRLF&apos;."><![CDATA[line 163, col 30, Error - Expected linebreaks to be &apos;LF&apos; but found &apos;CRLF&apos;. (linebreak-style)]]></failure></testcase>
<testcase time="0" name="org.eslint.indent" classname="C:\work\dyrectorio\web\crux-ui\src\server\crux\registry-service"><failure message="Expected indentation of 12 spaces but found 14."><![CDATA[line 164, col 1, Error - Expected indentation of 12 spaces but found 14. (indent)]]></failure></testcase>
<testcase time="0" name="org.eslint.linebreak-style" classname="C:\work\dyrectorio\web\crux-ui\src\server\crux\registry-service"><failure message="Expected linebreaks to be &apos;LF&apos; but found &apos;CRLF&apos;."><![CDATA[line 164, col 32, Error - Expected linebreaks to be &apos;LF&apos; but found &apos;CRLF&apos;. (linebreak-style)]]></failure></testcase>
<testcase time="0" name="org.eslint.indent" classname="C:\work\dyrectorio\web\crux-ui\src\server\crux\registry-service"><failure message="Expected indentation of 12 spaces but found 14."><![CDATA[line 165, col 1, Error - Expected indentation of 12 spaces but found 14. (indent)]]></failure></testcase>
<testcase time="0" name="org.eslint.linebreak-style" classname="C:\work\dyrectorio\web\crux-ui\src\server\crux\registry-service"><failure message="Expected linebreaks to be &apos;LF&apos; but found &apos;CRLF&apos;."><![CDATA[line 165, col 52, Error - Expected linebreaks to be &apos;LF&apos; but found &apos;CRLF&apos;. (linebreak-style)]]></failure></testcase>
<testcase time="0" name="org.eslint.indent" classname="C:\work\dyrectorio\web\crux-ui\src\server\crux\registry-service"><failure message="Expected indentation of 12 spaces but found 14."><![CDATA[line 166, col 1, Error - Expected indentation of 12 spaces but found 14. (indent)]]></failure></testcase>
<testcase time="0" name="org.eslint.linebreak-style" classname="C:\work\dyrectorio\web\crux-ui\src\server\crux\registry-service"><failure message="Expected linebreaks to be &apos;LF&apos; but found &apos;CRLF&apos;."><![CDATA[line 166, col 53, Error - Expected linebreaks to be &apos;LF&apos; but found &apos;CRLF&apos;. (linebreak-style)]]></failure></testcase>
<testcase time="0" name="org.eslint.indent" classname="C:\work\dyrectorio\web\crux-ui\src\server\crux\registry-service"><failure message="Expected indentation of 12 spaces but found 14."><![CDATA[line 167, col 1, Error - Expected indentation of 12 spaces but found 14. (indent)]]></failure></testcase>
<testcase time="0" name="org.eslint.linebreak-style" classname="C:\work\dyrectorio\web\crux-ui\src\server\crux\registry-service"><failure message="Expected linebreaks to be &apos;LF&apos; but found &apos;CRLF&apos;."><![CDATA[line 167, col 59, Error - Expected linebreaks to be &apos;LF&apos; but found &apos;CRLF&apos;. (linebreak-style)]]></failure></testcase>
<testcase time="0" name="org.eslint.indent" classname="C:\work\dyrectorio\web\crux-ui\src\server\crux\registry-service"><failure message="Expected indentation of 10 spaces but found 12."><![CDATA[line 168, col 1, Error - Expected indentation of 10 spaces but found 12. (indent)]]></failure></testcase>
<testcase time="0" name="org.eslint.linebreak-style" classname="C:\work\dyrectorio\web\crux-ui\src\server\crux\registry-service"><failure message="Expected linebreaks to be &apos;LF&apos; but found &apos;CRLF&apos;."><![CDATA[line 168, col 15, Error - Expected linebreaks to be &apos;LF&apos; but found &apos;CRLF&apos;. (linebreak-style)]]></failure></testcase>
<testcase time="0" name="org.eslint.linebreak-style" classname="C:\work\dyrectorio\web\crux-ui\src\server\crux\registry-service"><failure message="Expected linebreaks to be &apos;LF&apos; but found &apos;CRLF&apos;."><![CDATA[line 169, col 14, Error - Expected linebreaks to be &apos;LF&apos; but found &apos;CRLF&apos;. (linebreak-style)]]></failure></testcase>
<testcase time="0" name="org.eslint.linebreak-style" classname="C:\work\dyrectorio\web\crux-ui\src\server\crux\registry-service"><failure message="Expected linebreaks to be &apos;LF&apos; but found &apos;CRLF&apos;."><![CDATA[line 170, col 30, Error - Expected linebreaks to be &apos;LF&apos; but found &apos;CRLF&apos;. (linebreak-style)]]></failure></testcase>
<testcase time="0" name="org.eslint.linebreak-style" classname="C:\work\dyrectorio\web\crux-ui\src\server\crux\registry-service"><failure message="Expected linebreaks to be &apos;LF&apos; but found &apos;CRLF&apos;."><![CDATA[line 171, col 17, Error - Expected linebreaks to be &apos;LF&apos; but found &apos;CRLF&apos;. (linebreak-style)]]></failure></testcase>
<testcase time="0" name="org.eslint.linebreak-style" classname="C:\work\dyrectorio\web\crux-ui\src\server\crux\registry-service"><failure message="Expected linebreaks to be &apos;LF&apos; but found &apos;CRLF&apos;."><![CDATA[line 172, col 14, Error - Expected linebreaks to be &apos;LF&apos; but found &apos;CRLF&apos;. (linebreak-style)]]></failure></testcase>
<testcase time="0" name="org.eslint.indent" classname="C:\work\dyrectorio\web\crux-ui\src\server\crux\registry-service"><failure message="Expected indentation of 12 spaces but found 14."><![CDATA[line 173, col 1, Error - Expected indentation of 12 spaces but found 14. (indent)]]></failure></testcase>
<testcase time="0" name="org.eslint.linebreak-style" classname="C:\work\dyrectorio\web\crux-ui\src\server\crux\registry-service"><failure message="Expected linebreaks to be &apos;LF&apos; but found &apos;CRLF&apos;."><![CDATA[line 173, col 30, Error - Expected linebreaks to be &apos;LF&apos; but found &apos;CRLF&apos;. (linebreak-style)]]></failure></testcase>
<testcase time="0" name="org.eslint.indent" classname="C:\work\dyrectorio\web\crux-ui\src\server\crux\registry-service"><failure message="Expected indentation of 12 spaces but found 14."><![CDATA[line 174, col 1, Error - Expected indentation of 12 spaces but found 14. (indent)]]></failure></testcase>
<testcase time="0" name="org.eslint.linebreak-style" classname="C:\work\dyrectorio\web\crux-ui\src\server\crux\registry-service"><failure message="Expected linebreaks to be &apos;LF&apos; but found &apos;CRLF&apos;."><![CDATA[line 174, col 32, Error - Expected linebreaks to be &apos;LF&apos; but found &apos;CRLF&apos;. (linebreak-style)]]></failure></testcase>
<testcase time="0" name="org.eslint.indent" classname="C:\work\dyrectorio\web\crux-ui\src\server\crux\registry-service"><failure message="Expected indentation of 12 spaces but found 14."><![CDATA[line 175, col 1, Error - Expected indentation of 12 spaces but found 14. (indent)]]></failure></testcase>
<testcase time="0" name="org.eslint.linebreak-style" classname="C:\work\dyrectorio\web\crux-ui\src\server\crux\registry-service"><failure message="Expected linebreaks to be &apos;LF&apos; but found &apos;CRLF&apos;."><![CDATA[line 175, col 52, Error - Expected linebreaks to be &apos;LF&apos; but found &apos;CRLF&apos;. (linebreak-style)]]></failure></testcase>
<testcase time="0" name="org.eslint.indent" classname="C:\work\dyrectorio\web\crux-ui\src\server\crux\registry-service"><failure message="Expected indentation of 10 spaces but found 12."><![CDATA[line 176, col 1, Error - Expected indentation of 10 spaces but found 12. (indent)]]></failure></testcase>
<testcase time="0" name="org.eslint.linebreak-style" classname="C:\work\dyrectorio\web\crux-ui\src\server\crux\registry-service"><failure message="Expected linebreaks to be &apos;LF&apos; but found &apos;CRLF&apos;."><![CDATA[line 176, col 15, Error - Expected linebreaks to be &apos;LF&apos; but found &apos;CRLF&apos;. (linebreak-style)]]></failure></testcase>
<testcase time="0" name="org.eslint.linebreak-style" classname="C:\work\dyrectorio\web\crux-ui\src\server\crux\registry-service"><failure message="Expected linebreaks to be &apos;LF&apos; but found &apos;CRLF&apos;."><![CDATA[line 177, col 14, Error - Expected linebreaks to be &apos;LF&apos; but found &apos;CRLF&apos;. (linebreak-style)]]></failure></testcase>
<testcase time="0" name="org.eslint.linebreak-style" classname="C:\work\dyrectorio\web\crux-ui\src\server\crux\registry-service"><failure message="Expected linebreaks to be &apos;LF&apos; but found &apos;CRLF&apos;."><![CDATA[line 178, col 30, Error - Expected linebreaks to be &apos;LF&apos; but found &apos;CRLF&apos;. (linebreak-style)]]></failure></testcase>
<testcase time="0" name="org.eslint.linebreak-style" classname="C:\work\dyrectorio\web\crux-ui\src\server\crux\registry-service"><failure message="Expected linebreaks to be &apos;LF&apos; but found &apos;CRLF&apos;."><![CDATA[line 179, col 17, Error - Expected linebreaks to be &apos;LF&apos; but found &apos;CRLF&apos;. (linebreak-style)]]></failure></testcase>
<testcase time="0" name="org.eslint.linebreak-style" classname="C:\work\dyrectorio\web\crux-ui\src\server\crux\registry-service"><failure message="Expected linebreaks to be &apos;LF&apos; but found &apos;CRLF&apos;."><![CDATA[line 180, col 14, Error - Expected linebreaks to be &apos;LF&apos; but found &apos;CRLF&apos;. (linebreak-style)]]></failure></testcase>
<testcase time="0" name="org.eslint.indent" classname="C:\work\dyrectorio\web\crux-ui\src\server\crux\registry-service"><failure message="Expected indentation of 12 spaces but found 14."><![CDATA[line 181, col 1, Error - Expected indentation of 12 spaces but found 14. (indent)]]></failure></testcase>
<testcase time="0" name="org.eslint.linebreak-style" classname="C:\work\dyrectorio\web\crux-ui\src\server\crux\registry-service"><failure message="Expected linebreaks to be &apos;LF&apos; but found &apos;CRLF&apos;."><![CDATA[line 181, col 28, Error - Expected linebreaks to be &apos;LF&apos; but found &apos;CRLF&apos;. (linebreak-style)]]></failure></testcase>
<testcase time="0" name="org.eslint.indent" classname="C:\work\dyrectorio\web\crux-ui\src\server\crux\registry-service"><failure message="Expected indentation of 12 spaces but found 14."><![CDATA[line 182, col 1, Error - Expected indentation of 12 spaces but found 14. (indent)]]></failure></testcase>
<testcase time="0" name="org.eslint.linebreak-style" classname="C:\work\dyrectorio\web\crux-ui\src\server\crux\registry-service"><failure message="Expected linebreaks to be &apos;LF&apos; but found &apos;CRLF&apos;."><![CDATA[line 182, col 52, Error - Expected linebreaks to be &apos;LF&apos; but found &apos;CRLF&apos;. (linebreak-style)]]></failure></testcase>
<testcase time="0" name="org.eslint.indent" classname="C:\work\dyrectorio\web\crux-ui\src\server\crux\registry-service"><failure message="Expected indentation of 12 spaces but found 14."><![CDATA[line 183, col 1, Error - Expected indentation of 12 spaces but found 14. (indent)]]></failure></testcase>
<testcase time="0" name="org.eslint.linebreak-style" classname="C:\work\dyrectorio\web\crux-ui\src\server\crux\registry-service"><failure message="Expected linebreaks to be &apos;LF&apos; but found &apos;CRLF&apos;."><![CDATA[line 183, col 30, Error - Expected linebreaks to be &apos;LF&apos; but found &apos;CRLF&apos;. (linebreak-style)]]></failure></testcase>
<testcase time="0" name="org.eslint.indent" classname="C:\work\dyrectorio\web\crux-ui\src\server\crux\registry-service"><failure message="Expected indentation of 12 spaces but found 14."><![CDATA[line 184, col 1, Error - Expected indentation of 12 spaces but found 14. (indent)]]></failure></testcase>
<testcase time="0" name="org.eslint.linebreak-style" classname="C:\work\dyrectorio\web\crux-ui\src\server\crux\registry-service"><failure message="Expected linebreaks to be &apos;LF&apos; but found &apos;CRLF&apos;."><![CDATA[line 184, col 77, Error - Expected linebreaks to be &apos;LF&apos; but found &apos;CRLF&apos;. (linebreak-style)]]></failure></testcase>
<testcase time="0" name="org.eslint.indent" classname="C:\work\dyrectorio\web\crux-ui\src\server\crux\registry-service"><failure message="Expected indentation of 10 spaces but found 12."><![CDATA[line 185, col 1, Error - Expected indentation of 10 spaces but found 12. (indent)]]></failure></testcase>
<testcase time="0" name="org.eslint.linebreak-style" classname="C:\work\dyrectorio\web\crux-ui\src\server\crux\registry-service"><failure message="Expected linebreaks to be &apos;LF&apos; but found &apos;CRLF&apos;."><![CDATA[line 185, col 15, Error - Expected linebreaks to be &apos;LF&apos; but found &apos;CRLF&apos;. (linebreak-style)]]></failure></testcase>
<testcase time="0" name="org.eslint.linebreak-style" classname="C:\work\dyrectorio\web\crux-ui\src\server\crux\registry-service"><failure message="Expected linebreaks to be &apos;LF&apos; but found &apos;CRLF&apos;."><![CDATA[line 186, col 6, Error - Expected linebreaks to be &apos;LF&apos; but found &apos;CRLF&apos;. (linebreak-style)]]></failure></testcase>
<testcase time="0" name="org.eslint.semi" classname="C:\work\dyrectorio\web\crux-ui\src\server\crux\registry-service"><failure message="Missing semicolon."><![CDATA[line 186, col 6, Error - Missing semicolon. (semi)]]></failure></testcase>
<testcase time="0" name="org.eslint.linebreak-style" classname="C:\work\dyrectorio\web\crux-ui\src\server\crux\registry-service"><failure message="Expected linebreaks to be &apos;LF&apos; but found &apos;CRLF&apos;."><![CDATA[line 187, col 4, Error - Expected linebreaks to be &apos;LF&apos; but found &apos;CRLF&apos;. (linebreak-style)]]></failure></testcase>
<testcase time="0" name="org.eslint.linebreak-style" classname="C:\work\dyrectorio\web\crux-ui\src\server\crux\registry-service"><failure message="Expected linebreaks to be &apos;LF&apos; but found &apos;CRLF&apos;."><![CDATA[line 188, col 2, Error - Expected linebreaks to be &apos;LF&apos; but found &apos;CRLF&apos;. (linebreak-style)]]></failure></testcase>
<testcase time="0" name="org.eslint.linebreak-style" classname="C:\work\dyrectorio\web\crux-ui\src\server\crux\registry-service"><failure message="Expected linebreaks to be &apos;LF&apos; but found &apos;CRLF&apos;."><![CDATA[line 189, col 1, Error - Expected linebreaks to be &apos;LF&apos; but found &apos;CRLF&apos;. (linebreak-style)]]></failure></testcase>
<testcase time="0" name="org.eslint.linebreak-style" classname="C:\work\dyrectorio\web\crux-ui\src\server\crux\registry-service"><failure message="Expected linebreaks to be &apos;LF&apos; but found &apos;CRLF&apos;."><![CDATA[line 190, col 34, Error - Expected linebreaks to be &apos;LF&apos; but found &apos;CRLF&apos;. (linebreak-style)]]></failure></testcase>
<testcase time="0" name="org.eslint.semi" classname="C:\work\dyrectorio\web\crux-ui\src\server\crux\registry-service"><failure message="Missing semicolon."><![CDATA[line 190, col 34, Error - Missing semicolon. (semi)]]></failure></testcase>
</testsuite>
<testsuite package="org.eslint" time="0" tests="322" errors="322" name="C:\work\dyrectorio\web\crux-ui\src\server\crux\team-service.ts">
<testcase time="0" name="org.eslint.linebreak-style" classname="C:\work\dyrectorio\web\crux-ui\src\server\crux\team-service"><failure message="Expected linebreaks to be &apos;LF&apos; but found &apos;CRLF&apos;."><![CDATA[line 1, col 37, Error - Expected linebreaks to be &apos;LF&apos; but found &apos;CRLF&apos;. (linebreak-style)]]></failure></testcase>
<testcase time="0" name="org.eslint.semi" classname="C:\work\dyrectorio\web\crux-ui\src\server\crux\team-service"><failure message="Missing semicolon."><![CDATA[line 1, col 37, Error - Missing semicolon. (semi)]]></failure></testcase>
<testcase time="0" name="org.eslint.linebreak-style" classname="C:\work\dyrectorio\web\crux-ui\src\server\crux\team-service"><failure message="Expected linebreaks to be &apos;LF&apos; but found &apos;CRLF&apos;."><![CDATA[line 2, col 9, Error - Expected linebreaks to be &apos;LF&apos; but found &apos;CRLF&apos;. (linebreak-style)]]></failure></testcase>
<testcase time="0" name="org.eslint.linebreak-style" classname="C:\work\dyrectorio\web\crux-ui\src\server\crux\team-service"><failure message="Expected linebreaks to be &apos;LF&apos; but found &apos;CRLF&apos;."><![CDATA[line 3, col 21, Error - Expected linebreaks to be &apos;LF&apos; but found &apos;CRLF&apos;. (linebreak-style)]]></failure></testcase>
<testcase time="0" name="org.eslint.linebreak-style" classname="C:\work\dyrectorio\web\crux-ui\src\server\crux\team-service"><failure message="Expected linebreaks to be &apos;LF&apos; but found &apos;CRLF&apos;."><![CDATA[line 4, col 14, Error - Expected linebreaks to be &apos;LF&apos; but found &apos;CRLF&apos;. (linebreak-style)]]></failure></testcase>
<testcase time="0" name="org.eslint.linebreak-style" classname="C:\work\dyrectorio\web\crux-ui\src\server\crux\team-service"><failure message="Expected linebreaks to be &apos;LF&apos; but found &apos;CRLF&apos;."><![CDATA[line 5, col 27, Error - Expected linebreaks to be &apos;LF&apos; but found &apos;CRLF&apos;. (linebreak-style)]]></failure></testcase>
<testcase time="0" name="org.eslint.linebreak-style" classname="C:\work\dyrectorio\web\crux-ui\src\server\crux\team-service"><failure message="Expected linebreaks to be &apos;LF&apos; but found &apos;CRLF&apos;."><![CDATA[line 6, col 18, Error - Expected linebreaks to be &apos;LF&apos; but found &apos;CRLF&apos;. (linebreak-style)]]></failure></testcase>
<testcase time="0" name="org.eslint.linebreak-style" classname="C:\work\dyrectorio\web\crux-ui\src\server\crux\team-service"><failure message="Expected linebreaks to be &apos;LF&apos; but found &apos;CRLF&apos;."><![CDATA[line 7, col 14, Error - Expected linebreaks to be &apos;LF&apos; but found &apos;CRLF&apos;. (linebreak-style)]]></failure></testcase>
<testcase time="0" name="org.eslint.linebreak-style" classname="C:\work\dyrectorio\web\crux-ui\src\server\crux\team-service"><failure message="Expected linebreaks to be &apos;LF&apos; but found &apos;CRLF&apos;."><![CDATA[line 8, col 18, Error - Expected linebreaks to be &apos;LF&apos; but found &apos;CRLF&apos;. (linebreak-style)]]></failure></testcase>
<testcase time="0" name="org.eslint.linebreak-style" classname="C:\work\dyrectorio\web\crux-ui\src\server\crux\team-service"><failure message="Expected linebreaks to be &apos;LF&apos; but found &apos;CRLF&apos;."><![CDATA[line 9, col 8, Error - Expected linebreaks to be &apos;LF&apos; but found &apos;CRLF&apos;. (linebreak-style)]]></failure></testcase>
<testcase time="0" name="org.eslint.linebreak-style" classname="C:\work\dyrectorio\web\crux-ui\src\server\crux\team-service"><failure message="Expected linebreaks to be &apos;LF&apos; but found &apos;CRLF&apos;."><![CDATA[line 10, col 15, Error - Expected linebreaks to be &apos;LF&apos; but found &apos;CRLF&apos;. (linebreak-style)]]></failure></testcase>
<testcase time="0" name="org.eslint.linebreak-style" classname="C:\work\dyrectorio\web\crux-ui\src\server\crux\team-service"><failure message="Expected linebreaks to be &apos;LF&apos; but found &apos;CRLF&apos;."><![CDATA[line 11, col 14, Error - Expected linebreaks to be &apos;LF&apos; but found &apos;CRLF&apos;. (linebreak-style)]]></failure></testcase>
<testcase time="0" name="org.eslint.linebreak-style" classname="C:\work\dyrectorio\web\crux-ui\src\server\crux\team-service"><failure message="Expected linebreaks to be &apos;LF&apos; but found &apos;CRLF&apos;."><![CDATA[line 12, col 8, Error - Expected linebreaks to be &apos;LF&apos; but found &apos;CRLF&apos;. (linebreak-style)]]></failure></testcase>
<testcase time="0" name="org.eslint.linebreak-style" classname="C:\work\dyrectorio\web\crux-ui\src\server\crux\team-service"><failure message="Expected linebreaks to be &apos;LF&apos; but found &apos;CRLF&apos;."><![CDATA[line 13, col 12, Error - Expected linebreaks to be &apos;LF&apos; but found &apos;CRLF&apos;. (linebreak-style)]]></failure></testcase>
<testcase time="0" name="org.eslint.linebreak-style" classname="C:\work\dyrectorio\web\crux-ui\src\server\crux\team-service"><failure message="Expected linebreaks to be &apos;LF&apos; but found &apos;CRLF&apos;."><![CDATA[line 14, col 12, Error - Expected linebreaks to be &apos;LF&apos; but found &apos;CRLF&apos;. (linebreak-style)]]></failure></testcase>
<testcase time="0" name="org.eslint.linebreak-style" classname="C:\work\dyrectorio\web\crux-ui\src\server\crux\team-service"><failure message="Expected linebreaks to be &apos;LF&apos; but found &apos;CRLF&apos;."><![CDATA[line 15, col 14, Error - Expected linebreaks to be &apos;LF&apos; but found &apos;CRLF&apos;. (linebreak-style)]]></failure></testcase>
<testcase time="0" name="org.eslint.linebreak-style" classname="C:\work\dyrectorio\web\crux-ui\src\server\crux\team-service"><failure message="Expected linebreaks to be &apos;LF&apos; but found &apos;CRLF&apos;."><![CDATA[line 16, col 21, Error - Expected linebreaks to be &apos;LF&apos; but found &apos;CRLF&apos;. (linebreak-style)]]></failure></testcase>
<testcase time="0" name="org.eslint.semi" classname="C:\work\dyrectorio\web\crux-ui\src\server\crux\team-service"><failure message="Missing semicolon."><![CDATA[line 16, col 21, Error - Missing semicolon. (semi)]]></failure></testcase>
<testcase time="0" name="org.eslint.linebreak-style" classname="C:\work\dyrectorio\web\crux-ui\src\server\crux\team-service"><failure message="Expected linebreaks to be &apos;LF&apos; but found &apos;CRLF&apos;."><![CDATA[line 17, col 9, Error - Expected linebreaks to be &apos;LF&apos; but found &apos;CRLF&apos;. (linebreak-style)]]></failure></testcase>
<testcase time="0" name="org.eslint.linebreak-style" classname="C:\work\dyrectorio\web\crux-ui\src\server\crux\team-service"><failure message="Expected linebreaks to be &apos;LF&apos; but found &apos;CRLF&apos;."><![CDATA[line 18, col 17, Error - Expected linebreaks to be &apos;LF&apos; but found &apos;CRLF&apos;. (linebreak-style)]]></failure></testcase>
<testcase time="0" name="org.eslint.linebreak-style" classname="C:\work\dyrectorio\web\crux-ui\src\server\crux\team-service"><failure message="Expected linebreaks to be &apos;LF&apos; but found &apos;CRLF&apos;."><![CDATA[line 19, col 29, Error - Expected linebreaks to be &apos;LF&apos; but found &apos;CRLF&apos;. (linebreak-style)]]></failure></testcase>
<testcase time="0" name="org.eslint.linebreak-style" classname="C:\work\dyrectorio\web\crux-ui\src\server\crux\team-service"><failure message="Expected linebreaks to be &apos;LF&apos; but found &apos;CRLF&apos;."><![CDATA[line 20, col 20, Error - Expected linebreaks to be &apos;LF&apos; but found &apos;CRLF&apos;. (linebreak-style)]]></failure></testcase>
<testcase time="0" name="org.eslint.linebreak-style" classname="C:\work\dyrectorio\web\crux-ui\src\server\crux\team-service"><failure message="Expected linebreaks to be &apos;LF&apos; but found &apos;CRLF&apos;."><![CDATA[line 21, col 24, Error - Expected linebreaks to be &apos;LF&apos; but found &apos;CRLF&apos;. (linebreak-style)]]></failure></testcase>
<testcase time="0" name="org.eslint.linebreak-style" classname="C:\work\dyrectorio\web\crux-ui\src\server\crux\team-service"><failure message="Expected linebreaks to be &apos;LF&apos; but found &apos;CRLF&apos;."><![CDATA[line 22, col 21, Error - Expected linebreaks to be &apos;LF&apos; but found &apos;CRLF&apos;. (linebreak-style)]]></failure></testcase>
<testcase time="0" name="org.eslint.linebreak-style" classname="C:\work\dyrectorio\web\crux-ui\src\server\crux\team-service"><failure message="Expected linebreaks to be &apos;LF&apos; but found &apos;CRLF&apos;."><![CDATA[line 23, col 18, Error - Expected linebreaks to be &apos;LF&apos; but found &apos;CRLF&apos;. (linebreak-style)]]></failure></testcase>
<testcase time="0" name="org.eslint.linebreak-style" classname="C:\work\dyrectorio\web\crux-ui\src\server\crux\team-service"><failure message="Expected linebreaks to be &apos;LF&apos; but found &apos;CRLF&apos;."><![CDATA[line 24, col 29, Error - Expected linebreaks to be &apos;LF&apos; but found &apos;CRLF&apos;. (linebreak-style)]]></failure></testcase>
<testcase time="0" name="org.eslint.linebreak-style" classname="C:\work\dyrectorio\web\crux-ui\src\server\crux\team-service"><failure message="Expected linebreaks to be &apos;LF&apos; but found &apos;CRLF&apos;."><![CDATA[line 25, col 9, Error - Expected linebreaks to be &apos;LF&apos; but found &apos;CRLF&apos;. (linebreak-style)]]></failure></testcase>
<testcase time="0" name="org.eslint.linebreak-style" classname="C:\work\dyrectorio\web\crux-ui\src\server\crux\team-service"><failure message="Expected linebreaks to be &apos;LF&apos; but found &apos;CRLF&apos;."><![CDATA[line 26, col 13, Error - Expected linebreaks to be &apos;LF&apos; but found &apos;CRLF&apos;. (linebreak-style)]]></failure></testcase>
<testcase time="0" name="org.eslint.linebreak-style" classname="C:\work\dyrectorio\web\crux-ui\src\server\crux\team-service"><failure message="Expected linebreaks to be &apos;LF&apos; but found &apos;CRLF&apos;."><![CDATA[line 27, col 21, Error - Expected linebreaks to be &apos;LF&apos; but found &apos;CRLF&apos;. (linebreak-style)]]></failure></testcase>
<testcase time="0" name="org.eslint.linebreak-style" classname="C:\work\dyrectorio\web\crux-ui\src\server\crux\team-service"><failure message="Expected linebreaks to be &apos;LF&apos; but found &apos;CRLF&apos;."><![CDATA[line 28, col 23, Error - Expected linebreaks to be &apos;LF&apos; but found &apos;CRLF&apos;. (linebreak-style)]]></failure></testcase>
<testcase time="0" name="org.eslint.linebreak-style" classname="C:\work\dyrectorio\web\crux-ui\src\server\crux\team-service"><failure message="Expected linebreaks to be &apos;LF&apos; but found &apos;CRLF&apos;."><![CDATA[line 29, col 21, Error - Expected linebreaks to be &apos;LF&apos; but found &apos;CRLF&apos;. (linebreak-style)]]></failure></testcase>
<testcase time="0" name="org.eslint.linebreak-style" classname="C:\work\dyrectorio\web\crux-ui\src\server\crux\team-service"><failure message="Expected linebreaks to be &apos;LF&apos; but found &apos;CRLF&apos;."><![CDATA[line 30, col 31, Error - Expected linebreaks to be &apos;LF&apos; but found &apos;CRLF&apos;. (linebreak-style)]]></failure></testcase>
<testcase time="0" name="org.eslint.linebreak-style" classname="C:\work\dyrectorio\web\crux-ui\src\server\crux\team-service"><failure message="Expected linebreaks to be &apos;LF&apos; but found &apos;CRLF&apos;."><![CDATA[line 31, col 20, Error - Expected linebreaks to be &apos;LF&apos; but found &apos;CRLF&apos;. (linebreak-style)]]></failure></testcase>
<testcase time="0" name="org.eslint.linebreak-style" classname="C:\work\dyrectorio\web\crux-ui\src\server\crux\team-service"><failure message="Expected linebreaks to be &apos;LF&apos; but found &apos;CRLF&apos;."><![CDATA[line 32, col 16, Error - Expected linebreaks to be &apos;LF&apos; but found &apos;CRLF&apos;. (linebreak-style)]]></failure></testcase>
<testcase time="0" name="org.eslint.linebreak-style" classname="C:\work\dyrectorio\web\crux-ui\src\server\crux\team-service"><failure message="Expected linebreaks to be &apos;LF&apos; but found &apos;CRLF&apos;."><![CDATA[line 33, col 29, Error - Expected linebreaks to be &apos;LF&apos; but found &apos;CRLF&apos;. (linebreak-style)]]></failure></testcase>
<testcase time="0" name="org.eslint.linebreak-style" classname="C:\work\dyrectorio\web\crux-ui\src\server\crux\team-service"><failure message="Expected linebreaks to be &apos;LF&apos; but found &apos;CRLF&apos;."><![CDATA[line 34, col 20, Error - Expected linebreaks to be &apos;LF&apos; but found &apos;CRLF&apos;. (linebreak-style)]]></failure></testcase>
<testcase time="0" name="org.eslint.linebreak-style" classname="C:\work\dyrectorio\web\crux-ui\src\server\crux\team-service"><failure message="Expected linebreaks to be &apos;LF&apos; but found &apos;CRLF&apos;."><![CDATA[line 35, col 18, Error - Expected linebreaks to be &apos;LF&apos; but found &apos;CRLF&apos;. (linebreak-style)]]></failure></testcase>
<testcase time="0" name="org.eslint.linebreak-style" classname="C:\work\dyrectorio\web\crux-ui\src\server\crux\team-service"><failure message="Expected linebreaks to be &apos;LF&apos; but found &apos;CRLF&apos;."><![CDATA[line 36, col 33, Error - Expected linebreaks to be &apos;LF&apos; but found &apos;CRLF&apos;. (linebreak-style)]]></failure></testcase>
<testcase time="0" name="org.eslint.linebreak-style" classname="C:\work\dyrectorio\web\crux-ui\src\server\crux\team-service"><failure message="Expected linebreaks to be &apos;LF&apos; but found &apos;CRLF&apos;."><![CDATA[line 37, col 20, Error - Expected linebreaks to be &apos;LF&apos; but found &apos;CRLF&apos;. (linebreak-style)]]></failure></testcase>
<testcase time="0" name="org.eslint.linebreak-style" classname="C:\work\dyrectorio\web\crux-ui\src\server\crux\team-service"><failure message="Expected linebreaks to be &apos;LF&apos; but found &apos;CRLF&apos;."><![CDATA[line 38, col 46, Error - Expected linebreaks to be &apos;LF&apos; but found &apos;CRLF&apos;. (linebreak-style)]]></failure></testcase>
<testcase time="0" name="org.eslint.semi" classname="C:\work\dyrectorio\web\crux-ui\src\server\crux\team-service"><failure message="Missing semicolon."><![CDATA[line 38, col 46, Error - Missing semicolon. (semi)]]></failure></testcase>
<testcase time="0" name="org.eslint.linebreak-style" classname="C:\work\dyrectorio\web\crux-ui\src\server\crux\team-service"><failure message="Expected linebreaks to be &apos;LF&apos; but found &apos;CRLF&apos;."><![CDATA[line 39, col 46, Error - Expected linebreaks to be &apos;LF&apos; but found &apos;CRLF&apos;. (linebreak-style)]]></failure></testcase>
<testcase time="0" name="org.eslint.semi" classname="C:\work\dyrectorio\web\crux-ui\src\server\crux\team-service"><failure message="Missing semicolon."><![CDATA[line 39, col 46, Error - Missing semicolon. (semi)]]></failure></testcase>
<testcase time="0" name="org.eslint.linebreak-style" classname="C:\work\dyrectorio\web\crux-ui\src\server\crux\team-service"><failure message="Expected linebreaks to be &apos;LF&apos; but found &apos;CRLF&apos;."><![CDATA[line 40, col 59, Error - Expected linebreaks to be &apos;LF&apos; but found &apos;CRLF&apos;. (linebreak-style)]]></failure></testcase>
<testcase time="0" name="org.eslint.semi" classname="C:\work\dyrectorio\web\crux-ui\src\server\crux\team-service"><failure message="Missing semicolon."><![CDATA[line 40, col 59, Error - Missing semicolon. (semi)]]></failure></testcase>
<testcase time="0" name="org.eslint.linebreak-style" classname="C:\work\dyrectorio\web\crux-ui\src\server\crux\team-service"><failure message="Expected linebreaks to be &apos;LF&apos; but found &apos;CRLF&apos;."><![CDATA[line 41, col 55, Error - Expected linebreaks to be &apos;LF&apos; but found &apos;CRLF&apos;. (linebreak-style)]]></failure></testcase>
<testcase time="0" name="org.eslint.semi" classname="C:\work\dyrectorio\web\crux-ui\src\server\crux\team-service"><failure message="Missing semicolon."><![CDATA[line 41, col 55, Error - Missing semicolon. (semi)]]></failure></testcase>
<testcase time="0" name="org.eslint.import/no-cycle" classname="C:\work\dyrectorio\web\crux-ui\src\server\crux\team-service"><failure message="Dependency cycle via @server/crux/crux:3"><![CDATA[line 42, col 1, Error - Dependency cycle via @server/crux/crux:3 (import/no-cycle)]]></failure></testcase>
<testcase time="0" name="org.eslint.linebreak-style" classname="C:\work\dyrectorio\web\crux-ui\src\server\crux\team-service"><failure message="Expected linebreaks to be &apos;LF&apos; but found &apos;CRLF&apos;."><![CDATA[line 42, col 80, Error - Expected linebreaks to be &apos;LF&apos; but found &apos;CRLF&apos;. (linebreak-style)]]></failure></testcase>
<testcase time="0" name="org.eslint.semi" classname="C:\work\dyrectorio\web\crux-ui\src\server\crux\team-service"><failure message="Missing semicolon."><![CDATA[line 42, col 80, Error - Missing semicolon. (semi)]]></failure></testcase>
<testcase time="0" name="org.eslint.linebreak-style" classname="C:\work\dyrectorio\web\crux-ui\src\server\crux\team-service"><failure message="Expected linebreaks to be &apos;LF&apos; but found &apos;CRLF&apos;."><![CDATA[line 43, col 1, Error - Expected linebreaks to be &apos;LF&apos; but found &apos;CRLF&apos;. (linebreak-style)]]></failure></testcase>
<testcase time="0" name="org.eslint.linebreak-style" classname="C:\work\dyrectorio\web\crux-ui\src\server\crux\team-service"><failure message="Expected linebreaks to be &apos;LF&apos; but found &apos;CRLF&apos;."><![CDATA[line 44, col 23, Error - Expected linebreaks to be &apos;LF&apos; but found &apos;CRLF&apos;. (linebreak-style)]]></failure></testcase>
<testcase time="0" name="org.eslint.linebreak-style" classname="C:\work\dyrectorio\web\crux-ui\src\server\crux\team-service"><failure message="Expected linebreaks to be &apos;LF&apos; but found &apos;CRLF&apos;."><![CDATA[line 45, col 51, Error - Expected linebreaks to be &apos;LF&apos; but found &apos;CRLF&apos;. (linebreak-style)]]></failure></testcase>
<testcase time="0" name="org.eslint.semi" classname="C:\work\dyrectorio\web\crux-ui\src\server\crux\team-service"><failure message="Missing semicolon."><![CDATA[line 45, col 51, Error - Missing semicolon. (semi)]]></failure></testcase>
<testcase time="0" name="org.eslint.linebreak-style" classname="C:\work\dyrectorio\web\crux-ui\src\server\crux\team-service"><failure message="Expected linebreaks to be &apos;LF&apos; but found &apos;CRLF&apos;."><![CDATA[line 46, col 1, Error - Expected linebreaks to be &apos;LF&apos; but found &apos;CRLF&apos;. (linebreak-style)]]></failure></testcase>
<testcase time="0" name="org.eslint.no-useless-constructor" classname="C:\work\dyrectorio\web\crux-ui\src\server\crux\team-service"><failure message="Useless constructor."><![CDATA[line 47, col 3, Error - Useless constructor. (no-useless-constructor)]]></failure></testcase>
<testcase time="0" name="org.eslint.linebreak-style" classname="C:\work\dyrectorio\web\crux-ui\src\server\crux\team-service"><failure message="Expected linebreaks to be &apos;LF&apos; but found &apos;CRLF&apos;."><![CDATA[line 47, col 15, Error - Expected linebreaks to be &apos;LF&apos; but found &apos;CRLF&apos;. (linebreak-style)]]></failure></testcase>
<testcase time="0" name="org.eslint.linebreak-style" classname="C:\work\dyrectorio\web\crux-ui\src\server\crux\team-service"><failure message="Expected linebreaks to be &apos;LF&apos; but found &apos;CRLF&apos;."><![CDATA[line 48, col 36, Error - Expected linebreaks to be &apos;LF&apos; but found &apos;CRLF&apos;. (linebreak-style)]]></failure></testcase>
<testcase time="0" name="org.eslint.linebreak-style" classname="C:\work\dyrectorio\web\crux-ui\src\server\crux\team-service"><failure message="Expected linebreaks to be &apos;LF&apos; but found &apos;CRLF&apos;."><![CDATA[line 49, col 32, Error - Expected linebreaks to be &apos;LF&apos; but found &apos;CRLF&apos;. (linebreak-style)]]></failure></testcase>
<testcase time="0" name="org.eslint.linebreak-style" classname="C:\work\dyrectorio\web\crux-ui\src\server\crux\team-service"><failure message="Expected linebreaks to be &apos;LF&apos; but found &apos;CRLF&apos;."><![CDATA[line 50, col 54, Error - Expected linebreaks to be &apos;LF&apos; but found &apos;CRLF&apos;. (linebreak-style)]]></failure></testcase>
<testcase time="0" name="org.eslint.no-empty-function" classname="C:\work\dyrectorio\web\crux-ui\src\server\crux\team-service"><failure message="Unexpected empty constructor."><![CDATA[line 51, col 5, Error - Unexpected empty constructor. (no-empty-function)]]></failure></testcase>
<testcase time="0" name="org.eslint.linebreak-style" classname="C:\work\dyrectorio\web\crux-ui\src\server\crux\team-service"><failure message="Expected linebreaks to be &apos;LF&apos; but found &apos;CRLF&apos;."><![CDATA[line 51, col 7, Error - Expected linebreaks to be &apos;LF&apos; but found &apos;CRLF&apos;. (linebreak-style)]]></failure></testcase>
<testcase time="0" name="org.eslint.linebreak-style" classname="C:\work\dyrectorio\web\crux-ui\src\server\crux\team-service"><failure message="Expected linebreaks to be &apos;LF&apos; but found &apos;CRLF&apos;."><![CDATA[line 52, col 1, Error - Expected linebreaks to be &apos;LF&apos; but found &apos;CRLF&apos;. (linebreak-style)]]></failure></testcase>
<testcase time="0" name="org.eslint.linebreak-style" classname="C:\work\dyrectorio\web\crux-ui\src\server\crux\team-service"><failure message="Expected linebreaks to be &apos;LF&apos; but found &apos;CRLF&apos;."><![CDATA[line 53, col 43, Error - Expected linebreaks to be &apos;LF&apos; but found &apos;CRLF&apos;. (linebreak-style)]]></failure></testcase>
<testcase time="0" name="org.eslint.linebreak-style" classname="C:\work\dyrectorio\web\crux-ui\src\server\crux\team-service"><failure message="Expected linebreaks to be &apos;LF&apos; but found &apos;CRLF&apos;."><![CDATA[line 54, col 18, Error - Expected linebreaks to be &apos;LF&apos; but found &apos;CRLF&apos;. (linebreak-style)]]></failure></testcase>
<testcase time="0" name="org.eslint.linebreak-style" classname="C:\work\dyrectorio\web\crux-ui\src\server\crux\team-service"><failure message="Expected linebreaks to be &apos;LF&apos; but found &apos;CRLF&apos;."><![CDATA[line 55, col 36, Error - Expected linebreaks to be &apos;LF&apos; but found &apos;CRLF&apos;. (linebreak-style)]]></failure></testcase>
<testcase time="0" name="org.eslint.linebreak-style" classname="C:\work\dyrectorio\web\crux-ui\src\server\crux\team-service"><failure message="Expected linebreaks to be &apos;LF&apos; but found &apos;CRLF&apos;."><![CDATA[line 56, col 23, Error - Expected linebreaks to be &apos;LF&apos; but found &apos;CRLF&apos;. (linebreak-style)]]></failure></testcase>
<testcase time="0" name="org.eslint.semi" classname="C:\work\dyrectorio\web\crux-ui\src\server\crux\team-service"><failure message="Missing semicolon."><![CDATA[line 56, col 23, Error - Missing semicolon. (semi)]]></failure></testcase>
<testcase time="0" name="org.eslint.linebreak-style" classname="C:\work\dyrectorio\web\crux-ui\src\server\crux\team-service"><failure message="Expected linebreaks to be &apos;LF&apos; but found &apos;CRLF&apos;."><![CDATA[line 57, col 1, Error - Expected linebreaks to be &apos;LF&apos; but found &apos;CRLF&apos;. (linebreak-style)]]></failure></testcase>
<testcase time="0" name="org.eslint.max-len" classname="C:\work\dyrectorio\web\crux-ui\src\server\crux\team-service"><failure message="This line has a length of 105. Maximum allowed is 100."><![CDATA[line 58, col 1, Error - This line has a length of 105. Maximum allowed is 100. (max-len)]]></failure></testcase>
<testcase time="0" name="org.eslint.linebreak-style" classname="C:\work\dyrectorio\web\crux-ui\src\server\crux\team-service"><failure message="Expected linebreaks to be &apos;LF&apos; but found &apos;CRLF&apos;."><![CDATA[line 58, col 106, Error - Expected linebreaks to be &apos;LF&apos; but found &apos;CRLF&apos;. (linebreak-style)]]></failure></testcase>
<testcase time="0" name="org.eslint.linebreak-style" classname="C:\work\dyrectorio\web\crux-ui\src\server\crux\team-service"><failure message="Expected linebreaks to be &apos;LF&apos; but found &apos;CRLF&apos;."><![CDATA[line 59, col 21, Error - Expected linebreaks to be &apos;LF&apos; but found &apos;CRLF&apos;. (linebreak-style)]]></failure></testcase>
<testcase time="0" name="org.eslint.linebreak-style" classname="C:\work\dyrectorio\web\crux-ui\src\server\crux\team-service"><failure message="Expected linebreaks to be &apos;LF&apos; but found &apos;CRLF&apos;."><![CDATA[line 60, col 11, Error - Expected linebreaks to be &apos;LF&apos; but found &apos;CRLF&apos;. (linebreak-style)]]></failure></testcase>
<testcase time="0" name="org.eslint.linebreak-style" classname="C:\work\dyrectorio\web\crux-ui\src\server\crux\team-service"><failure message="Expected linebreaks to be &apos;LF&apos; but found &apos;CRLF&apos;."><![CDATA[line 61, col 6, Error - Expected linebreaks to be &apos;LF&apos; but found &apos;CRLF&apos;. (linebreak-style)]]></failure></testcase>
<testcase time="0" name="org.eslint.semi" classname="C:\work\dyrectorio\web\crux-ui\src\server\crux\team-service"><failure message="Missing semicolon."><![CDATA[line 61, col 6, Error - Missing semicolon. (semi)]]></failure></testcase>
<testcase time="0" name="org.eslint.linebreak-style" classname="C:\work\dyrectorio\web\crux-ui\src\server\crux\team-service"><failure message="Expected linebreaks to be &apos;LF&apos; but found &apos;CRLF&apos;."><![CDATA[line 62, col 1, Error - Expected linebreaks to be &apos;LF&apos; but found &apos;CRLF&apos;. (linebreak-style)]]></failure></testcase>
<testcase time="0" name="org.eslint.linebreak-style" classname="C:\work\dyrectorio\web\crux-ui\src\server\crux\team-service"><failure message="Expected linebreaks to be &apos;LF&apos; but found &apos;CRLF&apos;."><![CDATA[line 63, col 58, Error - Expected linebreaks to be &apos;LF&apos; but found &apos;CRLF&apos;. (linebreak-style)]]></failure></testcase>
<testcase time="0" name="org.eslint.semi" classname="C:\work\dyrectorio\web\crux-ui\src\server\crux\team-service"><failure message="Missing semicolon."><![CDATA[line 63, col 58, Error - Missing semicolon. (semi)]]></failure></testcase>
<testcase time="0" name="org.eslint.linebreak-style" classname="C:\work\dyrectorio\web\crux-ui\src\server\crux\team-service"><failure message="Expected linebreaks to be &apos;LF&apos; but found &apos;CRLF&apos;."><![CDATA[line 64, col 1, Error - Expected linebreaks to be &apos;LF&apos; but found &apos;CRLF&apos;. (linebreak-style)]]></failure></testcase>
<testcase time="0" name="org.eslint.linebreak-style" classname="C:\work\dyrectorio\web\crux-ui\src\server\crux\team-service"><failure message="Expected linebreaks to be &apos;LF&apos; but found &apos;CRLF&apos;."><![CDATA[line 65, col 13, Error - Expected linebreaks to be &apos;LF&apos; but found &apos;CRLF&apos;. (linebreak-style)]]></failure></testcase>
<testcase time="0" name="org.eslint.linebreak-style" classname="C:\work\dyrectorio\web\crux-ui\src\server\crux\team-service"><failure message="Expected linebreaks to be &apos;LF&apos; but found &apos;CRLF&apos;."><![CDATA[line 66, col 44, Error - Expected linebreaks to be &apos;LF&apos; but found &apos;CRLF&apos;. (linebreak-style)]]></failure></testcase>
<testcase time="0" name="org.eslint.linebreak-style" classname="C:\work\dyrectorio\web\crux-ui\src\server\crux\team-service"><failure message="Expected linebreaks to be &apos;LF&apos; but found &apos;CRLF&apos;."><![CDATA[line 67, col 14, Error - Expected linebreaks to be &apos;LF&apos; but found &apos;CRLF&apos;. (linebreak-style)]]></failure></testcase>
<testcase time="0" name="org.eslint.linebreak-style" classname="C:\work\dyrectorio\web\crux-ui\src\server\crux\team-service"><failure message="Expected linebreaks to be &apos;LF&apos; but found &apos;CRLF&apos;."><![CDATA[line 68, col 30, Error - Expected linebreaks to be &apos;LF&apos; but found &apos;CRLF&apos;. (linebreak-style)]]></failure></testcase>
<testcase time="0" name="org.eslint.linebreak-style" classname="C:\work\dyrectorio\web\crux-ui\src\server\crux\team-service"><failure message="Expected linebreaks to be &apos;LF&apos; but found &apos;CRLF&apos;."><![CDATA[line 69, col 45, Error - Expected linebreaks to be &apos;LF&apos; but found &apos;CRLF&apos;. (linebreak-style)]]></failure></testcase>
<testcase time="0" name="org.eslint.linebreak-style" classname="C:\work\dyrectorio\web\crux-ui\src\server\crux\team-service"><failure message="Expected linebreaks to be &apos;LF&apos; but found &apos;CRLF&apos;."><![CDATA[line 70, col 29, Error - Expected linebreaks to be &apos;LF&apos; but found &apos;CRLF&apos;. (linebreak-style)]]></failure></testcase>
<testcase time="0" name="org.eslint.no-use-before-define" classname="C:\work\dyrectorio\web\crux-ui\src\server\crux\team-service"><failure message="&apos;userStatusToDto&apos; was used before it was defined."><![CDATA[line 71, col 36, Error - &apos;userStatusToDto&apos; was used before it was defined. (no-use-before-define)]]></failure></testcase>
<testcase time="0" name="org.eslint.linebreak-style" classname="C:\work\dyrectorio\web\crux-ui\src\server\crux\team-service"><failure message="Expected linebreaks to be &apos;LF&apos; but found &apos;CRLF&apos;."><![CDATA[line 71, col 69, Error - Expected linebreaks to be &apos;LF&apos; but found &apos;CRLF&apos;. (linebreak-style)]]></failure></testcase>
<testcase time="0" name="org.eslint.no-use-before-define" classname="C:\work\dyrectorio\web\crux-ui\src\server\crux\team-service"><failure message="&apos;userRoleToDto&apos; was used before it was defined."><![CDATA[line 72, col 34, Error - &apos;userRoleToDto&apos; was used before it was defined. (no-use-before-define)]]></failure></testcase>
<testcase time="0" name="org.eslint.linebreak-style" classname="C:\work\dyrectorio\web\crux-ui\src\server\crux\team-service"><failure message="Expected linebreaks to be &apos;LF&apos; but found &apos;CRLF&apos;."><![CDATA[line 72, col 63, Error - Expected linebreaks to be &apos;LF&apos; but found &apos;CRLF&apos;. (linebreak-style)]]></failure></testcase>
<testcase time="0" name="org.eslint.linebreak-style" classname="C:\work\dyrectorio\web\crux-ui\src\server\crux\team-service"><failure message="Expected linebreaks to be &apos;LF&apos; but found &apos;CRLF&apos;."><![CDATA[line 73, col 9, Error - Expected linebreaks to be &apos;LF&apos; but found &apos;CRLF&apos;. (linebreak-style)]]></failure></testcase>
<testcase time="0" name="org.eslint.linebreak-style" classname="C:\work\dyrectorio\web\crux-ui\src\server\crux\team-service"><failure message="Expected linebreaks to be &apos;LF&apos; but found &apos;CRLF&apos;."><![CDATA[line 74, col 24, Error - Expected linebreaks to be &apos;LF&apos; but found &apos;CRLF&apos;. (linebreak-style)]]></failure></testcase>
<testcase time="0" name="org.eslint.linebreak-style" classname="C:\work\dyrectorio\web\crux-ui\src\server\crux\team-service"><failure message="Expected linebreaks to be &apos;LF&apos; but found &apos;CRLF&apos;."><![CDATA[line 75, col 36, Error - Expected linebreaks to be &apos;LF&apos; but found &apos;CRLF&apos;. (linebreak-style)]]></failure></testcase>
<testcase time="0" name="org.eslint.linebreak-style" classname="C:\work\dyrectorio\web\crux-ui\src\server\crux\team-service"><failure message="Expected linebreaks to be &apos;LF&apos; but found &apos;CRLF&apos;."><![CDATA[line 76, col 6, Error - Expected linebreaks to be &apos;LF&apos; but found &apos;CRLF&apos;. (linebreak-style)]]></failure></testcase>
<testcase time="0" name="org.eslint.semi" classname="C:\work\dyrectorio\web\crux-ui\src\server\crux\team-service"><failure message="Missing semicolon."><![CDATA[line 76, col 6, Error - Missing semicolon. (semi)]]></failure></testcase>
<testcase time="0" name="org.eslint.linebreak-style" classname="C:\work\dyrectorio\web\crux-ui\src\server\crux\team-service"><failure message="Expected linebreaks to be &apos;LF&apos; but found &apos;CRLF&apos;."><![CDATA[line 77, col 4, Error - Expected linebreaks to be &apos;LF&apos; but found &apos;CRLF&apos;. (linebreak-style)]]></failure></testcase>
<testcase time="0" name="org.eslint.linebreak-style" classname="C:\work\dyrectorio\web\crux-ui\src\server\crux\team-service"><failure message="Expected linebreaks to be &apos;LF&apos; but found &apos;CRLF&apos;."><![CDATA[line 78, col 1, Error - Expected linebreaks to be &apos;LF&apos; but found &apos;CRLF&apos;. (linebreak-style)]]></failure></testcase>
<testcase time="0" name="org.eslint.linebreak-style" classname="C:\work\dyrectorio\web\crux-ui\src\server\crux\team-service"><failure message="Expected linebreaks to be &apos;LF&apos; but found &apos;CRLF&apos;."><![CDATA[line 79, col 54, Error - Expected linebreaks to be &apos;LF&apos; but found &apos;CRLF&apos;. (linebreak-style)]]></failure></testcase>
<testcase time="0" name="org.eslint.linebreak-style" classname="C:\work\dyrectorio\web\crux-ui\src\server\crux\team-service"><failure message="Expected linebreaks to be &apos;LF&apos; but found &apos;CRLF&apos;."><![CDATA[line 80, col 18, Error - Expected linebreaks to be &apos;LF&apos; but found &apos;CRLF&apos;. (linebreak-style)]]></failure></testcase>
<testcase time="0" name="org.eslint.linebreak-style" classname="C:\work\dyrectorio\web\crux-ui\src\server\crux\team-service"><failure message="Expected linebreaks to be &apos;LF&apos; but found &apos;CRLF&apos;."><![CDATA[line 81, col 36, Error - Expected linebreaks to be &apos;LF&apos; but found &apos;CRLF&apos;. (linebreak-style)]]></failure></testcase>
<testcase time="0" name="org.eslint.linebreak-style" classname="C:\work\dyrectorio\web\crux-ui\src\server\crux\team-service"><failure message="Expected linebreaks to be &apos;LF&apos; but found &apos;CRLF&apos;."><![CDATA[line 82, col 23, Error - Expected linebreaks to be &apos;LF&apos; but found &apos;CRLF&apos;. (linebreak-style)]]></failure></testcase>
<testcase time="0" name="org.eslint.semi" classname="C:\work\dyrectorio\web\crux-ui\src\server\crux\team-service"><failure message="Missing semicolon."><![CDATA[line 82, col 23, Error - Missing semicolon. (semi)]]></failure></testcase>
<testcase time="0" name="org.eslint.linebreak-style" classname="C:\work\dyrectorio\web\crux-ui\src\server\crux\team-service"><failure message="Expected linebreaks to be &apos;LF&apos; but found &apos;CRLF&apos;."><![CDATA[line 83, col 1, Error - Expected linebreaks to be &apos;LF&apos; but found &apos;CRLF&apos;. (linebreak-style)]]></failure></testcase>
<testcase time="0" name="org.eslint.linebreak-style" classname="C:\work\dyrectorio\web\crux-ui\src\server\crux\team-service"><failure message="Expected linebreaks to be &apos;LF&apos; but found &apos;CRLF&apos;."><![CDATA[line 84, col 10, Error - Expected linebreaks to be &apos;LF&apos; but found &apos;CRLF&apos;. (linebreak-style)]]></failure></testcase>
<testcase time="0" name="org.eslint.linebreak-style" classname="C:\work\dyrectorio\web\crux-ui\src\server\crux\team-service"><failure message="Expected linebreaks to be &apos;LF&apos; but found &apos;CRLF&apos;."><![CDATA[line 85, col 79, Error - Expected linebreaks to be &apos;LF&apos; but found &apos;CRLF&apos;. (linebreak-style)]]></failure></testcase>
<testcase time="0" name="org.eslint.linebreak-style" classname="C:\work\dyrectorio\web\crux-ui\src\server\crux\team-service"><failure message="Expected linebreaks to be &apos;LF&apos; but found &apos;CRLF&apos;."><![CDATA[line 86, col 21, Error - Expected linebreaks to be &apos;LF&apos; but found &apos;CRLF&apos;. (linebreak-style)]]></failure></testcase>
<testcase time="0" name="org.eslint.linebreak-style" classname="C:\work\dyrectorio\web\crux-ui\src\server\crux\team-service"><failure message="Expected linebreaks to be &apos;LF&apos; but found &apos;CRLF&apos;."><![CDATA[line 87, col 41, Error - Expected linebreaks to be &apos;LF&apos; but found &apos;CRLF&apos;. (linebreak-style)]]></failure></testcase>
<testcase time="0" name="org.eslint.linebreak-style" classname="C:\work\dyrectorio\web\crux-ui\src\server\crux\team-service"><failure message="Expected linebreaks to be &apos;LF&apos; but found &apos;CRLF&apos;."><![CDATA[line 88, col 28, Error - Expected linebreaks to be &apos;LF&apos; but found &apos;CRLF&apos;. (linebreak-style)]]></failure></testcase>
<testcase time="0" name="org.eslint.semi" classname="C:\work\dyrectorio\web\crux-ui\src\server\crux\team-service"><failure message="Missing semicolon."><![CDATA[line 88, col 28, Error - Missing semicolon. (semi)]]></failure></testcase>
<testcase time="0" name="org.eslint.linebreak-style" classname="C:\work\dyrectorio\web\crux-ui\src\server\crux\team-service"><failure message="Expected linebreaks to be &apos;LF&apos; but found &apos;CRLF&apos;."><![CDATA[line 89, col 1, Error - Expected linebreaks to be &apos;LF&apos; but found &apos;CRLF&apos;. (linebreak-style)]]></failure></testcase>
<testcase time="0" name="org.eslint.linebreak-style" classname="C:\work\dyrectorio\web\crux-ui\src\server\crux\team-service"><failure message="Expected linebreaks to be &apos;LF&apos; but found &apos;CRLF&apos;."><![CDATA[line 90, col 15, Error - Expected linebreaks to be &apos;LF&apos; but found &apos;CRLF&apos;. (linebreak-style)]]></failure></testcase>
<testcase time="0" name="org.eslint.linebreak-style" classname="C:\work\dyrectorio\web\crux-ui\src\server\crux\team-service"><failure message="Expected linebreaks to be &apos;LF&apos; but found &apos;CRLF&apos;."><![CDATA[line 91, col 16, Error - Expected linebreaks to be &apos;LF&apos; but found &apos;CRLF&apos;. (linebreak-style)]]></failure></testcase>
<testcase time="0" name="org.eslint.no-use-before-define" classname="C:\work\dyrectorio\web\crux-ui\src\server\crux\team-service"><failure message="&apos;userToDto&apos; was used before it was defined."><![CDATA[line 92, col 30, Error - &apos;userToDto&apos; was used before it was defined. (no-use-before-define)]]></failure></testcase>
<testcase time="0" name="org.eslint.linebreak-style" classname="C:\work\dyrectorio\web\crux-ui\src\server\crux\team-service"><failure message="Expected linebreaks to be &apos;LF&apos; but found &apos;CRLF&apos;."><![CDATA[line 92, col 41, Error - Expected linebreaks to be &apos;LF&apos; but found &apos;CRLF&apos;. (linebreak-style)]]></failure></testcase>
<testcase time="0" name="org.eslint.linebreak-style" classname="C:\work\dyrectorio\web\crux-ui\src\server\crux\team-service"><failure message="Expected linebreaks to be &apos;LF&apos; but found &apos;CRLF&apos;."><![CDATA[line 93, col 8, Error - Expected linebreaks to be &apos;LF&apos; but found &apos;CRLF&apos;. (linebreak-style)]]></failure></testcase>
<testcase time="0" name="org.eslint.semi" classname="C:\work\dyrectorio\web\crux-ui\src\server\crux\team-service"><failure message="Missing semicolon."><![CDATA[line 93, col 8, Error - Missing semicolon. (semi)]]></failure></testcase>
<testcase time="0" name="org.eslint.linebreak-style" classname="C:\work\dyrectorio\web\crux-ui\src\server\crux\team-service"><failure message="Expected linebreaks to be &apos;LF&apos; but found &apos;CRLF&apos;."><![CDATA[line 94, col 20, Error - Expected linebreaks to be &apos;LF&apos; but found &apos;CRLF&apos;. (linebreak-style)]]></failure></testcase>
<testcase time="0" name="org.eslint.linebreak-style" classname="C:\work\dyrectorio\web\crux-ui\src\server\crux\team-service"><failure message="Expected linebreaks to be &apos;LF&apos; but found &apos;CRLF&apos;."><![CDATA[line 95, col 39, Error - Expected linebreaks to be &apos;LF&apos; but found &apos;CRLF&apos;. (linebreak-style)]]></failure></testcase>
<testcase time="0" name="org.eslint.semi" classname="C:\work\dyrectorio\web\crux-ui\src\server\crux\team-service"><failure message="Missing semicolon."><![CDATA[line 95, col 39, Error - Missing semicolon. (semi)]]></failure></testcase>
<testcase time="0" name="org.eslint.linebreak-style" classname="C:\work\dyrectorio\web\crux-ui\src\server\crux\team-service"><failure message="Expected linebreaks to be &apos;LF&apos; but found &apos;CRLF&apos;."><![CDATA[line 96, col 34, Error - Expected linebreaks to be &apos;LF&apos; but found &apos;CRLF&apos;. (linebreak-style)]]></failure></testcase>
<testcase time="0" name="org.eslint.linebreak-style" classname="C:\work\dyrectorio\web\crux-ui\src\server\crux\team-service"><failure message="Expected linebreaks to be &apos;LF&apos; but found &apos;CRLF&apos;."><![CDATA[line 97, col 20, Error - Expected linebreaks to be &apos;LF&apos; but found &apos;CRLF&apos;. (linebreak-style)]]></failure></testcase>
<testcase time="0" name="org.eslint.semi" classname="C:\work\dyrectorio\web\crux-ui\src\server\crux\team-service"><failure message="Missing semicolon."><![CDATA[line 97, col 20, Error - Missing semicolon. (semi)]]></failure></testcase>
<testcase time="0" name="org.eslint.linebreak-style" classname="C:\work\dyrectorio\web\crux-ui\src\server\crux\team-service"><failure message="Expected linebreaks to be &apos;LF&apos; but found &apos;CRLF&apos;."><![CDATA[line 98, col 8, Error - Expected linebreaks to be &apos;LF&apos; but found &apos;CRLF&apos;. (linebreak-style)]]></failure></testcase>
<testcase time="0" name="org.eslint.linebreak-style" classname="C:\work\dyrectorio\web\crux-ui\src\server\crux\team-service"><failure message="Expected linebreaks to be &apos;LF&apos; but found &apos;CRLF&apos;."><![CDATA[line 99, col 1, Error - Expected linebreaks to be &apos;LF&apos; but found &apos;CRLF&apos;. (linebreak-style)]]></failure></testcase>
<testcase time="0" name="org.eslint.linebreak-style" classname="C:\work\dyrectorio\web\crux-ui\src\server\crux\team-service"><failure message="Expected linebreaks to be &apos;LF&apos; but found &apos;CRLF&apos;."><![CDATA[line 100, col 18, Error - Expected linebreaks to be &apos;LF&apos; but found &apos;CRLF&apos;. (linebreak-style)]]></failure></testcase>
<testcase time="0" name="org.eslint.semi" classname="C:\work\dyrectorio\web\crux-ui\src\server\crux\team-service"><failure message="Missing semicolon."><![CDATA[line 100, col 18, Error - Missing semicolon. (semi)]]></failure></testcase>
<testcase time="0" name="org.eslint.linebreak-style" classname="C:\work\dyrectorio\web\crux-ui\src\server\crux\team-service"><failure message="Expected linebreaks to be &apos;LF&apos; but found &apos;CRLF&apos;."><![CDATA[line 101, col 6, Error - Expected linebreaks to be &apos;LF&apos; but found &apos;CRLF&apos;. (linebreak-style)]]></failure></testcase>
<testcase time="0" name="org.eslint.linebreak-style" classname="C:\work\dyrectorio\web\crux-ui\src\server\crux\team-service"><failure message="Expected linebreaks to be &apos;LF&apos; but found &apos;CRLF&apos;."><![CDATA[line 102, col 4, Error - Expected linebreaks to be &apos;LF&apos; but found &apos;CRLF&apos;. (linebreak-style)]]></failure></testcase>
<testcase time="0" name="org.eslint.linebreak-style" classname="C:\work\dyrectorio\web\crux-ui\src\server\crux\team-service"><failure message="Expected linebreaks to be &apos;LF&apos; but found &apos;CRLF&apos;."><![CDATA[line 103, col 1, Error - Expected linebreaks to be &apos;LF&apos; but found &apos;CRLF&apos;. (linebreak-style)]]></failure></testcase>
<testcase time="0" name="org.eslint.linebreak-style" classname="C:\work\dyrectorio\web\crux-ui\src\server\crux\team-service"><failure message="Expected linebreaks to be &apos;LF&apos; but found &apos;CRLF&apos;."><![CDATA[line 104, col 53, Error - Expected linebreaks to be &apos;LF&apos; but found &apos;CRLF&apos;. (linebreak-style)]]></failure></testcase>
<testcase time="0" name="org.eslint.linebreak-style" classname="C:\work\dyrectorio\web\crux-ui\src\server\crux\team-service"><failure message="Expected linebreaks to be &apos;LF&apos; but found &apos;CRLF&apos;."><![CDATA[line 105, col 37, Error - Expected linebreaks to be &apos;LF&apos; but found &apos;CRLF&apos;. (linebreak-style)]]></failure></testcase>
<testcase time="0" name="org.eslint.linebreak-style" classname="C:\work\dyrectorio\web\crux-ui\src\server\crux\team-service"><failure message="Expected linebreaks to be &apos;LF&apos; but found &apos;CRLF&apos;."><![CDATA[line 106, col 22, Error - Expected linebreaks to be &apos;LF&apos; but found &apos;CRLF&apos;. (linebreak-style)]]></failure></testcase>
<testcase time="0" name="org.eslint.linebreak-style" classname="C:\work\dyrectorio\web\crux-ui\src\server\crux\team-service"><failure message="Expected linebreaks to be &apos;LF&apos; but found &apos;CRLF&apos;."><![CDATA[line 107, col 36, Error - Expected linebreaks to be &apos;LF&apos; but found &apos;CRLF&apos;. (linebreak-style)]]></failure></testcase>
<testcase time="0" name="org.eslint.linebreak-style" classname="C:\work\dyrectorio\web\crux-ui\src\server\crux\team-service"><failure message="Expected linebreaks to be &apos;LF&apos; but found &apos;CRLF&apos;."><![CDATA[line 108, col 6, Error - Expected linebreaks to be &apos;LF&apos; but found &apos;CRLF&apos;. (linebreak-style)]]></failure></testcase>
<testcase time="0" name="org.eslint.semi" classname="C:\work\dyrectorio\web\crux-ui\src\server\crux\team-service"><failure message="Missing semicolon."><![CDATA[line 108, col 6, Error - Missing semicolon. (semi)]]></failure></testcase>
<testcase time="0" name="org.eslint.linebreak-style" classname="C:\work\dyrectorio\web\crux-ui\src\server\crux\team-service"><failure message="Expected linebreaks to be &apos;LF&apos; but found &apos;CRLF&apos;."><![CDATA[line 109, col 1, Error - Expected linebreaks to be &apos;LF&apos; but found &apos;CRLF&apos;. (linebreak-style)]]></failure></testcase>
<testcase time="0" name="org.eslint.max-len" classname="C:\work\dyrectorio\web\crux-ui\src\server\crux\team-service"><failure message="This line has a length of 112. Maximum allowed is 100."><![CDATA[line 110, col 1, Error - This line has a length of 112. Maximum allowed is 100. (max-len)]]></failure></testcase>
<testcase time="0" name="org.eslint.linebreak-style" classname="C:\work\dyrectorio\web\crux-ui\src\server\crux\team-service"><failure message="Expected linebreaks to be &apos;LF&apos; but found &apos;CRLF&apos;."><![CDATA[line 110, col 113, Error - Expected linebreaks to be &apos;LF&apos; but found &apos;CRLF&apos;. (linebreak-style)]]></failure></testcase>
<testcase time="0" name="org.eslint.linebreak-style" classname="C:\work\dyrectorio\web\crux-ui\src\server\crux\team-service"><failure message="Expected linebreaks to be &apos;LF&apos; but found &apos;CRLF&apos;."><![CDATA[line 111, col 25, Error - Expected linebreaks to be &apos;LF&apos; but found &apos;CRLF&apos;. (linebreak-style)]]></failure></testcase>
<testcase time="0" name="org.eslint.linebreak-style" classname="C:\work\dyrectorio\web\crux-ui\src\server\crux\team-service"><failure message="Expected linebreaks to be &apos;LF&apos; but found &apos;CRLF&apos;."><![CDATA[line 112, col 11, Error - Expected linebreaks to be &apos;LF&apos; but found &apos;CRLF&apos;. (linebreak-style)]]></failure></testcase>
<testcase time="0" name="org.eslint.linebreak-style" classname="C:\work\dyrectorio\web\crux-ui\src\server\crux\team-service"><failure message="Expected linebreaks to be &apos;LF&apos; but found &apos;CRLF&apos;."><![CDATA[line 113, col 6, Error - Expected linebreaks to be &apos;LF&apos; but found &apos;CRLF&apos;. (linebreak-style)]]></failure></testcase>
<testcase time="0" name="org.eslint.semi" classname="C:\work\dyrectorio\web\crux-ui\src\server\crux\team-service"><failure message="Missing semicolon."><![CDATA[line 113, col 6, Error - Missing semicolon. (semi)]]></failure></testcase>
<testcase time="0" name="org.eslint.linebreak-style" classname="C:\work\dyrectorio\web\crux-ui\src\server\crux\team-service"><failure message="Expected linebreaks to be &apos;LF&apos; but found &apos;CRLF&apos;."><![CDATA[line 114, col 1, Error - Expected linebreaks to be &apos;LF&apos; but found &apos;CRLF&apos;. (linebreak-style)]]></failure></testcase>
<testcase time="0" name="org.eslint.linebreak-style" classname="C:\work\dyrectorio\web\crux-ui\src\server\crux\team-service"><failure message="Expected linebreaks to be &apos;LF&apos; but found &apos;CRLF&apos;."><![CDATA[line 115, col 13, Error - Expected linebreaks to be &apos;LF&apos; but found &apos;CRLF&apos;. (linebreak-style)]]></failure></testcase>
<testcase time="0" name="org.eslint.linebreak-style" classname="C:\work\dyrectorio\web\crux-ui\src\server\crux\team-service"><failure message="Expected linebreaks to be &apos;LF&apos; but found &apos;CRLF&apos;."><![CDATA[line 116, col 18, Error - Expected linebreaks to be &apos;LF&apos; but found &apos;CRLF&apos;. (linebreak-style)]]></failure></testcase>
<testcase time="0" name="org.eslint.linebreak-style" classname="C:\work\dyrectorio\web\crux-ui\src\server\crux\team-service"><failure message="Expected linebreaks to be &apos;LF&apos; but found &apos;CRLF&apos;."><![CDATA[line 117, col 22, Error - Expected linebreaks to be &apos;LF&apos; but found &apos;CRLF&apos;. (linebreak-style)]]></failure></testcase>
<testcase time="0" name="org.eslint.linebreak-style" classname="C:\work\dyrectorio\web\crux-ui\src\server\crux\team-service"><failure message="Expected linebreaks to be &apos;LF&apos; but found &apos;CRLF&apos;."><![CDATA[line 118, col 43, Error - Expected linebreaks to be &apos;LF&apos; but found &apos;CRLF&apos;. (linebreak-style)]]></failure></testcase>
<testcase time="0" name="org.eslint.linebreak-style" classname="C:\work\dyrectorio\web\crux-ui\src\server\crux\team-service"><failure message="Expected linebreaks to be &apos;LF&apos; but found &apos;CRLF&apos;."><![CDATA[line 119, col 6, Error - Expected linebreaks to be &apos;LF&apos; but found &apos;CRLF&apos;. (linebreak-style)]]></failure></testcase>
<testcase time="0" name="org.eslint.semi" classname="C:\work\dyrectorio\web\crux-ui\src\server\crux\team-service"><failure message="Missing semicolon."><![CDATA[line 119, col 6, Error - Missing semicolon. (semi)]]></failure></testcase>
<testcase time="0" name="org.eslint.linebreak-style" classname="C:\work\dyrectorio\web\crux-ui\src\server\crux\team-service"><failure message="Expected linebreaks to be &apos;LF&apos; but found &apos;CRLF&apos;."><![CDATA[line 120, col 4, Error - Expected linebreaks to be &apos;LF&apos; but found &apos;CRLF&apos;. (linebreak-style)]]></failure></testcase>
<testcase time="0" name="org.eslint.linebreak-style" classname="C:\work\dyrectorio\web\crux-ui\src\server\crux\team-service"><failure message="Expected linebreaks to be &apos;LF&apos; but found &apos;CRLF&apos;."><![CDATA[line 121, col 1, Error - Expected linebreaks to be &apos;LF&apos; but found &apos;CRLF&apos;. (linebreak-style)]]></failure></testcase>
<testcase time="0" name="org.eslint.linebreak-style" classname="C:\work\dyrectorio\web\crux-ui\src\server\crux\team-service"><failure message="Expected linebreaks to be &apos;LF&apos; but found &apos;CRLF&apos;."><![CDATA[line 122, col 69, Error - Expected linebreaks to be &apos;LF&apos; but found &apos;CRLF&apos;. (linebreak-style)]]></failure></testcase>
<testcase time="0" name="org.eslint.linebreak-style" classname="C:\work\dyrectorio\web\crux-ui\src\server\crux\team-service"><failure message="Expected linebreaks to be &apos;LF&apos; but found &apos;CRLF&apos;."><![CDATA[line 123, col 37, Error - Expected linebreaks to be &apos;LF&apos; but found &apos;CRLF&apos;. (linebreak-style)]]></failure></testcase>
<testcase time="0" name="org.eslint.linebreak-style" classname="C:\work\dyrectorio\web\crux-ui\src\server\crux\team-service"><failure message="Expected linebreaks to be &apos;LF&apos; but found &apos;CRLF&apos;."><![CDATA[line 124, col 18, Error - Expected linebreaks to be &apos;LF&apos; but found &apos;CRLF&apos;. (linebreak-style)]]></failure></testcase>
<testcase time="0" name="org.eslint.linebreak-style" classname="C:\work\dyrectorio\web\crux-ui\src\server\crux\team-service"><failure message="Expected linebreaks to be &apos;LF&apos; but found &apos;CRLF&apos;."><![CDATA[line 125, col 22, Error - Expected linebreaks to be &apos;LF&apos; but found &apos;CRLF&apos;. (linebreak-style)]]></failure></testcase>
<testcase time="0" name="org.eslint.linebreak-style" classname="C:\work\dyrectorio\web\crux-ui\src\server\crux\team-service"><failure message="Expected linebreaks to be &apos;LF&apos; but found &apos;CRLF&apos;."><![CDATA[line 126, col 36, Error - Expected linebreaks to be &apos;LF&apos; but found &apos;CRLF&apos;. (linebreak-style)]]></failure></testcase>
<testcase time="0" name="org.eslint.linebreak-style" classname="C:\work\dyrectorio\web\crux-ui\src\server\crux\team-service"><failure message="Expected linebreaks to be &apos;LF&apos; but found &apos;CRLF&apos;."><![CDATA[line 127, col 6, Error - Expected linebreaks to be &apos;LF&apos; but found &apos;CRLF&apos;. (linebreak-style)]]></failure></testcase>
<testcase time="0" name="org.eslint.semi" classname="C:\work\dyrectorio\web\crux-ui\src\server\crux\team-service"><failure message="Missing semicolon."><![CDATA[line 127, col 6, Error - Missing semicolon. (semi)]]></failure></testcase>
<testcase time="0" name="org.eslint.linebreak-style" classname="C:\work\dyrectorio\web\crux-ui\src\server\crux\team-service"><failure message="Expected linebreaks to be &apos;LF&apos; but found &apos;CRLF&apos;."><![CDATA[line 128, col 1, Error - Expected linebreaks to be &apos;LF&apos; but found &apos;CRLF&apos;. (linebreak-style)]]></failure></testcase>
<testcase time="0" name="org.eslint.max-len" classname="C:\work\dyrectorio\web\crux-ui\src\server\crux\team-service"><failure message="This line has a length of 108. Maximum allowed is 100."><![CDATA[line 129, col 1, Error - This line has a length of 108. Maximum allowed is 100. (max-len)]]></failure></testcase>
<testcase time="0" name="org.eslint.linebreak-style" classname="C:\work\dyrectorio\web\crux-ui\src\server\crux\team-service"><failure message="Expected linebreaks to be &apos;LF&apos; but found &apos;CRLF&apos;."><![CDATA[line 129, col 109, Error - Expected linebreaks to be &apos;LF&apos; but found &apos;CRLF&apos;. (linebreak-style)]]></failure></testcase>
<testcase time="0" name="org.eslint.semi" classname="C:\work\dyrectorio\web\crux-ui\src\server\crux\team-service"><failure message="Missing semicolon."><![CDATA[line 129, col 109, Error - Missing semicolon. (semi)]]></failure></testcase>
<testcase time="0" name="org.eslint.linebreak-style" classname="C:\work\dyrectorio\web\crux-ui\src\server\crux\team-service"><failure message="Expected linebreaks to be &apos;LF&apos; but found &apos;CRLF&apos;."><![CDATA[line 130, col 4, Error - Expected linebreaks to be &apos;LF&apos; but found &apos;CRLF&apos;. (linebreak-style)]]></failure></testcase>
<testcase time="0" name="org.eslint.linebreak-style" classname="C:\work\dyrectorio\web\crux-ui\src\server\crux\team-service"><failure message="Expected linebreaks to be &apos;LF&apos; but found &apos;CRLF&apos;."><![CDATA[line 131, col 1, Error - Expected linebreaks to be &apos;LF&apos; but found &apos;CRLF&apos;. (linebreak-style)]]></failure></testcase>
<testcase time="0" name="org.eslint.linebreak-style" classname="C:\work\dyrectorio\web\crux-ui\src\server\crux\team-service"><failure message="Expected linebreaks to be &apos;LF&apos; but found &apos;CRLF&apos;."><![CDATA[line 132, col 88, Error - Expected linebreaks to be &apos;LF&apos; but found &apos;CRLF&apos;. (linebreak-style)]]></failure></testcase>
<testcase time="0" name="org.eslint.linebreak-style" classname="C:\work\dyrectorio\web\crux-ui\src\server\crux\team-service"><failure message="Expected linebreaks to be &apos;LF&apos; but found &apos;CRLF&apos;."><![CDATA[line 133, col 47, Error - Expected linebreaks to be &apos;LF&apos; but found &apos;CRLF&apos;. (linebreak-style)]]></failure></testcase>
<testcase time="0" name="org.eslint.linebreak-style" classname="C:\work\dyrectorio\web\crux-ui\src\server\crux\team-service"><failure message="Expected linebreaks to be &apos;LF&apos; but found &apos;CRLF&apos;."><![CDATA[line 134, col 18, Error - Expected linebreaks to be &apos;LF&apos; but found &apos;CRLF&apos;. (linebreak-style)]]></failure></testcase>
<testcase time="0" name="org.eslint.linebreak-style" classname="C:\work\dyrectorio\web\crux-ui\src\server\crux\team-service"><failure message="Expected linebreaks to be &apos;LF&apos; but found &apos;CRLF&apos;."><![CDATA[line 135, col 36, Error - Expected linebreaks to be &apos;LF&apos; but found &apos;CRLF&apos;. (linebreak-style)]]></failure></testcase>
<testcase time="0" name="org.eslint.object-shorthand" classname="C:\work\dyrectorio\web\crux-ui\src\server\crux\team-service"><failure message="Expected property shorthand."><![CDATA[line 136, col 7, Error - Expected property shorthand. (object-shorthand)]]></failure></testcase>
<testcase time="0" name="org.eslint.linebreak-style" classname="C:\work\dyrectorio\web\crux-ui\src\server\crux\team-service"><failure message="Expected linebreaks to be &apos;LF&apos; but found &apos;CRLF&apos;."><![CDATA[line 136, col 22, Error - Expected linebreaks to be &apos;LF&apos; but found &apos;CRLF&apos;. (linebreak-style)]]></failure></testcase>
<testcase time="0" name="org.eslint.no-use-before-define" classname="C:\work\dyrectorio\web\crux-ui\src\server\crux\team-service"><failure message="&apos;userRoleToGrpc&apos; was used before it was defined."><![CDATA[line 137, col 13, Error - &apos;userRoleToGrpc&apos; was used before it was defined. (no-use-before-define)]]></failure></testcase>
<testcase time="0" name="org.eslint.linebreak-style" classname="C:\work\dyrectorio\web\crux-ui\src\server\crux\team-service"><failure message="Expected linebreaks to be &apos;LF&apos; but found &apos;CRLF&apos;."><![CDATA[line 137, col 34, Error - Expected linebreaks to be &apos;LF&apos; but found &apos;CRLF&apos;. (linebreak-style)]]></failure></testcase>
<testcase time="0" name="org.eslint.linebreak-style" classname="C:\work\dyrectorio\web\crux-ui\src\server\crux\team-service"><failure message="Expected linebreaks to be &apos;LF&apos; but found &apos;CRLF&apos;."><![CDATA[line 138, col 6, Error - Expected linebreaks to be &apos;LF&apos; but found &apos;CRLF&apos;. (linebreak-style)]]></failure></testcase>
<testcase time="0" name="org.eslint.semi" classname="C:\work\dyrectorio\web\crux-ui\src\server\crux\team-service"><failure message="Missing semicolon."><![CDATA[line 138, col 6, Error - Missing semicolon. (semi)]]></failure></testcase>
<testcase time="0" name="org.eslint.linebreak-style" classname="C:\work\dyrectorio\web\crux-ui\src\server\crux\team-service"><failure message="Expected linebreaks to be &apos;LF&apos; but found &apos;CRLF&apos;."><![CDATA[line 139, col 1, Error - Expected linebreaks to be &apos;LF&apos; but found &apos;CRLF&apos;. (linebreak-style)]]></failure></testcase>
<testcase time="0" name="org.eslint.linebreak-style" classname="C:\work\dyrectorio\web\crux-ui\src\server\crux\team-service"><failure message="Expected linebreaks to be &apos;LF&apos; but found &apos;CRLF&apos;."><![CDATA[line 140, col 100, Error - Expected linebreaks to be &apos;LF&apos; but found &apos;CRLF&apos;. (linebreak-style)]]></failure></testcase>
<testcase time="0" name="org.eslint.linebreak-style" classname="C:\work\dyrectorio\web\crux-ui\src\server\crux\team-service"><failure message="Expected linebreaks to be &apos;LF&apos; but found &apos;CRLF&apos;."><![CDATA[line 141, col 35, Error - Expected linebreaks to be &apos;LF&apos; but found &apos;CRLF&apos;. (linebreak-style)]]></failure></testcase>
<testcase time="0" name="org.eslint.linebreak-style" classname="C:\work\dyrectorio\web\crux-ui\src\server\crux\team-service"><failure message="Expected linebreaks to be &apos;LF&apos; but found &apos;CRLF&apos;."><![CDATA[line 142, col 11, Error - Expected linebreaks to be &apos;LF&apos; but found &apos;CRLF&apos;. (linebreak-style)]]></failure></testcase>
<testcase time="0" name="org.eslint.linebreak-style" classname="C:\work\dyrectorio\web\crux-ui\src\server\crux\team-service"><failure message="Expected linebreaks to be &apos;LF&apos; but found &apos;CRLF&apos;."><![CDATA[line 143, col 6, Error - Expected linebreaks to be &apos;LF&apos; but found &apos;CRLF&apos;. (linebreak-style)]]></failure></testcase>
<testcase time="0" name="org.eslint.semi" classname="C:\work\dyrectorio\web\crux-ui\src\server\crux\team-service"><failure message="Missing semicolon."><![CDATA[line 143, col 6, Error - Missing semicolon. (semi)]]></failure></testcase>
<testcase time="0" name="org.eslint.linebreak-style" classname="C:\work\dyrectorio\web\crux-ui\src\server\crux\team-service"><failure message="Expected linebreaks to be &apos;LF&apos; but found &apos;CRLF&apos;."><![CDATA[line 144, col 4, Error - Expected linebreaks to be &apos;LF&apos; but found &apos;CRLF&apos;. (linebreak-style)]]></failure></testcase>
<testcase time="0" name="org.eslint.linebreak-style" classname="C:\work\dyrectorio\web\crux-ui\src\server\crux\team-service"><failure message="Expected linebreaks to be &apos;LF&apos; but found &apos;CRLF&apos;."><![CDATA[line 145, col 1, Error - Expected linebreaks to be &apos;LF&apos; but found &apos;CRLF&apos;. (linebreak-style)]]></failure></testcase>
<testcase time="0" name="org.eslint.linebreak-style" classname="C:\work\dyrectorio\web\crux-ui\src\server\crux\team-service"><failure message="Expected linebreaks to be &apos;LF&apos; but found &apos;CRLF&apos;."><![CDATA[line 146, col 52, Error - Expected linebreaks to be &apos;LF&apos; but found &apos;CRLF&apos;. (linebreak-style)]]></failure></testcase>
<testcase time="0" name="org.eslint.linebreak-style" classname="C:\work\dyrectorio\web\crux-ui\src\server\crux\team-service"><failure message="Expected linebreaks to be &apos;LF&apos; but found &apos;CRLF&apos;."><![CDATA[line 147, col 29, Error - Expected linebreaks to be &apos;LF&apos; but found &apos;CRLF&apos;. (linebreak-style)]]></failure></testcase>
<testcase time="0" name="org.eslint.linebreak-style" classname="C:\work\dyrectorio\web\crux-ui\src\server\crux\team-service"><failure message="Expected linebreaks to be &apos;LF&apos; but found &apos;CRLF&apos;."><![CDATA[line 148, col 18, Error - Expected linebreaks to be &apos;LF&apos; but found &apos;CRLF&apos;. (linebreak-style)]]></failure></testcase>
<testcase time="0" name="org.eslint.linebreak-style" classname="C:\work\dyrectorio\web\crux-ui\src\server\crux\team-service"><failure message="Expected linebreaks to be &apos;LF&apos; but found &apos;CRLF&apos;."><![CDATA[line 149, col 36, Error - Expected linebreaks to be &apos;LF&apos; but found &apos;CRLF&apos;. (linebreak-style)]]></failure></testcase>
<testcase time="0" name="org.eslint.linebreak-style" classname="C:\work\dyrectorio\web\crux-ui\src\server\crux\team-service"><failure message="Expected linebreaks to be &apos;LF&apos; but found &apos;CRLF&apos;."><![CDATA[line 150, col 6, Error - Expected linebreaks to be &apos;LF&apos; but found &apos;CRLF&apos;. (linebreak-style)]]></failure></testcase>
<testcase time="0" name="org.eslint.semi" classname="C:\work\dyrectorio\web\crux-ui\src\server\crux\team-service"><failure message="Missing semicolon."><![CDATA[line 150, col 6, Error - Missing semicolon. (semi)]]></failure></testcase>
<testcase time="0" name="org.eslint.linebreak-style" classname="C:\work\dyrectorio\web\crux-ui\src\server\crux\team-service"><failure message="Expected linebreaks to be &apos;LF&apos; but found &apos;CRLF&apos;."><![CDATA[line 151, col 1, Error - Expected linebreaks to be &apos;LF&apos; but found &apos;CRLF&apos;. (linebreak-style)]]></failure></testcase>
<testcase time="0" name="org.eslint.linebreak-style" classname="C:\work\dyrectorio\web\crux-ui\src\server\crux\team-service"><failure message="Expected linebreaks to be &apos;LF&apos; but found &apos;CRLF&apos;."><![CDATA[line 152, col 93, Error - Expected linebreaks to be &apos;LF&apos; but found &apos;CRLF&apos;. (linebreak-style)]]></failure></testcase>
<testcase time="0" name="org.eslint.semi" classname="C:\work\dyrectorio\web\crux-ui\src\server\crux\team-service"><failure message="Missing semicolon."><![CDATA[line 152, col 93, Error - Missing semicolon. (semi)]]></failure></testcase>
<testcase time="0" name="org.eslint.linebreak-style" classname="C:\work\dyrectorio\web\crux-ui\src\server\crux\team-service"><failure message="Expected linebreaks to be &apos;LF&apos; but found &apos;CRLF&apos;."><![CDATA[line 153, col 4, Error - Expected linebreaks to be &apos;LF&apos; but found &apos;CRLF&apos;. (linebreak-style)]]></failure></testcase>
<testcase time="0" name="org.eslint.linebreak-style" classname="C:\work\dyrectorio\web\crux-ui\src\server\crux\team-service"><failure message="Expected linebreaks to be &apos;LF&apos; but found &apos;CRLF&apos;."><![CDATA[line 154, col 1, Error - Expected linebreaks to be &apos;LF&apos; but found &apos;CRLF&apos;. (linebreak-style)]]></failure></testcase>
<testcase time="0" name="org.eslint.linebreak-style" classname="C:\work\dyrectorio\web\crux-ui\src\server\crux\team-service"><failure message="Expected linebreaks to be &apos;LF&apos; but found &apos;CRLF&apos;."><![CDATA[line 155, col 52, Error - Expected linebreaks to be &apos;LF&apos; but found &apos;CRLF&apos;. (linebreak-style)]]></failure></testcase>
<testcase time="0" name="org.eslint.linebreak-style" classname="C:\work\dyrectorio\web\crux-ui\src\server\crux\team-service"><failure message="Expected linebreaks to be &apos;LF&apos; but found &apos;CRLF&apos;."><![CDATA[line 156, col 29, Error - Expected linebreaks to be &apos;LF&apos; but found &apos;CRLF&apos;. (linebreak-style)]]></failure></testcase>
<testcase time="0" name="org.eslint.linebreak-style" classname="C:\work\dyrectorio\web\crux-ui\src\server\crux\team-service"><failure message="Expected linebreaks to be &apos;LF&apos; but found &apos;CRLF&apos;."><![CDATA[line 157, col 18, Error - Expected linebreaks to be &apos;LF&apos; but found &apos;CRLF&apos;. (linebreak-style)]]></failure></testcase>
<testcase time="0" name="org.eslint.linebreak-style" classname="C:\work\dyrectorio\web\crux-ui\src\server\crux\team-service"><failure message="Expected linebreaks to be &apos;LF&apos; but found &apos;CRLF&apos;."><![CDATA[line 158, col 36, Error - Expected linebreaks to be &apos;LF&apos; but found &apos;CRLF&apos;. (linebreak-style)]]></failure></testcase>
<testcase time="0" name="org.eslint.linebreak-style" classname="C:\work\dyrectorio\web\crux-ui\src\server\crux\team-service"><failure message="Expected linebreaks to be &apos;LF&apos; but found &apos;CRLF&apos;."><![CDATA[line 159, col 6, Error - Expected linebreaks to be &apos;LF&apos; but found &apos;CRLF&apos;. (linebreak-style)]]></failure></testcase>
<testcase time="0" name="org.eslint.semi" classname="C:\work\dyrectorio\web\crux-ui\src\server\crux\team-service"><failure message="Missing semicolon."><![CDATA[line 159, col 6, Error - Missing semicolon. (semi)]]></failure></testcase>
<testcase time="0" name="org.eslint.linebreak-style" classname="C:\work\dyrectorio\web\crux-ui\src\server\crux\team-service"><failure message="Expected linebreaks to be &apos;LF&apos; but found &apos;CRLF&apos;."><![CDATA[line 160, col 1, Error - Expected linebreaks to be &apos;LF&apos; but found &apos;CRLF&apos;. (linebreak-style)]]></failure></testcase>
<testcase time="0" name="org.eslint.linebreak-style" classname="C:\work\dyrectorio\web\crux-ui\src\server\crux\team-service"><failure message="Expected linebreaks to be &apos;LF&apos; but found &apos;CRLF&apos;."><![CDATA[line 161, col 97, Error - Expected linebreaks to be &apos;LF&apos; but found &apos;CRLF&apos;. (linebreak-style)]]></failure></testcase>
<testcase time="0" name="org.eslint.semi" classname="C:\work\dyrectorio\web\crux-ui\src\server\crux\team-service"><failure message="Missing semicolon."><![CDATA[line 161, col 97, Error - Missing semicolon. (semi)]]></failure></testcase>
<testcase time="0" name="org.eslint.linebreak-style" classname="C:\work\dyrectorio\web\crux-ui\src\server\crux\team-service"><failure message="Expected linebreaks to be &apos;LF&apos; but found &apos;CRLF&apos;."><![CDATA[line 162, col 4, Error - Expected linebreaks to be &apos;LF&apos; but found &apos;CRLF&apos;. (linebreak-style)]]></failure></testcase>
<testcase time="0" name="org.eslint.linebreak-style" classname="C:\work\dyrectorio\web\crux-ui\src\server\crux\team-service"><failure message="Expected linebreaks to be &apos;LF&apos; but found &apos;CRLF&apos;."><![CDATA[line 163, col 1, Error - Expected linebreaks to be &apos;LF&apos; but found &apos;CRLF&apos;. (linebreak-style)]]></failure></testcase>
<testcase time="0" name="org.eslint.linebreak-style" classname="C:\work\dyrectorio\web\crux-ui\src\server\crux\team-service"><failure message="Expected linebreaks to be &apos;LF&apos; but found &apos;CRLF&apos;."><![CDATA[line 164, col 69, Error - Expected linebreaks to be &apos;LF&apos; but found &apos;CRLF&apos;. (linebreak-style)]]></failure></testcase>
<testcase time="0" name="org.eslint.linebreak-style" classname="C:\work\dyrectorio\web\crux-ui\src\server\crux\team-service"><failure message="Expected linebreaks to be &apos;LF&apos; but found &apos;CRLF&apos;."><![CDATA[line 165, col 37, Error - Expected linebreaks to be &apos;LF&apos; but found &apos;CRLF&apos;. (linebreak-style)]]></failure></testcase>
<testcase time="0" name="org.eslint.linebreak-style" classname="C:\work\dyrectorio\web\crux-ui\src\server\crux\team-service"><failure message="Expected linebreaks to be &apos;LF&apos; but found &apos;CRLF&apos;."><![CDATA[line 166, col 18, Error - Expected linebreaks to be &apos;LF&apos; but found &apos;CRLF&apos;. (linebreak-style)]]></failure></testcase>
<testcase time="0" name="org.eslint.linebreak-style" classname="C:\work\dyrectorio\web\crux-ui\src\server\crux\team-service"><failure message="Expected linebreaks to be &apos;LF&apos; but found &apos;CRLF&apos;."><![CDATA[line 167, col 24, Error - Expected linebreaks to be &apos;LF&apos; but found &apos;CRLF&apos;. (linebreak-style)]]></failure></testcase>
<testcase time="0" name="org.eslint.linebreak-style" classname="C:\work\dyrectorio\web\crux-ui\src\server\crux\team-service"><failure message="Expected linebreaks to be &apos;LF&apos; but found &apos;CRLF&apos;."><![CDATA[line 168, col 36, Error - Expected linebreaks to be &apos;LF&apos; but found &apos;CRLF&apos;. (linebreak-style)]]></failure></testcase>
<testcase time="0" name="org.eslint.linebreak-style" classname="C:\work\dyrectorio\web\crux-ui\src\server\crux\team-service"><failure message="Expected linebreaks to be &apos;LF&apos; but found &apos;CRLF&apos;."><![CDATA[line 169, col 6, Error - Expected linebreaks to be &apos;LF&apos; but found &apos;CRLF&apos;. (linebreak-style)]]></failure></testcase>
<testcase time="0" name="org.eslint.semi" classname="C:\work\dyrectorio\web\crux-ui\src\server\crux\team-service"><failure message="Missing semicolon."><![CDATA[line 169, col 6, Error - Missing semicolon. (semi)]]></failure></testcase>
<testcase time="0" name="org.eslint.linebreak-style" classname="C:\work\dyrectorio\web\crux-ui\src\server\crux\team-service"><failure message="Expected linebreaks to be &apos;LF&apos; but found &apos;CRLF&apos;."><![CDATA[line 170, col 1, Error - Expected linebreaks to be &apos;LF&apos; but found &apos;CRLF&apos;. (linebreak-style)]]></failure></testcase>
<testcase time="0" name="org.eslint.max-len" classname="C:\work\dyrectorio\web\crux-ui\src\server\crux\team-service"><failure message="This line has a length of 118. Maximum allowed is 100."><![CDATA[line 171, col 1, Error - This line has a length of 118. Maximum allowed is 100. (max-len)]]></failure></testcase>
<testcase time="0" name="org.eslint.linebreak-style" classname="C:\work\dyrectorio\web\crux-ui\src\server\crux\team-service"><failure message="Expected linebreaks to be &apos;LF&apos; but found &apos;CRLF&apos;."><![CDATA[line 171, col 119, Error - Expected linebreaks to be &apos;LF&apos; but found &apos;CRLF&apos;. (linebreak-style)]]></failure></testcase>
<testcase time="0" name="org.eslint.linebreak-style" classname="C:\work\dyrectorio\web\crux-ui\src\server\crux\team-service"><failure message="Expected linebreaks to be &apos;LF&apos; but found &apos;CRLF&apos;."><![CDATA[line 172, col 25, Error - Expected linebreaks to be &apos;LF&apos; but found &apos;CRLF&apos;. (linebreak-style)]]></failure></testcase>
<testcase time="0" name="org.eslint.linebreak-style" classname="C:\work\dyrectorio\web\crux-ui\src\server\crux\team-service"><failure message="Expected linebreaks to be &apos;LF&apos; but found &apos;CRLF&apos;."><![CDATA[line 173, col 11, Error - Expected linebreaks to be &apos;LF&apos; but found &apos;CRLF&apos;. (linebreak-style)]]></failure></testcase>
<testcase time="0" name="org.eslint.linebreak-style" classname="C:\work\dyrectorio\web\crux-ui\src\server\crux\team-service"><failure message="Expected linebreaks to be &apos;LF&apos; but found &apos;CRLF&apos;."><![CDATA[line 174, col 6, Error - Expected linebreaks to be &apos;LF&apos; but found &apos;CRLF&apos;. (linebreak-style)]]></failure></testcase>
<testcase time="0" name="org.eslint.semi" classname="C:\work\dyrectorio\web\crux-ui\src\server\crux\team-service"><failure message="Missing semicolon."><![CDATA[line 174, col 6, Error - Missing semicolon. (semi)]]></failure></testcase>
<testcase time="0" name="org.eslint.linebreak-style" classname="C:\work\dyrectorio\web\crux-ui\src\server\crux\team-service"><failure message="Expected linebreaks to be &apos;LF&apos; but found &apos;CRLF&apos;."><![CDATA[line 175, col 1, Error - Expected linebreaks to be &apos;LF&apos; but found &apos;CRLF&apos;. (linebreak-style)]]></failure></testcase>
<testcase time="0" name="org.eslint.linebreak-style" classname="C:\work\dyrectorio\web\crux-ui\src\server\crux\team-service"><failure message="Expected linebreaks to be &apos;LF&apos; but found &apos;CRLF&apos;."><![CDATA[line 176, col 13, Error - Expected linebreaks to be &apos;LF&apos; but found &apos;CRLF&apos;. (linebreak-style)]]></failure></testcase>
<testcase time="0" name="org.eslint.linebreak-style" classname="C:\work\dyrectorio\web\crux-ui\src\server\crux\team-service"><failure message="Expected linebreaks to be &apos;LF&apos; but found &apos;CRLF&apos;."><![CDATA[line 177, col 18, Error - Expected linebreaks to be &apos;LF&apos; but found &apos;CRLF&apos;. (linebreak-style)]]></failure></testcase>
<testcase time="0" name="org.eslint.linebreak-style" classname="C:\work\dyrectorio\web\crux-ui\src\server\crux\team-service"><failure message="Expected linebreaks to be &apos;LF&apos; but found &apos;CRLF&apos;."><![CDATA[line 178, col 24, Error - Expected linebreaks to be &apos;LF&apos; but found &apos;CRLF&apos;. (linebreak-style)]]></failure></testcase>
<testcase time="0" name="org.eslint.linebreak-style" classname="C:\work\dyrectorio\web\crux-ui\src\server\crux\team-service"><failure message="Expected linebreaks to be &apos;LF&apos; but found &apos;CRLF&apos;."><![CDATA[line 179, col 18, Error - Expected linebreaks to be &apos;LF&apos; but found &apos;CRLF&apos;. (linebreak-style)]]></failure></testcase>
<testcase time="0" name="org.eslint.linebreak-style" classname="C:\work\dyrectorio\web\crux-ui\src\server\crux\team-service"><failure message="Expected linebreaks to be &apos;LF&apos; but found &apos;CRLF&apos;."><![CDATA[line 180, col 20, Error - Expected linebreaks to be &apos;LF&apos; but found &apos;CRLF&apos;. (linebreak-style)]]></failure></testcase>
<testcase time="0" name="org.eslint.linebreak-style" classname="C:\work\dyrectorio\web\crux-ui\src\server\crux\team-service"><failure message="Expected linebreaks to be &apos;LF&apos; but found &apos;CRLF&apos;."><![CDATA[line 181, col 25, Error - Expected linebreaks to be &apos;LF&apos; but found &apos;CRLF&apos;. (linebreak-style)]]></failure></testcase>
<testcase time="0" name="org.eslint.linebreak-style" classname="C:\work\dyrectorio\web\crux-ui\src\server\crux\team-service"><failure message="Expected linebreaks to be &apos;LF&apos; but found &apos;CRLF&apos;."><![CDATA[line 182, col 6, Error - Expected linebreaks to be &apos;LF&apos; but found &apos;CRLF&apos;. (linebreak-style)]]></failure></testcase>
<testcase time="0" name="org.eslint.semi" classname="C:\work\dyrectorio\web\crux-ui\src\server\crux\team-service"><failure message="Missing semicolon."><![CDATA[line 182, col 6, Error - Missing semicolon. (semi)]]></failure></testcase>
<testcase time="0" name="org.eslint.linebreak-style" classname="C:\work\dyrectorio\web\crux-ui\src\server\crux\team-service"><failure message="Expected linebreaks to be &apos;LF&apos; but found &apos;CRLF&apos;."><![CDATA[line 183, col 4, Error - Expected linebreaks to be &apos;LF&apos; but found &apos;CRLF&apos;. (linebreak-style)]]></failure></testcase>
<testcase time="0" name="org.eslint.linebreak-style" classname="C:\work\dyrectorio\web\crux-ui\src\server\crux\team-service"><failure message="Expected linebreaks to be &apos;LF&apos; but found &apos;CRLF&apos;."><![CDATA[line 184, col 1, Error - Expected linebreaks to be &apos;LF&apos; but found &apos;CRLF&apos;. (linebreak-style)]]></failure></testcase>
<testcase time="0" name="org.eslint.linebreak-style" classname="C:\work\dyrectorio\web\crux-ui\src\server\crux\team-service"><failure message="Expected linebreaks to be &apos;LF&apos; but found &apos;CRLF&apos;."><![CDATA[line 185, col 68, Error - Expected linebreaks to be &apos;LF&apos; but found &apos;CRLF&apos;. (linebreak-style)]]></failure></testcase>
<testcase time="0" name="org.eslint.linebreak-style" classname="C:\work\dyrectorio\web\crux-ui\src\server\crux\team-service"><failure message="Expected linebreaks to be &apos;LF&apos; but found &apos;CRLF&apos;."><![CDATA[line 186, col 45, Error - Expected linebreaks to be &apos;LF&apos; but found &apos;CRLF&apos;. (linebreak-style)]]></failure></testcase>
<testcase time="0" name="org.eslint.linebreak-style" classname="C:\work\dyrectorio\web\crux-ui\src\server\crux\team-service"><failure message="Expected linebreaks to be &apos;LF&apos; but found &apos;CRLF&apos;."><![CDATA[line 187, col 18, Error - Expected linebreaks to be &apos;LF&apos; but found &apos;CRLF&apos;. (linebreak-style)]]></failure></testcase>
<testcase time="0" name="org.eslint.linebreak-style" classname="C:\work\dyrectorio\web\crux-ui\src\server\crux\team-service"><failure message="Expected linebreaks to be &apos;LF&apos; but found &apos;CRLF&apos;."><![CDATA[line 188, col 14, Error - Expected linebreaks to be &apos;LF&apos; but found &apos;CRLF&apos;. (linebreak-style)]]></failure></testcase>
<testcase time="0" name="org.eslint.linebreak-style" classname="C:\work\dyrectorio\web\crux-ui\src\server\crux\team-service"><failure message="Expected linebreaks to be &apos;LF&apos; but found &apos;CRLF&apos;."><![CDATA[line 189, col 36, Error - Expected linebreaks to be &apos;LF&apos; but found &apos;CRLF&apos;. (linebreak-style)]]></failure></testcase>
<testcase time="0" name="org.eslint.linebreak-style" classname="C:\work\dyrectorio\web\crux-ui\src\server\crux\team-service"><failure message="Expected linebreaks to be &apos;LF&apos; but found &apos;CRLF&apos;."><![CDATA[line 190, col 6, Error - Expected linebreaks to be &apos;LF&apos; but found &apos;CRLF&apos;. (linebreak-style)]]></failure></testcase>
<testcase time="0" name="org.eslint.semi" classname="C:\work\dyrectorio\web\crux-ui\src\server\crux\team-service"><failure message="Missing semicolon."><![CDATA[line 190, col 6, Error - Missing semicolon. (semi)]]></failure></testcase>
<testcase time="0" name="org.eslint.linebreak-style" classname="C:\work\dyrectorio\web\crux-ui\src\server\crux\team-service"><failure message="Expected linebreaks to be &apos;LF&apos; but found &apos;CRLF&apos;."><![CDATA[line 191, col 1, Error - Expected linebreaks to be &apos;LF&apos; but found &apos;CRLF&apos;. (linebreak-style)]]></failure></testcase>
<testcase time="0" name="org.eslint.max-len" classname="C:\work\dyrectorio\web\crux-ui\src\server\crux\team-service"><failure message="This line has a length of 101. Maximum allowed is 100."><![CDATA[line 192, col 1, Error - This line has a length of 101. Maximum allowed is 100. (max-len)]]></failure></testcase>
<testcase time="0" name="org.eslint.linebreak-style" classname="C:\work\dyrectorio\web\crux-ui\src\server\crux\team-service"><failure message="Expected linebreaks to be &apos;LF&apos; but found &apos;CRLF&apos;."><![CDATA[line 192, col 102, Error - Expected linebreaks to be &apos;LF&apos; but found &apos;CRLF&apos;. (linebreak-style)]]></failure></testcase>
<testcase time="0" name="org.eslint.linebreak-style" classname="C:\work\dyrectorio\web\crux-ui\src\server\crux\team-service"><failure message="Expected linebreaks to be &apos;LF&apos; but found &apos;CRLF&apos;."><![CDATA[line 193, col 33, Error - Expected linebreaks to be &apos;LF&apos; but found &apos;CRLF&apos;. (linebreak-style)]]></failure></testcase>
<testcase time="0" name="org.eslint.linebreak-style" classname="C:\work\dyrectorio\web\crux-ui\src\server\crux\team-service"><failure message="Expected linebreaks to be &apos;LF&apos; but found &apos;CRLF&apos;."><![CDATA[line 194, col 11, Error - Expected linebreaks to be &apos;LF&apos; but found &apos;CRLF&apos;. (linebreak-style)]]></failure></testcase>
<testcase time="0" name="org.eslint.linebreak-style" classname="C:\work\dyrectorio\web\crux-ui\src\server\crux\team-service"><failure message="Expected linebreaks to be &apos;LF&apos; but found &apos;CRLF&apos;."><![CDATA[line 195, col 6, Error - Expected linebreaks to be &apos;LF&apos; but found &apos;CRLF&apos;. (linebreak-style)]]></failure></testcase>
<testcase time="0" name="org.eslint.semi" classname="C:\work\dyrectorio\web\crux-ui\src\server\crux\team-service"><failure message="Missing semicolon."><![CDATA[line 195, col 6, Error - Missing semicolon. (semi)]]></failure></testcase>
<testcase time="0" name="org.eslint.linebreak-style" classname="C:\work\dyrectorio\web\crux-ui\src\server\crux\team-service"><failure message="Expected linebreaks to be &apos;LF&apos; but found &apos;CRLF&apos;."><![CDATA[line 196, col 1, Error - Expected linebreaks to be &apos;LF&apos; but found &apos;CRLF&apos;. (linebreak-style)]]></failure></testcase>
<testcase time="0" name="org.eslint.linebreak-style" classname="C:\work\dyrectorio\web\crux-ui\src\server\crux\team-service"><failure message="Expected linebreaks to be &apos;LF&apos; but found &apos;CRLF&apos;."><![CDATA[line 197, col 63, Error - Expected linebreaks to be &apos;LF&apos; but found &apos;CRLF&apos;. (linebreak-style)]]></failure></testcase>
<testcase time="0" name="org.eslint.semi" classname="C:\work\dyrectorio\web\crux-ui\src\server\crux\team-service"><failure message="Missing semicolon."><![CDATA[line 197, col 63, Error - Missing semicolon. (semi)]]></failure></testcase>
<testcase time="0" name="org.eslint.linebreak-style" classname="C:\work\dyrectorio\web\crux-ui\src\server\crux\team-service"><failure message="Expected linebreaks to be &apos;LF&apos; but found &apos;CRLF&apos;."><![CDATA[line 198, col 4, Error - Expected linebreaks to be &apos;LF&apos; but found &apos;CRLF&apos;. (linebreak-style)]]></failure></testcase>
<testcase time="0" name="org.eslint.linebreak-style" classname="C:\work\dyrectorio\web\crux-ui\src\server\crux\team-service"><failure message="Expected linebreaks to be &apos;LF&apos; but found &apos;CRLF&apos;."><![CDATA[line 199, col 1, Error - Expected linebreaks to be &apos;LF&apos; but found &apos;CRLF&apos;. (linebreak-style)]]></failure></testcase>
<testcase time="0" name="org.eslint.linebreak-style" classname="C:\work\dyrectorio\web\crux-ui\src\server\crux\team-service"><failure message="Expected linebreaks to be &apos;LF&apos; but found &apos;CRLF&apos;."><![CDATA[line 200, col 58, Error - Expected linebreaks to be &apos;LF&apos; but found &apos;CRLF&apos;. (linebreak-style)]]></failure></testcase>
<testcase time="0" name="org.eslint.linebreak-style" classname="C:\work\dyrectorio\web\crux-ui\src\server\crux\team-service"><failure message="Expected linebreaks to be &apos;LF&apos; but found &apos;CRLF&apos;."><![CDATA[line 201, col 29, Error - Expected linebreaks to be &apos;LF&apos; but found &apos;CRLF&apos;. (linebreak-style)]]></failure></testcase>
<testcase time="0" name="org.eslint.linebreak-style" classname="C:\work\dyrectorio\web\crux-ui\src\server\crux\team-service"><failure message="Expected linebreaks to be &apos;LF&apos; but found &apos;CRLF&apos;."><![CDATA[line 202, col 18, Error - Expected linebreaks to be &apos;LF&apos; but found &apos;CRLF&apos;. (linebreak-style)]]></failure></testcase>
<testcase time="0" name="org.eslint.linebreak-style" classname="C:\work\dyrectorio\web\crux-ui\src\server\crux\team-service"><failure message="Expected linebreaks to be &apos;LF&apos; but found &apos;CRLF&apos;."><![CDATA[line 203, col 36, Error - Expected linebreaks to be &apos;LF&apos; but found &apos;CRLF&apos;. (linebreak-style)]]></failure></testcase>
<testcase time="0" name="org.eslint.linebreak-style" classname="C:\work\dyrectorio\web\crux-ui\src\server\crux\team-service"><failure message="Expected linebreaks to be &apos;LF&apos; but found &apos;CRLF&apos;."><![CDATA[line 204, col 6, Error - Expected linebreaks to be &apos;LF&apos; but found &apos;CRLF&apos;. (linebreak-style)]]></failure></testcase>
<testcase time="0" name="org.eslint.semi" classname="C:\work\dyrectorio\web\crux-ui\src\server\crux\team-service"><failure message="Missing semicolon."><![CDATA[line 204, col 6, Error - Missing semicolon. (semi)]]></failure></testcase>
<testcase time="0" name="org.eslint.linebreak-style" classname="C:\work\dyrectorio\web\crux-ui\src\server\crux\team-service"><failure message="Expected linebreaks to be &apos;LF&apos; but found &apos;CRLF&apos;."><![CDATA[line 205, col 1, Error - Expected linebreaks to be &apos;LF&apos; but found &apos;CRLF&apos;. (linebreak-style)]]></failure></testcase>
<testcase time="0" name="org.eslint.linebreak-style" classname="C:\work\dyrectorio\web\crux-ui\src\server\crux\team-service"><failure message="Expected linebreaks to be &apos;LF&apos; but found &apos;CRLF&apos;."><![CDATA[line 206, col 99, Error - Expected linebreaks to be &apos;LF&apos; but found &apos;CRLF&apos;. (linebreak-style)]]></failure></testcase>
<testcase time="0" name="org.eslint.semi" classname="C:\work\dyrectorio\web\crux-ui\src\server\crux\team-service"><failure message="Missing semicolon."><![CDATA[line 206, col 99, Error - Missing semicolon. (semi)]]></failure></testcase>
<testcase time="0" name="org.eslint.linebreak-style" classname="C:\work\dyrectorio\web\crux-ui\src\server\crux\team-service"><failure message="Expected linebreaks to be &apos;LF&apos; but found &apos;CRLF&apos;."><![CDATA[line 207, col 4, Error - Expected linebreaks to be &apos;LF&apos; but found &apos;CRLF&apos;. (linebreak-style)]]></failure></testcase>
<testcase time="0" name="org.eslint.linebreak-style" classname="C:\work\dyrectorio\web\crux-ui\src\server\crux\team-service"><failure message="Expected linebreaks to be &apos;LF&apos; but found &apos;CRLF&apos;."><![CDATA[line 208, col 1, Error - Expected linebreaks to be &apos;LF&apos; but found &apos;CRLF&apos;. (linebreak-style)]]></failure></testcase>
<testcase time="0" name="org.eslint.linebreak-style" classname="C:\work\dyrectorio\web\crux-ui\src\server\crux\team-service"><failure message="Expected linebreaks to be &apos;LF&apos; but found &apos;CRLF&apos;."><![CDATA[line 209, col 41, Error - Expected linebreaks to be &apos;LF&apos; but found &apos;CRLF&apos;. (linebreak-style)]]></failure></testcase>
<testcase time="0" name="org.eslint.linebreak-style" classname="C:\work\dyrectorio\web\crux-ui\src\server\crux\team-service"><failure message="Expected linebreaks to be &apos;LF&apos; but found &apos;CRLF&apos;."><![CDATA[line 210, col 33, Error - Expected linebreaks to be &apos;LF&apos; but found &apos;CRLF&apos;. (linebreak-style)]]></failure></testcase>
<testcase time="0" name="org.eslint.linebreak-style" classname="C:\work\dyrectorio\web\crux-ui\src\server\crux\team-service"><failure message="Expected linebreaks to be &apos;LF&apos; but found &apos;CRLF&apos;."><![CDATA[line 211, col 36, Error - Expected linebreaks to be &apos;LF&apos; but found &apos;CRLF&apos;. (linebreak-style)]]></failure></testcase>
<testcase time="0" name="org.eslint.linebreak-style" classname="C:\work\dyrectorio\web\crux-ui\src\server\crux\team-service"><failure message="Expected linebreaks to be &apos;LF&apos; but found &apos;CRLF&apos;."><![CDATA[line 212, col 6, Error - Expected linebreaks to be &apos;LF&apos; but found &apos;CRLF&apos;. (linebreak-style)]]></failure></testcase>
<testcase time="0" name="org.eslint.semi" classname="C:\work\dyrectorio\web\crux-ui\src\server\crux\team-service"><failure message="Missing semicolon."><![CDATA[line 212, col 6, Error - Missing semicolon. (semi)]]></failure></testcase>
<testcase time="0" name="org.eslint.linebreak-style" classname="C:\work\dyrectorio\web\crux-ui\src\server\crux\team-service"><failure message="Expected linebreaks to be &apos;LF&apos; but found &apos;CRLF&apos;."><![CDATA[line 213, col 1, Error - Expected linebreaks to be &apos;LF&apos; but found &apos;CRLF&apos;. (linebreak-style)]]></failure></testcase>
<testcase time="0" name="org.eslint.max-len" classname="C:\work\dyrectorio\web\crux-ui\src\server\crux\team-service"><failure message="This line has a length of 105. Maximum allowed is 100."><![CDATA[line 214, col 1, Error - This line has a length of 105. Maximum allowed is 100. (max-len)]]></failure></testcase>
<testcase time="0" name="org.eslint.linebreak-style" classname="C:\work\dyrectorio\web\crux-ui\src\server\crux\team-service"><failure message="Expected linebreaks to be &apos;LF&apos; but found &apos;CRLF&apos;."><![CDATA[line 214, col 106, Error - Expected linebreaks to be &apos;LF&apos; but found &apos;CRLF&apos;. (linebreak-style)]]></failure></testcase>
<testcase time="0" name="org.eslint.linebreak-style" classname="C:\work\dyrectorio\web\crux-ui\src\server\crux\team-service"><failure message="Expected linebreaks to be &apos;LF&apos; but found &apos;CRLF&apos;."><![CDATA[line 215, col 21, Error - Expected linebreaks to be &apos;LF&apos; but found &apos;CRLF&apos;. (linebreak-style)]]></failure></testcase>
<testcase time="0" name="org.eslint.linebreak-style" classname="C:\work\dyrectorio\web\crux-ui\src\server\crux\team-service"><failure message="Expected linebreaks to be &apos;LF&apos; but found &apos;CRLF&apos;."><![CDATA[line 216, col 11, Error - Expected linebreaks to be &apos;LF&apos; but found &apos;CRLF&apos;. (linebreak-style)]]></failure></testcase>
<testcase time="0" name="org.eslint.linebreak-style" classname="C:\work\dyrectorio\web\crux-ui\src\server\crux\team-service"><failure message="Expected linebreaks to be &apos;LF&apos; but found &apos;CRLF&apos;."><![CDATA[line 217, col 6, Error - Expected linebreaks to be &apos;LF&apos; but found &apos;CRLF&apos;. (linebreak-style)]]></failure></testcase>
<testcase time="0" name="org.eslint.semi" classname="C:\work\dyrectorio\web\crux-ui\src\server\crux\team-service"><failure message="Missing semicolon."><![CDATA[line 217, col 6, Error - Missing semicolon. (semi)]]></failure></testcase>
<testcase time="0" name="org.eslint.linebreak-style" classname="C:\work\dyrectorio\web\crux-ui\src\server\crux\team-service"><failure message="Expected linebreaks to be &apos;LF&apos; but found &apos;CRLF&apos;."><![CDATA[line 218, col 1, Error - Expected linebreaks to be &apos;LF&apos; but found &apos;CRLF&apos;. (linebreak-style)]]></failure></testcase>
<testcase time="0" name="org.eslint.linebreak-style" classname="C:\work\dyrectorio\web\crux-ui\src\server\crux\team-service"><failure message="Expected linebreaks to be &apos;LF&apos; but found &apos;CRLF&apos;."><![CDATA[line 219, col 20, Error - Expected linebreaks to be &apos;LF&apos; but found &apos;CRLF&apos;. (linebreak-style)]]></failure></testcase>
<testcase time="0" name="org.eslint.semi" classname="C:\work\dyrectorio\web\crux-ui\src\server\crux\team-service"><failure message="Missing semicolon."><![CDATA[line 219, col 20, Error - Missing semicolon. (semi)]]></failure></testcase>
<testcase time="0" name="org.eslint.linebreak-style" classname="C:\work\dyrectorio\web\crux-ui\src\server\crux\team-service"><failure message="Expected linebreaks to be &apos;LF&apos; but found &apos;CRLF&apos;."><![CDATA[line 220, col 4, Error - Expected linebreaks to be &apos;LF&apos; but found &apos;CRLF&apos;. (linebreak-style)]]></failure></testcase>
<testcase time="0" name="org.eslint.linebreak-style" classname="C:\work\dyrectorio\web\crux-ui\src\server\crux\team-service"><failure message="Expected linebreaks to be &apos;LF&apos; but found &apos;CRLF&apos;."><![CDATA[line 221, col 1, Error - Expected linebreaks to be &apos;LF&apos; but found &apos;CRLF&apos;. (linebreak-style)]]></failure></testcase>
<testcase time="0" name="org.eslint.linebreak-style" classname="C:\work\dyrectorio\web\crux-ui\src\server\crux\team-service"><failure message="Expected linebreaks to be &apos;LF&apos; but found &apos;CRLF&apos;."><![CDATA[line 222, col 60, Error - Expected linebreaks to be &apos;LF&apos; but found &apos;CRLF&apos;. (linebreak-style)]]></failure></testcase>
<testcase time="0" name="org.eslint.linebreak-style" classname="C:\work\dyrectorio\web\crux-ui\src\server\crux\team-service"><failure message="Expected linebreaks to be &apos;LF&apos; but found &apos;CRLF&apos;."><![CDATA[line 223, col 29, Error - Expected linebreaks to be &apos;LF&apos; but found &apos;CRLF&apos;. (linebreak-style)]]></failure></testcase>
<testcase time="0" name="org.eslint.linebreak-style" classname="C:\work\dyrectorio\web\crux-ui\src\server\crux\team-service"><failure message="Expected linebreaks to be &apos;LF&apos; but found &apos;CRLF&apos;."><![CDATA[line 224, col 18, Error - Expected linebreaks to be &apos;LF&apos; but found &apos;CRLF&apos;. (linebreak-style)]]></failure></testcase>
<testcase time="0" name="org.eslint.linebreak-style" classname="C:\work\dyrectorio\web\crux-ui\src\server\crux\team-service"><failure message="Expected linebreaks to be &apos;LF&apos; but found &apos;CRLF&apos;."><![CDATA[line 225, col 36, Error - Expected linebreaks to be &apos;LF&apos; but found &apos;CRLF&apos;. (linebreak-style)]]></failure></testcase>
<testcase time="0" name="org.eslint.linebreak-style" classname="C:\work\dyrectorio\web\crux-ui\src\server\crux\team-service"><failure message="Expected linebreaks to be &apos;LF&apos; but found &apos;CRLF&apos;."><![CDATA[line 226, col 6, Error - Expected linebreaks to be &apos;LF&apos; but found &apos;CRLF&apos;. (linebreak-style)]]></failure></testcase>
<testcase time="0" name="org.eslint.semi" classname="C:\work\dyrectorio\web\crux-ui\src\server\crux\team-service"><failure message="Missing semicolon."><![CDATA[line 226, col 6, Error - Missing semicolon. (semi)]]></failure></testcase>
<testcase time="0" name="org.eslint.linebreak-style" classname="C:\work\dyrectorio\web\crux-ui\src\server\crux\team-service"><failure message="Expected linebreaks to be &apos;LF&apos; but found &apos;CRLF&apos;."><![CDATA[line 227, col 1, Error - Expected linebreaks to be &apos;LF&apos; but found &apos;CRLF&apos;. (linebreak-style)]]></failure></testcase>
<testcase time="0" name="org.eslint.max-len" classname="C:\work\dyrectorio\web\crux-ui\src\server\crux\team-service"><failure message="This line has a length of 119. Maximum allowed is 100."><![CDATA[line 228, col 1, Error - This line has a length of 119. Maximum allowed is 100. (max-len)]]></failure></testcase>
<testcase time="0" name="org.eslint.linebreak-style" classname="C:\work\dyrectorio\web\crux-ui\src\server\crux\team-service"><failure message="Expected linebreaks to be &apos;LF&apos; but found &apos;CRLF&apos;."><![CDATA[line 228, col 120, Error - Expected linebreaks to be &apos;LF&apos; but found &apos;CRLF&apos;. (linebreak-style)]]></failure></testcase>
<testcase time="0" name="org.eslint.semi" classname="C:\work\dyrectorio\web\crux-ui\src\server\crux\team-service"><failure message="Missing semicolon."><![CDATA[line 228, col 120, Error - Missing semicolon. (semi)]]></failure></testcase>
<testcase time="0" name="org.eslint.linebreak-style" classname="C:\work\dyrectorio\web\crux-ui\src\server\crux\team-service"><failure message="Expected linebreaks to be &apos;LF&apos; but found &apos;CRLF&apos;."><![CDATA[line 229, col 1, Error - Expected linebreaks to be &apos;LF&apos; but found &apos;CRLF&apos;. (linebreak-style)]]></failure></testcase>
<testcase time="0" name="org.eslint.linebreak-style" classname="C:\work\dyrectorio\web\crux-ui\src\server\crux\team-service"><failure message="Expected linebreaks to be &apos;LF&apos; but found &apos;CRLF&apos;."><![CDATA[line 230, col 13, Error - Expected linebreaks to be &apos;LF&apos; but found &apos;CRLF&apos;. (linebreak-style)]]></failure></testcase>
<testcase time="0" name="org.eslint.linebreak-style" classname="C:\work\dyrectorio\web\crux-ui\src\server\crux\team-service"><failure message="Expected linebreaks to be &apos;LF&apos; but found &apos;CRLF&apos;."><![CDATA[line 231, col 14, Error - Expected linebreaks to be &apos;LF&apos; but found &apos;CRLF&apos;. (linebreak-style)]]></failure></testcase>
<testcase time="0" name="org.eslint.no-use-before-define" classname="C:\work\dyrectorio\web\crux-ui\src\server\crux\team-service"><failure message="&apos;userToDto&apos; was used before it was defined."><![CDATA[line 232, col 28, Error - &apos;userToDto&apos; was used before it was defined. (no-use-before-define)]]></failure></testcase>
<testcase time="0" name="org.eslint.linebreak-style" classname="C:\work\dyrectorio\web\crux-ui\src\server\crux\team-service"><failure message="Expected linebreaks to be &apos;LF&apos; but found &apos;CRLF&apos;."><![CDATA[line 232, col 39, Error - Expected linebreaks to be &apos;LF&apos; but found &apos;CRLF&apos;. (linebreak-style)]]></failure></testcase>
<testcase time="0" name="org.eslint.linebreak-style" classname="C:\work\dyrectorio\web\crux-ui\src\server\crux\team-service"><failure message="Expected linebreaks to be &apos;LF&apos; but found &apos;CRLF&apos;."><![CDATA[line 233, col 6, Error - Expected linebreaks to be &apos;LF&apos; but found &apos;CRLF&apos;. (linebreak-style)]]></failure></testcase>
<testcase time="0" name="org.eslint.semi" classname="C:\work\dyrectorio\web\crux-ui\src\server\crux\team-service"><failure message="Missing semicolon."><![CDATA[line 233, col 6, Error - Missing semicolon. (semi)]]></failure></testcase>
<testcase time="0" name="org.eslint.linebreak-style" classname="C:\work\dyrectorio\web\crux-ui\src\server\crux\team-service"><failure message="Expected linebreaks to be &apos;LF&apos; but found &apos;CRLF&apos;."><![CDATA[line 234, col 4, Error - Expected linebreaks to be &apos;LF&apos; but found &apos;CRLF&apos;. (linebreak-style)]]></failure></testcase>
<testcase time="0" name="org.eslint.linebreak-style" classname="C:\work\dyrectorio\web\crux-ui\src\server\crux\team-service"><failure message="Expected linebreaks to be &apos;LF&apos; but found &apos;CRLF&apos;."><![CDATA[line 235, col 2, Error - Expected linebreaks to be &apos;LF&apos; but found &apos;CRLF&apos;. (linebreak-style)]]></failure></testcase>
<testcase time="0" name="org.eslint.linebreak-style" classname="C:\work\dyrectorio\web\crux-ui\src\server\crux\team-service"><failure message="Expected linebreaks to be &apos;LF&apos; but found &apos;CRLF&apos;."><![CDATA[line 236, col 1, Error - Expected linebreaks to be &apos;LF&apos; but found &apos;CRLF&apos;. (linebreak-style)]]></failure></testcase>
<testcase time="0" name="org.eslint.linebreak-style" classname="C:\work\dyrectorio\web\crux-ui\src\server\crux\team-service"><failure message="Expected linebreaks to be &apos;LF&apos; but found &apos;CRLF&apos;."><![CDATA[line 237, col 30, Error - Expected linebreaks to be &apos;LF&apos; but found &apos;CRLF&apos;. (linebreak-style)]]></failure></testcase>
<testcase time="0" name="org.eslint.semi" classname="C:\work\dyrectorio\web\crux-ui\src\server\crux\team-service"><failure message="Missing semicolon."><![CDATA[line 237, col 30, Error - Missing semicolon. (semi)]]></failure></testcase>
<testcase time="0" name="org.eslint.linebreak-style" classname="C:\work\dyrectorio\web\crux-ui\src\server\crux\team-service"><failure message="Expected linebreaks to be &apos;LF&apos; but found &apos;CRLF&apos;."><![CDATA[line 238, col 1, Error - Expected linebreaks to be &apos;LF&apos; but found &apos;CRLF&apos;. (linebreak-style)]]></failure></testcase>
<testcase time="0" name="org.eslint.arrow-body-style" classname="C:\work\dyrectorio\web\crux-ui\src\server\crux\team-service"><failure message="Unexpected block statement surrounding arrow body; parenthesize the returned value and move it immediately after the `=&gt;`."><![CDATA[line 239, col 56, Error - Unexpected block statement surrounding arrow body; parenthesize the returned value and move it immediately after the `=&gt;`. (arrow-body-style)]]></failure></testcase>
<testcase time="0" name="org.eslint.linebreak-style" classname="C:\work\dyrectorio\web\crux-ui\src\server\crux\team-service"><failure message="Expected linebreaks to be &apos;LF&apos; but found &apos;CRLF&apos;."><![CDATA[line 239, col 57, Error - Expected linebreaks to be &apos;LF&apos; but found &apos;CRLF&apos;. (linebreak-style)]]></failure></testcase>
<testcase time="0" name="org.eslint.linebreak-style" classname="C:\work\dyrectorio\web\crux-ui\src\server\crux\team-service"><failure message="Expected linebreaks to be &apos;LF&apos; but found &apos;CRLF&apos;."><![CDATA[line 240, col 11, Error - Expected linebreaks to be &apos;LF&apos; but found &apos;CRLF&apos;. (linebreak-style)]]></failure></testcase>
<testcase time="0" name="org.eslint.linebreak-style" classname="C:\work\dyrectorio\web\crux-ui\src\server\crux\team-service"><failure message="Expected linebreaks to be &apos;LF&apos; but found &apos;CRLF&apos;."><![CDATA[line 241, col 13, Error - Expected linebreaks to be &apos;LF&apos; but found &apos;CRLF&apos;. (linebreak-style)]]></failure></testcase>
<testcase time="0" name="org.eslint.no-use-before-define" classname="C:\work\dyrectorio\web\crux-ui\src\server\crux\team-service"><failure message="&apos;userStatusToDto&apos; was used before it was defined."><![CDATA[line 242, col 13, Error - &apos;userStatusToDto&apos; was used before it was defined. (no-use-before-define)]]></failure></testcase>
<testcase time="0" name="org.eslint.linebreak-style" classname="C:\work\dyrectorio\web\crux-ui\src\server\crux\team-service"><failure message="Expected linebreaks to be &apos;LF&apos; but found &apos;CRLF&apos;."><![CDATA[line 242, col 42, Error - Expected linebreaks to be &apos;LF&apos; but found &apos;CRLF&apos;. (linebreak-style)]]></failure></testcase>
<testcase time="0" name="org.eslint.no-use-before-define" classname="C:\work\dyrectorio\web\crux-ui\src\server\crux\team-service"><failure message="&apos;userRoleToDto&apos; was used before it was defined."><![CDATA[line 243, col 11, Error - &apos;userRoleToDto&apos; was used before it was defined. (no-use-before-define)]]></failure></testcase>
<testcase time="0" name="org.eslint.linebreak-style" classname="C:\work\dyrectorio\web\crux-ui\src\server\crux\team-service"><failure message="Expected linebreaks to be &apos;LF&apos; but found &apos;CRLF&apos;."><![CDATA[line 243, col 36, Error - Expected linebreaks to be &apos;LF&apos; but found &apos;CRLF&apos;. (linebreak-style)]]></failure></testcase>
<testcase time="0" name="org.eslint.linebreak-style" classname="C:\work\dyrectorio\web\crux-ui\src\server\crux\team-service"><failure message="Expected linebreaks to be &apos;LF&apos; but found &apos;CRLF&apos;."><![CDATA[line 244, col 4, Error - Expected linebreaks to be &apos;LF&apos; but found &apos;CRLF&apos;. (linebreak-style)]]></failure></testcase>
<testcase time="0" name="org.eslint.semi" classname="C:\work\dyrectorio\web\crux-ui\src\server\crux\team-service"><failure message="Missing semicolon."><![CDATA[line 244, col 4, Error - Missing semicolon. (semi)]]></failure></testcase>
<testcase time="0" name="org.eslint.linebreak-style" classname="C:\work\dyrectorio\web\crux-ui\src\server\crux\team-service"><failure message="Expected linebreaks to be &apos;LF&apos; but found &apos;CRLF&apos;."><![CDATA[line 245, col 2, Error - Expected linebreaks to be &apos;LF&apos; but found &apos;CRLF&apos;. (linebreak-style)]]></failure></testcase>
<testcase time="0" name="org.eslint.semi" classname="C:\work\dyrectorio\web\crux-ui\src\server\crux\team-service"><failure message="Missing semicolon."><![CDATA[line 245, col 2, Error - Missing semicolon. (semi)]]></failure></testcase>
<testcase time="0" name="org.eslint.linebreak-style" classname="C:\work\dyrectorio\web\crux-ui\src\server\crux\team-service"><failure message="Expected linebreaks to be &apos;LF&apos; but found &apos;CRLF&apos;."><![CDATA[line 246, col 1, Error - Expected linebreaks to be &apos;LF&apos; but found &apos;CRLF&apos;. (linebreak-style)]]></failure></testcase>
<testcase time="0" name="org.eslint.max-len" classname="C:\work\dyrectorio\web\crux-ui\src\server\crux\team-service"><failure message="This line has a length of 116. Maximum allowed is 100."><![CDATA[line 247, col 1, Error - This line has a length of 116. Maximum allowed is 100. (max-len)]]></failure></testcase>
<testcase time="0" name="org.eslint.linebreak-style" classname="C:\work\dyrectorio\web\crux-ui\src\server\crux\team-service"><failure message="Expected linebreaks to be &apos;LF&apos; but found &apos;CRLF&apos;."><![CDATA[line 247, col 117, Error - Expected linebreaks to be &apos;LF&apos; but found &apos;CRLF&apos;. (linebreak-style)]]></failure></testcase>
<testcase time="0" name="org.eslint.semi" classname="C:\work\dyrectorio\web\crux-ui\src\server\crux\team-service"><failure message="Missing semicolon."><![CDATA[line 247, col 117, Error - Missing semicolon. (semi)]]></failure></testcase>
<testcase time="0" name="org.eslint.max-len" classname="C:\work\dyrectorio\web\crux-ui\src\server\crux\team-service"><failure message="This line has a length of 118. Maximum allowed is 100."><![CDATA[line 248, col 1, Error - This line has a length of 118. Maximum allowed is 100. (max-len)]]></failure></testcase>
<testcase time="0" name="org.eslint.linebreak-style" classname="C:\work\dyrectorio\web\crux-ui\src\server\crux\team-service"><failure message="Expected linebreaks to be &apos;LF&apos; but found &apos;CRLF&apos;."><![CDATA[line 248, col 119, Error - Expected linebreaks to be &apos;LF&apos; but found &apos;CRLF&apos;. (linebreak-style)]]></failure></testcase>
<testcase time="0" name="org.eslint.semi" classname="C:\work\dyrectorio\web\crux-ui\src\server\crux\team-service"><failure message="Missing semicolon."><![CDATA[line 248, col 119, Error - Missing semicolon. (semi)]]></failure></testcase>
<testcase time="0" name="org.eslint.linebreak-style" classname="C:\work\dyrectorio\web\crux-ui\src\server\crux\team-service"><failure message="Expected linebreaks to be &apos;LF&apos; but found &apos;CRLF&apos;."><![CDATA[line 249, col 1, Error - Expected linebreaks to be &apos;LF&apos; but found &apos;CRLF&apos;. (linebreak-style)]]></failure></testcase>
<testcase time="0" name="org.eslint.linebreak-style" classname="C:\work\dyrectorio\web\crux-ui\src\server\crux\team-service"><failure message="Expected linebreaks to be &apos;LF&apos; but found &apos;CRLF&apos;."><![CDATA[line 250, col 72, Error - Expected linebreaks to be &apos;LF&apos; but found &apos;CRLF&apos;. (linebreak-style)]]></failure></testcase>
<testcase time="0" name="org.eslint.implicit-arrow-linebreak" classname="C:\work\dyrectorio\web\crux-ui\src\server\crux\team-service"><failure message="Expected no linebreak before this expression."><![CDATA[line 251, col 3, Error - Expected no linebreak before this expression. (implicit-arrow-linebreak)]]></failure></testcase>
<testcase time="0" name="org.eslint.linebreak-style" classname="C:\work\dyrectorio\web\crux-ui\src\server\crux\team-service"><failure message="Expected linebreaks to be &apos;LF&apos; but found &apos;CRLF&apos;."><![CDATA[line 251, col 61, Error - Expected linebreaks to be &apos;LF&apos; but found &apos;CRLF&apos;. (linebreak-style)]]></failure></testcase>
<testcase time="0" name="org.eslint.semi" classname="C:\work\dyrectorio\web\crux-ui\src\server\crux\team-service"><failure message="Missing semicolon."><![CDATA[line 251, col 61, Error - Missing semicolon. (semi)]]></failure></testcase>
</testsuite>
<testsuite package="org.eslint" time="0" tests="176" errors="176" name="C:\work\dyrectorio\web\crux-ui\src\server\crux\version-service.ts">
<testcase time="0" name="org.eslint.object-curly-newline" classname="C:\work\dyrectorio\web\crux-ui\src\server\crux\version-service"><failure message="Expected a line break after this opening brace."><![CDATA[line 1, col 8, Error - Expected a line break after this opening brace. (object-curly-newline)]]></failure></testcase>
<testcase time="0" name="org.eslint.object-curly-newline" classname="C:\work\dyrectorio\web\crux-ui\src\server\crux\version-service"><failure message="Expected a line break before this closing brace."><![CDATA[line 1, col 94, Error - Expected a line break before this closing brace. (object-curly-newline)]]></failure></testcase>
<testcase time="0" name="org.eslint.linebreak-style" classname="C:\work\dyrectorio\web\crux-ui\src\server\crux\version-service"><failure message="Expected linebreaks to be &apos;LF&apos; but found &apos;CRLF&apos;."><![CDATA[line 1, col 114, Error - Expected linebreaks to be &apos;LF&apos; but found &apos;CRLF&apos;. (linebreak-style)]]></failure></testcase>
<testcase time="0" name="org.eslint.semi" classname="C:\work\dyrectorio\web\crux-ui\src\server\crux\version-service"><failure message="Missing semicolon."><![CDATA[line 1, col 114, Error - Missing semicolon. (semi)]]></failure></testcase>
<testcase time="0" name="org.eslint.linebreak-style" classname="C:\work\dyrectorio\web\crux-ui\src\server\crux\version-service"><failure message="Expected linebreaks to be &apos;LF&apos; but found &apos;CRLF&apos;."><![CDATA[line 2, col 9, Error - Expected linebreaks to be &apos;LF&apos; but found &apos;CRLF&apos;. (linebreak-style)]]></failure></testcase>
<testcase time="0" name="org.eslint.linebreak-style" classname="C:\work\dyrectorio\web\crux-ui\src\server\crux\version-service"><failure message="Expected linebreaks to be &apos;LF&apos; but found &apos;CRLF&apos;."><![CDATA[line 3, col 24, Error - Expected linebreaks to be &apos;LF&apos; but found &apos;CRLF&apos;. (linebreak-style)]]></failure></testcase>
<testcase time="0" name="org.eslint.linebreak-style" classname="C:\work\dyrectorio\web\crux-ui\src\server\crux\version-service"><failure message="Expected linebreaks to be &apos;LF&apos; but found &apos;CRLF&apos;."><![CDATA[line 4, col 24, Error - Expected linebreaks to be &apos;LF&apos; but found &apos;CRLF&apos;. (linebreak-style)]]></failure></testcase>
<testcase time="0" name="org.eslint.linebreak-style" classname="C:\work\dyrectorio\web\crux-ui\src\server\crux\version-service"><failure message="Expected linebreaks to be &apos;LF&apos; but found &apos;CRLF&apos;."><![CDATA[line 5, col 28, Error - Expected linebreaks to be &apos;LF&apos; but found &apos;CRLF&apos;. (linebreak-style)]]></failure></testcase>
<testcase time="0" name="org.eslint.linebreak-style" classname="C:\work\dyrectorio\web\crux-ui\src\server\crux\version-service"><failure message="Expected linebreaks to be &apos;LF&apos; but found &apos;CRLF&apos;."><![CDATA[line 6, col 9, Error - Expected linebreaks to be &apos;LF&apos; but found &apos;CRLF&apos;. (linebreak-style)]]></failure></testcase>
<testcase time="0" name="org.eslint.linebreak-style" classname="C:\work\dyrectorio\web\crux-ui\src\server\crux\version-service"><failure message="Expected linebreaks to be &apos;LF&apos; but found &apos;CRLF&apos;."><![CDATA[line 7, col 13, Error - Expected linebreaks to be &apos;LF&apos; but found &apos;CRLF&apos;. (linebreak-style)]]></failure></testcase>
<testcase time="0" name="org.eslint.linebreak-style" classname="C:\work\dyrectorio\web\crux-ui\src\server\crux\version-service"><failure message="Expected linebreaks to be &apos;LF&apos; but found &apos;CRLF&apos;."><![CDATA[line 8, col 26, Error - Expected linebreaks to be &apos;LF&apos; but found &apos;CRLF&apos;. (linebreak-style)]]></failure></testcase>
<testcase time="0" name="org.eslint.linebreak-style" classname="C:\work\dyrectorio\web\crux-ui\src\server\crux\version-service"><failure message="Expected linebreaks to be &apos;LF&apos; but found &apos;CRLF&apos;."><![CDATA[line 9, col 24, Error - Expected linebreaks to be &apos;LF&apos; but found &apos;CRLF&apos;. (linebreak-style)]]></failure></testcase>
<testcase time="0" name="org.eslint.linebreak-style" classname="C:\work\dyrectorio\web\crux-ui\src\server\crux\version-service"><failure message="Expected linebreaks to be &apos;LF&apos; but found &apos;CRLF&apos;."><![CDATA[line 10, col 24, Error - Expected linebreaks to be &apos;LF&apos; but found &apos;CRLF&apos;. (linebreak-style)]]></failure></testcase>
<testcase time="0" name="org.eslint.linebreak-style" classname="C:\work\dyrectorio\web\crux-ui\src\server\crux\version-service"><failure message="Expected linebreaks to be &apos;LF&apos; but found &apos;CRLF&apos;."><![CDATA[line 11, col 26, Error - Expected linebreaks to be &apos;LF&apos; but found &apos;CRLF&apos;. (linebreak-style)]]></failure></testcase>
<testcase time="0" name="org.eslint.linebreak-style" classname="C:\work\dyrectorio\web\crux-ui\src\server\crux\version-service"><failure message="Expected linebreaks to be &apos;LF&apos; but found &apos;CRLF&apos;."><![CDATA[line 12, col 35, Error - Expected linebreaks to be &apos;LF&apos; but found &apos;CRLF&apos;. (linebreak-style)]]></failure></testcase>
<testcase time="0" name="org.eslint.linebreak-style" classname="C:\work\dyrectorio\web\crux-ui\src\server\crux\version-service"><failure message="Expected linebreaks to be &apos;LF&apos; but found &apos;CRLF&apos;."><![CDATA[line 13, col 23, Error - Expected linebreaks to be &apos;LF&apos; but found &apos;CRLF&apos;. (linebreak-style)]]></failure></testcase>
<testcase time="0" name="org.eslint.linebreak-style" classname="C:\work\dyrectorio\web\crux-ui\src\server\crux\version-service"><failure message="Expected linebreaks to be &apos;LF&apos; but found &apos;CRLF&apos;."><![CDATA[line 14, col 21, Error - Expected linebreaks to be &apos;LF&apos; but found &apos;CRLF&apos;. (linebreak-style)]]></failure></testcase>
<testcase time="0" name="org.eslint.linebreak-style" classname="C:\work\dyrectorio\web\crux-ui\src\server\crux\version-service"><failure message="Expected linebreaks to be &apos;LF&apos; but found &apos;CRLF&apos;."><![CDATA[line 15, col 46, Error - Expected linebreaks to be &apos;LF&apos; but found &apos;CRLF&apos;. (linebreak-style)]]></failure></testcase>
<testcase time="0" name="org.eslint.semi" classname="C:\work\dyrectorio\web\crux-ui\src\server\crux\version-service"><failure message="Missing semicolon."><![CDATA[line 15, col 46, Error - Missing semicolon. (semi)]]></failure></testcase>
<testcase time="0" name="org.eslint.linebreak-style" classname="C:\work\dyrectorio\web\crux-ui\src\server\crux\version-service"><failure message="Expected linebreaks to be &apos;LF&apos; but found &apos;CRLF&apos;."><![CDATA[line 16, col 44, Error - Expected linebreaks to be &apos;LF&apos; but found &apos;CRLF&apos;. (linebreak-style)]]></failure></testcase>
<testcase time="0" name="org.eslint.semi" classname="C:\work\dyrectorio\web\crux-ui\src\server\crux\version-service"><failure message="Missing semicolon."><![CDATA[line 16, col 44, Error - Missing semicolon. (semi)]]></failure></testcase>
<testcase time="0" name="org.eslint.linebreak-style" classname="C:\work\dyrectorio\web\crux-ui\src\server\crux\version-service"><failure message="Expected linebreaks to be &apos;LF&apos; but found &apos;CRLF&apos;."><![CDATA[line 17, col 46, Error - Expected linebreaks to be &apos;LF&apos; but found &apos;CRLF&apos;. (linebreak-style)]]></failure></testcase>
<testcase time="0" name="org.eslint.semi" classname="C:\work\dyrectorio\web\crux-ui\src\server\crux\version-service"><failure message="Missing semicolon."><![CDATA[line 17, col 46, Error - Missing semicolon. (semi)]]></failure></testcase>
<testcase time="0" name="org.eslint.linebreak-style" classname="C:\work\dyrectorio\web\crux-ui\src\server\crux\version-service"><failure message="Expected linebreaks to be &apos;LF&apos; but found &apos;CRLF&apos;."><![CDATA[line 18, col 59, Error - Expected linebreaks to be &apos;LF&apos; but found &apos;CRLF&apos;. (linebreak-style)]]></failure></testcase>
<testcase time="0" name="org.eslint.semi" classname="C:\work\dyrectorio\web\crux-ui\src\server\crux\version-service"><failure message="Missing semicolon."><![CDATA[line 18, col 59, Error - Missing semicolon. (semi)]]></failure></testcase>
<testcase time="0" name="org.eslint.import/extensions" classname="C:\work\dyrectorio\web\crux-ui\src\server\crux\version-service"><failure message="Missing file extension &quot;ts&quot; for &quot;./deployment-service&quot;"><![CDATA[line 19, col 39, Error - Missing file extension &quot;ts&quot; for &quot;./deployment-service&quot; (import/extensions)]]></failure></testcase>
<testcase time="0" name="org.eslint.linebreak-style" classname="C:\work\dyrectorio\web\crux-ui\src\server\crux\version-service"><failure message="Expected linebreaks to be &apos;LF&apos; but found &apos;CRLF&apos;."><![CDATA[line 19, col 61, Error - Expected linebreaks to be &apos;LF&apos; but found &apos;CRLF&apos;. (linebreak-style)]]></failure></testcase>
<testcase time="0" name="org.eslint.semi" classname="C:\work\dyrectorio\web\crux-ui\src\server\crux\version-service"><failure message="Missing semicolon."><![CDATA[line 19, col 61, Error - Missing semicolon. (semi)]]></failure></testcase>
<testcase time="0" name="org.eslint.import/extensions" classname="C:\work\dyrectorio\web\crux-ui\src\server\crux\version-service"><failure message="Missing file extension &quot;ts&quot; for &quot;./image-service&quot;"><![CDATA[line 20, col 38, Error - Missing file extension &quot;ts&quot; for &quot;./image-service&quot; (import/extensions)]]></failure></testcase>
<testcase time="0" name="org.eslint.linebreak-style" classname="C:\work\dyrectorio\web\crux-ui\src\server\crux\version-service"><failure message="Expected linebreaks to be &apos;LF&apos; but found &apos;CRLF&apos;."><![CDATA[line 20, col 55, Error - Expected linebreaks to be &apos;LF&apos; but found &apos;CRLF&apos;. (linebreak-style)]]></failure></testcase>
<testcase time="0" name="org.eslint.semi" classname="C:\work\dyrectorio\web\crux-ui\src\server\crux\version-service"><failure message="Missing semicolon."><![CDATA[line 20, col 55, Error - Missing semicolon. (semi)]]></failure></testcase>
<testcase time="0" name="org.eslint.linebreak-style" classname="C:\work\dyrectorio\web\crux-ui\src\server\crux\version-service"><failure message="Expected linebreaks to be &apos;LF&apos; but found &apos;CRLF&apos;."><![CDATA[line 21, col 1, Error - Expected linebreaks to be &apos;LF&apos; but found &apos;CRLF&apos;. (linebreak-style)]]></failure></testcase>
<testcase time="0" name="org.eslint.linebreak-style" classname="C:\work\dyrectorio\web\crux-ui\src\server\crux\version-service"><failure message="Expected linebreaks to be &apos;LF&apos; but found &apos;CRLF&apos;."><![CDATA[line 22, col 26, Error - Expected linebreaks to be &apos;LF&apos; but found &apos;CRLF&apos;. (linebreak-style)]]></failure></testcase>
<testcase time="0" name="org.eslint.no-useless-constructor" classname="C:\work\dyrectorio\web\crux-ui\src\server\crux\version-service"><failure message="Useless constructor."><![CDATA[line 23, col 3, Error - Useless constructor. (no-useless-constructor)]]></failure></testcase>
<testcase time="0" name="org.eslint.no-empty-function" classname="C:\work\dyrectorio\web\crux-ui\src\server\crux\version-service"><failure message="Unexpected empty constructor."><![CDATA[line 23, col 85, Error - Unexpected empty constructor. (no-empty-function)]]></failure></testcase>
<testcase time="0" name="org.eslint.linebreak-style" classname="C:\work\dyrectorio\web\crux-ui\src\server\crux\version-service"><failure message="Expected linebreaks to be &apos;LF&apos; but found &apos;CRLF&apos;."><![CDATA[line 23, col 87, Error - Expected linebreaks to be &apos;LF&apos; but found &apos;CRLF&apos;. (linebreak-style)]]></failure></testcase>
<testcase time="0" name="org.eslint.linebreak-style" classname="C:\work\dyrectorio\web\crux-ui\src\server\crux\version-service"><failure message="Expected linebreaks to be &apos;LF&apos; but found &apos;CRLF&apos;."><![CDATA[line 24, col 1, Error - Expected linebreaks to be &apos;LF&apos; but found &apos;CRLF&apos;. (linebreak-style)]]></failure></testcase>
<testcase time="0" name="org.eslint.linebreak-style" classname="C:\work\dyrectorio\web\crux-ui\src\server\crux\version-service"><failure message="Expected linebreaks to be &apos;LF&apos; but found &apos;CRLF&apos;."><![CDATA[line 25, col 55, Error - Expected linebreaks to be &apos;LF&apos; but found &apos;CRLF&apos;. (linebreak-style)]]></failure></testcase>
<testcase time="0" name="org.eslint.linebreak-style" classname="C:\work\dyrectorio\web\crux-ui\src\server\crux\version-service"><failure message="Expected linebreaks to be &apos;LF&apos; but found &apos;CRLF&apos;."><![CDATA[line 26, col 29, Error - Expected linebreaks to be &apos;LF&apos; but found &apos;CRLF&apos;. (linebreak-style)]]></failure></testcase>
<testcase time="0" name="org.eslint.linebreak-style" classname="C:\work\dyrectorio\web\crux-ui\src\server\crux\version-service"><failure message="Expected linebreaks to be &apos;LF&apos; but found &apos;CRLF&apos;."><![CDATA[line 27, col 10, Error - Expected linebreaks to be &apos;LF&apos; but found &apos;CRLF&apos;. (linebreak-style)]]></failure></testcase>
<testcase time="0" name="org.eslint.linebreak-style" classname="C:\work\dyrectorio\web\crux-ui\src\server\crux\version-service"><failure message="Expected linebreaks to be &apos;LF&apos; but found &apos;CRLF&apos;."><![CDATA[line 28, col 36, Error - Expected linebreaks to be &apos;LF&apos; but found &apos;CRLF&apos;. (linebreak-style)]]></failure></testcase>
<testcase time="0" name="org.eslint.linebreak-style" classname="C:\work\dyrectorio\web\crux-ui\src\server\crux\version-service"><failure message="Expected linebreaks to be &apos;LF&apos; but found &apos;CRLF&apos;."><![CDATA[line 29, col 6, Error - Expected linebreaks to be &apos;LF&apos; but found &apos;CRLF&apos;. (linebreak-style)]]></failure></testcase>
<testcase time="0" name="org.eslint.semi" classname="C:\work\dyrectorio\web\crux-ui\src\server\crux\version-service"><failure message="Missing semicolon."><![CDATA[line 29, col 6, Error - Missing semicolon. (semi)]]></failure></testcase>
<testcase time="0" name="org.eslint.linebreak-style" classname="C:\work\dyrectorio\web\crux-ui\src\server\crux\version-service"><failure message="Expected linebreaks to be &apos;LF&apos; but found &apos;CRLF&apos;."><![CDATA[line 30, col 1, Error - Expected linebreaks to be &apos;LF&apos; but found &apos;CRLF&apos;. (linebreak-style)]]></failure></testcase>
<testcase time="0" name="org.eslint.max-len" classname="C:\work\dyrectorio\web\crux-ui\src\server\crux\version-service"><failure message="This line has a length of 113. Maximum allowed is 100."><![CDATA[line 31, col 1, Error - This line has a length of 113. Maximum allowed is 100. (max-len)]]></failure></testcase>
<testcase time="0" name="org.eslint.linebreak-style" classname="C:\work\dyrectorio\web\crux-ui\src\server\crux\version-service"><failure message="Expected linebreaks to be &apos;LF&apos; but found &apos;CRLF&apos;."><![CDATA[line 31, col 114, Error - Expected linebreaks to be &apos;LF&apos; but found &apos;CRLF&apos;. (linebreak-style)]]></failure></testcase>
<testcase time="0" name="org.eslint.linebreak-style" classname="C:\work\dyrectorio\web\crux-ui\src\server\crux\version-service"><failure message="Expected linebreaks to be &apos;LF&apos; but found &apos;CRLF&apos;."><![CDATA[line 32, col 17, Error - Expected linebreaks to be &apos;LF&apos; but found &apos;CRLF&apos;. (linebreak-style)]]></failure></testcase>
<testcase time="0" name="org.eslint.linebreak-style" classname="C:\work\dyrectorio\web\crux-ui\src\server\crux\version-service"><failure message="Expected linebreaks to be &apos;LF&apos; but found &apos;CRLF&apos;."><![CDATA[line 33, col 11, Error - Expected linebreaks to be &apos;LF&apos; but found &apos;CRLF&apos;. (linebreak-style)]]></failure></testcase>
<testcase time="0" name="org.eslint.linebreak-style" classname="C:\work\dyrectorio\web\crux-ui\src\server\crux\version-service"><failure message="Expected linebreaks to be &apos;LF&apos; but found &apos;CRLF&apos;."><![CDATA[line 34, col 6, Error - Expected linebreaks to be &apos;LF&apos; but found &apos;CRLF&apos;. (linebreak-style)]]></failure></testcase>
<testcase time="0" name="org.eslint.semi" classname="C:\work\dyrectorio\web\crux-ui\src\server\crux\version-service"><failure message="Missing semicolon."><![CDATA[line 34, col 6, Error - Missing semicolon. (semi)]]></failure></testcase>
<testcase time="0" name="org.eslint.linebreak-style" classname="C:\work\dyrectorio\web\crux-ui\src\server\crux\version-service"><failure message="Expected linebreaks to be &apos;LF&apos; but found &apos;CRLF&apos;."><![CDATA[line 35, col 1, Error - Expected linebreaks to be &apos;LF&apos; but found &apos;CRLF&apos;. (linebreak-style)]]></failure></testcase>
<testcase time="0" name="org.eslint.linebreak-style" classname="C:\work\dyrectorio\web\crux-ui\src\server\crux\version-service"><failure message="Expected linebreaks to be &apos;LF&apos; but found &apos;CRLF&apos;."><![CDATA[line 36, col 13, Error - Expected linebreaks to be &apos;LF&apos; but found &apos;CRLF&apos;. (linebreak-style)]]></failure></testcase>
<testcase time="0" name="org.eslint.linebreak-style" classname="C:\work\dyrectorio\web\crux-ui\src\server\crux\version-service"><failure message="Expected linebreaks to be &apos;LF&apos; but found &apos;CRLF&apos;."><![CDATA[line 37, col 14, Error - Expected linebreaks to be &apos;LF&apos; but found &apos;CRLF&apos;. (linebreak-style)]]></failure></testcase>
<testcase time="0" name="org.eslint.no-use-before-define" classname="C:\work\dyrectorio\web\crux-ui\src\server\crux\version-service"><failure message="&apos;versionTypeToDyo&apos; was used before it was defined."><![CDATA[line 38, col 13, Error - &apos;versionTypeToDyo&apos; was used before it was defined. (no-use-before-define)]]></failure></testcase>
<testcase time="0" name="org.eslint.linebreak-style" classname="C:\work\dyrectorio\web\crux-ui\src\server\crux\version-service"><failure message="Expected linebreaks to be &apos;LF&apos; but found &apos;CRLF&apos;."><![CDATA[line 38, col 40, Error - Expected linebreaks to be &apos;LF&apos; but found &apos;CRLF&apos;. (linebreak-style)]]></failure></testcase>
<testcase time="0" name="org.eslint.linebreak-style" classname="C:\work\dyrectorio\web\crux-ui\src\server\crux\version-service"><failure message="Expected linebreaks to be &apos;LF&apos; but found &apos;CRLF&apos;."><![CDATA[line 39, col 54, Error - Expected linebreaks to be &apos;LF&apos; but found &apos;CRLF&apos;. (linebreak-style)]]></failure></testcase>
<testcase time="0" name="org.eslint.arrow-parens" classname="C:\work\dyrectorio\web\crux-ui\src\server\crux\version-service"><failure message="Expected parentheses around arrow function argument."><![CDATA[line 40, col 40, Error - Expected parentheses around arrow function argument. (arrow-parens)]]></failure></testcase>
<testcase time="0" name="org.eslint.arrow-body-style" classname="C:\work\dyrectorio\web\crux-ui\src\server\crux\version-service"><failure message="Unexpected block statement surrounding arrow body; parenthesize the returned value and move it immediately after the `=&gt;`."><![CDATA[line 40, col 46, Error - Unexpected block statement surrounding arrow body; parenthesize the returned value and move it immediately after the `=&gt;`. (arrow-body-style)]]></failure></testcase>
<testcase time="0" name="org.eslint.linebreak-style" classname="C:\work\dyrectorio\web\crux-ui\src\server\crux\version-service"><failure message="Expected linebreaks to be &apos;LF&apos; but found &apos;CRLF&apos;."><![CDATA[line 40, col 47, Error - Expected linebreaks to be &apos;LF&apos; but found &apos;CRLF&apos;. (linebreak-style)]]></failure></testcase>
<testcase time="0" name="org.eslint.linebreak-style" classname="C:\work\dyrectorio\web\crux-ui\src\server\crux\version-service"><failure message="Expected linebreaks to be &apos;LF&apos; but found &apos;CRLF&apos;."><![CDATA[line 41, col 17, Error - Expected linebreaks to be &apos;LF&apos; but found &apos;CRLF&apos;. (linebreak-style)]]></failure></testcase>
<testcase time="0" name="org.eslint.linebreak-style" classname="C:\work\dyrectorio\web\crux-ui\src\server\crux\version-service"><failure message="Expected linebreaks to be &apos;LF&apos; but found &apos;CRLF&apos;."><![CDATA[line 42, col 17, Error - Expected linebreaks to be &apos;LF&apos; but found &apos;CRLF&apos;. (linebreak-style)]]></failure></testcase>
<testcase time="0" name="org.eslint.linebreak-style" classname="C:\work\dyrectorio\web\crux-ui\src\server\crux\version-service"><failure message="Expected linebreaks to be &apos;LF&apos; but found &apos;CRLF&apos;."><![CDATA[line 43, col 52, Error - Expected linebreaks to be &apos;LF&apos; but found &apos;CRLF&apos;. (linebreak-style)]]></failure></testcase>
<testcase time="0" name="org.eslint.linebreak-style" classname="C:\work\dyrectorio\web\crux-ui\src\server\crux\version-service"><failure message="Expected linebreaks to be &apos;LF&apos; but found &apos;CRLF&apos;."><![CDATA[line 44, col 52, Error - Expected linebreaks to be &apos;LF&apos; but found &apos;CRLF&apos;. (linebreak-style)]]></failure></testcase>
<testcase time="0" name="org.eslint.linebreak-style" classname="C:\work\dyrectorio\web\crux-ui\src\server\crux\version-service"><failure message="Expected linebreaks to be &apos;LF&apos; but found &apos;CRLF&apos;."><![CDATA[line 45, col 10, Error - Expected linebreaks to be &apos;LF&apos; but found &apos;CRLF&apos;. (linebreak-style)]]></failure></testcase>
<testcase time="0" name="org.eslint.semi" classname="C:\work\dyrectorio\web\crux-ui\src\server\crux\version-service"><failure message="Missing semicolon."><![CDATA[line 45, col 10, Error - Missing semicolon. (semi)]]></failure></testcase>
<testcase time="0" name="org.eslint.linebreak-style" classname="C:\work\dyrectorio\web\crux-ui\src\server\crux\version-service"><failure message="Expected linebreaks to be &apos;LF&apos; but found &apos;CRLF&apos;."><![CDATA[line 46, col 10, Error - Expected linebreaks to be &apos;LF&apos; but found &apos;CRLF&apos;. (linebreak-style)]]></failure></testcase>
<testcase time="0" name="org.eslint.arrow-parens" classname="C:\work\dyrectorio\web\crux-ui\src\server\crux\version-service"><failure message="Expected parentheses around arrow function argument."><![CDATA[line 47, col 30, Error - Expected parentheses around arrow function argument. (arrow-parens)]]></failure></testcase>
<testcase time="0" name="org.eslint.arrow-body-style" classname="C:\work\dyrectorio\web\crux-ui\src\server\crux\version-service"><failure message="Unexpected block statement surrounding arrow body; parenthesize the returned value and move it immediately after the `=&gt;`."><![CDATA[line 47, col 36, Error - Unexpected block statement surrounding arrow body; parenthesize the returned value and move it immediately after the `=&gt;`. (arrow-body-style)]]></failure></testcase>
<testcase time="0" name="org.eslint.linebreak-style" classname="C:\work\dyrectorio\web\crux-ui\src\server\crux\version-service"><failure message="Expected linebreaks to be &apos;LF&apos; but found &apos;CRLF&apos;."><![CDATA[line 47, col 37, Error - Expected linebreaks to be &apos;LF&apos; but found &apos;CRLF&apos;. (linebreak-style)]]></failure></testcase>
<testcase time="0" name="org.eslint.linebreak-style" classname="C:\work\dyrectorio\web\crux-ui\src\server\crux\version-service"><failure message="Expected linebreaks to be &apos;LF&apos; but found &apos;CRLF&apos;."><![CDATA[line 48, col 17, Error - Expected linebreaks to be &apos;LF&apos; but found &apos;CRLF&apos;. (linebreak-style)]]></failure></testcase>
<testcase time="0" name="org.eslint.linebreak-style" classname="C:\work\dyrectorio\web\crux-ui\src\server\crux\version-service"><failure message="Expected linebreaks to be &apos;LF&apos; but found &apos;CRLF&apos;."><![CDATA[line 49, col 17, Error - Expected linebreaks to be &apos;LF&apos; but found &apos;CRLF&apos;. (linebreak-style)]]></failure></testcase>
<testcase time="0" name="org.eslint.linebreak-style" classname="C:\work\dyrectorio\web\crux-ui\src\server\crux\version-service"><failure message="Expected linebreaks to be &apos;LF&apos; but found &apos;CRLF&apos;."><![CDATA[line 50, col 51, Error - Expected linebreaks to be &apos;LF&apos; but found &apos;CRLF&apos;. (linebreak-style)]]></failure></testcase>
<testcase time="0" name="org.eslint.linebreak-style" classname="C:\work\dyrectorio\web\crux-ui\src\server\crux\version-service"><failure message="Expected linebreaks to be &apos;LF&apos; but found &apos;CRLF&apos;."><![CDATA[line 51, col 10, Error - Expected linebreaks to be &apos;LF&apos; but found &apos;CRLF&apos;. (linebreak-style)]]></failure></testcase>
<testcase time="0" name="org.eslint.semi" classname="C:\work\dyrectorio\web\crux-ui\src\server\crux\version-service"><failure message="Missing semicolon."><![CDATA[line 51, col 10, Error - Missing semicolon. (semi)]]></failure></testcase>
<testcase time="0" name="org.eslint.linebreak-style" classname="C:\work\dyrectorio\web\crux-ui\src\server\crux\version-service"><failure message="Expected linebreaks to be &apos;LF&apos; but found &apos;CRLF&apos;."><![CDATA[line 52, col 10, Error - Expected linebreaks to be &apos;LF&apos; but found &apos;CRLF&apos;. (linebreak-style)]]></failure></testcase>
<testcase time="0" name="org.eslint.linebreak-style" classname="C:\work\dyrectorio\web\crux-ui\src\server\crux\version-service"><failure message="Expected linebreaks to be &apos;LF&apos; but found &apos;CRLF&apos;."><![CDATA[line 53, col 6, Error - Expected linebreaks to be &apos;LF&apos; but found &apos;CRLF&apos;. (linebreak-style)]]></failure></testcase>
<testcase time="0" name="org.eslint.semi" classname="C:\work\dyrectorio\web\crux-ui\src\server\crux\version-service"><failure message="Missing semicolon."><![CDATA[line 53, col 6, Error - Missing semicolon. (semi)]]></failure></testcase>
<testcase time="0" name="org.eslint.linebreak-style" classname="C:\work\dyrectorio\web\crux-ui\src\server\crux\version-service"><failure message="Expected linebreaks to be &apos;LF&apos; but found &apos;CRLF&apos;."><![CDATA[line 54, col 4, Error - Expected linebreaks to be &apos;LF&apos; but found &apos;CRLF&apos;. (linebreak-style)]]></failure></testcase>
<testcase time="0" name="org.eslint.linebreak-style" classname="C:\work\dyrectorio\web\crux-ui\src\server\crux\version-service"><failure message="Expected linebreaks to be &apos;LF&apos; but found &apos;CRLF&apos;."><![CDATA[line 55, col 1, Error - Expected linebreaks to be &apos;LF&apos; but found &apos;CRLF&apos;. (linebreak-style)]]></failure></testcase>
<testcase time="0" name="org.eslint.linebreak-style" classname="C:\work\dyrectorio\web\crux-ui\src\server\crux\version-service"><failure message="Expected linebreaks to be &apos;LF&apos; but found &apos;CRLF&apos;."><![CDATA[line 56, col 74, Error - Expected linebreaks to be &apos;LF&apos; but found &apos;CRLF&apos;. (linebreak-style)]]></failure></testcase>
<testcase time="0" name="org.eslint.linebreak-style" classname="C:\work\dyrectorio\web\crux-ui\src\server\crux\version-service"><failure message="Expected linebreaks to be &apos;LF&apos; but found &apos;CRLF&apos;."><![CDATA[line 57, col 40, Error - Expected linebreaks to be &apos;LF&apos; but found &apos;CRLF&apos;. (linebreak-style)]]></failure></testcase>
<testcase time="0" name="org.eslint.linebreak-style" classname="C:\work\dyrectorio\web\crux-ui\src\server\crux\version-service"><failure message="Expected linebreaks to be &apos;LF&apos; but found &apos;CRLF&apos;."><![CDATA[line 58, col 14, Error - Expected linebreaks to be &apos;LF&apos; but found &apos;CRLF&apos;. (linebreak-style)]]></failure></testcase>
<testcase time="0" name="org.eslint.linebreak-style" classname="C:\work\dyrectorio\web\crux-ui\src\server\crux\version-service"><failure message="Expected linebreaks to be &apos;LF&apos; but found &apos;CRLF&apos;."><![CDATA[line 59, col 17, Error - Expected linebreaks to be &apos;LF&apos; but found &apos;CRLF&apos;. (linebreak-style)]]></failure></testcase>
<testcase time="0" name="org.eslint.no-use-before-define" classname="C:\work\dyrectorio\web\crux-ui\src\server\crux\version-service"><failure message="&apos;versionTypeToProto&apos; was used before it was defined."><![CDATA[line 60, col 13, Error - &apos;versionTypeToProto&apos; was used before it was defined. (no-use-before-define)]]></failure></testcase>
<testcase time="0" name="org.eslint.linebreak-style" classname="C:\work\dyrectorio\web\crux-ui\src\server\crux\version-service"><failure message="Expected linebreaks to be &apos;LF&apos; but found &apos;CRLF&apos;."><![CDATA[line 60, col 42, Error - Expected linebreaks to be &apos;LF&apos; but found &apos;CRLF&apos;. (linebreak-style)]]></failure></testcase>
<testcase time="0" name="org.eslint.linebreak-style" classname="C:\work\dyrectorio\web\crux-ui\src\server\crux\version-service"><failure message="Expected linebreaks to be &apos;LF&apos; but found &apos;CRLF&apos;."><![CDATA[line 61, col 36, Error - Expected linebreaks to be &apos;LF&apos; but found &apos;CRLF&apos;. (linebreak-style)]]></failure></testcase>
<testcase time="0" name="org.eslint.linebreak-style" classname="C:\work\dyrectorio\web\crux-ui\src\server\crux\version-service"><failure message="Expected linebreaks to be &apos;LF&apos; but found &apos;CRLF&apos;."><![CDATA[line 62, col 6, Error - Expected linebreaks to be &apos;LF&apos; but found &apos;CRLF&apos;. (linebreak-style)]]></failure></testcase>
<testcase time="0" name="org.eslint.semi" classname="C:\work\dyrectorio\web\crux-ui\src\server\crux\version-service"><failure message="Missing semicolon."><![CDATA[line 62, col 6, Error - Missing semicolon. (semi)]]></failure></testcase>
<testcase time="0" name="org.eslint.linebreak-style" classname="C:\work\dyrectorio\web\crux-ui\src\server\crux\version-service"><failure message="Expected linebreaks to be &apos;LF&apos; but found &apos;CRLF&apos;."><![CDATA[line 63, col 1, Error - Expected linebreaks to be &apos;LF&apos; but found &apos;CRLF&apos;. (linebreak-style)]]></failure></testcase>
<testcase time="0" name="org.eslint.linebreak-style" classname="C:\work\dyrectorio\web\crux-ui\src\server\crux\version-service"><failure message="Expected linebreaks to be &apos;LF&apos; but found &apos;CRLF&apos;."><![CDATA[line 64, col 83, Error - Expected linebreaks to be &apos;LF&apos; but found &apos;CRLF&apos;. (linebreak-style)]]></failure></testcase>
<testcase time="0" name="org.eslint.linebreak-style" classname="C:\work\dyrectorio\web\crux-ui\src\server\crux\version-service"><failure message="Expected linebreaks to be &apos;LF&apos; but found &apos;CRLF&apos;."><![CDATA[line 65, col 19, Error - Expected linebreaks to be &apos;LF&apos; but found &apos;CRLF&apos;. (linebreak-style)]]></failure></testcase>
<testcase time="0" name="org.eslint.linebreak-style" classname="C:\work\dyrectorio\web\crux-ui\src\server\crux\version-service"><failure message="Expected linebreaks to be &apos;LF&apos; but found &apos;CRLF&apos;."><![CDATA[line 66, col 33, Error - Expected linebreaks to be &apos;LF&apos; but found &apos;CRLF&apos;. (linebreak-style)]]></failure></testcase>
<testcase time="0" name="org.eslint.linebreak-style" classname="C:\work\dyrectorio\web\crux-ui\src\server\crux\version-service"><failure message="Expected linebreaks to be &apos;LF&apos; but found &apos;CRLF&apos;."><![CDATA[line 67, col 33, Error - Expected linebreaks to be &apos;LF&apos; but found &apos;CRLF&apos;. (linebreak-style)]]></failure></testcase>
<testcase time="0" name="org.eslint.semi" classname="C:\work\dyrectorio\web\crux-ui\src\server\crux\version-service"><failure message="Missing semicolon."><![CDATA[line 67, col 33, Error - Missing semicolon. (semi)]]></failure></testcase>
<testcase time="0" name="org.eslint.linebreak-style" classname="C:\work\dyrectorio\web\crux-ui\src\server\crux\version-service"><failure message="Expected linebreaks to be &apos;LF&apos; but found &apos;CRLF&apos;."><![CDATA[line 68, col 1, Error - Expected linebreaks to be &apos;LF&apos; but found &apos;CRLF&apos;. (linebreak-style)]]></failure></testcase>
<testcase time="0" name="org.eslint.linebreak-style" classname="C:\work\dyrectorio\web\crux-ui\src\server\crux\version-service"><failure message="Expected linebreaks to be &apos;LF&apos; but found &apos;CRLF&apos;."><![CDATA[line 69, col 13, Error - Expected linebreaks to be &apos;LF&apos; but found &apos;CRLF&apos;. (linebreak-style)]]></failure></testcase>
<testcase time="0" name="org.eslint.linebreak-style" classname="C:\work\dyrectorio\web\crux-ui\src\server\crux\version-service"><failure message="Expected linebreaks to be &apos;LF&apos; but found &apos;CRLF&apos;."><![CDATA[line 70, col 14, Error - Expected linebreaks to be &apos;LF&apos; but found &apos;CRLF&apos;. (linebreak-style)]]></failure></testcase>
<testcase time="0" name="org.eslint.linebreak-style" classname="C:\work\dyrectorio\web\crux-ui\src\server\crux\version-service"><failure message="Expected linebreaks to be &apos;LF&apos; but found &apos;CRLF&apos;."><![CDATA[line 71, col 22, Error - Expected linebreaks to be &apos;LF&apos; but found &apos;CRLF&apos;. (linebreak-style)]]></failure></testcase>
<testcase time="0" name="org.eslint.linebreak-style" classname="C:\work\dyrectorio\web\crux-ui\src\server\crux\version-service"><failure message="Expected linebreaks to be &apos;LF&apos; but found &apos;CRLF&apos;."><![CDATA[line 72, col 47, Error - Expected linebreaks to be &apos;LF&apos; but found &apos;CRLF&apos;. (linebreak-style)]]></failure></testcase>
<testcase time="0" name="org.eslint.linebreak-style" classname="C:\work\dyrectorio\web\crux-ui\src\server\crux\version-service"><failure message="Expected linebreaks to be &apos;LF&apos; but found &apos;CRLF&apos;."><![CDATA[line 73, col 52, Error - Expected linebreaks to be &apos;LF&apos; but found &apos;CRLF&apos;. (linebreak-style)]]></failure></testcase>
<testcase time="0" name="org.eslint.linebreak-style" classname="C:\work\dyrectorio\web\crux-ui\src\server\crux\version-service"><failure message="Expected linebreaks to be &apos;LF&apos; but found &apos;CRLF&apos;."><![CDATA[line 74, col 6, Error - Expected linebreaks to be &apos;LF&apos; but found &apos;CRLF&apos;. (linebreak-style)]]></failure></testcase>
<testcase time="0" name="org.eslint.semi" classname="C:\work\dyrectorio\web\crux-ui\src\server\crux\version-service"><failure message="Missing semicolon."><![CDATA[line 74, col 6, Error - Missing semicolon. (semi)]]></failure></testcase>
<testcase time="0" name="org.eslint.linebreak-style" classname="C:\work\dyrectorio\web\crux-ui\src\server\crux\version-service"><failure message="Expected linebreaks to be &apos;LF&apos; but found &apos;CRLF&apos;."><![CDATA[line 75, col 4, Error - Expected linebreaks to be &apos;LF&apos; but found &apos;CRLF&apos;. (linebreak-style)]]></failure></testcase>
<testcase time="0" name="org.eslint.linebreak-style" classname="C:\work\dyrectorio\web\crux-ui\src\server\crux\version-service"><failure message="Expected linebreaks to be &apos;LF&apos; but found &apos;CRLF&apos;."><![CDATA[line 76, col 1, Error - Expected linebreaks to be &apos;LF&apos; but found &apos;CRLF&apos;. (linebreak-style)]]></failure></testcase>
<testcase time="0" name="org.eslint.linebreak-style" classname="C:\work\dyrectorio\web\crux-ui\src\server\crux\version-service"><failure message="Expected linebreaks to be &apos;LF&apos; but found &apos;CRLF&apos;."><![CDATA[line 77, col 73, Error - Expected linebreaks to be &apos;LF&apos; but found &apos;CRLF&apos;. (linebreak-style)]]></failure></testcase>
<testcase time="0" name="org.eslint.linebreak-style" classname="C:\work\dyrectorio\web\crux-ui\src\server\crux\version-service"><failure message="Expected linebreaks to be &apos;LF&apos; but found &apos;CRLF&apos;."><![CDATA[line 78, col 40, Error - Expected linebreaks to be &apos;LF&apos; but found &apos;CRLF&apos;. (linebreak-style)]]></failure></testcase>
<testcase time="0" name="org.eslint.linebreak-style" classname="C:\work\dyrectorio\web\crux-ui\src\server\crux\version-service"><failure message="Expected linebreaks to be &apos;LF&apos; but found &apos;CRLF&apos;."><![CDATA[line 79, col 14, Error - Expected linebreaks to be &apos;LF&apos; but found &apos;CRLF&apos;. (linebreak-style)]]></failure></testcase>
<testcase time="0" name="org.eslint.linebreak-style" classname="C:\work\dyrectorio\web\crux-ui\src\server\crux\version-service"><failure message="Expected linebreaks to be &apos;LF&apos; but found &apos;CRLF&apos;."><![CDATA[line 80, col 21, Error - Expected linebreaks to be &apos;LF&apos; but found &apos;CRLF&apos;. (linebreak-style)]]></failure></testcase>
<testcase time="0" name="org.eslint.linebreak-style" classname="C:\work\dyrectorio\web\crux-ui\src\server\crux\version-service"><failure message="Expected linebreaks to be &apos;LF&apos; but found &apos;CRLF&apos;."><![CDATA[line 81, col 36, Error - Expected linebreaks to be &apos;LF&apos; but found &apos;CRLF&apos;. (linebreak-style)]]></failure></testcase>
<testcase time="0" name="org.eslint.linebreak-style" classname="C:\work\dyrectorio\web\crux-ui\src\server\crux\version-service"><failure message="Expected linebreaks to be &apos;LF&apos; but found &apos;CRLF&apos;."><![CDATA[line 82, col 6, Error - Expected linebreaks to be &apos;LF&apos; but found &apos;CRLF&apos;. (linebreak-style)]]></failure></testcase>
<testcase time="0" name="org.eslint.semi" classname="C:\work\dyrectorio\web\crux-ui\src\server\crux\version-service"><failure message="Missing semicolon."><![CDATA[line 82, col 6, Error - Missing semicolon. (semi)]]></failure></testcase>
<testcase time="0" name="org.eslint.linebreak-style" classname="C:\work\dyrectorio\web\crux-ui\src\server\crux\version-service"><failure message="Expected linebreaks to be &apos;LF&apos; but found &apos;CRLF&apos;."><![CDATA[line 83, col 1, Error - Expected linebreaks to be &apos;LF&apos; but found &apos;CRLF&apos;. (linebreak-style)]]></failure></testcase>
<testcase time="0" name="org.eslint.max-len" classname="C:\work\dyrectorio\web\crux-ui\src\server\crux\version-service"><failure message="This line has a length of 118. Maximum allowed is 100."><![CDATA[line 84, col 1, Error - This line has a length of 118. Maximum allowed is 100. (max-len)]]></failure></testcase>
<testcase time="0" name="org.eslint.linebreak-style" classname="C:\work\dyrectorio\web\crux-ui\src\server\crux\version-service"><failure message="Expected linebreaks to be &apos;LF&apos; but found &apos;CRLF&apos;."><![CDATA[line 84, col 119, Error - Expected linebreaks to be &apos;LF&apos; but found &apos;CRLF&apos;. (linebreak-style)]]></failure></testcase>
<testcase time="0" name="org.eslint.linebreak-style" classname="C:\work\dyrectorio\web\crux-ui\src\server\crux\version-service"><failure message="Expected linebreaks to be &apos;LF&apos; but found &apos;CRLF&apos;."><![CDATA[line 85, col 28, Error - Expected linebreaks to be &apos;LF&apos; but found &apos;CRLF&apos;. (linebreak-style)]]></failure></testcase>
<testcase time="0" name="org.eslint.linebreak-style" classname="C:\work\dyrectorio\web\crux-ui\src\server\crux\version-service"><failure message="Expected linebreaks to be &apos;LF&apos; but found &apos;CRLF&apos;."><![CDATA[line 86, col 11, Error - Expected linebreaks to be &apos;LF&apos; but found &apos;CRLF&apos;. (linebreak-style)]]></failure></testcase>
<testcase time="0" name="org.eslint.linebreak-style" classname="C:\work\dyrectorio\web\crux-ui\src\server\crux\version-service"><failure message="Expected linebreaks to be &apos;LF&apos; but found &apos;CRLF&apos;."><![CDATA[line 87, col 6, Error - Expected linebreaks to be &apos;LF&apos; but found &apos;CRLF&apos;. (linebreak-style)]]></failure></testcase>
<testcase time="0" name="org.eslint.semi" classname="C:\work\dyrectorio\web\crux-ui\src\server\crux\version-service"><failure message="Missing semicolon."><![CDATA[line 87, col 6, Error - Missing semicolon. (semi)]]></failure></testcase>
<testcase time="0" name="org.eslint.linebreak-style" classname="C:\work\dyrectorio\web\crux-ui\src\server\crux\version-service"><failure message="Expected linebreaks to be &apos;LF&apos; but found &apos;CRLF&apos;."><![CDATA[line 88, col 1, Error - Expected linebreaks to be &apos;LF&apos; but found &apos;CRLF&apos;. (linebreak-style)]]></failure></testcase>
<testcase time="0" name="org.eslint.linebreak-style" classname="C:\work\dyrectorio\web\crux-ui\src\server\crux\version-service"><failure message="Expected linebreaks to be &apos;LF&apos; but found &apos;CRLF&apos;."><![CDATA[line 89, col 41, Error - Expected linebreaks to be &apos;LF&apos; but found &apos;CRLF&apos;. (linebreak-style)]]></failure></testcase>
<testcase time="0" name="org.eslint.semi" classname="C:\work\dyrectorio\web\crux-ui\src\server\crux\version-service"><failure message="Missing semicolon."><![CDATA[line 89, col 41, Error - Missing semicolon. (semi)]]></failure></testcase>
<testcase time="0" name="org.eslint.linebreak-style" classname="C:\work\dyrectorio\web\crux-ui\src\server\crux\version-service"><failure message="Expected linebreaks to be &apos;LF&apos; but found &apos;CRLF&apos;."><![CDATA[line 90, col 4, Error - Expected linebreaks to be &apos;LF&apos; but found &apos;CRLF&apos;. (linebreak-style)]]></failure></testcase>
<testcase time="0" name="org.eslint.linebreak-style" classname="C:\work\dyrectorio\web\crux-ui\src\server\crux\version-service"><failure message="Expected linebreaks to be &apos;LF&apos; but found &apos;CRLF&apos;."><![CDATA[line 91, col 1, Error - Expected linebreaks to be &apos;LF&apos; but found &apos;CRLF&apos;. (linebreak-style)]]></failure></testcase>
<testcase time="0" name="org.eslint.linebreak-style" classname="C:\work\dyrectorio\web\crux-ui\src\server\crux\version-service"><failure message="Expected linebreaks to be &apos;LF&apos; but found &apos;CRLF&apos;."><![CDATA[line 92, col 78, Error - Expected linebreaks to be &apos;LF&apos; but found &apos;CRLF&apos;. (linebreak-style)]]></failure></testcase>
<testcase time="0" name="org.eslint.linebreak-style" classname="C:\work\dyrectorio\web\crux-ui\src\server\crux\version-service"><failure message="Expected linebreaks to be &apos;LF&apos; but found &apos;CRLF&apos;."><![CDATA[line 93, col 42, Error - Expected linebreaks to be &apos;LF&apos; but found &apos;CRLF&apos;. (linebreak-style)]]></failure></testcase>
<testcase time="0" name="org.eslint.linebreak-style" classname="C:\work\dyrectorio\web\crux-ui\src\server\crux\version-service"><failure message="Expected linebreaks to be &apos;LF&apos; but found &apos;CRLF&apos;."><![CDATA[line 94, col 14, Error - Expected linebreaks to be &apos;LF&apos; but found &apos;CRLF&apos;. (linebreak-style)]]></failure></testcase>
<testcase time="0" name="org.eslint.linebreak-style" classname="C:\work\dyrectorio\web\crux-ui\src\server\crux\version-service"><failure message="Expected linebreaks to be &apos;LF&apos; but found &apos;CRLF&apos;."><![CDATA[line 95, col 21, Error - Expected linebreaks to be &apos;LF&apos; but found &apos;CRLF&apos;. (linebreak-style)]]></failure></testcase>
<testcase time="0" name="org.eslint.linebreak-style" classname="C:\work\dyrectorio\web\crux-ui\src\server\crux\version-service"><failure message="Expected linebreaks to be &apos;LF&apos; but found &apos;CRLF&apos;."><![CDATA[line 96, col 36, Error - Expected linebreaks to be &apos;LF&apos; but found &apos;CRLF&apos;. (linebreak-style)]]></failure></testcase>
<testcase time="0" name="org.eslint.linebreak-style" classname="C:\work\dyrectorio\web\crux-ui\src\server\crux\version-service"><failure message="Expected linebreaks to be &apos;LF&apos; but found &apos;CRLF&apos;."><![CDATA[line 97, col 6, Error - Expected linebreaks to be &apos;LF&apos; but found &apos;CRLF&apos;. (linebreak-style)]]></failure></testcase>
<testcase time="0" name="org.eslint.semi" classname="C:\work\dyrectorio\web\crux-ui\src\server\crux\version-service"><failure message="Missing semicolon."><![CDATA[line 97, col 6, Error - Missing semicolon. (semi)]]></failure></testcase>
<testcase time="0" name="org.eslint.linebreak-style" classname="C:\work\dyrectorio\web\crux-ui\src\server\crux\version-service"><failure message="Expected linebreaks to be &apos;LF&apos; but found &apos;CRLF&apos;."><![CDATA[line 98, col 1, Error - Expected linebreaks to be &apos;LF&apos; but found &apos;CRLF&apos;. (linebreak-style)]]></failure></testcase>
<testcase time="0" name="org.eslint.linebreak-style" classname="C:\work\dyrectorio\web\crux-ui\src\server\crux\version-service"><failure message="Expected linebreaks to be &apos;LF&apos; but found &apos;CRLF&apos;."><![CDATA[line 99, col 81, Error - Expected linebreaks to be &apos;LF&apos; but found &apos;CRLF&apos;. (linebreak-style)]]></failure></testcase>
<testcase time="0" name="org.eslint.linebreak-style" classname="C:\work\dyrectorio\web\crux-ui\src\server\crux\version-service"><failure message="Expected linebreaks to be &apos;LF&apos; but found &apos;CRLF&apos;."><![CDATA[line 100, col 19, Error - Expected linebreaks to be &apos;LF&apos; but found &apos;CRLF&apos;. (linebreak-style)]]></failure></testcase>
<testcase time="0" name="org.eslint.linebreak-style" classname="C:\work\dyrectorio\web\crux-ui\src\server\crux\version-service"><failure message="Expected linebreaks to be &apos;LF&apos; but found &apos;CRLF&apos;."><![CDATA[line 101, col 35, Error - Expected linebreaks to be &apos;LF&apos; but found &apos;CRLF&apos;. (linebreak-style)]]></failure></testcase>
<testcase time="0" name="org.eslint.linebreak-style" classname="C:\work\dyrectorio\web\crux-ui\src\server\crux\version-service"><failure message="Expected linebreaks to be &apos;LF&apos; but found &apos;CRLF&apos;."><![CDATA[line 102, col 35, Error - Expected linebreaks to be &apos;LF&apos; but found &apos;CRLF&apos;. (linebreak-style)]]></failure></testcase>
<testcase time="0" name="org.eslint.semi" classname="C:\work\dyrectorio\web\crux-ui\src\server\crux\version-service"><failure message="Missing semicolon."><![CDATA[line 102, col 35, Error - Missing semicolon. (semi)]]></failure></testcase>
<testcase time="0" name="org.eslint.linebreak-style" classname="C:\work\dyrectorio\web\crux-ui\src\server\crux\version-service"><failure message="Expected linebreaks to be &apos;LF&apos; but found &apos;CRLF&apos;."><![CDATA[line 103, col 1, Error - Expected linebreaks to be &apos;LF&apos; but found &apos;CRLF&apos;. (linebreak-style)]]></failure></testcase>
<testcase time="0" name="org.eslint.linebreak-style" classname="C:\work\dyrectorio\web\crux-ui\src\server\crux\version-service"><failure message="Expected linebreaks to be &apos;LF&apos; but found &apos;CRLF&apos;."><![CDATA[line 104, col 13, Error - Expected linebreaks to be &apos;LF&apos; but found &apos;CRLF&apos;. (linebreak-style)]]></failure></testcase>
<testcase time="0" name="org.eslint.linebreak-style" classname="C:\work\dyrectorio\web\crux-ui\src\server\crux\version-service"><failure message="Expected linebreaks to be &apos;LF&apos; but found &apos;CRLF&apos;."><![CDATA[line 105, col 14, Error - Expected linebreaks to be &apos;LF&apos; but found &apos;CRLF&apos;. (linebreak-style)]]></failure></testcase>
<testcase time="0" name="org.eslint.linebreak-style" classname="C:\work\dyrectorio\web\crux-ui\src\server\crux\version-service"><failure message="Expected linebreaks to be &apos;LF&apos; but found &apos;CRLF&apos;."><![CDATA[line 106, col 22, Error - Expected linebreaks to be &apos;LF&apos; but found &apos;CRLF&apos;. (linebreak-style)]]></failure></testcase>
<testcase time="0" name="org.eslint.linebreak-style" classname="C:\work\dyrectorio\web\crux-ui\src\server\crux\version-service"><failure message="Expected linebreaks to be &apos;LF&apos; but found &apos;CRLF&apos;."><![CDATA[line 107, col 27, Error - Expected linebreaks to be &apos;LF&apos; but found &apos;CRLF&apos;. (linebreak-style)]]></failure></testcase>
<testcase time="0" name="org.eslint.linebreak-style" classname="C:\work\dyrectorio\web\crux-ui\src\server\crux\version-service"><failure message="Expected linebreaks to be &apos;LF&apos; but found &apos;CRLF&apos;."><![CDATA[line 108, col 25, Error - Expected linebreaks to be &apos;LF&apos; but found &apos;CRLF&apos;. (linebreak-style)]]></failure></testcase>
<testcase time="0" name="org.eslint.linebreak-style" classname="C:\work\dyrectorio\web\crux-ui\src\server\crux\version-service"><failure message="Expected linebreaks to be &apos;LF&apos; but found &apos;CRLF&apos;."><![CDATA[line 109, col 48, Error - Expected linebreaks to be &apos;LF&apos; but found &apos;CRLF&apos;. (linebreak-style)]]></failure></testcase>
<testcase time="0" name="org.eslint.linebreak-style" classname="C:\work\dyrectorio\web\crux-ui\src\server\crux\version-service"><failure message="Expected linebreaks to be &apos;LF&apos; but found &apos;CRLF&apos;."><![CDATA[line 110, col 18, Error - Expected linebreaks to be &apos;LF&apos; but found &apos;CRLF&apos;. (linebreak-style)]]></failure></testcase>
<testcase time="0" name="org.eslint.linebreak-style" classname="C:\work\dyrectorio\web\crux-ui\src\server\crux\version-service"><failure message="Expected linebreaks to be &apos;LF&apos; but found &apos;CRLF&apos;."><![CDATA[line 111, col 6, Error - Expected linebreaks to be &apos;LF&apos; but found &apos;CRLF&apos;. (linebreak-style)]]></failure></testcase>
<testcase time="0" name="org.eslint.semi" classname="C:\work\dyrectorio\web\crux-ui\src\server\crux\version-service"><failure message="Missing semicolon."><![CDATA[line 111, col 6, Error - Missing semicolon. (semi)]]></failure></testcase>
<testcase time="0" name="org.eslint.linebreak-style" classname="C:\work\dyrectorio\web\crux-ui\src\server\crux\version-service"><failure message="Expected linebreaks to be &apos;LF&apos; but found &apos;CRLF&apos;."><![CDATA[line 112, col 4, Error - Expected linebreaks to be &apos;LF&apos; but found &apos;CRLF&apos;. (linebreak-style)]]></failure></testcase>
<testcase time="0" name="org.eslint.linebreak-style" classname="C:\work\dyrectorio\web\crux-ui\src\server\crux\version-service"><failure message="Expected linebreaks to be &apos;LF&apos; but found &apos;CRLF&apos;."><![CDATA[line 113, col 1, Error - Expected linebreaks to be &apos;LF&apos; but found &apos;CRLF&apos;. (linebreak-style)]]></failure></testcase>
<testcase time="0" name="org.eslint.linebreak-style" classname="C:\work\dyrectorio\web\crux-ui\src\server\crux\version-service"><failure message="Expected linebreaks to be &apos;LF&apos; but found &apos;CRLF&apos;."><![CDATA[line 114, col 44, Error - Expected linebreaks to be &apos;LF&apos; but found &apos;CRLF&apos;. (linebreak-style)]]></failure></testcase>
<testcase time="0" name="org.eslint.linebreak-style" classname="C:\work\dyrectorio\web\crux-ui\src\server\crux\version-service"><failure message="Expected linebreaks to be &apos;LF&apos; but found &apos;CRLF&apos;."><![CDATA[line 115, col 29, Error - Expected linebreaks to be &apos;LF&apos; but found &apos;CRLF&apos;. (linebreak-style)]]></failure></testcase>
<testcase time="0" name="org.eslint.linebreak-style" classname="C:\work\dyrectorio\web\crux-ui\src\server\crux\version-service"><failure message="Expected linebreaks to be &apos;LF&apos; but found &apos;CRLF&apos;."><![CDATA[line 116, col 10, Error - Expected linebreaks to be &apos;LF&apos; but found &apos;CRLF&apos;. (linebreak-style)]]></failure></testcase>
<testcase time="0" name="org.eslint.linebreak-style" classname="C:\work\dyrectorio\web\crux-ui\src\server\crux\version-service"><failure message="Expected linebreaks to be &apos;LF&apos; but found &apos;CRLF&apos;."><![CDATA[line 117, col 36, Error - Expected linebreaks to be &apos;LF&apos; but found &apos;CRLF&apos;. (linebreak-style)]]></failure></testcase>
<testcase time="0" name="org.eslint.linebreak-style" classname="C:\work\dyrectorio\web\crux-ui\src\server\crux\version-service"><failure message="Expected linebreaks to be &apos;LF&apos; but found &apos;CRLF&apos;."><![CDATA[line 118, col 6, Error - Expected linebreaks to be &apos;LF&apos; but found &apos;CRLF&apos;. (linebreak-style)]]></failure></testcase>
<testcase time="0" name="org.eslint.semi" classname="C:\work\dyrectorio\web\crux-ui\src\server\crux\version-service"><failure message="Missing semicolon."><![CDATA[line 118, col 6, Error - Missing semicolon. (semi)]]></failure></testcase>
<testcase time="0" name="org.eslint.linebreak-style" classname="C:\work\dyrectorio\web\crux-ui\src\server\crux\version-service"><failure message="Expected linebreaks to be &apos;LF&apos; but found &apos;CRLF&apos;."><![CDATA[line 119, col 1, Error - Expected linebreaks to be &apos;LF&apos; but found &apos;CRLF&apos;. (linebreak-style)]]></failure></testcase>
<testcase time="0" name="org.eslint.linebreak-style" classname="C:\work\dyrectorio\web\crux-ui\src\server\crux\version-service"><failure message="Expected linebreaks to be &apos;LF&apos; but found &apos;CRLF&apos;."><![CDATA[line 120, col 96, Error - Expected linebreaks to be &apos;LF&apos; but found &apos;CRLF&apos;. (linebreak-style)]]></failure></testcase>
<testcase time="0" name="org.eslint.semi" classname="C:\work\dyrectorio\web\crux-ui\src\server\crux\version-service"><failure message="Missing semicolon."><![CDATA[line 120, col 96, Error - Missing semicolon. (semi)]]></failure></testcase>
<testcase time="0" name="org.eslint.linebreak-style" classname="C:\work\dyrectorio\web\crux-ui\src\server\crux\version-service"><failure message="Expected linebreaks to be &apos;LF&apos; but found &apos;CRLF&apos;."><![CDATA[line 121, col 4, Error - Expected linebreaks to be &apos;LF&apos; but found &apos;CRLF&apos;. (linebreak-style)]]></failure></testcase>
<testcase time="0" name="org.eslint.linebreak-style" classname="C:\work\dyrectorio\web\crux-ui\src\server\crux\version-service"><failure message="Expected linebreaks to be &apos;LF&apos; but found &apos;CRLF&apos;."><![CDATA[line 122, col 2, Error - Expected linebreaks to be &apos;LF&apos; but found &apos;CRLF&apos;. (linebreak-style)]]></failure></testcase>
<testcase time="0" name="org.eslint.linebreak-style" classname="C:\work\dyrectorio\web\crux-ui\src\server\crux\version-service"><failure message="Expected linebreaks to be &apos;LF&apos; but found &apos;CRLF&apos;."><![CDATA[line 123, col 1, Error - Expected linebreaks to be &apos;LF&apos; but found &apos;CRLF&apos;. (linebreak-style)]]></failure></testcase>
<testcase time="0" name="org.eslint.linebreak-style" classname="C:\work\dyrectorio\web\crux-ui\src\server\crux\version-service"><failure message="Expected linebreaks to be &apos;LF&apos; but found &apos;CRLF&apos;."><![CDATA[line 124, col 33, Error - Expected linebreaks to be &apos;LF&apos; but found &apos;CRLF&apos;. (linebreak-style)]]></failure></testcase>
<testcase time="0" name="org.eslint.semi" classname="C:\work\dyrectorio\web\crux-ui\src\server\crux\version-service"><failure message="Missing semicolon."><![CDATA[line 124, col 33, Error - Missing semicolon. (semi)]]></failure></testcase>
<testcase time="0" name="org.eslint.linebreak-style" classname="C:\work\dyrectorio\web\crux-ui\src\server\crux\version-service"><failure message="Expected linebreaks to be &apos;LF&apos; but found &apos;CRLF&apos;."><![CDATA[line 125, col 1, Error - Expected linebreaks to be &apos;LF&apos; but found &apos;CRLF&apos;. (linebreak-style)]]></failure></testcase>
<testcase time="0" name="org.eslint.arrow-body-style" classname="C:\work\dyrectorio\web\crux-ui\src\server\crux\version-service"><failure message="Unexpected block statement surrounding arrow body; move the returned value immediately after the `=&gt;`."><![CDATA[line 126, col 76, Error - Unexpected block statement surrounding arrow body; move the returned value immediately after the `=&gt;`. (arrow-body-style)]]></failure></testcase>
<testcase time="0" name="org.eslint.linebreak-style" classname="C:\work\dyrectorio\web\crux-ui\src\server\crux\version-service"><failure message="Expected linebreaks to be &apos;LF&apos; but found &apos;CRLF&apos;."><![CDATA[line 126, col 77, Error - Expected linebreaks to be &apos;LF&apos; but found &apos;CRLF&apos;. (linebreak-style)]]></failure></testcase>
<testcase time="0" name="org.eslint.linebreak-style" classname="C:\work\dyrectorio\web\crux-ui\src\server\crux\version-service"><failure message="Expected linebreaks to be &apos;LF&apos; but found &apos;CRLF&apos;."><![CDATA[line 127, col 49, Error - Expected linebreaks to be &apos;LF&apos; but found &apos;CRLF&apos;. (linebreak-style)]]></failure></testcase>
<testcase time="0" name="org.eslint.semi" classname="C:\work\dyrectorio\web\crux-ui\src\server\crux\version-service"><failure message="Missing semicolon."><![CDATA[line 127, col 49, Error - Missing semicolon. (semi)]]></failure></testcase>
<testcase time="0" name="org.eslint.linebreak-style" classname="C:\work\dyrectorio\web\crux-ui\src\server\crux\version-service"><failure message="Expected linebreaks to be &apos;LF&apos; but found &apos;CRLF&apos;."><![CDATA[line 128, col 2, Error - Expected linebreaks to be &apos;LF&apos; but found &apos;CRLF&apos;. (linebreak-style)]]></failure></testcase>
<testcase time="0" name="org.eslint.semi" classname="C:\work\dyrectorio\web\crux-ui\src\server\crux\version-service"><failure message="Missing semicolon."><![CDATA[line 128, col 2, Error - Missing semicolon. (semi)]]></failure></testcase>
<testcase time="0" name="org.eslint.linebreak-style" classname="C:\work\dyrectorio\web\crux-ui\src\server\crux\version-service"><failure message="Expected linebreaks to be &apos;LF&apos; but found &apos;CRLF&apos;."><![CDATA[line 129, col 1, Error - Expected linebreaks to be &apos;LF&apos; but found &apos;CRLF&apos;. (linebreak-style)]]></failure></testcase>
<testcase time="0" name="org.eslint.arrow-body-style" classname="C:\work\dyrectorio\web\crux-ui\src\server\crux\version-service"><failure message="Unexpected block statement surrounding arrow body; move the returned value immediately after the `=&gt;`."><![CDATA[line 130, col 74, Error - Unexpected block statement surrounding arrow body; move the returned value immediately after the `=&gt;`. (arrow-body-style)]]></failure></testcase>
<testcase time="0" name="org.eslint.linebreak-style" classname="C:\work\dyrectorio\web\crux-ui\src\server\crux\version-service"><failure message="Expected linebreaks to be &apos;LF&apos; but found &apos;CRLF&apos;."><![CDATA[line 130, col 75, Error - Expected linebreaks to be &apos;LF&apos; but found &apos;CRLF&apos;. (linebreak-style)]]></failure></testcase>
<testcase time="0" name="org.eslint.linebreak-style" classname="C:\work\dyrectorio\web\crux-ui\src\server\crux\version-service"><failure message="Expected linebreaks to be &apos;LF&apos; but found &apos;CRLF&apos;."><![CDATA[line 131, col 62, Error - Expected linebreaks to be &apos;LF&apos; but found &apos;CRLF&apos;. (linebreak-style)]]></failure></testcase>
<testcase time="0" name="org.eslint.semi" classname="C:\work\dyrectorio\web\crux-ui\src\server\crux\version-service"><failure message="Missing semicolon."><![CDATA[line 131, col 62, Error - Missing semicolon. (semi)]]></failure></testcase>
<testcase time="0" name="org.eslint.linebreak-style" classname="C:\work\dyrectorio\web\crux-ui\src\server\crux\version-service"><failure message="Expected linebreaks to be &apos;LF&apos; but found &apos;CRLF&apos;."><![CDATA[line 132, col 2, Error - Expected linebreaks to be &apos;LF&apos; but found &apos;CRLF&apos;. (linebreak-style)]]></failure></testcase>
<testcase time="0" name="org.eslint.semi" classname="C:\work\dyrectorio\web\crux-ui\src\server\crux\version-service"><failure message="Missing semicolon."><![CDATA[line 132, col 2, Error - Missing semicolon. (semi)]]></failure></testcase>
</testsuite>
<testsuite package="org.eslint" time="0" tests="271" errors="271" name="C:\work\dyrectorio\web\crux-ui\src\server\error-middleware.ts">
<testcase time="0" name="org.eslint.import/no-cycle" classname="C:\work\dyrectorio\web\crux-ui\src\server\error-middleware"><failure message="Dependency cycle detected."><![CDATA[line 1, col 1, Error - Dependency cycle detected. (import/no-cycle)]]></failure></testcase>
<testcase time="0" name="org.eslint.linebreak-style" classname="C:\work\dyrectorio\web\crux-ui\src\server\error-middleware"><failure message="Expected linebreaks to be &apos;LF&apos; but found &apos;CRLF&apos;."><![CDATA[line 1, col 64, Error - Expected linebreaks to be &apos;LF&apos; but found &apos;CRLF&apos;. (linebreak-style)]]></failure></testcase>
<testcase time="0" name="org.eslint.semi" classname="C:\work\dyrectorio\web\crux-ui\src\server\error-middleware"><failure message="Missing semicolon."><![CDATA[line 1, col 64, Error - Missing semicolon. (semi)]]></failure></testcase>
<testcase time="0" name="org.eslint.import/no-cycle" classname="C:\work\dyrectorio\web\crux-ui\src\server\error-middleware"><failure message="Dependency cycle detected."><![CDATA[line 2, col 1, Error - Dependency cycle detected. (import/no-cycle)]]></failure></testcase>
<testcase time="0" name="org.eslint.linebreak-style" classname="C:\work\dyrectorio\web\crux-ui\src\server\error-middleware"><failure message="Expected linebreaks to be &apos;LF&apos; but found &apos;CRLF&apos;."><![CDATA[line 2, col 40, Error - Expected linebreaks to be &apos;LF&apos; but found &apos;CRLF&apos;. (linebreak-style)]]></failure></testcase>
<testcase time="0" name="org.eslint.semi" classname="C:\work\dyrectorio\web\crux-ui\src\server\error-middleware"><failure message="Missing semicolon."><![CDATA[line 2, col 40, Error - Missing semicolon. (semi)]]></failure></testcase>
<testcase time="0" name="org.eslint.linebreak-style" classname="C:\work\dyrectorio\web\crux-ui\src\server\error-middleware"><failure message="Expected linebreaks to be &apos;LF&apos; but found &apos;CRLF&apos;."><![CDATA[line 3, col 45, Error - Expected linebreaks to be &apos;LF&apos; but found &apos;CRLF&apos;. (linebreak-style)]]></failure></testcase>
<testcase time="0" name="org.eslint.semi" classname="C:\work\dyrectorio\web\crux-ui\src\server\error-middleware"><failure message="Missing semicolon."><![CDATA[line 3, col 45, Error - Missing semicolon. (semi)]]></failure></testcase>
<testcase time="0" name="org.eslint.linebreak-style" classname="C:\work\dyrectorio\web\crux-ui\src\server\error-middleware"><failure message="Expected linebreaks to be &apos;LF&apos; but found &apos;CRLF&apos;."><![CDATA[line 4, col 59, Error - Expected linebreaks to be &apos;LF&apos; but found &apos;CRLF&apos;. (linebreak-style)]]></failure></testcase>
<testcase time="0" name="org.eslint.semi" classname="C:\work\dyrectorio\web\crux-ui\src\server\error-middleware"><failure message="Missing semicolon."><![CDATA[line 4, col 59, Error - Missing semicolon. (semi)]]></failure></testcase>
<testcase time="0" name="org.eslint.linebreak-style" classname="C:\work\dyrectorio\web\crux-ui\src\server\error-middleware"><failure message="Expected linebreaks to be &apos;LF&apos; but found &apos;CRLF&apos;."><![CDATA[line 5, col 55, Error - Expected linebreaks to be &apos;LF&apos; but found &apos;CRLF&apos;. (linebreak-style)]]></failure></testcase>
<testcase time="0" name="org.eslint.semi" classname="C:\work\dyrectorio\web\crux-ui\src\server\error-middleware"><failure message="Missing semicolon."><![CDATA[line 5, col 55, Error - Missing semicolon. (semi)]]></failure></testcase>
<testcase time="0" name="org.eslint.linebreak-style" classname="C:\work\dyrectorio\web\crux-ui\src\server\error-middleware"><failure message="Expected linebreaks to be &apos;LF&apos; but found &apos;CRLF&apos;."><![CDATA[line 6, col 9, Error - Expected linebreaks to be &apos;LF&apos; but found &apos;CRLF&apos;. (linebreak-style)]]></failure></testcase>
<testcase time="0" name="org.eslint.linebreak-style" classname="C:\work\dyrectorio\web\crux-ui\src\server\error-middleware"><failure message="Expected linebreaks to be &apos;LF&apos; but found &apos;CRLF&apos;."><![CDATA[line 7, col 22, Error - Expected linebreaks to be &apos;LF&apos; but found &apos;CRLF&apos;. (linebreak-style)]]></failure></testcase>
<testcase time="0" name="org.eslint.linebreak-style" classname="C:\work\dyrectorio\web\crux-ui\src\server\error-middleware"><failure message="Expected linebreaks to be &apos;LF&apos; but found &apos;CRLF&apos;."><![CDATA[line 8, col 17, Error - Expected linebreaks to be &apos;LF&apos; but found &apos;CRLF&apos;. (linebreak-style)]]></failure></testcase>
<testcase time="0" name="org.eslint.linebreak-style" classname="C:\work\dyrectorio\web\crux-ui\src\server\error-middleware"><failure message="Expected linebreaks to be &apos;LF&apos; but found &apos;CRLF&apos;."><![CDATA[line 9, col 24, Error - Expected linebreaks to be &apos;LF&apos; but found &apos;CRLF&apos;. (linebreak-style)]]></failure></testcase>
<testcase time="0" name="org.eslint.linebreak-style" classname="C:\work\dyrectorio\web\crux-ui\src\server\error-middleware"><failure message="Expected linebreaks to be &apos;LF&apos; but found &apos;CRLF&apos;."><![CDATA[line 10, col 17, Error - Expected linebreaks to be &apos;LF&apos; but found &apos;CRLF&apos;. (linebreak-style)]]></failure></testcase>
<testcase time="0" name="org.eslint.linebreak-style" classname="C:\work\dyrectorio\web\crux-ui\src\server\error-middleware"><failure message="Expected linebreaks to be &apos;LF&apos; but found &apos;CRLF&apos;."><![CDATA[line 11, col 27, Error - Expected linebreaks to be &apos;LF&apos; but found &apos;CRLF&apos;. (linebreak-style)]]></failure></testcase>
<testcase time="0" name="org.eslint.linebreak-style" classname="C:\work\dyrectorio\web\crux-ui\src\server\error-middleware"><failure message="Expected linebreaks to be &apos;LF&apos; but found &apos;CRLF&apos;."><![CDATA[line 12, col 24, Error - Expected linebreaks to be &apos;LF&apos; but found &apos;CRLF&apos;. (linebreak-style)]]></failure></testcase>
<testcase time="0" name="org.eslint.linebreak-style" classname="C:\work\dyrectorio\web\crux-ui\src\server\error-middleware"><failure message="Expected linebreaks to be &apos;LF&apos; but found &apos;CRLF&apos;."><![CDATA[line 13, col 20, Error - Expected linebreaks to be &apos;LF&apos; but found &apos;CRLF&apos;. (linebreak-style)]]></failure></testcase>
<testcase time="0" name="org.eslint.import/extensions" classname="C:\work\dyrectorio\web\crux-ui\src\server\error-middleware"><failure message="Missing file extension &quot;ts&quot; for &quot;./crux/grpc-errors&quot;"><![CDATA[line 14, col 8, Error - Missing file extension &quot;ts&quot; for &quot;./crux/grpc-errors&quot; (import/extensions)]]></failure></testcase>
<testcase time="0" name="org.eslint.linebreak-style" classname="C:\work\dyrectorio\web\crux-ui\src\server\error-middleware"><failure message="Expected linebreaks to be &apos;LF&apos; but found &apos;CRLF&apos;."><![CDATA[line 14, col 28, Error - Expected linebreaks to be &apos;LF&apos; but found &apos;CRLF&apos;. (linebreak-style)]]></failure></testcase>
<testcase time="0" name="org.eslint.semi" classname="C:\work\dyrectorio\web\crux-ui\src\server\error-middleware"><failure message="Missing semicolon."><![CDATA[line 14, col 28, Error - Missing semicolon. (semi)]]></failure></testcase>
<testcase time="0" name="org.eslint.linebreak-style" classname="C:\work\dyrectorio\web\crux-ui\src\server\error-middleware"><failure message="Expected linebreaks to be &apos;LF&apos; but found &apos;CRLF&apos;."><![CDATA[line 15, col 1, Error - Expected linebreaks to be &apos;LF&apos; but found &apos;CRLF&apos;. (linebreak-style)]]></failure></testcase>
<testcase time="0" name="org.eslint.linebreak-style" classname="C:\work\dyrectorio\web\crux-ui\src\server\error-middleware"><failure message="Expected linebreaks to be &apos;LF&apos; but found &apos;CRLF&apos;."><![CDATA[line 16, col 42, Error - Expected linebreaks to be &apos;LF&apos; but found &apos;CRLF&apos;. (linebreak-style)]]></failure></testcase>
<testcase time="0" name="org.eslint.linebreak-style" classname="C:\work\dyrectorio\web\crux-ui\src\server\error-middleware"><failure message="Expected linebreaks to be &apos;LF&apos; but found &apos;CRLF&apos;."><![CDATA[line 17, col 17, Error - Expected linebreaks to be &apos;LF&apos; but found &apos;CRLF&apos;. (linebreak-style)]]></failure></testcase>
<testcase time="0" name="org.eslint.linebreak-style" classname="C:\work\dyrectorio\web\crux-ui\src\server\error-middleware"><failure message="Expected linebreaks to be &apos;LF&apos; but found &apos;CRLF&apos;."><![CDATA[line 18, col 2, Error - Expected linebreaks to be &apos;LF&apos; but found &apos;CRLF&apos;. (linebreak-style)]]></failure></testcase>
<testcase time="0" name="org.eslint.linebreak-style" classname="C:\work\dyrectorio\web\crux-ui\src\server\error-middleware"><failure message="Expected linebreaks to be &apos;LF&apos; but found &apos;CRLF&apos;."><![CDATA[line 19, col 1, Error - Expected linebreaks to be &apos;LF&apos; but found &apos;CRLF&apos;. (linebreak-style)]]></failure></testcase>
<testcase time="0" name="org.eslint.linebreak-style" classname="C:\work\dyrectorio\web\crux-ui\src\server\error-middleware"><failure message="Expected linebreaks to be &apos;LF&apos; but found &apos;CRLF&apos;."><![CDATA[line 20, col 118, Error - Expected linebreaks to be &apos;LF&apos; but found &apos;CRLF&apos;. (linebreak-style)]]></failure></testcase>
<testcase time="0" name="org.eslint.semi" classname="C:\work\dyrectorio\web\crux-ui\src\server\error-middleware"><failure message="Missing semicolon."><![CDATA[line 20, col 118, Error - Missing semicolon. (semi)]]></failure></testcase>
<testcase time="0" name="org.eslint.linebreak-style" classname="C:\work\dyrectorio\web\crux-ui\src\server\error-middleware"><failure message="Expected linebreaks to be &apos;LF&apos; but found &apos;CRLF&apos;."><![CDATA[line 21, col 1, Error - Expected linebreaks to be &apos;LF&apos; but found &apos;CRLF&apos;. (linebreak-style)]]></failure></testcase>
<testcase time="0" name="org.eslint.max-len" classname="C:\work\dyrectorio\web\crux-ui\src\server\error-middleware"><failure message="This line has a length of 105. Maximum allowed is 100."><![CDATA[line 22, col 1, Error - This line has a length of 105. Maximum allowed is 100. (max-len)]]></failure></testcase>
<testcase time="0" name="org.eslint.arrow-body-style" classname="C:\work\dyrectorio\web\crux-ui\src\server\error-middleware"><failure message="Unexpected block statement surrounding arrow body; parenthesize the returned value and move it immediately after the `=&gt;`."><![CDATA[line 22, col 105, Error - Unexpected block statement surrounding arrow body; parenthesize the returned value and move it immediately after the `=&gt;`. (arrow-body-style)]]></failure></testcase>
<testcase time="0" name="org.eslint.linebreak-style" classname="C:\work\dyrectorio\web\crux-ui\src\server\error-middleware"><failure message="Expected linebreaks to be &apos;LF&apos; but found &apos;CRLF&apos;."><![CDATA[line 22, col 106, Error - Expected linebreaks to be &apos;LF&apos; but found &apos;CRLF&apos;. (linebreak-style)]]></failure></testcase>
<testcase time="0" name="org.eslint.linebreak-style" classname="C:\work\dyrectorio\web\crux-ui\src\server\error-middleware"><failure message="Expected linebreaks to be &apos;LF&apos; but found &apos;CRLF&apos;."><![CDATA[line 23, col 11, Error - Expected linebreaks to be &apos;LF&apos; but found &apos;CRLF&apos;. (linebreak-style)]]></failure></testcase>
<testcase time="0" name="org.eslint.linebreak-style" classname="C:\work\dyrectorio\web\crux-ui\src\server\error-middleware"><failure message="Expected linebreaks to be &apos;LF&apos; but found &apos;CRLF&apos;."><![CDATA[line 24, col 17, Error - Expected linebreaks to be &apos;LF&apos; but found &apos;CRLF&apos;. (linebreak-style)]]></failure></testcase>
<testcase time="0" name="org.eslint.linebreak-style" classname="C:\work\dyrectorio\web\crux-ui\src\server\error-middleware"><failure message="Expected linebreaks to be &apos;LF&apos; but found &apos;CRLF&apos;."><![CDATA[line 25, col 30, Error - Expected linebreaks to be &apos;LF&apos; but found &apos;CRLF&apos;. (linebreak-style)]]></failure></testcase>
<testcase time="0" name="org.eslint.linebreak-style" classname="C:\work\dyrectorio\web\crux-ui\src\server\error-middleware"><failure message="Expected linebreaks to be &apos;LF&apos; but found &apos;CRLF&apos;."><![CDATA[line 26, col 14, Error - Expected linebreaks to be &apos;LF&apos; but found &apos;CRLF&apos;. (linebreak-style)]]></failure></testcase>
<testcase time="0" name="org.eslint.linebreak-style" classname="C:\work\dyrectorio\web\crux-ui\src\server\error-middleware"><failure message="Expected linebreaks to be &apos;LF&apos; but found &apos;CRLF&apos;."><![CDATA[line 27, col 55, Error - Expected linebreaks to be &apos;LF&apos; but found &apos;CRLF&apos;. (linebreak-style)]]></failure></testcase>
<testcase time="0" name="org.eslint.linebreak-style" classname="C:\work\dyrectorio\web\crux-ui\src\server\error-middleware"><failure message="Expected linebreaks to be &apos;LF&apos; but found &apos;CRLF&apos;."><![CDATA[line 28, col 11, Error - Expected linebreaks to be &apos;LF&apos; but found &apos;CRLF&apos;. (linebreak-style)]]></failure></testcase>
<testcase time="0" name="org.eslint.linebreak-style" classname="C:\work\dyrectorio\web\crux-ui\src\server\error-middleware"><failure message="Expected linebreaks to be &apos;LF&apos; but found &apos;CRLF&apos;."><![CDATA[line 29, col 4, Error - Expected linebreaks to be &apos;LF&apos; but found &apos;CRLF&apos;. (linebreak-style)]]></failure></testcase>
<testcase time="0" name="org.eslint.semi" classname="C:\work\dyrectorio\web\crux-ui\src\server\error-middleware"><failure message="Missing semicolon."><![CDATA[line 29, col 4, Error - Missing semicolon. (semi)]]></failure></testcase>
<testcase time="0" name="org.eslint.linebreak-style" classname="C:\work\dyrectorio\web\crux-ui\src\server\error-middleware"><failure message="Expected linebreaks to be &apos;LF&apos; but found &apos;CRLF&apos;."><![CDATA[line 30, col 2, Error - Expected linebreaks to be &apos;LF&apos; but found &apos;CRLF&apos;. (linebreak-style)]]></failure></testcase>
<testcase time="0" name="org.eslint.semi" classname="C:\work\dyrectorio\web\crux-ui\src\server\error-middleware"><failure message="Missing semicolon."><![CDATA[line 30, col 2, Error - Missing semicolon. (semi)]]></failure></testcase>
<testcase time="0" name="org.eslint.linebreak-style" classname="C:\work\dyrectorio\web\crux-ui\src\server\error-middleware"><failure message="Expected linebreaks to be &apos;LF&apos; but found &apos;CRLF&apos;."><![CDATA[line 31, col 1, Error - Expected linebreaks to be &apos;LF&apos; but found &apos;CRLF&apos;. (linebreak-style)]]></failure></testcase>
<testcase time="0" name="org.eslint.arrow-body-style" classname="C:\work\dyrectorio\web\crux-ui\src\server\error-middleware"><failure message="Unexpected block statement surrounding arrow body; parenthesize the returned value and move it immediately after the `=&gt;`."><![CDATA[line 32, col 90, Error - Unexpected block statement surrounding arrow body; parenthesize the returned value and move it immediately after the `=&gt;`. (arrow-body-style)]]></failure></testcase>
<testcase time="0" name="org.eslint.linebreak-style" classname="C:\work\dyrectorio\web\crux-ui\src\server\error-middleware"><failure message="Expected linebreaks to be &apos;LF&apos; but found &apos;CRLF&apos;."><![CDATA[line 32, col 91, Error - Expected linebreaks to be &apos;LF&apos; but found &apos;CRLF&apos;. (linebreak-style)]]></failure></testcase>
<testcase time="0" name="org.eslint.linebreak-style" classname="C:\work\dyrectorio\web\crux-ui\src\server\error-middleware"><failure message="Expected linebreaks to be &apos;LF&apos; but found &apos;CRLF&apos;."><![CDATA[line 33, col 11, Error - Expected linebreaks to be &apos;LF&apos; but found &apos;CRLF&apos;. (linebreak-style)]]></failure></testcase>
<testcase time="0" name="org.eslint.linebreak-style" classname="C:\work\dyrectorio\web\crux-ui\src\server\error-middleware"><failure message="Expected linebreaks to be &apos;LF&apos; but found &apos;CRLF&apos;."><![CDATA[line 34, col 17, Error - Expected linebreaks to be &apos;LF&apos; but found &apos;CRLF&apos;. (linebreak-style)]]></failure></testcase>
<testcase time="0" name="org.eslint.linebreak-style" classname="C:\work\dyrectorio\web\crux-ui\src\server\error-middleware"><failure message="Expected linebreaks to be &apos;LF&apos; but found &apos;CRLF&apos;."><![CDATA[line 35, col 31, Error - Expected linebreaks to be &apos;LF&apos; but found &apos;CRLF&apos;. (linebreak-style)]]></failure></testcase>
<testcase time="0" name="org.eslint.linebreak-style" classname="C:\work\dyrectorio\web\crux-ui\src\server\error-middleware"><failure message="Expected linebreaks to be &apos;LF&apos; but found &apos;CRLF&apos;."><![CDATA[line 36, col 14, Error - Expected linebreaks to be &apos;LF&apos; but found &apos;CRLF&apos;. (linebreak-style)]]></failure></testcase>
<testcase time="0" name="org.eslint.linebreak-style" classname="C:\work\dyrectorio\web\crux-ui\src\server\error-middleware"><failure message="Expected linebreaks to be &apos;LF&apos; but found &apos;CRLF&apos;."><![CDATA[line 37, col 55, Error - Expected linebreaks to be &apos;LF&apos; but found &apos;CRLF&apos;. (linebreak-style)]]></failure></testcase>
<testcase time="0" name="org.eslint.linebreak-style" classname="C:\work\dyrectorio\web\crux-ui\src\server\error-middleware"><failure message="Expected linebreaks to be &apos;LF&apos; but found &apos;CRLF&apos;."><![CDATA[line 38, col 4, Error - Expected linebreaks to be &apos;LF&apos; but found &apos;CRLF&apos;. (linebreak-style)]]></failure></testcase>
<testcase time="0" name="org.eslint.semi" classname="C:\work\dyrectorio\web\crux-ui\src\server\error-middleware"><failure message="Missing semicolon."><![CDATA[line 38, col 4, Error - Missing semicolon. (semi)]]></failure></testcase>
<testcase time="0" name="org.eslint.linebreak-style" classname="C:\work\dyrectorio\web\crux-ui\src\server\error-middleware"><failure message="Expected linebreaks to be &apos;LF&apos; but found &apos;CRLF&apos;."><![CDATA[line 39, col 2, Error - Expected linebreaks to be &apos;LF&apos; but found &apos;CRLF&apos;. (linebreak-style)]]></failure></testcase>
<testcase time="0" name="org.eslint.semi" classname="C:\work\dyrectorio\web\crux-ui\src\server\error-middleware"><failure message="Missing semicolon."><![CDATA[line 39, col 2, Error - Missing semicolon. (semi)]]></failure></testcase>
<testcase time="0" name="org.eslint.linebreak-style" classname="C:\work\dyrectorio\web\crux-ui\src\server\error-middleware"><failure message="Expected linebreaks to be &apos;LF&apos; but found &apos;CRLF&apos;."><![CDATA[line 40, col 1, Error - Expected linebreaks to be &apos;LF&apos; but found &apos;CRLF&apos;. (linebreak-style)]]></failure></testcase>
<testcase time="0" name="org.eslint.max-len" classname="C:\work\dyrectorio\web\crux-ui\src\server\error-middleware"><failure message="This line has a length of 103. Maximum allowed is 100."><![CDATA[line 41, col 1, Error - This line has a length of 103. Maximum allowed is 100. (max-len)]]></failure></testcase>
<testcase time="0" name="org.eslint.arrow-body-style" classname="C:\work\dyrectorio\web\crux-ui\src\server\error-middleware"><failure message="Unexpected block statement surrounding arrow body; parenthesize the returned value and move it immediately after the `=&gt;`."><![CDATA[line 41, col 103, Error - Unexpected block statement surrounding arrow body; parenthesize the returned value and move it immediately after the `=&gt;`. (arrow-body-style)]]></failure></testcase>
<testcase time="0" name="org.eslint.linebreak-style" classname="C:\work\dyrectorio\web\crux-ui\src\server\error-middleware"><failure message="Expected linebreaks to be &apos;LF&apos; but found &apos;CRLF&apos;."><![CDATA[line 41, col 104, Error - Expected linebreaks to be &apos;LF&apos; but found &apos;CRLF&apos;. (linebreak-style)]]></failure></testcase>
<testcase time="0" name="org.eslint.linebreak-style" classname="C:\work\dyrectorio\web\crux-ui\src\server\error-middleware"><failure message="Expected linebreaks to be &apos;LF&apos; but found &apos;CRLF&apos;."><![CDATA[line 42, col 11, Error - Expected linebreaks to be &apos;LF&apos; but found &apos;CRLF&apos;. (linebreak-style)]]></failure></testcase>
<testcase time="0" name="org.eslint.linebreak-style" classname="C:\work\dyrectorio\web\crux-ui\src\server\error-middleware"><failure message="Expected linebreaks to be &apos;LF&apos; but found &apos;CRLF&apos;."><![CDATA[line 43, col 17, Error - Expected linebreaks to be &apos;LF&apos; but found &apos;CRLF&apos;. (linebreak-style)]]></failure></testcase>
<testcase time="0" name="org.eslint.linebreak-style" classname="C:\work\dyrectorio\web\crux-ui\src\server\error-middleware"><failure message="Expected linebreaks to be &apos;LF&apos; but found &apos;CRLF&apos;."><![CDATA[line 44, col 23, Error - Expected linebreaks to be &apos;LF&apos; but found &apos;CRLF&apos;. (linebreak-style)]]></failure></testcase>
<testcase time="0" name="org.eslint.linebreak-style" classname="C:\work\dyrectorio\web\crux-ui\src\server\error-middleware"><failure message="Expected linebreaks to be &apos;LF&apos; but found &apos;CRLF&apos;."><![CDATA[line 45, col 14, Error - Expected linebreaks to be &apos;LF&apos; but found &apos;CRLF&apos;. (linebreak-style)]]></failure></testcase>
<testcase time="0" name="org.eslint.linebreak-style" classname="C:\work\dyrectorio\web\crux-ui\src\server\error-middleware"><failure message="Expected linebreaks to be &apos;LF&apos; but found &apos;CRLF&apos;."><![CDATA[line 46, col 11, Error - Expected linebreaks to be &apos;LF&apos; but found &apos;CRLF&apos;. (linebreak-style)]]></failure></testcase>
<testcase time="0" name="org.eslint.linebreak-style" classname="C:\work\dyrectorio\web\crux-ui\src\server\error-middleware"><failure message="Expected linebreaks to be &apos;LF&apos; but found &apos;CRLF&apos;."><![CDATA[line 47, col 71, Error - Expected linebreaks to be &apos;LF&apos; but found &apos;CRLF&apos;. (linebreak-style)]]></failure></testcase>
<testcase time="0" name="org.eslint.linebreak-style" classname="C:\work\dyrectorio\web\crux-ui\src\server\error-middleware"><failure message="Expected linebreaks to be &apos;LF&apos; but found &apos;CRLF&apos;."><![CDATA[line 48, col 4, Error - Expected linebreaks to be &apos;LF&apos; but found &apos;CRLF&apos;. (linebreak-style)]]></failure></testcase>
<testcase time="0" name="org.eslint.semi" classname="C:\work\dyrectorio\web\crux-ui\src\server\error-middleware"><failure message="Missing semicolon."><![CDATA[line 48, col 4, Error - Missing semicolon. (semi)]]></failure></testcase>
<testcase time="0" name="org.eslint.linebreak-style" classname="C:\work\dyrectorio\web\crux-ui\src\server\error-middleware"><failure message="Expected linebreaks to be &apos;LF&apos; but found &apos;CRLF&apos;."><![CDATA[line 49, col 2, Error - Expected linebreaks to be &apos;LF&apos; but found &apos;CRLF&apos;. (linebreak-style)]]></failure></testcase>
<testcase time="0" name="org.eslint.semi" classname="C:\work\dyrectorio\web\crux-ui\src\server\error-middleware"><failure message="Missing semicolon."><![CDATA[line 49, col 2, Error - Missing semicolon. (semi)]]></failure></testcase>
<testcase time="0" name="org.eslint.linebreak-style" classname="C:\work\dyrectorio\web\crux-ui\src\server\error-middleware"><failure message="Expected linebreaks to be &apos;LF&apos; but found &apos;CRLF&apos;."><![CDATA[line 50, col 1, Error - Expected linebreaks to be &apos;LF&apos; but found &apos;CRLF&apos;. (linebreak-style)]]></failure></testcase>
<testcase time="0" name="org.eslint.max-len" classname="C:\work\dyrectorio\web\crux-ui\src\server\error-middleware"><failure message="This line has a length of 108. Maximum allowed is 100."><![CDATA[line 51, col 1, Error - This line has a length of 108. Maximum allowed is 100. (max-len)]]></failure></testcase>
<testcase time="0" name="org.eslint.arrow-body-style" classname="C:\work\dyrectorio\web\crux-ui\src\server\error-middleware"><failure message="Unexpected block statement surrounding arrow body; parenthesize the returned value and move it immediately after the `=&gt;`."><![CDATA[line 51, col 108, Error - Unexpected block statement surrounding arrow body; parenthesize the returned value and move it immediately after the `=&gt;`. (arrow-body-style)]]></failure></testcase>
<testcase time="0" name="org.eslint.linebreak-style" classname="C:\work\dyrectorio\web\crux-ui\src\server\error-middleware"><failure message="Expected linebreaks to be &apos;LF&apos; but found &apos;CRLF&apos;."><![CDATA[line 51, col 109, Error - Expected linebreaks to be &apos;LF&apos; but found &apos;CRLF&apos;. (linebreak-style)]]></failure></testcase>
<testcase time="0" name="org.eslint.linebreak-style" classname="C:\work\dyrectorio\web\crux-ui\src\server\error-middleware"><failure message="Expected linebreaks to be &apos;LF&apos; but found &apos;CRLF&apos;."><![CDATA[line 52, col 11, Error - Expected linebreaks to be &apos;LF&apos; but found &apos;CRLF&apos;. (linebreak-style)]]></failure></testcase>
<testcase time="0" name="org.eslint.linebreak-style" classname="C:\work\dyrectorio\web\crux-ui\src\server\error-middleware"><failure message="Expected linebreaks to be &apos;LF&apos; but found &apos;CRLF&apos;."><![CDATA[line 53, col 17, Error - Expected linebreaks to be &apos;LF&apos; but found &apos;CRLF&apos;. (linebreak-style)]]></failure></testcase>
<testcase time="0" name="org.eslint.linebreak-style" classname="C:\work\dyrectorio\web\crux-ui\src\server\error-middleware"><failure message="Expected linebreaks to be &apos;LF&apos; but found &apos;CRLF&apos;."><![CDATA[line 54, col 28, Error - Expected linebreaks to be &apos;LF&apos; but found &apos;CRLF&apos;. (linebreak-style)]]></failure></testcase>
<testcase time="0" name="org.eslint.linebreak-style" classname="C:\work\dyrectorio\web\crux-ui\src\server\error-middleware"><failure message="Expected linebreaks to be &apos;LF&apos; but found &apos;CRLF&apos;."><![CDATA[line 55, col 14, Error - Expected linebreaks to be &apos;LF&apos; but found &apos;CRLF&apos;. (linebreak-style)]]></failure></testcase>
<testcase time="0" name="org.eslint.linebreak-style" classname="C:\work\dyrectorio\web\crux-ui\src\server\error-middleware"><failure message="Expected linebreaks to be &apos;LF&apos; but found &apos;CRLF&apos;."><![CDATA[line 56, col 11, Error - Expected linebreaks to be &apos;LF&apos; but found &apos;CRLF&apos;. (linebreak-style)]]></failure></testcase>
<testcase time="0" name="org.eslint.linebreak-style" classname="C:\work\dyrectorio\web\crux-ui\src\server\error-middleware"><failure message="Expected linebreaks to be &apos;LF&apos; but found &apos;CRLF&apos;."><![CDATA[line 57, col 76, Error - Expected linebreaks to be &apos;LF&apos; but found &apos;CRLF&apos;. (linebreak-style)]]></failure></testcase>
<testcase time="0" name="org.eslint.linebreak-style" classname="C:\work\dyrectorio\web\crux-ui\src\server\error-middleware"><failure message="Expected linebreaks to be &apos;LF&apos; but found &apos;CRLF&apos;."><![CDATA[line 58, col 4, Error - Expected linebreaks to be &apos;LF&apos; but found &apos;CRLF&apos;. (linebreak-style)]]></failure></testcase>
<testcase time="0" name="org.eslint.semi" classname="C:\work\dyrectorio\web\crux-ui\src\server\error-middleware"><failure message="Missing semicolon."><![CDATA[line 58, col 4, Error - Missing semicolon. (semi)]]></failure></testcase>
<testcase time="0" name="org.eslint.linebreak-style" classname="C:\work\dyrectorio\web\crux-ui\src\server\error-middleware"><failure message="Expected linebreaks to be &apos;LF&apos; but found &apos;CRLF&apos;."><![CDATA[line 59, col 2, Error - Expected linebreaks to be &apos;LF&apos; but found &apos;CRLF&apos;. (linebreak-style)]]></failure></testcase>
<testcase time="0" name="org.eslint.semi" classname="C:\work\dyrectorio\web\crux-ui\src\server\error-middleware"><failure message="Missing semicolon."><![CDATA[line 59, col 2, Error - Missing semicolon. (semi)]]></failure></testcase>
<testcase time="0" name="org.eslint.linebreak-style" classname="C:\work\dyrectorio\web\crux-ui\src\server\error-middleware"><failure message="Expected linebreaks to be &apos;LF&apos; but found &apos;CRLF&apos;."><![CDATA[line 60, col 1, Error - Expected linebreaks to be &apos;LF&apos; but found &apos;CRLF&apos;. (linebreak-style)]]></failure></testcase>
<testcase time="0" name="org.eslint.max-len" classname="C:\work\dyrectorio\web\crux-ui\src\server\error-middleware"><failure message="This line has a length of 113. Maximum allowed is 100."><![CDATA[line 61, col 1, Error - This line has a length of 113. Maximum allowed is 100. (max-len)]]></failure></testcase>
<testcase time="0" name="org.eslint.arrow-body-style" classname="C:\work\dyrectorio\web\crux-ui\src\server\error-middleware"><failure message="Unexpected block statement surrounding arrow body; parenthesize the returned value and move it immediately after the `=&gt;`."><![CDATA[line 61, col 113, Error - Unexpected block statement surrounding arrow body; parenthesize the returned value and move it immediately after the `=&gt;`. (arrow-body-style)]]></failure></testcase>
<testcase time="0" name="org.eslint.linebreak-style" classname="C:\work\dyrectorio\web\crux-ui\src\server\error-middleware"><failure message="Expected linebreaks to be &apos;LF&apos; but found &apos;CRLF&apos;."><![CDATA[line 61, col 114, Error - Expected linebreaks to be &apos;LF&apos; but found &apos;CRLF&apos;. (linebreak-style)]]></failure></testcase>
<testcase time="0" name="org.eslint.linebreak-style" classname="C:\work\dyrectorio\web\crux-ui\src\server\error-middleware"><failure message="Expected linebreaks to be &apos;LF&apos; but found &apos;CRLF&apos;."><![CDATA[line 62, col 11, Error - Expected linebreaks to be &apos;LF&apos; but found &apos;CRLF&apos;. (linebreak-style)]]></failure></testcase>
<testcase time="0" name="org.eslint.linebreak-style" classname="C:\work\dyrectorio\web\crux-ui\src\server\error-middleware"><failure message="Expected linebreaks to be &apos;LF&apos; but found &apos;CRLF&apos;."><![CDATA[line 63, col 17, Error - Expected linebreaks to be &apos;LF&apos; but found &apos;CRLF&apos;. (linebreak-style)]]></failure></testcase>
<testcase time="0" name="org.eslint.linebreak-style" classname="C:\work\dyrectorio\web\crux-ui\src\server\error-middleware"><failure message="Expected linebreaks to be &apos;LF&apos; but found &apos;CRLF&apos;."><![CDATA[line 64, col 33, Error - Expected linebreaks to be &apos;LF&apos; but found &apos;CRLF&apos;. (linebreak-style)]]></failure></testcase>
<testcase time="0" name="org.eslint.linebreak-style" classname="C:\work\dyrectorio\web\crux-ui\src\server\error-middleware"><failure message="Expected linebreaks to be &apos;LF&apos; but found &apos;CRLF&apos;."><![CDATA[line 65, col 14, Error - Expected linebreaks to be &apos;LF&apos; but found &apos;CRLF&apos;. (linebreak-style)]]></failure></testcase>
<testcase time="0" name="org.eslint.linebreak-style" classname="C:\work\dyrectorio\web\crux-ui\src\server\error-middleware"><failure message="Expected linebreaks to be &apos;LF&apos; but found &apos;CRLF&apos;."><![CDATA[line 66, col 11, Error - Expected linebreaks to be &apos;LF&apos; but found &apos;CRLF&apos;. (linebreak-style)]]></failure></testcase>
<testcase time="0" name="org.eslint.linebreak-style" classname="C:\work\dyrectorio\web\crux-ui\src\server\error-middleware"><failure message="Expected linebreaks to be &apos;LF&apos; but found &apos;CRLF&apos;."><![CDATA[line 67, col 72, Error - Expected linebreaks to be &apos;LF&apos; but found &apos;CRLF&apos;. (linebreak-style)]]></failure></testcase>
<testcase time="0" name="org.eslint.linebreak-style" classname="C:\work\dyrectorio\web\crux-ui\src\server\error-middleware"><failure message="Expected linebreaks to be &apos;LF&apos; but found &apos;CRLF&apos;."><![CDATA[line 68, col 4, Error - Expected linebreaks to be &apos;LF&apos; but found &apos;CRLF&apos;. (linebreak-style)]]></failure></testcase>
<testcase time="0" name="org.eslint.semi" classname="C:\work\dyrectorio\web\crux-ui\src\server\error-middleware"><failure message="Missing semicolon."><![CDATA[line 68, col 4, Error - Missing semicolon. (semi)]]></failure></testcase>
<testcase time="0" name="org.eslint.linebreak-style" classname="C:\work\dyrectorio\web\crux-ui\src\server\error-middleware"><failure message="Expected linebreaks to be &apos;LF&apos; but found &apos;CRLF&apos;."><![CDATA[line 69, col 2, Error - Expected linebreaks to be &apos;LF&apos; but found &apos;CRLF&apos;. (linebreak-style)]]></failure></testcase>
<testcase time="0" name="org.eslint.semi" classname="C:\work\dyrectorio\web\crux-ui\src\server\error-middleware"><failure message="Missing semicolon."><![CDATA[line 69, col 2, Error - Missing semicolon. (semi)]]></failure></testcase>
<testcase time="0" name="org.eslint.linebreak-style" classname="C:\work\dyrectorio\web\crux-ui\src\server\error-middleware"><failure message="Expected linebreaks to be &apos;LF&apos; but found &apos;CRLF&apos;."><![CDATA[line 70, col 1, Error - Expected linebreaks to be &apos;LF&apos; but found &apos;CRLF&apos;. (linebreak-style)]]></failure></testcase>
<testcase time="0" name="org.eslint.arrow-body-style" classname="C:\work\dyrectorio\web\crux-ui\src\server\error-middleware"><failure message="Unexpected block statement surrounding arrow body; parenthesize the returned value and move it immediately after the `=&gt;`."><![CDATA[line 71, col 89, Error - Unexpected block statement surrounding arrow body; parenthesize the returned value and move it immediately after the `=&gt;`. (arrow-body-style)]]></failure></testcase>
<testcase time="0" name="org.eslint.linebreak-style" classname="C:\work\dyrectorio\web\crux-ui\src\server\error-middleware"><failure message="Expected linebreaks to be &apos;LF&apos; but found &apos;CRLF&apos;."><![CDATA[line 71, col 90, Error - Expected linebreaks to be &apos;LF&apos; but found &apos;CRLF&apos;. (linebreak-style)]]></failure></testcase>
<testcase time="0" name="org.eslint.linebreak-style" classname="C:\work\dyrectorio\web\crux-ui\src\server\error-middleware"><failure message="Expected linebreaks to be &apos;LF&apos; but found &apos;CRLF&apos;."><![CDATA[line 72, col 11, Error - Expected linebreaks to be &apos;LF&apos; but found &apos;CRLF&apos;. (linebreak-style)]]></failure></testcase>
<testcase time="0" name="org.eslint.linebreak-style" classname="C:\work\dyrectorio\web\crux-ui\src\server\error-middleware"><failure message="Expected linebreaks to be &apos;LF&apos; but found &apos;CRLF&apos;."><![CDATA[line 73, col 17, Error - Expected linebreaks to be &apos;LF&apos; but found &apos;CRLF&apos;. (linebreak-style)]]></failure></testcase>
<testcase time="0" name="org.eslint.linebreak-style" classname="C:\work\dyrectorio\web\crux-ui\src\server\error-middleware"><failure message="Expected linebreaks to be &apos;LF&apos; but found &apos;CRLF&apos;."><![CDATA[line 74, col 27, Error - Expected linebreaks to be &apos;LF&apos; but found &apos;CRLF&apos;. (linebreak-style)]]></failure></testcase>
<testcase time="0" name="org.eslint.linebreak-style" classname="C:\work\dyrectorio\web\crux-ui\src\server\error-middleware"><failure message="Expected linebreaks to be &apos;LF&apos; but found &apos;CRLF&apos;."><![CDATA[line 75, col 17, Error - Expected linebreaks to be &apos;LF&apos; but found &apos;CRLF&apos;. (linebreak-style)]]></failure></testcase>
<testcase time="0" name="org.eslint.linebreak-style" classname="C:\work\dyrectorio\web\crux-ui\src\server\error-middleware"><failure message="Expected linebreaks to be &apos;LF&apos; but found &apos;CRLF&apos;."><![CDATA[line 76, col 4, Error - Expected linebreaks to be &apos;LF&apos; but found &apos;CRLF&apos;. (linebreak-style)]]></failure></testcase>
<testcase time="0" name="org.eslint.semi" classname="C:\work\dyrectorio\web\crux-ui\src\server\error-middleware"><failure message="Missing semicolon."><![CDATA[line 76, col 4, Error - Missing semicolon. (semi)]]></failure></testcase>
<testcase time="0" name="org.eslint.linebreak-style" classname="C:\work\dyrectorio\web\crux-ui\src\server\error-middleware"><failure message="Expected linebreaks to be &apos;LF&apos; but found &apos;CRLF&apos;."><![CDATA[line 77, col 2, Error - Expected linebreaks to be &apos;LF&apos; but found &apos;CRLF&apos;. (linebreak-style)]]></failure></testcase>
<testcase time="0" name="org.eslint.semi" classname="C:\work\dyrectorio\web\crux-ui\src\server\error-middleware"><failure message="Missing semicolon."><![CDATA[line 77, col 2, Error - Missing semicolon. (semi)]]></failure></testcase>
<testcase time="0" name="org.eslint.linebreak-style" classname="C:\work\dyrectorio\web\crux-ui\src\server\error-middleware"><failure message="Expected linebreaks to be &apos;LF&apos; but found &apos;CRLF&apos;."><![CDATA[line 78, col 1, Error - Expected linebreaks to be &apos;LF&apos; but found &apos;CRLF&apos;. (linebreak-style)]]></failure></testcase>
<testcase time="0" name="org.eslint.arrow-body-style" classname="C:\work\dyrectorio\web\crux-ui\src\server\error-middleware"><failure message="Unexpected block statement surrounding arrow body; parenthesize the returned value and move it immediately after the `=&gt;`."><![CDATA[line 79, col 83, Error - Unexpected block statement surrounding arrow body; parenthesize the returned value and move it immediately after the `=&gt;`. (arrow-body-style)]]></failure></testcase>
<testcase time="0" name="org.eslint.linebreak-style" classname="C:\work\dyrectorio\web\crux-ui\src\server\error-middleware"><failure message="Expected linebreaks to be &apos;LF&apos; but found &apos;CRLF&apos;."><![CDATA[line 79, col 84, Error - Expected linebreaks to be &apos;LF&apos; but found &apos;CRLF&apos;. (linebreak-style)]]></failure></testcase>
<testcase time="0" name="org.eslint.linebreak-style" classname="C:\work\dyrectorio\web\crux-ui\src\server\error-middleware"><failure message="Expected linebreaks to be &apos;LF&apos; but found &apos;CRLF&apos;."><![CDATA[line 80, col 11, Error - Expected linebreaks to be &apos;LF&apos; but found &apos;CRLF&apos;. (linebreak-style)]]></failure></testcase>
<testcase time="0" name="org.eslint.linebreak-style" classname="C:\work\dyrectorio\web\crux-ui\src\server\error-middleware"><failure message="Expected linebreaks to be &apos;LF&apos; but found &apos;CRLF&apos;."><![CDATA[line 81, col 17, Error - Expected linebreaks to be &apos;LF&apos; but found &apos;CRLF&apos;. (linebreak-style)]]></failure></testcase>
<testcase time="0" name="org.eslint.linebreak-style" classname="C:\work\dyrectorio\web\crux-ui\src\server\error-middleware"><failure message="Expected linebreaks to be &apos;LF&apos; but found &apos;CRLF&apos;."><![CDATA[line 82, col 24, Error - Expected linebreaks to be &apos;LF&apos; but found &apos;CRLF&apos;. (linebreak-style)]]></failure></testcase>
<testcase time="0" name="org.eslint.linebreak-style" classname="C:\work\dyrectorio\web\crux-ui\src\server\error-middleware"><failure message="Expected linebreaks to be &apos;LF&apos; but found &apos;CRLF&apos;."><![CDATA[line 83, col 17, Error - Expected linebreaks to be &apos;LF&apos; but found &apos;CRLF&apos;. (linebreak-style)]]></failure></testcase>
<testcase time="0" name="org.eslint.linebreak-style" classname="C:\work\dyrectorio\web\crux-ui\src\server\error-middleware"><failure message="Expected linebreaks to be &apos;LF&apos; but found &apos;CRLF&apos;."><![CDATA[line 84, col 4, Error - Expected linebreaks to be &apos;LF&apos; but found &apos;CRLF&apos;. (linebreak-style)]]></failure></testcase>
<testcase time="0" name="org.eslint.semi" classname="C:\work\dyrectorio\web\crux-ui\src\server\error-middleware"><failure message="Missing semicolon."><![CDATA[line 84, col 4, Error - Missing semicolon. (semi)]]></failure></testcase>
<testcase time="0" name="org.eslint.linebreak-style" classname="C:\work\dyrectorio\web\crux-ui\src\server\error-middleware"><failure message="Expected linebreaks to be &apos;LF&apos; but found &apos;CRLF&apos;."><![CDATA[line 85, col 2, Error - Expected linebreaks to be &apos;LF&apos; but found &apos;CRLF&apos;. (linebreak-style)]]></failure></testcase>
<testcase time="0" name="org.eslint.semi" classname="C:\work\dyrectorio\web\crux-ui\src\server\error-middleware"><failure message="Missing semicolon."><![CDATA[line 85, col 2, Error - Missing semicolon. (semi)]]></failure></testcase>
<testcase time="0" name="org.eslint.linebreak-style" classname="C:\work\dyrectorio\web\crux-ui\src\server\error-middleware"><failure message="Expected linebreaks to be &apos;LF&apos; but found &apos;CRLF&apos;."><![CDATA[line 86, col 1, Error - Expected linebreaks to be &apos;LF&apos; but found &apos;CRLF&apos;. (linebreak-style)]]></failure></testcase>
<testcase time="0" name="org.eslint.arrow-body-style" classname="C:\work\dyrectorio\web\crux-ui\src\server\error-middleware"><failure message="Unexpected block statement surrounding arrow body; parenthesize the returned value and move it immediately after the `=&gt;`."><![CDATA[line 87, col 68, Error - Unexpected block statement surrounding arrow body; parenthesize the returned value and move it immediately after the `=&gt;`. (arrow-body-style)]]></failure></testcase>
<testcase time="0" name="org.eslint.linebreak-style" classname="C:\work\dyrectorio\web\crux-ui\src\server\error-middleware"><failure message="Expected linebreaks to be &apos;LF&apos; but found &apos;CRLF&apos;."><![CDATA[line 87, col 69, Error - Expected linebreaks to be &apos;LF&apos; but found &apos;CRLF&apos;. (linebreak-style)]]></failure></testcase>
<testcase time="0" name="org.eslint.linebreak-style" classname="C:\work\dyrectorio\web\crux-ui\src\server\error-middleware"><failure message="Expected linebreaks to be &apos;LF&apos; but found &apos;CRLF&apos;."><![CDATA[line 88, col 11, Error - Expected linebreaks to be &apos;LF&apos; but found &apos;CRLF&apos;. (linebreak-style)]]></failure></testcase>
<testcase time="0" name="org.eslint.linebreak-style" classname="C:\work\dyrectorio\web\crux-ui\src\server\error-middleware"><failure message="Expected linebreaks to be &apos;LF&apos; but found &apos;CRLF&apos;."><![CDATA[line 89, col 17, Error - Expected linebreaks to be &apos;LF&apos; but found &apos;CRLF&apos;. (linebreak-style)]]></failure></testcase>
<testcase time="0" name="org.eslint.linebreak-style" classname="C:\work\dyrectorio\web\crux-ui\src\server\error-middleware"><failure message="Expected linebreaks to be &apos;LF&apos; but found &apos;CRLF&apos;."><![CDATA[line 90, col 28, Error - Expected linebreaks to be &apos;LF&apos; but found &apos;CRLF&apos;. (linebreak-style)]]></failure></testcase>
<testcase time="0" name="org.eslint.linebreak-style" classname="C:\work\dyrectorio\web\crux-ui\src\server\error-middleware"><failure message="Expected linebreaks to be &apos;LF&apos; but found &apos;CRLF&apos;."><![CDATA[line 91, col 17, Error - Expected linebreaks to be &apos;LF&apos; but found &apos;CRLF&apos;. (linebreak-style)]]></failure></testcase>
<testcase time="0" name="org.eslint.linebreak-style" classname="C:\work\dyrectorio\web\crux-ui\src\server\error-middleware"><failure message="Expected linebreaks to be &apos;LF&apos; but found &apos;CRLF&apos;."><![CDATA[line 92, col 4, Error - Expected linebreaks to be &apos;LF&apos; but found &apos;CRLF&apos;. (linebreak-style)]]></failure></testcase>
<testcase time="0" name="org.eslint.semi" classname="C:\work\dyrectorio\web\crux-ui\src\server\error-middleware"><failure message="Missing semicolon."><![CDATA[line 92, col 4, Error - Missing semicolon. (semi)]]></failure></testcase>
<testcase time="0" name="org.eslint.linebreak-style" classname="C:\work\dyrectorio\web\crux-ui\src\server\error-middleware"><failure message="Expected linebreaks to be &apos;LF&apos; but found &apos;CRLF&apos;."><![CDATA[line 93, col 2, Error - Expected linebreaks to be &apos;LF&apos; but found &apos;CRLF&apos;. (linebreak-style)]]></failure></testcase>
<testcase time="0" name="org.eslint.semi" classname="C:\work\dyrectorio\web\crux-ui\src\server\error-middleware"><failure message="Missing semicolon."><![CDATA[line 93, col 2, Error - Missing semicolon. (semi)]]></failure></testcase>
<testcase time="0" name="org.eslint.linebreak-style" classname="C:\work\dyrectorio\web\crux-ui\src\server\error-middleware"><failure message="Expected linebreaks to be &apos;LF&apos; but found &apos;CRLF&apos;."><![CDATA[line 94, col 1, Error - Expected linebreaks to be &apos;LF&apos; but found &apos;CRLF&apos;. (linebreak-style)]]></failure></testcase>
<testcase time="0" name="org.eslint.arrow-body-style" classname="C:\work\dyrectorio\web\crux-ui\src\server\error-middleware"><failure message="Unexpected block statement surrounding arrow body; parenthesize the returned value and move it immediately after the `=&gt;`."><![CDATA[line 95, col 100, Error - Unexpected block statement surrounding arrow body; parenthesize the returned value and move it immediately after the `=&gt;`. (arrow-body-style)]]></failure></testcase>
<testcase time="0" name="org.eslint.linebreak-style" classname="C:\work\dyrectorio\web\crux-ui\src\server\error-middleware"><failure message="Expected linebreaks to be &apos;LF&apos; but found &apos;CRLF&apos;."><![CDATA[line 95, col 101, Error - Expected linebreaks to be &apos;LF&apos; but found &apos;CRLF&apos;. (linebreak-style)]]></failure></testcase>
<testcase time="0" name="org.eslint.linebreak-style" classname="C:\work\dyrectorio\web\crux-ui\src\server\error-middleware"><failure message="Expected linebreaks to be &apos;LF&apos; but found &apos;CRLF&apos;."><![CDATA[line 96, col 11, Error - Expected linebreaks to be &apos;LF&apos; but found &apos;CRLF&apos;. (linebreak-style)]]></failure></testcase>
<testcase time="0" name="org.eslint.linebreak-style" classname="C:\work\dyrectorio\web\crux-ui\src\server\error-middleware"><failure message="Expected linebreaks to be &apos;LF&apos; but found &apos;CRLF&apos;."><![CDATA[line 97, col 17, Error - Expected linebreaks to be &apos;LF&apos; but found &apos;CRLF&apos;. (linebreak-style)]]></failure></testcase>
<testcase time="0" name="org.eslint.linebreak-style" classname="C:\work\dyrectorio\web\crux-ui\src\server\error-middleware"><failure message="Expected linebreaks to be &apos;LF&apos; but found &apos;CRLF&apos;."><![CDATA[line 98, col 11, Error - Expected linebreaks to be &apos;LF&apos; but found &apos;CRLF&apos;. (linebreak-style)]]></failure></testcase>
<testcase time="0" name="org.eslint.linebreak-style" classname="C:\work\dyrectorio\web\crux-ui\src\server\error-middleware"><failure message="Expected linebreaks to be &apos;LF&apos; but found &apos;CRLF&apos;."><![CDATA[line 99, col 17, Error - Expected linebreaks to be &apos;LF&apos; but found &apos;CRLF&apos;. (linebreak-style)]]></failure></testcase>
<testcase time="0" name="org.eslint.linebreak-style" classname="C:\work\dyrectorio\web\crux-ui\src\server\error-middleware"><failure message="Expected linebreaks to be &apos;LF&apos; but found &apos;CRLF&apos;."><![CDATA[line 100, col 4, Error - Expected linebreaks to be &apos;LF&apos; but found &apos;CRLF&apos;. (linebreak-style)]]></failure></testcase>
<testcase time="0" name="org.eslint.semi" classname="C:\work\dyrectorio\web\crux-ui\src\server\error-middleware"><failure message="Missing semicolon."><![CDATA[line 100, col 4, Error - Missing semicolon. (semi)]]></failure></testcase>
<testcase time="0" name="org.eslint.linebreak-style" classname="C:\work\dyrectorio\web\crux-ui\src\server\error-middleware"><failure message="Expected linebreaks to be &apos;LF&apos; but found &apos;CRLF&apos;."><![CDATA[line 101, col 2, Error - Expected linebreaks to be &apos;LF&apos; but found &apos;CRLF&apos;. (linebreak-style)]]></failure></testcase>
<testcase time="0" name="org.eslint.semi" classname="C:\work\dyrectorio\web\crux-ui\src\server\error-middleware"><failure message="Missing semicolon."><![CDATA[line 101, col 2, Error - Missing semicolon. (semi)]]></failure></testcase>
<testcase time="0" name="org.eslint.linebreak-style" classname="C:\work\dyrectorio\web\crux-ui\src\server\error-middleware"><failure message="Expected linebreaks to be &apos;LF&apos; but found &apos;CRLF&apos;."><![CDATA[line 102, col 1, Error - Expected linebreaks to be &apos;LF&apos; but found &apos;CRLF&apos;. (linebreak-style)]]></failure></testcase>
<testcase time="0" name="org.eslint.linebreak-style" classname="C:\work\dyrectorio\web\crux-ui\src\server\error-middleware"><failure message="Expected linebreaks to be &apos;LF&apos; but found &apos;CRLF&apos;."><![CDATA[line 103, col 72, Error - Expected linebreaks to be &apos;LF&apos; but found &apos;CRLF&apos;. (linebreak-style)]]></failure></testcase>
<testcase time="0" name="org.eslint.prefer-destructuring" classname="C:\work\dyrectorio\web\crux-ui\src\server\error-middleware"><failure message="Use object destructuring."><![CDATA[line 104, col 7, Error - Use object destructuring. (prefer-destructuring)]]></failure></testcase>
<testcase time="0" name="org.eslint.linebreak-style" classname="C:\work\dyrectorio\web\crux-ui\src\server\error-middleware"><failure message="Expected linebreaks to be &apos;LF&apos; but found &apos;CRLF&apos;."><![CDATA[line 104, col 30, Error - Expected linebreaks to be &apos;LF&apos; but found &apos;CRLF&apos;. (linebreak-style)]]></failure></testcase>
<testcase time="0" name="org.eslint.semi" classname="C:\work\dyrectorio\web\crux-ui\src\server\error-middleware"><failure message="Missing semicolon."><![CDATA[line 104, col 30, Error - Missing semicolon. (semi)]]></failure></testcase>
<testcase time="0" name="org.eslint.no-undef-init" classname="C:\work\dyrectorio\web\crux-ui\src\server\error-middleware"><failure message="It&apos;s not necessary to initialize &apos;details&apos; to undefined."><![CDATA[line 105, col 7, Error - It&apos;s not necessary to initialize &apos;details&apos; to undefined. (no-undef-init)]]></failure></testcase>
<testcase time="0" name="org.eslint.linebreak-style" classname="C:\work\dyrectorio\web\crux-ui\src\server\error-middleware"><failure message="Expected linebreaks to be &apos;LF&apos; but found &apos;CRLF&apos;."><![CDATA[line 105, col 26, Error - Expected linebreaks to be &apos;LF&apos; but found &apos;CRLF&apos;. (linebreak-style)]]></failure></testcase>
<testcase time="0" name="org.eslint.semi" classname="C:\work\dyrectorio\web\crux-ui\src\server\error-middleware"><failure message="Missing semicolon."><![CDATA[line 105, col 26, Error - Missing semicolon. (semi)]]></failure></testcase>
<testcase time="0" name="org.eslint.linebreak-style" classname="C:\work\dyrectorio\web\crux-ui\src\server\error-middleware"><failure message="Expected linebreaks to be &apos;LF&apos; but found &apos;CRLF&apos;."><![CDATA[line 106, col 1, Error - Expected linebreaks to be &apos;LF&apos; but found &apos;CRLF&apos;. (linebreak-style)]]></failure></testcase>
<testcase time="0" name="org.eslint.linebreak-style" classname="C:\work\dyrectorio\web\crux-ui\src\server\error-middleware"><failure message="Expected linebreaks to be &apos;LF&apos; but found &apos;CRLF&apos;."><![CDATA[line 107, col 8, Error - Expected linebreaks to be &apos;LF&apos; but found &apos;CRLF&apos;. (linebreak-style)]]></failure></testcase>
<testcase time="0" name="org.eslint.linebreak-style" classname="C:\work\dyrectorio\web\crux-ui\src\server\error-middleware"><failure message="Expected linebreaks to be &apos;LF&apos; but found &apos;CRLF&apos;."><![CDATA[line 108, col 43, Error - Expected linebreaks to be &apos;LF&apos; but found &apos;CRLF&apos;. (linebreak-style)]]></failure></testcase>
<testcase time="0" name="org.eslint.semi" classname="C:\work\dyrectorio\web\crux-ui\src\server\error-middleware"><failure message="Missing semicolon."><![CDATA[line 108, col 43, Error - Missing semicolon. (semi)]]></failure></testcase>
<testcase time="0" name="org.eslint.linebreak-style" classname="C:\work\dyrectorio\web\crux-ui\src\server\error-middleware"><failure message="Expected linebreaks to be &apos;LF&apos; but found &apos;CRLF&apos;."><![CDATA[line 109, col 27, Error - Expected linebreaks to be &apos;LF&apos; but found &apos;CRLF&apos;. (linebreak-style)]]></failure></testcase>
<testcase time="0" name="org.eslint.semi" classname="C:\work\dyrectorio\web\crux-ui\src\server\error-middleware"><failure message="Missing semicolon."><![CDATA[line 109, col 27, Error - Missing semicolon. (semi)]]></failure></testcase>
<testcase time="0" name="org.eslint.linebreak-style" classname="C:\work\dyrectorio\web\crux-ui\src\server\error-middleware"><failure message="Expected linebreaks to be &apos;LF&apos; but found &apos;CRLF&apos;."><![CDATA[line 110, col 27, Error - Expected linebreaks to be &apos;LF&apos; but found &apos;CRLF&apos;. (linebreak-style)]]></failure></testcase>
<testcase time="0" name="org.eslint.semi" classname="C:\work\dyrectorio\web\crux-ui\src\server\error-middleware"><failure message="Missing semicolon."><![CDATA[line 110, col 27, Error - Missing semicolon. (semi)]]></failure></testcase>
<testcase time="0" name="org.eslint.linebreak-style" classname="C:\work\dyrectorio\web\crux-ui\src\server\error-middleware"><failure message="Expected linebreaks to be &apos;LF&apos; but found &apos;CRLF&apos;."><![CDATA[line 111, col 12, Error - Expected linebreaks to be &apos;LF&apos; but found &apos;CRLF&apos;. (linebreak-style)]]></failure></testcase>
<testcase time="0" name="org.eslint.linebreak-style" classname="C:\work\dyrectorio\web\crux-ui\src\server\error-middleware"><failure message="Expected linebreaks to be &apos;LF&apos; but found &apos;CRLF&apos;."><![CDATA[line 112, col 32, Error - Expected linebreaks to be &apos;LF&apos; but found &apos;CRLF&apos;. (linebreak-style)]]></failure></testcase>
<testcase time="0" name="org.eslint.linebreak-style" classname="C:\work\dyrectorio\web\crux-ui\src\server\error-middleware"><failure message="Expected linebreaks to be &apos;LF&apos; but found &apos;CRLF&apos;."><![CDATA[line 114, col 1, Error - Expected linebreaks to be &apos;LF&apos; but found &apos;CRLF&apos;. (linebreak-style)]]></failure></testcase>
<testcase time="0" name="org.eslint.linebreak-style" classname="C:\work\dyrectorio\web\crux-ui\src\server\error-middleware"><failure message="Expected linebreaks to be &apos;LF&apos; but found &apos;CRLF&apos;."><![CDATA[line 115, col 11, Error - Expected linebreaks to be &apos;LF&apos; but found &apos;CRLF&apos;. (linebreak-style)]]></failure></testcase>
<testcase time="0" name="org.eslint.linebreak-style" classname="C:\work\dyrectorio\web\crux-ui\src\server\error-middleware"><failure message="Expected linebreaks to be &apos;LF&apos; but found &apos;CRLF&apos;."><![CDATA[line 116, col 24, Error - Expected linebreaks to be &apos;LF&apos; but found &apos;CRLF&apos;. (linebreak-style)]]></failure></testcase>
<testcase time="0" name="org.eslint.linebreak-style" classname="C:\work\dyrectorio\web\crux-ui\src\server\error-middleware"><failure message="Expected linebreaks to be &apos;LF&apos; but found &apos;CRLF&apos;."><![CDATA[line 117, col 13, Error - Expected linebreaks to be &apos;LF&apos; but found &apos;CRLF&apos;. (linebreak-style)]]></failure></testcase>
<testcase time="0" name="org.eslint.linebreak-style" classname="C:\work\dyrectorio\web\crux-ui\src\server\error-middleware"><failure message="Expected linebreaks to be &apos;LF&apos; but found &apos;CRLF&apos;."><![CDATA[line 118, col 16, Error - Expected linebreaks to be &apos;LF&apos; but found &apos;CRLF&apos;. (linebreak-style)]]></failure></testcase>
<testcase time="0" name="org.eslint.linebreak-style" classname="C:\work\dyrectorio\web\crux-ui\src\server\error-middleware"><failure message="Expected linebreaks to be &apos;LF&apos; but found &apos;CRLF&apos;."><![CDATA[line 119, col 4, Error - Expected linebreaks to be &apos;LF&apos; but found &apos;CRLF&apos;. (linebreak-style)]]></failure></testcase>
<testcase time="0" name="org.eslint.semi" classname="C:\work\dyrectorio\web\crux-ui\src\server\error-middleware"><failure message="Missing semicolon."><![CDATA[line 119, col 4, Error - Missing semicolon. (semi)]]></failure></testcase>
<testcase time="0" name="org.eslint.linebreak-style" classname="C:\work\dyrectorio\web\crux-ui\src\server\error-middleware"><failure message="Expected linebreaks to be &apos;LF&apos; but found &apos;CRLF&apos;."><![CDATA[line 120, col 2, Error - Expected linebreaks to be &apos;LF&apos; but found &apos;CRLF&apos;. (linebreak-style)]]></failure></testcase>
<testcase time="0" name="org.eslint.semi" classname="C:\work\dyrectorio\web\crux-ui\src\server\error-middleware"><failure message="Missing semicolon."><![CDATA[line 120, col 2, Error - Missing semicolon. (semi)]]></failure></testcase>
<testcase time="0" name="org.eslint.linebreak-style" classname="C:\work\dyrectorio\web\crux-ui\src\server\error-middleware"><failure message="Expected linebreaks to be &apos;LF&apos; but found &apos;CRLF&apos;."><![CDATA[line 121, col 1, Error - Expected linebreaks to be &apos;LF&apos; but found &apos;CRLF&apos;. (linebreak-style)]]></failure></testcase>
<testcase time="0" name="org.eslint.linebreak-style" classname="C:\work\dyrectorio\web\crux-ui\src\server\error-middleware"><failure message="Expected linebreaks to be &apos;LF&apos; but found &apos;CRLF&apos;."><![CDATA[line 122, col 23, Error - Expected linebreaks to be &apos;LF&apos; but found &apos;CRLF&apos;. (linebreak-style)]]></failure></testcase>
<testcase time="0" name="org.eslint.linebreak-style" classname="C:\work\dyrectorio\web\crux-ui\src\server\error-middleware"><failure message="Expected linebreaks to be &apos;LF&apos; but found &apos;CRLF&apos;."><![CDATA[line 123, col 58, Error - Expected linebreaks to be &apos;LF&apos; but found &apos;CRLF&apos;. (linebreak-style)]]></failure></testcase>
<testcase time="0" name="org.eslint.semi" classname="C:\work\dyrectorio\web\crux-ui\src\server\error-middleware"><failure message="Missing semicolon."><![CDATA[line 123, col 58, Error - Missing semicolon. (semi)]]></failure></testcase>
<testcase time="0" name="org.eslint.linebreak-style" classname="C:\work\dyrectorio\web\crux-ui\src\server\error-middleware"><failure message="Expected linebreaks to be &apos;LF&apos; but found &apos;CRLF&apos;."><![CDATA[line 124, col 1, Error - Expected linebreaks to be &apos;LF&apos; but found &apos;CRLF&apos;. (linebreak-style)]]></failure></testcase>
<testcase time="0" name="org.eslint.linebreak-style" classname="C:\work\dyrectorio\web\crux-ui\src\server\error-middleware"><failure message="Expected linebreaks to be &apos;LF&apos; but found &apos;CRLF&apos;."><![CDATA[line 125, col 57, Error - Expected linebreaks to be &apos;LF&apos; but found &apos;CRLF&apos;. (linebreak-style)]]></failure></testcase>
<testcase time="0" name="org.eslint.linebreak-style" classname="C:\work\dyrectorio\web\crux-ui\src\server\error-middleware"><failure message="Expected linebreaks to be &apos;LF&apos; but found &apos;CRLF&apos;."><![CDATA[line 126, col 26, Error - Expected linebreaks to be &apos;LF&apos; but found &apos;CRLF&apos;. (linebreak-style)]]></failure></testcase>
<testcase time="0" name="org.eslint.linebreak-style" classname="C:\work\dyrectorio\web\crux-ui\src\server\error-middleware"><failure message="Expected linebreaks to be &apos;LF&apos; but found &apos;CRLF&apos;."><![CDATA[line 127, col 31, Error - Expected linebreaks to be &apos;LF&apos; but found &apos;CRLF&apos;. (linebreak-style)]]></failure></testcase>
<testcase time="0" name="org.eslint.linebreak-style" classname="C:\work\dyrectorio\web\crux-ui\src\server\error-middleware"><failure message="Expected linebreaks to be &apos;LF&apos; but found &apos;CRLF&apos;."><![CDATA[line 128, col 44, Error - Expected linebreaks to be &apos;LF&apos; but found &apos;CRLF&apos;. (linebreak-style)]]></failure></testcase>
<testcase time="0" name="org.eslint.semi" classname="C:\work\dyrectorio\web\crux-ui\src\server\error-middleware"><failure message="Missing semicolon."><![CDATA[line 128, col 44, Error - Missing semicolon. (semi)]]></failure></testcase>
<testcase time="0" name="org.eslint.linebreak-style" classname="C:\work\dyrectorio\web\crux-ui\src\server\error-middleware"><failure message="Expected linebreaks to be &apos;LF&apos; but found &apos;CRLF&apos;."><![CDATA[line 129, col 51, Error - Expected linebreaks to be &apos;LF&apos; but found &apos;CRLF&apos;. (linebreak-style)]]></failure></testcase>
<testcase time="0" name="org.eslint.semi" classname="C:\work\dyrectorio\web\crux-ui\src\server\error-middleware"><failure message="Missing semicolon."><![CDATA[line 129, col 51, Error - Missing semicolon. (semi)]]></failure></testcase>
<testcase time="0" name="org.eslint.linebreak-style" classname="C:\work\dyrectorio\web\crux-ui\src\server\error-middleware"><failure message="Expected linebreaks to be &apos;LF&apos; but found &apos;CRLF&apos;."><![CDATA[line 130, col 6, Error - Expected linebreaks to be &apos;LF&apos; but found &apos;CRLF&apos;. (linebreak-style)]]></failure></testcase>
<testcase time="0" name="org.eslint.linebreak-style" classname="C:\work\dyrectorio\web\crux-ui\src\server\error-middleware"><failure message="Expected linebreaks to be &apos;LF&apos; but found &apos;CRLF&apos;."><![CDATA[line 131, col 35, Error - Expected linebreaks to be &apos;LF&apos; but found &apos;CRLF&apos;. (linebreak-style)]]></failure></testcase>
<testcase time="0" name="org.eslint.linebreak-style" classname="C:\work\dyrectorio\web\crux-ui\src\server\error-middleware"><failure message="Expected linebreaks to be &apos;LF&apos; but found &apos;CRLF&apos;."><![CDATA[line 132, col 48, Error - Expected linebreaks to be &apos;LF&apos; but found &apos;CRLF&apos;. (linebreak-style)]]></failure></testcase>
<testcase time="0" name="org.eslint.semi" classname="C:\work\dyrectorio\web\crux-ui\src\server\error-middleware"><failure message="Missing semicolon."><![CDATA[line 132, col 48, Error - Missing semicolon. (semi)]]></failure></testcase>
<testcase time="0" name="org.eslint.linebreak-style" classname="C:\work\dyrectorio\web\crux-ui\src\server\error-middleware"><failure message="Expected linebreaks to be &apos;LF&apos; but found &apos;CRLF&apos;."><![CDATA[line 133, col 44, Error - Expected linebreaks to be &apos;LF&apos; but found &apos;CRLF&apos;. (linebreak-style)]]></failure></testcase>
<testcase time="0" name="org.eslint.semi" classname="C:\work\dyrectorio\web\crux-ui\src\server\error-middleware"><failure message="Missing semicolon."><![CDATA[line 133, col 44, Error - Missing semicolon. (semi)]]></failure></testcase>
<testcase time="0" name="org.eslint.linebreak-style" classname="C:\work\dyrectorio\web\crux-ui\src\server\error-middleware"><failure message="Expected linebreaks to be &apos;LF&apos; but found &apos;CRLF&apos;."><![CDATA[line 134, col 6, Error - Expected linebreaks to be &apos;LF&apos; but found &apos;CRLF&apos;. (linebreak-style)]]></failure></testcase>
<testcase time="0" name="org.eslint.linebreak-style" classname="C:\work\dyrectorio\web\crux-ui\src\server\error-middleware"><failure message="Expected linebreaks to be &apos;LF&apos; but found &apos;CRLF&apos;."><![CDATA[line 135, col 29, Error - Expected linebreaks to be &apos;LF&apos; but found &apos;CRLF&apos;. (linebreak-style)]]></failure></testcase>
<testcase time="0" name="org.eslint.linebreak-style" classname="C:\work\dyrectorio\web\crux-ui\src\server\error-middleware"><failure message="Expected linebreaks to be &apos;LF&apos; but found &apos;CRLF&apos;."><![CDATA[line 136, col 41, Error - Expected linebreaks to be &apos;LF&apos; but found &apos;CRLF&apos;. (linebreak-style)]]></failure></testcase>
<testcase time="0" name="org.eslint.semi" classname="C:\work\dyrectorio\web\crux-ui\src\server\error-middleware"><failure message="Missing semicolon."><![CDATA[line 136, col 41, Error - Missing semicolon. (semi)]]></failure></testcase>
<testcase time="0" name="org.eslint.linebreak-style" classname="C:\work\dyrectorio\web\crux-ui\src\server\error-middleware"><failure message="Expected linebreaks to be &apos;LF&apos; but found &apos;CRLF&apos;."><![CDATA[line 137, col 65, Error - Expected linebreaks to be &apos;LF&apos; but found &apos;CRLF&apos;. (linebreak-style)]]></failure></testcase>
<testcase time="0" name="org.eslint.semi" classname="C:\work\dyrectorio\web\crux-ui\src\server\error-middleware"><failure message="Missing semicolon."><![CDATA[line 137, col 65, Error - Missing semicolon. (semi)]]></failure></testcase>
<testcase time="0" name="org.eslint.linebreak-style" classname="C:\work\dyrectorio\web\crux-ui\src\server\error-middleware"><failure message="Expected linebreaks to be &apos;LF&apos; but found &apos;CRLF&apos;."><![CDATA[line 138, col 6, Error - Expected linebreaks to be &apos;LF&apos; but found &apos;CRLF&apos;. (linebreak-style)]]></failure></testcase>
<testcase time="0" name="org.eslint.linebreak-style" classname="C:\work\dyrectorio\web\crux-ui\src\server\error-middleware"><failure message="Expected linebreaks to be &apos;LF&apos; but found &apos;CRLF&apos;."><![CDATA[line 139, col 36, Error - Expected linebreaks to be &apos;LF&apos; but found &apos;CRLF&apos;. (linebreak-style)]]></failure></testcase>
<testcase time="0" name="org.eslint.linebreak-style" classname="C:\work\dyrectorio\web\crux-ui\src\server\error-middleware"><failure message="Expected linebreaks to be &apos;LF&apos; but found &apos;CRLF&apos;."><![CDATA[line 140, col 48, Error - Expected linebreaks to be &apos;LF&apos; but found &apos;CRLF&apos;. (linebreak-style)]]></failure></testcase>
<testcase time="0" name="org.eslint.semi" classname="C:\work\dyrectorio\web\crux-ui\src\server\error-middleware"><failure message="Missing semicolon."><![CDATA[line 140, col 48, Error - Missing semicolon. (semi)]]></failure></testcase>
<testcase time="0" name="org.eslint.linebreak-style" classname="C:\work\dyrectorio\web\crux-ui\src\server\error-middleware"><failure message="Expected linebreaks to be &apos;LF&apos; but found &apos;CRLF&apos;."><![CDATA[line 141, col 67, Error - Expected linebreaks to be &apos;LF&apos; but found &apos;CRLF&apos;. (linebreak-style)]]></failure></testcase>
<testcase time="0" name="org.eslint.semi" classname="C:\work\dyrectorio\web\crux-ui\src\server\error-middleware"><failure message="Missing semicolon."><![CDATA[line 141, col 67, Error - Missing semicolon. (semi)]]></failure></testcase>
<testcase time="0" name="org.eslint.linebreak-style" classname="C:\work\dyrectorio\web\crux-ui\src\server\error-middleware"><failure message="Expected linebreaks to be &apos;LF&apos; but found &apos;CRLF&apos;."><![CDATA[line 142, col 6, Error - Expected linebreaks to be &apos;LF&apos; but found &apos;CRLF&apos;. (linebreak-style)]]></failure></testcase>
<testcase time="0" name="org.eslint.linebreak-style" classname="C:\work\dyrectorio\web\crux-ui\src\server\error-middleware"><failure message="Expected linebreaks to be &apos;LF&apos; but found &apos;CRLF&apos;."><![CDATA[line 143, col 34, Error - Expected linebreaks to be &apos;LF&apos; but found &apos;CRLF&apos;. (linebreak-style)]]></failure></testcase>
<testcase time="0" name="org.eslint.linebreak-style" classname="C:\work\dyrectorio\web\crux-ui\src\server\error-middleware"><failure message="Expected linebreaks to be &apos;LF&apos; but found &apos;CRLF&apos;."><![CDATA[line 144, col 46, Error - Expected linebreaks to be &apos;LF&apos; but found &apos;CRLF&apos;. (linebreak-style)]]></failure></testcase>
<testcase time="0" name="org.eslint.semi" classname="C:\work\dyrectorio\web\crux-ui\src\server\error-middleware"><failure message="Missing semicolon."><![CDATA[line 144, col 46, Error - Missing semicolon. (semi)]]></failure></testcase>
<testcase time="0" name="org.eslint.linebreak-style" classname="C:\work\dyrectorio\web\crux-ui\src\server\error-middleware"><failure message="Expected linebreaks to be &apos;LF&apos; but found &apos;CRLF&apos;."><![CDATA[line 145, col 70, Error - Expected linebreaks to be &apos;LF&apos; but found &apos;CRLF&apos;. (linebreak-style)]]></failure></testcase>
<testcase time="0" name="org.eslint.semi" classname="C:\work\dyrectorio\web\crux-ui\src\server\error-middleware"><failure message="Missing semicolon."><![CDATA[line 145, col 70, Error - Missing semicolon. (semi)]]></failure></testcase>
<testcase time="0" name="org.eslint.linebreak-style" classname="C:\work\dyrectorio\web\crux-ui\src\server\error-middleware"><failure message="Expected linebreaks to be &apos;LF&apos; but found &apos;CRLF&apos;."><![CDATA[line 146, col 6, Error - Expected linebreaks to be &apos;LF&apos; but found &apos;CRLF&apos;. (linebreak-style)]]></failure></testcase>
<testcase time="0" name="org.eslint.linebreak-style" classname="C:\work\dyrectorio\web\crux-ui\src\server\error-middleware"><failure message="Expected linebreaks to be &apos;LF&apos; but found &apos;CRLF&apos;."><![CDATA[line 147, col 39, Error - Expected linebreaks to be &apos;LF&apos; but found &apos;CRLF&apos;. (linebreak-style)]]></failure></testcase>
<testcase time="0" name="org.eslint.linebreak-style" classname="C:\work\dyrectorio\web\crux-ui\src\server\error-middleware"><failure message="Expected linebreaks to be &apos;LF&apos; but found &apos;CRLF&apos;."><![CDATA[line 148, col 51, Error - Expected linebreaks to be &apos;LF&apos; but found &apos;CRLF&apos;. (linebreak-style)]]></failure></testcase>
<testcase time="0" name="org.eslint.semi" classname="C:\work\dyrectorio\web\crux-ui\src\server\error-middleware"><failure message="Missing semicolon."><![CDATA[line 148, col 51, Error - Missing semicolon. (semi)]]></failure></testcase>
<testcase time="0" name="org.eslint.linebreak-style" classname="C:\work\dyrectorio\web\crux-ui\src\server\error-middleware"><failure message="Expected linebreaks to be &apos;LF&apos; but found &apos;CRLF&apos;."><![CDATA[line 149, col 75, Error - Expected linebreaks to be &apos;LF&apos; but found &apos;CRLF&apos;. (linebreak-style)]]></failure></testcase>
<testcase time="0" name="org.eslint.semi" classname="C:\work\dyrectorio\web\crux-ui\src\server\error-middleware"><failure message="Missing semicolon."><![CDATA[line 149, col 75, Error - Missing semicolon. (semi)]]></failure></testcase>
<testcase time="0" name="org.eslint.linebreak-style" classname="C:\work\dyrectorio\web\crux-ui\src\server\error-middleware"><failure message="Expected linebreaks to be &apos;LF&apos; but found &apos;CRLF&apos;."><![CDATA[line 150, col 6, Error - Expected linebreaks to be &apos;LF&apos; but found &apos;CRLF&apos;. (linebreak-style)]]></failure></testcase>
<testcase time="0" name="org.eslint.linebreak-style" classname="C:\work\dyrectorio\web\crux-ui\src\server\error-middleware"><failure message="Expected linebreaks to be &apos;LF&apos; but found &apos;CRLF&apos;."><![CDATA[line 151, col 37, Error - Expected linebreaks to be &apos;LF&apos; but found &apos;CRLF&apos;. (linebreak-style)]]></failure></testcase>
<testcase time="0" name="org.eslint.linebreak-style" classname="C:\work\dyrectorio\web\crux-ui\src\server\error-middleware"><failure message="Expected linebreaks to be &apos;LF&apos; but found &apos;CRLF&apos;."><![CDATA[line 152, col 43, Error - Expected linebreaks to be &apos;LF&apos; but found &apos;CRLF&apos;. (linebreak-style)]]></failure></testcase>
<testcase time="0" name="org.eslint.semi" classname="C:\work\dyrectorio\web\crux-ui\src\server\error-middleware"><failure message="Missing semicolon."><![CDATA[line 152, col 43, Error - Missing semicolon. (semi)]]></failure></testcase>
<testcase time="0" name="org.eslint.linebreak-style" classname="C:\work\dyrectorio\web\crux-ui\src\server\error-middleware"><failure message="Expected linebreaks to be &apos;LF&apos; but found &apos;CRLF&apos;."><![CDATA[line 153, col 6, Error - Expected linebreaks to be &apos;LF&apos; but found &apos;CRLF&apos;. (linebreak-style)]]></failure></testcase>
<testcase time="0" name="org.eslint.linebreak-style" classname="C:\work\dyrectorio\web\crux-ui\src\server\error-middleware"><failure message="Expected linebreaks to be &apos;LF&apos; but found &apos;CRLF&apos;."><![CDATA[line 154, col 15, Error - Expected linebreaks to be &apos;LF&apos; but found &apos;CRLF&apos;. (linebreak-style)]]></failure></testcase>
<testcase time="0" name="org.eslint.linebreak-style" classname="C:\work\dyrectorio\web\crux-ui\src\server\error-middleware"><failure message="Expected linebreaks to be &apos;LF&apos; but found &apos;CRLF&apos;."><![CDATA[line 155, col 49, Error - Expected linebreaks to be &apos;LF&apos; but found &apos;CRLF&apos;. (linebreak-style)]]></failure></testcase>
<testcase time="0" name="org.eslint.linebreak-style" classname="C:\work\dyrectorio\web\crux-ui\src\server\error-middleware"><failure message="Expected linebreaks to be &apos;LF&apos; but found &apos;CRLF&apos;."><![CDATA[line 156, col 45, Error - Expected linebreaks to be &apos;LF&apos; but found &apos;CRLF&apos;. (linebreak-style)]]></failure></testcase>
<testcase time="0" name="org.eslint.semi" classname="C:\work\dyrectorio\web\crux-ui\src\server\error-middleware"><failure message="Missing semicolon."><![CDATA[line 156, col 45, Error - Missing semicolon. (semi)]]></failure></testcase>
<testcase time="0" name="org.eslint.linebreak-style" classname="C:\work\dyrectorio\web\crux-ui\src\server\error-middleware"><failure message="Expected linebreaks to be &apos;LF&apos; but found &apos;CRLF&apos;."><![CDATA[line 157, col 8, Error - Expected linebreaks to be &apos;LF&apos; but found &apos;CRLF&apos;. (linebreak-style)]]></failure></testcase>
<testcase time="0" name="org.eslint.linebreak-style" classname="C:\work\dyrectorio\web\crux-ui\src\server\error-middleware"><failure message="Expected linebreaks to be &apos;LF&apos; but found &apos;CRLF&apos;."><![CDATA[line 158, col 1, Error - Expected linebreaks to be &apos;LF&apos; but found &apos;CRLF&apos;. (linebreak-style)]]></failure></testcase>
<testcase time="0" name="org.eslint.linebreak-style" classname="C:\work\dyrectorio\web\crux-ui\src\server\error-middleware"><failure message="Expected linebreaks to be &apos;LF&apos; but found &apos;CRLF&apos;."><![CDATA[line 159, col 42, Error - Expected linebreaks to be &apos;LF&apos; but found &apos;CRLF&apos;. (linebreak-style)]]></failure></testcase>
<testcase time="0" name="org.eslint.semi" classname="C:\work\dyrectorio\web\crux-ui\src\server\error-middleware"><failure message="Missing semicolon."><![CDATA[line 159, col 42, Error - Missing semicolon. (semi)]]></failure></testcase>
<testcase time="0" name="org.eslint.linebreak-style" classname="C:\work\dyrectorio\web\crux-ui\src\server\error-middleware"><failure message="Expected linebreaks to be &apos;LF&apos; but found &apos;CRLF&apos;."><![CDATA[line 160, col 6, Error - Expected linebreaks to be &apos;LF&apos; but found &apos;CRLF&apos;. (linebreak-style)]]></failure></testcase>
<testcase time="0" name="org.eslint.linebreak-style" classname="C:\work\dyrectorio\web\crux-ui\src\server\error-middleware"><failure message="Expected linebreaks to be &apos;LF&apos; but found &apos;CRLF&apos;."><![CDATA[line 161, col 4, Error - Expected linebreaks to be &apos;LF&apos; but found &apos;CRLF&apos;. (linebreak-style)]]></failure></testcase>
<testcase time="0" name="org.eslint.linebreak-style" classname="C:\work\dyrectorio\web\crux-ui\src\server\error-middleware"><failure message="Expected linebreaks to be &apos;LF&apos; but found &apos;CRLF&apos;."><![CDATA[line 162, col 2, Error - Expected linebreaks to be &apos;LF&apos; but found &apos;CRLF&apos;. (linebreak-style)]]></failure></testcase>
<testcase time="0" name="org.eslint.semi" classname="C:\work\dyrectorio\web\crux-ui\src\server\error-middleware"><failure message="Missing semicolon."><![CDATA[line 162, col 2, Error - Missing semicolon. (semi)]]></failure></testcase>
<testcase time="0" name="org.eslint.linebreak-style" classname="C:\work\dyrectorio\web\crux-ui\src\server\error-middleware"><failure message="Expected linebreaks to be &apos;LF&apos; but found &apos;CRLF&apos;."><![CDATA[line 163, col 1, Error - Expected linebreaks to be &apos;LF&apos; but found &apos;CRLF&apos;. (linebreak-style)]]></failure></testcase>
<testcase time="0" name="org.eslint.linebreak-style" classname="C:\work\dyrectorio\web\crux-ui\src\server\error-middleware"><failure message="Expected linebreaks to be &apos;LF&apos; but found &apos;CRLF&apos;."><![CDATA[line 164, col 42, Error - Expected linebreaks to be &apos;LF&apos; but found &apos;CRLF&apos;. (linebreak-style)]]></failure></testcase>
<testcase time="0" name="org.eslint.linebreak-style" classname="C:\work\dyrectorio\web\crux-ui\src\server\error-middleware"><failure message="Expected linebreaks to be &apos;LF&apos; but found &apos;CRLF&apos;."><![CDATA[line 165, col 23, Error - Expected linebreaks to be &apos;LF&apos; but found &apos;CRLF&apos;. (linebreak-style)]]></failure></testcase>
<testcase time="0" name="org.eslint.linebreak-style" classname="C:\work\dyrectorio\web\crux-ui\src\server\error-middleware"><failure message="Expected linebreaks to be &apos;LF&apos; but found &apos;CRLF&apos;."><![CDATA[line 166, col 24, Error - Expected linebreaks to be &apos;LF&apos; but found &apos;CRLF&apos;. (linebreak-style)]]></failure></testcase>
<testcase time="0" name="org.eslint.linebreak-style" classname="C:\work\dyrectorio\web\crux-ui\src\server\error-middleware"><failure message="Expected linebreaks to be &apos;LF&apos; but found &apos;CRLF&apos;."><![CDATA[line 167, col 29, Error - Expected linebreaks to be &apos;LF&apos; but found &apos;CRLF&apos;. (linebreak-style)]]></failure></testcase>
<testcase time="0" name="org.eslint.linebreak-style" classname="C:\work\dyrectorio\web\crux-ui\src\server\error-middleware"><failure message="Expected linebreaks to be &apos;LF&apos; but found &apos;CRLF&apos;."><![CDATA[line 168, col 22, Error - Expected linebreaks to be &apos;LF&apos; but found &apos;CRLF&apos;. (linebreak-style)]]></failure></testcase>
<testcase time="0" name="org.eslint.linebreak-style" classname="C:\work\dyrectorio\web\crux-ui\src\server\error-middleware"><failure message="Expected linebreaks to be &apos;LF&apos; but found &apos;CRLF&apos;."><![CDATA[line 169, col 8, Error - Expected linebreaks to be &apos;LF&apos; but found &apos;CRLF&apos;. (linebreak-style)]]></failure></testcase>
<testcase time="0" name="org.eslint.linebreak-style" classname="C:\work\dyrectorio\web\crux-ui\src\server\error-middleware"><failure message="Expected linebreaks to be &apos;LF&apos; but found &apos;CRLF&apos;."><![CDATA[line 170, col 54, Error - Expected linebreaks to be &apos;LF&apos; but found &apos;CRLF&apos;. (linebreak-style)]]></failure></testcase>
<testcase time="0" name="org.eslint.semi" classname="C:\work\dyrectorio\web\crux-ui\src\server\error-middleware"><failure message="Missing semicolon."><![CDATA[line 170, col 54, Error - Missing semicolon. (semi)]]></failure></testcase>
<testcase time="0" name="org.eslint.linebreak-style" classname="C:\work\dyrectorio\web\crux-ui\src\server\error-middleware"><failure message="Expected linebreaks to be &apos;LF&apos; but found &apos;CRLF&apos;."><![CDATA[line 171, col 17, Error - Expected linebreaks to be &apos;LF&apos; but found &apos;CRLF&apos;. (linebreak-style)]]></failure></testcase>
<testcase time="0" name="org.eslint.semi" classname="C:\work\dyrectorio\web\crux-ui\src\server\error-middleware"><failure message="Missing semicolon."><![CDATA[line 171, col 17, Error - Missing semicolon. (semi)]]></failure></testcase>
<testcase time="0" name="org.eslint.linebreak-style" classname="C:\work\dyrectorio\web\crux-ui\src\server\error-middleware"><failure message="Expected linebreaks to be &apos;LF&apos; but found &apos;CRLF&apos;."><![CDATA[line 172, col 16, Error - Expected linebreaks to be &apos;LF&apos; but found &apos;CRLF&apos;. (linebreak-style)]]></failure></testcase>
<testcase time="0" name="org.eslint.linebreak-style" classname="C:\work\dyrectorio\web\crux-ui\src\server\error-middleware"><failure message="Expected linebreaks to be &apos;LF&apos; but found &apos;CRLF&apos;."><![CDATA[line 173, col 46, Error - Expected linebreaks to be &apos;LF&apos; but found &apos;CRLF&apos;. (linebreak-style)]]></failure></testcase>
<testcase time="0" name="org.eslint.linebreak-style" classname="C:\work\dyrectorio\web\crux-ui\src\server\error-middleware"><failure message="Expected linebreaks to be &apos;LF&apos; but found &apos;CRLF&apos;."><![CDATA[line 174, col 37, Error - Expected linebreaks to be &apos;LF&apos; but found &apos;CRLF&apos;. (linebreak-style)]]></failure></testcase>
<testcase time="0" name="org.eslint.semi" classname="C:\work\dyrectorio\web\crux-ui\src\server\error-middleware"><failure message="Missing semicolon."><![CDATA[line 174, col 37, Error - Missing semicolon. (semi)]]></failure></testcase>
<testcase time="0" name="org.eslint.linebreak-style" classname="C:\work\dyrectorio\web\crux-ui\src\server\error-middleware"><failure message="Expected linebreaks to be &apos;LF&apos; but found &apos;CRLF&apos;."><![CDATA[line 175, col 32, Error - Expected linebreaks to be &apos;LF&apos; but found &apos;CRLF&apos;. (linebreak-style)]]></failure></testcase>
<testcase time="0" name="org.eslint.semi" classname="C:\work\dyrectorio\web\crux-ui\src\server\error-middleware"><failure message="Missing semicolon."><![CDATA[line 175, col 32, Error - Missing semicolon. (semi)]]></failure></testcase>
<testcase time="0" name="org.eslint.linebreak-style" classname="C:\work\dyrectorio\web\crux-ui\src\server\error-middleware"><failure message="Expected linebreaks to be &apos;LF&apos; but found &apos;CRLF&apos;."><![CDATA[line 176, col 1, Error - Expected linebreaks to be &apos;LF&apos; but found &apos;CRLF&apos;. (linebreak-style)]]></failure></testcase>
<testcase time="0" name="org.eslint.linebreak-style" classname="C:\work\dyrectorio\web\crux-ui\src\server\error-middleware"><failure message="Expected linebreaks to be &apos;LF&apos; but found &apos;CRLF&apos;."><![CDATA[line 177, col 17, Error - Expected linebreaks to be &apos;LF&apos; but found &apos;CRLF&apos;. (linebreak-style)]]></failure></testcase>
<testcase time="0" name="org.eslint.linebreak-style" classname="C:\work\dyrectorio\web\crux-ui\src\server\error-middleware"><failure message="Expected linebreaks to be &apos;LF&apos; but found &apos;CRLF&apos;."><![CDATA[line 178, col 28, Error - Expected linebreaks to be &apos;LF&apos; but found &apos;CRLF&apos;. (linebreak-style)]]></failure></testcase>
<testcase time="0" name="org.eslint.linebreak-style" classname="C:\work\dyrectorio\web\crux-ui\src\server\error-middleware"><failure message="Expected linebreaks to be &apos;LF&apos; but found &apos;CRLF&apos;."><![CDATA[line 179, col 34, Error - Expected linebreaks to be &apos;LF&apos; but found &apos;CRLF&apos;. (linebreak-style)]]></failure></testcase>
<testcase time="0" name="org.eslint.linebreak-style" classname="C:\work\dyrectorio\web\crux-ui\src\server\error-middleware"><failure message="Expected linebreaks to be &apos;LF&apos; but found &apos;CRLF&apos;."><![CDATA[line 180, col 28, Error - Expected linebreaks to be &apos;LF&apos; but found &apos;CRLF&apos;. (linebreak-style)]]></failure></testcase>
<testcase time="0" name="org.eslint.linebreak-style" classname="C:\work\dyrectorio\web\crux-ui\src\server\error-middleware"><failure message="Expected linebreaks to be &apos;LF&apos; but found &apos;CRLF&apos;."><![CDATA[line 181, col 40, Error - Expected linebreaks to be &apos;LF&apos; but found &apos;CRLF&apos;. (linebreak-style)]]></failure></testcase>
<testcase time="0" name="org.eslint.linebreak-style" classname="C:\work\dyrectorio\web\crux-ui\src\server\error-middleware"><failure message="Expected linebreaks to be &apos;LF&apos; but found &apos;CRLF&apos;."><![CDATA[line 182, col 9, Error - Expected linebreaks to be &apos;LF&apos; but found &apos;CRLF&apos;. (linebreak-style)]]></failure></testcase>
<testcase time="0" name="org.eslint.semi" classname="C:\work\dyrectorio\web\crux-ui\src\server\error-middleware"><failure message="Missing semicolon."><![CDATA[line 182, col 9, Error - Missing semicolon. (semi)]]></failure></testcase>
<testcase time="0" name="org.eslint.linebreak-style" classname="C:\work\dyrectorio\web\crux-ui\src\server\error-middleware"><failure message="Expected linebreaks to be &apos;LF&apos; but found &apos;CRLF&apos;."><![CDATA[line 183, col 13, Error - Expected linebreaks to be &apos;LF&apos; but found &apos;CRLF&apos;. (linebreak-style)]]></failure></testcase>
<testcase time="0" name="org.eslint.linebreak-style" classname="C:\work\dyrectorio\web\crux-ui\src\server\error-middleware"><failure message="Expected linebreaks to be &apos;LF&apos; but found &apos;CRLF&apos;."><![CDATA[line 184, col 27, Error - Expected linebreaks to be &apos;LF&apos; but found &apos;CRLF&apos;. (linebreak-style)]]></failure></testcase>
<testcase time="0" name="org.eslint.semi" classname="C:\work\dyrectorio\web\crux-ui\src\server\error-middleware"><failure message="Missing semicolon."><![CDATA[line 184, col 27, Error - Missing semicolon. (semi)]]></failure></testcase>
<testcase time="0" name="org.eslint.linebreak-style" classname="C:\work\dyrectorio\web\crux-ui\src\server\error-middleware"><failure message="Expected linebreaks to be &apos;LF&apos; but found &apos;CRLF&apos;."><![CDATA[line 185, col 1, Error - Expected linebreaks to be &apos;LF&apos; but found &apos;CRLF&apos;. (linebreak-style)]]></failure></testcase>
<testcase time="0" name="org.eslint.linebreak-style" classname="C:\work\dyrectorio\web\crux-ui\src\server\error-middleware"><failure message="Expected linebreaks to be &apos;LF&apos; but found &apos;CRLF&apos;."><![CDATA[line 186, col 51, Error - Expected linebreaks to be &apos;LF&apos; but found &apos;CRLF&apos;. (linebreak-style)]]></failure></testcase>
<testcase time="0" name="org.eslint.linebreak-style" classname="C:\work\dyrectorio\web\crux-ui\src\server\error-middleware"><failure message="Expected linebreaks to be &apos;LF&apos; but found &apos;CRLF&apos;."><![CDATA[line 187, col 19, Error - Expected linebreaks to be &apos;LF&apos; but found &apos;CRLF&apos;. (linebreak-style)]]></failure></testcase>
<testcase time="0" name="org.eslint.linebreak-style" classname="C:\work\dyrectorio\web\crux-ui\src\server\error-middleware"><failure message="Expected linebreaks to be &apos;LF&apos; but found &apos;CRLF&apos;."><![CDATA[line 188, col 44, Error - Expected linebreaks to be &apos;LF&apos; but found &apos;CRLF&apos;. (linebreak-style)]]></failure></testcase>
<testcase time="0" name="org.eslint.linebreak-style" classname="C:\work\dyrectorio\web\crux-ui\src\server\error-middleware"><failure message="Expected linebreaks to be &apos;LF&apos; but found &apos;CRLF&apos;."><![CDATA[line 189, col 20, Error - Expected linebreaks to be &apos;LF&apos; but found &apos;CRLF&apos;. (linebreak-style)]]></failure></testcase>
<testcase time="0" name="org.eslint.linebreak-style" classname="C:\work\dyrectorio\web\crux-ui\src\server\error-middleware"><failure message="Expected linebreaks to be &apos;LF&apos; but found &apos;CRLF&apos;."><![CDATA[line 190, col 11, Error - Expected linebreaks to be &apos;LF&apos; but found &apos;CRLF&apos;. (linebreak-style)]]></failure></testcase>
<testcase time="0" name="org.eslint.semi" classname="C:\work\dyrectorio\web\crux-ui\src\server\error-middleware"><failure message="Missing semicolon."><![CDATA[line 190, col 11, Error - Missing semicolon. (semi)]]></failure></testcase>
<testcase time="0" name="org.eslint.linebreak-style" classname="C:\work\dyrectorio\web\crux-ui\src\server\error-middleware"><failure message="Expected linebreaks to be &apos;LF&apos; but found &apos;CRLF&apos;."><![CDATA[line 191, col 15, Error - Expected linebreaks to be &apos;LF&apos; but found &apos;CRLF&apos;. (linebreak-style)]]></failure></testcase>
<testcase time="0" name="org.eslint.linebreak-style" classname="C:\work\dyrectorio\web\crux-ui\src\server\error-middleware"><failure message="Expected linebreaks to be &apos;LF&apos; but found &apos;CRLF&apos;."><![CDATA[line 192, col 18, Error - Expected linebreaks to be &apos;LF&apos; but found &apos;CRLF&apos;. (linebreak-style)]]></failure></testcase>
<testcase time="0" name="org.eslint.semi" classname="C:\work\dyrectorio\web\crux-ui\src\server\error-middleware"><failure message="Missing semicolon."><![CDATA[line 192, col 18, Error - Missing semicolon. (semi)]]></failure></testcase>
<testcase time="0" name="org.eslint.linebreak-style" classname="C:\work\dyrectorio\web\crux-ui\src\server\error-middleware"><failure message="Expected linebreaks to be &apos;LF&apos; but found &apos;CRLF&apos;."><![CDATA[line 193, col 8, Error - Expected linebreaks to be &apos;LF&apos; but found &apos;CRLF&apos;. (linebreak-style)]]></failure></testcase>
<testcase time="0" name="org.eslint.linebreak-style" classname="C:\work\dyrectorio\web\crux-ui\src\server\error-middleware"><failure message="Expected linebreaks to be &apos;LF&apos; but found &apos;CRLF&apos;."><![CDATA[line 194, col 6, Error - Expected linebreaks to be &apos;LF&apos; but found &apos;CRLF&apos;. (linebreak-style)]]></failure></testcase>
<testcase time="0" name="org.eslint.linebreak-style" classname="C:\work\dyrectorio\web\crux-ui\src\server\error-middleware"><failure message="Expected linebreaks to be &apos;LF&apos; but found &apos;CRLF&apos;."><![CDATA[line 195, col 4, Error - Expected linebreaks to be &apos;LF&apos; but found &apos;CRLF&apos;. (linebreak-style)]]></failure></testcase>
<testcase time="0" name="org.eslint.linebreak-style" classname="C:\work\dyrectorio\web\crux-ui\src\server\error-middleware"><failure message="Expected linebreaks to be &apos;LF&apos; but found &apos;CRLF&apos;."><![CDATA[line 196, col 2, Error - Expected linebreaks to be &apos;LF&apos; but found &apos;CRLF&apos;. (linebreak-style)]]></failure></testcase>
<testcase time="0" name="org.eslint.semi" classname="C:\work\dyrectorio\web\crux-ui\src\server\error-middleware"><failure message="Missing semicolon."><![CDATA[line 196, col 2, Error - Missing semicolon. (semi)]]></failure></testcase>
</testsuite>
<testsuite package="org.eslint" time="0" tests="26" errors="26" name="C:\work\dyrectorio\web\crux-ui\src\server\kratos-error-middleware.ts">
<testcase time="0" name="org.eslint.linebreak-style" classname="C:\work\dyrectorio\web\crux-ui\src\server\kratos-error-middleware"><failure message="Expected linebreaks to be &apos;LF&apos; but found &apos;CRLF&apos;."><![CDATA[line 1, col 55, Error - Expected linebreaks to be &apos;LF&apos; but found &apos;CRLF&apos;. (linebreak-style)]]></failure></testcase>
<testcase time="0" name="org.eslint.semi" classname="C:\work\dyrectorio\web\crux-ui\src\server\kratos-error-middleware"><failure message="Missing semicolon."><![CDATA[line 1, col 55, Error - Missing semicolon. (semi)]]></failure></testcase>
<testcase time="0" name="org.eslint.import/extensions" classname="C:\work\dyrectorio\web\crux-ui\src\server\kratos-error-middleware"><failure message="Missing file extension &quot;ts&quot; for &quot;./error-middleware&quot;"><![CDATA[line 2, col 31, Error - Missing file extension &quot;ts&quot; for &quot;./error-middleware&quot; (import/extensions)]]></failure></testcase>
<testcase time="0" name="org.eslint.linebreak-style" classname="C:\work\dyrectorio\web\crux-ui\src\server\kratos-error-middleware"><failure message="Expected linebreaks to be &apos;LF&apos; but found &apos;CRLF&apos;."><![CDATA[line 2, col 51, Error - Expected linebreaks to be &apos;LF&apos; but found &apos;CRLF&apos;. (linebreak-style)]]></failure></testcase>
<testcase time="0" name="org.eslint.semi" classname="C:\work\dyrectorio\web\crux-ui\src\server\kratos-error-middleware"><failure message="Missing semicolon."><![CDATA[line 2, col 51, Error - Missing semicolon. (semi)]]></failure></testcase>
<testcase time="0" name="org.eslint.linebreak-style" classname="C:\work\dyrectorio\web\crux-ui\src\server\kratos-error-middleware"><failure message="Expected linebreaks to be &apos;LF&apos; but found &apos;CRLF&apos;."><![CDATA[line 3, col 1, Error - Expected linebreaks to be &apos;LF&apos; but found &apos;CRLF&apos;. (linebreak-style)]]></failure></testcase>
<testcase time="0" name="org.eslint.import/prefer-default-export" classname="C:\work\dyrectorio\web\crux-ui\src\server\kratos-error-middleware"><failure message="Prefer default export."><![CDATA[line 4, col 1, Error - Prefer default export. (import/prefer-default-export)]]></failure></testcase>
<testcase time="0" name="org.eslint.linebreak-style" classname="C:\work\dyrectorio\web\crux-ui\src\server\kratos-error-middleware"><failure message="Expected linebreaks to be &apos;LF&apos; but found &apos;CRLF&apos;."><![CDATA[line 4, col 48, Error - Expected linebreaks to be &apos;LF&apos; but found &apos;CRLF&apos;. (linebreak-style)]]></failure></testcase>
<testcase time="0" name="org.eslint.linebreak-style" classname="C:\work\dyrectorio\web\crux-ui\src\server\kratos-error-middleware"><failure message="Expected linebreaks to be &apos;LF&apos; but found &apos;CRLF&apos;."><![CDATA[line 5, col 23, Error - Expected linebreaks to be &apos;LF&apos; but found &apos;CRLF&apos;. (linebreak-style)]]></failure></testcase>
<testcase time="0" name="org.eslint.linebreak-style" classname="C:\work\dyrectorio\web\crux-ui\src\server\kratos-error-middleware"><failure message="Expected linebreaks to be &apos;LF&apos; but found &apos;CRLF&apos;."><![CDATA[line 6, col 24, Error - Expected linebreaks to be &apos;LF&apos; but found &apos;CRLF&apos;. (linebreak-style)]]></failure></testcase>
<testcase time="0" name="org.eslint.linebreak-style" classname="C:\work\dyrectorio\web\crux-ui\src\server\kratos-error-middleware"><failure message="Expected linebreaks to be &apos;LF&apos; but found &apos;CRLF&apos;."><![CDATA[line 7, col 29, Error - Expected linebreaks to be &apos;LF&apos; but found &apos;CRLF&apos;. (linebreak-style)]]></failure></testcase>
<testcase time="0" name="org.eslint.linebreak-style" classname="C:\work\dyrectorio\web\crux-ui\src\server\kratos-error-middleware"><failure message="Expected linebreaks to be &apos;LF&apos; but found &apos;CRLF&apos;."><![CDATA[line 8, col 22, Error - Expected linebreaks to be &apos;LF&apos; but found &apos;CRLF&apos;. (linebreak-style)]]></failure></testcase>
<testcase time="0" name="org.eslint.linebreak-style" classname="C:\work\dyrectorio\web\crux-ui\src\server\kratos-error-middleware"><failure message="Expected linebreaks to be &apos;LF&apos; but found &apos;CRLF&apos;."><![CDATA[line 9, col 8, Error - Expected linebreaks to be &apos;LF&apos; but found &apos;CRLF&apos;. (linebreak-style)]]></failure></testcase>
<testcase time="0" name="org.eslint.linebreak-style" classname="C:\work\dyrectorio\web\crux-ui\src\server\kratos-error-middleware"><failure message="Expected linebreaks to be &apos;LF&apos; but found &apos;CRLF&apos;."><![CDATA[line 10, col 17, Error - Expected linebreaks to be &apos;LF&apos; but found &apos;CRLF&apos;. (linebreak-style)]]></failure></testcase>
<testcase time="0" name="org.eslint.semi" classname="C:\work\dyrectorio\web\crux-ui\src\server\kratos-error-middleware"><failure message="Missing semicolon."><![CDATA[line 10, col 17, Error - Missing semicolon. (semi)]]></failure></testcase>
<testcase time="0" name="org.eslint.linebreak-style" classname="C:\work\dyrectorio\web\crux-ui\src\server\kratos-error-middleware"><failure message="Expected linebreaks to be &apos;LF&apos; but found &apos;CRLF&apos;."><![CDATA[line 11, col 18, Error - Expected linebreaks to be &apos;LF&apos; but found &apos;CRLF&apos;. (linebreak-style)]]></failure></testcase>
<testcase time="0" name="org.eslint.linebreak-style" classname="C:\work\dyrectorio\web\crux-ui\src\server\kratos-error-middleware"><failure message="Expected linebreaks to be &apos;LF&apos; but found &apos;CRLF&apos;."><![CDATA[line 12, col 30, Error - Expected linebreaks to be &apos;LF&apos; but found &apos;CRLF&apos;. (linebreak-style)]]></failure></testcase>
<testcase time="0" name="org.eslint.linebreak-style" classname="C:\work\dyrectorio\web\crux-ui\src\server\kratos-error-middleware"><failure message="Expected linebreaks to be &apos;LF&apos; but found &apos;CRLF&apos;."><![CDATA[line 13, col 16, Error - Expected linebreaks to be &apos;LF&apos; but found &apos;CRLF&apos;. (linebreak-style)]]></failure></testcase>
<testcase time="0" name="org.eslint.semi" classname="C:\work\dyrectorio\web\crux-ui\src\server\kratos-error-middleware"><failure message="Missing semicolon."><![CDATA[line 13, col 16, Error - Missing semicolon. (semi)]]></failure></testcase>
<testcase time="0" name="org.eslint.linebreak-style" classname="C:\work\dyrectorio\web\crux-ui\src\server\kratos-error-middleware"><failure message="Expected linebreaks to be &apos;LF&apos; but found &apos;CRLF&apos;."><![CDATA[line 14, col 13, Error - Expected linebreaks to be &apos;LF&apos; but found &apos;CRLF&apos;. (linebreak-style)]]></failure></testcase>
<testcase time="0" name="org.eslint.linebreak-style" classname="C:\work\dyrectorio\web\crux-ui\src\server\kratos-error-middleware"><failure message="Expected linebreaks to be &apos;LF&apos; but found &apos;CRLF&apos;."><![CDATA[line 15, col 62, Error - Expected linebreaks to be &apos;LF&apos; but found &apos;CRLF&apos;. (linebreak-style)]]></failure></testcase>
<testcase time="0" name="org.eslint.semi" classname="C:\work\dyrectorio\web\crux-ui\src\server\kratos-error-middleware"><failure message="Missing semicolon."><![CDATA[line 15, col 62, Error - Missing semicolon. (semi)]]></failure></testcase>
<testcase time="0" name="org.eslint.linebreak-style" classname="C:\work\dyrectorio\web\crux-ui\src\server\kratos-error-middleware"><failure message="Expected linebreaks to be &apos;LF&apos; but found &apos;CRLF&apos;."><![CDATA[line 16, col 6, Error - Expected linebreaks to be &apos;LF&apos; but found &apos;CRLF&apos;. (linebreak-style)]]></failure></testcase>
<testcase time="0" name="org.eslint.linebreak-style" classname="C:\work\dyrectorio\web\crux-ui\src\server\kratos-error-middleware"><failure message="Expected linebreaks to be &apos;LF&apos; but found &apos;CRLF&apos;."><![CDATA[line 17, col 4, Error - Expected linebreaks to be &apos;LF&apos; but found &apos;CRLF&apos;. (linebreak-style)]]></failure></testcase>
<testcase time="0" name="org.eslint.linebreak-style" classname="C:\work\dyrectorio\web\crux-ui\src\server\kratos-error-middleware"><failure message="Expected linebreaks to be &apos;LF&apos; but found &apos;CRLF&apos;."><![CDATA[line 18, col 2, Error - Expected linebreaks to be &apos;LF&apos; but found &apos;CRLF&apos;. (linebreak-style)]]></failure></testcase>
<testcase time="0" name="org.eslint.semi" classname="C:\work\dyrectorio\web\crux-ui\src\server\kratos-error-middleware"><failure message="Missing semicolon."><![CDATA[line 18, col 2, Error - Missing semicolon. (semi)]]></failure></testcase>
</testsuite>
<testsuite package="org.eslint" time="0" tests="182" errors="182" name="C:\work\dyrectorio\web\crux-ui\src\server\kratos.ts">
<testcase time="0" name="org.eslint.linebreak-style" classname="C:\work\dyrectorio\web\crux-ui\src\server\kratos"><failure message="Expected linebreaks to be &apos;LF&apos; but found &apos;CRLF&apos;."><![CDATA[line 1, col 47, Error - Expected linebreaks to be &apos;LF&apos; but found &apos;CRLF&apos;. (linebreak-style)]]></failure></testcase>
<testcase time="0" name="org.eslint.semi" classname="C:\work\dyrectorio\web\crux-ui\src\server\kratos"><failure message="Missing semicolon."><![CDATA[line 1, col 47, Error - Missing semicolon. (semi)]]></failure></testcase>
<testcase time="0" name="org.eslint.import/no-cycle" classname="C:\work\dyrectorio\web\crux-ui\src\server\kratos"><failure message="Dependency cycle via @server/error-middleware:2=&gt;@app/utils:2"><![CDATA[line 2, col 1, Error - Dependency cycle via @server/error-middleware:2=&gt;@app/utils:2 (import/no-cycle)]]></failure></testcase>
<testcase time="0" name="org.eslint.linebreak-style" classname="C:\work\dyrectorio\web\crux-ui\src\server\kratos"><failure message="Expected linebreaks to be &apos;LF&apos; but found &apos;CRLF&apos;."><![CDATA[line 2, col 64, Error - Expected linebreaks to be &apos;LF&apos; but found &apos;CRLF&apos;. (linebreak-style)]]></failure></testcase>
<testcase time="0" name="org.eslint.semi" classname="C:\work\dyrectorio\web\crux-ui\src\server\kratos"><failure message="Missing semicolon."><![CDATA[line 2, col 64, Error - Missing semicolon. (semi)]]></failure></testcase>
<testcase time="0" name="org.eslint.object-curly-newline" classname="C:\work\dyrectorio\web\crux-ui\src\server\kratos"><failure message="Expected a line break after this opening brace."><![CDATA[line 3, col 8, Error - Expected a line break after this opening brace. (object-curly-newline)]]></failure></testcase>
<testcase time="0" name="org.eslint.object-curly-newline" classname="C:\work\dyrectorio\web\crux-ui\src\server\kratos"><failure message="Expected a line break before this closing brace."><![CDATA[line 3, col 69, Error - Expected a line break before this closing brace. (object-curly-newline)]]></failure></testcase>
<testcase time="0" name="org.eslint.linebreak-style" classname="C:\work\dyrectorio\web\crux-ui\src\server\kratos"><failure message="Expected linebreaks to be &apos;LF&apos; but found &apos;CRLF&apos;."><![CDATA[line 3, col 96, Error - Expected linebreaks to be &apos;LF&apos; but found &apos;CRLF&apos;. (linebreak-style)]]></failure></testcase>
<testcase time="0" name="org.eslint.semi" classname="C:\work\dyrectorio\web\crux-ui\src\server\kratos"><failure message="Missing semicolon."><![CDATA[line 3, col 96, Error - Missing semicolon. (semi)]]></failure></testcase>
<testcase time="0" name="org.eslint.linebreak-style" classname="C:\work\dyrectorio\web\crux-ui\src\server\kratos"><failure message="Expected linebreaks to be &apos;LF&apos; but found &apos;CRLF&apos;."><![CDATA[line 4, col 38, Error - Expected linebreaks to be &apos;LF&apos; but found &apos;CRLF&apos;. (linebreak-style)]]></failure></testcase>
<testcase time="0" name="org.eslint.semi" classname="C:\work\dyrectorio\web\crux-ui\src\server\kratos"><failure message="Missing semicolon."><![CDATA[line 4, col 38, Error - Missing semicolon. (semi)]]></failure></testcase>
<testcase time="0" name="org.eslint.linebreak-style" classname="C:\work\dyrectorio\web\crux-ui\src\server\kratos"><failure message="Expected linebreaks to be &apos;LF&apos; but found &apos;CRLF&apos;."><![CDATA[line 5, col 24, Error - Expected linebreaks to be &apos;LF&apos; but found &apos;CRLF&apos;. (linebreak-style)]]></failure></testcase>
<testcase time="0" name="org.eslint.semi" classname="C:\work\dyrectorio\web\crux-ui\src\server\kratos"><failure message="Missing semicolon."><![CDATA[line 5, col 24, Error - Missing semicolon. (semi)]]></failure></testcase>
<testcase time="0" name="org.eslint.linebreak-style" classname="C:\work\dyrectorio\web\crux-ui\src\server\kratos"><failure message="Expected linebreaks to be &apos;LF&apos; but found &apos;CRLF&apos;."><![CDATA[line 6, col 55, Error - Expected linebreaks to be &apos;LF&apos; but found &apos;CRLF&apos;. (linebreak-style)]]></failure></testcase>
<testcase time="0" name="org.eslint.semi" classname="C:\work\dyrectorio\web\crux-ui\src\server\kratos"><failure message="Missing semicolon."><![CDATA[line 6, col 55, Error - Missing semicolon. (semi)]]></failure></testcase>
<testcase time="0" name="org.eslint.import/no-cycle" classname="C:\work\dyrectorio\web\crux-ui\src\server\kratos"><failure message="Dependency cycle via @app/utils:2"><![CDATA[line 7, col 1, Error - Dependency cycle via @app/utils:2 (import/no-cycle)]]></failure></testcase>
<testcase time="0" name="org.eslint.import/extensions" classname="C:\work\dyrectorio\web\crux-ui\src\server\kratos"><failure message="Missing file extension &quot;ts&quot; for &quot;./error-middleware&quot;"><![CDATA[line 7, col 34, Error - Missing file extension &quot;ts&quot; for &quot;./error-middleware&quot; (import/extensions)]]></failure></testcase>
<testcase time="0" name="org.eslint.linebreak-style" classname="C:\work\dyrectorio\web\crux-ui\src\server\kratos"><failure message="Expected linebreaks to be &apos;LF&apos; but found &apos;CRLF&apos;."><![CDATA[line 7, col 54, Error - Expected linebreaks to be &apos;LF&apos; but found &apos;CRLF&apos;. (linebreak-style)]]></failure></testcase>
<testcase time="0" name="org.eslint.semi" classname="C:\work\dyrectorio\web\crux-ui\src\server\kratos"><failure message="Missing semicolon."><![CDATA[line 7, col 54, Error - Missing semicolon. (semi)]]></failure></testcase>
<testcase time="0" name="org.eslint.linebreak-style" classname="C:\work\dyrectorio\web\crux-ui\src\server\kratos"><failure message="Expected linebreaks to be &apos;LF&apos; but found &apos;CRLF&apos;."><![CDATA[line 8, col 1, Error - Expected linebreaks to be &apos;LF&apos; but found &apos;CRLF&apos;. (linebreak-style)]]></failure></testcase>
<testcase time="0" name="org.eslint.linebreak-style" classname="C:\work\dyrectorio\web\crux-ui\src\server\kratos"><failure message="Expected linebreaks to be &apos;LF&apos; but found &apos;CRLF&apos;."><![CDATA[line 9, col 71, Error - Expected linebreaks to be &apos;LF&apos; but found &apos;CRLF&apos;. (linebreak-style)]]></failure></testcase>
<testcase time="0" name="org.eslint.semi" classname="C:\work\dyrectorio\web\crux-ui\src\server\kratos"><failure message="Missing semicolon."><![CDATA[line 9, col 71, Error - Missing semicolon. (semi)]]></failure></testcase>
<testcase time="0" name="org.eslint.linebreak-style" classname="C:\work\dyrectorio\web\crux-ui\src\server\kratos"><failure message="Expected linebreaks to be &apos;LF&apos; but found &apos;CRLF&apos;."><![CDATA[line 10, col 39, Error - Expected linebreaks to be &apos;LF&apos; but found &apos;CRLF&apos;. (linebreak-style)]]></failure></testcase>
<testcase time="0" name="org.eslint.semi" classname="C:\work\dyrectorio\web\crux-ui\src\server\kratos"><failure message="Missing semicolon."><![CDATA[line 10, col 39, Error - Missing semicolon. (semi)]]></failure></testcase>
<testcase time="0" name="org.eslint.linebreak-style" classname="C:\work\dyrectorio\web\crux-ui\src\server\kratos"><failure message="Expected linebreaks to be &apos;LF&apos; but found &apos;CRLF&apos;."><![CDATA[line 11, col 30, Error - Expected linebreaks to be &apos;LF&apos; but found &apos;CRLF&apos;. (linebreak-style)]]></failure></testcase>
<testcase time="0" name="org.eslint.linebreak-style" classname="C:\work\dyrectorio\web\crux-ui\src\server\kratos"><failure message="Expected linebreaks to be &apos;LF&apos; but found &apos;CRLF&apos;."><![CDATA[line 12, col 22, Error - Expected linebreaks to be &apos;LF&apos; but found &apos;CRLF&apos;. (linebreak-style)]]></failure></testcase>
<testcase time="0" name="org.eslint.linebreak-style" classname="C:\work\dyrectorio\web\crux-ui\src\server\kratos"><failure message="Expected linebreaks to be &apos;LF&apos; but found &apos;CRLF&apos;."><![CDATA[line 13, col 70, Error - Expected linebreaks to be &apos;LF&apos; but found &apos;CRLF&apos;. (linebreak-style)]]></failure></testcase>
<testcase time="0" name="org.eslint.linebreak-style" classname="C:\work\dyrectorio\web\crux-ui\src\server\kratos"><failure message="Expected linebreaks to be &apos;LF&apos; but found &apos;CRLF&apos;."><![CDATA[line 14, col 6, Error - Expected linebreaks to be &apos;LF&apos; but found &apos;CRLF&apos;. (linebreak-style)]]></failure></testcase>
<testcase time="0" name="org.eslint.linebreak-style" classname="C:\work\dyrectorio\web\crux-ui\src\server\kratos"><failure message="Expected linebreaks to be &apos;LF&apos; but found &apos;CRLF&apos;."><![CDATA[line 15, col 2, Error - Expected linebreaks to be &apos;LF&apos; but found &apos;CRLF&apos;. (linebreak-style)]]></failure></testcase>
<testcase time="0" name="org.eslint.semi" classname="C:\work\dyrectorio\web\crux-ui\src\server\kratos"><failure message="Missing semicolon."><![CDATA[line 15, col 2, Error - Missing semicolon. (semi)]]></failure></testcase>
<testcase time="0" name="org.eslint.linebreak-style" classname="C:\work\dyrectorio\web\crux-ui\src\server\kratos"><failure message="Expected linebreaks to be &apos;LF&apos; but found &apos;CRLF&apos;."><![CDATA[line 16, col 1, Error - Expected linebreaks to be &apos;LF&apos; but found &apos;CRLF&apos;. (linebreak-style)]]></failure></testcase>
<testcase time="0" name="org.eslint.linebreak-style" classname="C:\work\dyrectorio\web\crux-ui\src\server\kratos"><failure message="Expected linebreaks to be &apos;LF&apos; but found &apos;CRLF&apos;."><![CDATA[line 17, col 74, Error - Expected linebreaks to be &apos;LF&apos; but found &apos;CRLF&apos;. (linebreak-style)]]></failure></testcase>
<testcase time="0" name="org.eslint.linebreak-style" classname="C:\work\dyrectorio\web\crux-ui\src\server\kratos"><failure message="Expected linebreaks to be &apos;LF&apos; but found &apos;CRLF&apos;."><![CDATA[line 18, col 8, Error - Expected linebreaks to be &apos;LF&apos; but found &apos;CRLF&apos;. (linebreak-style)]]></failure></testcase>
<testcase time="0" name="org.eslint.linebreak-style" classname="C:\work\dyrectorio\web\crux-ui\src\server\kratos"><failure message="Expected linebreaks to be &apos;LF&apos; but found &apos;CRLF&apos;."><![CDATA[line 19, col 40, Error - Expected linebreaks to be &apos;LF&apos; but found &apos;CRLF&apos;. (linebreak-style)]]></failure></testcase>
<testcase time="0" name="org.eslint.linebreak-style" classname="C:\work\dyrectorio\web\crux-ui\src\server\kratos"><failure message="Expected linebreaks to be &apos;LF&apos; but found &apos;CRLF&apos;."><![CDATA[line 20, col 49, Error - Expected linebreaks to be &apos;LF&apos; but found &apos;CRLF&apos;. (linebreak-style)]]></failure></testcase>
<testcase time="0" name="org.eslint.semi" classname="C:\work\dyrectorio\web\crux-ui\src\server\kratos"><failure message="Missing semicolon."><![CDATA[line 20, col 49, Error - Missing semicolon. (semi)]]></failure></testcase>
<testcase time="0" name="org.eslint.linebreak-style" classname="C:\work\dyrectorio\web\crux-ui\src\server\kratos"><failure message="Expected linebreaks to be &apos;LF&apos; but found &apos;CRLF&apos;."><![CDATA[line 21, col 1, Error - Expected linebreaks to be &apos;LF&apos; but found &apos;CRLF&apos;. (linebreak-style)]]></failure></testcase>
<testcase time="0" name="org.eslint.linebreak-style" classname="C:\work\dyrectorio\web\crux-ui\src\server\kratos"><failure message="Expected linebreaks to be &apos;LF&apos; but found &apos;CRLF&apos;."><![CDATA[line 22, col 39, Error - Expected linebreaks to be &apos;LF&apos; but found &apos;CRLF&apos;. (linebreak-style)]]></failure></testcase>
<testcase time="0" name="org.eslint.linebreak-style" classname="C:\work\dyrectorio\web\crux-ui\src\server\kratos"><failure message="Expected linebreaks to be &apos;LF&apos; but found &apos;CRLF&apos;."><![CDATA[line 23, col 17, Error - Expected linebreaks to be &apos;LF&apos; but found &apos;CRLF&apos;. (linebreak-style)]]></failure></testcase>
<testcase time="0" name="org.eslint.linebreak-style" classname="C:\work\dyrectorio\web\crux-ui\src\server\kratos"><failure message="Expected linebreaks to be &apos;LF&apos; but found &apos;CRLF&apos;."><![CDATA[line 24, col 33, Error - Expected linebreaks to be &apos;LF&apos; but found &apos;CRLF&apos;. (linebreak-style)]]></failure></testcase>
<testcase time="0" name="org.eslint.linebreak-style" classname="C:\work\dyrectorio\web\crux-ui\src\server\kratos"><failure message="Expected linebreaks to be &apos;LF&apos; but found &apos;CRLF&apos;."><![CDATA[line 25, col 44, Error - Expected linebreaks to be &apos;LF&apos; but found &apos;CRLF&apos;. (linebreak-style)]]></failure></testcase>
<testcase time="0" name="org.eslint.linebreak-style" classname="C:\work\dyrectorio\web\crux-ui\src\server\kratos"><failure message="Expected linebreaks to be &apos;LF&apos; but found &apos;CRLF&apos;."><![CDATA[line 26, col 10, Error - Expected linebreaks to be &apos;LF&apos; but found &apos;CRLF&apos;. (linebreak-style)]]></failure></testcase>
<testcase time="0" name="org.eslint.semi" classname="C:\work\dyrectorio\web\crux-ui\src\server\kratos"><failure message="Missing semicolon."><![CDATA[line 26, col 10, Error - Missing semicolon. (semi)]]></failure></testcase>
<testcase time="0" name="org.eslint.linebreak-style" classname="C:\work\dyrectorio\web\crux-ui\src\server\kratos"><failure message="Expected linebreaks to be &apos;LF&apos; but found &apos;CRLF&apos;."><![CDATA[line 27, col 8, Error - Expected linebreaks to be &apos;LF&apos; but found &apos;CRLF&apos;. (linebreak-style)]]></failure></testcase>
<testcase time="0" name="org.eslint.linebreak-style" classname="C:\work\dyrectorio\web\crux-ui\src\server\kratos"><failure message="Expected linebreaks to be &apos;LF&apos; but found &apos;CRLF&apos;."><![CDATA[line 28, col 6, Error - Expected linebreaks to be &apos;LF&apos; but found &apos;CRLF&apos;. (linebreak-style)]]></failure></testcase>
<testcase time="0" name="org.eslint.linebreak-style" classname="C:\work\dyrectorio\web\crux-ui\src\server\kratos"><failure message="Expected linebreaks to be &apos;LF&apos; but found &apos;CRLF&apos;."><![CDATA[line 29, col 1, Error - Expected linebreaks to be &apos;LF&apos; but found &apos;CRLF&apos;. (linebreak-style)]]></failure></testcase>
<testcase time="0" name="org.eslint.linebreak-style" classname="C:\work\dyrectorio\web\crux-ui\src\server\kratos"><failure message="Expected linebreaks to be &apos;LF&apos; but found &apos;CRLF&apos;."><![CDATA[line 30, col 32, Error - Expected linebreaks to be &apos;LF&apos; but found &apos;CRLF&apos;. (linebreak-style)]]></failure></testcase>
<testcase time="0" name="org.eslint.linebreak-style" classname="C:\work\dyrectorio\web\crux-ui\src\server\kratos"><failure message="Expected linebreaks to be &apos;LF&apos; but found &apos;CRLF&apos;."><![CDATA[line 31, col 29, Error - Expected linebreaks to be &apos;LF&apos; but found &apos;CRLF&apos;. (linebreak-style)]]></failure></testcase>
<testcase time="0" name="org.eslint.linebreak-style" classname="C:\work\dyrectorio\web\crux-ui\src\server\kratos"><failure message="Expected linebreaks to be &apos;LF&apos; but found &apos;CRLF&apos;."><![CDATA[line 32, col 21, Error - Expected linebreaks to be &apos;LF&apos; but found &apos;CRLF&apos;. (linebreak-style)]]></failure></testcase>
<testcase time="0" name="org.eslint.linebreak-style" classname="C:\work\dyrectorio\web\crux-ui\src\server\kratos"><failure message="Expected linebreaks to be &apos;LF&apos; but found &apos;CRLF&apos;."><![CDATA[line 33, col 6, Error - Expected linebreaks to be &apos;LF&apos; but found &apos;CRLF&apos;. (linebreak-style)]]></failure></testcase>
<testcase time="0" name="org.eslint.semi" classname="C:\work\dyrectorio\web\crux-ui\src\server\kratos"><failure message="Missing semicolon."><![CDATA[line 33, col 6, Error - Missing semicolon. (semi)]]></failure></testcase>
<testcase time="0" name="org.eslint.linebreak-style" classname="C:\work\dyrectorio\web\crux-ui\src\server\kratos"><failure message="Expected linebreaks to be &apos;LF&apos; but found &apos;CRLF&apos;."><![CDATA[line 34, col 1, Error - Expected linebreaks to be &apos;LF&apos; but found &apos;CRLF&apos;. (linebreak-style)]]></failure></testcase>
<testcase time="0" name="org.eslint.linebreak-style" classname="C:\work\dyrectorio\web\crux-ui\src\server\kratos"><failure message="Expected linebreaks to be &apos;LF&apos; but found &apos;CRLF&apos;."><![CDATA[line 35, col 42, Error - Expected linebreaks to be &apos;LF&apos; but found &apos;CRLF&apos;. (linebreak-style)]]></failure></testcase>
<testcase time="0" name="org.eslint.semi" classname="C:\work\dyrectorio\web\crux-ui\src\server\kratos"><failure message="Missing semicolon."><![CDATA[line 35, col 42, Error - Missing semicolon. (semi)]]></failure></testcase>
<testcase time="0" name="org.eslint.linebreak-style" classname="C:\work\dyrectorio\web\crux-ui\src\server\kratos"><failure message="Expected linebreaks to be &apos;LF&apos; but found &apos;CRLF&apos;."><![CDATA[line 36, col 35, Error - Expected linebreaks to be &apos;LF&apos; but found &apos;CRLF&apos;. (linebreak-style)]]></failure></testcase>
<testcase time="0" name="org.eslint.linebreak-style" classname="C:\work\dyrectorio\web\crux-ui\src\server\kratos"><failure message="Expected linebreaks to be &apos;LF&apos; but found &apos;CRLF&apos;."><![CDATA[line 37, col 32, Error - Expected linebreaks to be &apos;LF&apos; but found &apos;CRLF&apos;. (linebreak-style)]]></failure></testcase>
<testcase time="0" name="org.eslint.semi" classname="C:\work\dyrectorio\web\crux-ui\src\server\kratos"><failure message="Missing semicolon."><![CDATA[line 37, col 32, Error - Missing semicolon. (semi)]]></failure></testcase>
<testcase time="0" name="org.eslint.linebreak-style" classname="C:\work\dyrectorio\web\crux-ui\src\server\kratos"><failure message="Expected linebreaks to be &apos;LF&apos; but found &apos;CRLF&apos;."><![CDATA[line 38, col 6, Error - Expected linebreaks to be &apos;LF&apos; but found &apos;CRLF&apos;. (linebreak-style)]]></failure></testcase>
<testcase time="0" name="org.eslint.linebreak-style" classname="C:\work\dyrectorio\web\crux-ui\src\server\kratos"><failure message="Expected linebreaks to be &apos;LF&apos; but found &apos;CRLF&apos;."><![CDATA[line 39, col 1, Error - Expected linebreaks to be &apos;LF&apos; but found &apos;CRLF&apos;. (linebreak-style)]]></failure></testcase>
<testcase time="0" name="org.eslint.linebreak-style" classname="C:\work\dyrectorio\web\crux-ui\src\server\kratos"><failure message="Expected linebreaks to be &apos;LF&apos; but found &apos;CRLF&apos;."><![CDATA[line 40, col 42, Error - Expected linebreaks to be &apos;LF&apos; but found &apos;CRLF&apos;. (linebreak-style)]]></failure></testcase>
<testcase time="0" name="org.eslint.semi" classname="C:\work\dyrectorio\web\crux-ui\src\server\kratos"><failure message="Missing semicolon."><![CDATA[line 40, col 42, Error - Missing semicolon. (semi)]]></failure></testcase>
<testcase time="0" name="org.eslint.linebreak-style" classname="C:\work\dyrectorio\web\crux-ui\src\server\kratos"><failure message="Expected linebreaks to be &apos;LF&apos; but found &apos;CRLF&apos;."><![CDATA[line 41, col 35, Error - Expected linebreaks to be &apos;LF&apos; but found &apos;CRLF&apos;. (linebreak-style)]]></failure></testcase>
<testcase time="0" name="org.eslint.linebreak-style" classname="C:\work\dyrectorio\web\crux-ui\src\server\kratos"><failure message="Expected linebreaks to be &apos;LF&apos; but found &apos;CRLF&apos;."><![CDATA[line 42, col 34, Error - Expected linebreaks to be &apos;LF&apos; but found &apos;CRLF&apos;. (linebreak-style)]]></failure></testcase>
<testcase time="0" name="org.eslint.semi" classname="C:\work\dyrectorio\web\crux-ui\src\server\kratos"><failure message="Missing semicolon."><![CDATA[line 42, col 34, Error - Missing semicolon. (semi)]]></failure></testcase>
<testcase time="0" name="org.eslint.linebreak-style" classname="C:\work\dyrectorio\web\crux-ui\src\server\kratos"><failure message="Expected linebreaks to be &apos;LF&apos; but found &apos;CRLF&apos;."><![CDATA[line 43, col 6, Error - Expected linebreaks to be &apos;LF&apos; but found &apos;CRLF&apos;. (linebreak-style)]]></failure></testcase>
<testcase time="0" name="org.eslint.linebreak-style" classname="C:\work\dyrectorio\web\crux-ui\src\server\kratos"><failure message="Expected linebreaks to be &apos;LF&apos; but found &apos;CRLF&apos;."><![CDATA[line 44, col 1, Error - Expected linebreaks to be &apos;LF&apos; but found &apos;CRLF&apos;. (linebreak-style)]]></failure></testcase>
<testcase time="0" name="org.eslint.linebreak-style" classname="C:\work\dyrectorio\web\crux-ui\src\server\kratos"><failure message="Expected linebreaks to be &apos;LF&apos; but found &apos;CRLF&apos;."><![CDATA[line 45, col 16, Error - Expected linebreaks to be &apos;LF&apos; but found &apos;CRLF&apos;. (linebreak-style)]]></failure></testcase>
<testcase time="0" name="org.eslint.semi" classname="C:\work\dyrectorio\web\crux-ui\src\server\kratos"><failure message="Missing semicolon."><![CDATA[line 45, col 16, Error - Missing semicolon. (semi)]]></failure></testcase>
<testcase time="0" name="org.eslint.linebreak-style" classname="C:\work\dyrectorio\web\crux-ui\src\server\kratos"><failure message="Expected linebreaks to be &apos;LF&apos; but found &apos;CRLF&apos;."><![CDATA[line 46, col 18, Error - Expected linebreaks to be &apos;LF&apos; but found &apos;CRLF&apos;. (linebreak-style)]]></failure></testcase>
<testcase time="0" name="org.eslint.linebreak-style" classname="C:\work\dyrectorio\web\crux-ui\src\server\kratos"><failure message="Expected linebreaks to be &apos;LF&apos; but found &apos;CRLF&apos;."><![CDATA[line 47, col 23, Error - Expected linebreaks to be &apos;LF&apos; but found &apos;CRLF&apos;. (linebreak-style)]]></failure></testcase>
<testcase time="0" name="org.eslint.semi" classname="C:\work\dyrectorio\web\crux-ui\src\server\kratos"><failure message="Missing semicolon."><![CDATA[line 47, col 23, Error - Missing semicolon. (semi)]]></failure></testcase>
<testcase time="0" name="org.eslint.linebreak-style" classname="C:\work\dyrectorio\web\crux-ui\src\server\kratos"><failure message="Expected linebreaks to be &apos;LF&apos; but found &apos;CRLF&apos;."><![CDATA[line 48, col 32, Error - Expected linebreaks to be &apos;LF&apos; but found &apos;CRLF&apos;. (linebreak-style)]]></failure></testcase>
<testcase time="0" name="org.eslint.semi" classname="C:\work\dyrectorio\web\crux-ui\src\server\kratos"><failure message="Missing semicolon."><![CDATA[line 48, col 32, Error - Missing semicolon. (semi)]]></failure></testcase>
<testcase time="0" name="org.eslint.linebreak-style" classname="C:\work\dyrectorio\web\crux-ui\src\server\kratos"><failure message="Expected linebreaks to be &apos;LF&apos; but found &apos;CRLF&apos;."><![CDATA[line 49, col 4, Error - Expected linebreaks to be &apos;LF&apos; but found &apos;CRLF&apos;. (linebreak-style)]]></failure></testcase>
<testcase time="0" name="org.eslint.linebreak-style" classname="C:\work\dyrectorio\web\crux-ui\src\server\kratos"><failure message="Expected linebreaks to be &apos;LF&apos; but found &apos;CRLF&apos;."><![CDATA[line 50, col 2, Error - Expected linebreaks to be &apos;LF&apos; but found &apos;CRLF&apos;. (linebreak-style)]]></failure></testcase>
<testcase time="0" name="org.eslint.semi" classname="C:\work\dyrectorio\web\crux-ui\src\server\kratos"><failure message="Missing semicolon."><![CDATA[line 50, col 2, Error - Missing semicolon. (semi)]]></failure></testcase>
<testcase time="0" name="org.eslint.linebreak-style" classname="C:\work\dyrectorio\web\crux-ui\src\server\kratos"><failure message="Expected linebreaks to be &apos;LF&apos; but found &apos;CRLF&apos;."><![CDATA[line 51, col 1, Error - Expected linebreaks to be &apos;LF&apos; but found &apos;CRLF&apos;. (linebreak-style)]]></failure></testcase>
<testcase time="0" name="org.eslint.linebreak-style" classname="C:\work\dyrectorio\web\crux-ui\src\server\kratos"><failure message="Expected linebreaks to be &apos;LF&apos; but found &apos;CRLF&apos;."><![CDATA[line 52, col 50, Error - Expected linebreaks to be &apos;LF&apos; but found &apos;CRLF&apos;. (linebreak-style)]]></failure></testcase>
<testcase time="0" name="org.eslint.linebreak-style" classname="C:\work\dyrectorio\web\crux-ui\src\server\kratos"><failure message="Expected linebreaks to be &apos;LF&apos; but found &apos;CRLF&apos;."><![CDATA[line 53, col 44, Error - Expected linebreaks to be &apos;LF&apos; but found &apos;CRLF&apos;. (linebreak-style)]]></failure></testcase>
<testcase time="0" name="org.eslint.semi" classname="C:\work\dyrectorio\web\crux-ui\src\server\kratos"><failure message="Missing semicolon."><![CDATA[line 53, col 44, Error - Missing semicolon. (semi)]]></failure></testcase>
<testcase time="0" name="org.eslint.linebreak-style" classname="C:\work\dyrectorio\web\crux-ui\src\server\kratos"><failure message="Expected linebreaks to be &apos;LF&apos; but found &apos;CRLF&apos;."><![CDATA[line 54, col 53, Error - Expected linebreaks to be &apos;LF&apos; but found &apos;CRLF&apos;. (linebreak-style)]]></failure></testcase>
<testcase time="0" name="org.eslint.semi" classname="C:\work\dyrectorio\web\crux-ui\src\server\kratos"><failure message="Missing semicolon."><![CDATA[line 54, col 53, Error - Missing semicolon. (semi)]]></failure></testcase>
<testcase time="0" name="org.eslint.arrow-parens" classname="C:\work\dyrectorio\web\crux-ui\src\server\kratos"><failure message="Expected parentheses around arrow function argument."><![CDATA[line 55, col 26, Error - Expected parentheses around arrow function argument. (arrow-parens)]]></failure></testcase>
<testcase time="0" name="org.eslint.linebreak-style" classname="C:\work\dyrectorio\web\crux-ui\src\server\kratos"><failure message="Expected linebreaks to be &apos;LF&apos; but found &apos;CRLF&apos;."><![CDATA[line 55, col 61, Error - Expected linebreaks to be &apos;LF&apos; but found &apos;CRLF&apos;. (linebreak-style)]]></failure></testcase>
<testcase time="0" name="org.eslint.semi" classname="C:\work\dyrectorio\web\crux-ui\src\server\kratos"><failure message="Missing semicolon."><![CDATA[line 55, col 61, Error - Missing semicolon. (semi)]]></failure></testcase>
<testcase time="0" name="org.eslint.linebreak-style" classname="C:\work\dyrectorio\web\crux-ui\src\server\kratos"><failure message="Expected linebreaks to be &apos;LF&apos; but found &apos;CRLF&apos;."><![CDATA[line 56, col 2, Error - Expected linebreaks to be &apos;LF&apos; but found &apos;CRLF&apos;. (linebreak-style)]]></failure></testcase>
<testcase time="0" name="org.eslint.semi" classname="C:\work\dyrectorio\web\crux-ui\src\server\kratos"><failure message="Missing semicolon."><![CDATA[line 56, col 2, Error - Missing semicolon. (semi)]]></failure></testcase>
<testcase time="0" name="org.eslint.linebreak-style" classname="C:\work\dyrectorio\web\crux-ui\src\server\kratos"><failure message="Expected linebreaks to be &apos;LF&apos; but found &apos;CRLF&apos;."><![CDATA[line 57, col 1, Error - Expected linebreaks to be &apos;LF&apos; but found &apos;CRLF&apos;. (linebreak-style)]]></failure></testcase>
<testcase time="0" name="org.eslint.linebreak-style" classname="C:\work\dyrectorio\web\crux-ui\src\server\kratos"><failure message="Expected linebreaks to be &apos;LF&apos; but found &apos;CRLF&apos;."><![CDATA[line 58, col 69, Error - Expected linebreaks to be &apos;LF&apos; but found &apos;CRLF&apos;. (linebreak-style)]]></failure></testcase>
<testcase time="0" name="org.eslint.prefer-destructuring" classname="C:\work\dyrectorio\web\crux-ui\src\server\kratos"><failure message="Use object destructuring."><![CDATA[line 59, col 9, Error - Use object destructuring. (prefer-destructuring)]]></failure></testcase>
<testcase time="0" name="org.eslint.linebreak-style" classname="C:\work\dyrectorio\web\crux-ui\src\server\kratos"><failure message="Expected linebreaks to be &apos;LF&apos; but found &apos;CRLF&apos;."><![CDATA[line 59, col 40, Error - Expected linebreaks to be &apos;LF&apos; but found &apos;CRLF&apos;. (linebreak-style)]]></failure></testcase>
<testcase time="0" name="org.eslint.semi" classname="C:\work\dyrectorio\web\crux-ui\src\server\kratos"><failure message="Missing semicolon."><![CDATA[line 59, col 40, Error - Missing semicolon. (semi)]]></failure></testcase>
<testcase time="0" name="org.eslint.linebreak-style" classname="C:\work\dyrectorio\web\crux-ui\src\server\kratos"><failure message="Expected linebreaks to be &apos;LF&apos; but found &apos;CRLF&apos;."><![CDATA[line 60, col 17, Error - Expected linebreaks to be &apos;LF&apos; but found &apos;CRLF&apos;. (linebreak-style)]]></failure></testcase>
<testcase time="0" name="org.eslint.linebreak-style" classname="C:\work\dyrectorio\web\crux-ui\src\server\kratos"><failure message="Expected linebreaks to be &apos;LF&apos; but found &apos;CRLF&apos;."><![CDATA[line 61, col 37, Error - Expected linebreaks to be &apos;LF&apos; but found &apos;CRLF&apos;. (linebreak-style)]]></failure></testcase>
<testcase time="0" name="org.eslint.semi" classname="C:\work\dyrectorio\web\crux-ui\src\server\kratos"><failure message="Missing semicolon."><![CDATA[line 61, col 37, Error - Missing semicolon. (semi)]]></failure></testcase>
<testcase time="0" name="org.eslint.linebreak-style" classname="C:\work\dyrectorio\web\crux-ui\src\server\kratos"><failure message="Expected linebreaks to be &apos;LF&apos; but found &apos;CRLF&apos;."><![CDATA[line 62, col 4, Error - Expected linebreaks to be &apos;LF&apos; but found &apos;CRLF&apos;. (linebreak-style)]]></failure></testcase>
<testcase time="0" name="org.eslint.linebreak-style" classname="C:\work\dyrectorio\web\crux-ui\src\server\kratos"><failure message="Expected linebreaks to be &apos;LF&apos; but found &apos;CRLF&apos;."><![CDATA[line 63, col 1, Error - Expected linebreaks to be &apos;LF&apos; but found &apos;CRLF&apos;. (linebreak-style)]]></failure></testcase>
<testcase time="0" name="org.eslint.linebreak-style" classname="C:\work\dyrectorio\web\crux-ui\src\server\kratos"><failure message="Expected linebreaks to be &apos;LF&apos; but found &apos;CRLF&apos;."><![CDATA[line 64, col 16, Error - Expected linebreaks to be &apos;LF&apos; but found &apos;CRLF&apos;. (linebreak-style)]]></failure></testcase>
<testcase time="0" name="org.eslint.semi" classname="C:\work\dyrectorio\web\crux-ui\src\server\kratos"><failure message="Missing semicolon."><![CDATA[line 64, col 16, Error - Missing semicolon. (semi)]]></failure></testcase>
<testcase time="0" name="org.eslint.linebreak-style" classname="C:\work\dyrectorio\web\crux-ui\src\server\kratos"><failure message="Expected linebreaks to be &apos;LF&apos; but found &apos;CRLF&apos;."><![CDATA[line 65, col 2, Error - Expected linebreaks to be &apos;LF&apos; but found &apos;CRLF&apos;. (linebreak-style)]]></failure></testcase>
<testcase time="0" name="org.eslint.semi" classname="C:\work\dyrectorio\web\crux-ui\src\server\kratos"><failure message="Missing semicolon."><![CDATA[line 65, col 2, Error - Missing semicolon. (semi)]]></failure></testcase>
<testcase time="0" name="org.eslint.linebreak-style" classname="C:\work\dyrectorio\web\crux-ui\src\server\kratos"><failure message="Expected linebreaks to be &apos;LF&apos; but found &apos;CRLF&apos;."><![CDATA[line 66, col 1, Error - Expected linebreaks to be &apos;LF&apos; but found &apos;CRLF&apos;. (linebreak-style)]]></failure></testcase>
<testcase time="0" name="org.eslint.linebreak-style" classname="C:\work\dyrectorio\web\crux-ui\src\server\kratos"><failure message="Expected linebreaks to be &apos;LF&apos; but found &apos;CRLF&apos;."><![CDATA[line 67, col 96, Error - Expected linebreaks to be &apos;LF&apos; but found &apos;CRLF&apos;. (linebreak-style)]]></failure></testcase>
<testcase time="0" name="org.eslint.prefer-destructuring" classname="C:\work\dyrectorio\web\crux-ui\src\server\kratos"><failure message="Use object destructuring."><![CDATA[line 68, col 9, Error - Use object destructuring. (prefer-destructuring)]]></failure></testcase>
<testcase time="0" name="org.eslint.linebreak-style" classname="C:\work\dyrectorio\web\crux-ui\src\server\kratos"><failure message="Expected linebreaks to be &apos;LF&apos; but found &apos;CRLF&apos;."><![CDATA[line 68, col 40, Error - Expected linebreaks to be &apos;LF&apos; but found &apos;CRLF&apos;. (linebreak-style)]]></failure></testcase>
<testcase time="0" name="org.eslint.semi" classname="C:\work\dyrectorio\web\crux-ui\src\server\kratos"><failure message="Missing semicolon."><![CDATA[line 68, col 40, Error - Missing semicolon. (semi)]]></failure></testcase>
<testcase time="0" name="org.eslint.linebreak-style" classname="C:\work\dyrectorio\web\crux-ui\src\server\kratos"><failure message="Expected linebreaks to be &apos;LF&apos; but found &apos;CRLF&apos;."><![CDATA[line 69, col 1, Error - Expected linebreaks to be &apos;LF&apos; but found &apos;CRLF&apos;. (linebreak-style)]]></failure></testcase>
<testcase time="0" name="org.eslint.linebreak-style" classname="C:\work\dyrectorio\web\crux-ui\src\server\kratos"><failure message="Expected linebreaks to be &apos;LF&apos; but found &apos;CRLF&apos;."><![CDATA[line 70, col 8, Error - Expected linebreaks to be &apos;LF&apos; but found &apos;CRLF&apos;. (linebreak-style)]]></failure></testcase>
<testcase time="0" name="org.eslint.linebreak-style" classname="C:\work\dyrectorio\web\crux-ui\src\server\kratos"><failure message="Expected linebreaks to be &apos;LF&apos; but found &apos;CRLF&apos;."><![CDATA[line 71, col 19, Error - Expected linebreaks to be &apos;LF&apos; but found &apos;CRLF&apos;. (linebreak-style)]]></failure></testcase>
<testcase time="0" name="org.eslint.linebreak-style" classname="C:\work\dyrectorio\web\crux-ui\src\server\kratos"><failure message="Expected linebreaks to be &apos;LF&apos; but found &apos;CRLF&apos;."><![CDATA[line 72, col 18, Error - Expected linebreaks to be &apos;LF&apos; but found &apos;CRLF&apos;. (linebreak-style)]]></failure></testcase>
<testcase time="0" name="org.eslint.semi" classname="C:\work\dyrectorio\web\crux-ui\src\server\kratos"><failure message="Missing semicolon."><![CDATA[line 72, col 18, Error - Missing semicolon. (semi)]]></failure></testcase>
<testcase time="0" name="org.eslint.linebreak-style" classname="C:\work\dyrectorio\web\crux-ui\src\server\kratos"><failure message="Expected linebreaks to be &apos;LF&apos; but found &apos;CRLF&apos;."><![CDATA[line 73, col 6, Error - Expected linebreaks to be &apos;LF&apos; but found &apos;CRLF&apos;. (linebreak-style)]]></failure></testcase>
<testcase time="0" name="org.eslint.linebreak-style" classname="C:\work\dyrectorio\web\crux-ui\src\server\kratos"><failure message="Expected linebreaks to be &apos;LF&apos; but found &apos;CRLF&apos;."><![CDATA[line 74, col 1, Error - Expected linebreaks to be &apos;LF&apos; but found &apos;CRLF&apos;. (linebreak-style)]]></failure></testcase>
<testcase time="0" name="org.eslint.linebreak-style" classname="C:\work\dyrectorio\web\crux-ui\src\server\kratos"><failure message="Expected linebreaks to be &apos;LF&apos; but found &apos;CRLF&apos;."><![CDATA[line 75, col 58, Error - Expected linebreaks to be &apos;LF&apos; but found &apos;CRLF&apos;. (linebreak-style)]]></failure></testcase>
<testcase time="0" name="org.eslint.semi" classname="C:\work\dyrectorio\web\crux-ui\src\server\kratos"><failure message="Missing semicolon."><![CDATA[line 75, col 58, Error - Missing semicolon. (semi)]]></failure></testcase>
<testcase time="0" name="org.eslint.linebreak-style" classname="C:\work\dyrectorio\web\crux-ui\src\server\kratos"><failure message="Expected linebreaks to be &apos;LF&apos; but found &apos;CRLF&apos;."><![CDATA[line 76, col 20, Error - Expected linebreaks to be &apos;LF&apos; but found &apos;CRLF&apos;. (linebreak-style)]]></failure></testcase>
<testcase time="0" name="org.eslint.semi" classname="C:\work\dyrectorio\web\crux-ui\src\server\kratos"><failure message="Missing semicolon."><![CDATA[line 76, col 20, Error - Missing semicolon. (semi)]]></failure></testcase>
<testcase time="0" name="org.eslint.linebreak-style" classname="C:\work\dyrectorio\web\crux-ui\src\server\kratos"><failure message="Expected linebreaks to be &apos;LF&apos; but found &apos;CRLF&apos;."><![CDATA[line 77, col 12, Error - Expected linebreaks to be &apos;LF&apos; but found &apos;CRLF&apos;. (linebreak-style)]]></failure></testcase>
<testcase time="0" name="org.eslint.linebreak-style" classname="C:\work\dyrectorio\web\crux-ui\src\server\kratos"><failure message="Expected linebreaks to be &apos;LF&apos; but found &apos;CRLF&apos;."><![CDATA[line 78, col 16, Error - Expected linebreaks to be &apos;LF&apos; but found &apos;CRLF&apos;. (linebreak-style)]]></failure></testcase>
<testcase time="0" name="org.eslint.semi" classname="C:\work\dyrectorio\web\crux-ui\src\server\kratos"><failure message="Missing semicolon."><![CDATA[line 78, col 16, Error - Missing semicolon. (semi)]]></failure></testcase>
<testcase time="0" name="org.eslint.linebreak-style" classname="C:\work\dyrectorio\web\crux-ui\src\server\kratos"><failure message="Expected linebreaks to be &apos;LF&apos; but found &apos;CRLF&apos;."><![CDATA[line 79, col 4, Error - Expected linebreaks to be &apos;LF&apos; but found &apos;CRLF&apos;. (linebreak-style)]]></failure></testcase>
<testcase time="0" name="org.eslint.linebreak-style" classname="C:\work\dyrectorio\web\crux-ui\src\server\kratos"><failure message="Expected linebreaks to be &apos;LF&apos; but found &apos;CRLF&apos;."><![CDATA[line 80, col 2, Error - Expected linebreaks to be &apos;LF&apos; but found &apos;CRLF&apos;. (linebreak-style)]]></failure></testcase>
<testcase time="0" name="org.eslint.semi" classname="C:\work\dyrectorio\web\crux-ui\src\server\kratos"><failure message="Missing semicolon."><![CDATA[line 80, col 2, Error - Missing semicolon. (semi)]]></failure></testcase>
<testcase time="0" name="org.eslint.linebreak-style" classname="C:\work\dyrectorio\web\crux-ui\src\server\kratos"><failure message="Expected linebreaks to be &apos;LF&apos; but found &apos;CRLF&apos;."><![CDATA[line 81, col 1, Error - Expected linebreaks to be &apos;LF&apos; but found &apos;CRLF&apos;. (linebreak-style)]]></failure></testcase>
<testcase time="0" name="org.eslint.linebreak-style" classname="C:\work\dyrectorio\web\crux-ui\src\server\kratos"><failure message="Expected linebreaks to be &apos;LF&apos; but found &apos;CRLF&apos;."><![CDATA[line 82, col 69, Error - Expected linebreaks to be &apos;LF&apos; but found &apos;CRLF&apos;. (linebreak-style)]]></failure></testcase>
<testcase time="0" name="org.eslint.no-use-before-define" classname="C:\work\dyrectorio\web\crux-ui\src\server\kratos"><failure message="&apos;IncomingMessageWithSession&apos; was used before it was defined."><![CDATA[line 83, col 30, Error - &apos;IncomingMessageWithSession&apos; was used before it was defined. (no-use-before-define)]]></failure></testcase>
<testcase time="0" name="org.eslint.linebreak-style" classname="C:\work\dyrectorio\web\crux-ui\src\server\kratos"><failure message="Expected linebreaks to be &apos;LF&apos; but found &apos;CRLF&apos;."><![CDATA[line 83, col 56, Error - Expected linebreaks to be &apos;LF&apos; but found &apos;CRLF&apos;. (linebreak-style)]]></failure></testcase>
<testcase time="0" name="org.eslint.semi" classname="C:\work\dyrectorio\web\crux-ui\src\server\kratos"><failure message="Missing semicolon."><![CDATA[line 83, col 56, Error - Missing semicolon. (semi)]]></failure></testcase>
<testcase time="0" name="org.eslint.linebreak-style" classname="C:\work\dyrectorio\web\crux-ui\src\server\kratos"><failure message="Expected linebreaks to be &apos;LF&apos; but found &apos;CRLF&apos;."><![CDATA[line 84, col 1, Error - Expected linebreaks to be &apos;LF&apos; but found &apos;CRLF&apos;. (linebreak-style)]]></failure></testcase>
<testcase time="0" name="org.eslint.linebreak-style" classname="C:\work\dyrectorio\web\crux-ui\src\server\kratos"><failure message="Expected linebreaks to be &apos;LF&apos; but found &apos;CRLF&apos;."><![CDATA[line 85, col 22, Error - Expected linebreaks to be &apos;LF&apos; but found &apos;CRLF&apos;. (linebreak-style)]]></failure></testcase>
<testcase time="0" name="org.eslint.linebreak-style" classname="C:\work\dyrectorio\web\crux-ui\src\server\kratos"><failure message="Expected linebreaks to be &apos;LF&apos; but found &apos;CRLF&apos;."><![CDATA[line 86, col 117, Error - Expected linebreaks to be &apos;LF&apos; but found &apos;CRLF&apos;. (linebreak-style)]]></failure></testcase>
<testcase time="0" name="org.eslint.semi" classname="C:\work\dyrectorio\web\crux-ui\src\server\kratos"><failure message="Missing semicolon."><![CDATA[line 86, col 117, Error - Missing semicolon. (semi)]]></failure></testcase>
<testcase time="0" name="org.eslint.linebreak-style" classname="C:\work\dyrectorio\web\crux-ui\src\server\kratos"><failure message="Expected linebreaks to be &apos;LF&apos; but found &apos;CRLF&apos;."><![CDATA[line 87, col 4, Error - Expected linebreaks to be &apos;LF&apos; but found &apos;CRLF&apos;. (linebreak-style)]]></failure></testcase>
<testcase time="0" name="org.eslint.linebreak-style" classname="C:\work\dyrectorio\web\crux-ui\src\server\kratos"><failure message="Expected linebreaks to be &apos;LF&apos; but found &apos;CRLF&apos;."><![CDATA[line 88, col 1, Error - Expected linebreaks to be &apos;LF&apos; but found &apos;CRLF&apos;. (linebreak-style)]]></failure></testcase>
<testcase time="0" name="org.eslint.linebreak-style" classname="C:\work\dyrectorio\web\crux-ui\src\server\kratos"><failure message="Expected linebreaks to be &apos;LF&apos; but found &apos;CRLF&apos;."><![CDATA[line 89, col 21, Error - Expected linebreaks to be &apos;LF&apos; but found &apos;CRLF&apos;. (linebreak-style)]]></failure></testcase>
<testcase time="0" name="org.eslint.semi" classname="C:\work\dyrectorio\web\crux-ui\src\server\kratos"><failure message="Missing semicolon."><![CDATA[line 89, col 21, Error - Missing semicolon. (semi)]]></failure></testcase>
<testcase time="0" name="org.eslint.linebreak-style" classname="C:\work\dyrectorio\web\crux-ui\src\server\kratos"><failure message="Expected linebreaks to be &apos;LF&apos; but found &apos;CRLF&apos;."><![CDATA[line 90, col 2, Error - Expected linebreaks to be &apos;LF&apos; but found &apos;CRLF&apos;. (linebreak-style)]]></failure></testcase>
<testcase time="0" name="org.eslint.semi" classname="C:\work\dyrectorio\web\crux-ui\src\server\kratos"><failure message="Missing semicolon."><![CDATA[line 90, col 2, Error - Missing semicolon. (semi)]]></failure></testcase>
<testcase time="0" name="org.eslint.linebreak-style" classname="C:\work\dyrectorio\web\crux-ui\src\server\kratos"><failure message="Expected linebreaks to be &apos;LF&apos; but found &apos;CRLF&apos;."><![CDATA[line 91, col 1, Error - Expected linebreaks to be &apos;LF&apos; but found &apos;CRLF&apos;. (linebreak-style)]]></failure></testcase>
<testcase time="0" name="org.eslint.linebreak-style" classname="C:\work\dyrectorio\web\crux-ui\src\server\kratos"><failure message="Expected linebreaks to be &apos;LF&apos; but found &apos;CRLF&apos;."><![CDATA[line 92, col 73, Error - Expected linebreaks to be &apos;LF&apos; but found &apos;CRLF&apos;. (linebreak-style)]]></failure></testcase>
<testcase time="0" name="org.eslint.no-use-before-define" classname="C:\work\dyrectorio\web\crux-ui\src\server\kratos"><failure message="&apos;IncomingMessageWithSession&apos; was used before it was defined."><![CDATA[line 93, col 38, Error - &apos;IncomingMessageWithSession&apos; was used before it was defined. (no-use-before-define)]]></failure></testcase>
<testcase time="0" name="org.eslint.linebreak-style" classname="C:\work\dyrectorio\web\crux-ui\src\server\kratos"><failure message="Expected linebreaks to be &apos;LF&apos; but found &apos;CRLF&apos;."><![CDATA[line 93, col 64, Error - Expected linebreaks to be &apos;LF&apos; but found &apos;CRLF&apos;. (linebreak-style)]]></failure></testcase>
<testcase time="0" name="org.eslint.semi" classname="C:\work\dyrectorio\web\crux-ui\src\server\kratos"><failure message="Missing semicolon."><![CDATA[line 93, col 64, Error - Missing semicolon. (semi)]]></failure></testcase>
<testcase time="0" name="org.eslint.linebreak-style" classname="C:\work\dyrectorio\web\crux-ui\src\server\kratos"><failure message="Expected linebreaks to be &apos;LF&apos; but found &apos;CRLF&apos;."><![CDATA[line 94, col 29, Error - Expected linebreaks to be &apos;LF&apos; but found &apos;CRLF&apos;. (linebreak-style)]]></failure></testcase>
<testcase time="0" name="org.eslint.semi" classname="C:\work\dyrectorio\web\crux-ui\src\server\kratos"><failure message="Missing semicolon."><![CDATA[line 94, col 29, Error - Missing semicolon. (semi)]]></failure></testcase>
<testcase time="0" name="org.eslint.linebreak-style" classname="C:\work\dyrectorio\web\crux-ui\src\server\kratos"><failure message="Expected linebreaks to be &apos;LF&apos; but found &apos;CRLF&apos;."><![CDATA[line 95, col 2, Error - Expected linebreaks to be &apos;LF&apos; but found &apos;CRLF&apos;. (linebreak-style)]]></failure></testcase>
<testcase time="0" name="org.eslint.semi" classname="C:\work\dyrectorio\web\crux-ui\src\server\kratos"><failure message="Missing semicolon."><![CDATA[line 95, col 2, Error - Missing semicolon. (semi)]]></failure></testcase>
<testcase time="0" name="org.eslint.linebreak-style" classname="C:\work\dyrectorio\web\crux-ui\src\server\kratos"><failure message="Expected linebreaks to be &apos;LF&apos; but found &apos;CRLF&apos;."><![CDATA[line 96, col 1, Error - Expected linebreaks to be &apos;LF&apos; but found &apos;CRLF&apos;. (linebreak-style)]]></failure></testcase>
<testcase time="0" name="org.eslint.max-len" classname="C:\work\dyrectorio\web\crux-ui\src\server\kratos"><failure message="This line has a length of 107. Maximum allowed is 100."><![CDATA[line 97, col 1, Error - This line has a length of 107. Maximum allowed is 100. (max-len)]]></failure></testcase>
<testcase time="0" name="org.eslint.linebreak-style" classname="C:\work\dyrectorio\web\crux-ui\src\server\kratos"><failure message="Expected linebreaks to be &apos;LF&apos; but found &apos;CRLF&apos;."><![CDATA[line 97, col 108, Error - Expected linebreaks to be &apos;LF&apos; but found &apos;CRLF&apos;. (linebreak-style)]]></failure></testcase>
<testcase time="0" name="org.eslint.no-use-before-define" classname="C:\work\dyrectorio\web\crux-ui\src\server\kratos"><failure message="&apos;forwardCookieToResponse&apos; was used before it was defined."><![CDATA[line 98, col 3, Error - &apos;forwardCookieToResponse&apos; was used before it was defined. (no-use-before-define)]]></failure></testcase>
<testcase time="0" name="org.eslint.implicit-arrow-linebreak" classname="C:\work\dyrectorio\web\crux-ui\src\server\kratos"><failure message="Expected no linebreak before this expression."><![CDATA[line 98, col 3, Error - Expected no linebreak before this expression. (implicit-arrow-linebreak)]]></failure></testcase>
<testcase time="0" name="org.eslint.linebreak-style" classname="C:\work\dyrectorio\web\crux-ui\src\server\kratos"><failure message="Expected linebreaks to be &apos;LF&apos; but found &apos;CRLF&apos;."><![CDATA[line 98, col 52, Error - Expected linebreaks to be &apos;LF&apos; but found &apos;CRLF&apos;. (linebreak-style)]]></failure></testcase>
<testcase time="0" name="org.eslint.semi" classname="C:\work\dyrectorio\web\crux-ui\src\server\kratos"><failure message="Missing semicolon."><![CDATA[line 98, col 52, Error - Missing semicolon. (semi)]]></failure></testcase>
<testcase time="0" name="org.eslint.linebreak-style" classname="C:\work\dyrectorio\web\crux-ui\src\server\kratos"><failure message="Expected linebreaks to be &apos;LF&apos; but found &apos;CRLF&apos;."><![CDATA[line 99, col 1, Error - Expected linebreaks to be &apos;LF&apos; but found &apos;CRLF&apos;. (linebreak-style)]]></failure></testcase>
<testcase time="0" name="org.eslint.max-len" classname="C:\work\dyrectorio\web\crux-ui\src\server\kratos"><failure message="This line has a length of 120. Maximum allowed is 100."><![CDATA[line 100, col 1, Error - This line has a length of 120. Maximum allowed is 100. (max-len)]]></failure></testcase>
<testcase time="0" name="org.eslint.linebreak-style" classname="C:\work\dyrectorio\web\crux-ui\src\server\kratos"><failure message="Expected linebreaks to be &apos;LF&apos; but found &apos;CRLF&apos;."><![CDATA[line 100, col 121, Error - Expected linebreaks to be &apos;LF&apos; but found &apos;CRLF&apos;. (linebreak-style)]]></failure></testcase>
<testcase time="0" name="org.eslint.operator-linebreak" classname="C:\work\dyrectorio\web\crux-ui\src\server\kratos"><failure message="There should be no line break before or after &apos;=&apos;."><![CDATA[line 101, col 16, Error - There should be no line break before or after &apos;=&apos;. (operator-linebreak)]]></failure></testcase>
<testcase time="0" name="org.eslint.linebreak-style" classname="C:\work\dyrectorio\web\crux-ui\src\server\kratos"><failure message="Expected linebreaks to be &apos;LF&apos; but found &apos;CRLF&apos;."><![CDATA[line 101, col 17, Error - Expected linebreaks to be &apos;LF&apos; but found &apos;CRLF&apos;. (linebreak-style)]]></failure></testcase>
<testcase time="0" name="org.eslint.linebreak-style" classname="C:\work\dyrectorio\web\crux-ui\src\server\kratos"><failure message="Expected linebreaks to be &apos;LF&apos; but found &apos;CRLF&apos;."><![CDATA[line 102, col 116, Error - Expected linebreaks to be &apos;LF&apos; but found &apos;CRLF&apos;. (linebreak-style)]]></failure></testcase>
<testcase time="0" name="org.eslint.semi" classname="C:\work\dyrectorio\web\crux-ui\src\server\kratos"><failure message="Missing semicolon."><![CDATA[line 102, col 116, Error - Missing semicolon. (semi)]]></failure></testcase>
<testcase time="0" name="org.eslint.linebreak-style" classname="C:\work\dyrectorio\web\crux-ui\src\server\kratos"><failure message="Expected linebreaks to be &apos;LF&apos; but found &apos;CRLF&apos;."><![CDATA[line 103, col 16, Error - Expected linebreaks to be &apos;LF&apos; but found &apos;CRLF&apos;. (linebreak-style)]]></failure></testcase>
<testcase time="0" name="org.eslint.linebreak-style" classname="C:\work\dyrectorio\web\crux-ui\src\server\kratos"><failure message="Expected linebreaks to be &apos;LF&apos; but found &apos;CRLF&apos;."><![CDATA[line 104, col 45, Error - Expected linebreaks to be &apos;LF&apos; but found &apos;CRLF&apos;. (linebreak-style)]]></failure></testcase>
<testcase time="0" name="org.eslint.semi" classname="C:\work\dyrectorio\web\crux-ui\src\server\kratos"><failure message="Missing semicolon."><![CDATA[line 104, col 45, Error - Missing semicolon. (semi)]]></failure></testcase>
<testcase time="0" name="org.eslint.linebreak-style" classname="C:\work\dyrectorio\web\crux-ui\src\server\kratos"><failure message="Expected linebreaks to be &apos;LF&apos; but found &apos;CRLF&apos;."><![CDATA[line 105, col 11, Error - Expected linebreaks to be &apos;LF&apos; but found &apos;CRLF&apos;. (linebreak-style)]]></failure></testcase>
<testcase time="0" name="org.eslint.linebreak-style" classname="C:\work\dyrectorio\web\crux-ui\src\server\kratos"><failure message="Expected linebreaks to be &apos;LF&apos; but found &apos;CRLF&apos;."><![CDATA[line 106, col 40, Error - Expected linebreaks to be &apos;LF&apos; but found &apos;CRLF&apos;. (linebreak-style)]]></failure></testcase>
<testcase time="0" name="org.eslint.semi" classname="C:\work\dyrectorio\web\crux-ui\src\server\kratos"><failure message="Missing semicolon."><![CDATA[line 106, col 40, Error - Missing semicolon. (semi)]]></failure></testcase>
<testcase time="0" name="org.eslint.linebreak-style" classname="C:\work\dyrectorio\web\crux-ui\src\server\kratos"><failure message="Expected linebreaks to be &apos;LF&apos; but found &apos;CRLF&apos;."><![CDATA[line 107, col 4, Error - Expected linebreaks to be &apos;LF&apos; but found &apos;CRLF&apos;. (linebreak-style)]]></failure></testcase>
<testcase time="0" name="org.eslint.linebreak-style" classname="C:\work\dyrectorio\web\crux-ui\src\server\kratos"><failure message="Expected linebreaks to be &apos;LF&apos; but found &apos;CRLF&apos;."><![CDATA[line 108, col 2, Error - Expected linebreaks to be &apos;LF&apos; but found &apos;CRLF&apos;. (linebreak-style)]]></failure></testcase>
<testcase time="0" name="org.eslint.semi" classname="C:\work\dyrectorio\web\crux-ui\src\server\kratos"><failure message="Missing semicolon."><![CDATA[line 108, col 2, Error - Missing semicolon. (semi)]]></failure></testcase>
<testcase time="0" name="org.eslint.linebreak-style" classname="C:\work\dyrectorio\web\crux-ui\src\server\kratos"><failure message="Expected linebreaks to be &apos;LF&apos; but found &apos;CRLF&apos;."><![CDATA[line 109, col 1, Error - Expected linebreaks to be &apos;LF&apos; but found &apos;CRLF&apos;. (linebreak-style)]]></failure></testcase>
<testcase time="0" name="org.eslint.linebreak-style" classname="C:\work\dyrectorio\web\crux-ui\src\server\kratos"><failure message="Expected linebreaks to be &apos;LF&apos; but found &apos;CRLF&apos;."><![CDATA[line 110, col 66, Error - Expected linebreaks to be &apos;LF&apos; but found &apos;CRLF&apos;. (linebreak-style)]]></failure></testcase>
<testcase time="0" name="org.eslint.linebreak-style" classname="C:\work\dyrectorio\web\crux-ui\src\server\kratos"><failure message="Expected linebreaks to be &apos;LF&apos; but found &apos;CRLF&apos;."><![CDATA[line 111, col 20, Error - Expected linebreaks to be &apos;LF&apos; but found &apos;CRLF&apos;. (linebreak-style)]]></failure></testcase>
<testcase time="0" name="org.eslint.linebreak-style" classname="C:\work\dyrectorio\web\crux-ui\src\server\kratos"><failure message="Expected linebreaks to be &apos;LF&apos; but found &apos;CRLF&apos;."><![CDATA[line 112, col 2, Error - Expected linebreaks to be &apos;LF&apos; but found &apos;CRLF&apos;. (linebreak-style)]]></failure></testcase>
<testcase time="0" name="org.eslint.linebreak-style" classname="C:\work\dyrectorio\web\crux-ui\src\server\kratos"><failure message="Expected linebreaks to be &apos;LF&apos; but found &apos;CRLF&apos;."><![CDATA[line 113, col 1, Error - Expected linebreaks to be &apos;LF&apos; but found &apos;CRLF&apos;. (linebreak-style)]]></failure></testcase>
<testcase time="0" name="org.eslint.linebreak-style" classname="C:\work\dyrectorio\web\crux-ui\src\server\kratos"><failure message="Expected linebreaks to be &apos;LF&apos; but found &apos;CRLF&apos;."><![CDATA[line 114, col 82, Error - Expected linebreaks to be &apos;LF&apos; but found &apos;CRLF&apos;. (linebreak-style)]]></failure></testcase>
<testcase time="0" name="org.eslint.implicit-arrow-linebreak" classname="C:\work\dyrectorio\web\crux-ui\src\server\kratos"><failure message="Expected no linebreak before this expression."><![CDATA[line 115, col 3, Error - Expected no linebreak before this expression. (implicit-arrow-linebreak)]]></failure></testcase>
<testcase time="0" name="org.eslint.linebreak-style" classname="C:\work\dyrectorio\web\crux-ui\src\server\kratos"><failure message="Expected linebreaks to be &apos;LF&apos; but found &apos;CRLF&apos;."><![CDATA[line 115, col 80, Error - Expected linebreaks to be &apos;LF&apos; but found &apos;CRLF&apos;. (linebreak-style)]]></failure></testcase>
<testcase time="0" name="org.eslint.semi" classname="C:\work\dyrectorio\web\crux-ui\src\server\kratos"><failure message="Missing semicolon."><![CDATA[line 115, col 80, Error - Missing semicolon. (semi)]]></failure></testcase>
<testcase time="0" name="org.eslint.linebreak-style" classname="C:\work\dyrectorio\web\crux-ui\src\server\kratos"><failure message="Expected linebreaks to be &apos;LF&apos; but found &apos;CRLF&apos;."><![CDATA[line 116, col 1, Error - Expected linebreaks to be &apos;LF&apos; but found &apos;CRLF&apos;. (linebreak-style)]]></failure></testcase>
<testcase time="0" name="org.eslint.linebreak-style" classname="C:\work\dyrectorio\web\crux-ui\src\server\kratos"><failure message="Expected linebreaks to be &apos;LF&apos; but found &apos;CRLF&apos;."><![CDATA[line 117, col 22, Error - Expected linebreaks to be &apos;LF&apos; but found &apos;CRLF&apos;. (linebreak-style)]]></failure></testcase>
<testcase time="0" name="org.eslint.semi" classname="C:\work\dyrectorio\web\crux-ui\src\server\kratos"><failure message="Missing semicolon."><![CDATA[line 117, col 22, Error - Missing semicolon. (semi)]]></failure></testcase>
</testsuite>
<testsuite package="org.eslint" time="0" tests="123" errors="123" name="C:\work\dyrectorio\web\crux-ui\src\server\middlewares.ts">
<testcase time="0" name="org.eslint.linebreak-style" classname="C:\work\dyrectorio\web\crux-ui\src\server\middlewares"><failure message="Expected linebreaks to be &apos;LF&apos; but found &apos;CRLF&apos;."><![CDATA[line 1, col 55, Error - Expected linebreaks to be &apos;LF&apos; but found &apos;CRLF&apos;. (linebreak-style)]]></failure></testcase>
<testcase time="0" name="org.eslint.semi" classname="C:\work\dyrectorio\web\crux-ui\src\server\middlewares"><failure message="Missing semicolon."><![CDATA[line 1, col 55, Error - Missing semicolon. (semi)]]></failure></testcase>
<testcase time="0" name="org.eslint.import/extensions" classname="C:\work\dyrectorio\web\crux-ui\src\server\middlewares"><failure message="Missing file extension &quot;ts&quot; for &quot;./auth-middleware&quot;"><![CDATA[line 2, col 43, Error - Missing file extension &quot;ts&quot; for &quot;./auth-middleware&quot; (import/extensions)]]></failure></testcase>
<testcase time="0" name="org.eslint.linebreak-style" classname="C:\work\dyrectorio\web\crux-ui\src\server\middlewares"><failure message="Expected linebreaks to be &apos;LF&apos; but found &apos;CRLF&apos;."><![CDATA[line 2, col 62, Error - Expected linebreaks to be &apos;LF&apos; but found &apos;CRLF&apos;. (linebreak-style)]]></failure></testcase>
<testcase time="0" name="org.eslint.semi" classname="C:\work\dyrectorio\web\crux-ui\src\server\middlewares"><failure message="Missing semicolon."><![CDATA[line 2, col 62, Error - Missing semicolon. (semi)]]></failure></testcase>
<testcase time="0" name="org.eslint.import/extensions" classname="C:\work\dyrectorio\web\crux-ui\src\server\middlewares"><failure message="Missing file extension &quot;ts&quot; for &quot;./error-middleware&quot;"><![CDATA[line 3, col 36, Error - Missing file extension &quot;ts&quot; for &quot;./error-middleware&quot; (import/extensions)]]></failure></testcase>
<testcase time="0" name="org.eslint.linebreak-style" classname="C:\work\dyrectorio\web\crux-ui\src\server\middlewares"><failure message="Expected linebreaks to be &apos;LF&apos; but found &apos;CRLF&apos;."><![CDATA[line 3, col 56, Error - Expected linebreaks to be &apos;LF&apos; but found &apos;CRLF&apos;. (linebreak-style)]]></failure></testcase>
<testcase time="0" name="org.eslint.semi" classname="C:\work\dyrectorio\web\crux-ui\src\server\middlewares"><failure message="Missing semicolon."><![CDATA[line 3, col 56, Error - Missing semicolon. (semi)]]></failure></testcase>
<testcase time="0" name="org.eslint.linebreak-style" classname="C:\work\dyrectorio\web\crux-ui\src\server\middlewares"><failure message="Expected linebreaks to be &apos;LF&apos; but found &apos;CRLF&apos;."><![CDATA[line 4, col 1, Error - Expected linebreaks to be &apos;LF&apos; but found &apos;CRLF&apos;. (linebreak-style)]]></failure></testcase>
<testcase time="0" name="org.eslint.linebreak-style" classname="C:\work\dyrectorio\web\crux-ui\src\server\middlewares"><failure message="Expected linebreaks to be &apos;LF&apos; but found &apos;CRLF&apos;."><![CDATA[line 5, col 52, Error - Expected linebreaks to be &apos;LF&apos; but found &apos;CRLF&apos;. (linebreak-style)]]></failure></testcase>
<testcase time="0" name="org.eslint.linebreak-style" classname="C:\work\dyrectorio\web\crux-ui\src\server\middlewares"><failure message="Expected linebreaks to be &apos;LF&apos; but found &apos;CRLF&apos;."><![CDATA[line 6, col 1, Error - Expected linebreaks to be &apos;LF&apos; but found &apos;CRLF&apos;. (linebreak-style)]]></failure></testcase>
<testcase time="0" name="org.eslint.linebreak-style" classname="C:\work\dyrectorio\web\crux-ui\src\server\middlewares"><failure message="Expected linebreaks to be &apos;LF&apos; but found &apos;CRLF&apos;."><![CDATA[line 7, col 91, Error - Expected linebreaks to be &apos;LF&apos; but found &apos;CRLF&apos;. (linebreak-style)]]></failure></testcase>
<testcase time="0" name="org.eslint.linebreak-style" classname="C:\work\dyrectorio\web\crux-ui\src\server\middlewares"><failure message="Expected linebreaks to be &apos;LF&apos; but found &apos;CRLF&apos;."><![CDATA[line 8, col 1, Error - Expected linebreaks to be &apos;LF&apos; but found &apos;CRLF&apos;. (linebreak-style)]]></failure></testcase>
<testcase time="0" name="org.eslint.max-len" classname="C:\work\dyrectorio\web\crux-ui\src\server\middlewares"><failure message="This line has a length of 118. Maximum allowed is 100."><![CDATA[line 9, col 1, Error - This line has a length of 118. Maximum allowed is 100. (max-len)]]></failure></testcase>
<testcase time="0" name="org.eslint.linebreak-style" classname="C:\work\dyrectorio\web\crux-ui\src\server\middlewares"><failure message="Expected linebreaks to be &apos;LF&apos; but found &apos;CRLF&apos;."><![CDATA[line 9, col 119, Error - Expected linebreaks to be &apos;LF&apos; but found &apos;CRLF&apos;. (linebreak-style)]]></failure></testcase>
<testcase time="0" name="org.eslint.linebreak-style" classname="C:\work\dyrectorio\web\crux-ui\src\server\middlewares"><failure message="Expected linebreaks to be &apos;LF&apos; but found &apos;CRLF&apos;."><![CDATA[line 10, col 1, Error - Expected linebreaks to be &apos;LF&apos; but found &apos;CRLF&apos;. (linebreak-style)]]></failure></testcase>
<testcase time="0" name="org.eslint.linebreak-style" classname="C:\work\dyrectorio\web\crux-ui\src\server\middlewares"><failure message="Expected linebreaks to be &apos;LF&apos; but found &apos;CRLF&apos;."><![CDATA[line 11, col 38, Error - Expected linebreaks to be &apos;LF&apos; but found &apos;CRLF&apos;. (linebreak-style)]]></failure></testcase>
<testcase time="0" name="org.eslint.linebreak-style" classname="C:\work\dyrectorio\web\crux-ui\src\server\middlewares"><failure message="Expected linebreaks to be &apos;LF&apos; but found &apos;CRLF&apos;."><![CDATA[line 12, col 37, Error - Expected linebreaks to be &apos;LF&apos; but found &apos;CRLF&apos;. (linebreak-style)]]></failure></testcase>
<testcase time="0" name="org.eslint.linebreak-style" classname="C:\work\dyrectorio\web\crux-ui\src\server\middlewares"><failure message="Expected linebreaks to be &apos;LF&apos; but found &apos;CRLF&apos;."><![CDATA[line 13, col 23, Error - Expected linebreaks to be &apos;LF&apos; but found &apos;CRLF&apos;. (linebreak-style)]]></failure></testcase>
<testcase time="0" name="org.eslint.linebreak-style" classname="C:\work\dyrectorio\web\crux-ui\src\server\middlewares"><failure message="Expected linebreaks to be &apos;LF&apos; but found &apos;CRLF&apos;."><![CDATA[line 14, col 24, Error - Expected linebreaks to be &apos;LF&apos; but found &apos;CRLF&apos;. (linebreak-style)]]></failure></testcase>
<testcase time="0" name="org.eslint.linebreak-style" classname="C:\work\dyrectorio\web\crux-ui\src\server\middlewares"><failure message="Expected linebreaks to be &apos;LF&apos; but found &apos;CRLF&apos;."><![CDATA[line 15, col 33, Error - Expected linebreaks to be &apos;LF&apos; but found &apos;CRLF&apos;. (linebreak-style)]]></failure></testcase>
<testcase time="0" name="org.eslint.linebreak-style" classname="C:\work\dyrectorio\web\crux-ui\src\server\middlewares"><failure message="Expected linebreaks to be &apos;LF&apos; but found &apos;CRLF&apos;."><![CDATA[line 16, col 7, Error - Expected linebreaks to be &apos;LF&apos; but found &apos;CRLF&apos;. (linebreak-style)]]></failure></testcase>
<testcase time="0" name="org.eslint.linebreak-style" classname="C:\work\dyrectorio\web\crux-ui\src\server\middlewares"><failure message="Expected linebreaks to be &apos;LF&apos; but found &apos;CRLF&apos;."><![CDATA[line 17, col 12, Error - Expected linebreaks to be &apos;LF&apos; but found &apos;CRLF&apos;. (linebreak-style)]]></failure></testcase>
<testcase time="0" name="org.eslint.semi" classname="C:\work\dyrectorio\web\crux-ui\src\server\middlewares"><failure message="Missing semicolon."><![CDATA[line 17, col 12, Error - Missing semicolon. (semi)]]></failure></testcase>
<testcase time="0" name="org.eslint.max-len" classname="C:\work\dyrectorio\web\crux-ui\src\server\middlewares"><failure message="This line has a length of 115. Maximum allowed is 100."><![CDATA[line 18, col 1, Error - This line has a length of 115. Maximum allowed is 100. (max-len)]]></failure></testcase>
<testcase time="0" name="org.eslint.no-return-await" classname="C:\work\dyrectorio\web\crux-ui\src\server\middlewares"><failure message="Redundant use of `await` on a return value."><![CDATA[line 18, col 58, Error - Redundant use of `await` on a return value. (no-return-await)]]></failure></testcase>
<testcase time="0" name="org.eslint.no-use-before-define" classname="C:\work\dyrectorio\web\crux-ui\src\server\middlewares"><failure message="&apos;callNextMiddleware&apos; was used before it was defined."><![CDATA[line 18, col 64, Error - &apos;callNextMiddleware&apos; was used before it was defined. (no-use-before-define)]]></failure></testcase>
<testcase time="0" name="org.eslint.no-return-await" classname="C:\work\dyrectorio\web\crux-ui\src\server\middlewares"><failure message="Redundant use of `await` on a return value."><![CDATA[line 18, col 87, Error - Redundant use of `await` on a return value. (no-return-await)]]></failure></testcase>
<testcase time="0" name="org.eslint.linebreak-style" classname="C:\work\dyrectorio\web\crux-ui\src\server\middlewares"><failure message="Expected linebreaks to be &apos;LF&apos; but found &apos;CRLF&apos;."><![CDATA[line 18, col 116, Error - Expected linebreaks to be &apos;LF&apos; but found &apos;CRLF&apos;. (linebreak-style)]]></failure></testcase>
<testcase time="0" name="org.eslint.semi" classname="C:\work\dyrectorio\web\crux-ui\src\server\middlewares"><failure message="Missing semicolon."><![CDATA[line 18, col 116, Error - Missing semicolon. (semi)]]></failure></testcase>
<testcase time="0" name="org.eslint.no-return-await" classname="C:\work\dyrectorio\web\crux-ui\src\server\middlewares"><failure message="Redundant use of `await` on a return value."><![CDATA[line 19, col 42, Error - Redundant use of `await` on a return value. (no-return-await)]]></failure></testcase>
<testcase time="0" name="org.eslint.no-plusplus" classname="C:\work\dyrectorio\web\crux-ui\src\server\middlewares"><failure message="Unary operator &apos;++&apos; used."><![CDATA[line 19, col 60, Error - Unary operator &apos;++&apos; used. (no-plusplus)]]></failure></testcase>
<testcase time="0" name="org.eslint.linebreak-style" classname="C:\work\dyrectorio\web\crux-ui\src\server\middlewares"><failure message="Expected linebreaks to be &apos;LF&apos; but found &apos;CRLF&apos;."><![CDATA[line 19, col 84, Error - Expected linebreaks to be &apos;LF&apos; but found &apos;CRLF&apos;. (linebreak-style)]]></failure></testcase>
<testcase time="0" name="org.eslint.semi" classname="C:\work\dyrectorio\web\crux-ui\src\server\middlewares"><failure message="Missing semicolon."><![CDATA[line 19, col 84, Error - Missing semicolon. (semi)]]></failure></testcase>
<testcase time="0" name="org.eslint.linebreak-style" classname="C:\work\dyrectorio\web\crux-ui\src\server\middlewares"><failure message="Expected linebreaks to be &apos;LF&apos; but found &apos;CRLF&apos;."><![CDATA[line 20, col 1, Error - Expected linebreaks to be &apos;LF&apos; but found &apos;CRLF&apos;. (linebreak-style)]]></failure></testcase>
<testcase time="0" name="org.eslint.linebreak-style" classname="C:\work\dyrectorio\web\crux-ui\src\server\middlewares"><failure message="Expected linebreaks to be &apos;LF&apos; but found &apos;CRLF&apos;."><![CDATA[line 21, col 29, Error - Expected linebreaks to be &apos;LF&apos; but found &apos;CRLF&apos;. (linebreak-style)]]></failure></testcase>
<testcase time="0" name="org.eslint.semi" classname="C:\work\dyrectorio\web\crux-ui\src\server\middlewares"><failure message="Missing semicolon."><![CDATA[line 21, col 29, Error - Missing semicolon. (semi)]]></failure></testcase>
<testcase time="0" name="org.eslint.linebreak-style" classname="C:\work\dyrectorio\web\crux-ui\src\server\middlewares"><failure message="Expected linebreaks to be &apos;LF&apos; but found &apos;CRLF&apos;."><![CDATA[line 22, col 2, Error - Expected linebreaks to be &apos;LF&apos; but found &apos;CRLF&apos;. (linebreak-style)]]></failure></testcase>
<testcase time="0" name="org.eslint.semi" classname="C:\work\dyrectorio\web\crux-ui\src\server\middlewares"><failure message="Missing semicolon."><![CDATA[line 22, col 2, Error - Missing semicolon. (semi)]]></failure></testcase>
<testcase time="0" name="org.eslint.linebreak-style" classname="C:\work\dyrectorio\web\crux-ui\src\server\middlewares"><failure message="Expected linebreaks to be &apos;LF&apos; but found &apos;CRLF&apos;."><![CDATA[line 23, col 1, Error - Expected linebreaks to be &apos;LF&apos; but found &apos;CRLF&apos;. (linebreak-style)]]></failure></testcase>
<testcase time="0" name="org.eslint.linebreak-style" classname="C:\work\dyrectorio\web\crux-ui\src\server\middlewares"><failure message="Expected linebreaks to be &apos;LF&apos; but found &apos;CRLF&apos;."><![CDATA[line 24, col 32, Error - Expected linebreaks to be &apos;LF&apos; but found &apos;CRLF&apos;. (linebreak-style)]]></failure></testcase>
<testcase time="0" name="org.eslint.linebreak-style" classname="C:\work\dyrectorio\web\crux-ui\src\server\middlewares"><failure message="Expected linebreaks to be &apos;LF&apos; but found &apos;CRLF&apos;."><![CDATA[line 25, col 28, Error - Expected linebreaks to be &apos;LF&apos; but found &apos;CRLF&apos;. (linebreak-style)]]></failure></testcase>
<testcase time="0" name="org.eslint.linebreak-style" classname="C:\work\dyrectorio\web\crux-ui\src\server\middlewares"><failure message="Expected linebreaks to be &apos;LF&apos; but found &apos;CRLF&apos;."><![CDATA[line 26, col 36, Error - Expected linebreaks to be &apos;LF&apos; but found &apos;CRLF&apos;. (linebreak-style)]]></failure></testcase>
<testcase time="0" name="org.eslint.linebreak-style" classname="C:\work\dyrectorio\web\crux-ui\src\server\middlewares"><failure message="Expected linebreaks to be &apos;LF&apos; but found &apos;CRLF&apos;."><![CDATA[line 27, col 2, Error - Expected linebreaks to be &apos;LF&apos; but found &apos;CRLF&apos;. (linebreak-style)]]></failure></testcase>
<testcase time="0" name="org.eslint.linebreak-style" classname="C:\work\dyrectorio\web\crux-ui\src\server\middlewares"><failure message="Expected linebreaks to be &apos;LF&apos; but found &apos;CRLF&apos;."><![CDATA[line 28, col 1, Error - Expected linebreaks to be &apos;LF&apos; but found &apos;CRLF&apos;. (linebreak-style)]]></failure></testcase>
<testcase time="0" name="org.eslint.linebreak-style" classname="C:\work\dyrectorio\web\crux-ui\src\server\middlewares"><failure message="Expected linebreaks to be &apos;LF&apos; but found &apos;CRLF&apos;."><![CDATA[line 29, col 39, Error - Expected linebreaks to be &apos;LF&apos; but found &apos;CRLF&apos;. (linebreak-style)]]></failure></testcase>
<testcase time="0" name="org.eslint.linebreak-style" classname="C:\work\dyrectorio\web\crux-ui\src\server\middlewares"><failure message="Expected linebreaks to be &apos;LF&apos; but found &apos;CRLF&apos;."><![CDATA[line 30, col 44, Error - Expected linebreaks to be &apos;LF&apos; but found &apos;CRLF&apos;. (linebreak-style)]]></failure></testcase>
<testcase time="0" name="org.eslint.linebreak-style" classname="C:\work\dyrectorio\web\crux-ui\src\server\middlewares"><failure message="Expected linebreaks to be &apos;LF&apos; but found &apos;CRLF&apos;."><![CDATA[line 31, col 45, Error - Expected linebreaks to be &apos;LF&apos; but found &apos;CRLF&apos;. (linebreak-style)]]></failure></testcase>
<testcase time="0" name="org.eslint.linebreak-style" classname="C:\work\dyrectorio\web\crux-ui\src\server\middlewares"><failure message="Expected linebreaks to be &apos;LF&apos; but found &apos;CRLF&apos;."><![CDATA[line 32, col 44, Error - Expected linebreaks to be &apos;LF&apos; but found &apos;CRLF&apos;. (linebreak-style)]]></failure></testcase>
<testcase time="0" name="org.eslint.linebreak-style" classname="C:\work\dyrectorio\web\crux-ui\src\server\middlewares"><failure message="Expected linebreaks to be &apos;LF&apos; but found &apos;CRLF&apos;."><![CDATA[line 33, col 47, Error - Expected linebreaks to be &apos;LF&apos; but found &apos;CRLF&apos;. (linebreak-style)]]></failure></testcase>
<testcase time="0" name="org.eslint.linebreak-style" classname="C:\work\dyrectorio\web\crux-ui\src\server\middlewares"><failure message="Expected linebreaks to be &apos;LF&apos; but found &apos;CRLF&apos;."><![CDATA[line 34, col 2, Error - Expected linebreaks to be &apos;LF&apos; but found &apos;CRLF&apos;. (linebreak-style)]]></failure></testcase>
<testcase time="0" name="org.eslint.linebreak-style" classname="C:\work\dyrectorio\web\crux-ui\src\server\middlewares"><failure message="Expected linebreaks to be &apos;LF&apos; but found &apos;CRLF&apos;."><![CDATA[line 35, col 1, Error - Expected linebreaks to be &apos;LF&apos; but found &apos;CRLF&apos;. (linebreak-style)]]></failure></testcase>
<testcase time="0" name="org.eslint.linebreak-style" classname="C:\work\dyrectorio\web\crux-ui\src\server\middlewares"><failure message="Expected linebreaks to be &apos;LF&apos; but found &apos;CRLF&apos;."><![CDATA[line 36, col 25, Error - Expected linebreaks to be &apos;LF&apos; but found &apos;CRLF&apos;. (linebreak-style)]]></failure></testcase>
<testcase time="0" name="org.eslint.linebreak-style" classname="C:\work\dyrectorio\web\crux-ui\src\server\middlewares"><failure message="Expected linebreaks to be &apos;LF&apos; but found &apos;CRLF&apos;."><![CDATA[line 37, col 16, Error - Expected linebreaks to be &apos;LF&apos; but found &apos;CRLF&apos;. (linebreak-style)]]></failure></testcase>
<testcase time="0" name="org.eslint.linebreak-style" classname="C:\work\dyrectorio\web\crux-ui\src\server\middlewares"><failure message="Expected linebreaks to be &apos;LF&apos; but found &apos;CRLF&apos;."><![CDATA[line 38, col 18, Error - Expected linebreaks to be &apos;LF&apos; but found &apos;CRLF&apos;. (linebreak-style)]]></failure></testcase>
<testcase time="0" name="org.eslint.linebreak-style" classname="C:\work\dyrectorio\web\crux-ui\src\server\middlewares"><failure message="Expected linebreaks to be &apos;LF&apos; but found &apos;CRLF&apos;."><![CDATA[line 39, col 16, Error - Expected linebreaks to be &apos;LF&apos; but found &apos;CRLF&apos;. (linebreak-style)]]></failure></testcase>
<testcase time="0" name="org.eslint.linebreak-style" classname="C:\work\dyrectorio\web\crux-ui\src\server\middlewares"><failure message="Expected linebreaks to be &apos;LF&apos; but found &apos;CRLF&apos;."><![CDATA[line 40, col 22, Error - Expected linebreaks to be &apos;LF&apos; but found &apos;CRLF&apos;. (linebreak-style)]]></failure></testcase>
<testcase time="0" name="org.eslint.linebreak-style" classname="C:\work\dyrectorio\web\crux-ui\src\server\middlewares"><failure message="Expected linebreaks to be &apos;LF&apos; but found &apos;CRLF&apos;."><![CDATA[line 41, col 2, Error - Expected linebreaks to be &apos;LF&apos; but found &apos;CRLF&apos;. (linebreak-style)]]></failure></testcase>
<testcase time="0" name="org.eslint.semi" classname="C:\work\dyrectorio\web\crux-ui\src\server\middlewares"><failure message="Missing semicolon."><![CDATA[line 41, col 2, Error - Missing semicolon. (semi)]]></failure></testcase>
<testcase time="0" name="org.eslint.linebreak-style" classname="C:\work\dyrectorio\web\crux-ui\src\server\middlewares"><failure message="Expected linebreaks to be &apos;LF&apos; but found &apos;CRLF&apos;."><![CDATA[line 42, col 1, Error - Expected linebreaks to be &apos;LF&apos; but found &apos;CRLF&apos;. (linebreak-style)]]></failure></testcase>
<testcase time="0" name="org.eslint.linebreak-style" classname="C:\work\dyrectorio\web\crux-ui\src\server\middlewares"><failure message="Expected linebreaks to be &apos;LF&apos; but found &apos;CRLF&apos;."><![CDATA[line 43, col 33, Error - Expected linebreaks to be &apos;LF&apos; but found &apos;CRLF&apos;. (linebreak-style)]]></failure></testcase>
<testcase time="0" name="org.eslint.linebreak-style" classname="C:\work\dyrectorio\web\crux-ui\src\server\middlewares"><failure message="Expected linebreaks to be &apos;LF&apos; but found &apos;CRLF&apos;."><![CDATA[line 44, col 54, Error - Expected linebreaks to be &apos;LF&apos; but found &apos;CRLF&apos;. (linebreak-style)]]></failure></testcase>
<testcase time="0" name="org.eslint.linebreak-style" classname="C:\work\dyrectorio\web\crux-ui\src\server\middlewares"><failure message="Expected linebreaks to be &apos;LF&apos; but found &apos;CRLF&apos;."><![CDATA[line 45, col 42, Error - Expected linebreaks to be &apos;LF&apos; but found &apos;CRLF&apos;. (linebreak-style)]]></failure></testcase>
<testcase time="0" name="org.eslint.linebreak-style" classname="C:\work\dyrectorio\web\crux-ui\src\server\middlewares"><failure message="Expected linebreaks to be &apos;LF&apos; but found &apos;CRLF&apos;."><![CDATA[line 46, col 29, Error - Expected linebreaks to be &apos;LF&apos; but found &apos;CRLF&apos;. (linebreak-style)]]></failure></testcase>
<testcase time="0" name="org.eslint.linebreak-style" classname="C:\work\dyrectorio\web\crux-ui\src\server\middlewares"><failure message="Expected linebreaks to be &apos;LF&apos; but found &apos;CRLF&apos;."><![CDATA[line 47, col 24, Error - Expected linebreaks to be &apos;LF&apos; but found &apos;CRLF&apos;. (linebreak-style)]]></failure></testcase>
<testcase time="0" name="org.eslint.linebreak-style" classname="C:\work\dyrectorio\web\crux-ui\src\server\middlewares"><failure message="Expected linebreaks to be &apos;LF&apos; but found &apos;CRLF&apos;."><![CDATA[line 48, col 43, Error - Expected linebreaks to be &apos;LF&apos; but found &apos;CRLF&apos;. (linebreak-style)]]></failure></testcase>
<testcase time="0" name="org.eslint.linebreak-style" classname="C:\work\dyrectorio\web\crux-ui\src\server\middlewares"><failure message="Expected linebreaks to be &apos;LF&apos; but found &apos;CRLF&apos;."><![CDATA[line 49, col 70, Error - Expected linebreaks to be &apos;LF&apos; but found &apos;CRLF&apos;. (linebreak-style)]]></failure></testcase>
<testcase time="0" name="org.eslint.linebreak-style" classname="C:\work\dyrectorio\web\crux-ui\src\server\middlewares"><failure message="Expected linebreaks to be &apos;LF&apos; but found &apos;CRLF&apos;."><![CDATA[line 50, col 18, Error - Expected linebreaks to be &apos;LF&apos; but found &apos;CRLF&apos;. (linebreak-style)]]></failure></testcase>
<testcase time="0" name="org.eslint.semi" classname="C:\work\dyrectorio\web\crux-ui\src\server\middlewares"><failure message="Missing semicolon."><![CDATA[line 50, col 18, Error - Missing semicolon. (semi)]]></failure></testcase>
<testcase time="0" name="org.eslint.linebreak-style" classname="C:\work\dyrectorio\web\crux-ui\src\server\middlewares"><failure message="Expected linebreaks to be &apos;LF&apos; but found &apos;CRLF&apos;."><![CDATA[line 51, col 1, Error - Expected linebreaks to be &apos;LF&apos; but found &apos;CRLF&apos;. (linebreak-style)]]></failure></testcase>
<testcase time="0" name="org.eslint.operator-linebreak" classname="C:\work\dyrectorio\web\crux-ui\src\server\middlewares"><failure message="There should be no line break before or after &apos;=&apos;."><![CDATA[line 52, col 41, Error - There should be no line break before or after &apos;=&apos;. (operator-linebreak)]]></failure></testcase>
<testcase time="0" name="org.eslint.linebreak-style" classname="C:\work\dyrectorio\web\crux-ui\src\server\middlewares"><failure message="Expected linebreaks to be &apos;LF&apos; but found &apos;CRLF&apos;."><![CDATA[line 52, col 42, Error - Expected linebreaks to be &apos;LF&apos; but found &apos;CRLF&apos;. (linebreak-style)]]></failure></testcase>
<testcase time="0" name="org.eslint.linebreak-style" classname="C:\work\dyrectorio\web\crux-ui\src\server\middlewares"><failure message="Expected linebreaks to be &apos;LF&apos; but found &apos;CRLF&apos;."><![CDATA[line 53, col 35, Error - Expected linebreaks to be &apos;LF&apos; but found &apos;CRLF&apos;. (linebreak-style)]]></failure></testcase>
<testcase time="0" name="org.eslint.linebreak-style" classname="C:\work\dyrectorio\web\crux-ui\src\server\middlewares"><failure message="Expected linebreaks to be &apos;LF&apos; but found &apos;CRLF&apos;."><![CDATA[line 54, col 17, Error - Expected linebreaks to be &apos;LF&apos; but found &apos;CRLF&apos;. (linebreak-style)]]></failure></testcase>
<testcase time="0" name="org.eslint.linebreak-style" classname="C:\work\dyrectorio\web\crux-ui\src\server\middlewares"><failure message="Expected linebreaks to be &apos;LF&apos; but found &apos;CRLF&apos;."><![CDATA[line 55, col 24, Error - Expected linebreaks to be &apos;LF&apos; but found &apos;CRLF&apos;. (linebreak-style)]]></failure></testcase>
<testcase time="0" name="org.eslint.indent" classname="C:\work\dyrectorio\web\crux-ui\src\server\middlewares"><failure message="Expected indentation of 8 spaces but found 10."><![CDATA[line 56, col 1, Error - Expected indentation of 8 spaces but found 10. (indent)]]></failure></testcase>
<testcase time="0" name="org.eslint.linebreak-style" classname="C:\work\dyrectorio\web\crux-ui\src\server\middlewares"><failure message="Expected linebreaks to be &apos;LF&apos; but found &apos;CRLF&apos;."><![CDATA[line 56, col 64, Error - Expected linebreaks to be &apos;LF&apos; but found &apos;CRLF&apos;. (linebreak-style)]]></failure></testcase>
<testcase time="0" name="org.eslint.semi" classname="C:\work\dyrectorio\web\crux-ui\src\server\middlewares"><failure message="Missing semicolon."><![CDATA[line 56, col 64, Error - Missing semicolon. (semi)]]></failure></testcase>
<testcase time="0" name="org.eslint.linebreak-style" classname="C:\work\dyrectorio\web\crux-ui\src\server\middlewares"><failure message="Expected linebreaks to be &apos;LF&apos; but found &apos;CRLF&apos;."><![CDATA[line 57, col 1, Error - Expected linebreaks to be &apos;LF&apos; but found &apos;CRLF&apos;. (linebreak-style)]]></failure></testcase>
<testcase time="0" name="org.eslint.indent" classname="C:\work\dyrectorio\web\crux-ui\src\server\middlewares"><failure message="Expected indentation of 8 spaces but found 10."><![CDATA[line 58, col 1, Error - Expected indentation of 8 spaces but found 10. (indent)]]></failure></testcase>
<testcase time="0" name="org.eslint.linebreak-style" classname="C:\work\dyrectorio\web\crux-ui\src\server\middlewares"><failure message="Expected linebreaks to be &apos;LF&apos; but found &apos;CRLF&apos;."><![CDATA[line 58, col 56, Error - Expected linebreaks to be &apos;LF&apos; but found &apos;CRLF&apos;. (linebreak-style)]]></failure></testcase>
<testcase time="0" name="org.eslint.semi" classname="C:\work\dyrectorio\web\crux-ui\src\server\middlewares"><failure message="Missing semicolon."><![CDATA[line 58, col 56, Error - Missing semicolon. (semi)]]></failure></testcase>
<testcase time="0" name="org.eslint.linebreak-style" classname="C:\work\dyrectorio\web\crux-ui\src\server\middlewares"><failure message="Expected linebreaks to be &apos;LF&apos; but found &apos;CRLF&apos;."><![CDATA[line 59, col 1, Error - Expected linebreaks to be &apos;LF&apos; but found &apos;CRLF&apos;. (linebreak-style)]]></failure></testcase>
<testcase time="0" name="org.eslint.indent" classname="C:\work\dyrectorio\web\crux-ui\src\server\middlewares"><failure message="Expected indentation of 8 spaces but found 10."><![CDATA[line 60, col 1, Error - Expected indentation of 8 spaces but found 10. (indent)]]></failure></testcase>
<testcase time="0" name="org.eslint.linebreak-style" classname="C:\work\dyrectorio\web\crux-ui\src\server\middlewares"><failure message="Expected linebreaks to be &apos;LF&apos; but found &apos;CRLF&apos;."><![CDATA[line 60, col 51, Error - Expected linebreaks to be &apos;LF&apos; but found &apos;CRLF&apos;. (linebreak-style)]]></failure></testcase>
<testcase time="0" name="org.eslint.semi" classname="C:\work\dyrectorio\web\crux-ui\src\server\middlewares"><failure message="Missing semicolon."><![CDATA[line 60, col 51, Error - Missing semicolon. (semi)]]></failure></testcase>
<testcase time="0" name="org.eslint.linebreak-style" classname="C:\work\dyrectorio\web\crux-ui\src\server\middlewares"><failure message="Expected linebreaks to be &apos;LF&apos; but found &apos;CRLF&apos;."><![CDATA[line 61, col 1, Error - Expected linebreaks to be &apos;LF&apos; but found &apos;CRLF&apos;. (linebreak-style)]]></failure></testcase>
<testcase time="0" name="org.eslint.indent" classname="C:\work\dyrectorio\web\crux-ui\src\server\middlewares"><failure message="Expected indentation of 8 spaces but found 10."><![CDATA[line 62, col 1, Error - Expected indentation of 8 spaces but found 10. (indent)]]></failure></testcase>
<testcase time="0" name="org.eslint.linebreak-style" classname="C:\work\dyrectorio\web\crux-ui\src\server\middlewares"><failure message="Expected linebreaks to be &apos;LF&apos; but found &apos;CRLF&apos;."><![CDATA[line 62, col 26, Error - Expected linebreaks to be &apos;LF&apos; but found &apos;CRLF&apos;. (linebreak-style)]]></failure></testcase>
<testcase time="0" name="org.eslint.indent" classname="C:\work\dyrectorio\web\crux-ui\src\server\middlewares"><failure message="Expected indentation of 10 spaces but found 12."><![CDATA[line 63, col 1, Error - Expected indentation of 10 spaces but found 12. (indent)]]></failure></testcase>
<testcase time="0" name="org.eslint.linebreak-style" classname="C:\work\dyrectorio\web\crux-ui\src\server\middlewares"><failure message="Expected linebreaks to be &apos;LF&apos; but found &apos;CRLF&apos;."><![CDATA[line 63, col 34, Error - Expected linebreaks to be &apos;LF&apos; but found &apos;CRLF&apos;. (linebreak-style)]]></failure></testcase>
<testcase time="0" name="org.eslint.semi" classname="C:\work\dyrectorio\web\crux-ui\src\server\middlewares"><failure message="Missing semicolon."><![CDATA[line 63, col 34, Error - Missing semicolon. (semi)]]></failure></testcase>
<testcase time="0" name="org.eslint.indent" classname="C:\work\dyrectorio\web\crux-ui\src\server\middlewares"><failure message="Expected indentation of 10 spaces but found 12."><![CDATA[line 64, col 1, Error - Expected indentation of 10 spaces but found 12. (indent)]]></failure></testcase>
<testcase time="0" name="org.eslint.no-useless-return" classname="C:\work\dyrectorio\web\crux-ui\src\server\middlewares"><failure message="Unnecessary return statement."><![CDATA[line 64, col 13, Error - Unnecessary return statement. (no-useless-return)]]></failure></testcase>
<testcase time="0" name="org.eslint.linebreak-style" classname="C:\work\dyrectorio\web\crux-ui\src\server\middlewares"><failure message="Expected linebreaks to be &apos;LF&apos; but found &apos;CRLF&apos;."><![CDATA[line 64, col 19, Error - Expected linebreaks to be &apos;LF&apos; but found &apos;CRLF&apos;. (linebreak-style)]]></failure></testcase>
<testcase time="0" name="org.eslint.semi" classname="C:\work\dyrectorio\web\crux-ui\src\server\middlewares"><failure message="Missing semicolon."><![CDATA[line 64, col 19, Error - Missing semicolon. (semi)]]></failure></testcase>
<testcase time="0" name="org.eslint.indent" classname="C:\work\dyrectorio\web\crux-ui\src\server\middlewares"><failure message="Expected indentation of 8 spaces but found 10."><![CDATA[line 65, col 1, Error - Expected indentation of 8 spaces but found 10. (indent)]]></failure></testcase>
<testcase time="0" name="org.eslint.no-else-return" classname="C:\work\dyrectorio\web\crux-ui\src\server\middlewares"><failure message="Unnecessary &apos;else&apos; after &apos;return&apos;."><![CDATA[line 65, col 18, Error - Unnecessary &apos;else&apos; after &apos;return&apos;. (no-else-return)]]></failure></testcase>
<testcase time="0" name="org.eslint.linebreak-style" classname="C:\work\dyrectorio\web\crux-ui\src\server\middlewares"><failure message="Expected linebreaks to be &apos;LF&apos; but found &apos;CRLF&apos;."><![CDATA[line 65, col 54, Error - Expected linebreaks to be &apos;LF&apos; but found &apos;CRLF&apos;. (linebreak-style)]]></failure></testcase>
<testcase time="0" name="org.eslint.indent" classname="C:\work\dyrectorio\web\crux-ui\src\server\middlewares"><failure message="Expected indentation of 10 spaces but found 12."><![CDATA[line 66, col 1, Error - Expected indentation of 10 spaces but found 12. (indent)]]></failure></testcase>
<testcase time="0" name="org.eslint.consistent-return" classname="C:\work\dyrectorio\web\crux-ui\src\server\middlewares"><failure message="Arrow function expected no return value."><![CDATA[line 66, col 13, Error - Arrow function expected no return value. (consistent-return)]]></failure></testcase>
<testcase time="0" name="org.eslint.linebreak-style" classname="C:\work\dyrectorio\web\crux-ui\src\server\middlewares"><failure message="Expected linebreaks to be &apos;LF&apos; but found &apos;CRLF&apos;."><![CDATA[line 66, col 37, Error - Expected linebreaks to be &apos;LF&apos; but found &apos;CRLF&apos;. (linebreak-style)]]></failure></testcase>
<testcase time="0" name="org.eslint.semi" classname="C:\work\dyrectorio\web\crux-ui\src\server\middlewares"><failure message="Missing semicolon."><![CDATA[line 66, col 37, Error - Missing semicolon. (semi)]]></failure></testcase>
<testcase time="0" name="org.eslint.indent" classname="C:\work\dyrectorio\web\crux-ui\src\server\middlewares"><failure message="Expected indentation of 8 spaces but found 10."><![CDATA[line 67, col 1, Error - Expected indentation of 8 spaces but found 10. (indent)]]></failure></testcase>
<testcase time="0" name="org.eslint.linebreak-style" classname="C:\work\dyrectorio\web\crux-ui\src\server\middlewares"><failure message="Expected linebreaks to be &apos;LF&apos; but found &apos;CRLF&apos;."><![CDATA[line 67, col 19, Error - Expected linebreaks to be &apos;LF&apos; but found &apos;CRLF&apos;. (linebreak-style)]]></failure></testcase>
<testcase time="0" name="org.eslint.indent" classname="C:\work\dyrectorio\web\crux-ui\src\server\middlewares"><failure message="Expected indentation of 10 spaces but found 12."><![CDATA[line 68, col 1, Error - Expected indentation of 10 spaces but found 12. (indent)]]></failure></testcase>
<testcase time="0" name="org.eslint.linebreak-style" classname="C:\work\dyrectorio\web\crux-ui\src\server\middlewares"><failure message="Expected linebreaks to be &apos;LF&apos; but found &apos;CRLF&apos;."><![CDATA[line 68, col 51, Error - Expected linebreaks to be &apos;LF&apos; but found &apos;CRLF&apos;. (linebreak-style)]]></failure></testcase>
<testcase time="0" name="org.eslint.semi" classname="C:\work\dyrectorio\web\crux-ui\src\server\middlewares"><failure message="Missing semicolon."><![CDATA[line 68, col 51, Error - Missing semicolon. (semi)]]></failure></testcase>
<testcase time="0" name="org.eslint.linebreak-style" classname="C:\work\dyrectorio\web\crux-ui\src\server\middlewares"><failure message="Expected linebreaks to be &apos;LF&apos; but found &apos;CRLF&apos;."><![CDATA[line 69, col 1, Error - Expected linebreaks to be &apos;LF&apos; but found &apos;CRLF&apos;. (linebreak-style)]]></failure></testcase>
<testcase time="0" name="org.eslint.indent" classname="C:\work\dyrectorio\web\crux-ui\src\server\middlewares"><failure message="Expected indentation of 10 spaces but found 12."><![CDATA[line 70, col 1, Error - Expected indentation of 10 spaces but found 12. (indent)]]></failure></testcase>
<testcase time="0" name="org.eslint.consistent-return" classname="C:\work\dyrectorio\web\crux-ui\src\server\middlewares"><failure message="Arrow function expected no return value."><![CDATA[line 70, col 13, Error - Arrow function expected no return value. (consistent-return)]]></failure></testcase>
<testcase time="0" name="org.eslint.linebreak-style" classname="C:\work\dyrectorio\web\crux-ui\src\server\middlewares"><failure message="Expected linebreaks to be &apos;LF&apos; but found &apos;CRLF&apos;."><![CDATA[line 70, col 95, Error - Expected linebreaks to be &apos;LF&apos; but found &apos;CRLF&apos;. (linebreak-style)]]></failure></testcase>
<testcase time="0" name="org.eslint.semi" classname="C:\work\dyrectorio\web\crux-ui\src\server\middlewares"><failure message="Missing semicolon."><![CDATA[line 70, col 95, Error - Missing semicolon. (semi)]]></failure></testcase>
<testcase time="0" name="org.eslint.indent" classname="C:\work\dyrectorio\web\crux-ui\src\server\middlewares"><failure message="Expected indentation of 8 spaces but found 10."><![CDATA[line 71, col 1, Error - Expected indentation of 8 spaces but found 10. (indent)]]></failure></testcase>
<testcase time="0" name="org.eslint.linebreak-style" classname="C:\work\dyrectorio\web\crux-ui\src\server\middlewares"><failure message="Expected linebreaks to be &apos;LF&apos; but found &apos;CRLF&apos;."><![CDATA[line 71, col 12, Error - Expected linebreaks to be &apos;LF&apos; but found &apos;CRLF&apos;. (linebreak-style)]]></failure></testcase>
<testcase time="0" name="org.eslint.indent" classname="C:\work\dyrectorio\web\crux-ui\src\server\middlewares"><failure message="Expected indentation of 6 spaces but found 8."><![CDATA[line 72, col 1, Error - Expected indentation of 6 spaces but found 8. (indent)]]></failure></testcase>
<testcase time="0" name="org.eslint.linebreak-style" classname="C:\work\dyrectorio\web\crux-ui\src\server\middlewares"><failure message="Expected linebreaks to be &apos;LF&apos; but found &apos;CRLF&apos;."><![CDATA[line 72, col 10, Error - Expected linebreaks to be &apos;LF&apos; but found &apos;CRLF&apos;. (linebreak-style)]]></failure></testcase>
<testcase time="0" name="org.eslint.semi" classname="C:\work\dyrectorio\web\crux-ui\src\server\middlewares"><failure message="Missing semicolon."><![CDATA[line 72, col 10, Error - Missing semicolon. (semi)]]></failure></testcase>
<testcase time="0" name="org.eslint.linebreak-style" classname="C:\work\dyrectorio\web\crux-ui\src\server\middlewares"><failure message="Expected linebreaks to be &apos;LF&apos; but found &apos;CRLF&apos;."><![CDATA[line 73, col 1, Error - Expected linebreaks to be &apos;LF&apos; but found &apos;CRLF&apos;. (linebreak-style)]]></failure></testcase>
<testcase time="0" name="org.eslint.linebreak-style" classname="C:\work\dyrectorio\web\crux-ui\src\server\middlewares"><failure message="Expected linebreaks to be &apos;LF&apos; but found &apos;CRLF&apos;."><![CDATA[line 74, col 79, Error - Expected linebreaks to be &apos;LF&apos; but found &apos;CRLF&apos;. (linebreak-style)]]></failure></testcase>
<testcase time="0" name="org.eslint.semi" classname="C:\work\dyrectorio\web\crux-ui\src\server\middlewares"><failure message="Missing semicolon."><![CDATA[line 74, col 79, Error - Missing semicolon. (semi)]]></failure></testcase>
<testcase time="0" name="org.eslint.linebreak-style" classname="C:\work\dyrectorio\web\crux-ui\src\server\middlewares"><failure message="Expected linebreaks to be &apos;LF&apos; but found &apos;CRLF&apos;."><![CDATA[line 75, col 2, Error - Expected linebreaks to be &apos;LF&apos; but found &apos;CRLF&apos;. (linebreak-style)]]></failure></testcase>
<testcase time="0" name="org.eslint.semi" classname="C:\work\dyrectorio\web\crux-ui\src\server\middlewares"><failure message="Missing semicolon."><![CDATA[line 75, col 2, Error - Missing semicolon. (semi)]]></failure></testcase>
</testsuite>
<testsuite package="org.eslint" time="0" tests="14" errors="14" name="C:\work\dyrectorio\web\crux-ui\src\server\package.ts">
<testcase time="0" name="org.eslint.linebreak-style" classname="C:\work\dyrectorio\web\crux-ui\src\server\package"><failure message="Expected linebreaks to be &apos;LF&apos; but found &apos;CRLF&apos;."><![CDATA[line 1, col 31, Error - Expected linebreaks to be &apos;LF&apos; but found &apos;CRLF&apos;. (linebreak-style)]]></failure></testcase>
<testcase time="0" name="org.eslint.semi" classname="C:\work\dyrectorio\web\crux-ui\src\server\package"><failure message="Missing semicolon."><![CDATA[line 1, col 31, Error - Missing semicolon. (semi)]]></failure></testcase>
<testcase time="0" name="org.eslint.linebreak-style" classname="C:\work\dyrectorio\web\crux-ui\src\server\package"><failure message="Expected linebreaks to be &apos;LF&apos; but found &apos;CRLF&apos;."><![CDATA[line 2, col 1, Error - Expected linebreaks to be &apos;LF&apos; but found &apos;CRLF&apos;. (linebreak-style)]]></failure></testcase>
<testcase time="0" name="org.eslint.linebreak-style" classname="C:\work\dyrectorio\web\crux-ui\src\server\package"><failure message="Expected linebreaks to be &apos;LF&apos; but found &apos;CRLF&apos;."><![CDATA[line 3, col 28, Error - Expected linebreaks to be &apos;LF&apos; but found &apos;CRLF&apos;. (linebreak-style)]]></failure></testcase>
<testcase time="0" name="org.eslint.linebreak-style" classname="C:\work\dyrectorio\web\crux-ui\src\server\package"><failure message="Expected linebreaks to be &apos;LF&apos; but found &apos;CRLF&apos;."><![CDATA[line 4, col 18, Error - Expected linebreaks to be &apos;LF&apos; but found &apos;CRLF&apos;. (linebreak-style)]]></failure></testcase>
<testcase time="0" name="org.eslint.linebreak-style" classname="C:\work\dyrectorio\web\crux-ui\src\server\package"><failure message="Expected linebreaks to be &apos;LF&apos; but found &apos;CRLF&apos;."><![CDATA[line 5, col 2, Error - Expected linebreaks to be &apos;LF&apos; but found &apos;CRLF&apos;. (linebreak-style)]]></failure></testcase>
<testcase time="0" name="org.eslint.linebreak-style" classname="C:\work\dyrectorio\web\crux-ui\src\server\package"><failure message="Expected linebreaks to be &apos;LF&apos; but found &apos;CRLF&apos;."><![CDATA[line 6, col 1, Error - Expected linebreaks to be &apos;LF&apos; but found &apos;CRLF&apos;. (linebreak-style)]]></failure></testcase>
<testcase time="0" name="org.eslint.linebreak-style" classname="C:\work\dyrectorio\web\crux-ui\src\server\package"><failure message="Expected linebreaks to be &apos;LF&apos; but found &apos;CRLF&apos;."><![CDATA[line 7, col 35, Error - Expected linebreaks to be &apos;LF&apos; but found &apos;CRLF&apos;. (linebreak-style)]]></failure></testcase>
<testcase time="0" name="org.eslint.linebreak-style" classname="C:\work\dyrectorio\web\crux-ui\src\server\package"><failure message="Expected linebreaks to be &apos;LF&apos; but found &apos;CRLF&apos;."><![CDATA[line 8, col 24, Error - Expected linebreaks to be &apos;LF&apos; but found &apos;CRLF&apos;. (linebreak-style)]]></failure></testcase>
<testcase time="0" name="org.eslint.linebreak-style" classname="C:\work\dyrectorio\web\crux-ui\src\server\package"><failure message="Expected linebreaks to be &apos;LF&apos; but found &apos;CRLF&apos;."><![CDATA[line 9, col 2, Error - Expected linebreaks to be &apos;LF&apos; but found &apos;CRLF&apos;. (linebreak-style)]]></failure></testcase>
<testcase time="0" name="org.eslint.semi" classname="C:\work\dyrectorio\web\crux-ui\src\server\package"><failure message="Missing semicolon."><![CDATA[line 9, col 2, Error - Missing semicolon. (semi)]]></failure></testcase>
<testcase time="0" name="org.eslint.linebreak-style" classname="C:\work\dyrectorio\web\crux-ui\src\server\package"><failure message="Expected linebreaks to be &apos;LF&apos; but found &apos;CRLF&apos;."><![CDATA[line 10, col 1, Error - Expected linebreaks to be &apos;LF&apos; but found &apos;CRLF&apos;. (linebreak-style)]]></failure></testcase>
<testcase time="0" name="org.eslint.linebreak-style" classname="C:\work\dyrectorio\web\crux-ui\src\server\package"><failure message="Expected linebreaks to be &apos;LF&apos; but found &apos;CRLF&apos;."><![CDATA[line 11, col 27, Error - Expected linebreaks to be &apos;LF&apos; but found &apos;CRLF&apos;. (linebreak-style)]]></failure></testcase>
<testcase time="0" name="org.eslint.semi" classname="C:\work\dyrectorio\web\crux-ui\src\server\package"><failure message="Missing semicolon."><![CDATA[line 11, col 27, Error - Missing semicolon. (semi)]]></failure></testcase>
</testsuite>
<testsuite package="org.eslint" time="0" tests="96" errors="96" name="C:\work\dyrectorio\web\crux-ui\src\server\registry-api\github-api-client.ts">
<testcase time="0" name="org.eslint.linebreak-style" classname="C:\work\dyrectorio\web\crux-ui\src\server\registry-api\github-api-client"><failure message="Expected linebreaks to be &apos;LF&apos; but found &apos;CRLF&apos;."><![CDATA[line 1, col 49, Error - Expected linebreaks to be &apos;LF&apos; but found &apos;CRLF&apos;. (linebreak-style)]]></failure></testcase>
<testcase time="0" name="org.eslint.semi" classname="C:\work\dyrectorio\web\crux-ui\src\server\registry-api\github-api-client"><failure message="Missing semicolon."><![CDATA[line 1, col 49, Error - Missing semicolon. (semi)]]></failure></testcase>
<testcase time="0" name="org.eslint.linebreak-style" classname="C:\work\dyrectorio\web\crux-ui\src\server\registry-api\github-api-client"><failure message="Expected linebreaks to be &apos;LF&apos; but found &apos;CRLF&apos;."><![CDATA[line 2, col 48, Error - Expected linebreaks to be &apos;LF&apos; but found &apos;CRLF&apos;. (linebreak-style)]]></failure></testcase>
<testcase time="0" name="org.eslint.semi" classname="C:\work\dyrectorio\web\crux-ui\src\server\registry-api\github-api-client"><failure message="Missing semicolon."><![CDATA[line 2, col 48, Error - Missing semicolon. (semi)]]></failure></testcase>
<testcase time="0" name="org.eslint.linebreak-style" classname="C:\work\dyrectorio\web\crux-ui\src\server\registry-api\github-api-client"><failure message="Expected linebreaks to be &apos;LF&apos; but found &apos;CRLF&apos;."><![CDATA[line 3, col 76, Error - Expected linebreaks to be &apos;LF&apos; but found &apos;CRLF&apos;. (linebreak-style)]]></failure></testcase>
<testcase time="0" name="org.eslint.semi" classname="C:\work\dyrectorio\web\crux-ui\src\server\registry-api\github-api-client"><failure message="Missing semicolon."><![CDATA[line 3, col 76, Error - Missing semicolon. (semi)]]></failure></testcase>
<testcase time="0" name="org.eslint.import/extensions" classname="C:\work\dyrectorio\web\crux-ui\src\server\registry-api\github-api-client"><failure message="Missing file extension &quot;ts&quot; for &quot;./registry-api-client&quot;"><![CDATA[line 4, col 35, Error - Missing file extension &quot;ts&quot; for &quot;./registry-api-client&quot; (import/extensions)]]></failure></testcase>
<testcase time="0" name="org.eslint.linebreak-style" classname="C:\work\dyrectorio\web\crux-ui\src\server\registry-api\github-api-client"><failure message="Expected linebreaks to be &apos;LF&apos; but found &apos;CRLF&apos;."><![CDATA[line 4, col 58, Error - Expected linebreaks to be &apos;LF&apos; but found &apos;CRLF&apos;. (linebreak-style)]]></failure></testcase>
<testcase time="0" name="org.eslint.semi" classname="C:\work\dyrectorio\web\crux-ui\src\server\registry-api\github-api-client"><failure message="Missing semicolon."><![CDATA[line 4, col 58, Error - Missing semicolon. (semi)]]></failure></testcase>
<testcase time="0" name="org.eslint.import/extensions" classname="C:\work\dyrectorio\web\crux-ui\src\server\registry-api\github-api-client"><failure message="Missing file extension &quot;ts&quot; for &quot;./v2-api-client&quot;"><![CDATA[line 5, col 97, Error - Missing file extension &quot;ts&quot; for &quot;./v2-api-client&quot; (import/extensions)]]></failure></testcase>
<testcase time="0" name="org.eslint.linebreak-style" classname="C:\work\dyrectorio\web\crux-ui\src\server\registry-api\github-api-client"><failure message="Expected linebreaks to be &apos;LF&apos; but found &apos;CRLF&apos;."><![CDATA[line 5, col 114, Error - Expected linebreaks to be &apos;LF&apos; but found &apos;CRLF&apos;. (linebreak-style)]]></failure></testcase>
<testcase time="0" name="org.eslint.semi" classname="C:\work\dyrectorio\web\crux-ui\src\server\registry-api\github-api-client"><failure message="Missing semicolon."><![CDATA[line 5, col 114, Error - Missing semicolon. (semi)]]></failure></testcase>
<testcase time="0" name="org.eslint.linebreak-style" classname="C:\work\dyrectorio\web\crux-ui\src\server\registry-api\github-api-client"><failure message="Expected linebreaks to be &apos;LF&apos; but found &apos;CRLF&apos;."><![CDATA[line 6, col 1, Error - Expected linebreaks to be &apos;LF&apos; but found &apos;CRLF&apos;. (linebreak-style)]]></failure></testcase>
<testcase time="0" name="org.eslint.import/prefer-default-export" classname="C:\work\dyrectorio\web\crux-ui\src\server\registry-api\github-api-client"><failure message="Prefer default export."><![CDATA[line 7, col 1, Error - Prefer default export. (import/prefer-default-export)]]></failure></testcase>
<testcase time="0" name="org.eslint.linebreak-style" classname="C:\work\dyrectorio\web\crux-ui\src\server\registry-api\github-api-client"><failure message="Expected linebreaks to be &apos;LF&apos; but found &apos;CRLF&apos;."><![CDATA[line 7, col 65, Error - Expected linebreaks to be &apos;LF&apos; but found &apos;CRLF&apos;. (linebreak-style)]]></failure></testcase>
<testcase time="0" name="org.eslint.no-undef" classname="C:\work\dyrectorio\web\crux-ui\src\server\registry-api\github-api-client"><failure message="&apos;HeadersInit&apos; is not defined."><![CDATA[line 8, col 29, Error - &apos;HeadersInit&apos; is not defined. (no-undef)]]></failure></testcase>
<testcase time="0" name="org.eslint.linebreak-style" classname="C:\work\dyrectorio\web\crux-ui\src\server\registry-api\github-api-client"><failure message="Expected linebreaks to be &apos;LF&apos; but found &apos;CRLF&apos;."><![CDATA[line 8, col 40, Error - Expected linebreaks to be &apos;LF&apos; but found &apos;CRLF&apos;. (linebreak-style)]]></failure></testcase>
<testcase time="0" name="org.eslint.semi" classname="C:\work\dyrectorio\web\crux-ui\src\server\registry-api\github-api-client"><failure message="Missing semicolon."><![CDATA[line 8, col 40, Error - Missing semicolon. (semi)]]></failure></testcase>
<testcase time="0" name="org.eslint.linebreak-style" classname="C:\work\dyrectorio\web\crux-ui\src\server\registry-api\github-api-client"><failure message="Expected linebreaks to be &apos;LF&apos; but found &apos;CRLF&apos;."><![CDATA[line 9, col 1, Error - Expected linebreaks to be &apos;LF&apos; but found &apos;CRLF&apos;. (linebreak-style)]]></failure></testcase>
<testcase time="0" name="org.eslint.linebreak-style" classname="C:\work\dyrectorio\web\crux-ui\src\server\registry-api\github-api-client"><failure message="Expected linebreaks to be &apos;LF&apos; but found &apos;CRLF&apos;."><![CDATA[line 10, col 83, Error - Expected linebreaks to be &apos;LF&apos; but found &apos;CRLF&apos;. (linebreak-style)]]></failure></testcase>
<testcase time="0" name="org.eslint.linebreak-style" classname="C:\work\dyrectorio\web\crux-ui\src\server\registry-api\github-api-client"><failure message="Expected linebreaks to be &apos;LF&apos; but found &apos;CRLF&apos;."><![CDATA[line 11, col 30, Error - Expected linebreaks to be &apos;LF&apos; but found &apos;CRLF&apos;. (linebreak-style)]]></failure></testcase>
<testcase time="0" name="org.eslint.linebreak-style" classname="C:\work\dyrectorio\web\crux-ui\src\server\registry-api\github-api-client"><failure message="Expected linebreaks to be &apos;LF&apos; but found &apos;CRLF&apos;."><![CDATA[line 12, col 62, Error - Expected linebreaks to be &apos;LF&apos; but found &apos;CRLF&apos;. (linebreak-style)]]></failure></testcase>
<testcase time="0" name="org.eslint.linebreak-style" classname="C:\work\dyrectorio\web\crux-ui\src\server\registry-api\github-api-client"><failure message="Expected linebreaks to be &apos;LF&apos; but found &apos;CRLF&apos;."><![CDATA[line 13, col 6, Error - Expected linebreaks to be &apos;LF&apos; but found &apos;CRLF&apos;. (linebreak-style)]]></failure></testcase>
<testcase time="0" name="org.eslint.semi" classname="C:\work\dyrectorio\web\crux-ui\src\server\registry-api\github-api-client"><failure message="Missing semicolon."><![CDATA[line 13, col 6, Error - Missing semicolon. (semi)]]></failure></testcase>
<testcase time="0" name="org.eslint.linebreak-style" classname="C:\work\dyrectorio\web\crux-ui\src\server\registry-api\github-api-client"><failure message="Expected linebreaks to be &apos;LF&apos; but found &apos;CRLF&apos;."><![CDATA[line 14, col 4, Error - Expected linebreaks to be &apos;LF&apos; but found &apos;CRLF&apos;. (linebreak-style)]]></failure></testcase>
<testcase time="0" name="org.eslint.linebreak-style" classname="C:\work\dyrectorio\web\crux-ui\src\server\registry-api\github-api-client"><failure message="Expected linebreaks to be &apos;LF&apos; but found &apos;CRLF&apos;."><![CDATA[line 15, col 1, Error - Expected linebreaks to be &apos;LF&apos; but found &apos;CRLF&apos;. (linebreak-style)]]></failure></testcase>
<testcase time="0" name="org.eslint.linebreak-style" classname="C:\work\dyrectorio\web\crux-ui\src\server\registry-api\github-api-client"><failure message="Expected linebreaks to be &apos;LF&apos; but found &apos;CRLF&apos;."><![CDATA[line 16, col 65, Error - Expected linebreaks to be &apos;LF&apos; but found &apos;CRLF&apos;. (linebreak-style)]]></failure></testcase>
<testcase time="0" name="org.eslint.linebreak-style" classname="C:\work\dyrectorio\web\crux-ui\src\server\registry-api\github-api-client"><failure message="Expected linebreaks to be &apos;LF&apos; but found &apos;CRLF&apos;."><![CDATA[line 17, col 114, Error - Expected linebreaks to be &apos;LF&apos; but found &apos;CRLF&apos;. (linebreak-style)]]></failure></testcase>
<testcase time="0" name="org.eslint.linebreak-style" classname="C:\work\dyrectorio\web\crux-ui\src\server\registry-api\github-api-client"><failure message="Expected linebreaks to be &apos;LF&apos; but found &apos;CRLF&apos;."><![CDATA[line 18, col 87, Error - Expected linebreaks to be &apos;LF&apos; but found &apos;CRLF&apos;. (linebreak-style)]]></failure></testcase>
<testcase time="0" name="org.eslint.linebreak-style" classname="C:\work\dyrectorio\web\crux-ui\src\server\registry-api\github-api-client"><failure message="Expected linebreaks to be &apos;LF&apos; but found &apos;CRLF&apos;."><![CDATA[line 19, col 7, Error - Expected linebreaks to be &apos;LF&apos; but found &apos;CRLF&apos;. (linebreak-style)]]></failure></testcase>
<testcase time="0" name="org.eslint.semi" classname="C:\work\dyrectorio\web\crux-ui\src\server\registry-api\github-api-client"><failure message="Missing semicolon."><![CDATA[line 19, col 7, Error - Missing semicolon. (semi)]]></failure></testcase>
<testcase time="0" name="org.eslint.linebreak-style" classname="C:\work\dyrectorio\web\crux-ui\src\server\registry-api\github-api-client"><failure message="Expected linebreaks to be &apos;LF&apos; but found &apos;CRLF&apos;."><![CDATA[line 20, col 1, Error - Expected linebreaks to be &apos;LF&apos; but found &apos;CRLF&apos;. (linebreak-style)]]></failure></testcase>
<testcase time="0" name="org.eslint.linebreak-style" classname="C:\work\dyrectorio\web\crux-ui\src\server\registry-api\github-api-client"><failure message="Expected linebreaks to be &apos;LF&apos; but found &apos;CRLF&apos;."><![CDATA[line 21, col 19, Error - Expected linebreaks to be &apos;LF&apos; but found &apos;CRLF&apos;. (linebreak-style)]]></failure></testcase>
<testcase time="0" name="org.eslint.linebreak-style" classname="C:\work\dyrectorio\web\crux-ui\src\server\registry-api\github-api-client"><failure message="Expected linebreaks to be &apos;LF&apos; but found &apos;CRLF&apos;."><![CDATA[line 22, col 105, Error - Expected linebreaks to be &apos;LF&apos; but found &apos;CRLF&apos;. (linebreak-style)]]></failure></testcase>
<testcase time="0" name="org.eslint.semi" classname="C:\work\dyrectorio\web\crux-ui\src\server\registry-api\github-api-client"><failure message="Missing semicolon."><![CDATA[line 22, col 105, Error - Missing semicolon. (semi)]]></failure></testcase>
<testcase time="0" name="org.eslint.linebreak-style" classname="C:\work\dyrectorio\web\crux-ui\src\server\registry-api\github-api-client"><failure message="Expected linebreaks to be &apos;LF&apos; but found &apos;CRLF&apos;."><![CDATA[line 23, col 95, Error - Expected linebreaks to be &apos;LF&apos; but found &apos;CRLF&apos;. (linebreak-style)]]></failure></testcase>
<testcase time="0" name="org.eslint.semi" classname="C:\work\dyrectorio\web\crux-ui\src\server\registry-api\github-api-client"><failure message="Missing semicolon."><![CDATA[line 23, col 95, Error - Missing semicolon. (semi)]]></failure></testcase>
<testcase time="0" name="org.eslint.linebreak-style" classname="C:\work\dyrectorio\web\crux-ui\src\server\registry-api\github-api-client"><failure message="Expected linebreaks to be &apos;LF&apos; but found &apos;CRLF&apos;."><![CDATA[line 24, col 6, Error - Expected linebreaks to be &apos;LF&apos; but found &apos;CRLF&apos;. (linebreak-style)]]></failure></testcase>
<testcase time="0" name="org.eslint.linebreak-style" classname="C:\work\dyrectorio\web\crux-ui\src\server\registry-api\github-api-client"><failure message="Expected linebreaks to be &apos;LF&apos; but found &apos;CRLF&apos;."><![CDATA[line 25, col 1, Error - Expected linebreaks to be &apos;LF&apos; but found &apos;CRLF&apos;. (linebreak-style)]]></failure></testcase>
<testcase time="0" name="org.eslint.linebreak-style" classname="C:\work\dyrectorio\web\crux-ui\src\server\registry-api\github-api-client"><failure message="Expected linebreaks to be &apos;LF&apos; but found &apos;CRLF&apos;."><![CDATA[line 26, col 58, Error - Expected linebreaks to be &apos;LF&apos; but found &apos;CRLF&apos;. (linebreak-style)]]></failure></testcase>
<testcase time="0" name="org.eslint.semi" classname="C:\work\dyrectorio\web\crux-ui\src\server\registry-api\github-api-client"><failure message="Missing semicolon."><![CDATA[line 26, col 58, Error - Missing semicolon. (semi)]]></failure></testcase>
<testcase time="0" name="org.eslint.arrow-parens" classname="C:\work\dyrectorio\web\crux-ui\src\server\registry-api\github-api-client"><failure message="Expected parentheses around arrow function argument."><![CDATA[line 27, col 39, Error - Expected parentheses around arrow function argument. (arrow-parens)]]></failure></testcase>
<testcase time="0" name="org.eslint.linebreak-style" classname="C:\work\dyrectorio\web\crux-ui\src\server\registry-api\github-api-client"><failure message="Expected linebreaks to be &apos;LF&apos; but found &apos;CRLF&apos;."><![CDATA[line 27, col 65, Error - Expected linebreaks to be &apos;LF&apos; but found &apos;CRLF&apos;. (linebreak-style)]]></failure></testcase>
<testcase time="0" name="org.eslint.semi" classname="C:\work\dyrectorio\web\crux-ui\src\server\registry-api\github-api-client"><failure message="Missing semicolon."><![CDATA[line 27, col 65, Error - Missing semicolon. (semi)]]></failure></testcase>
<testcase time="0" name="org.eslint.arrow-parens" classname="C:\work\dyrectorio\web\crux-ui\src\server\registry-api\github-api-client"><failure message="Expected parentheses around arrow function argument."><![CDATA[line 28, col 32, Error - Expected parentheses around arrow function argument. (arrow-parens)]]></failure></testcase>
<testcase time="0" name="org.eslint.linebreak-style" classname="C:\work\dyrectorio\web\crux-ui\src\server\registry-api\github-api-client"><failure message="Expected linebreaks to be &apos;LF&apos; but found &apos;CRLF&apos;."><![CDATA[line 28, col 71, Error - Expected linebreaks to be &apos;LF&apos; but found &apos;CRLF&apos;. (linebreak-style)]]></failure></testcase>
<testcase time="0" name="org.eslint.semi" classname="C:\work\dyrectorio\web\crux-ui\src\server\registry-api\github-api-client"><failure message="Missing semicolon."><![CDATA[line 28, col 71, Error - Missing semicolon. (semi)]]></failure></testcase>
<testcase time="0" name="org.eslint.linebreak-style" classname="C:\work\dyrectorio\web\crux-ui\src\server\registry-api\github-api-client"><failure message="Expected linebreaks to be &apos;LF&apos; but found &apos;CRLF&apos;."><![CDATA[line 29, col 4, Error - Expected linebreaks to be &apos;LF&apos; but found &apos;CRLF&apos;. (linebreak-style)]]></failure></testcase>
<testcase time="0" name="org.eslint.linebreak-style" classname="C:\work\dyrectorio\web\crux-ui\src\server\registry-api\github-api-client"><failure message="Expected linebreaks to be &apos;LF&apos; but found &apos;CRLF&apos;."><![CDATA[line 30, col 1, Error - Expected linebreaks to be &apos;LF&apos; but found &apos;CRLF&apos;. (linebreak-style)]]></failure></testcase>
<testcase time="0" name="org.eslint.linebreak-style" classname="C:\work\dyrectorio\web\crux-ui\src\server\registry-api\github-api-client"><failure message="Expected linebreaks to be &apos;LF&apos; but found &apos;CRLF&apos;."><![CDATA[line 31, col 58, Error - Expected linebreaks to be &apos;LF&apos; but found &apos;CRLF&apos;. (linebreak-style)]]></failure></testcase>
<testcase time="0" name="org.eslint.linebreak-style" classname="C:\work\dyrectorio\web\crux-ui\src\server\registry-api\github-api-client"><failure message="Expected linebreaks to be &apos;LF&apos; but found &apos;CRLF&apos;."><![CDATA[line 32, col 34, Error - Expected linebreaks to be &apos;LF&apos; but found &apos;CRLF&apos;. (linebreak-style)]]></failure></testcase>
<testcase time="0" name="org.eslint.linebreak-style" classname="C:\work\dyrectorio\web\crux-ui\src\server\registry-api\github-api-client"><failure message="Expected linebreaks to be &apos;LF&apos; but found &apos;CRLF&apos;."><![CDATA[line 33, col 129, Error - Expected linebreaks to be &apos;LF&apos; but found &apos;CRLF&apos;. (linebreak-style)]]></failure></testcase>
<testcase time="0" name="org.eslint.linebreak-style" classname="C:\work\dyrectorio\web\crux-ui\src\server\registry-api\github-api-client"><failure message="Expected linebreaks to be &apos;LF&apos; but found &apos;CRLF&apos;."><![CDATA[line 34, col 8, Error - Expected linebreaks to be &apos;LF&apos; but found &apos;CRLF&apos;. (linebreak-style)]]></failure></testcase>
<testcase time="0" name="org.eslint.linebreak-style" classname="C:\work\dyrectorio\web\crux-ui\src\server\registry-api\github-api-client"><failure message="Expected linebreaks to be &apos;LF&apos; but found &apos;CRLF&apos;."><![CDATA[line 35, col 40, Error - Expected linebreaks to be &apos;LF&apos; but found &apos;CRLF&apos;. (linebreak-style)]]></failure></testcase>
<testcase time="0" name="org.eslint.linebreak-style" classname="C:\work\dyrectorio\web\crux-ui\src\server\registry-api\github-api-client"><failure message="Expected linebreaks to be &apos;LF&apos; but found &apos;CRLF&apos;."><![CDATA[line 36, col 9, Error - Expected linebreaks to be &apos;LF&apos; but found &apos;CRLF&apos;. (linebreak-style)]]></failure></testcase>
<testcase time="0" name="org.eslint.linebreak-style" classname="C:\work\dyrectorio\web\crux-ui\src\server\registry-api\github-api-client"><failure message="Expected linebreaks to be &apos;LF&apos; but found &apos;CRLF&apos;."><![CDATA[line 37, col 6, Error - Expected linebreaks to be &apos;LF&apos; but found &apos;CRLF&apos;. (linebreak-style)]]></failure></testcase>
<testcase time="0" name="org.eslint.semi" classname="C:\work\dyrectorio\web\crux-ui\src\server\registry-api\github-api-client"><failure message="Missing semicolon."><![CDATA[line 37, col 6, Error - Missing semicolon. (semi)]]></failure></testcase>
<testcase time="0" name="org.eslint.linebreak-style" classname="C:\work\dyrectorio\web\crux-ui\src\server\registry-api\github-api-client"><failure message="Expected linebreaks to be &apos;LF&apos; but found &apos;CRLF&apos;."><![CDATA[line 38, col 24, Error - Expected linebreaks to be &apos;LF&apos; but found &apos;CRLF&apos;. (linebreak-style)]]></failure></testcase>
<testcase time="0" name="org.eslint.linebreak-style" classname="C:\work\dyrectorio\web\crux-ui\src\server\registry-api\github-api-client"><failure message="Expected linebreaks to be &apos;LF&apos; but found &apos;CRLF&apos;."><![CDATA[line 39, col 111, Error - Expected linebreaks to be &apos;LF&apos; but found &apos;CRLF&apos;. (linebreak-style)]]></failure></testcase>
<testcase time="0" name="org.eslint.semi" classname="C:\work\dyrectorio\web\crux-ui\src\server\registry-api\github-api-client"><failure message="Missing semicolon."><![CDATA[line 39, col 111, Error - Missing semicolon. (semi)]]></failure></testcase>
<testcase time="0" name="org.eslint.linebreak-style" classname="C:\work\dyrectorio\web\crux-ui\src\server\registry-api\github-api-client"><failure message="Expected linebreaks to be &apos;LF&apos; but found &apos;CRLF&apos;."><![CDATA[line 40, col 100, Error - Expected linebreaks to be &apos;LF&apos; but found &apos;CRLF&apos;. (linebreak-style)]]></failure></testcase>
<testcase time="0" name="org.eslint.semi" classname="C:\work\dyrectorio\web\crux-ui\src\server\registry-api\github-api-client"><failure message="Missing semicolon."><![CDATA[line 40, col 100, Error - Missing semicolon. (semi)]]></failure></testcase>
<testcase time="0" name="org.eslint.linebreak-style" classname="C:\work\dyrectorio\web\crux-ui\src\server\registry-api\github-api-client"><failure message="Expected linebreaks to be &apos;LF&apos; but found &apos;CRLF&apos;."><![CDATA[line 41, col 6, Error - Expected linebreaks to be &apos;LF&apos; but found &apos;CRLF&apos;. (linebreak-style)]]></failure></testcase>
<testcase time="0" name="org.eslint.linebreak-style" classname="C:\work\dyrectorio\web\crux-ui\src\server\registry-api\github-api-client"><failure message="Expected linebreaks to be &apos;LF&apos; but found &apos;CRLF&apos;."><![CDATA[line 42, col 1, Error - Expected linebreaks to be &apos;LF&apos; but found &apos;CRLF&apos;. (linebreak-style)]]></failure></testcase>
<testcase time="0" name="org.eslint.linebreak-style" classname="C:\work\dyrectorio\web\crux-ui\src\server\registry-api\github-api-client"><failure message="Expected linebreaks to be &apos;LF&apos; but found &apos;CRLF&apos;."><![CDATA[line 43, col 72, Error - Expected linebreaks to be &apos;LF&apos; but found &apos;CRLF&apos;. (linebreak-style)]]></failure></testcase>
<testcase time="0" name="org.eslint.semi" classname="C:\work\dyrectorio\web\crux-ui\src\server\registry-api\github-api-client"><failure message="Missing semicolon."><![CDATA[line 43, col 72, Error - Missing semicolon. (semi)]]></failure></testcase>
<testcase time="0" name="org.eslint.linebreak-style" classname="C:\work\dyrectorio\web\crux-ui\src\server\registry-api\github-api-client"><failure message="Expected linebreaks to be &apos;LF&apos; but found &apos;CRLF&apos;."><![CDATA[line 44, col 1, Error - Expected linebreaks to be &apos;LF&apos; but found &apos;CRLF&apos;. (linebreak-style)]]></failure></testcase>
<testcase time="0" name="org.eslint.linebreak-style" classname="C:\work\dyrectorio\web\crux-ui\src\server\registry-api\github-api-client"><failure message="Expected linebreaks to be &apos;LF&apos; but found &apos;CRLF&apos;."><![CDATA[line 45, col 48, Error - Expected linebreaks to be &apos;LF&apos; but found &apos;CRLF&apos;. (linebreak-style)]]></failure></testcase>
<testcase time="0" name="org.eslint.implicit-arrow-linebreak" classname="C:\work\dyrectorio\web\crux-ui\src\server\registry-api\github-api-client"><failure message="Expected no linebreak before this expression."><![CDATA[line 46, col 7, Error - Expected no linebreak before this expression. (implicit-arrow-linebreak)]]></failure></testcase>
<testcase time="0" name="org.eslint.no-return-await" classname="C:\work\dyrectorio\web\crux-ui\src\server\registry-api\github-api-client"><failure message="Redundant use of `await` on a return value."><![CDATA[line 46, col 7, Error - Redundant use of `await` on a return value. (no-return-await)]]></failure></testcase>
<testcase time="0" name="org.eslint.linebreak-style" classname="C:\work\dyrectorio\web\crux-ui\src\server\registry-api\github-api-client"><failure message="Expected linebreaks to be &apos;LF&apos; but found &apos;CRLF&apos;."><![CDATA[line 46, col 69, Error - Expected linebreaks to be &apos;LF&apos; but found &apos;CRLF&apos;. (linebreak-style)]]></failure></testcase>
<testcase time="0" name="org.eslint.linebreak-style" classname="C:\work\dyrectorio\web\crux-ui\src\server\registry-api\github-api-client"><failure message="Expected linebreaks to be &apos;LF&apos; but found &apos;CRLF&apos;."><![CDATA[line 47, col 19, Error - Expected linebreaks to be &apos;LF&apos; but found &apos;CRLF&apos;. (linebreak-style)]]></failure></testcase>
<testcase time="0" name="org.eslint.linebreak-style" classname="C:\work\dyrectorio\web\crux-ui\src\server\registry-api\github-api-client"><failure message="Expected linebreaks to be &apos;LF&apos; but found &apos;CRLF&apos;."><![CDATA[line 48, col 44, Error - Expected linebreaks to be &apos;LF&apos; but found &apos;CRLF&apos;. (linebreak-style)]]></failure></testcase>
<testcase time="0" name="org.eslint.linebreak-style" classname="C:\work\dyrectorio\web\crux-ui\src\server\registry-api\github-api-client"><failure message="Expected linebreaks to be &apos;LF&apos; but found &apos;CRLF&apos;."><![CDATA[line 49, col 11, Error - Expected linebreaks to be &apos;LF&apos; but found &apos;CRLF&apos;. (linebreak-style)]]></failure></testcase>
<testcase time="0" name="org.eslint.linebreak-style" classname="C:\work\dyrectorio\web\crux-ui\src\server\registry-api\github-api-client"><failure message="Expected linebreaks to be &apos;LF&apos; but found &apos;CRLF&apos;."><![CDATA[line 50, col 9, Error - Expected linebreaks to be &apos;LF&apos; but found &apos;CRLF&apos;. (linebreak-style)]]></failure></testcase>
<testcase time="0" name="org.eslint.semi" classname="C:\work\dyrectorio\web\crux-ui\src\server\registry-api\github-api-client"><failure message="Missing semicolon."><![CDATA[line 50, col 9, Error - Missing semicolon. (semi)]]></failure></testcase>
<testcase time="0" name="org.eslint.linebreak-style" classname="C:\work\dyrectorio\web\crux-ui\src\server\registry-api\github-api-client"><failure message="Expected linebreaks to be &apos;LF&apos; but found &apos;CRLF&apos;."><![CDATA[line 51, col 1, Error - Expected linebreaks to be &apos;LF&apos; but found &apos;CRLF&apos;. (linebreak-style)]]></failure></testcase>
<testcase time="0" name="org.eslint.linebreak-style" classname="C:\work\dyrectorio\web\crux-ui\src\server\registry-api\github-api-client"><failure message="Expected linebreaks to be &apos;LF&apos; but found &apos;CRLF&apos;."><![CDATA[line 52, col 118, Error - Expected linebreaks to be &apos;LF&apos; but found &apos;CRLF&apos;. (linebreak-style)]]></failure></testcase>
<testcase time="0" name="org.eslint.semi" classname="C:\work\dyrectorio\web\crux-ui\src\server\registry-api\github-api-client"><failure message="Missing semicolon."><![CDATA[line 52, col 118, Error - Missing semicolon. (semi)]]></failure></testcase>
<testcase time="0" name="org.eslint.linebreak-style" classname="C:\work\dyrectorio\web\crux-ui\src\server\registry-api\github-api-client"><failure message="Expected linebreaks to be &apos;LF&apos; but found &apos;CRLF&apos;."><![CDATA[line 53, col 19, Error - Expected linebreaks to be &apos;LF&apos; but found &apos;CRLF&apos;. (linebreak-style)]]></failure></testcase>
<testcase time="0" name="org.eslint.linebreak-style" classname="C:\work\dyrectorio\web\crux-ui\src\server\registry-api\github-api-client"><failure message="Expected linebreaks to be &apos;LF&apos; but found &apos;CRLF&apos;."><![CDATA[line 54, col 101, Error - Expected linebreaks to be &apos;LF&apos; but found &apos;CRLF&apos;. (linebreak-style)]]></failure></testcase>
<testcase time="0" name="org.eslint.semi" classname="C:\work\dyrectorio\web\crux-ui\src\server\registry-api\github-api-client"><failure message="Missing semicolon."><![CDATA[line 54, col 101, Error - Missing semicolon. (semi)]]></failure></testcase>
<testcase time="0" name="org.eslint.linebreak-style" classname="C:\work\dyrectorio\web\crux-ui\src\server\registry-api\github-api-client"><failure message="Expected linebreaks to be &apos;LF&apos; but found &apos;CRLF&apos;."><![CDATA[line 55, col 95, Error - Expected linebreaks to be &apos;LF&apos; but found &apos;CRLF&apos;. (linebreak-style)]]></failure></testcase>
<testcase time="0" name="org.eslint.semi" classname="C:\work\dyrectorio\web\crux-ui\src\server\registry-api\github-api-client"><failure message="Missing semicolon."><![CDATA[line 55, col 95, Error - Missing semicolon. (semi)]]></failure></testcase>
<testcase time="0" name="org.eslint.linebreak-style" classname="C:\work\dyrectorio\web\crux-ui\src\server\registry-api\github-api-client"><failure message="Expected linebreaks to be &apos;LF&apos; but found &apos;CRLF&apos;."><![CDATA[line 56, col 6, Error - Expected linebreaks to be &apos;LF&apos; but found &apos;CRLF&apos;. (linebreak-style)]]></failure></testcase>
<testcase time="0" name="org.eslint.linebreak-style" classname="C:\work\dyrectorio\web\crux-ui\src\server\registry-api\github-api-client"><failure message="Expected linebreaks to be &apos;LF&apos; but found &apos;CRLF&apos;."><![CDATA[line 57, col 1, Error - Expected linebreaks to be &apos;LF&apos; but found &apos;CRLF&apos;. (linebreak-style)]]></failure></testcase>
<testcase time="0" name="org.eslint.linebreak-style" classname="C:\work\dyrectorio\web\crux-ui\src\server\registry-api\github-api-client"><failure message="Expected linebreaks to be &apos;LF&apos; but found &apos;CRLF&apos;."><![CDATA[line 58, col 59, Error - Expected linebreaks to be &apos;LF&apos; but found &apos;CRLF&apos;. (linebreak-style)]]></failure></testcase>
<testcase time="0" name="org.eslint.semi" classname="C:\work\dyrectorio\web\crux-ui\src\server\registry-api\github-api-client"><failure message="Missing semicolon."><![CDATA[line 58, col 59, Error - Missing semicolon. (semi)]]></failure></testcase>
<testcase time="0" name="org.eslint.linebreak-style" classname="C:\work\dyrectorio\web\crux-ui\src\server\registry-api\github-api-client"><failure message="Expected linebreaks to be &apos;LF&apos; but found &apos;CRLF&apos;."><![CDATA[line 59, col 13, Error - Expected linebreaks to be &apos;LF&apos; but found &apos;CRLF&apos;. (linebreak-style)]]></failure></testcase>
<testcase time="0" name="org.eslint.linebreak-style" classname="C:\work\dyrectorio\web\crux-ui\src\server\registry-api\github-api-client"><failure message="Expected linebreaks to be &apos;LF&apos; but found &apos;CRLF&apos;."><![CDATA[line 60, col 19, Error - Expected linebreaks to be &apos;LF&apos; but found &apos;CRLF&apos;. (linebreak-style)]]></failure></testcase>
<testcase time="0" name="org.eslint.arrow-parens" classname="C:\work\dyrectorio\web\crux-ui\src\server\registry-api\github-api-client"><failure message="Expected parentheses around arrow function argument."><![CDATA[line 61, col 26, Error - Expected parentheses around arrow function argument. (arrow-parens)]]></failure></testcase>
<testcase time="0" name="org.eslint.linebreak-style" classname="C:\work\dyrectorio\web\crux-ui\src\server\registry-api\github-api-client"><failure message="Expected linebreaks to be &apos;LF&apos; but found &apos;CRLF&apos;."><![CDATA[line 61, col 41, Error - Expected linebreaks to be &apos;LF&apos; but found &apos;CRLF&apos;. (linebreak-style)]]></failure></testcase>
<testcase time="0" name="org.eslint.linebreak-style" classname="C:\work\dyrectorio\web\crux-ui\src\server\registry-api\github-api-client"><failure message="Expected linebreaks to be &apos;LF&apos; but found &apos;CRLF&apos;."><![CDATA[line 62, col 6, Error - Expected linebreaks to be &apos;LF&apos; but found &apos;CRLF&apos;. (linebreak-style)]]></failure></testcase>
<testcase time="0" name="org.eslint.semi" classname="C:\work\dyrectorio\web\crux-ui\src\server\registry-api\github-api-client"><failure message="Missing semicolon."><![CDATA[line 62, col 6, Error - Missing semicolon. (semi)]]></failure></testcase>
<testcase time="0" name="org.eslint.linebreak-style" classname="C:\work\dyrectorio\web\crux-ui\src\server\registry-api\github-api-client"><failure message="Expected linebreaks to be &apos;LF&apos; but found &apos;CRLF&apos;."><![CDATA[line 63, col 4, Error - Expected linebreaks to be &apos;LF&apos; but found &apos;CRLF&apos;. (linebreak-style)]]></failure></testcase>
<testcase time="0" name="org.eslint.linebreak-style" classname="C:\work\dyrectorio\web\crux-ui\src\server\registry-api\github-api-client"><failure message="Expected linebreaks to be &apos;LF&apos; but found &apos;CRLF&apos;."><![CDATA[line 64, col 2, Error - Expected linebreaks to be &apos;LF&apos; but found &apos;CRLF&apos;. (linebreak-style)]]></failure></testcase>
</testsuite>
<testsuite package="org.eslint" time="0" tests="142" errors="142" name="C:\work\dyrectorio\web\crux-ui\src\server\registry-api\gitlab-api-client.ts">
<testcase time="0" name="org.eslint.linebreak-style" classname="C:\work\dyrectorio\web\crux-ui\src\server\registry-api\gitlab-api-client"><failure message="Expected linebreaks to be &apos;LF&apos; but found &apos;CRLF&apos;."><![CDATA[line 1, col 48, Error - Expected linebreaks to be &apos;LF&apos; but found &apos;CRLF&apos;. (linebreak-style)]]></failure></testcase>
<testcase time="0" name="org.eslint.semi" classname="C:\work\dyrectorio\web\crux-ui\src\server\registry-api\gitlab-api-client"><failure message="Missing semicolon."><![CDATA[line 1, col 48, Error - Missing semicolon. (semi)]]></failure></testcase>
<testcase time="0" name="org.eslint.linebreak-style" classname="C:\work\dyrectorio\web\crux-ui\src\server\registry-api\gitlab-api-client"><failure message="Expected linebreaks to be &apos;LF&apos; but found &apos;CRLF&apos;."><![CDATA[line 2, col 91, Error - Expected linebreaks to be &apos;LF&apos; but found &apos;CRLF&apos;. (linebreak-style)]]></failure></testcase>
<testcase time="0" name="org.eslint.semi" classname="C:\work\dyrectorio\web\crux-ui\src\server\registry-api\gitlab-api-client"><failure message="Missing semicolon."><![CDATA[line 2, col 91, Error - Missing semicolon. (semi)]]></failure></testcase>
<testcase time="0" name="org.eslint.import/extensions" classname="C:\work\dyrectorio\web\crux-ui\src\server\registry-api\gitlab-api-client"><failure message="Missing file extension &quot;ts&quot; for &quot;./registry-api-client&quot;"><![CDATA[line 3, col 35, Error - Missing file extension &quot;ts&quot; for &quot;./registry-api-client&quot; (import/extensions)]]></failure></testcase>
<testcase time="0" name="org.eslint.linebreak-style" classname="C:\work\dyrectorio\web\crux-ui\src\server\registry-api\gitlab-api-client"><failure message="Expected linebreaks to be &apos;LF&apos; but found &apos;CRLF&apos;."><![CDATA[line 3, col 58, Error - Expected linebreaks to be &apos;LF&apos; but found &apos;CRLF&apos;. (linebreak-style)]]></failure></testcase>
<testcase time="0" name="org.eslint.semi" classname="C:\work\dyrectorio\web\crux-ui\src\server\registry-api\gitlab-api-client"><failure message="Missing semicolon."><![CDATA[line 3, col 58, Error - Missing semicolon. (semi)]]></failure></testcase>
<testcase time="0" name="org.eslint.import/extensions" classname="C:\work\dyrectorio\web\crux-ui\src\server\registry-api\gitlab-api-client"><failure message="Missing file extension &quot;ts&quot; for &quot;./v2-api-client&quot;"><![CDATA[line 4, col 65, Error - Missing file extension &quot;ts&quot; for &quot;./v2-api-client&quot; (import/extensions)]]></failure></testcase>
<testcase time="0" name="org.eslint.linebreak-style" classname="C:\work\dyrectorio\web\crux-ui\src\server\registry-api\gitlab-api-client"><failure message="Expected linebreaks to be &apos;LF&apos; but found &apos;CRLF&apos;."><![CDATA[line 4, col 82, Error - Expected linebreaks to be &apos;LF&apos; but found &apos;CRLF&apos;. (linebreak-style)]]></failure></testcase>
<testcase time="0" name="org.eslint.semi" classname="C:\work\dyrectorio\web\crux-ui\src\server\registry-api\gitlab-api-client"><failure message="Missing semicolon."><![CDATA[line 4, col 82, Error - Missing semicolon. (semi)]]></failure></testcase>
<testcase time="0" name="org.eslint.linebreak-style" classname="C:\work\dyrectorio\web\crux-ui\src\server\registry-api\gitlab-api-client"><failure message="Expected linebreaks to be &apos;LF&apos; but found &apos;CRLF&apos;."><![CDATA[line 5, col 1, Error - Expected linebreaks to be &apos;LF&apos; but found &apos;CRLF&apos;. (linebreak-style)]]></failure></testcase>
<testcase time="0" name="org.eslint.linebreak-style" classname="C:\work\dyrectorio\web\crux-ui\src\server\registry-api\gitlab-api-client"><failure message="Expected linebreaks to be &apos;LF&apos; but found &apos;CRLF&apos;."><![CDATA[line 6, col 41, Error - Expected linebreaks to be &apos;LF&apos; but found &apos;CRLF&apos;. (linebreak-style)]]></failure></testcase>
<testcase time="0" name="org.eslint.linebreak-style" classname="C:\work\dyrectorio\web\crux-ui\src\server\registry-api\gitlab-api-client"><failure message="Expected linebreaks to be &apos;LF&apos; but found &apos;CRLF&apos;."><![CDATA[line 7, col 17, Error - Expected linebreaks to be &apos;LF&apos; but found &apos;CRLF&apos;. (linebreak-style)]]></failure></testcase>
<testcase time="0" name="org.eslint.linebreak-style" classname="C:\work\dyrectorio\web\crux-ui\src\server\registry-api\gitlab-api-client"><failure message="Expected linebreaks to be &apos;LF&apos; but found &apos;CRLF&apos;."><![CDATA[line 8, col 22, Error - Expected linebreaks to be &apos;LF&apos; but found &apos;CRLF&apos;. (linebreak-style)]]></failure></testcase>
<testcase time="0" name="org.eslint.linebreak-style" classname="C:\work\dyrectorio\web\crux-ui\src\server\registry-api\gitlab-api-client"><failure message="Expected linebreaks to be &apos;LF&apos; but found &apos;CRLF&apos;."><![CDATA[line 9, col 2, Error - Expected linebreaks to be &apos;LF&apos; but found &apos;CRLF&apos;. (linebreak-style)]]></failure></testcase>
<testcase time="0" name="org.eslint.linebreak-style" classname="C:\work\dyrectorio\web\crux-ui\src\server\registry-api\gitlab-api-client"><failure message="Expected linebreaks to be &apos;LF&apos; but found &apos;CRLF&apos;."><![CDATA[line 10, col 1, Error - Expected linebreaks to be &apos;LF&apos; but found &apos;CRLF&apos;. (linebreak-style)]]></failure></testcase>
<testcase time="0" name="org.eslint.linebreak-style" classname="C:\work\dyrectorio\web\crux-ui\src\server\registry-api\gitlab-api-client"><failure message="Expected linebreaks to be &apos;LF&apos; but found &apos;CRLF&apos;."><![CDATA[line 11, col 65, Error - Expected linebreaks to be &apos;LF&apos; but found &apos;CRLF&apos;. (linebreak-style)]]></failure></testcase>
<testcase time="0" name="org.eslint.no-undef" classname="C:\work\dyrectorio\web\crux-ui\src\server\registry-api\gitlab-api-client"><failure message="&apos;HeadersInit&apos; is not defined."><![CDATA[line 12, col 29, Error - &apos;HeadersInit&apos; is not defined. (no-undef)]]></failure></testcase>
<testcase time="0" name="org.eslint.linebreak-style" classname="C:\work\dyrectorio\web\crux-ui\src\server\registry-api\gitlab-api-client"><failure message="Expected linebreaks to be &apos;LF&apos; but found &apos;CRLF&apos;."><![CDATA[line 12, col 40, Error - Expected linebreaks to be &apos;LF&apos; but found &apos;CRLF&apos;. (linebreak-style)]]></failure></testcase>
<testcase time="0" name="org.eslint.semi" classname="C:\work\dyrectorio\web\crux-ui\src\server\registry-api\gitlab-api-client"><failure message="Missing semicolon."><![CDATA[line 12, col 40, Error - Missing semicolon. (semi)]]></failure></testcase>
<testcase time="0" name="org.eslint.lines-between-class-members" classname="C:\work\dyrectorio\web\crux-ui\src\server\registry-api\gitlab-api-client"><failure message="Expected blank line between class members."><![CDATA[line 13, col 3, Error - Expected blank line between class members. (lines-between-class-members)]]></failure></testcase>
<testcase time="0" name="org.eslint.no-undef" classname="C:\work\dyrectorio\web\crux-ui\src\server\registry-api\gitlab-api-client"><failure message="&apos;HeadersInit&apos; is not defined."><![CDATA[line 13, col 27, Error - &apos;HeadersInit&apos; is not defined. (no-undef)]]></failure></testcase>
<testcase time="0" name="org.eslint.linebreak-style" classname="C:\work\dyrectorio\web\crux-ui\src\server\registry-api\gitlab-api-client"><failure message="Expected linebreaks to be &apos;LF&apos; but found &apos;CRLF&apos;."><![CDATA[line 13, col 38, Error - Expected linebreaks to be &apos;LF&apos; but found &apos;CRLF&apos;. (linebreak-style)]]></failure></testcase>
<testcase time="0" name="org.eslint.semi" classname="C:\work\dyrectorio\web\crux-ui\src\server\registry-api\gitlab-api-client"><failure message="Missing semicolon."><![CDATA[line 13, col 38, Error - Missing semicolon. (semi)]]></failure></testcase>
<testcase time="0" name="org.eslint.lines-between-class-members" classname="C:\work\dyrectorio\web\crux-ui\src\server\registry-api\gitlab-api-client"><failure message="Expected blank line between class members."><![CDATA[line 14, col 3, Error - Expected blank line between class members. (lines-between-class-members)]]></failure></testcase>
<testcase time="0" name="org.eslint.linebreak-style" classname="C:\work\dyrectorio\web\crux-ui\src\server\registry-api\gitlab-api-client"><failure message="Expected linebreaks to be &apos;LF&apos; but found &apos;CRLF&apos;."><![CDATA[line 14, col 34, Error - Expected linebreaks to be &apos;LF&apos; but found &apos;CRLF&apos;. (linebreak-style)]]></failure></testcase>
<testcase time="0" name="org.eslint.semi" classname="C:\work\dyrectorio\web\crux-ui\src\server\registry-api\gitlab-api-client"><failure message="Missing semicolon."><![CDATA[line 14, col 34, Error - Missing semicolon. (semi)]]></failure></testcase>
<testcase time="0" name="org.eslint.linebreak-style" classname="C:\work\dyrectorio\web\crux-ui\src\server\registry-api\gitlab-api-client"><failure message="Expected linebreaks to be &apos;LF&apos; but found &apos;CRLF&apos;."><![CDATA[line 15, col 1, Error - Expected linebreaks to be &apos;LF&apos; but found &apos;CRLF&apos;. (linebreak-style)]]></failure></testcase>
<testcase time="0" name="org.eslint.max-len" classname="C:\work\dyrectorio\web\crux-ui\src\server\registry-api\gitlab-api-client"><failure message="This line has a length of 119. Maximum allowed is 100."><![CDATA[line 16, col 1, Error - This line has a length of 119. Maximum allowed is 100. (max-len)]]></failure></testcase>
<testcase time="0" name="org.eslint.linebreak-style" classname="C:\work\dyrectorio\web\crux-ui\src\server\registry-api\gitlab-api-client"><failure message="Expected linebreaks to be &apos;LF&apos; but found &apos;CRLF&apos;."><![CDATA[line 16, col 120, Error - Expected linebreaks to be &apos;LF&apos; but found &apos;CRLF&apos;. (linebreak-style)]]></failure></testcase>
<testcase time="0" name="org.eslint.linebreak-style" classname="C:\work\dyrectorio\web\crux-ui\src\server\registry-api\gitlab-api-client"><failure message="Expected linebreaks to be &apos;LF&apos; but found &apos;CRLF&apos;."><![CDATA[line 17, col 30, Error - Expected linebreaks to be &apos;LF&apos; but found &apos;CRLF&apos;. (linebreak-style)]]></failure></testcase>
<testcase time="0" name="org.eslint.linebreak-style" classname="C:\work\dyrectorio\web\crux-ui\src\server\registry-api\gitlab-api-client"><failure message="Expected linebreaks to be &apos;LF&apos; but found &apos;CRLF&apos;."><![CDATA[line 18, col 107, Error - Expected linebreaks to be &apos;LF&apos; but found &apos;CRLF&apos;. (linebreak-style)]]></failure></testcase>
<testcase time="0" name="org.eslint.linebreak-style" classname="C:\work\dyrectorio\web\crux-ui\src\server\registry-api\gitlab-api-client"><failure message="Expected linebreaks to be &apos;LF&apos; but found &apos;CRLF&apos;."><![CDATA[line 19, col 6, Error - Expected linebreaks to be &apos;LF&apos; but found &apos;CRLF&apos;. (linebreak-style)]]></failure></testcase>
<testcase time="0" name="org.eslint.semi" classname="C:\work\dyrectorio\web\crux-ui\src\server\registry-api\gitlab-api-client"><failure message="Missing semicolon."><![CDATA[line 19, col 6, Error - Missing semicolon. (semi)]]></failure></testcase>
<testcase time="0" name="org.eslint.linebreak-style" classname="C:\work\dyrectorio\web\crux-ui\src\server\registry-api\gitlab-api-client"><failure message="Expected linebreaks to be &apos;LF&apos; but found &apos;CRLF&apos;."><![CDATA[line 20, col 1, Error - Expected linebreaks to be &apos;LF&apos; but found &apos;CRLF&apos;. (linebreak-style)]]></failure></testcase>
<testcase time="0" name="org.eslint.linebreak-style" classname="C:\work\dyrectorio\web\crux-ui\src\server\registry-api\gitlab-api-client"><failure message="Expected linebreaks to be &apos;LF&apos; but found &apos;CRLF&apos;."><![CDATA[line 21, col 28, Error - Expected linebreaks to be &apos;LF&apos; but found &apos;CRLF&apos;. (linebreak-style)]]></failure></testcase>
<testcase time="0" name="org.eslint.linebreak-style" classname="C:\work\dyrectorio\web\crux-ui\src\server\registry-api\gitlab-api-client"><failure message="Expected linebreaks to be &apos;LF&apos; but found &apos;CRLF&apos;."><![CDATA[line 22, col 51, Error - Expected linebreaks to be &apos;LF&apos; but found &apos;CRLF&apos;. (linebreak-style)]]></failure></testcase>
<testcase time="0" name="org.eslint.linebreak-style" classname="C:\work\dyrectorio\web\crux-ui\src\server\registry-api\gitlab-api-client"><failure message="Expected linebreaks to be &apos;LF&apos; but found &apos;CRLF&apos;."><![CDATA[line 23, col 6, Error - Expected linebreaks to be &apos;LF&apos; but found &apos;CRLF&apos;. (linebreak-style)]]></failure></testcase>
<testcase time="0" name="org.eslint.semi" classname="C:\work\dyrectorio\web\crux-ui\src\server\registry-api\gitlab-api-client"><failure message="Missing semicolon."><![CDATA[line 23, col 6, Error - Missing semicolon. (semi)]]></failure></testcase>
<testcase time="0" name="org.eslint.linebreak-style" classname="C:\work\dyrectorio\web\crux-ui\src\server\registry-api\gitlab-api-client"><failure message="Expected linebreaks to be &apos;LF&apos; but found &apos;CRLF&apos;."><![CDATA[line 24, col 4, Error - Expected linebreaks to be &apos;LF&apos; but found &apos;CRLF&apos;. (linebreak-style)]]></failure></testcase>
<testcase time="0" name="org.eslint.linebreak-style" classname="C:\work\dyrectorio\web\crux-ui\src\server\registry-api\gitlab-api-client"><failure message="Expected linebreaks to be &apos;LF&apos; but found &apos;CRLF&apos;."><![CDATA[line 25, col 1, Error - Expected linebreaks to be &apos;LF&apos; but found &apos;CRLF&apos;. (linebreak-style)]]></failure></testcase>
<testcase time="0" name="org.eslint.linebreak-style" classname="C:\work\dyrectorio\web\crux-ui\src\server\registry-api\gitlab-api-client"><failure message="Expected linebreaks to be &apos;LF&apos; but found &apos;CRLF&apos;."><![CDATA[line 26, col 65, Error - Expected linebreaks to be &apos;LF&apos; but found &apos;CRLF&apos;. (linebreak-style)]]></failure></testcase>
<testcase time="0" name="org.eslint.linebreak-style" classname="C:\work\dyrectorio\web\crux-ui\src\server\registry-api\gitlab-api-client"><failure message="Expected linebreaks to be &apos;LF&apos; but found &apos;CRLF&apos;."><![CDATA[line 27, col 46, Error - Expected linebreaks to be &apos;LF&apos; but found &apos;CRLF&apos;. (linebreak-style)]]></failure></testcase>
<testcase time="0" name="org.eslint.semi" classname="C:\work\dyrectorio\web\crux-ui\src\server\registry-api\gitlab-api-client"><failure message="Missing semicolon."><![CDATA[line 27, col 46, Error - Missing semicolon. (semi)]]></failure></testcase>
<testcase time="0" name="org.eslint.linebreak-style" classname="C:\work\dyrectorio\web\crux-ui\src\server\registry-api\gitlab-api-client"><failure message="Expected linebreaks to be &apos;LF&apos; but found &apos;CRLF&apos;."><![CDATA[line 28, col 1, Error - Expected linebreaks to be &apos;LF&apos; but found &apos;CRLF&apos;. (linebreak-style)]]></failure></testcase>
<testcase time="0" name="org.eslint.linebreak-style" classname="C:\work\dyrectorio\web\crux-ui\src\server\registry-api\gitlab-api-client"><failure message="Expected linebreaks to be &apos;LF&apos; but found &apos;CRLF&apos;."><![CDATA[line 29, col 108, Error - Expected linebreaks to be &apos;LF&apos; but found &apos;CRLF&apos;. (linebreak-style)]]></failure></testcase>
<testcase time="0" name="org.eslint.linebreak-style" classname="C:\work\dyrectorio\web\crux-ui\src\server\registry-api\gitlab-api-client"><failure message="Expected linebreaks to be &apos;LF&apos; but found &apos;CRLF&apos;."><![CDATA[line 30, col 36, Error - Expected linebreaks to be &apos;LF&apos; but found &apos;CRLF&apos;. (linebreak-style)]]></failure></testcase>
<testcase time="0" name="org.eslint.linebreak-style" classname="C:\work\dyrectorio\web\crux-ui\src\server\registry-api\gitlab-api-client"><failure message="Expected linebreaks to be &apos;LF&apos; but found &apos;CRLF&apos;."><![CDATA[line 31, col 7, Error - Expected linebreaks to be &apos;LF&apos; but found &apos;CRLF&apos;. (linebreak-style)]]></failure></testcase>
<testcase time="0" name="org.eslint.semi" classname="C:\work\dyrectorio\web\crux-ui\src\server\registry-api\gitlab-api-client"><failure message="Missing semicolon."><![CDATA[line 31, col 7, Error - Missing semicolon. (semi)]]></failure></testcase>
<testcase time="0" name="org.eslint.linebreak-style" classname="C:\work\dyrectorio\web\crux-ui\src\server\registry-api\gitlab-api-client"><failure message="Expected linebreaks to be &apos;LF&apos; but found &apos;CRLF&apos;."><![CDATA[line 32, col 1, Error - Expected linebreaks to be &apos;LF&apos; but found &apos;CRLF&apos;. (linebreak-style)]]></failure></testcase>
<testcase time="0" name="org.eslint.linebreak-style" classname="C:\work\dyrectorio\web\crux-ui\src\server\registry-api\gitlab-api-client"><failure message="Expected linebreaks to be &apos;LF&apos; but found &apos;CRLF&apos;."><![CDATA[line 33, col 19, Error - Expected linebreaks to be &apos;LF&apos; but found &apos;CRLF&apos;. (linebreak-style)]]></failure></testcase>
<testcase time="0" name="org.eslint.linebreak-style" classname="C:\work\dyrectorio\web\crux-ui\src\server\registry-api\gitlab-api-client"><failure message="Expected linebreaks to be &apos;LF&apos; but found &apos;CRLF&apos;."><![CDATA[line 34, col 109, Error - Expected linebreaks to be &apos;LF&apos; but found &apos;CRLF&apos;. (linebreak-style)]]></failure></testcase>
<testcase time="0" name="org.eslint.semi" classname="C:\work\dyrectorio\web\crux-ui\src\server\registry-api\gitlab-api-client"><failure message="Missing semicolon."><![CDATA[line 34, col 109, Error - Missing semicolon. (semi)]]></failure></testcase>
<testcase time="0" name="org.eslint.linebreak-style" classname="C:\work\dyrectorio\web\crux-ui\src\server\registry-api\gitlab-api-client"><failure message="Expected linebreaks to be &apos;LF&apos; but found &apos;CRLF&apos;."><![CDATA[line 35, col 95, Error - Expected linebreaks to be &apos;LF&apos; but found &apos;CRLF&apos;. (linebreak-style)]]></failure></testcase>
<testcase time="0" name="org.eslint.semi" classname="C:\work\dyrectorio\web\crux-ui\src\server\registry-api\gitlab-api-client"><failure message="Missing semicolon."><![CDATA[line 35, col 95, Error - Missing semicolon. (semi)]]></failure></testcase>
<testcase time="0" name="org.eslint.linebreak-style" classname="C:\work\dyrectorio\web\crux-ui\src\server\registry-api\gitlab-api-client"><failure message="Expected linebreaks to be &apos;LF&apos; but found &apos;CRLF&apos;."><![CDATA[line 36, col 6, Error - Expected linebreaks to be &apos;LF&apos; but found &apos;CRLF&apos;. (linebreak-style)]]></failure></testcase>
<testcase time="0" name="org.eslint.linebreak-style" classname="C:\work\dyrectorio\web\crux-ui\src\server\registry-api\gitlab-api-client"><failure message="Expected linebreaks to be &apos;LF&apos; but found &apos;CRLF&apos;."><![CDATA[line 37, col 1, Error - Expected linebreaks to be &apos;LF&apos; but found &apos;CRLF&apos;. (linebreak-style)]]></failure></testcase>
<testcase time="0" name="org.eslint.linebreak-style" classname="C:\work\dyrectorio\web\crux-ui\src\server\registry-api\gitlab-api-client"><failure message="Expected linebreaks to be &apos;LF&apos; but found &apos;CRLF&apos;."><![CDATA[line 38, col 58, Error - Expected linebreaks to be &apos;LF&apos; but found &apos;CRLF&apos;. (linebreak-style)]]></failure></testcase>
<testcase time="0" name="org.eslint.semi" classname="C:\work\dyrectorio\web\crux-ui\src\server\registry-api\gitlab-api-client"><failure message="Missing semicolon."><![CDATA[line 38, col 58, Error - Missing semicolon. (semi)]]></failure></testcase>
<testcase time="0" name="org.eslint.arrow-parens" classname="C:\work\dyrectorio\web\crux-ui\src\server\registry-api\gitlab-api-client"><failure message="Expected parentheses around arrow function argument."><![CDATA[line 39, col 39, Error - Expected parentheses around arrow function argument. (arrow-parens)]]></failure></testcase>
<testcase time="0" name="org.eslint.linebreak-style" classname="C:\work\dyrectorio\web\crux-ui\src\server\registry-api\gitlab-api-client"><failure message="Expected linebreaks to be &apos;LF&apos; but found &apos;CRLF&apos;."><![CDATA[line 39, col 65, Error - Expected linebreaks to be &apos;LF&apos; but found &apos;CRLF&apos;. (linebreak-style)]]></failure></testcase>
<testcase time="0" name="org.eslint.semi" classname="C:\work\dyrectorio\web\crux-ui\src\server\registry-api\gitlab-api-client"><failure message="Missing semicolon."><![CDATA[line 39, col 65, Error - Missing semicolon. (semi)]]></failure></testcase>
<testcase time="0" name="org.eslint.arrow-parens" classname="C:\work\dyrectorio\web\crux-ui\src\server\registry-api\gitlab-api-client"><failure message="Expected parentheses around arrow function argument."><![CDATA[line 40, col 32, Error - Expected parentheses around arrow function argument. (arrow-parens)]]></failure></testcase>
<testcase time="0" name="org.eslint.linebreak-style" classname="C:\work\dyrectorio\web\crux-ui\src\server\registry-api\gitlab-api-client"><failure message="Expected linebreaks to be &apos;LF&apos; but found &apos;CRLF&apos;."><![CDATA[line 40, col 71, Error - Expected linebreaks to be &apos;LF&apos; but found &apos;CRLF&apos;. (linebreak-style)]]></failure></testcase>
<testcase time="0" name="org.eslint.semi" classname="C:\work\dyrectorio\web\crux-ui\src\server\registry-api\gitlab-api-client"><failure message="Missing semicolon."><![CDATA[line 40, col 71, Error - Missing semicolon. (semi)]]></failure></testcase>
<testcase time="0" name="org.eslint.linebreak-style" classname="C:\work\dyrectorio\web\crux-ui\src\server\registry-api\gitlab-api-client"><failure message="Expected linebreaks to be &apos;LF&apos; but found &apos;CRLF&apos;."><![CDATA[line 41, col 4, Error - Expected linebreaks to be &apos;LF&apos; but found &apos;CRLF&apos;. (linebreak-style)]]></failure></testcase>
<testcase time="0" name="org.eslint.linebreak-style" classname="C:\work\dyrectorio\web\crux-ui\src\server\registry-api\gitlab-api-client"><failure message="Expected linebreaks to be &apos;LF&apos; but found &apos;CRLF&apos;."><![CDATA[line 42, col 1, Error - Expected linebreaks to be &apos;LF&apos; but found &apos;CRLF&apos;. (linebreak-style)]]></failure></testcase>
<testcase time="0" name="org.eslint.linebreak-style" classname="C:\work\dyrectorio\web\crux-ui\src\server\registry-api\gitlab-api-client"><failure message="Expected linebreaks to be &apos;LF&apos; but found &apos;CRLF&apos;."><![CDATA[line 43, col 58, Error - Expected linebreaks to be &apos;LF&apos; but found &apos;CRLF&apos;. (linebreak-style)]]></failure></testcase>
<testcase time="0" name="org.eslint.linebreak-style" classname="C:\work\dyrectorio\web\crux-ui\src\server\registry-api\gitlab-api-client"><failure message="Expected linebreaks to be &apos;LF&apos; but found &apos;CRLF&apos;."><![CDATA[line 44, col 34, Error - Expected linebreaks to be &apos;LF&apos; but found &apos;CRLF&apos;. (linebreak-style)]]></failure></testcase>
<testcase time="0" name="org.eslint.linebreak-style" classname="C:\work\dyrectorio\web\crux-ui\src\server\registry-api\gitlab-api-client"><failure message="Expected linebreaks to be &apos;LF&apos; but found &apos;CRLF&apos;."><![CDATA[line 45, col 104, Error - Expected linebreaks to be &apos;LF&apos; but found &apos;CRLF&apos;. (linebreak-style)]]></failure></testcase>
<testcase time="0" name="org.eslint.linebreak-style" classname="C:\work\dyrectorio\web\crux-ui\src\server\registry-api\gitlab-api-client"><failure message="Expected linebreaks to be &apos;LF&apos; but found &apos;CRLF&apos;."><![CDATA[line 46, col 8, Error - Expected linebreaks to be &apos;LF&apos; but found &apos;CRLF&apos;. (linebreak-style)]]></failure></testcase>
<testcase time="0" name="org.eslint.linebreak-style" classname="C:\work\dyrectorio\web\crux-ui\src\server\registry-api\gitlab-api-client"><failure message="Expected linebreaks to be &apos;LF&apos; but found &apos;CRLF&apos;."><![CDATA[line 47, col 40, Error - Expected linebreaks to be &apos;LF&apos; but found &apos;CRLF&apos;. (linebreak-style)]]></failure></testcase>
<testcase time="0" name="org.eslint.linebreak-style" classname="C:\work\dyrectorio\web\crux-ui\src\server\registry-api\gitlab-api-client"><failure message="Expected linebreaks to be &apos;LF&apos; but found &apos;CRLF&apos;."><![CDATA[line 48, col 9, Error - Expected linebreaks to be &apos;LF&apos; but found &apos;CRLF&apos;. (linebreak-style)]]></failure></testcase>
<testcase time="0" name="org.eslint.linebreak-style" classname="C:\work\dyrectorio\web\crux-ui\src\server\registry-api\gitlab-api-client"><failure message="Expected linebreaks to be &apos;LF&apos; but found &apos;CRLF&apos;."><![CDATA[line 49, col 6, Error - Expected linebreaks to be &apos;LF&apos; but found &apos;CRLF&apos;. (linebreak-style)]]></failure></testcase>
<testcase time="0" name="org.eslint.semi" classname="C:\work\dyrectorio\web\crux-ui\src\server\registry-api\gitlab-api-client"><failure message="Missing semicolon."><![CDATA[line 49, col 6, Error - Missing semicolon. (semi)]]></failure></testcase>
<testcase time="0" name="org.eslint.linebreak-style" classname="C:\work\dyrectorio\web\crux-ui\src\server\registry-api\gitlab-api-client"><failure message="Expected linebreaks to be &apos;LF&apos; but found &apos;CRLF&apos;."><![CDATA[line 50, col 24, Error - Expected linebreaks to be &apos;LF&apos; but found &apos;CRLF&apos;. (linebreak-style)]]></failure></testcase>
<testcase time="0" name="org.eslint.linebreak-style" classname="C:\work\dyrectorio\web\crux-ui\src\server\registry-api\gitlab-api-client"><failure message="Expected linebreaks to be &apos;LF&apos; but found &apos;CRLF&apos;."><![CDATA[line 51, col 115, Error - Expected linebreaks to be &apos;LF&apos; but found &apos;CRLF&apos;. (linebreak-style)]]></failure></testcase>
<testcase time="0" name="org.eslint.semi" classname="C:\work\dyrectorio\web\crux-ui\src\server\registry-api\gitlab-api-client"><failure message="Missing semicolon."><![CDATA[line 51, col 115, Error - Missing semicolon. (semi)]]></failure></testcase>
<testcase time="0" name="org.eslint.linebreak-style" classname="C:\work\dyrectorio\web\crux-ui\src\server\registry-api\gitlab-api-client"><failure message="Expected linebreaks to be &apos;LF&apos; but found &apos;CRLF&apos;."><![CDATA[line 52, col 100, Error - Expected linebreaks to be &apos;LF&apos; but found &apos;CRLF&apos;. (linebreak-style)]]></failure></testcase>
<testcase time="0" name="org.eslint.semi" classname="C:\work\dyrectorio\web\crux-ui\src\server\registry-api\gitlab-api-client"><failure message="Missing semicolon."><![CDATA[line 52, col 100, Error - Missing semicolon. (semi)]]></failure></testcase>
<testcase time="0" name="org.eslint.linebreak-style" classname="C:\work\dyrectorio\web\crux-ui\src\server\registry-api\gitlab-api-client"><failure message="Expected linebreaks to be &apos;LF&apos; but found &apos;CRLF&apos;."><![CDATA[line 53, col 6, Error - Expected linebreaks to be &apos;LF&apos; but found &apos;CRLF&apos;. (linebreak-style)]]></failure></testcase>
<testcase time="0" name="org.eslint.linebreak-style" classname="C:\work\dyrectorio\web\crux-ui\src\server\registry-api\gitlab-api-client"><failure message="Expected linebreaks to be &apos;LF&apos; but found &apos;CRLF&apos;."><![CDATA[line 54, col 1, Error - Expected linebreaks to be &apos;LF&apos; but found &apos;CRLF&apos;. (linebreak-style)]]></failure></testcase>
<testcase time="0" name="org.eslint.linebreak-style" classname="C:\work\dyrectorio\web\crux-ui\src\server\registry-api\gitlab-api-client"><failure message="Expected linebreaks to be &apos;LF&apos; but found &apos;CRLF&apos;."><![CDATA[line 55, col 72, Error - Expected linebreaks to be &apos;LF&apos; but found &apos;CRLF&apos;. (linebreak-style)]]></failure></testcase>
<testcase time="0" name="org.eslint.semi" classname="C:\work\dyrectorio\web\crux-ui\src\server\registry-api\gitlab-api-client"><failure message="Missing semicolon."><![CDATA[line 55, col 72, Error - Missing semicolon. (semi)]]></failure></testcase>
<testcase time="0" name="org.eslint.linebreak-style" classname="C:\work\dyrectorio\web\crux-ui\src\server\registry-api\gitlab-api-client"><failure message="Expected linebreaks to be &apos;LF&apos; but found &apos;CRLF&apos;."><![CDATA[line 56, col 1, Error - Expected linebreaks to be &apos;LF&apos; but found &apos;CRLF&apos;. (linebreak-style)]]></failure></testcase>
<testcase time="0" name="org.eslint.linebreak-style" classname="C:\work\dyrectorio\web\crux-ui\src\server\registry-api\gitlab-api-client"><failure message="Expected linebreaks to be &apos;LF&apos; but found &apos;CRLF&apos;."><![CDATA[line 57, col 48, Error - Expected linebreaks to be &apos;LF&apos; but found &apos;CRLF&apos;. (linebreak-style)]]></failure></testcase>
<testcase time="0" name="org.eslint.implicit-arrow-linebreak" classname="C:\work\dyrectorio\web\crux-ui\src\server\registry-api\gitlab-api-client"><failure message="Expected no linebreak before this expression."><![CDATA[line 58, col 7, Error - Expected no linebreak before this expression. (implicit-arrow-linebreak)]]></failure></testcase>
<testcase time="0" name="org.eslint.no-return-await" classname="C:\work\dyrectorio\web\crux-ui\src\server\registry-api\gitlab-api-client"><failure message="Redundant use of `await` on a return value."><![CDATA[line 58, col 7, Error - Redundant use of `await` on a return value. (no-return-await)]]></failure></testcase>
<testcase time="0" name="org.eslint.linebreak-style" classname="C:\work\dyrectorio\web\crux-ui\src\server\registry-api\gitlab-api-client"><failure message="Expected linebreaks to be &apos;LF&apos; but found &apos;CRLF&apos;."><![CDATA[line 58, col 71, Error - Expected linebreaks to be &apos;LF&apos; but found &apos;CRLF&apos;. (linebreak-style)]]></failure></testcase>
<testcase time="0" name="org.eslint.linebreak-style" classname="C:\work\dyrectorio\web\crux-ui\src\server\registry-api\gitlab-api-client"><failure message="Expected linebreaks to be &apos;LF&apos; but found &apos;CRLF&apos;."><![CDATA[line 59, col 19, Error - Expected linebreaks to be &apos;LF&apos; but found &apos;CRLF&apos;. (linebreak-style)]]></failure></testcase>
<testcase time="0" name="org.eslint.linebreak-style" classname="C:\work\dyrectorio\web\crux-ui\src\server\registry-api\gitlab-api-client"><failure message="Expected linebreaks to be &apos;LF&apos; but found &apos;CRLF&apos;."><![CDATA[line 60, col 44, Error - Expected linebreaks to be &apos;LF&apos; but found &apos;CRLF&apos;. (linebreak-style)]]></failure></testcase>
<testcase time="0" name="org.eslint.linebreak-style" classname="C:\work\dyrectorio\web\crux-ui\src\server\registry-api\gitlab-api-client"><failure message="Expected linebreaks to be &apos;LF&apos; but found &apos;CRLF&apos;."><![CDATA[line 61, col 11, Error - Expected linebreaks to be &apos;LF&apos; but found &apos;CRLF&apos;. (linebreak-style)]]></failure></testcase>
<testcase time="0" name="org.eslint.linebreak-style" classname="C:\work\dyrectorio\web\crux-ui\src\server\registry-api\gitlab-api-client"><failure message="Expected linebreaks to be &apos;LF&apos; but found &apos;CRLF&apos;."><![CDATA[line 62, col 9, Error - Expected linebreaks to be &apos;LF&apos; but found &apos;CRLF&apos;. (linebreak-style)]]></failure></testcase>
<testcase time="0" name="org.eslint.semi" classname="C:\work\dyrectorio\web\crux-ui\src\server\registry-api\gitlab-api-client"><failure message="Missing semicolon."><![CDATA[line 62, col 9, Error - Missing semicolon. (semi)]]></failure></testcase>
<testcase time="0" name="org.eslint.linebreak-style" classname="C:\work\dyrectorio\web\crux-ui\src\server\registry-api\gitlab-api-client"><failure message="Expected linebreaks to be &apos;LF&apos; but found &apos;CRLF&apos;."><![CDATA[line 63, col 1, Error - Expected linebreaks to be &apos;LF&apos; but found &apos;CRLF&apos;. (linebreak-style)]]></failure></testcase>
<testcase time="0" name="org.eslint.linebreak-style" classname="C:\work\dyrectorio\web\crux-ui\src\server\registry-api\gitlab-api-client"><failure message="Expected linebreaks to be &apos;LF&apos; but found &apos;CRLF&apos;."><![CDATA[line 64, col 97, Error - Expected linebreaks to be &apos;LF&apos; but found &apos;CRLF&apos;. (linebreak-style)]]></failure></testcase>
<testcase time="0" name="org.eslint.semi" classname="C:\work\dyrectorio\web\crux-ui\src\server\registry-api\gitlab-api-client"><failure message="Missing semicolon."><![CDATA[line 64, col 97, Error - Missing semicolon. (semi)]]></failure></testcase>
<testcase time="0" name="org.eslint.linebreak-style" classname="C:\work\dyrectorio\web\crux-ui\src\server\registry-api\gitlab-api-client"><failure message="Expected linebreaks to be &apos;LF&apos; but found &apos;CRLF&apos;."><![CDATA[line 65, col 19, Error - Expected linebreaks to be &apos;LF&apos; but found &apos;CRLF&apos;. (linebreak-style)]]></failure></testcase>
<testcase time="0" name="org.eslint.linebreak-style" classname="C:\work\dyrectorio\web\crux-ui\src\server\registry-api\gitlab-api-client"><failure message="Expected linebreaks to be &apos;LF&apos; but found &apos;CRLF&apos;."><![CDATA[line 66, col 120, Error - Expected linebreaks to be &apos;LF&apos; but found &apos;CRLF&apos;. (linebreak-style)]]></failure></testcase>
<testcase time="0" name="org.eslint.semi" classname="C:\work\dyrectorio\web\crux-ui\src\server\registry-api\gitlab-api-client"><failure message="Missing semicolon."><![CDATA[line 66, col 120, Error - Missing semicolon. (semi)]]></failure></testcase>
<testcase time="0" name="org.eslint.linebreak-style" classname="C:\work\dyrectorio\web\crux-ui\src\server\registry-api\gitlab-api-client"><failure message="Expected linebreaks to be &apos;LF&apos; but found &apos;CRLF&apos;."><![CDATA[line 67, col 95, Error - Expected linebreaks to be &apos;LF&apos; but found &apos;CRLF&apos;. (linebreak-style)]]></failure></testcase>
<testcase time="0" name="org.eslint.semi" classname="C:\work\dyrectorio\web\crux-ui\src\server\registry-api\gitlab-api-client"><failure message="Missing semicolon."><![CDATA[line 67, col 95, Error - Missing semicolon. (semi)]]></failure></testcase>
<testcase time="0" name="org.eslint.linebreak-style" classname="C:\work\dyrectorio\web\crux-ui\src\server\registry-api\gitlab-api-client"><failure message="Expected linebreaks to be &apos;LF&apos; but found &apos;CRLF&apos;."><![CDATA[line 68, col 6, Error - Expected linebreaks to be &apos;LF&apos; but found &apos;CRLF&apos;. (linebreak-style)]]></failure></testcase>
<testcase time="0" name="org.eslint.linebreak-style" classname="C:\work\dyrectorio\web\crux-ui\src\server\registry-api\gitlab-api-client"><failure message="Expected linebreaks to be &apos;LF&apos; but found &apos;CRLF&apos;."><![CDATA[line 69, col 1, Error - Expected linebreaks to be &apos;LF&apos; but found &apos;CRLF&apos;. (linebreak-style)]]></failure></testcase>
<testcase time="0" name="org.eslint.linebreak-style" classname="C:\work\dyrectorio\web\crux-ui\src\server\registry-api\gitlab-api-client"><failure message="Expected linebreaks to be &apos;LF&apos; but found &apos;CRLF&apos;."><![CDATA[line 70, col 59, Error - Expected linebreaks to be &apos;LF&apos; but found &apos;CRLF&apos;. (linebreak-style)]]></failure></testcase>
<testcase time="0" name="org.eslint.semi" classname="C:\work\dyrectorio\web\crux-ui\src\server\registry-api\gitlab-api-client"><failure message="Missing semicolon."><![CDATA[line 70, col 59, Error - Missing semicolon. (semi)]]></failure></testcase>
<testcase time="0" name="org.eslint.linebreak-style" classname="C:\work\dyrectorio\web\crux-ui\src\server\registry-api\gitlab-api-client"><failure message="Expected linebreaks to be &apos;LF&apos; but found &apos;CRLF&apos;."><![CDATA[line 71, col 13, Error - Expected linebreaks to be &apos;LF&apos; but found &apos;CRLF&apos;. (linebreak-style)]]></failure></testcase>
<testcase time="0" name="org.eslint.linebreak-style" classname="C:\work\dyrectorio\web\crux-ui\src\server\registry-api\gitlab-api-client"><failure message="Expected linebreaks to be &apos;LF&apos; but found &apos;CRLF&apos;."><![CDATA[line 72, col 19, Error - Expected linebreaks to be &apos;LF&apos; but found &apos;CRLF&apos;. (linebreak-style)]]></failure></testcase>
<testcase time="0" name="org.eslint.arrow-parens" classname="C:\work\dyrectorio\web\crux-ui\src\server\registry-api\gitlab-api-client"><failure message="Expected parentheses around arrow function argument."><![CDATA[line 73, col 26, Error - Expected parentheses around arrow function argument. (arrow-parens)]]></failure></testcase>
<testcase time="0" name="org.eslint.linebreak-style" classname="C:\work\dyrectorio\web\crux-ui\src\server\registry-api\gitlab-api-client"><failure message="Expected linebreaks to be &apos;LF&apos; but found &apos;CRLF&apos;."><![CDATA[line 73, col 41, Error - Expected linebreaks to be &apos;LF&apos; but found &apos;CRLF&apos;. (linebreak-style)]]></failure></testcase>
<testcase time="0" name="org.eslint.linebreak-style" classname="C:\work\dyrectorio\web\crux-ui\src\server\registry-api\gitlab-api-client"><failure message="Expected linebreaks to be &apos;LF&apos; but found &apos;CRLF&apos;."><![CDATA[line 74, col 6, Error - Expected linebreaks to be &apos;LF&apos; but found &apos;CRLF&apos;. (linebreak-style)]]></failure></testcase>
<testcase time="0" name="org.eslint.semi" classname="C:\work\dyrectorio\web\crux-ui\src\server\registry-api\gitlab-api-client"><failure message="Missing semicolon."><![CDATA[line 74, col 6, Error - Missing semicolon. (semi)]]></failure></testcase>
<testcase time="0" name="org.eslint.linebreak-style" classname="C:\work\dyrectorio\web\crux-ui\src\server\registry-api\gitlab-api-client"><failure message="Expected linebreaks to be &apos;LF&apos; but found &apos;CRLF&apos;."><![CDATA[line 75, col 4, Error - Expected linebreaks to be &apos;LF&apos; but found &apos;CRLF&apos;. (linebreak-style)]]></failure></testcase>
<testcase time="0" name="org.eslint.linebreak-style" classname="C:\work\dyrectorio\web\crux-ui\src\server\registry-api\gitlab-api-client"><failure message="Expected linebreaks to be &apos;LF&apos; but found &apos;CRLF&apos;."><![CDATA[line 76, col 1, Error - Expected linebreaks to be &apos;LF&apos; but found &apos;CRLF&apos;. (linebreak-style)]]></failure></testcase>
<testcase time="0" name="org.eslint.linebreak-style" classname="C:\work\dyrectorio\web\crux-ui\src\server\registry-api\gitlab-api-client"><failure message="Expected linebreaks to be &apos;LF&apos; but found &apos;CRLF&apos;."><![CDATA[line 77, col 50, Error - Expected linebreaks to be &apos;LF&apos; but found &apos;CRLF&apos;. (linebreak-style)]]></failure></testcase>
<testcase time="0" name="org.eslint.linebreak-style" classname="C:\work\dyrectorio\web\crux-ui\src\server\registry-api\gitlab-api-client"><failure message="Expected linebreaks to be &apos;LF&apos; but found &apos;CRLF&apos;."><![CDATA[line 78, col 24, Error - Expected linebreaks to be &apos;LF&apos; but found &apos;CRLF&apos;. (linebreak-style)]]></failure></testcase>
<testcase time="0" name="org.eslint.linebreak-style" classname="C:\work\dyrectorio\web\crux-ui\src\server\registry-api\gitlab-api-client"><failure message="Expected linebreaks to be &apos;LF&apos; but found &apos;CRLF&apos;."><![CDATA[line 79, col 26, Error - Expected linebreaks to be &apos;LF&apos; but found &apos;CRLF&apos;. (linebreak-style)]]></failure></testcase>
<testcase time="0" name="org.eslint.semi" classname="C:\work\dyrectorio\web\crux-ui\src\server\registry-api\gitlab-api-client"><failure message="Missing semicolon."><![CDATA[line 79, col 26, Error - Missing semicolon. (semi)]]></failure></testcase>
<testcase time="0" name="org.eslint.linebreak-style" classname="C:\work\dyrectorio\web\crux-ui\src\server\registry-api\gitlab-api-client"><failure message="Expected linebreaks to be &apos;LF&apos; but found &apos;CRLF&apos;."><![CDATA[line 80, col 6, Error - Expected linebreaks to be &apos;LF&apos; but found &apos;CRLF&apos;. (linebreak-style)]]></failure></testcase>
<testcase time="0" name="org.eslint.linebreak-style" classname="C:\work\dyrectorio\web\crux-ui\src\server\registry-api\gitlab-api-client"><failure message="Expected linebreaks to be &apos;LF&apos; but found &apos;CRLF&apos;."><![CDATA[line 81, col 1, Error - Expected linebreaks to be &apos;LF&apos; but found &apos;CRLF&apos;. (linebreak-style)]]></failure></testcase>
<testcase time="0" name="org.eslint.linebreak-style" classname="C:\work\dyrectorio\web\crux-ui\src\server\registry-api\gitlab-api-client"><failure message="Expected linebreaks to be &apos;LF&apos; but found &apos;CRLF&apos;."><![CDATA[line 82, col 120, Error - Expected linebreaks to be &apos;LF&apos; but found &apos;CRLF&apos;. (linebreak-style)]]></failure></testcase>
<testcase time="0" name="org.eslint.linebreak-style" classname="C:\work\dyrectorio\web\crux-ui\src\server\registry-api\gitlab-api-client"><failure message="Expected linebreaks to be &apos;LF&apos; but found &apos;CRLF&apos;."><![CDATA[line 83, col 36, Error - Expected linebreaks to be &apos;LF&apos; but found &apos;CRLF&apos;. (linebreak-style)]]></failure></testcase>
<testcase time="0" name="org.eslint.linebreak-style" classname="C:\work\dyrectorio\web\crux-ui\src\server\registry-api\gitlab-api-client"><failure message="Expected linebreaks to be &apos;LF&apos; but found &apos;CRLF&apos;."><![CDATA[line 84, col 7, Error - Expected linebreaks to be &apos;LF&apos; but found &apos;CRLF&apos;. (linebreak-style)]]></failure></testcase>
<testcase time="0" name="org.eslint.semi" classname="C:\work\dyrectorio\web\crux-ui\src\server\registry-api\gitlab-api-client"><failure message="Missing semicolon."><![CDATA[line 84, col 7, Error - Missing semicolon. (semi)]]></failure></testcase>
<testcase time="0" name="org.eslint.linebreak-style" classname="C:\work\dyrectorio\web\crux-ui\src\server\registry-api\gitlab-api-client"><failure message="Expected linebreaks to be &apos;LF&apos; but found &apos;CRLF&apos;."><![CDATA[line 85, col 19, Error - Expected linebreaks to be &apos;LF&apos; but found &apos;CRLF&apos;. (linebreak-style)]]></failure></testcase>
<testcase time="0" name="org.eslint.linebreak-style" classname="C:\work\dyrectorio\web\crux-ui\src\server\registry-api\gitlab-api-client"><failure message="Expected linebreaks to be &apos;LF&apos; but found &apos;CRLF&apos;."><![CDATA[line 86, col 109, Error - Expected linebreaks to be &apos;LF&apos; but found &apos;CRLF&apos;. (linebreak-style)]]></failure></testcase>
<testcase time="0" name="org.eslint.semi" classname="C:\work\dyrectorio\web\crux-ui\src\server\registry-api\gitlab-api-client"><failure message="Missing semicolon."><![CDATA[line 86, col 109, Error - Missing semicolon. (semi)]]></failure></testcase>
<testcase time="0" name="org.eslint.linebreak-style" classname="C:\work\dyrectorio\web\crux-ui\src\server\registry-api\gitlab-api-client"><failure message="Expected linebreaks to be &apos;LF&apos; but found &apos;CRLF&apos;."><![CDATA[line 87, col 95, Error - Expected linebreaks to be &apos;LF&apos; but found &apos;CRLF&apos;. (linebreak-style)]]></failure></testcase>
<testcase time="0" name="org.eslint.semi" classname="C:\work\dyrectorio\web\crux-ui\src\server\registry-api\gitlab-api-client"><failure message="Missing semicolon."><![CDATA[line 87, col 95, Error - Missing semicolon. (semi)]]></failure></testcase>
<testcase time="0" name="org.eslint.linebreak-style" classname="C:\work\dyrectorio\web\crux-ui\src\server\registry-api\gitlab-api-client"><failure message="Expected linebreaks to be &apos;LF&apos; but found &apos;CRLF&apos;."><![CDATA[line 88, col 6, Error - Expected linebreaks to be &apos;LF&apos; but found &apos;CRLF&apos;. (linebreak-style)]]></failure></testcase>
<testcase time="0" name="org.eslint.linebreak-style" classname="C:\work\dyrectorio\web\crux-ui\src\server\registry-api\gitlab-api-client"><failure message="Expected linebreaks to be &apos;LF&apos; but found &apos;CRLF&apos;."><![CDATA[line 89, col 1, Error - Expected linebreaks to be &apos;LF&apos; but found &apos;CRLF&apos;. (linebreak-style)]]></failure></testcase>
<testcase time="0" name="org.eslint.linebreak-style" classname="C:\work\dyrectorio\web\crux-ui\src\server\registry-api\gitlab-api-client"><failure message="Expected linebreaks to be &apos;LF&apos; but found &apos;CRLF&apos;."><![CDATA[line 90, col 58, Error - Expected linebreaks to be &apos;LF&apos; but found &apos;CRLF&apos;. (linebreak-style)]]></failure></testcase>
<testcase time="0" name="org.eslint.semi" classname="C:\work\dyrectorio\web\crux-ui\src\server\registry-api\gitlab-api-client"><failure message="Missing semicolon."><![CDATA[line 90, col 58, Error - Missing semicolon. (semi)]]></failure></testcase>
<testcase time="0" name="org.eslint.linebreak-style" classname="C:\work\dyrectorio\web\crux-ui\src\server\registry-api\gitlab-api-client"><failure message="Expected linebreaks to be &apos;LF&apos; but found &apos;CRLF&apos;."><![CDATA[line 91, col 40, Error - Expected linebreaks to be &apos;LF&apos; but found &apos;CRLF&apos;. (linebreak-style)]]></failure></testcase>
<testcase time="0" name="org.eslint.linebreak-style" classname="C:\work\dyrectorio\web\crux-ui\src\server\registry-api\gitlab-api-client"><failure message="Expected linebreaks to be &apos;LF&apos; but found &apos;CRLF&apos;."><![CDATA[line 92, col 75, Error - Expected linebreaks to be &apos;LF&apos; but found &apos;CRLF&apos;. (linebreak-style)]]></failure></testcase>
<testcase time="0" name="org.eslint.semi" classname="C:\work\dyrectorio\web\crux-ui\src\server\registry-api\gitlab-api-client"><failure message="Missing semicolon."><![CDATA[line 92, col 75, Error - Missing semicolon. (semi)]]></failure></testcase>
<testcase time="0" name="org.eslint.linebreak-style" classname="C:\work\dyrectorio\web\crux-ui\src\server\registry-api\gitlab-api-client"><failure message="Expected linebreaks to be &apos;LF&apos; but found &apos;CRLF&apos;."><![CDATA[line 93, col 6, Error - Expected linebreaks to be &apos;LF&apos; but found &apos;CRLF&apos;. (linebreak-style)]]></failure></testcase>
<testcase time="0" name="org.eslint.linebreak-style" classname="C:\work\dyrectorio\web\crux-ui\src\server\registry-api\gitlab-api-client"><failure message="Expected linebreaks to be &apos;LF&apos; but found &apos;CRLF&apos;."><![CDATA[line 94, col 1, Error - Expected linebreaks to be &apos;LF&apos; but found &apos;CRLF&apos;. (linebreak-style)]]></failure></testcase>
<testcase time="0" name="org.eslint.linebreak-style" classname="C:\work\dyrectorio\web\crux-ui\src\server\registry-api\gitlab-api-client"><failure message="Expected linebreaks to be &apos;LF&apos; but found &apos;CRLF&apos;."><![CDATA[line 95, col 24, Error - Expected linebreaks to be &apos;LF&apos; but found &apos;CRLF&apos;. (linebreak-style)]]></failure></testcase>
<testcase time="0" name="org.eslint.semi" classname="C:\work\dyrectorio\web\crux-ui\src\server\registry-api\gitlab-api-client"><failure message="Missing semicolon."><![CDATA[line 95, col 24, Error - Missing semicolon. (semi)]]></failure></testcase>
<testcase time="0" name="org.eslint.linebreak-style" classname="C:\work\dyrectorio\web\crux-ui\src\server\registry-api\gitlab-api-client"><failure message="Expected linebreaks to be &apos;LF&apos; but found &apos;CRLF&apos;."><![CDATA[line 96, col 4, Error - Expected linebreaks to be &apos;LF&apos; but found &apos;CRLF&apos;. (linebreak-style)]]></failure></testcase>
<testcase time="0" name="org.eslint.linebreak-style" classname="C:\work\dyrectorio\web\crux-ui\src\server\registry-api\gitlab-api-client"><failure message="Expected linebreaks to be &apos;LF&apos; but found &apos;CRLF&apos;."><![CDATA[line 97, col 2, Error - Expected linebreaks to be &apos;LF&apos; but found &apos;CRLF&apos;. (linebreak-style)]]></failure></testcase>
</testsuite>
<testsuite package="org.eslint" time="0" tests="120" errors="120" name="C:\work\dyrectorio\web\crux-ui\src\server\registry-api\google-api-client.ts">
<testcase time="0" name="org.eslint.linebreak-style" classname="C:\work\dyrectorio\web\crux-ui\src\server\registry-api\google-api-client"><failure message="Expected linebreaks to be &apos;LF&apos; but found &apos;CRLF&apos;."><![CDATA[line 1, col 48, Error - Expected linebreaks to be &apos;LF&apos; but found &apos;CRLF&apos;. (linebreak-style)]]></failure></testcase>
<testcase time="0" name="org.eslint.semi" classname="C:\work\dyrectorio\web\crux-ui\src\server\registry-api\google-api-client"><failure message="Missing semicolon."><![CDATA[line 1, col 48, Error - Missing semicolon. (semi)]]></failure></testcase>
<testcase time="0" name="org.eslint.linebreak-style" classname="C:\work\dyrectorio\web\crux-ui\src\server\registry-api\google-api-client"><failure message="Expected linebreaks to be &apos;LF&apos; but found &apos;CRLF&apos;."><![CDATA[line 2, col 76, Error - Expected linebreaks to be &apos;LF&apos; but found &apos;CRLF&apos;. (linebreak-style)]]></failure></testcase>
<testcase time="0" name="org.eslint.semi" classname="C:\work\dyrectorio\web\crux-ui\src\server\registry-api\google-api-client"><failure message="Missing semicolon."><![CDATA[line 2, col 76, Error - Missing semicolon. (semi)]]></failure></testcase>
<testcase time="0" name="org.eslint.linebreak-style" classname="C:\work\dyrectorio\web\crux-ui\src\server\registry-api\google-api-client"><failure message="Expected linebreaks to be &apos;LF&apos; but found &apos;CRLF&apos;."><![CDATA[line 3, col 42, Error - Expected linebreaks to be &apos;LF&apos; but found &apos;CRLF&apos;. (linebreak-style)]]></failure></testcase>
<testcase time="0" name="org.eslint.semi" classname="C:\work\dyrectorio\web\crux-ui\src\server\registry-api\google-api-client"><failure message="Missing semicolon."><![CDATA[line 3, col 42, Error - Missing semicolon. (semi)]]></failure></testcase>
<testcase time="0" name="org.eslint.linebreak-style" classname="C:\work\dyrectorio\web\crux-ui\src\server\registry-api\google-api-client"><failure message="Expected linebreaks to be &apos;LF&apos; but found &apos;CRLF&apos;."><![CDATA[line 4, col 89, Error - Expected linebreaks to be &apos;LF&apos; but found &apos;CRLF&apos;. (linebreak-style)]]></failure></testcase>
<testcase time="0" name="org.eslint.semi" classname="C:\work\dyrectorio\web\crux-ui\src\server\registry-api\google-api-client"><failure message="Missing semicolon."><![CDATA[line 4, col 89, Error - Missing semicolon. (semi)]]></failure></testcase>
<testcase time="0" name="org.eslint.import/extensions" classname="C:\work\dyrectorio\web\crux-ui\src\server\registry-api\google-api-client"><failure message="Missing file extension &quot;ts&quot; for &quot;./registry-api-client&quot;"><![CDATA[line 5, col 35, Error - Missing file extension &quot;ts&quot; for &quot;./registry-api-client&quot; (import/extensions)]]></failure></testcase>
<testcase time="0" name="org.eslint.linebreak-style" classname="C:\work\dyrectorio\web\crux-ui\src\server\registry-api\google-api-client"><failure message="Expected linebreaks to be &apos;LF&apos; but found &apos;CRLF&apos;."><![CDATA[line 5, col 58, Error - Expected linebreaks to be &apos;LF&apos; but found &apos;CRLF&apos;. (linebreak-style)]]></failure></testcase>
<testcase time="0" name="org.eslint.semi" classname="C:\work\dyrectorio\web\crux-ui\src\server\registry-api\google-api-client"><failure message="Missing semicolon."><![CDATA[line 5, col 58, Error - Missing semicolon. (semi)]]></failure></testcase>
<testcase time="0" name="org.eslint.linebreak-style" classname="C:\work\dyrectorio\web\crux-ui\src\server\registry-api\google-api-client"><failure message="Expected linebreaks to be &apos;LF&apos; but found &apos;CRLF&apos;."><![CDATA[line 6, col 1, Error - Expected linebreaks to be &apos;LF&apos; but found &apos;CRLF&apos;. (linebreak-style)]]></failure></testcase>
<testcase time="0" name="org.eslint.linebreak-style" classname="C:\work\dyrectorio\web\crux-ui\src\server\registry-api\google-api-client"><failure message="Expected linebreaks to be &apos;LF&apos; but found &apos;CRLF&apos;."><![CDATA[line 7, col 36, Error - Expected linebreaks to be &apos;LF&apos; but found &apos;CRLF&apos;. (linebreak-style)]]></failure></testcase>
<testcase time="0" name="org.eslint.linebreak-style" classname="C:\work\dyrectorio\web\crux-ui\src\server\registry-api\google-api-client"><failure message="Expected linebreaks to be &apos;LF&apos; but found &apos;CRLF&apos;."><![CDATA[line 8, col 20, Error - Expected linebreaks to be &apos;LF&apos; but found &apos;CRLF&apos;. (linebreak-style)]]></failure></testcase>
<testcase time="0" name="org.eslint.linebreak-style" classname="C:\work\dyrectorio\web\crux-ui\src\server\registry-api\google-api-client"><failure message="Expected linebreaks to be &apos;LF&apos; but found &apos;CRLF&apos;."><![CDATA[line 9, col 20, Error - Expected linebreaks to be &apos;LF&apos; but found &apos;CRLF&apos;. (linebreak-style)]]></failure></testcase>
<testcase time="0" name="org.eslint.linebreak-style" classname="C:\work\dyrectorio\web\crux-ui\src\server\registry-api\google-api-client"><failure message="Expected linebreaks to be &apos;LF&apos; but found &apos;CRLF&apos;."><![CDATA[line 10, col 2, Error - Expected linebreaks to be &apos;LF&apos; but found &apos;CRLF&apos;. (linebreak-style)]]></failure></testcase>
<testcase time="0" name="org.eslint.linebreak-style" classname="C:\work\dyrectorio\web\crux-ui\src\server\registry-api\google-api-client"><failure message="Expected linebreaks to be &apos;LF&apos; but found &apos;CRLF&apos;."><![CDATA[line 11, col 1, Error - Expected linebreaks to be &apos;LF&apos; but found &apos;CRLF&apos;. (linebreak-style)]]></failure></testcase>
<testcase time="0" name="org.eslint.linebreak-style" classname="C:\work\dyrectorio\web\crux-ui\src\server\registry-api\google-api-client"><failure message="Expected linebreaks to be &apos;LF&apos; but found &apos;CRLF&apos;."><![CDATA[line 12, col 65, Error - Expected linebreaks to be &apos;LF&apos; but found &apos;CRLF&apos;. (linebreak-style)]]></failure></testcase>
<testcase time="0" name="org.eslint.no-undef" classname="C:\work\dyrectorio\web\crux-ui\src\server\registry-api\google-api-client"><failure message="&apos;HeadersInit&apos; is not defined."><![CDATA[line 13, col 20, Error - &apos;HeadersInit&apos; is not defined. (no-undef)]]></failure></testcase>
<testcase time="0" name="org.eslint.linebreak-style" classname="C:\work\dyrectorio\web\crux-ui\src\server\registry-api\google-api-client"><failure message="Expected linebreaks to be &apos;LF&apos; but found &apos;CRLF&apos;."><![CDATA[line 13, col 36, Error - Expected linebreaks to be &apos;LF&apos; but found &apos;CRLF&apos;. (linebreak-style)]]></failure></testcase>
<testcase time="0" name="org.eslint.semi" classname="C:\work\dyrectorio\web\crux-ui\src\server\registry-api\google-api-client"><failure message="Missing semicolon."><![CDATA[line 13, col 36, Error - Missing semicolon. (semi)]]></failure></testcase>
<testcase time="0" name="org.eslint.lines-between-class-members" classname="C:\work\dyrectorio\web\crux-ui\src\server\registry-api\google-api-client"><failure message="Expected blank line between class members."><![CDATA[line 14, col 3, Error - Expected blank line between class members. (lines-between-class-members)]]></failure></testcase>
<testcase time="0" name="org.eslint.linebreak-style" classname="C:\work\dyrectorio\web\crux-ui\src\server\registry-api\google-api-client"><failure message="Expected linebreaks to be &apos;LF&apos; but found &apos;CRLF&apos;."><![CDATA[line 14, col 22, Error - Expected linebreaks to be &apos;LF&apos; but found &apos;CRLF&apos;. (linebreak-style)]]></failure></testcase>
<testcase time="0" name="org.eslint.semi" classname="C:\work\dyrectorio\web\crux-ui\src\server\registry-api\google-api-client"><failure message="Missing semicolon."><![CDATA[line 14, col 22, Error - Missing semicolon. (semi)]]></failure></testcase>
<testcase time="0" name="org.eslint.linebreak-style" classname="C:\work\dyrectorio\web\crux-ui\src\server\registry-api\google-api-client"><failure message="Expected linebreaks to be &apos;LF&apos; but found &apos;CRLF&apos;."><![CDATA[line 15, col 1, Error - Expected linebreaks to be &apos;LF&apos; but found &apos;CRLF&apos;. (linebreak-style)]]></failure></testcase>
<testcase time="0" name="org.eslint.linebreak-style" classname="C:\work\dyrectorio\web\crux-ui\src\server\registry-api\google-api-client"><failure message="Expected linebreaks to be &apos;LF&apos; but found &apos;CRLF&apos;."><![CDATA[line 16, col 101, Error - Expected linebreaks to be &apos;LF&apos; but found &apos;CRLF&apos;. (linebreak-style)]]></failure></testcase>
<testcase time="0" name="org.eslint.linebreak-style" classname="C:\work\dyrectorio\web\crux-ui\src\server\registry-api\google-api-client"><failure message="Expected linebreaks to be &apos;LF&apos; but found &apos;CRLF&apos;."><![CDATA[line 17, col 29, Error - Expected linebreaks to be &apos;LF&apos; but found &apos;CRLF&apos;. (linebreak-style)]]></failure></testcase>
<testcase time="0" name="org.eslint.linebreak-style" classname="C:\work\dyrectorio\web\crux-ui\src\server\registry-api\google-api-client"><failure message="Expected linebreaks to be &apos;LF&apos; but found &apos;CRLF&apos;."><![CDATA[line 18, col 31, Error - Expected linebreaks to be &apos;LF&apos; but found &apos;CRLF&apos;. (linebreak-style)]]></failure></testcase>
<testcase time="0" name="org.eslint.linebreak-style" classname="C:\work\dyrectorio\web\crux-ui\src\server\registry-api\google-api-client"><failure message="Expected linebreaks to be &apos;LF&apos; but found &apos;CRLF&apos;."><![CDATA[line 19, col 81, Error - Expected linebreaks to be &apos;LF&apos; but found &apos;CRLF&apos;. (linebreak-style)]]></failure></testcase>
<testcase time="0" name="org.eslint.semi" classname="C:\work\dyrectorio\web\crux-ui\src\server\registry-api\google-api-client"><failure message="Missing semicolon."><![CDATA[line 19, col 81, Error - Missing semicolon. (semi)]]></failure></testcase>
<testcase time="0" name="org.eslint.linebreak-style" classname="C:\work\dyrectorio\web\crux-ui\src\server\registry-api\google-api-client"><failure message="Expected linebreaks to be &apos;LF&apos; but found &apos;CRLF&apos;."><![CDATA[line 20, col 8, Error - Expected linebreaks to be &apos;LF&apos; but found &apos;CRLF&apos;. (linebreak-style)]]></failure></testcase>
<testcase time="0" name="org.eslint.linebreak-style" classname="C:\work\dyrectorio\web\crux-ui\src\server\registry-api\google-api-client"><failure message="Expected linebreaks to be &apos;LF&apos; but found &apos;CRLF&apos;."><![CDATA[line 21, col 1, Error - Expected linebreaks to be &apos;LF&apos; but found &apos;CRLF&apos;. (linebreak-style)]]></failure></testcase>
<testcase time="0" name="org.eslint.linebreak-style" classname="C:\work\dyrectorio\web\crux-ui\src\server\registry-api\google-api-client"><failure message="Expected linebreaks to be &apos;LF&apos; but found &apos;CRLF&apos;."><![CDATA[line 22, col 30, Error - Expected linebreaks to be &apos;LF&apos; but found &apos;CRLF&apos;. (linebreak-style)]]></failure></testcase>
<testcase time="0" name="org.eslint.linebreak-style" classname="C:\work\dyrectorio\web\crux-ui\src\server\registry-api\google-api-client"><failure message="Expected linebreaks to be &apos;LF&apos; but found &apos;CRLF&apos;."><![CDATA[line 23, col 33, Error - Expected linebreaks to be &apos;LF&apos; but found &apos;CRLF&apos;. (linebreak-style)]]></failure></testcase>
<testcase time="0" name="org.eslint.linebreak-style" classname="C:\work\dyrectorio\web\crux-ui\src\server\registry-api\google-api-client"><failure message="Expected linebreaks to be &apos;LF&apos; but found &apos;CRLF&apos;."><![CDATA[line 24, col 31, Error - Expected linebreaks to be &apos;LF&apos; but found &apos;CRLF&apos;. (linebreak-style)]]></failure></testcase>
<testcase time="0" name="org.eslint.linebreak-style" classname="C:\work\dyrectorio\web\crux-ui\src\server\registry-api\google-api-client"><failure message="Expected linebreaks to be &apos;LF&apos; but found &apos;CRLF&apos;."><![CDATA[line 25, col 68, Error - Expected linebreaks to be &apos;LF&apos; but found &apos;CRLF&apos;. (linebreak-style)]]></failure></testcase>
<testcase time="0" name="org.eslint.linebreak-style" classname="C:\work\dyrectorio\web\crux-ui\src\server\registry-api\google-api-client"><failure message="Expected linebreaks to be &apos;LF&apos; but found &apos;CRLF&apos;."><![CDATA[line 26, col 9, Error - Expected linebreaks to be &apos;LF&apos; but found &apos;CRLF&apos;. (linebreak-style)]]></failure></testcase>
<testcase time="0" name="org.eslint.semi" classname="C:\work\dyrectorio\web\crux-ui\src\server\registry-api\google-api-client"><failure message="Missing semicolon."><![CDATA[line 26, col 9, Error - Missing semicolon. (semi)]]></failure></testcase>
<testcase time="0" name="org.eslint.linebreak-style" classname="C:\work\dyrectorio\web\crux-ui\src\server\registry-api\google-api-client"><failure message="Expected linebreaks to be &apos;LF&apos; but found &apos;CRLF&apos;."><![CDATA[line 27, col 6, Error - Expected linebreaks to be &apos;LF&apos; but found &apos;CRLF&apos;. (linebreak-style)]]></failure></testcase>
<testcase time="0" name="org.eslint.linebreak-style" classname="C:\work\dyrectorio\web\crux-ui\src\server\registry-api\google-api-client"><failure message="Expected linebreaks to be &apos;LF&apos; but found &apos;CRLF&apos;."><![CDATA[line 28, col 4, Error - Expected linebreaks to be &apos;LF&apos; but found &apos;CRLF&apos;. (linebreak-style)]]></failure></testcase>
<testcase time="0" name="org.eslint.linebreak-style" classname="C:\work\dyrectorio\web\crux-ui\src\server\registry-api\google-api-client"><failure message="Expected linebreaks to be &apos;LF&apos; but found &apos;CRLF&apos;."><![CDATA[line 29, col 1, Error - Expected linebreaks to be &apos;LF&apos; but found &apos;CRLF&apos;. (linebreak-style)]]></failure></testcase>
<testcase time="0" name="org.eslint.linebreak-style" classname="C:\work\dyrectorio\web\crux-ui\src\server\registry-api\google-api-client"><failure message="Expected linebreaks to be &apos;LF&apos; but found &apos;CRLF&apos;."><![CDATA[line 30, col 44, Error - Expected linebreaks to be &apos;LF&apos; but found &apos;CRLF&apos;. (linebreak-style)]]></failure></testcase>
<testcase time="0" name="org.eslint.linebreak-style" classname="C:\work\dyrectorio\web\crux-ui\src\server\registry-api\google-api-client"><failure message="Expected linebreaks to be &apos;LF&apos; but found &apos;CRLF&apos;."><![CDATA[line 31, col 44, Error - Expected linebreaks to be &apos;LF&apos; but found &apos;CRLF&apos;. (linebreak-style)]]></failure></testcase>
<testcase time="0" name="org.eslint.semi" classname="C:\work\dyrectorio\web\crux-ui\src\server\registry-api\google-api-client"><failure message="Missing semicolon."><![CDATA[line 31, col 44, Error - Missing semicolon. (semi)]]></failure></testcase>
<testcase time="0" name="org.eslint.linebreak-style" classname="C:\work\dyrectorio\web\crux-ui\src\server\registry-api\google-api-client"><failure message="Expected linebreaks to be &apos;LF&apos; but found &apos;CRLF&apos;."><![CDATA[line 32, col 10, Error - Expected linebreaks to be &apos;LF&apos; but found &apos;CRLF&apos;. (linebreak-style)]]></failure></testcase>
<testcase time="0" name="org.eslint.linebreak-style" classname="C:\work\dyrectorio\web\crux-ui\src\server\registry-api\google-api-client"><failure message="Expected linebreaks to be &apos;LF&apos; but found &apos;CRLF&apos;."><![CDATA[line 33, col 55, Error - Expected linebreaks to be &apos;LF&apos; but found &apos;CRLF&apos;. (linebreak-style)]]></failure></testcase>
<testcase time="0" name="org.eslint.semi" classname="C:\work\dyrectorio\web\crux-ui\src\server\registry-api\google-api-client"><failure message="Missing semicolon."><![CDATA[line 33, col 55, Error - Missing semicolon. (semi)]]></failure></testcase>
<testcase time="0" name="org.eslint.linebreak-style" classname="C:\work\dyrectorio\web\crux-ui\src\server\registry-api\google-api-client"><failure message="Expected linebreaks to be &apos;LF&apos; but found &apos;CRLF&apos;."><![CDATA[line 34, col 18, Error - Expected linebreaks to be &apos;LF&apos; but found &apos;CRLF&apos;. (linebreak-style)]]></failure></testcase>
<testcase time="0" name="org.eslint.quotes" classname="C:\work\dyrectorio\web\crux-ui\src\server\registry-api\google-api-client"><failure message="Strings must use singlequote."><![CDATA[line 35, col 31, Error - Strings must use singlequote. (quotes)]]></failure></testcase>
<testcase time="0" name="org.eslint.linebreak-style" classname="C:\work\dyrectorio\web\crux-ui\src\server\registry-api\google-api-client"><failure message="Expected linebreaks to be &apos;LF&apos; but found &apos;CRLF&apos;."><![CDATA[line 35, col 60, Error - Expected linebreaks to be &apos;LF&apos; but found &apos;CRLF&apos;. (linebreak-style)]]></failure></testcase>
<testcase time="0" name="org.eslint.semi" classname="C:\work\dyrectorio\web\crux-ui\src\server\registry-api\google-api-client"><failure message="Missing semicolon."><![CDATA[line 35, col 60, Error - Missing semicolon. (semi)]]></failure></testcase>
<testcase time="0" name="org.eslint.linebreak-style" classname="C:\work\dyrectorio\web\crux-ui\src\server\registry-api\google-api-client"><failure message="Expected linebreaks to be &apos;LF&apos; but found &apos;CRLF&apos;."><![CDATA[line 36, col 6, Error - Expected linebreaks to be &apos;LF&apos; but found &apos;CRLF&apos;. (linebreak-style)]]></failure></testcase>
<testcase time="0" name="org.eslint.linebreak-style" classname="C:\work\dyrectorio\web\crux-ui\src\server\registry-api\google-api-client"><failure message="Expected linebreaks to be &apos;LF&apos; but found &apos;CRLF&apos;."><![CDATA[line 37, col 1, Error - Expected linebreaks to be &apos;LF&apos; but found &apos;CRLF&apos;. (linebreak-style)]]></failure></testcase>
<testcase time="0" name="org.eslint.linebreak-style" classname="C:\work\dyrectorio\web\crux-ui\src\server\registry-api\google-api-client"><failure message="Expected linebreaks to be &apos;LF&apos; but found &apos;CRLF&apos;."><![CDATA[line 38, col 21, Error - Expected linebreaks to be &apos;LF&apos; but found &apos;CRLF&apos;. (linebreak-style)]]></failure></testcase>
<testcase time="0" name="org.eslint.linebreak-style" classname="C:\work\dyrectorio\web\crux-ui\src\server\registry-api\google-api-client"><failure message="Expected linebreaks to be &apos;LF&apos; but found &apos;CRLF&apos;."><![CDATA[line 39, col 53, Error - Expected linebreaks to be &apos;LF&apos; but found &apos;CRLF&apos;. (linebreak-style)]]></failure></testcase>
<testcase time="0" name="org.eslint.quotes" classname="C:\work\dyrectorio\web\crux-ui\src\server\registry-api\google-api-client"><failure message="Strings must use singlequote."><![CDATA[line 40, col 15, Error - Strings must use singlequote. (quotes)]]></failure></testcase>
<testcase time="0" name="org.eslint.linebreak-style" classname="C:\work\dyrectorio\web\crux-ui\src\server\registry-api\google-api-client"><failure message="Expected linebreaks to be &apos;LF&apos; but found &apos;CRLF&apos;."><![CDATA[line 40, col 34, Error - Expected linebreaks to be &apos;LF&apos; but found &apos;CRLF&apos;. (linebreak-style)]]></failure></testcase>
<testcase time="0" name="org.eslint.linebreak-style" classname="C:\work\dyrectorio\web\crux-ui\src\server\registry-api\google-api-client"><failure message="Expected linebreaks to be &apos;LF&apos; but found &apos;CRLF&apos;."><![CDATA[line 41, col 6, Error - Expected linebreaks to be &apos;LF&apos; but found &apos;CRLF&apos;. (linebreak-style)]]></failure></testcase>
<testcase time="0" name="org.eslint.semi" classname="C:\work\dyrectorio\web\crux-ui\src\server\registry-api\google-api-client"><failure message="Missing semicolon."><![CDATA[line 41, col 6, Error - Missing semicolon. (semi)]]></failure></testcase>
<testcase time="0" name="org.eslint.linebreak-style" classname="C:\work\dyrectorio\web\crux-ui\src\server\registry-api\google-api-client"><failure message="Expected linebreaks to be &apos;LF&apos; but found &apos;CRLF&apos;."><![CDATA[line 42, col 4, Error - Expected linebreaks to be &apos;LF&apos; but found &apos;CRLF&apos;. (linebreak-style)]]></failure></testcase>
<testcase time="0" name="org.eslint.linebreak-style" classname="C:\work\dyrectorio\web\crux-ui\src\server\registry-api\google-api-client"><failure message="Expected linebreaks to be &apos;LF&apos; but found &apos;CRLF&apos;."><![CDATA[line 43, col 1, Error - Expected linebreaks to be &apos;LF&apos; but found &apos;CRLF&apos;. (linebreak-style)]]></failure></testcase>
<testcase time="0" name="org.eslint.linebreak-style" classname="C:\work\dyrectorio\web\crux-ui\src\server\registry-api\google-api-client"><failure message="Expected linebreaks to be &apos;LF&apos; but found &apos;CRLF&apos;."><![CDATA[line 44, col 65, Error - Expected linebreaks to be &apos;LF&apos; but found &apos;CRLF&apos;. (linebreak-style)]]></failure></testcase>
<testcase time="0" name="org.eslint.linebreak-style" classname="C:\work\dyrectorio\web\crux-ui\src\server\registry-api\google-api-client"><failure message="Expected linebreaks to be &apos;LF&apos; but found &apos;CRLF&apos;."><![CDATA[line 45, col 23, Error - Expected linebreaks to be &apos;LF&apos; but found &apos;CRLF&apos;. (linebreak-style)]]></failure></testcase>
<testcase time="0" name="org.eslint.linebreak-style" classname="C:\work\dyrectorio\web\crux-ui\src\server\registry-api\google-api-client"><failure message="Expected linebreaks to be &apos;LF&apos; but found &apos;CRLF&apos;."><![CDATA[line 46, col 51, Error - Expected linebreaks to be &apos;LF&apos; but found &apos;CRLF&apos;. (linebreak-style)]]></failure></testcase>
<testcase time="0" name="org.eslint.semi" classname="C:\work\dyrectorio\web\crux-ui\src\server\registry-api\google-api-client"><failure message="Missing semicolon."><![CDATA[line 46, col 51, Error - Missing semicolon. (semi)]]></failure></testcase>
<testcase time="0" name="org.eslint.linebreak-style" classname="C:\work\dyrectorio\web\crux-ui\src\server\registry-api\google-api-client"><failure message="Expected linebreaks to be &apos;LF&apos; but found &apos;CRLF&apos;."><![CDATA[line 47, col 6, Error - Expected linebreaks to be &apos;LF&apos; but found &apos;CRLF&apos;. (linebreak-style)]]></failure></testcase>
<testcase time="0" name="org.eslint.linebreak-style" classname="C:\work\dyrectorio\web\crux-ui\src\server\registry-api\google-api-client"><failure message="Expected linebreaks to be &apos;LF&apos; but found &apos;CRLF&apos;."><![CDATA[line 48, col 1, Error - Expected linebreaks to be &apos;LF&apos; but found &apos;CRLF&apos;. (linebreak-style)]]></failure></testcase>
<testcase time="0" name="org.eslint.linebreak-style" classname="C:\work\dyrectorio\web\crux-ui\src\server\registry-api\google-api-client"><failure message="Expected linebreaks to be &apos;LF&apos; but found &apos;CRLF&apos;."><![CDATA[line 49, col 75, Error - Expected linebreaks to be &apos;LF&apos; but found &apos;CRLF&apos;. (linebreak-style)]]></failure></testcase>
<testcase time="0" name="org.eslint.semi" classname="C:\work\dyrectorio\web\crux-ui\src\server\registry-api\google-api-client"><failure message="Missing semicolon."><![CDATA[line 49, col 75, Error - Missing semicolon. (semi)]]></failure></testcase>
<testcase time="0" name="org.eslint.linebreak-style" classname="C:\work\dyrectorio\web\crux-ui\src\server\registry-api\google-api-client"><failure message="Expected linebreaks to be &apos;LF&apos; but found &apos;CRLF&apos;."><![CDATA[line 50, col 1, Error - Expected linebreaks to be &apos;LF&apos; but found &apos;CRLF&apos;. (linebreak-style)]]></failure></testcase>
<testcase time="0" name="org.eslint.linebreak-style" classname="C:\work\dyrectorio\web\crux-ui\src\server\registry-api\google-api-client"><failure message="Expected linebreaks to be &apos;LF&apos; but found &apos;CRLF&apos;."><![CDATA[line 51, col 35, Error - Expected linebreaks to be &apos;LF&apos; but found &apos;CRLF&apos;. (linebreak-style)]]></failure></testcase>
<testcase time="0" name="org.eslint.linebreak-style" classname="C:\work\dyrectorio\web\crux-ui\src\server\registry-api\google-api-client"><failure message="Expected linebreaks to be &apos;LF&apos; but found &apos;CRLF&apos;."><![CDATA[line 52, col 29, Error - Expected linebreaks to be &apos;LF&apos; but found &apos;CRLF&apos;. (linebreak-style)]]></failure></testcase>
<testcase time="0" name="org.eslint.linebreak-style" classname="C:\work\dyrectorio\web\crux-ui\src\server\registry-api\google-api-client"><failure message="Expected linebreaks to be &apos;LF&apos; but found &apos;CRLF&apos;."><![CDATA[line 53, col 7, Error - Expected linebreaks to be &apos;LF&apos; but found &apos;CRLF&apos;. (linebreak-style)]]></failure></testcase>
<testcase time="0" name="org.eslint.semi" classname="C:\work\dyrectorio\web\crux-ui\src\server\registry-api\google-api-client"><failure message="Missing semicolon."><![CDATA[line 53, col 7, Error - Missing semicolon. (semi)]]></failure></testcase>
<testcase time="0" name="org.eslint.linebreak-style" classname="C:\work\dyrectorio\web\crux-ui\src\server\registry-api\google-api-client"><failure message="Expected linebreaks to be &apos;LF&apos; but found &apos;CRLF&apos;."><![CDATA[line 54, col 1, Error - Expected linebreaks to be &apos;LF&apos; but found &apos;CRLF&apos;. (linebreak-style)]]></failure></testcase>
<testcase time="0" name="org.eslint.linebreak-style" classname="C:\work\dyrectorio\web\crux-ui\src\server\registry-api\google-api-client"><failure message="Expected linebreaks to be &apos;LF&apos; but found &apos;CRLF&apos;."><![CDATA[line 55, col 19, Error - Expected linebreaks to be &apos;LF&apos; but found &apos;CRLF&apos;. (linebreak-style)]]></failure></testcase>
<testcase time="0" name="org.eslint.linebreak-style" classname="C:\work\dyrectorio\web\crux-ui\src\server\registry-api\google-api-client"><failure message="Expected linebreaks to be &apos;LF&apos; but found &apos;CRLF&apos;."><![CDATA[line 56, col 109, Error - Expected linebreaks to be &apos;LF&apos; but found &apos;CRLF&apos;. (linebreak-style)]]></failure></testcase>
<testcase time="0" name="org.eslint.semi" classname="C:\work\dyrectorio\web\crux-ui\src\server\registry-api\google-api-client"><failure message="Missing semicolon."><![CDATA[line 56, col 109, Error - Missing semicolon. (semi)]]></failure></testcase>
<testcase time="0" name="org.eslint.linebreak-style" classname="C:\work\dyrectorio\web\crux-ui\src\server\registry-api\google-api-client"><failure message="Expected linebreaks to be &apos;LF&apos; but found &apos;CRLF&apos;."><![CDATA[line 57, col 95, Error - Expected linebreaks to be &apos;LF&apos; but found &apos;CRLF&apos;. (linebreak-style)]]></failure></testcase>
<testcase time="0" name="org.eslint.semi" classname="C:\work\dyrectorio\web\crux-ui\src\server\registry-api\google-api-client"><failure message="Missing semicolon."><![CDATA[line 57, col 95, Error - Missing semicolon. (semi)]]></failure></testcase>
<testcase time="0" name="org.eslint.linebreak-style" classname="C:\work\dyrectorio\web\crux-ui\src\server\registry-api\google-api-client"><failure message="Expected linebreaks to be &apos;LF&apos; but found &apos;CRLF&apos;."><![CDATA[line 58, col 6, Error - Expected linebreaks to be &apos;LF&apos; but found &apos;CRLF&apos;. (linebreak-style)]]></failure></testcase>
<testcase time="0" name="org.eslint.linebreak-style" classname="C:\work\dyrectorio\web\crux-ui\src\server\registry-api\google-api-client"><failure message="Expected linebreaks to be &apos;LF&apos; but found &apos;CRLF&apos;."><![CDATA[line 59, col 1, Error - Expected linebreaks to be &apos;LF&apos; but found &apos;CRLF&apos;. (linebreak-style)]]></failure></testcase>
<testcase time="0" name="org.eslint.linebreak-style" classname="C:\work\dyrectorio\web\crux-ui\src\server\registry-api\google-api-client"><failure message="Expected linebreaks to be &apos;LF&apos; but found &apos;CRLF&apos;."><![CDATA[line 60, col 59, Error - Expected linebreaks to be &apos;LF&apos; but found &apos;CRLF&apos;. (linebreak-style)]]></failure></testcase>
<testcase time="0" name="org.eslint.semi" classname="C:\work\dyrectorio\web\crux-ui\src\server\registry-api\google-api-client"><failure message="Missing semicolon."><![CDATA[line 60, col 59, Error - Missing semicolon. (semi)]]></failure></testcase>
<testcase time="0" name="org.eslint.linebreak-style" classname="C:\work\dyrectorio\web\crux-ui\src\server\registry-api\google-api-client"><failure message="Expected linebreaks to be &apos;LF&apos; but found &apos;CRLF&apos;."><![CDATA[line 61, col 1, Error - Expected linebreaks to be &apos;LF&apos; but found &apos;CRLF&apos;. (linebreak-style)]]></failure></testcase>
<testcase time="0" name="org.eslint.arrow-parens" classname="C:\work\dyrectorio\web\crux-ui\src\server\registry-api\google-api-client"><failure message="Expected parentheses around arrow function argument."><![CDATA[line 62, col 30, Error - Expected parentheses around arrow function argument. (arrow-parens)]]></failure></testcase>
<testcase time="0" name="org.eslint.linebreak-style" classname="C:\work\dyrectorio\web\crux-ui\src\server\registry-api\google-api-client"><failure message="Expected linebreaks to be &apos;LF&apos; but found &apos;CRLF&apos;."><![CDATA[line 62, col 69, Error - Expected linebreaks to be &apos;LF&apos; but found &apos;CRLF&apos;. (linebreak-style)]]></failure></testcase>
<testcase time="0" name="org.eslint.semi" classname="C:\work\dyrectorio\web\crux-ui\src\server\registry-api\google-api-client"><failure message="Missing semicolon."><![CDATA[line 62, col 69, Error - Missing semicolon. (semi)]]></failure></testcase>
<testcase time="0" name="org.eslint.linebreak-style" classname="C:\work\dyrectorio\web\crux-ui\src\server\registry-api\google-api-client"><failure message="Expected linebreaks to be &apos;LF&apos; but found &apos;CRLF&apos;."><![CDATA[line 63, col 4, Error - Expected linebreaks to be &apos;LF&apos; but found &apos;CRLF&apos;. (linebreak-style)]]></failure></testcase>
<testcase time="0" name="org.eslint.linebreak-style" classname="C:\work\dyrectorio\web\crux-ui\src\server\registry-api\google-api-client"><failure message="Expected linebreaks to be &apos;LF&apos; but found &apos;CRLF&apos;."><![CDATA[line 64, col 1, Error - Expected linebreaks to be &apos;LF&apos; but found &apos;CRLF&apos;. (linebreak-style)]]></failure></testcase>
<testcase time="0" name="org.eslint.linebreak-style" classname="C:\work\dyrectorio\web\crux-ui\src\server\registry-api\google-api-client"><failure message="Expected linebreaks to be &apos;LF&apos; but found &apos;CRLF&apos;."><![CDATA[line 65, col 58, Error - Expected linebreaks to be &apos;LF&apos; but found &apos;CRLF&apos;. (linebreak-style)]]></failure></testcase>
<testcase time="0" name="org.eslint.linebreak-style" classname="C:\work\dyrectorio\web\crux-ui\src\server\registry-api\google-api-client"><failure message="Expected linebreaks to be &apos;LF&apos; but found &apos;CRLF&apos;."><![CDATA[line 66, col 23, Error - Expected linebreaks to be &apos;LF&apos; but found &apos;CRLF&apos;. (linebreak-style)]]></failure></testcase>
<testcase time="0" name="org.eslint.linebreak-style" classname="C:\work\dyrectorio\web\crux-ui\src\server\registry-api\google-api-client"><failure message="Expected linebreaks to be &apos;LF&apos; but found &apos;CRLF&apos;."><![CDATA[line 67, col 51, Error - Expected linebreaks to be &apos;LF&apos; but found &apos;CRLF&apos;. (linebreak-style)]]></failure></testcase>
<testcase time="0" name="org.eslint.semi" classname="C:\work\dyrectorio\web\crux-ui\src\server\registry-api\google-api-client"><failure message="Missing semicolon."><![CDATA[line 67, col 51, Error - Missing semicolon. (semi)]]></failure></testcase>
<testcase time="0" name="org.eslint.linebreak-style" classname="C:\work\dyrectorio\web\crux-ui\src\server\registry-api\google-api-client"><failure message="Expected linebreaks to be &apos;LF&apos; but found &apos;CRLF&apos;."><![CDATA[line 68, col 6, Error - Expected linebreaks to be &apos;LF&apos; but found &apos;CRLF&apos;. (linebreak-style)]]></failure></testcase>
<testcase time="0" name="org.eslint.linebreak-style" classname="C:\work\dyrectorio\web\crux-ui\src\server\registry-api\google-api-client"><failure message="Expected linebreaks to be &apos;LF&apos; but found &apos;CRLF&apos;."><![CDATA[line 69, col 1, Error - Expected linebreaks to be &apos;LF&apos; but found &apos;CRLF&apos;. (linebreak-style)]]></failure></testcase>
<testcase time="0" name="org.eslint.linebreak-style" classname="C:\work\dyrectorio\web\crux-ui\src\server\registry-api\google-api-client"><failure message="Expected linebreaks to be &apos;LF&apos; but found &apos;CRLF&apos;."><![CDATA[line 70, col 84, Error - Expected linebreaks to be &apos;LF&apos; but found &apos;CRLF&apos;. (linebreak-style)]]></failure></testcase>
<testcase time="0" name="org.eslint.semi" classname="C:\work\dyrectorio\web\crux-ui\src\server\registry-api\google-api-client"><failure message="Missing semicolon."><![CDATA[line 70, col 84, Error - Missing semicolon. (semi)]]></failure></testcase>
<testcase time="0" name="org.eslint.linebreak-style" classname="C:\work\dyrectorio\web\crux-ui\src\server\registry-api\google-api-client"><failure message="Expected linebreaks to be &apos;LF&apos; but found &apos;CRLF&apos;."><![CDATA[line 71, col 1, Error - Expected linebreaks to be &apos;LF&apos; but found &apos;CRLF&apos;. (linebreak-style)]]></failure></testcase>
<testcase time="0" name="org.eslint.linebreak-style" classname="C:\work\dyrectorio\web\crux-ui\src\server\registry-api\google-api-client"><failure message="Expected linebreaks to be &apos;LF&apos; but found &apos;CRLF&apos;."><![CDATA[line 72, col 38, Error - Expected linebreaks to be &apos;LF&apos; but found &apos;CRLF&apos;. (linebreak-style)]]></failure></testcase>
<testcase time="0" name="org.eslint.linebreak-style" classname="C:\work\dyrectorio\web\crux-ui\src\server\registry-api\google-api-client"><failure message="Expected linebreaks to be &apos;LF&apos; but found &apos;CRLF&apos;."><![CDATA[line 73, col 29, Error - Expected linebreaks to be &apos;LF&apos; but found &apos;CRLF&apos;. (linebreak-style)]]></failure></testcase>
<testcase time="0" name="org.eslint.linebreak-style" classname="C:\work\dyrectorio\web\crux-ui\src\server\registry-api\google-api-client"><failure message="Expected linebreaks to be &apos;LF&apos; but found &apos;CRLF&apos;."><![CDATA[line 74, col 7, Error - Expected linebreaks to be &apos;LF&apos; but found &apos;CRLF&apos;. (linebreak-style)]]></failure></testcase>
<testcase time="0" name="org.eslint.semi" classname="C:\work\dyrectorio\web\crux-ui\src\server\registry-api\google-api-client"><failure message="Missing semicolon."><![CDATA[line 74, col 7, Error - Missing semicolon. (semi)]]></failure></testcase>
<testcase time="0" name="org.eslint.linebreak-style" classname="C:\work\dyrectorio\web\crux-ui\src\server\registry-api\google-api-client"><failure message="Expected linebreaks to be &apos;LF&apos; but found &apos;CRLF&apos;."><![CDATA[line 75, col 1, Error - Expected linebreaks to be &apos;LF&apos; but found &apos;CRLF&apos;. (linebreak-style)]]></failure></testcase>
<testcase time="0" name="org.eslint.linebreak-style" classname="C:\work\dyrectorio\web\crux-ui\src\server\registry-api\google-api-client"><failure message="Expected linebreaks to be &apos;LF&apos; but found &apos;CRLF&apos;."><![CDATA[line 76, col 22, Error - Expected linebreaks to be &apos;LF&apos; but found &apos;CRLF&apos;. (linebreak-style)]]></failure></testcase>
<testcase time="0" name="org.eslint.linebreak-style" classname="C:\work\dyrectorio\web\crux-ui\src\server\registry-api\google-api-client"><failure message="Expected linebreaks to be &apos;LF&apos; but found &apos;CRLF&apos;."><![CDATA[line 77, col 107, Error - Expected linebreaks to be &apos;LF&apos; but found &apos;CRLF&apos;. (linebreak-style)]]></failure></testcase>
<testcase time="0" name="org.eslint.semi" classname="C:\work\dyrectorio\web\crux-ui\src\server\registry-api\google-api-client"><failure message="Missing semicolon."><![CDATA[line 77, col 107, Error - Missing semicolon. (semi)]]></failure></testcase>
<testcase time="0" name="org.eslint.linebreak-style" classname="C:\work\dyrectorio\web\crux-ui\src\server\registry-api\google-api-client"><failure message="Expected linebreaks to be &apos;LF&apos; but found &apos;CRLF&apos;."><![CDATA[line 78, col 98, Error - Expected linebreaks to be &apos;LF&apos; but found &apos;CRLF&apos;. (linebreak-style)]]></failure></testcase>
<testcase time="0" name="org.eslint.semi" classname="C:\work\dyrectorio\web\crux-ui\src\server\registry-api\google-api-client"><failure message="Missing semicolon."><![CDATA[line 78, col 98, Error - Missing semicolon. (semi)]]></failure></testcase>
<testcase time="0" name="org.eslint.linebreak-style" classname="C:\work\dyrectorio\web\crux-ui\src\server\registry-api\google-api-client"><failure message="Expected linebreaks to be &apos;LF&apos; but found &apos;CRLF&apos;."><![CDATA[line 79, col 6, Error - Expected linebreaks to be &apos;LF&apos; but found &apos;CRLF&apos;. (linebreak-style)]]></failure></testcase>
<testcase time="0" name="org.eslint.linebreak-style" classname="C:\work\dyrectorio\web\crux-ui\src\server\registry-api\google-api-client"><failure message="Expected linebreaks to be &apos;LF&apos; but found &apos;CRLF&apos;."><![CDATA[line 80, col 1, Error - Expected linebreaks to be &apos;LF&apos; but found &apos;CRLF&apos;. (linebreak-style)]]></failure></testcase>
<testcase time="0" name="org.eslint.linebreak-style" classname="C:\work\dyrectorio\web\crux-ui\src\server\registry-api\google-api-client"><failure message="Expected linebreaks to be &apos;LF&apos; but found &apos;CRLF&apos;."><![CDATA[line 81, col 61, Error - Expected linebreaks to be &apos;LF&apos; but found &apos;CRLF&apos;. (linebreak-style)]]></failure></testcase>
<testcase time="0" name="org.eslint.semi" classname="C:\work\dyrectorio\web\crux-ui\src\server\registry-api\google-api-client"><failure message="Missing semicolon."><![CDATA[line 81, col 61, Error - Missing semicolon. (semi)]]></failure></testcase>
<testcase time="0" name="org.eslint.linebreak-style" classname="C:\work\dyrectorio\web\crux-ui\src\server\registry-api\google-api-client"><failure message="Expected linebreaks to be &apos;LF&apos; but found &apos;CRLF&apos;."><![CDATA[line 82, col 13, Error - Expected linebreaks to be &apos;LF&apos; but found &apos;CRLF&apos;. (linebreak-style)]]></failure></testcase>
<testcase time="0" name="org.eslint.linebreak-style" classname="C:\work\dyrectorio\web\crux-ui\src\server\registry-api\google-api-client"><failure message="Expected linebreaks to be &apos;LF&apos; but found &apos;CRLF&apos;."><![CDATA[line 83, col 19, Error - Expected linebreaks to be &apos;LF&apos; but found &apos;CRLF&apos;. (linebreak-style)]]></failure></testcase>
<testcase time="0" name="org.eslint.linebreak-style" classname="C:\work\dyrectorio\web\crux-ui\src\server\registry-api\google-api-client"><failure message="Expected linebreaks to be &apos;LF&apos; but found &apos;CRLF&apos;."><![CDATA[line 84, col 23, Error - Expected linebreaks to be &apos;LF&apos; but found &apos;CRLF&apos;. (linebreak-style)]]></failure></testcase>
<testcase time="0" name="org.eslint.linebreak-style" classname="C:\work\dyrectorio\web\crux-ui\src\server\registry-api\google-api-client"><failure message="Expected linebreaks to be &apos;LF&apos; but found &apos;CRLF&apos;."><![CDATA[line 85, col 6, Error - Expected linebreaks to be &apos;LF&apos; but found &apos;CRLF&apos;. (linebreak-style)]]></failure></testcase>
<testcase time="0" name="org.eslint.semi" classname="C:\work\dyrectorio\web\crux-ui\src\server\registry-api\google-api-client"><failure message="Missing semicolon."><![CDATA[line 85, col 6, Error - Missing semicolon. (semi)]]></failure></testcase>
<testcase time="0" name="org.eslint.linebreak-style" classname="C:\work\dyrectorio\web\crux-ui\src\server\registry-api\google-api-client"><failure message="Expected linebreaks to be &apos;LF&apos; but found &apos;CRLF&apos;."><![CDATA[line 86, col 4, Error - Expected linebreaks to be &apos;LF&apos; but found &apos;CRLF&apos;. (linebreak-style)]]></failure></testcase>
<testcase time="0" name="org.eslint.linebreak-style" classname="C:\work\dyrectorio\web\crux-ui\src\server\registry-api\google-api-client"><failure message="Expected linebreaks to be &apos;LF&apos; but found &apos;CRLF&apos;."><![CDATA[line 87, col 2, Error - Expected linebreaks to be &apos;LF&apos; but found &apos;CRLF&apos;. (linebreak-style)]]></failure></testcase>
</testsuite>
<testsuite package="org.eslint" time="0" tests="170" errors="170" name="C:\work\dyrectorio\web\crux-ui\src\server\registry-api\hub-api-client.ts">
<testcase time="0" name="org.eslint.max-classes-per-file" classname="C:\work\dyrectorio\web\crux-ui\src\server\registry-api\hub-api-client"><failure message="File has too many classes (2). Maximum allowed is 1."><![CDATA[line 1, col 1, Error - File has too many classes (2). Maximum allowed is 1. (max-classes-per-file)]]></failure></testcase>
<testcase time="0" name="org.eslint.linebreak-style" classname="C:\work\dyrectorio\web\crux-ui\src\server\registry-api\hub-api-client"><failure message="Expected linebreaks to be &apos;LF&apos; but found &apos;CRLF&apos;."><![CDATA[line 1, col 48, Error - Expected linebreaks to be &apos;LF&apos; but found &apos;CRLF&apos;. (linebreak-style)]]></failure></testcase>
<testcase time="0" name="org.eslint.semi" classname="C:\work\dyrectorio\web\crux-ui\src\server\registry-api\hub-api-client"><failure message="Missing semicolon."><![CDATA[line 1, col 48, Error - Missing semicolon. (semi)]]></failure></testcase>
<testcase time="0" name="org.eslint.linebreak-style" classname="C:\work\dyrectorio\web\crux-ui\src\server\registry-api\hub-api-client"><failure message="Expected linebreaks to be &apos;LF&apos; but found &apos;CRLF&apos;."><![CDATA[line 2, col 76, Error - Expected linebreaks to be &apos;LF&apos; but found &apos;CRLF&apos;. (linebreak-style)]]></failure></testcase>
<testcase time="0" name="org.eslint.semi" classname="C:\work\dyrectorio\web\crux-ui\src\server\registry-api\hub-api-client"><failure message="Missing semicolon."><![CDATA[line 2, col 76, Error - Missing semicolon. (semi)]]></failure></testcase>
<testcase time="0" name="org.eslint.import/extensions" classname="C:\work\dyrectorio\web\crux-ui\src\server\registry-api\hub-api-client"><failure message="Missing file extension &quot;ts&quot; for &quot;./registry-api-client&quot;"><![CDATA[line 3, col 35, Error - Missing file extension &quot;ts&quot; for &quot;./registry-api-client&quot; (import/extensions)]]></failure></testcase>
<testcase time="0" name="org.eslint.linebreak-style" classname="C:\work\dyrectorio\web\crux-ui\src\server\registry-api\hub-api-client"><failure message="Expected linebreaks to be &apos;LF&apos; but found &apos;CRLF&apos;."><![CDATA[line 3, col 58, Error - Expected linebreaks to be &apos;LF&apos; but found &apos;CRLF&apos;. (linebreak-style)]]></failure></testcase>
<testcase time="0" name="org.eslint.semi" classname="C:\work\dyrectorio\web\crux-ui\src\server\registry-api\hub-api-client"><failure message="Missing semicolon."><![CDATA[line 3, col 58, Error - Missing semicolon. (semi)]]></failure></testcase>
<testcase time="0" name="org.eslint.linebreak-style" classname="C:\work\dyrectorio\web\crux-ui\src\server\registry-api\hub-api-client"><failure message="Expected linebreaks to be &apos;LF&apos; but found &apos;CRLF&apos;."><![CDATA[line 4, col 1, Error - Expected linebreaks to be &apos;LF&apos; but found &apos;CRLF&apos;. (linebreak-style)]]></failure></testcase>
<testcase time="0" name="org.eslint.linebreak-style" classname="C:\work\dyrectorio\web\crux-ui\src\server\registry-api\hub-api-client"><failure message="Expected linebreaks to be &apos;LF&apos; but found &apos;CRLF&apos;."><![CDATA[line 5, col 20, Error - Expected linebreaks to be &apos;LF&apos; but found &apos;CRLF&apos;. (linebreak-style)]]></failure></testcase>
<testcase time="0" name="org.eslint.linebreak-style" classname="C:\work\dyrectorio\web\crux-ui\src\server\registry-api\hub-api-client"><failure message="Expected linebreaks to be &apos;LF&apos; but found &apos;CRLF&apos;."><![CDATA[line 6, col 20, Error - Expected linebreaks to be &apos;LF&apos; but found &apos;CRLF&apos;. (linebreak-style)]]></failure></testcase>
<testcase time="0" name="org.eslint.linebreak-style" classname="C:\work\dyrectorio\web\crux-ui\src\server\registry-api\hub-api-client"><failure message="Expected linebreaks to be &apos;LF&apos; but found &apos;CRLF&apos;."><![CDATA[line 7, col 12, Error - Expected linebreaks to be &apos;LF&apos; but found &apos;CRLF&apos;. (linebreak-style)]]></failure></testcase>
<testcase time="0" name="org.eslint.linebreak-style" classname="C:\work\dyrectorio\web\crux-ui\src\server\registry-api\hub-api-client"><failure message="Expected linebreaks to be &apos;LF&apos; but found &apos;CRLF&apos;."><![CDATA[line 8, col 2, Error - Expected linebreaks to be &apos;LF&apos; but found &apos;CRLF&apos;. (linebreak-style)]]></failure></testcase>
<testcase time="0" name="org.eslint.linebreak-style" classname="C:\work\dyrectorio\web\crux-ui\src\server\registry-api\hub-api-client"><failure message="Expected linebreaks to be &apos;LF&apos; but found &apos;CRLF&apos;."><![CDATA[line 9, col 1, Error - Expected linebreaks to be &apos;LF&apos; but found &apos;CRLF&apos;. (linebreak-style)]]></failure></testcase>
<testcase time="0" name="org.eslint.linebreak-style" classname="C:\work\dyrectorio\web\crux-ui\src\server\registry-api\hub-api-client"><failure message="Expected linebreaks to be &apos;LF&apos; but found &apos;CRLF&apos;."><![CDATA[line 10, col 27, Error - Expected linebreaks to be &apos;LF&apos; but found &apos;CRLF&apos;. (linebreak-style)]]></failure></testcase>
<testcase time="0" name="org.eslint.no-useless-constructor" classname="C:\work\dyrectorio\web\crux-ui\src\server\registry-api\hub-api-client"><failure message="Useless constructor."><![CDATA[line 11, col 3, Error - Useless constructor. (no-useless-constructor)]]></failure></testcase>
<testcase time="0" name="org.eslint.no-empty-function" classname="C:\work\dyrectorio\web\crux-ui\src\server\registry-api\hub-api-client"><failure message="Unexpected empty constructor."><![CDATA[line 11, col 49, Error - Unexpected empty constructor. (no-empty-function)]]></failure></testcase>
<testcase time="0" name="org.eslint.linebreak-style" classname="C:\work\dyrectorio\web\crux-ui\src\server\registry-api\hub-api-client"><failure message="Expected linebreaks to be &apos;LF&apos; but found &apos;CRLF&apos;."><![CDATA[line 11, col 51, Error - Expected linebreaks to be &apos;LF&apos; but found &apos;CRLF&apos;. (linebreak-style)]]></failure></testcase>
<testcase time="0" name="org.eslint.linebreak-style" classname="C:\work\dyrectorio\web\crux-ui\src\server\registry-api\hub-api-client"><failure message="Expected linebreaks to be &apos;LF&apos; but found &apos;CRLF&apos;."><![CDATA[line 12, col 1, Error - Expected linebreaks to be &apos;LF&apos; but found &apos;CRLF&apos;. (linebreak-style)]]></failure></testcase>
<testcase time="0" name="org.eslint.linebreak-style" classname="C:\work\dyrectorio\web\crux-ui\src\server\registry-api\hub-api-client"><failure message="Expected linebreaks to be &apos;LF&apos; but found &apos;CRLF&apos;."><![CDATA[line 13, col 55, Error - Expected linebreaks to be &apos;LF&apos; but found &apos;CRLF&apos;. (linebreak-style)]]></failure></testcase>
<testcase time="0" name="org.eslint.semi" classname="C:\work\dyrectorio\web\crux-ui\src\server\registry-api\hub-api-client"><failure message="Missing semicolon."><![CDATA[line 13, col 55, Error - Missing semicolon. (semi)]]></failure></testcase>
<testcase time="0" name="org.eslint.linebreak-style" classname="C:\work\dyrectorio\web\crux-ui\src\server\registry-api\hub-api-client"><failure message="Expected linebreaks to be &apos;LF&apos; but found &apos;CRLF&apos;."><![CDATA[line 14, col 1, Error - Expected linebreaks to be &apos;LF&apos; but found &apos;CRLF&apos;. (linebreak-style)]]></failure></testcase>
<testcase time="0" name="org.eslint.linebreak-style" classname="C:\work\dyrectorio\web\crux-ui\src\server\registry-api\hub-api-client"><failure message="Expected linebreaks to be &apos;LF&apos; but found &apos;CRLF&apos;."><![CDATA[line 15, col 21, Error - Expected linebreaks to be &apos;LF&apos; but found &apos;CRLF&apos;. (linebreak-style)]]></failure></testcase>
<testcase time="0" name="org.eslint.semi" classname="C:\work\dyrectorio\web\crux-ui\src\server\registry-api\hub-api-client"><failure message="Missing semicolon."><![CDATA[line 15, col 21, Error - Missing semicolon. (semi)]]></failure></testcase>
<testcase time="0" name="org.eslint.linebreak-style" classname="C:\work\dyrectorio\web\crux-ui\src\server\registry-api\hub-api-client"><failure message="Expected linebreaks to be &apos;LF&apos; but found &apos;CRLF&apos;."><![CDATA[line 16, col 1, Error - Expected linebreaks to be &apos;LF&apos; but found &apos;CRLF&apos;. (linebreak-style)]]></failure></testcase>
<testcase time="0" name="org.eslint.linebreak-style" classname="C:\work\dyrectorio\web\crux-ui\src\server\registry-api\hub-api-client"><failure message="Expected linebreaks to be &apos;LF&apos; but found &apos;CRLF&apos;."><![CDATA[line 17, col 21, Error - Expected linebreaks to be &apos;LF&apos; but found &apos;CRLF&apos;. (linebreak-style)]]></failure></testcase>
<testcase time="0" name="org.eslint.linebreak-style" classname="C:\work\dyrectorio\web\crux-ui\src\server\registry-api\hub-api-client"><failure message="Expected linebreaks to be &apos;LF&apos; but found &apos;CRLF&apos;."><![CDATA[line 18, col 37, Error - Expected linebreaks to be &apos;LF&apos; but found &apos;CRLF&apos;. (linebreak-style)]]></failure></testcase>
<testcase time="0" name="org.eslint.semi" classname="C:\work\dyrectorio\web\crux-ui\src\server\registry-api\hub-api-client"><failure message="Missing semicolon."><![CDATA[line 18, col 37, Error - Missing semicolon. (semi)]]></failure></testcase>
<testcase time="0" name="org.eslint.linebreak-style" classname="C:\work\dyrectorio\web\crux-ui\src\server\registry-api\hub-api-client"><failure message="Expected linebreaks to be &apos;LF&apos; but found &apos;CRLF&apos;."><![CDATA[line 19, col 1, Error - Expected linebreaks to be &apos;LF&apos; but found &apos;CRLF&apos;. (linebreak-style)]]></failure></testcase>
<testcase time="0" name="org.eslint.linebreak-style" classname="C:\work\dyrectorio\web\crux-ui\src\server\registry-api\hub-api-client"><failure message="Expected linebreaks to be &apos;LF&apos; but found &apos;CRLF&apos;."><![CDATA[line 20, col 40, Error - Expected linebreaks to be &apos;LF&apos; but found &apos;CRLF&apos;. (linebreak-style)]]></failure></testcase>
<testcase time="0" name="org.eslint.semi" classname="C:\work\dyrectorio\web\crux-ui\src\server\registry-api\hub-api-client"><failure message="Missing semicolon."><![CDATA[line 20, col 40, Error - Missing semicolon. (semi)]]></failure></testcase>
<testcase time="0" name="org.eslint.linebreak-style" classname="C:\work\dyrectorio\web\crux-ui\src\server\registry-api\hub-api-client"><failure message="Expected linebreaks to be &apos;LF&apos; but found &apos;CRLF&apos;."><![CDATA[line 21, col 1, Error - Expected linebreaks to be &apos;LF&apos; but found &apos;CRLF&apos;. (linebreak-style)]]></failure></testcase>
<testcase time="0" name="org.eslint.linebreak-style" classname="C:\work\dyrectorio\web\crux-ui\src\server\registry-api\hub-api-client"><failure message="Expected linebreaks to be &apos;LF&apos; but found &apos;CRLF&apos;."><![CDATA[line 22, col 18, Error - Expected linebreaks to be &apos;LF&apos; but found &apos;CRLF&apos;. (linebreak-style)]]></failure></testcase>
<testcase time="0" name="org.eslint.linebreak-style" classname="C:\work\dyrectorio\web\crux-ui\src\server\registry-api\hub-api-client"><failure message="Expected linebreaks to be &apos;LF&apos; but found &apos;CRLF&apos;."><![CDATA[line 23, col 18, Error - Expected linebreaks to be &apos;LF&apos; but found &apos;CRLF&apos;. (linebreak-style)]]></failure></testcase>
<testcase time="0" name="org.eslint.semi" classname="C:\work\dyrectorio\web\crux-ui\src\server\registry-api\hub-api-client"><failure message="Missing semicolon."><![CDATA[line 23, col 18, Error - Missing semicolon. (semi)]]></failure></testcase>
<testcase time="0" name="org.eslint.linebreak-style" classname="C:\work\dyrectorio\web\crux-ui\src\server\registry-api\hub-api-client"><failure message="Expected linebreaks to be &apos;LF&apos; but found &apos;CRLF&apos;."><![CDATA[line 24, col 6, Error - Expected linebreaks to be &apos;LF&apos; but found &apos;CRLF&apos;. (linebreak-style)]]></failure></testcase>
<testcase time="0" name="org.eslint.linebreak-style" classname="C:\work\dyrectorio\web\crux-ui\src\server\registry-api\hub-api-client"><failure message="Expected linebreaks to be &apos;LF&apos; but found &apos;CRLF&apos;."><![CDATA[line 25, col 1, Error - Expected linebreaks to be &apos;LF&apos; but found &apos;CRLF&apos;. (linebreak-style)]]></failure></testcase>
<testcase time="0" name="org.eslint.linebreak-style" classname="C:\work\dyrectorio\web\crux-ui\src\server\registry-api\hub-api-client"><failure message="Expected linebreaks to be &apos;LF&apos; but found &apos;CRLF&apos;."><![CDATA[line 26, col 58, Error - Expected linebreaks to be &apos;LF&apos; but found &apos;CRLF&apos;. (linebreak-style)]]></failure></testcase>
<testcase time="0" name="org.eslint.linebreak-style" classname="C:\work\dyrectorio\web\crux-ui\src\server\registry-api\hub-api-client"><failure message="Expected linebreaks to be &apos;LF&apos; but found &apos;CRLF&apos;."><![CDATA[line 27, col 31, Error - Expected linebreaks to be &apos;LF&apos; but found &apos;CRLF&apos;. (linebreak-style)]]></failure></testcase>
<testcase time="0" name="org.eslint.semi" classname="C:\work\dyrectorio\web\crux-ui\src\server\registry-api\hub-api-client"><failure message="Missing semicolon."><![CDATA[line 27, col 31, Error - Missing semicolon. (semi)]]></failure></testcase>
<testcase time="0" name="org.eslint.linebreak-style" classname="C:\work\dyrectorio\web\crux-ui\src\server\registry-api\hub-api-client"><failure message="Expected linebreaks to be &apos;LF&apos; but found &apos;CRLF&apos;."><![CDATA[line 28, col 18, Error - Expected linebreaks to be &apos;LF&apos; but found &apos;CRLF&apos;. (linebreak-style)]]></failure></testcase>
<testcase time="0" name="org.eslint.semi" classname="C:\work\dyrectorio\web\crux-ui\src\server\registry-api\hub-api-client"><failure message="Missing semicolon."><![CDATA[line 28, col 18, Error - Missing semicolon. (semi)]]></failure></testcase>
<testcase time="0" name="org.eslint.linebreak-style" classname="C:\work\dyrectorio\web\crux-ui\src\server\registry-api\hub-api-client"><failure message="Expected linebreaks to be &apos;LF&apos; but found &apos;CRLF&apos;."><![CDATA[line 29, col 6, Error - Expected linebreaks to be &apos;LF&apos; but found &apos;CRLF&apos;. (linebreak-style)]]></failure></testcase>
<testcase time="0" name="org.eslint.linebreak-style" classname="C:\work\dyrectorio\web\crux-ui\src\server\registry-api\hub-api-client"><failure message="Expected linebreaks to be &apos;LF&apos; but found &apos;CRLF&apos;."><![CDATA[line 30, col 1, Error - Expected linebreaks to be &apos;LF&apos; but found &apos;CRLF&apos;. (linebreak-style)]]></failure></testcase>
<testcase time="0" name="org.eslint.linebreak-style" classname="C:\work\dyrectorio\web\crux-ui\src\server\registry-api\hub-api-client"><failure message="Expected linebreaks to be &apos;LF&apos; but found &apos;CRLF&apos;."><![CDATA[line 31, col 22, Error - Expected linebreaks to be &apos;LF&apos; but found &apos;CRLF&apos;. (linebreak-style)]]></failure></testcase>
<testcase time="0" name="org.eslint.semi" classname="C:\work\dyrectorio\web\crux-ui\src\server\registry-api\hub-api-client"><failure message="Missing semicolon."><![CDATA[line 31, col 22, Error - Missing semicolon. (semi)]]></failure></testcase>
<testcase time="0" name="org.eslint.linebreak-style" classname="C:\work\dyrectorio\web\crux-ui\src\server\registry-api\hub-api-client"><failure message="Expected linebreaks to be &apos;LF&apos; but found &apos;CRLF&apos;."><![CDATA[line 32, col 4, Error - Expected linebreaks to be &apos;LF&apos; but found &apos;CRLF&apos;. (linebreak-style)]]></failure></testcase>
<testcase time="0" name="org.eslint.linebreak-style" classname="C:\work\dyrectorio\web\crux-ui\src\server\registry-api\hub-api-client"><failure message="Expected linebreaks to be &apos;LF&apos; but found &apos;CRLF&apos;."><![CDATA[line 33, col 1, Error - Expected linebreaks to be &apos;LF&apos; but found &apos;CRLF&apos;. (linebreak-style)]]></failure></testcase>
<testcase time="0" name="org.eslint.linebreak-style" classname="C:\work\dyrectorio\web\crux-ui\src\server\registry-api\hub-api-client"><failure message="Expected linebreaks to be &apos;LF&apos; but found &apos;CRLF&apos;."><![CDATA[line 34, col 35, Error - Expected linebreaks to be &apos;LF&apos; but found &apos;CRLF&apos;. (linebreak-style)]]></failure></testcase>
<testcase time="0" name="org.eslint.linebreak-style" classname="C:\work\dyrectorio\web\crux-ui\src\server\registry-api\hub-api-client"><failure message="Expected linebreaks to be &apos;LF&apos; but found &apos;CRLF&apos;."><![CDATA[line 35, col 28, Error - Expected linebreaks to be &apos;LF&apos; but found &apos;CRLF&apos;. (linebreak-style)]]></failure></testcase>
<testcase time="0" name="org.eslint.linebreak-style" classname="C:\work\dyrectorio\web\crux-ui\src\server\registry-api\hub-api-client"><failure message="Expected linebreaks to be &apos;LF&apos; but found &apos;CRLF&apos;."><![CDATA[line 36, col 39, Error - Expected linebreaks to be &apos;LF&apos; but found &apos;CRLF&apos;. (linebreak-style)]]></failure></testcase>
<testcase time="0" name="org.eslint.linebreak-style" classname="C:\work\dyrectorio\web\crux-ui\src\server\registry-api\hub-api-client"><failure message="Expected linebreaks to be &apos;LF&apos; but found &apos;CRLF&apos;."><![CDATA[line 37, col 12, Error - Expected linebreaks to be &apos;LF&apos; but found &apos;CRLF&apos;. (linebreak-style)]]></failure></testcase>
<testcase time="0" name="org.eslint.linebreak-style" classname="C:\work\dyrectorio\web\crux-ui\src\server\registry-api\hub-api-client"><failure message="Expected linebreaks to be &apos;LF&apos; but found &apos;CRLF&apos;."><![CDATA[line 38, col 7, Error - Expected linebreaks to be &apos;LF&apos; but found &apos;CRLF&apos;. (linebreak-style)]]></failure></testcase>
<testcase time="0" name="org.eslint.semi" classname="C:\work\dyrectorio\web\crux-ui\src\server\registry-api\hub-api-client"><failure message="Missing semicolon."><![CDATA[line 38, col 7, Error - Missing semicolon. (semi)]]></failure></testcase>
<testcase time="0" name="org.eslint.linebreak-style" classname="C:\work\dyrectorio\web\crux-ui\src\server\registry-api\hub-api-client"><failure message="Expected linebreaks to be &apos;LF&apos; but found &apos;CRLF&apos;."><![CDATA[line 39, col 4, Error - Expected linebreaks to be &apos;LF&apos; but found &apos;CRLF&apos;. (linebreak-style)]]></failure></testcase>
<testcase time="0" name="org.eslint.linebreak-style" classname="C:\work\dyrectorio\web\crux-ui\src\server\registry-api\hub-api-client"><failure message="Expected linebreaks to be &apos;LF&apos; but found &apos;CRLF&apos;."><![CDATA[line 40, col 2, Error - Expected linebreaks to be &apos;LF&apos; but found &apos;CRLF&apos;. (linebreak-style)]]></failure></testcase>
<testcase time="0" name="org.eslint.linebreak-style" classname="C:\work\dyrectorio\web\crux-ui\src\server\registry-api\hub-api-client"><failure message="Expected linebreaks to be &apos;LF&apos; but found &apos;CRLF&apos;."><![CDATA[line 41, col 1, Error - Expected linebreaks to be &apos;LF&apos; but found &apos;CRLF&apos;. (linebreak-style)]]></failure></testcase>
<testcase time="0" name="org.eslint.linebreak-style" classname="C:\work\dyrectorio\web\crux-ui\src\server\registry-api\hub-api-client"><failure message="Expected linebreaks to be &apos;LF&apos; but found &apos;CRLF&apos;."><![CDATA[line 42, col 33, Error - Expected linebreaks to be &apos;LF&apos; but found &apos;CRLF&apos;. (linebreak-style)]]></failure></testcase>
<testcase time="0" name="org.eslint.linebreak-style" classname="C:\work\dyrectorio\web\crux-ui\src\server\registry-api\hub-api-client"><failure message="Expected linebreaks to be &apos;LF&apos; but found &apos;CRLF&apos;."><![CDATA[line 43, col 16, Error - Expected linebreaks to be &apos;LF&apos; but found &apos;CRLF&apos;. (linebreak-style)]]></failure></testcase>
<testcase time="0" name="org.eslint.linebreak-style" classname="C:\work\dyrectorio\web\crux-ui\src\server\registry-api\hub-api-client"><failure message="Expected linebreaks to be &apos;LF&apos; but found &apos;CRLF&apos;."><![CDATA[line 44, col 16, Error - Expected linebreaks to be &apos;LF&apos; but found &apos;CRLF&apos;. (linebreak-style)]]></failure></testcase>
<testcase time="0" name="org.eslint.linebreak-style" classname="C:\work\dyrectorio\web\crux-ui\src\server\registry-api\hub-api-client"><failure message="Expected linebreaks to be &apos;LF&apos; but found &apos;CRLF&apos;."><![CDATA[line 45, col 20, Error - Expected linebreaks to be &apos;LF&apos; but found &apos;CRLF&apos;. (linebreak-style)]]></failure></testcase>
<testcase time="0" name="org.eslint.linebreak-style" classname="C:\work\dyrectorio\web\crux-ui\src\server\registry-api\hub-api-client"><failure message="Expected linebreaks to be &apos;LF&apos; but found &apos;CRLF&apos;."><![CDATA[line 46, col 17, Error - Expected linebreaks to be &apos;LF&apos; but found &apos;CRLF&apos;. (linebreak-style)]]></failure></testcase>
<testcase time="0" name="org.eslint.linebreak-style" classname="C:\work\dyrectorio\web\crux-ui\src\server\registry-api\hub-api-client"><failure message="Expected linebreaks to be &apos;LF&apos; but found &apos;CRLF&apos;."><![CDATA[line 47, col 2, Error - Expected linebreaks to be &apos;LF&apos; but found &apos;CRLF&apos;. (linebreak-style)]]></failure></testcase>
<testcase time="0" name="org.eslint.linebreak-style" classname="C:\work\dyrectorio\web\crux-ui\src\server\registry-api\hub-api-client"><failure message="Expected linebreaks to be &apos;LF&apos; but found &apos;CRLF&apos;."><![CDATA[line 48, col 1, Error - Expected linebreaks to be &apos;LF&apos; but found &apos;CRLF&apos;. (linebreak-style)]]></failure></testcase>
<testcase time="0" name="org.eslint.linebreak-style" classname="C:\work\dyrectorio\web\crux-ui\src\server\registry-api\hub-api-client"><failure message="Expected linebreaks to be &apos;LF&apos; but found &apos;CRLF&apos;."><![CDATA[line 49, col 50, Error - Expected linebreaks to be &apos;LF&apos; but found &apos;CRLF&apos;. (linebreak-style)]]></failure></testcase>
<testcase time="0" name="org.eslint.no-useless-constructor" classname="C:\work\dyrectorio\web\crux-ui\src\server\registry-api\hub-api-client"><failure message="Useless constructor."><![CDATA[line 50, col 3, Error - Useless constructor. (no-useless-constructor)]]></failure></testcase>
<testcase time="0" name="org.eslint.no-empty-function" classname="C:\work\dyrectorio\web\crux-ui\src\server\registry-api\hub-api-client"><failure message="Unexpected empty constructor."><![CDATA[line 50, col 88, Error - Unexpected empty constructor. (no-empty-function)]]></failure></testcase>
<testcase time="0" name="org.eslint.linebreak-style" classname="C:\work\dyrectorio\web\crux-ui\src\server\registry-api\hub-api-client"><failure message="Expected linebreaks to be &apos;LF&apos; but found &apos;CRLF&apos;."><![CDATA[line 50, col 90, Error - Expected linebreaks to be &apos;LF&apos; but found &apos;CRLF&apos;. (linebreak-style)]]></failure></testcase>
<testcase time="0" name="org.eslint.linebreak-style" classname="C:\work\dyrectorio\web\crux-ui\src\server\registry-api\hub-api-client"><failure message="Expected linebreaks to be &apos;LF&apos; but found &apos;CRLF&apos;."><![CDATA[line 51, col 1, Error - Expected linebreaks to be &apos;LF&apos; but found &apos;CRLF&apos;. (linebreak-style)]]></failure></testcase>
<testcase time="0" name="org.eslint.linebreak-style" classname="C:\work\dyrectorio\web\crux-ui\src\server\registry-api\hub-api-client"><failure message="Expected linebreaks to be &apos;LF&apos; but found &apos;CRLF&apos;."><![CDATA[line 52, col 65, Error - Expected linebreaks to be &apos;LF&apos; but found &apos;CRLF&apos;. (linebreak-style)]]></failure></testcase>
<testcase time="0" name="org.eslint.linebreak-style" classname="C:\work\dyrectorio\web\crux-ui\src\server\registry-api\hub-api-client"><failure message="Expected linebreaks to be &apos;LF&apos; but found &apos;CRLF&apos;."><![CDATA[line 53, col 24, Error - Expected linebreaks to be &apos;LF&apos; but found &apos;CRLF&apos;. (linebreak-style)]]></failure></testcase>
<testcase time="0" name="org.eslint.semi" classname="C:\work\dyrectorio\web\crux-ui\src\server\registry-api\hub-api-client"><failure message="Missing semicolon."><![CDATA[line 53, col 24, Error - Missing semicolon. (semi)]]></failure></testcase>
<testcase time="0" name="org.eslint.linebreak-style" classname="C:\work\dyrectorio\web\crux-ui\src\server\registry-api\hub-api-client"><failure message="Expected linebreaks to be &apos;LF&apos; but found &apos;CRLF&apos;."><![CDATA[line 54, col 1, Error - Expected linebreaks to be &apos;LF&apos; but found &apos;CRLF&apos;. (linebreak-style)]]></failure></testcase>
<testcase time="0" name="org.eslint.linebreak-style" classname="C:\work\dyrectorio\web\crux-ui\src\server\registry-api\hub-api-client"><failure message="Expected linebreaks to be &apos;LF&apos; but found &apos;CRLF&apos;."><![CDATA[line 55, col 58, Error - Expected linebreaks to be &apos;LF&apos; but found &apos;CRLF&apos;. (linebreak-style)]]></failure></testcase>
<testcase time="0" name="org.eslint.semi" classname="C:\work\dyrectorio\web\crux-ui\src\server\registry-api\hub-api-client"><failure message="Missing semicolon."><![CDATA[line 55, col 58, Error - Missing semicolon. (semi)]]></failure></testcase>
<testcase time="0" name="org.eslint.linebreak-style" classname="C:\work\dyrectorio\web\crux-ui\src\server\registry-api\hub-api-client"><failure message="Expected linebreaks to be &apos;LF&apos; but found &apos;CRLF&apos;."><![CDATA[line 56, col 25, Error - Expected linebreaks to be &apos;LF&apos; but found &apos;CRLF&apos;. (linebreak-style)]]></failure></testcase>
<testcase time="0" name="org.eslint.linebreak-style" classname="C:\work\dyrectorio\web\crux-ui\src\server\registry-api\hub-api-client"><failure message="Expected linebreaks to be &apos;LF&apos; but found &apos;CRLF&apos;."><![CDATA[line 57, col 65, Error - Expected linebreaks to be &apos;LF&apos; but found &apos;CRLF&apos;. (linebreak-style)]]></failure></testcase>
<testcase time="0" name="org.eslint.semi" classname="C:\work\dyrectorio\web\crux-ui\src\server\registry-api\hub-api-client"><failure message="Missing semicolon."><![CDATA[line 57, col 65, Error - Missing semicolon. (semi)]]></failure></testcase>
<testcase time="0" name="org.eslint.linebreak-style" classname="C:\work\dyrectorio\web\crux-ui\src\server\registry-api\hub-api-client"><failure message="Expected linebreaks to be &apos;LF&apos; but found &apos;CRLF&apos;."><![CDATA[line 58, col 1, Error - Expected linebreaks to be &apos;LF&apos; but found &apos;CRLF&apos;. (linebreak-style)]]></failure></testcase>
<testcase time="0" name="org.eslint.arrow-parens" classname="C:\work\dyrectorio\web\crux-ui\src\server\registry-api\hub-api-client"><failure message="Expected parentheses around arrow function argument."><![CDATA[line 59, col 33, Error - Expected parentheses around arrow function argument. (arrow-parens)]]></failure></testcase>
<testcase time="0" name="org.eslint.linebreak-style" classname="C:\work\dyrectorio\web\crux-ui\src\server\registry-api\hub-api-client"><failure message="Expected linebreaks to be &apos;LF&apos; but found &apos;CRLF&apos;."><![CDATA[line 59, col 47, Error - Expected linebreaks to be &apos;LF&apos; but found &apos;CRLF&apos;. (linebreak-style)]]></failure></testcase>
<testcase time="0" name="org.eslint.semi" classname="C:\work\dyrectorio\web\crux-ui\src\server\registry-api\hub-api-client"><failure message="Missing semicolon."><![CDATA[line 59, col 47, Error - Missing semicolon. (semi)]]></failure></testcase>
<testcase time="0" name="org.eslint.linebreak-style" classname="C:\work\dyrectorio\web\crux-ui\src\server\registry-api\hub-api-client"><failure message="Expected linebreaks to be &apos;LF&apos; but found &apos;CRLF&apos;."><![CDATA[line 60, col 48, Error - Expected linebreaks to be &apos;LF&apos; but found &apos;CRLF&apos;. (linebreak-style)]]></failure></testcase>
<testcase time="0" name="org.eslint.semi" classname="C:\work\dyrectorio\web\crux-ui\src\server\registry-api\hub-api-client"><failure message="Missing semicolon."><![CDATA[line 60, col 48, Error - Missing semicolon. (semi)]]></failure></testcase>
<testcase time="0" name="org.eslint.linebreak-style" classname="C:\work\dyrectorio\web\crux-ui\src\server\registry-api\hub-api-client"><failure message="Expected linebreaks to be &apos;LF&apos; but found &apos;CRLF&apos;."><![CDATA[line 61, col 6, Error - Expected linebreaks to be &apos;LF&apos; but found &apos;CRLF&apos;. (linebreak-style)]]></failure></testcase>
<testcase time="0" name="org.eslint.linebreak-style" classname="C:\work\dyrectorio\web\crux-ui\src\server\registry-api\hub-api-client"><failure message="Expected linebreaks to be &apos;LF&apos; but found &apos;CRLF&apos;."><![CDATA[line 62, col 1, Error - Expected linebreaks to be &apos;LF&apos; but found &apos;CRLF&apos;. (linebreak-style)]]></failure></testcase>
<testcase time="0" name="org.eslint.arrow-parens" classname="C:\work\dyrectorio\web\crux-ui\src\server\registry-api\hub-api-client"><failure message="Expected parentheses around arrow function argument."><![CDATA[line 63, col 32, Error - Expected parentheses around arrow function argument. (arrow-parens)]]></failure></testcase>
<testcase time="0" name="org.eslint.linebreak-style" classname="C:\work\dyrectorio\web\crux-ui\src\server\registry-api\hub-api-client"><failure message="Expected linebreaks to be &apos;LF&apos; but found &apos;CRLF&apos;."><![CDATA[line 63, col 71, Error - Expected linebreaks to be &apos;LF&apos; but found &apos;CRLF&apos;. (linebreak-style)]]></failure></testcase>
<testcase time="0" name="org.eslint.semi" classname="C:\work\dyrectorio\web\crux-ui\src\server\registry-api\hub-api-client"><failure message="Missing semicolon."><![CDATA[line 63, col 71, Error - Missing semicolon. (semi)]]></failure></testcase>
<testcase time="0" name="org.eslint.linebreak-style" classname="C:\work\dyrectorio\web\crux-ui\src\server\registry-api\hub-api-client"><failure message="Expected linebreaks to be &apos;LF&apos; but found &apos;CRLF&apos;."><![CDATA[line 64, col 4, Error - Expected linebreaks to be &apos;LF&apos; but found &apos;CRLF&apos;. (linebreak-style)]]></failure></testcase>
<testcase time="0" name="org.eslint.linebreak-style" classname="C:\work\dyrectorio\web\crux-ui\src\server\registry-api\hub-api-client"><failure message="Expected linebreaks to be &apos;LF&apos; but found &apos;CRLF&apos;."><![CDATA[line 65, col 1, Error - Expected linebreaks to be &apos;LF&apos; but found &apos;CRLF&apos;. (linebreak-style)]]></failure></testcase>
<testcase time="0" name="org.eslint.linebreak-style" classname="C:\work\dyrectorio\web\crux-ui\src\server\registry-api\hub-api-client"><failure message="Expected linebreaks to be &apos;LF&apos; but found &apos;CRLF&apos;."><![CDATA[line 66, col 58, Error - Expected linebreaks to be &apos;LF&apos; but found &apos;CRLF&apos;. (linebreak-style)]]></failure></testcase>
<testcase time="0" name="org.eslint.linebreak-style" classname="C:\work\dyrectorio\web\crux-ui\src\server\registry-api\hub-api-client"><failure message="Expected linebreaks to be &apos;LF&apos; but found &apos;CRLF&apos;."><![CDATA[line 67, col 37, Error - Expected linebreaks to be &apos;LF&apos; but found &apos;CRLF&apos;. (linebreak-style)]]></failure></testcase>
<testcase time="0" name="org.eslint.semi" classname="C:\work\dyrectorio\web\crux-ui\src\server\registry-api\hub-api-client"><failure message="Missing semicolon."><![CDATA[line 67, col 37, Error - Missing semicolon. (semi)]]></failure></testcase>
<testcase time="0" name="org.eslint.linebreak-style" classname="C:\work\dyrectorio\web\crux-ui\src\server\registry-api\hub-api-client"><failure message="Expected linebreaks to be &apos;LF&apos; but found &apos;CRLF&apos;."><![CDATA[line 68, col 1, Error - Expected linebreaks to be &apos;LF&apos; but found &apos;CRLF&apos;. (linebreak-style)]]></failure></testcase>
<testcase time="0" name="org.eslint.linebreak-style" classname="C:\work\dyrectorio\web\crux-ui\src\server\registry-api\hub-api-client"><failure message="Expected linebreaks to be &apos;LF&apos; but found &apos;CRLF&apos;."><![CDATA[line 69, col 50, Error - Expected linebreaks to be &apos;LF&apos; but found &apos;CRLF&apos;. (linebreak-style)]]></failure></testcase>
<testcase time="0" name="org.eslint.semi" classname="C:\work\dyrectorio\web\crux-ui\src\server\registry-api\hub-api-client"><failure message="Missing semicolon."><![CDATA[line 69, col 50, Error - Missing semicolon. (semi)]]></failure></testcase>
<testcase time="0" name="org.eslint.linebreak-style" classname="C:\work\dyrectorio\web\crux-ui\src\server\registry-api\hub-api-client"><failure message="Expected linebreaks to be &apos;LF&apos; but found &apos;CRLF&apos;."><![CDATA[line 70, col 17, Error - Expected linebreaks to be &apos;LF&apos; but found &apos;CRLF&apos;. (linebreak-style)]]></failure></testcase>
<testcase time="0" name="org.eslint.linebreak-style" classname="C:\work\dyrectorio\web\crux-ui\src\server\registry-api\hub-api-client"><failure message="Expected linebreaks to be &apos;LF&apos; but found &apos;CRLF&apos;."><![CDATA[line 71, col 65, Error - Expected linebreaks to be &apos;LF&apos; but found &apos;CRLF&apos;. (linebreak-style)]]></failure></testcase>
<testcase time="0" name="org.eslint.semi" classname="C:\work\dyrectorio\web\crux-ui\src\server\registry-api\hub-api-client"><failure message="Missing semicolon."><![CDATA[line 71, col 65, Error - Missing semicolon. (semi)]]></failure></testcase>
<testcase time="0" name="org.eslint.linebreak-style" classname="C:\work\dyrectorio\web\crux-ui\src\server\registry-api\hub-api-client"><failure message="Expected linebreaks to be &apos;LF&apos; but found &apos;CRLF&apos;."><![CDATA[line 72, col 1, Error - Expected linebreaks to be &apos;LF&apos; but found &apos;CRLF&apos;. (linebreak-style)]]></failure></testcase>
<testcase time="0" name="org.eslint.arrow-parens" classname="C:\work\dyrectorio\web\crux-ui\src\server\registry-api\hub-api-client"><failure message="Expected parentheses around arrow function argument."><![CDATA[line 73, col 25, Error - Expected parentheses around arrow function argument. (arrow-parens)]]></failure></testcase>
<testcase time="0" name="org.eslint.linebreak-style" classname="C:\work\dyrectorio\web\crux-ui\src\server\registry-api\hub-api-client"><failure message="Expected linebreaks to be &apos;LF&apos; but found &apos;CRLF&apos;."><![CDATA[line 73, col 39, Error - Expected linebreaks to be &apos;LF&apos; but found &apos;CRLF&apos;. (linebreak-style)]]></failure></testcase>
<testcase time="0" name="org.eslint.semi" classname="C:\work\dyrectorio\web\crux-ui\src\server\registry-api\hub-api-client"><failure message="Missing semicolon."><![CDATA[line 73, col 39, Error - Missing semicolon. (semi)]]></failure></testcase>
<testcase time="0" name="org.eslint.linebreak-style" classname="C:\work\dyrectorio\web\crux-ui\src\server\registry-api\hub-api-client"><failure message="Expected linebreaks to be &apos;LF&apos; but found &apos;CRLF&apos;."><![CDATA[line 74, col 40, Error - Expected linebreaks to be &apos;LF&apos; but found &apos;CRLF&apos;. (linebreak-style)]]></failure></testcase>
<testcase time="0" name="org.eslint.semi" classname="C:\work\dyrectorio\web\crux-ui\src\server\registry-api\hub-api-client"><failure message="Missing semicolon."><![CDATA[line 74, col 40, Error - Missing semicolon. (semi)]]></failure></testcase>
<testcase time="0" name="org.eslint.linebreak-style" classname="C:\work\dyrectorio\web\crux-ui\src\server\registry-api\hub-api-client"><failure message="Expected linebreaks to be &apos;LF&apos; but found &apos;CRLF&apos;."><![CDATA[line 75, col 6, Error - Expected linebreaks to be &apos;LF&apos; but found &apos;CRLF&apos;. (linebreak-style)]]></failure></testcase>
<testcase time="0" name="org.eslint.linebreak-style" classname="C:\work\dyrectorio\web\crux-ui\src\server\registry-api\hub-api-client"><failure message="Expected linebreaks to be &apos;LF&apos; but found &apos;CRLF&apos;."><![CDATA[line 76, col 1, Error - Expected linebreaks to be &apos;LF&apos; but found &apos;CRLF&apos;. (linebreak-style)]]></failure></testcase>
<testcase time="0" name="org.eslint.linebreak-style" classname="C:\work\dyrectorio\web\crux-ui\src\server\registry-api\hub-api-client"><failure message="Expected linebreaks to be &apos;LF&apos; but found &apos;CRLF&apos;."><![CDATA[line 77, col 13, Error - Expected linebreaks to be &apos;LF&apos; but found &apos;CRLF&apos;. (linebreak-style)]]></failure></testcase>
<testcase time="0" name="org.eslint.linebreak-style" classname="C:\work\dyrectorio\web\crux-ui\src\server\registry-api\hub-api-client"><failure message="Expected linebreaks to be &apos;LF&apos; but found &apos;CRLF&apos;."><![CDATA[line 78, col 12, Error - Expected linebreaks to be &apos;LF&apos; but found &apos;CRLF&apos;. (linebreak-style)]]></failure></testcase>
<testcase time="0" name="org.eslint.linebreak-style" classname="C:\work\dyrectorio\web\crux-ui\src\server\registry-api\hub-api-client"><failure message="Expected linebreaks to be &apos;LF&apos; but found &apos;CRLF&apos;."><![CDATA[line 79, col 19, Error - Expected linebreaks to be &apos;LF&apos; but found &apos;CRLF&apos;. (linebreak-style)]]></failure></testcase>
<testcase time="0" name="org.eslint.linebreak-style" classname="C:\work\dyrectorio\web\crux-ui\src\server\registry-api\hub-api-client"><failure message="Expected linebreaks to be &apos;LF&apos; but found &apos;CRLF&apos;."><![CDATA[line 80, col 6, Error - Expected linebreaks to be &apos;LF&apos; but found &apos;CRLF&apos;. (linebreak-style)]]></failure></testcase>
<testcase time="0" name="org.eslint.semi" classname="C:\work\dyrectorio\web\crux-ui\src\server\registry-api\hub-api-client"><failure message="Missing semicolon."><![CDATA[line 80, col 6, Error - Missing semicolon. (semi)]]></failure></testcase>
<testcase time="0" name="org.eslint.linebreak-style" classname="C:\work\dyrectorio\web\crux-ui\src\server\registry-api\hub-api-client"><failure message="Expected linebreaks to be &apos;LF&apos; but found &apos;CRLF&apos;."><![CDATA[line 81, col 4, Error - Expected linebreaks to be &apos;LF&apos; but found &apos;CRLF&apos;. (linebreak-style)]]></failure></testcase>
<testcase time="0" name="org.eslint.linebreak-style" classname="C:\work\dyrectorio\web\crux-ui\src\server\registry-api\hub-api-client"><failure message="Expected linebreaks to be &apos;LF&apos; but found &apos;CRLF&apos;."><![CDATA[line 82, col 1, Error - Expected linebreaks to be &apos;LF&apos; but found &apos;CRLF&apos;. (linebreak-style)]]></failure></testcase>
<testcase time="0" name="org.eslint.no-underscore-dangle" classname="C:\work\dyrectorio\web\crux-ui\src\server\registry-api\hub-api-client"><failure message="Unexpected dangling &apos;_&apos; in &apos;_fetch&apos;."><![CDATA[line 83, col 3, Error - Unexpected dangling &apos;_&apos; in &apos;_fetch&apos;. (no-underscore-dangle)]]></failure></testcase>
<testcase time="0" name="org.eslint.no-undef" classname="C:\work\dyrectorio\web\crux-ui\src\server\registry-api\hub-api-client"><failure message="&apos;RequestInit&apos; is not defined."><![CDATA[line 83, col 49, Error - &apos;RequestInit&apos; is not defined. (no-undef)]]></failure></testcase>
<testcase time="0" name="org.eslint.linebreak-style" classname="C:\work\dyrectorio\web\crux-ui\src\server\registry-api\hub-api-client"><failure message="Expected linebreaks to be &apos;LF&apos; but found &apos;CRLF&apos;."><![CDATA[line 83, col 63, Error - Expected linebreaks to be &apos;LF&apos; but found &apos;CRLF&apos;. (linebreak-style)]]></failure></testcase>
<testcase time="0" name="org.eslint.linebreak-style" classname="C:\work\dyrectorio\web\crux-ui\src\server\registry-api\hub-api-client"><failure message="Expected linebreaks to be &apos;LF&apos; but found &apos;CRLF&apos;."><![CDATA[line 84, col 35, Error - Expected linebreaks to be &apos;LF&apos; but found &apos;CRLF&apos;. (linebreak-style)]]></failure></testcase>
<testcase time="0" name="org.eslint.semi" classname="C:\work\dyrectorio\web\crux-ui\src\server\registry-api\hub-api-client"><failure message="Missing semicolon."><![CDATA[line 84, col 35, Error - Missing semicolon. (semi)]]></failure></testcase>
<testcase time="0" name="org.eslint.linebreak-style" classname="C:\work\dyrectorio\web\crux-ui\src\server\registry-api\hub-api-client"><failure message="Expected linebreaks to be &apos;LF&apos; but found &apos;CRLF&apos;."><![CDATA[line 85, col 85, Error - Expected linebreaks to be &apos;LF&apos; but found &apos;CRLF&apos;. (linebreak-style)]]></failure></testcase>
<testcase time="0" name="org.eslint.semi" classname="C:\work\dyrectorio\web\crux-ui\src\server\registry-api\hub-api-client"><failure message="Missing semicolon."><![CDATA[line 85, col 85, Error - Missing semicolon. (semi)]]></failure></testcase>
<testcase time="0" name="org.eslint.linebreak-style" classname="C:\work\dyrectorio\web\crux-ui\src\server\registry-api\hub-api-client"><failure message="Expected linebreaks to be &apos;LF&apos; but found &apos;CRLF&apos;."><![CDATA[line 86, col 1, Error - Expected linebreaks to be &apos;LF&apos; but found &apos;CRLF&apos;. (linebreak-style)]]></failure></testcase>
<testcase time="0" name="org.eslint.no-return-await" classname="C:\work\dyrectorio\web\crux-ui\src\server\registry-api\hub-api-client"><failure message="Redundant use of `await` on a return value."><![CDATA[line 87, col 12, Error - Redundant use of `await` on a return value. (no-return-await)]]></failure></testcase>
<testcase time="0" name="org.eslint.linebreak-style" classname="C:\work\dyrectorio\web\crux-ui\src\server\registry-api\hub-api-client"><failure message="Expected linebreaks to be &apos;LF&apos; but found &apos;CRLF&apos;."><![CDATA[line 87, col 34, Error - Expected linebreaks to be &apos;LF&apos; but found &apos;CRLF&apos;. (linebreak-style)]]></failure></testcase>
<testcase time="0" name="org.eslint.linebreak-style" classname="C:\work\dyrectorio\web\crux-ui\src\server\registry-api\hub-api-client"><failure message="Expected linebreaks to be &apos;LF&apos; but found &apos;CRLF&apos;."><![CDATA[line 88, col 22, Error - Expected linebreaks to be &apos;LF&apos; but found &apos;CRLF&apos;. (linebreak-style)]]></failure></testcase>
<testcase time="0" name="org.eslint.linebreak-style" classname="C:\work\dyrectorio\web\crux-ui\src\server\registry-api\hub-api-client"><failure message="Expected linebreaks to be &apos;LF&apos; but found &apos;CRLF&apos;."><![CDATA[line 89, col 17, Error - Expected linebreaks to be &apos;LF&apos; but found &apos;CRLF&apos;. (linebreak-style)]]></failure></testcase>
<testcase time="0" name="org.eslint.linebreak-style" classname="C:\work\dyrectorio\web\crux-ui\src\server\registry-api\hub-api-client"><failure message="Expected linebreaks to be &apos;LF&apos; but found &apos;CRLF&apos;."><![CDATA[line 90, col 40, Error - Expected linebreaks to be &apos;LF&apos; but found &apos;CRLF&apos;. (linebreak-style)]]></failure></testcase>
<testcase time="0" name="org.eslint.linebreak-style" classname="C:\work\dyrectorio\web\crux-ui\src\server\registry-api\hub-api-client"><failure message="Expected linebreaks to be &apos;LF&apos; but found &apos;CRLF&apos;."><![CDATA[line 91, col 9, Error - Expected linebreaks to be &apos;LF&apos; but found &apos;CRLF&apos;. (linebreak-style)]]></failure></testcase>
<testcase time="0" name="org.eslint.linebreak-style" classname="C:\work\dyrectorio\web\crux-ui\src\server\registry-api\hub-api-client"><failure message="Expected linebreaks to be &apos;LF&apos; but found &apos;CRLF&apos;."><![CDATA[line 92, col 7, Error - Expected linebreaks to be &apos;LF&apos; but found &apos;CRLF&apos;. (linebreak-style)]]></failure></testcase>
<testcase time="0" name="org.eslint.semi" classname="C:\work\dyrectorio\web\crux-ui\src\server\registry-api\hub-api-client"><failure message="Missing semicolon."><![CDATA[line 92, col 7, Error - Missing semicolon. (semi)]]></failure></testcase>
<testcase time="0" name="org.eslint.linebreak-style" classname="C:\work\dyrectorio\web\crux-ui\src\server\registry-api\hub-api-client"><failure message="Expected linebreaks to be &apos;LF&apos; but found &apos;CRLF&apos;."><![CDATA[line 93, col 4, Error - Expected linebreaks to be &apos;LF&apos; but found &apos;CRLF&apos;. (linebreak-style)]]></failure></testcase>
<testcase time="0" name="org.eslint.linebreak-style" classname="C:\work\dyrectorio\web\crux-ui\src\server\registry-api\hub-api-client"><failure message="Expected linebreaks to be &apos;LF&apos; but found &apos;CRLF&apos;."><![CDATA[line 94, col 1, Error - Expected linebreaks to be &apos;LF&apos; but found &apos;CRLF&apos;. (linebreak-style)]]></failure></testcase>
<testcase time="0" name="org.eslint.linebreak-style" classname="C:\work\dyrectorio\web\crux-ui\src\server\registry-api\hub-api-client"><failure message="Expected linebreaks to be &apos;LF&apos; but found &apos;CRLF&apos;."><![CDATA[line 95, col 59, Error - Expected linebreaks to be &apos;LF&apos; but found &apos;CRLF&apos;. (linebreak-style)]]></failure></testcase>
<testcase time="0" name="org.eslint.linebreak-style" classname="C:\work\dyrectorio\web\crux-ui\src\server\registry-api\hub-api-client"><failure message="Expected linebreaks to be &apos;LF&apos; but found &apos;CRLF&apos;."><![CDATA[line 96, col 22, Error - Expected linebreaks to be &apos;LF&apos; but found &apos;CRLF&apos;. (linebreak-style)]]></failure></testcase>
<testcase time="0" name="org.eslint.semi" classname="C:\work\dyrectorio\web\crux-ui\src\server\registry-api\hub-api-client"><failure message="Missing semicolon."><![CDATA[line 96, col 22, Error - Missing semicolon. (semi)]]></failure></testcase>
<testcase time="0" name="org.eslint.linebreak-style" classname="C:\work\dyrectorio\web\crux-ui\src\server\registry-api\hub-api-client"><failure message="Expected linebreaks to be &apos;LF&apos; but found &apos;CRLF&apos;."><![CDATA[line 97, col 1, Error - Expected linebreaks to be &apos;LF&apos; but found &apos;CRLF&apos;. (linebreak-style)]]></failure></testcase>
<testcase time="0" name="org.eslint.no-underscore-dangle" classname="C:\work\dyrectorio\web\crux-ui\src\server\registry-api\hub-api-client"><failure message="Unexpected dangling &apos;_&apos; in &apos;_fetch&apos;."><![CDATA[line 98, col 22, Error - Unexpected dangling &apos;_&apos; in &apos;_fetch&apos;. (no-underscore-dangle)]]></failure></testcase>
<testcase time="0" name="org.eslint.linebreak-style" classname="C:\work\dyrectorio\web\crux-ui\src\server\registry-api\hub-api-client"><failure message="Expected linebreaks to be &apos;LF&apos; but found &apos;CRLF&apos;."><![CDATA[line 98, col 48, Error - Expected linebreaks to be &apos;LF&apos; but found &apos;CRLF&apos;. (linebreak-style)]]></failure></testcase>
<testcase time="0" name="org.eslint.semi" classname="C:\work\dyrectorio\web\crux-ui\src\server\registry-api\hub-api-client"><failure message="Missing semicolon."><![CDATA[line 98, col 48, Error - Missing semicolon. (semi)]]></failure></testcase>
<testcase time="0" name="org.eslint.linebreak-style" classname="C:\work\dyrectorio\web\crux-ui\src\server\registry-api\hub-api-client"><failure message="Expected linebreaks to be &apos;LF&apos; but found &apos;CRLF&apos;."><![CDATA[line 99, col 1, Error - Expected linebreaks to be &apos;LF&apos; but found &apos;CRLF&apos;. (linebreak-style)]]></failure></testcase>
<testcase time="0" name="org.eslint.linebreak-style" classname="C:\work\dyrectorio\web\crux-ui\src\server\registry-api\hub-api-client"><failure message="Expected linebreaks to be &apos;LF&apos; but found &apos;CRLF&apos;."><![CDATA[line 100, col 9, Error - Expected linebreaks to be &apos;LF&apos; but found &apos;CRLF&apos;. (linebreak-style)]]></failure></testcase>
<testcase time="0" name="org.eslint.no-await-in-loop" classname="C:\work\dyrectorio\web\crux-ui\src\server\registry-api\hub-api-client"><failure message="Unexpected `await` inside a loop."><![CDATA[line 101, col 19, Error - Unexpected `await` inside a loop. (no-await-in-loop)]]></failure></testcase>
<testcase time="0" name="org.eslint.linebreak-style" classname="C:\work\dyrectorio\web\crux-ui\src\server\registry-api\hub-api-client"><failure message="Expected linebreaks to be &apos;LF&apos; but found &apos;CRLF&apos;."><![CDATA[line 101, col 31, Error - Expected linebreaks to be &apos;LF&apos; but found &apos;CRLF&apos;. (linebreak-style)]]></failure></testcase>
<testcase time="0" name="org.eslint.semi" classname="C:\work\dyrectorio\web\crux-ui\src\server\registry-api\hub-api-client"><failure message="Missing semicolon."><![CDATA[line 101, col 31, Error - Missing semicolon. (semi)]]></failure></testcase>
<testcase time="0" name="org.eslint.linebreak-style" classname="C:\work\dyrectorio\web\crux-ui\src\server\registry-api\hub-api-client"><failure message="Expected linebreaks to be &apos;LF&apos; but found &apos;CRLF&apos;."><![CDATA[line 102, col 21, Error - Expected linebreaks to be &apos;LF&apos; but found &apos;CRLF&apos;. (linebreak-style)]]></failure></testcase>
<testcase time="0" name="org.eslint.linebreak-style" classname="C:\work\dyrectorio\web\crux-ui\src\server\registry-api\hub-api-client"><failure message="Expected linebreaks to be &apos;LF&apos; but found &apos;CRLF&apos;."><![CDATA[line 103, col 103, Error - Expected linebreaks to be &apos;LF&apos; but found &apos;CRLF&apos;. (linebreak-style)]]></failure></testcase>
<testcase time="0" name="org.eslint.semi" classname="C:\work\dyrectorio\web\crux-ui\src\server\registry-api\hub-api-client"><failure message="Missing semicolon."><![CDATA[line 103, col 103, Error - Missing semicolon. (semi)]]></failure></testcase>
<testcase time="0" name="org.eslint.linebreak-style" classname="C:\work\dyrectorio\web\crux-ui\src\server\registry-api\hub-api-client"><failure message="Expected linebreaks to be &apos;LF&apos; but found &apos;CRLF&apos;."><![CDATA[line 104, col 97, Error - Expected linebreaks to be &apos;LF&apos; but found &apos;CRLF&apos;. (linebreak-style)]]></failure></testcase>
<testcase time="0" name="org.eslint.semi" classname="C:\work\dyrectorio\web\crux-ui\src\server\registry-api\hub-api-client"><failure message="Missing semicolon."><![CDATA[line 104, col 97, Error - Missing semicolon. (semi)]]></failure></testcase>
<testcase time="0" name="org.eslint.linebreak-style" classname="C:\work\dyrectorio\web\crux-ui\src\server\registry-api\hub-api-client"><failure message="Expected linebreaks to be &apos;LF&apos; but found &apos;CRLF&apos;."><![CDATA[line 105, col 8, Error - Expected linebreaks to be &apos;LF&apos; but found &apos;CRLF&apos;. (linebreak-style)]]></failure></testcase>
<testcase time="0" name="org.eslint.linebreak-style" classname="C:\work\dyrectorio\web\crux-ui\src\server\registry-api\hub-api-client"><failure message="Expected linebreaks to be &apos;LF&apos; but found &apos;CRLF&apos;."><![CDATA[line 106, col 1, Error - Expected linebreaks to be &apos;LF&apos; but found &apos;CRLF&apos;. (linebreak-style)]]></failure></testcase>
<testcase time="0" name="org.eslint.no-await-in-loop" classname="C:\work\dyrectorio\web\crux-ui\src\server\registry-api\hub-api-client"><failure message="Unexpected `await` inside a loop."><![CDATA[line 107, col 44, Error - Unexpected `await` inside a loop. (no-await-in-loop)]]></failure></testcase>
<testcase time="0" name="org.eslint.linebreak-style" classname="C:\work\dyrectorio\web\crux-ui\src\server\registry-api\hub-api-client"><failure message="Expected linebreaks to be &apos;LF&apos; but found &apos;CRLF&apos;."><![CDATA[line 107, col 60, Error - Expected linebreaks to be &apos;LF&apos; but found &apos;CRLF&apos;. (linebreak-style)]]></failure></testcase>
<testcase time="0" name="org.eslint.semi" classname="C:\work\dyrectorio\web\crux-ui\src\server\registry-api\hub-api-client"><failure message="Missing semicolon."><![CDATA[line 107, col 60, Error - Missing semicolon. (semi)]]></failure></testcase>
<testcase time="0" name="org.eslint.linebreak-style" classname="C:\work\dyrectorio\web\crux-ui\src\server\registry-api\hub-api-client"><failure message="Expected linebreaks to be &apos;LF&apos; but found &apos;CRLF&apos;."><![CDATA[line 108, col 34, Error - Expected linebreaks to be &apos;LF&apos; but found &apos;CRLF&apos;. (linebreak-style)]]></failure></testcase>
<testcase time="0" name="org.eslint.semi" classname="C:\work\dyrectorio\web\crux-ui\src\server\registry-api\hub-api-client"><failure message="Missing semicolon."><![CDATA[line 108, col 34, Error - Missing semicolon. (semi)]]></failure></testcase>
<testcase time="0" name="org.eslint.linebreak-style" classname="C:\work\dyrectorio\web\crux-ui\src\server\registry-api\hub-api-client"><failure message="Expected linebreaks to be &apos;LF&apos; but found &apos;CRLF&apos;."><![CDATA[line 109, col 1, Error - Expected linebreaks to be &apos;LF&apos; but found &apos;CRLF&apos;. (linebreak-style)]]></failure></testcase>
<testcase time="0" name="org.eslint.linebreak-style" classname="C:\work\dyrectorio\web\crux-ui\src\server\registry-api\hub-api-client"><failure message="Expected linebreaks to be &apos;LF&apos; but found &apos;CRLF&apos;."><![CDATA[line 110, col 53, Error - Expected linebreaks to be &apos;LF&apos; but found &apos;CRLF&apos;. (linebreak-style)]]></failure></testcase>
<testcase time="0" name="org.eslint.semi" classname="C:\work\dyrectorio\web\crux-ui\src\server\registry-api\hub-api-client"><failure message="Missing semicolon."><![CDATA[line 110, col 53, Error - Missing semicolon. (semi)]]></failure></testcase>
<testcase time="0" name="org.eslint.linebreak-style" classname="C:\work\dyrectorio\web\crux-ui\src\server\registry-api\hub-api-client"><failure message="Expected linebreaks to be &apos;LF&apos; but found &apos;CRLF&apos;."><![CDATA[line 111, col 19, Error - Expected linebreaks to be &apos;LF&apos; but found &apos;CRLF&apos;. (linebreak-style)]]></failure></testcase>
<testcase time="0" name="org.eslint.semi" classname="C:\work\dyrectorio\web\crux-ui\src\server\registry-api\hub-api-client"><failure message="Missing semicolon."><![CDATA[line 111, col 19, Error - Missing semicolon. (semi)]]></failure></testcase>
<testcase time="0" name="org.eslint.linebreak-style" classname="C:\work\dyrectorio\web\crux-ui\src\server\registry-api\hub-api-client"><failure message="Expected linebreaks to be &apos;LF&apos; but found &apos;CRLF&apos;."><![CDATA[line 112, col 1, Error - Expected linebreaks to be &apos;LF&apos; but found &apos;CRLF&apos;. (linebreak-style)]]></failure></testcase>
<testcase time="0" name="org.eslint.linebreak-style" classname="C:\work\dyrectorio\web\crux-ui\src\server\registry-api\hub-api-client"><failure message="Expected linebreaks to be &apos;LF&apos; but found &apos;CRLF&apos;."><![CDATA[line 113, col 18, Error - Expected linebreaks to be &apos;LF&apos; but found &apos;CRLF&apos;. (linebreak-style)]]></failure></testcase>
<testcase time="0" name="org.eslint.semi" classname="C:\work\dyrectorio\web\crux-ui\src\server\registry-api\hub-api-client"><failure message="Missing semicolon."><![CDATA[line 113, col 18, Error - Missing semicolon. (semi)]]></failure></testcase>
<testcase time="0" name="org.eslint.linebreak-style" classname="C:\work\dyrectorio\web\crux-ui\src\server\registry-api\hub-api-client"><failure message="Expected linebreaks to be &apos;LF&apos; but found &apos;CRLF&apos;."><![CDATA[line 114, col 4, Error - Expected linebreaks to be &apos;LF&apos; but found &apos;CRLF&apos;. (linebreak-style)]]></failure></testcase>
<testcase time="0" name="org.eslint.linebreak-style" classname="C:\work\dyrectorio\web\crux-ui\src\server\registry-api\hub-api-client"><failure message="Expected linebreaks to be &apos;LF&apos; but found &apos;CRLF&apos;."><![CDATA[line 115, col 2, Error - Expected linebreaks to be &apos;LF&apos; but found &apos;CRLF&apos;. (linebreak-style)]]></failure></testcase>
<testcase time="0" name="org.eslint.linebreak-style" classname="C:\work\dyrectorio\web\crux-ui\src\server\registry-api\hub-api-client"><failure message="Expected linebreaks to be &apos;LF&apos; but found &apos;CRLF&apos;."><![CDATA[line 116, col 1, Error - Expected linebreaks to be &apos;LF&apos; but found &apos;CRLF&apos;. (linebreak-style)]]></failure></testcase>
<testcase time="0" name="org.eslint.linebreak-style" classname="C:\work\dyrectorio\web\crux-ui\src\server\registry-api\hub-api-client"><failure message="Expected linebreaks to be &apos;LF&apos; but found &apos;CRLF&apos;."><![CDATA[line 117, col 28, Error - Expected linebreaks to be &apos;LF&apos; but found &apos;CRLF&apos;. (linebreak-style)]]></failure></testcase>
<testcase time="0" name="org.eslint.semi" classname="C:\work\dyrectorio\web\crux-ui\src\server\registry-api\hub-api-client"><failure message="Missing semicolon."><![CDATA[line 117, col 28, Error - Missing semicolon. (semi)]]></failure></testcase>
</testsuite>
<testsuite package="org.eslint" time="0" tests="7" errors="7" name="C:\work\dyrectorio\web\crux-ui\src\server\registry-api\registry-api-client.ts">
<testcase time="0" name="org.eslint.linebreak-style" classname="C:\work\dyrectorio\web\crux-ui\src\server\registry-api\registry-api-client"><failure message="Expected linebreaks to be &apos;LF&apos; but found &apos;CRLF&apos;."><![CDATA[line 1, col 48, Error - Expected linebreaks to be &apos;LF&apos; but found &apos;CRLF&apos;. (linebreak-style)]]></failure></testcase>
<testcase time="0" name="org.eslint.semi" classname="C:\work\dyrectorio\web\crux-ui\src\server\registry-api\registry-api-client"><failure message="Missing semicolon."><![CDATA[line 1, col 48, Error - Missing semicolon. (semi)]]></failure></testcase>
<testcase time="0" name="org.eslint.linebreak-style" classname="C:\work\dyrectorio\web\crux-ui\src\server\registry-api\registry-api-client"><failure message="Expected linebreaks to be &apos;LF&apos; but found &apos;CRLF&apos;."><![CDATA[line 2, col 1, Error - Expected linebreaks to be &apos;LF&apos; but found &apos;CRLF&apos;. (linebreak-style)]]></failure></testcase>
<testcase time="0" name="org.eslint.linebreak-style" classname="C:\work\dyrectorio\web\crux-ui\src\server\registry-api\registry-api-client"><failure message="Expected linebreaks to be &apos;LF&apos; but found &apos;CRLF&apos;."><![CDATA[line 3, col 37, Error - Expected linebreaks to be &apos;LF&apos; but found &apos;CRLF&apos;. (linebreak-style)]]></failure></testcase>
<testcase time="0" name="org.eslint.linebreak-style" classname="C:\work\dyrectorio\web\crux-ui\src\server\registry-api\registry-api-client"><failure message="Expected linebreaks to be &apos;LF&apos; but found &apos;CRLF&apos;."><![CDATA[line 4, col 57, Error - Expected linebreaks to be &apos;LF&apos; but found &apos;CRLF&apos;. (linebreak-style)]]></failure></testcase>
<testcase time="0" name="org.eslint.linebreak-style" classname="C:\work\dyrectorio\web\crux-ui\src\server\registry-api\registry-api-client"><failure message="Expected linebreaks to be &apos;LF&apos; but found &apos;CRLF&apos;."><![CDATA[line 5, col 50, Error - Expected linebreaks to be &apos;LF&apos; but found &apos;CRLF&apos;. (linebreak-style)]]></failure></testcase>
<testcase time="0" name="org.eslint.linebreak-style" classname="C:\work\dyrectorio\web\crux-ui\src\server\registry-api\registry-api-client"><failure message="Expected linebreaks to be &apos;LF&apos; but found &apos;CRLF&apos;."><![CDATA[line 6, col 2, Error - Expected linebreaks to be &apos;LF&apos; but found &apos;CRLF&apos;. (linebreak-style)]]></failure></testcase>
</testsuite>
<testsuite package="org.eslint" time="0" tests="235" errors="235" name="C:\work\dyrectorio\web\crux-ui\src\server\registry-api\registry-connections.ts">
<testcase time="0" name="org.eslint.linebreak-style" classname="C:\work\dyrectorio\web\crux-ui\src\server\registry-api\registry-connections"><failure message="Expected linebreaks to be &apos;LF&apos; but found &apos;CRLF&apos;."><![CDATA[line 1, col 99, Error - Expected linebreaks to be &apos;LF&apos; but found &apos;CRLF&apos;. (linebreak-style)]]></failure></testcase>
<testcase time="0" name="org.eslint.semi" classname="C:\work\dyrectorio\web\crux-ui\src\server\registry-api\registry-connections"><failure message="Missing semicolon."><![CDATA[line 1, col 99, Error - Missing semicolon. (semi)]]></failure></testcase>
<testcase time="0" name="org.eslint.linebreak-style" classname="C:\work\dyrectorio\web\crux-ui\src\server\registry-api\registry-connections"><failure message="Expected linebreaks to be &apos;LF&apos; but found &apos;CRLF&apos;."><![CDATA[line 2, col 46, Error - Expected linebreaks to be &apos;LF&apos; but found &apos;CRLF&apos;. (linebreak-style)]]></failure></testcase>
<testcase time="0" name="org.eslint.semi" classname="C:\work\dyrectorio\web\crux-ui\src\server\registry-api\registry-connections"><failure message="Missing semicolon."><![CDATA[line 2, col 46, Error - Missing semicolon. (semi)]]></failure></testcase>
<testcase time="0" name="org.eslint.import/no-cycle" classname="C:\work\dyrectorio\web\crux-ui\src\server\registry-api\registry-connections"><failure message="Dependency cycle detected."><![CDATA[line 3, col 1, Error - Dependency cycle detected. (import/no-cycle)]]></failure></testcase>
<testcase time="0" name="org.eslint.linebreak-style" classname="C:\work\dyrectorio\web\crux-ui\src\server\registry-api\registry-connections"><failure message="Expected linebreaks to be &apos;LF&apos; but found &apos;CRLF&apos;."><![CDATA[line 3, col 41, Error - Expected linebreaks to be &apos;LF&apos; but found &apos;CRLF&apos;. (linebreak-style)]]></failure></testcase>
<testcase time="0" name="org.eslint.semi" classname="C:\work\dyrectorio\web\crux-ui\src\server\registry-api\registry-connections"><failure message="Missing semicolon."><![CDATA[line 3, col 41, Error - Missing semicolon. (semi)]]></failure></testcase>
<testcase time="0" name="org.eslint.import/extensions" classname="C:\work\dyrectorio\web\crux-ui\src\server\registry-api\registry-connections"><failure message="Missing file extension &quot;ts&quot; for &quot;./github-api-client&quot;"><![CDATA[line 4, col 38, Error - Missing file extension &quot;ts&quot; for &quot;./github-api-client&quot; (import/extensions)]]></failure></testcase>
<testcase time="0" name="org.eslint.linebreak-style" classname="C:\work\dyrectorio\web\crux-ui\src\server\registry-api\registry-connections"><failure message="Expected linebreaks to be &apos;LF&apos; but found &apos;CRLF&apos;."><![CDATA[line 4, col 59, Error - Expected linebreaks to be &apos;LF&apos; but found &apos;CRLF&apos;. (linebreak-style)]]></failure></testcase>
<testcase time="0" name="org.eslint.semi" classname="C:\work\dyrectorio\web\crux-ui\src\server\registry-api\registry-connections"><failure message="Missing semicolon."><![CDATA[line 4, col 59, Error - Missing semicolon. (semi)]]></failure></testcase>
<testcase time="0" name="org.eslint.import/extensions" classname="C:\work\dyrectorio\web\crux-ui\src\server\registry-api\registry-connections"><failure message="Missing file extension &quot;ts&quot; for &quot;./gitlab-api-client&quot;"><![CDATA[line 5, col 38, Error - Missing file extension &quot;ts&quot; for &quot;./gitlab-api-client&quot; (import/extensions)]]></failure></testcase>
<testcase time="0" name="org.eslint.linebreak-style" classname="C:\work\dyrectorio\web\crux-ui\src\server\registry-api\registry-connections"><failure message="Expected linebreaks to be &apos;LF&apos; but found &apos;CRLF&apos;."><![CDATA[line 5, col 59, Error - Expected linebreaks to be &apos;LF&apos; but found &apos;CRLF&apos;. (linebreak-style)]]></failure></testcase>
<testcase time="0" name="org.eslint.semi" classname="C:\work\dyrectorio\web\crux-ui\src\server\registry-api\registry-connections"><failure message="Missing semicolon."><![CDATA[line 5, col 59, Error - Missing semicolon. (semi)]]></failure></testcase>
<testcase time="0" name="org.eslint.import/extensions" classname="C:\work\dyrectorio\web\crux-ui\src\server\registry-api\registry-connections"><failure message="Missing file extension &quot;ts&quot; for &quot;./google-api-client&quot;"><![CDATA[line 6, col 38, Error - Missing file extension &quot;ts&quot; for &quot;./google-api-client&quot; (import/extensions)]]></failure></testcase>
<testcase time="0" name="org.eslint.linebreak-style" classname="C:\work\dyrectorio\web\crux-ui\src\server\registry-api\registry-connections"><failure message="Expected linebreaks to be &apos;LF&apos; but found &apos;CRLF&apos;."><![CDATA[line 6, col 59, Error - Expected linebreaks to be &apos;LF&apos; but found &apos;CRLF&apos;. (linebreak-style)]]></failure></testcase>
<testcase time="0" name="org.eslint.semi" classname="C:\work\dyrectorio\web\crux-ui\src\server\registry-api\registry-connections"><failure message="Missing semicolon."><![CDATA[line 6, col 59, Error - Missing semicolon. (semi)]]></failure></testcase>
<testcase time="0" name="org.eslint.import/extensions" classname="C:\work\dyrectorio\web\crux-ui\src\server\registry-api\registry-connections"><failure message="Missing file extension &quot;ts&quot; for &quot;./hub-api-client&quot;"><![CDATA[line 7, col 43, Error - Missing file extension &quot;ts&quot; for &quot;./hub-api-client&quot; (import/extensions)]]></failure></testcase>
<testcase time="0" name="org.eslint.linebreak-style" classname="C:\work\dyrectorio\web\crux-ui\src\server\registry-api\registry-connections"><failure message="Expected linebreaks to be &apos;LF&apos; but found &apos;CRLF&apos;."><![CDATA[line 7, col 61, Error - Expected linebreaks to be &apos;LF&apos; but found &apos;CRLF&apos;. (linebreak-style)]]></failure></testcase>
<testcase time="0" name="org.eslint.semi" classname="C:\work\dyrectorio\web\crux-ui\src\server\registry-api\registry-connections"><failure message="Missing semicolon."><![CDATA[line 7, col 61, Error - Missing semicolon. (semi)]]></failure></testcase>
<testcase time="0" name="org.eslint.import/extensions" classname="C:\work\dyrectorio\web\crux-ui\src\server\registry-api\registry-connections"><failure message="Missing file extension &quot;ts&quot; for &quot;./registry-api-client&quot;"><![CDATA[line 8, col 35, Error - Missing file extension &quot;ts&quot; for &quot;./registry-api-client&quot; (import/extensions)]]></failure></testcase>
<testcase time="0" name="org.eslint.linebreak-style" classname="C:\work\dyrectorio\web\crux-ui\src\server\registry-api\registry-connections"><failure message="Expected linebreaks to be &apos;LF&apos; but found &apos;CRLF&apos;."><![CDATA[line 8, col 58, Error - Expected linebreaks to be &apos;LF&apos; but found &apos;CRLF&apos;. (linebreak-style)]]></failure></testcase>
<testcase time="0" name="org.eslint.semi" classname="C:\work\dyrectorio\web\crux-ui\src\server\registry-api\registry-connections"><failure message="Missing semicolon."><![CDATA[line 8, col 58, Error - Missing semicolon. (semi)]]></failure></testcase>
<testcase time="0" name="org.eslint.import/extensions" classname="C:\work\dyrectorio\web\crux-ui\src\server\registry-api\registry-connections"><failure message="Missing file extension &quot;ts&quot; for &quot;./v2-api-client&quot;"><![CDATA[line 9, col 33, Error - Missing file extension &quot;ts&quot; for &quot;./v2-api-client&quot; (import/extensions)]]></failure></testcase>
<testcase time="0" name="org.eslint.linebreak-style" classname="C:\work\dyrectorio\web\crux-ui\src\server\registry-api\registry-connections"><failure message="Expected linebreaks to be &apos;LF&apos; but found &apos;CRLF&apos;."><![CDATA[line 9, col 50, Error - Expected linebreaks to be &apos;LF&apos; but found &apos;CRLF&apos;. (linebreak-style)]]></failure></testcase>
<testcase time="0" name="org.eslint.semi" classname="C:\work\dyrectorio\web\crux-ui\src\server\registry-api\registry-connections"><failure message="Missing semicolon."><![CDATA[line 9, col 50, Error - Missing semicolon. (semi)]]></failure></testcase>
<testcase time="0" name="org.eslint.linebreak-style" classname="C:\work\dyrectorio\web\crux-ui\src\server\registry-api\registry-connections"><failure message="Expected linebreaks to be &apos;LF&apos; but found &apos;CRLF&apos;."><![CDATA[line 10, col 1, Error - Expected linebreaks to be &apos;LF&apos; but found &apos;CRLF&apos;. (linebreak-style)]]></failure></testcase>
<testcase time="0" name="org.eslint.linebreak-style" classname="C:\work\dyrectorio\web\crux-ui\src\server\registry-api\registry-connections"><failure message="Expected linebreaks to be &apos;LF&apos; but found &apos;CRLF&apos;."><![CDATA[line 11, col 35, Error - Expected linebreaks to be &apos;LF&apos; but found &apos;CRLF&apos;. (linebreak-style)]]></failure></testcase>
<testcase time="0" name="org.eslint.semi" classname="C:\work\dyrectorio\web\crux-ui\src\server\registry-api\registry-connections"><failure message="Missing semicolon."><![CDATA[line 12, col 58, Error - Missing semicolon. (semi)]]></failure></testcase>
<testcase time="0" name="org.eslint.linebreak-style" classname="C:\work\dyrectorio\web\crux-ui\src\server\registry-api\registry-connections"><failure message="Expected linebreaks to be &apos;LF&apos; but found &apos;CRLF&apos;."><![CDATA[line 12, col 86, Error - Expected linebreaks to be &apos;LF&apos; but found &apos;CRLF&apos;. (linebreak-style)]]></failure></testcase>
<testcase time="0" name="org.eslint.lines-between-class-members" classname="C:\work\dyrectorio\web\crux-ui\src\server\registry-api\registry-connections"><failure message="Expected blank line between class members."><![CDATA[line 13, col 3, Error - Expected blank line between class members. (lines-between-class-members)]]></failure></testcase>
<testcase time="0" name="org.eslint.linebreak-style" classname="C:\work\dyrectorio\web\crux-ui\src\server\registry-api\registry-connections"><failure message="Expected linebreaks to be &apos;LF&apos; but found &apos;CRLF&apos;."><![CDATA[line 13, col 64, Error - Expected linebreaks to be &apos;LF&apos; but found &apos;CRLF&apos;. (linebreak-style)]]></failure></testcase>
<testcase time="0" name="org.eslint.semi" classname="C:\work\dyrectorio\web\crux-ui\src\server\registry-api\registry-connections"><failure message="Missing semicolon."><![CDATA[line 13, col 64, Error - Missing semicolon. (semi)]]></failure></testcase>
<testcase time="0" name="org.eslint.linebreak-style" classname="C:\work\dyrectorio\web\crux-ui\src\server\registry-api\registry-connections"><failure message="Expected linebreaks to be &apos;LF&apos; but found &apos;CRLF&apos;."><![CDATA[line 14, col 1, Error - Expected linebreaks to be &apos;LF&apos; but found &apos;CRLF&apos;. (linebreak-style)]]></failure></testcase>
<testcase time="0" name="org.eslint.linebreak-style" classname="C:\work\dyrectorio\web\crux-ui\src\server\registry-api\registry-connections"><failure message="Expected linebreaks to be &apos;LF&apos; but found &apos;CRLF&apos;."><![CDATA[line 15, col 62, Error - Expected linebreaks to be &apos;LF&apos; but found &apos;CRLF&apos;. (linebreak-style)]]></failure></testcase>
<testcase time="0" name="org.eslint.semi" classname="C:\work\dyrectorio\web\crux-ui\src\server\registry-api\registry-connections"><failure message="Missing semicolon."><![CDATA[line 15, col 62, Error - Missing semicolon. (semi)]]></failure></testcase>
<testcase time="0" name="org.eslint.lines-between-class-members" classname="C:\work\dyrectorio\web\crux-ui\src\server\registry-api\registry-connections"><failure message="Expected blank line between class members."><![CDATA[line 16, col 3, Error - Expected blank line between class members. (lines-between-class-members)]]></failure></testcase>
<testcase time="0" name="org.eslint.semi" classname="C:\work\dyrectorio\web\crux-ui\src\server\registry-api\registry-connections"><failure message="Missing semicolon."><![CDATA[line 16, col 56, Error - Missing semicolon. (semi)]]></failure></testcase>
<testcase time="0" name="org.eslint.linebreak-style" classname="C:\work\dyrectorio\web\crux-ui\src\server\registry-api\registry-connections"><failure message="Expected linebreaks to be &apos;LF&apos; but found &apos;CRLF&apos;."><![CDATA[line 16, col 84, Error - Expected linebreaks to be &apos;LF&apos; but found &apos;CRLF&apos;. (linebreak-style)]]></failure></testcase>
<testcase time="0" name="org.eslint.linebreak-style" classname="C:\work\dyrectorio\web\crux-ui\src\server\registry-api\registry-connections"><failure message="Expected linebreaks to be &apos;LF&apos; but found &apos;CRLF&apos;."><![CDATA[line 17, col 1, Error - Expected linebreaks to be &apos;LF&apos; but found &apos;CRLF&apos;. (linebreak-style)]]></failure></testcase>
<testcase time="0" name="org.eslint.linebreak-style" classname="C:\work\dyrectorio\web\crux-ui\src\server\registry-api\registry-connections"><failure message="Expected linebreaks to be &apos;LF&apos; but found &apos;CRLF&apos;."><![CDATA[line 18, col 35, Error - Expected linebreaks to be &apos;LF&apos; but found &apos;CRLF&apos;. (linebreak-style)]]></failure></testcase>
<testcase time="0" name="org.eslint.linebreak-style" classname="C:\work\dyrectorio\web\crux-ui\src\server\registry-api\registry-connections"><failure message="Expected linebreaks to be &apos;LF&apos; but found &apos;CRLF&apos;."><![CDATA[line 19, col 36, Error - Expected linebreaks to be &apos;LF&apos; but found &apos;CRLF&apos;. (linebreak-style)]]></failure></testcase>
<testcase time="0" name="org.eslint.semi" classname="C:\work\dyrectorio\web\crux-ui\src\server\registry-api\registry-connections"><failure message="Missing semicolon."><![CDATA[line 19, col 36, Error - Missing semicolon. (semi)]]></failure></testcase>
<testcase time="0" name="org.eslint.linebreak-style" classname="C:\work\dyrectorio\web\crux-ui\src\server\registry-api\registry-connections"><failure message="Expected linebreaks to be &apos;LF&apos; but found &apos;CRLF&apos;."><![CDATA[line 20, col 1, Error - Expected linebreaks to be &apos;LF&apos; but found &apos;CRLF&apos;. (linebreak-style)]]></failure></testcase>
<testcase time="0" name="org.eslint.linebreak-style" classname="C:\work\dyrectorio\web\crux-ui\src\server\registry-api\registry-connections"><failure message="Expected linebreaks to be &apos;LF&apos; but found &apos;CRLF&apos;."><![CDATA[line 21, col 73, Error - Expected linebreaks to be &apos;LF&apos; but found &apos;CRLF&apos;. (linebreak-style)]]></failure></testcase>
<testcase time="0" name="org.eslint.semi" classname="C:\work\dyrectorio\web\crux-ui\src\server\registry-api\registry-connections"><failure message="Missing semicolon."><![CDATA[line 21, col 73, Error - Missing semicolon. (semi)]]></failure></testcase>
<testcase time="0" name="org.eslint.linebreak-style" classname="C:\work\dyrectorio\web\crux-ui\src\server\registry-api\registry-connections"><failure message="Expected linebreaks to be &apos;LF&apos; but found &apos;CRLF&apos;."><![CDATA[line 22, col 31, Error - Expected linebreaks to be &apos;LF&apos; but found &apos;CRLF&apos;. (linebreak-style)]]></failure></testcase>
<testcase time="0" name="org.eslint.linebreak-style" classname="C:\work\dyrectorio\web\crux-ui\src\server\registry-api\registry-connections"><failure message="Expected linebreaks to be &apos;LF&apos; but found &apos;CRLF&apos;."><![CDATA[line 23, col 13, Error - Expected linebreaks to be &apos;LF&apos; but found &apos;CRLF&apos;. (linebreak-style)]]></failure></testcase>
<testcase time="0" name="org.eslint.semi" classname="C:\work\dyrectorio\web\crux-ui\src\server\registry-api\registry-connections"><failure message="Missing semicolon."><![CDATA[line 23, col 13, Error - Missing semicolon. (semi)]]></failure></testcase>
<testcase time="0" name="org.eslint.linebreak-style" classname="C:\work\dyrectorio\web\crux-ui\src\server\registry-api\registry-connections"><failure message="Expected linebreaks to be &apos;LF&apos; but found &apos;CRLF&apos;."><![CDATA[line 24, col 6, Error - Expected linebreaks to be &apos;LF&apos; but found &apos;CRLF&apos;. (linebreak-style)]]></failure></testcase>
<testcase time="0" name="org.eslint.linebreak-style" classname="C:\work\dyrectorio\web\crux-ui\src\server\registry-api\registry-connections"><failure message="Expected linebreaks to be &apos;LF&apos; but found &apos;CRLF&apos;."><![CDATA[line 25, col 1, Error - Expected linebreaks to be &apos;LF&apos; but found &apos;CRLF&apos;. (linebreak-style)]]></failure></testcase>
<testcase time="0" name="org.eslint.linebreak-style" classname="C:\work\dyrectorio\web\crux-ui\src\server\registry-api\registry-connections"><failure message="Expected linebreaks to be &apos;LF&apos; but found &apos;CRLF&apos;."><![CDATA[line 26, col 49, Error - Expected linebreaks to be &apos;LF&apos; but found &apos;CRLF&apos;. (linebreak-style)]]></failure></testcase>
<testcase time="0" name="org.eslint.semi" classname="C:\work\dyrectorio\web\crux-ui\src\server\registry-api\registry-connections"><failure message="Missing semicolon."><![CDATA[line 26, col 49, Error - Missing semicolon. (semi)]]></failure></testcase>
<testcase time="0" name="org.eslint.linebreak-style" classname="C:\work\dyrectorio\web\crux-ui\src\server\registry-api\registry-connections"><failure message="Expected linebreaks to be &apos;LF&apos; but found &apos;CRLF&apos;."><![CDATA[line 27, col 1, Error - Expected linebreaks to be &apos;LF&apos; but found &apos;CRLF&apos;. (linebreak-style)]]></failure></testcase>
<testcase time="0" name="org.eslint.linebreak-style" classname="C:\work\dyrectorio\web\crux-ui\src\server\registry-api\registry-connections"><failure message="Expected linebreaks to be &apos;LF&apos; but found &apos;CRLF&apos;."><![CDATA[line 28, col 57, Error - Expected linebreaks to be &apos;LF&apos; but found &apos;CRLF&apos;. (linebreak-style)]]></failure></testcase>
<testcase time="0" name="org.eslint.semi" classname="C:\work\dyrectorio\web\crux-ui\src\server\registry-api\registry-connections"><failure message="Missing semicolon."><![CDATA[line 28, col 57, Error - Missing semicolon. (semi)]]></failure></testcase>
<testcase time="0" name="org.eslint.linebreak-style" classname="C:\work\dyrectorio\web\crux-ui\src\server\registry-api\registry-connections"><failure message="Expected linebreaks to be &apos;LF&apos; but found &apos;CRLF&apos;."><![CDATA[line 29, col 18, Error - Expected linebreaks to be &apos;LF&apos; but found &apos;CRLF&apos;. (linebreak-style)]]></failure></testcase>
<testcase time="0" name="org.eslint.linebreak-style" classname="C:\work\dyrectorio\web\crux-ui\src\server\registry-api\registry-connections"><failure message="Expected linebreaks to be &apos;LF&apos; but found &apos;CRLF&apos;."><![CDATA[line 30, col 13, Error - Expected linebreaks to be &apos;LF&apos; but found &apos;CRLF&apos;. (linebreak-style)]]></failure></testcase>
<testcase time="0" name="org.eslint.semi" classname="C:\work\dyrectorio\web\crux-ui\src\server\registry-api\registry-connections"><failure message="Missing semicolon."><![CDATA[line 30, col 13, Error - Missing semicolon. (semi)]]></failure></testcase>
<testcase time="0" name="org.eslint.linebreak-style" classname="C:\work\dyrectorio\web\crux-ui\src\server\registry-api\registry-connections"><failure message="Expected linebreaks to be &apos;LF&apos; but found &apos;CRLF&apos;."><![CDATA[line 31, col 6, Error - Expected linebreaks to be &apos;LF&apos; but found &apos;CRLF&apos;. (linebreak-style)]]></failure></testcase>
<testcase time="0" name="org.eslint.linebreak-style" classname="C:\work\dyrectorio\web\crux-ui\src\server\registry-api\registry-connections"><failure message="Expected linebreaks to be &apos;LF&apos; but found &apos;CRLF&apos;."><![CDATA[line 32, col 1, Error - Expected linebreaks to be &apos;LF&apos; but found &apos;CRLF&apos;. (linebreak-style)]]></failure></testcase>
<testcase time="0" name="org.eslint.no-plusplus" classname="C:\work\dyrectorio\web\crux-ui\src\server\registry-api\registry-connections"><failure message="Unary operator &apos;--&apos; used."><![CDATA[line 33, col 5, Error - Unary operator &apos;--&apos; used. (no-plusplus)]]></failure></testcase>
<testcase time="0" name="org.eslint.linebreak-style" classname="C:\work\dyrectorio\web\crux-ui\src\server\registry-api\registry-connections"><failure message="Expected linebreaks to be &apos;LF&apos; but found &apos;CRLF&apos;."><![CDATA[line 33, col 20, Error - Expected linebreaks to be &apos;LF&apos; but found &apos;CRLF&apos;. (linebreak-style)]]></failure></testcase>
<testcase time="0" name="org.eslint.semi" classname="C:\work\dyrectorio\web\crux-ui\src\server\registry-api\registry-connections"><failure message="Missing semicolon."><![CDATA[line 33, col 20, Error - Missing semicolon. (semi)]]></failure></testcase>
<testcase time="0" name="org.eslint.linebreak-style" classname="C:\work\dyrectorio\web\crux-ui\src\server\registry-api\registry-connections"><failure message="Expected linebreaks to be &apos;LF&apos; but found &apos;CRLF&apos;."><![CDATA[line 34, col 29, Error - Expected linebreaks to be &apos;LF&apos; but found &apos;CRLF&apos;. (linebreak-style)]]></failure></testcase>
<testcase time="0" name="org.eslint.linebreak-style" classname="C:\work\dyrectorio\web\crux-ui\src\server\registry-api\registry-connections"><failure message="Expected linebreaks to be &apos;LF&apos; but found &apos;CRLF&apos;."><![CDATA[line 35, col 13, Error - Expected linebreaks to be &apos;LF&apos; but found &apos;CRLF&apos;. (linebreak-style)]]></failure></testcase>
<testcase time="0" name="org.eslint.semi" classname="C:\work\dyrectorio\web\crux-ui\src\server\registry-api\registry-connections"><failure message="Missing semicolon."><![CDATA[line 35, col 13, Error - Missing semicolon. (semi)]]></failure></testcase>
<testcase time="0" name="org.eslint.linebreak-style" classname="C:\work\dyrectorio\web\crux-ui\src\server\registry-api\registry-connections"><failure message="Expected linebreaks to be &apos;LF&apos; but found &apos;CRLF&apos;."><![CDATA[line 36, col 6, Error - Expected linebreaks to be &apos;LF&apos; but found &apos;CRLF&apos;. (linebreak-style)]]></failure></testcase>
<testcase time="0" name="org.eslint.linebreak-style" classname="C:\work\dyrectorio\web\crux-ui\src\server\registry-api\registry-connections"><failure message="Expected linebreaks to be &apos;LF&apos; but found &apos;CRLF&apos;."><![CDATA[line 37, col 1, Error - Expected linebreaks to be &apos;LF&apos; but found &apos;CRLF&apos;. (linebreak-style)]]></failure></testcase>
<testcase time="0" name="org.eslint.linebreak-style" classname="C:\work\dyrectorio\web\crux-ui\src\server\registry-api\registry-connections"><failure message="Expected linebreaks to be &apos;LF&apos; but found &apos;CRLF&apos;."><![CDATA[line 38, col 46, Error - Expected linebreaks to be &apos;LF&apos; but found &apos;CRLF&apos;. (linebreak-style)]]></failure></testcase>
<testcase time="0" name="org.eslint.semi" classname="C:\work\dyrectorio\web\crux-ui\src\server\registry-api\registry-connections"><failure message="Missing semicolon."><![CDATA[line 38, col 46, Error - Missing semicolon. (semi)]]></failure></testcase>
<testcase time="0" name="org.eslint.linebreak-style" classname="C:\work\dyrectorio\web\crux-ui\src\server\registry-api\registry-connections"><failure message="Expected linebreaks to be &apos;LF&apos; but found &apos;CRLF&apos;."><![CDATA[line 39, col 4, Error - Expected linebreaks to be &apos;LF&apos; but found &apos;CRLF&apos;. (linebreak-style)]]></failure></testcase>
<testcase time="0" name="org.eslint.linebreak-style" classname="C:\work\dyrectorio\web\crux-ui\src\server\registry-api\registry-connections"><failure message="Expected linebreaks to be &apos;LF&apos; but found &apos;CRLF&apos;."><![CDATA[line 40, col 1, Error - Expected linebreaks to be &apos;LF&apos; but found &apos;CRLF&apos;. (linebreak-style)]]></failure></testcase>
<testcase time="0" name="org.eslint.linebreak-style" classname="C:\work\dyrectorio\web\crux-ui\src\server\registry-api\registry-connections"><failure message="Expected linebreaks to be &apos;LF&apos; but found &apos;CRLF&apos;."><![CDATA[line 41, col 43, Error - Expected linebreaks to be &apos;LF&apos; but found &apos;CRLF&apos;. (linebreak-style)]]></failure></testcase>
<testcase time="0" name="org.eslint.linebreak-style" classname="C:\work\dyrectorio\web\crux-ui\src\server\registry-api\registry-connections"><failure message="Expected linebreaks to be &apos;LF&apos; but found &apos;CRLF&apos;."><![CDATA[line 42, col 40, Error - Expected linebreaks to be &apos;LF&apos; but found &apos;CRLF&apos;. (linebreak-style)]]></failure></testcase>
<testcase time="0" name="org.eslint.semi" classname="C:\work\dyrectorio\web\crux-ui\src\server\registry-api\registry-connections"><failure message="Missing semicolon."><![CDATA[line 42, col 40, Error - Missing semicolon. (semi)]]></failure></testcase>
<testcase time="0" name="org.eslint.linebreak-style" classname="C:\work\dyrectorio\web\crux-ui\src\server\registry-api\registry-connections"><failure message="Expected linebreaks to be &apos;LF&apos; but found &apos;CRLF&apos;."><![CDATA[line 43, col 4, Error - Expected linebreaks to be &apos;LF&apos; but found &apos;CRLF&apos;. (linebreak-style)]]></failure></testcase>
<testcase time="0" name="org.eslint.linebreak-style" classname="C:\work\dyrectorio\web\crux-ui\src\server\registry-api\registry-connections"><failure message="Expected linebreaks to be &apos;LF&apos; but found &apos;CRLF&apos;."><![CDATA[line 44, col 1, Error - Expected linebreaks to be &apos;LF&apos; but found &apos;CRLF&apos;. (linebreak-style)]]></failure></testcase>
<testcase time="0" name="org.eslint.linebreak-style" classname="C:\work\dyrectorio\web\crux-ui\src\server\registry-api\registry-connections"><failure message="Expected linebreaks to be &apos;LF&apos; but found &apos;CRLF&apos;."><![CDATA[line 45, col 86, Error - Expected linebreaks to be &apos;LF&apos; but found &apos;CRLF&apos;. (linebreak-style)]]></failure></testcase>
<testcase time="0" name="org.eslint.linebreak-style" classname="C:\work\dyrectorio\web\crux-ui\src\server\registry-api\registry-connections"><failure message="Expected linebreaks to be &apos;LF&apos; but found &apos;CRLF&apos;."><![CDATA[line 46, col 46, Error - Expected linebreaks to be &apos;LF&apos; but found &apos;CRLF&apos;. (linebreak-style)]]></failure></testcase>
<testcase time="0" name="org.eslint.semi" classname="C:\work\dyrectorio\web\crux-ui\src\server\registry-api\registry-connections"><failure message="Missing semicolon."><![CDATA[line 46, col 46, Error - Missing semicolon. (semi)]]></failure></testcase>
<testcase time="0" name="org.eslint.linebreak-style" classname="C:\work\dyrectorio\web\crux-ui\src\server\registry-api\registry-connections"><failure message="Expected linebreaks to be &apos;LF&apos; but found &apos;CRLF&apos;."><![CDATA[line 47, col 18, Error - Expected linebreaks to be &apos;LF&apos; but found &apos;CRLF&apos;. (linebreak-style)]]></failure></testcase>
<testcase time="0" name="org.eslint.linebreak-style" classname="C:\work\dyrectorio\web\crux-ui\src\server\registry-api\registry-connections"><failure message="Expected linebreaks to be &apos;LF&apos; but found &apos;CRLF&apos;."><![CDATA[line 48, col 45, Error - Expected linebreaks to be &apos;LF&apos; but found &apos;CRLF&apos;. (linebreak-style)]]></failure></testcase>
<testcase time="0" name="org.eslint.semi" classname="C:\work\dyrectorio\web\crux-ui\src\server\registry-api\registry-connections"><failure message="Missing semicolon."><![CDATA[line 48, col 45, Error - Missing semicolon. (semi)]]></failure></testcase>
<testcase time="0" name="org.eslint.linebreak-style" classname="C:\work\dyrectorio\web\crux-ui\src\server\registry-api\registry-connections"><failure message="Expected linebreaks to be &apos;LF&apos; but found &apos;CRLF&apos;."><![CDATA[line 49, col 20, Error - Expected linebreaks to be &apos;LF&apos; but found &apos;CRLF&apos;. (linebreak-style)]]></failure></testcase>
<testcase time="0" name="org.eslint.semi" classname="C:\work\dyrectorio\web\crux-ui\src\server\registry-api\registry-connections"><failure message="Missing semicolon."><![CDATA[line 49, col 20, Error - Missing semicolon. (semi)]]></failure></testcase>
<testcase time="0" name="org.eslint.linebreak-style" classname="C:\work\dyrectorio\web\crux-ui\src\server\registry-api\registry-connections"><failure message="Expected linebreaks to be &apos;LF&apos; but found &apos;CRLF&apos;."><![CDATA[line 50, col 6, Error - Expected linebreaks to be &apos;LF&apos; but found &apos;CRLF&apos;. (linebreak-style)]]></failure></testcase>
<testcase time="0" name="org.eslint.linebreak-style" classname="C:\work\dyrectorio\web\crux-ui\src\server\registry-api\registry-connections"><failure message="Expected linebreaks to be &apos;LF&apos; but found &apos;CRLF&apos;."><![CDATA[line 51, col 1, Error - Expected linebreaks to be &apos;LF&apos; but found &apos;CRLF&apos;. (linebreak-style)]]></failure></testcase>
<testcase time="0" name="org.eslint.linebreak-style" classname="C:\work\dyrectorio\web\crux-ui\src\server\registry-api\registry-connections"><failure message="Expected linebreaks to be &apos;LF&apos; but found &apos;CRLF&apos;."><![CDATA[line 52, col 74, Error - Expected linebreaks to be &apos;LF&apos; but found &apos;CRLF&apos;. (linebreak-style)]]></failure></testcase>
<testcase time="0" name="org.eslint.semi" classname="C:\work\dyrectorio\web\crux-ui\src\server\registry-api\registry-connections"><failure message="Missing semicolon."><![CDATA[line 52, col 74, Error - Missing semicolon. (semi)]]></failure></testcase>
<testcase time="0" name="org.eslint.linebreak-style" classname="C:\work\dyrectorio\web\crux-ui\src\server\registry-api\registry-connections"><failure message="Expected linebreaks to be &apos;LF&apos; but found &apos;CRLF&apos;."><![CDATA[line 53, col 1, Error - Expected linebreaks to be &apos;LF&apos; but found &apos;CRLF&apos;. (linebreak-style)]]></failure></testcase>
<testcase time="0" name="org.eslint.operator-linebreak" classname="C:\work\dyrectorio\web\crux-ui\src\server\registry-api\registry-connections"><failure message="There should be no line break before or after &apos;=&apos;."><![CDATA[line 54, col 12, Error - There should be no line break before or after &apos;=&apos;. (operator-linebreak)]]></failure></testcase>
<testcase time="0" name="org.eslint.linebreak-style" classname="C:\work\dyrectorio\web\crux-ui\src\server\registry-api\registry-connections"><failure message="Expected linebreaks to be &apos;LF&apos; but found &apos;CRLF&apos;."><![CDATA[line 54, col 13, Error - Expected linebreaks to be &apos;LF&apos; but found &apos;CRLF&apos;. (linebreak-style)]]></failure></testcase>
<testcase time="0" name="org.eslint.no-nested-ternary" classname="C:\work\dyrectorio\web\crux-ui\src\server\registry-api\registry-connections"><failure message="Do not nest ternary expressions."><![CDATA[line 55, col 7, Error - Do not nest ternary expressions. (no-nested-ternary)]]></failure></testcase>
<testcase time="0" name="org.eslint.linebreak-style" classname="C:\work\dyrectorio\web\crux-ui\src\server\registry-api\registry-connections"><failure message="Expected linebreaks to be &apos;LF&apos; but found &apos;CRLF&apos;."><![CDATA[line 55, col 29, Error - Expected linebreaks to be &apos;LF&apos; but found &apos;CRLF&apos;. (linebreak-style)]]></failure></testcase>
<testcase time="0" name="org.eslint.linebreak-style" classname="C:\work\dyrectorio\web\crux-ui\src\server\registry-api\registry-connections"><failure message="Expected linebreaks to be &apos;LF&apos; but found &apos;CRLF&apos;."><![CDATA[line 56, col 35, Error - Expected linebreaks to be &apos;LF&apos; but found &apos;CRLF&apos;. (linebreak-style)]]></failure></testcase>
<testcase time="0" name="org.eslint.indent" classname="C:\work\dyrectorio\web\crux-ui\src\server\registry-api\registry-connections"><failure message="Expected indentation of 10 spaces but found 12."><![CDATA[line 57, col 1, Error - Expected indentation of 10 spaces but found 12. (indent)]]></failure></testcase>
<testcase time="0" name="org.eslint.linebreak-style" classname="C:\work\dyrectorio\web\crux-ui\src\server\registry-api\registry-connections"><failure message="Expected linebreaks to be &apos;LF&apos; but found &apos;CRLF&apos;."><![CDATA[line 57, col 26, Error - Expected linebreaks to be &apos;LF&apos; but found &apos;CRLF&apos;. (linebreak-style)]]></failure></testcase>
<testcase time="0" name="org.eslint.indent" classname="C:\work\dyrectorio\web\crux-ui\src\server\registry-api\registry-connections"><failure message="Expected indentation of 10 spaces but found 12."><![CDATA[line 58, col 1, Error - Expected indentation of 10 spaces but found 12. (indent)]]></failure></testcase>
<testcase time="0" name="org.eslint.no-underscore-dangle" classname="C:\work\dyrectorio\web\crux-ui\src\server\registry-api\registry-connections"><failure message="Unexpected dangling &apos;_&apos; in &apos;_private&apos;."><![CDATA[line 58, col 13, Error - Unexpected dangling &apos;_&apos; in &apos;_private&apos;. (no-underscore-dangle)]]></failure></testcase>
<testcase time="0" name="org.eslint.linebreak-style" classname="C:\work\dyrectorio\web\crux-ui\src\server\registry-api\registry-connections"><failure message="Expected linebreaks to be &apos;LF&apos; but found &apos;CRLF&apos;."><![CDATA[line 58, col 30, Error - Expected linebreaks to be &apos;LF&apos; but found &apos;CRLF&apos;. (linebreak-style)]]></failure></testcase>
<testcase time="0" name="org.eslint.indent" classname="C:\work\dyrectorio\web\crux-ui\src\server\registry-api\registry-connections"><failure message="Expected indentation of 12 spaces but found 14."><![CDATA[line 59, col 1, Error - Expected indentation of 12 spaces but found 14. (indent)]]></failure></testcase>
<testcase time="0" name="org.eslint.linebreak-style" classname="C:\work\dyrectorio\web\crux-ui\src\server\registry-api\registry-connections"><failure message="Expected linebreaks to be &apos;LF&apos; but found &apos;CRLF&apos;."><![CDATA[line 59, col 18, Error - Expected linebreaks to be &apos;LF&apos; but found &apos;CRLF&apos;. (linebreak-style)]]></failure></testcase>
<testcase time="0" name="org.eslint.indent" classname="C:\work\dyrectorio\web\crux-ui\src\server\registry-api\registry-connections"><failure message="Expected indentation of 14 spaces but found 18."><![CDATA[line 60, col 1, Error - Expected indentation of 14 spaces but found 18. (indent)]]></failure></testcase>
<testcase time="0" name="org.eslint.linebreak-style" classname="C:\work\dyrectorio\web\crux-ui\src\server\registry-api\registry-connections"><failure message="Expected linebreaks to be &apos;LF&apos; but found &apos;CRLF&apos;."><![CDATA[line 60, col 43, Error - Expected linebreaks to be &apos;LF&apos; but found &apos;CRLF&apos;. (linebreak-style)]]></failure></testcase>
<testcase time="0" name="org.eslint.indent" classname="C:\work\dyrectorio\web\crux-ui\src\server\registry-api\registry-connections"><failure message="Expected indentation of 14 spaces but found 18."><![CDATA[line 61, col 1, Error - Expected indentation of 14 spaces but found 18. (indent)]]></failure></testcase>
<testcase time="0" name="org.eslint.linebreak-style" classname="C:\work\dyrectorio\web\crux-ui\src\server\registry-api\registry-connections"><failure message="Expected linebreaks to be &apos;LF&apos; but found &apos;CRLF&apos;."><![CDATA[line 61, col 44, Error - Expected linebreaks to be &apos;LF&apos; but found &apos;CRLF&apos;. (linebreak-style)]]></failure></testcase>
<testcase time="0" name="org.eslint.indent" classname="C:\work\dyrectorio\web\crux-ui\src\server\registry-api\registry-connections"><failure message="Expected indentation of 12 spaces but found 16."><![CDATA[line 62, col 1, Error - Expected indentation of 12 spaces but found 16. (indent)]]></failure></testcase>
<testcase time="0" name="org.eslint.linebreak-style" classname="C:\work\dyrectorio\web\crux-ui\src\server\registry-api\registry-connections"><failure message="Expected linebreaks to be &apos;LF&apos; but found &apos;CRLF&apos;."><![CDATA[line 62, col 18, Error - Expected linebreaks to be &apos;LF&apos; but found &apos;CRLF&apos;. (linebreak-style)]]></failure></testcase>
<testcase time="0" name="org.eslint.indent" classname="C:\work\dyrectorio\web\crux-ui\src\server\registry-api\registry-connections"><failure message="Expected indentation of 12 spaces but found 14."><![CDATA[line 63, col 1, Error - Expected indentation of 12 spaces but found 14. (indent)]]></failure></testcase>
<testcase time="0" name="org.eslint.linebreak-style" classname="C:\work\dyrectorio\web\crux-ui\src\server\registry-api\registry-connections"><failure message="Expected linebreaks to be &apos;LF&apos; but found &apos;CRLF&apos;."><![CDATA[line 63, col 22, Error - Expected linebreaks to be &apos;LF&apos; but found &apos;CRLF&apos;. (linebreak-style)]]></failure></testcase>
<testcase time="0" name="org.eslint.indent" classname="C:\work\dyrectorio\web\crux-ui\src\server\registry-api\registry-connections"><failure message="Expected indentation of 8 spaces but found 10."><![CDATA[line 64, col 1, Error - Expected indentation of 8 spaces but found 10. (indent)]]></failure></testcase>
<testcase time="0" name="org.eslint.linebreak-style" classname="C:\work\dyrectorio\web\crux-ui\src\server\registry-api\registry-connections"><failure message="Expected linebreaks to be &apos;LF&apos; but found &apos;CRLF&apos;."><![CDATA[line 64, col 12, Error - Expected linebreaks to be &apos;LF&apos; but found &apos;CRLF&apos;. (linebreak-style)]]></failure></testcase>
<testcase time="0" name="org.eslint.no-nested-ternary" classname="C:\work\dyrectorio\web\crux-ui\src\server\registry-api\registry-connections"><failure message="Do not nest ternary expressions."><![CDATA[line 65, col 11, Error - Do not nest ternary expressions. (no-nested-ternary)]]></failure></testcase>
<testcase time="0" name="org.eslint.linebreak-style" classname="C:\work\dyrectorio\web\crux-ui\src\server\registry-api\registry-connections"><failure message="Expected linebreaks to be &apos;LF&apos; but found &apos;CRLF&apos;."><![CDATA[line 65, col 34, Error - Expected linebreaks to be &apos;LF&apos; but found &apos;CRLF&apos;. (linebreak-style)]]></failure></testcase>
<testcase time="0" name="org.eslint.indent" classname="C:\work\dyrectorio\web\crux-ui\src\server\registry-api\registry-connections"><failure message="Expected indentation of 10 spaces but found 8."><![CDATA[line 66, col 1, Error - Expected indentation of 10 spaces but found 8. (indent)]]></failure></testcase>
<testcase time="0" name="org.eslint.linebreak-style" classname="C:\work\dyrectorio\web\crux-ui\src\server\registry-api\registry-connections"><failure message="Expected linebreaks to be &apos;LF&apos; but found &apos;CRLF&apos;."><![CDATA[line 66, col 28, Error - Expected linebreaks to be &apos;LF&apos; but found &apos;CRLF&apos;. (linebreak-style)]]></failure></testcase>
<testcase time="0" name="org.eslint.linebreak-style" classname="C:\work\dyrectorio\web\crux-ui\src\server\registry-api\registry-connections"><failure message="Expected linebreaks to be &apos;LF&apos; but found &apos;CRLF&apos;."><![CDATA[line 67, col 87, Error - Expected linebreaks to be &apos;LF&apos; but found &apos;CRLF&apos;. (linebreak-style)]]></failure></testcase>
<testcase time="0" name="org.eslint.linebreak-style" classname="C:\work\dyrectorio\web\crux-ui\src\server\registry-api\registry-connections"><failure message="Expected linebreaks to be &apos;LF&apos; but found &apos;CRLF&apos;."><![CDATA[line 68, col 30, Error - Expected linebreaks to be &apos;LF&apos; but found &apos;CRLF&apos;. (linebreak-style)]]></failure></testcase>
<testcase time="0" name="org.eslint.linebreak-style" classname="C:\work\dyrectorio\web\crux-ui\src\server\registry-api\registry-connections"><failure message="Expected linebreaks to be &apos;LF&apos; but found &apos;CRLF&apos;."><![CDATA[line 69, col 38, Error - Expected linebreaks to be &apos;LF&apos; but found &apos;CRLF&apos;. (linebreak-style)]]></failure></testcase>
<testcase time="0" name="org.eslint.linebreak-style" classname="C:\work\dyrectorio\web\crux-ui\src\server\registry-api\registry-connections"><failure message="Expected linebreaks to be &apos;LF&apos; but found &apos;CRLF&apos;."><![CDATA[line 70, col 12, Error - Expected linebreaks to be &apos;LF&apos; but found &apos;CRLF&apos;. (linebreak-style)]]></failure></testcase>
<testcase time="0" name="org.eslint.indent" classname="C:\work\dyrectorio\web\crux-ui\src\server\registry-api\registry-connections"><failure message="Expected indentation of 10 spaces but found 8."><![CDATA[line 71, col 1, Error - Expected indentation of 10 spaces but found 8. (indent)]]></failure></testcase>
<testcase time="0" name="org.eslint.no-nested-ternary" classname="C:\work\dyrectorio\web\crux-ui\src\server\registry-api\registry-connections"><failure message="Do not nest ternary expressions."><![CDATA[line 71, col 11, Error - Do not nest ternary expressions. (no-nested-ternary)]]></failure></testcase>
<testcase time="0" name="org.eslint.linebreak-style" classname="C:\work\dyrectorio\web\crux-ui\src\server\registry-api\registry-connections"><failure message="Expected linebreaks to be &apos;LF&apos; but found &apos;CRLF&apos;."><![CDATA[line 71, col 37, Error - Expected linebreaks to be &apos;LF&apos; but found &apos;CRLF&apos;. (linebreak-style)]]></failure></testcase>
<testcase time="0" name="org.eslint.indent" classname="C:\work\dyrectorio\web\crux-ui\src\server\registry-api\registry-connections"><failure message="Expected indentation of 12 spaces but found 8."><![CDATA[line 72, col 1, Error - Expected indentation of 12 spaces but found 8. (indent)]]></failure></testcase>
<testcase time="0" name="org.eslint.linebreak-style" classname="C:\work\dyrectorio\web\crux-ui\src\server\registry-api\registry-connections"><failure message="Expected linebreaks to be &apos;LF&apos; but found &apos;CRLF&apos;."><![CDATA[line 72, col 63, Error - Expected linebreaks to be &apos;LF&apos; but found &apos;CRLF&apos;. (linebreak-style)]]></failure></testcase>
<testcase time="0" name="org.eslint.indent" classname="C:\work\dyrectorio\web\crux-ui\src\server\registry-api\registry-connections"><failure message="Expected indentation of 14 spaces but found 12."><![CDATA[line 73, col 1, Error - Expected indentation of 14 spaces but found 12. (indent)]]></failure></testcase>
<testcase time="0" name="org.eslint.linebreak-style" classname="C:\work\dyrectorio\web\crux-ui\src\server\registry-api\registry-connections"><failure message="Expected linebreaks to be &apos;LF&apos; but found &apos;CRLF&apos;."><![CDATA[line 73, col 37, Error - Expected linebreaks to be &apos;LF&apos; but found &apos;CRLF&apos;. (linebreak-style)]]></failure></testcase>
<testcase time="0" name="org.eslint.indent" classname="C:\work\dyrectorio\web\crux-ui\src\server\registry-api\registry-connections"><failure message="Expected indentation of 14 spaces but found 12."><![CDATA[line 74, col 1, Error - Expected indentation of 14 spaces but found 12. (indent)]]></failure></testcase>
<testcase time="0" name="org.eslint.linebreak-style" classname="C:\work\dyrectorio\web\crux-ui\src\server\registry-api\registry-connections"><failure message="Expected linebreaks to be &apos;LF&apos; but found &apos;CRLF&apos;."><![CDATA[line 74, col 38, Error - Expected linebreaks to be &apos;LF&apos; but found &apos;CRLF&apos;. (linebreak-style)]]></failure></testcase>
<testcase time="0" name="org.eslint.indent" classname="C:\work\dyrectorio\web\crux-ui\src\server\registry-api\registry-connections"><failure message="Expected indentation of 12 spaces but found 10."><![CDATA[line 75, col 1, Error - Expected indentation of 12 spaces but found 10. (indent)]]></failure></testcase>
<testcase time="0" name="org.eslint.linebreak-style" classname="C:\work\dyrectorio\web\crux-ui\src\server\registry-api\registry-connections"><failure message="Expected linebreaks to be &apos;LF&apos; but found &apos;CRLF&apos;."><![CDATA[line 75, col 13, Error - Expected linebreaks to be &apos;LF&apos; but found &apos;CRLF&apos;. (linebreak-style)]]></failure></testcase>
<testcase time="0" name="org.eslint.indent" classname="C:\work\dyrectorio\web\crux-ui\src\server\registry-api\registry-connections"><failure message="Expected indentation of 12 spaces but found 8."><![CDATA[line 76, col 1, Error - Expected indentation of 12 spaces but found 8. (indent)]]></failure></testcase>
<testcase time="0" name="org.eslint.linebreak-style" classname="C:\work\dyrectorio\web\crux-ui\src\server\registry-api\registry-connections"><failure message="Expected linebreaks to be &apos;LF&apos; but found &apos;CRLF&apos;."><![CDATA[line 76, col 37, Error - Expected linebreaks to be &apos;LF&apos; but found &apos;CRLF&apos;. (linebreak-style)]]></failure></testcase>
<testcase time="0" name="org.eslint.indent" classname="C:\work\dyrectorio\web\crux-ui\src\server\registry-api\registry-connections"><failure message="Expected indentation of 14 spaces but found 8."><![CDATA[line 77, col 1, Error - Expected indentation of 14 spaces but found 8. (indent)]]></failure></testcase>
<testcase time="0" name="org.eslint.linebreak-style" classname="C:\work\dyrectorio\web\crux-ui\src\server\registry-api\registry-connections"><failure message="Expected linebreaks to be &apos;LF&apos; but found &apos;CRLF&apos;."><![CDATA[line 77, col 36, Error - Expected linebreaks to be &apos;LF&apos; but found &apos;CRLF&apos;. (linebreak-style)]]></failure></testcase>
<testcase time="0" name="org.eslint.indent" classname="C:\work\dyrectorio\web\crux-ui\src\server\registry-api\registry-connections"><failure message="Expected indentation of 16 spaces but found 12."><![CDATA[line 78, col 1, Error - Expected indentation of 16 spaces but found 12. (indent)]]></failure></testcase>
<testcase time="0" name="org.eslint.linebreak-style" classname="C:\work\dyrectorio\web\crux-ui\src\server\registry-api\registry-connections"><failure message="Expected linebreaks to be &apos;LF&apos; but found &apos;CRLF&apos;."><![CDATA[line 78, col 38, Error - Expected linebreaks to be &apos;LF&apos; but found &apos;CRLF&apos;. (linebreak-style)]]></failure></testcase>
<testcase time="0" name="org.eslint.indent" classname="C:\work\dyrectorio\web\crux-ui\src\server\registry-api\registry-connections"><failure message="Expected indentation of 16 spaces but found 12."><![CDATA[line 79, col 1, Error - Expected indentation of 16 spaces but found 12. (indent)]]></failure></testcase>
<testcase time="0" name="org.eslint.linebreak-style" classname="C:\work\dyrectorio\web\crux-ui\src\server\registry-api\registry-connections"><failure message="Expected linebreaks to be &apos;LF&apos; but found &apos;CRLF&apos;."><![CDATA[line 79, col 14, Error - Expected linebreaks to be &apos;LF&apos; but found &apos;CRLF&apos;. (linebreak-style)]]></failure></testcase>
<testcase time="0" name="org.eslint.indent" classname="C:\work\dyrectorio\web\crux-ui\src\server\registry-api\registry-connections"><failure message="Expected indentation of 18 spaces but found 14."><![CDATA[line 80, col 1, Error - Expected indentation of 18 spaces but found 14. (indent)]]></failure></testcase>
<testcase time="0" name="org.eslint.linebreak-style" classname="C:\work\dyrectorio\web\crux-ui\src\server\registry-api\registry-connections"><failure message="Expected linebreaks to be &apos;LF&apos; but found &apos;CRLF&apos;."><![CDATA[line 80, col 39, Error - Expected linebreaks to be &apos;LF&apos; but found &apos;CRLF&apos;. (linebreak-style)]]></failure></testcase>
<testcase time="0" name="org.eslint.indent" classname="C:\work\dyrectorio\web\crux-ui\src\server\registry-api\registry-connections"><failure message="Expected indentation of 18 spaces but found 14."><![CDATA[line 81, col 1, Error - Expected indentation of 18 spaces but found 14. (indent)]]></failure></testcase>
<testcase time="0" name="org.eslint.linebreak-style" classname="C:\work\dyrectorio\web\crux-ui\src\server\registry-api\registry-connections"><failure message="Expected linebreaks to be &apos;LF&apos; but found &apos;CRLF&apos;."><![CDATA[line 81, col 40, Error - Expected linebreaks to be &apos;LF&apos; but found &apos;CRLF&apos;. (linebreak-style)]]></failure></testcase>
<testcase time="0" name="org.eslint.indent" classname="C:\work\dyrectorio\web\crux-ui\src\server\registry-api\registry-connections"><failure message="Expected indentation of 16 spaces but found 12."><![CDATA[line 82, col 1, Error - Expected indentation of 16 spaces but found 12. (indent)]]></failure></testcase>
<testcase time="0" name="org.eslint.linebreak-style" classname="C:\work\dyrectorio\web\crux-ui\src\server\registry-api\registry-connections"><failure message="Expected linebreaks to be &apos;LF&apos; but found &apos;CRLF&apos;."><![CDATA[line 82, col 15, Error - Expected linebreaks to be &apos;LF&apos; but found &apos;CRLF&apos;. (linebreak-style)]]></failure></testcase>
<testcase time="0" name="org.eslint.indent" classname="C:\work\dyrectorio\web\crux-ui\src\server\registry-api\registry-connections"><failure message="Expected indentation of 16 spaces but found 12."><![CDATA[line 83, col 1, Error - Expected indentation of 16 spaces but found 12. (indent)]]></failure></testcase>
<testcase time="0" name="org.eslint.linebreak-style" classname="C:\work\dyrectorio\web\crux-ui\src\server\registry-api\registry-connections"><failure message="Expected linebreaks to be &apos;LF&apos; but found &apos;CRLF&apos;."><![CDATA[line 83, col 33, Error - Expected linebreaks to be &apos;LF&apos; but found &apos;CRLF&apos;. (linebreak-style)]]></failure></testcase>
<testcase time="0" name="org.eslint.indent" classname="C:\work\dyrectorio\web\crux-ui\src\server\registry-api\registry-connections"><failure message="Expected indentation of 18 spaces but found 14."><![CDATA[line 84, col 1, Error - Expected indentation of 18 spaces but found 14. (indent)]]></failure></testcase>
<testcase time="0" name="org.eslint.linebreak-style" classname="C:\work\dyrectorio\web\crux-ui\src\server\registry-api\registry-connections"><failure message="Expected linebreaks to be &apos;LF&apos; but found &apos;CRLF&apos;."><![CDATA[line 84, col 18, Error - Expected linebreaks to be &apos;LF&apos; but found &apos;CRLF&apos;. (linebreak-style)]]></failure></testcase>
<testcase time="0" name="org.eslint.indent" classname="C:\work\dyrectorio\web\crux-ui\src\server\registry-api\registry-connections"><failure message="Expected indentation of 20 spaces but found 18."><![CDATA[line 85, col 1, Error - Expected indentation of 20 spaces but found 18. (indent)]]></failure></testcase>
<testcase time="0" name="org.eslint.linebreak-style" classname="C:\work\dyrectorio\web\crux-ui\src\server\registry-api\registry-connections"><failure message="Expected linebreaks to be &apos;LF&apos; but found &apos;CRLF&apos;."><![CDATA[line 85, col 43, Error - Expected linebreaks to be &apos;LF&apos; but found &apos;CRLF&apos;. (linebreak-style)]]></failure></testcase>
<testcase time="0" name="org.eslint.indent" classname="C:\work\dyrectorio\web\crux-ui\src\server\registry-api\registry-connections"><failure message="Expected indentation of 20 spaces but found 18."><![CDATA[line 86, col 1, Error - Expected indentation of 20 spaces but found 18. (indent)]]></failure></testcase>
<testcase time="0" name="org.eslint.linebreak-style" classname="C:\work\dyrectorio\web\crux-ui\src\server\registry-api\registry-connections"><failure message="Expected linebreaks to be &apos;LF&apos; but found &apos;CRLF&apos;."><![CDATA[line 86, col 45, Error - Expected linebreaks to be &apos;LF&apos; but found &apos;CRLF&apos;. (linebreak-style)]]></failure></testcase>
<testcase time="0" name="org.eslint.indent" classname="C:\work\dyrectorio\web\crux-ui\src\server\registry-api\registry-connections"><failure message="Expected indentation of 18 spaces but found 16."><![CDATA[line 87, col 1, Error - Expected indentation of 18 spaces but found 16. (indent)]]></failure></testcase>
<testcase time="0" name="org.eslint.linebreak-style" classname="C:\work\dyrectorio\web\crux-ui\src\server\registry-api\registry-connections"><failure message="Expected linebreaks to be &apos;LF&apos; but found &apos;CRLF&apos;."><![CDATA[line 87, col 18, Error - Expected linebreaks to be &apos;LF&apos; but found &apos;CRLF&apos;. (linebreak-style)]]></failure></testcase>
<testcase time="0" name="org.eslint.indent" classname="C:\work\dyrectorio\web\crux-ui\src\server\registry-api\registry-connections"><failure message="Expected indentation of 18 spaces but found 14."><![CDATA[line 88, col 1, Error - Expected indentation of 18 spaces but found 14. (indent)]]></failure></testcase>
<testcase time="0" name="org.eslint.linebreak-style" classname="C:\work\dyrectorio\web\crux-ui\src\server\registry-api\registry-connections"><failure message="Expected linebreaks to be &apos;LF&apos; but found &apos;CRLF&apos;."><![CDATA[line 88, col 38, Error - Expected linebreaks to be &apos;LF&apos; but found &apos;CRLF&apos;. (linebreak-style)]]></failure></testcase>
<testcase time="0" name="org.eslint.indent" classname="C:\work\dyrectorio\web\crux-ui\src\server\registry-api\registry-connections"><failure message="Expected indentation of 14 spaces but found 10."><![CDATA[line 89, col 1, Error - Expected indentation of 14 spaces but found 10. (indent)]]></failure></testcase>
<testcase time="0" name="org.eslint.linebreak-style" classname="C:\work\dyrectorio\web\crux-ui\src\server\registry-api\registry-connections"><failure message="Expected linebreaks to be &apos;LF&apos; but found &apos;CRLF&apos;."><![CDATA[line 89, col 12, Error - Expected linebreaks to be &apos;LF&apos; but found &apos;CRLF&apos;. (linebreak-style)]]></failure></testcase>
<testcase time="0" name="org.eslint.indent" classname="C:\work\dyrectorio\web\crux-ui\src\server\registry-api\registry-connections"><failure message="Expected indentation of 14 spaces but found 8."><![CDATA[line 90, col 1, Error - Expected indentation of 14 spaces but found 8. (indent)]]></failure></testcase>
<testcase time="0" name="org.eslint.linebreak-style" classname="C:\work\dyrectorio\web\crux-ui\src\server\registry-api\registry-connections"><failure message="Expected linebreaks to be &apos;LF&apos; but found &apos;CRLF&apos;."><![CDATA[line 90, col 36, Error - Expected linebreaks to be &apos;LF&apos; but found &apos;CRLF&apos;. (linebreak-style)]]></failure></testcase>
<testcase time="0" name="org.eslint.indent" classname="C:\work\dyrectorio\web\crux-ui\src\server\registry-api\registry-connections"><failure message="Expected indentation of 16 spaces but found 12."><![CDATA[line 91, col 1, Error - Expected indentation of 16 spaces but found 12. (indent)]]></failure></testcase>
<testcase time="0" name="org.eslint.linebreak-style" classname="C:\work\dyrectorio\web\crux-ui\src\server\registry-api\registry-connections"><failure message="Expected linebreaks to be &apos;LF&apos; but found &apos;CRLF&apos;."><![CDATA[line 91, col 26, Error - Expected linebreaks to be &apos;LF&apos; but found &apos;CRLF&apos;. (linebreak-style)]]></failure></testcase>
<testcase time="0" name="org.eslint.indent" classname="C:\work\dyrectorio\web\crux-ui\src\server\registry-api\registry-connections"><failure message="Expected indentation of 16 spaces but found 12."><![CDATA[line 92, col 1, Error - Expected indentation of 16 spaces but found 12. (indent)]]></failure></testcase>
<testcase time="0" name="org.eslint.linebreak-style" classname="C:\work\dyrectorio\web\crux-ui\src\server\registry-api\registry-connections"><failure message="Expected linebreaks to be &apos;LF&apos; but found &apos;CRLF&apos;."><![CDATA[line 92, col 38, Error - Expected linebreaks to be &apos;LF&apos; but found &apos;CRLF&apos;. (linebreak-style)]]></failure></testcase>
<testcase time="0" name="org.eslint.indent" classname="C:\work\dyrectorio\web\crux-ui\src\server\registry-api\registry-connections"><failure message="Expected indentation of 16 spaces but found 12."><![CDATA[line 93, col 1, Error - Expected indentation of 16 spaces but found 12. (indent)]]></failure></testcase>
<testcase time="0" name="org.eslint.no-underscore-dangle" classname="C:\work\dyrectorio\web\crux-ui\src\server\registry-api\registry-connections"><failure message="Unexpected dangling &apos;_&apos; in &apos;_private&apos;."><![CDATA[line 93, col 13, Error - Unexpected dangling &apos;_&apos; in &apos;_private&apos;. (no-underscore-dangle)]]></failure></testcase>
<testcase time="0" name="org.eslint.linebreak-style" classname="C:\work\dyrectorio\web\crux-ui\src\server\registry-api\registry-connections"><failure message="Expected linebreaks to be &apos;LF&apos; but found &apos;CRLF&apos;."><![CDATA[line 93, col 30, Error - Expected linebreaks to be &apos;LF&apos; but found &apos;CRLF&apos;. (linebreak-style)]]></failure></testcase>
<testcase time="0" name="org.eslint.indent" classname="C:\work\dyrectorio\web\crux-ui\src\server\registry-api\registry-connections"><failure message="Expected indentation of 18 spaces but found 14."><![CDATA[line 94, col 1, Error - Expected indentation of 18 spaces but found 14. (indent)]]></failure></testcase>
<testcase time="0" name="org.eslint.linebreak-style" classname="C:\work\dyrectorio\web\crux-ui\src\server\registry-api\registry-connections"><failure message="Expected linebreaks to be &apos;LF&apos; but found &apos;CRLF&apos;."><![CDATA[line 94, col 18, Error - Expected linebreaks to be &apos;LF&apos; but found &apos;CRLF&apos;. (linebreak-style)]]></failure></testcase>
<testcase time="0" name="org.eslint.indent" classname="C:\work\dyrectorio\web\crux-ui\src\server\registry-api\registry-connections"><failure message="Expected indentation of 20 spaces but found 18."><![CDATA[line 95, col 1, Error - Expected indentation of 20 spaces but found 18. (indent)]]></failure></testcase>
<testcase time="0" name="org.eslint.linebreak-style" classname="C:\work\dyrectorio\web\crux-ui\src\server\registry-api\registry-connections"><failure message="Expected linebreaks to be &apos;LF&apos; but found &apos;CRLF&apos;."><![CDATA[line 95, col 43, Error - Expected linebreaks to be &apos;LF&apos; but found &apos;CRLF&apos;. (linebreak-style)]]></failure></testcase>
<testcase time="0" name="org.eslint.indent" classname="C:\work\dyrectorio\web\crux-ui\src\server\registry-api\registry-connections"><failure message="Expected indentation of 20 spaces but found 18."><![CDATA[line 96, col 1, Error - Expected indentation of 20 spaces but found 18. (indent)]]></failure></testcase>
<testcase time="0" name="org.eslint.linebreak-style" classname="C:\work\dyrectorio\web\crux-ui\src\server\registry-api\registry-connections"><failure message="Expected linebreaks to be &apos;LF&apos; but found &apos;CRLF&apos;."><![CDATA[line 96, col 44, Error - Expected linebreaks to be &apos;LF&apos; but found &apos;CRLF&apos;. (linebreak-style)]]></failure></testcase>
<testcase time="0" name="org.eslint.indent" classname="C:\work\dyrectorio\web\crux-ui\src\server\registry-api\registry-connections"><failure message="Expected indentation of 18 spaces but found 16."><![CDATA[line 97, col 1, Error - Expected indentation of 18 spaces but found 16. (indent)]]></failure></testcase>
<testcase time="0" name="org.eslint.linebreak-style" classname="C:\work\dyrectorio\web\crux-ui\src\server\registry-api\registry-connections"><failure message="Expected linebreaks to be &apos;LF&apos; but found &apos;CRLF&apos;."><![CDATA[line 97, col 18, Error - Expected linebreaks to be &apos;LF&apos; but found &apos;CRLF&apos;. (linebreak-style)]]></failure></testcase>
<testcase time="0" name="org.eslint.indent" classname="C:\work\dyrectorio\web\crux-ui\src\server\registry-api\registry-connections"><failure message="Expected indentation of 18 spaces but found 14."><![CDATA[line 98, col 1, Error - Expected indentation of 18 spaces but found 14. (indent)]]></failure></testcase>
<testcase time="0" name="org.eslint.linebreak-style" classname="C:\work\dyrectorio\web\crux-ui\src\server\registry-api\registry-connections"><failure message="Expected linebreaks to be &apos;LF&apos; but found &apos;CRLF&apos;."><![CDATA[line 98, col 22, Error - Expected linebreaks to be &apos;LF&apos; but found &apos;CRLF&apos;. (linebreak-style)]]></failure></testcase>
<testcase time="0" name="org.eslint.indent" classname="C:\work\dyrectorio\web\crux-ui\src\server\registry-api\registry-connections"><failure message="Expected indentation of 14 spaces but found 10."><![CDATA[line 99, col 1, Error - Expected indentation of 14 spaces but found 10. (indent)]]></failure></testcase>
<testcase time="0" name="org.eslint.linebreak-style" classname="C:\work\dyrectorio\web\crux-ui\src\server\registry-api\registry-connections"><failure message="Expected linebreaks to be &apos;LF&apos; but found &apos;CRLF&apos;."><![CDATA[line 99, col 12, Error - Expected linebreaks to be &apos;LF&apos; but found &apos;CRLF&apos;. (linebreak-style)]]></failure></testcase>
<testcase time="0" name="org.eslint.semi" classname="C:\work\dyrectorio\web\crux-ui\src\server\registry-api\registry-connections"><failure message="Missing semicolon."><![CDATA[line 99, col 12, Error - Missing semicolon. (semi)]]></failure></testcase>
<testcase time="0" name="org.eslint.linebreak-style" classname="C:\work\dyrectorio\web\crux-ui\src\server\registry-api\registry-connections"><failure message="Expected linebreaks to be &apos;LF&apos; but found &apos;CRLF&apos;."><![CDATA[line 100, col 1, Error - Expected linebreaks to be &apos;LF&apos; but found &apos;CRLF&apos;. (linebreak-style)]]></failure></testcase>
<testcase time="0" name="org.eslint.linebreak-style" classname="C:\work\dyrectorio\web\crux-ui\src\server\registry-api\registry-connections"><failure message="Expected linebreaks to be &apos;LF&apos; but found &apos;CRLF&apos;."><![CDATA[line 101, col 42, Error - Expected linebreaks to be &apos;LF&apos; but found &apos;CRLF&apos;. (linebreak-style)]]></failure></testcase>
<testcase time="0" name="org.eslint.semi" classname="C:\work\dyrectorio\web\crux-ui\src\server\registry-api\registry-connections"><failure message="Missing semicolon."><![CDATA[line 101, col 42, Error - Missing semicolon. (semi)]]></failure></testcase>
<testcase time="0" name="org.eslint.linebreak-style" classname="C:\work\dyrectorio\web\crux-ui\src\server\registry-api\registry-connections"><failure message="Expected linebreaks to be &apos;LF&apos; but found &apos;CRLF&apos;."><![CDATA[line 102, col 1, Error - Expected linebreaks to be &apos;LF&apos; but found &apos;CRLF&apos;. (linebreak-style)]]></failure></testcase>
<testcase time="0" name="org.eslint.linebreak-style" classname="C:\work\dyrectorio\web\crux-ui\src\server\registry-api\registry-connections"><failure message="Expected linebreaks to be &apos;LF&apos; but found &apos;CRLF&apos;."><![CDATA[line 103, col 18, Error - Expected linebreaks to be &apos;LF&apos; but found &apos;CRLF&apos;. (linebreak-style)]]></failure></testcase>
<testcase time="0" name="org.eslint.semi" classname="C:\work\dyrectorio\web\crux-ui\src\server\registry-api\registry-connections"><failure message="Missing semicolon."><![CDATA[line 103, col 18, Error - Missing semicolon. (semi)]]></failure></testcase>
<testcase time="0" name="org.eslint.linebreak-style" classname="C:\work\dyrectorio\web\crux-ui\src\server\registry-api\registry-connections"><failure message="Expected linebreaks to be &apos;LF&apos; but found &apos;CRLF&apos;."><![CDATA[line 104, col 4, Error - Expected linebreaks to be &apos;LF&apos; but found &apos;CRLF&apos;. (linebreak-style)]]></failure></testcase>
<testcase time="0" name="org.eslint.linebreak-style" classname="C:\work\dyrectorio\web\crux-ui\src\server\registry-api\registry-connections"><failure message="Expected linebreaks to be &apos;LF&apos; but found &apos;CRLF&apos;."><![CDATA[line 105, col 1, Error - Expected linebreaks to be &apos;LF&apos; but found &apos;CRLF&apos;. (linebreak-style)]]></failure></testcase>
<testcase time="0" name="org.eslint.linebreak-style" classname="C:\work\dyrectorio\web\crux-ui\src\server\registry-api\registry-connections"><failure message="Expected linebreaks to be &apos;LF&apos; but found &apos;CRLF&apos;."><![CDATA[line 106, col 60, Error - Expected linebreaks to be &apos;LF&apos; but found &apos;CRLF&apos;. (linebreak-style)]]></failure></testcase>
<testcase time="0" name="org.eslint.linebreak-style" classname="C:\work\dyrectorio\web\crux-ui\src\server\registry-api\registry-connections"><failure message="Expected linebreaks to be &apos;LF&apos; but found &apos;CRLF&apos;."><![CDATA[line 107, col 71, Error - Expected linebreaks to be &apos;LF&apos; but found &apos;CRLF&apos;. (linebreak-style)]]></failure></testcase>
<testcase time="0" name="org.eslint.semi" classname="C:\work\dyrectorio\web\crux-ui\src\server\registry-api\registry-connections"><failure message="Missing semicolon."><![CDATA[line 107, col 71, Error - Missing semicolon. (semi)]]></failure></testcase>
<testcase time="0" name="org.eslint.linebreak-style" classname="C:\work\dyrectorio\web\crux-ui\src\server\registry-api\registry-connections"><failure message="Expected linebreaks to be &apos;LF&apos; but found &apos;CRLF&apos;."><![CDATA[line 108, col 77, Error - Expected linebreaks to be &apos;LF&apos; but found &apos;CRLF&apos;. (linebreak-style)]]></failure></testcase>
<testcase time="0" name="org.eslint.linebreak-style" classname="C:\work\dyrectorio\web\crux-ui\src\server\registry-api\registry-connections"><failure message="Expected linebreaks to be &apos;LF&apos; but found &apos;CRLF&apos;."><![CDATA[line 109, col 13, Error - Expected linebreaks to be &apos;LF&apos; but found &apos;CRLF&apos;. (linebreak-style)]]></failure></testcase>
<testcase time="0" name="org.eslint.semi" classname="C:\work\dyrectorio\web\crux-ui\src\server\registry-api\registry-connections"><failure message="Missing semicolon."><![CDATA[line 109, col 13, Error - Missing semicolon. (semi)]]></failure></testcase>
<testcase time="0" name="org.eslint.linebreak-style" classname="C:\work\dyrectorio\web\crux-ui\src\server\registry-api\registry-connections"><failure message="Expected linebreaks to be &apos;LF&apos; but found &apos;CRLF&apos;."><![CDATA[line 110, col 6, Error - Expected linebreaks to be &apos;LF&apos; but found &apos;CRLF&apos;. (linebreak-style)]]></failure></testcase>
<testcase time="0" name="org.eslint.linebreak-style" classname="C:\work\dyrectorio\web\crux-ui\src\server\registry-api\registry-connections"><failure message="Expected linebreaks to be &apos;LF&apos; but found &apos;CRLF&apos;."><![CDATA[line 111, col 1, Error - Expected linebreaks to be &apos;LF&apos; but found &apos;CRLF&apos;. (linebreak-style)]]></failure></testcase>
<testcase time="0" name="org.eslint.linebreak-style" classname="C:\work\dyrectorio\web\crux-ui\src\server\registry-api\registry-connections"><failure message="Expected linebreaks to be &apos;LF&apos; but found &apos;CRLF&apos;."><![CDATA[line 112, col 57, Error - Expected linebreaks to be &apos;LF&apos; but found &apos;CRLF&apos;. (linebreak-style)]]></failure></testcase>
<testcase time="0" name="org.eslint.semi" classname="C:\work\dyrectorio\web\crux-ui\src\server\registry-api\registry-connections"><failure message="Missing semicolon."><![CDATA[line 112, col 57, Error - Missing semicolon. (semi)]]></failure></testcase>
<testcase time="0" name="org.eslint.linebreak-style" classname="C:\work\dyrectorio\web\crux-ui\src\server\registry-api\registry-connections"><failure message="Expected linebreaks to be &apos;LF&apos; but found &apos;CRLF&apos;."><![CDATA[line 113, col 4, Error - Expected linebreaks to be &apos;LF&apos; but found &apos;CRLF&apos;. (linebreak-style)]]></failure></testcase>
<testcase time="0" name="org.eslint.linebreak-style" classname="C:\work\dyrectorio\web\crux-ui\src\server\registry-api\registry-connections"><failure message="Expected linebreaks to be &apos;LF&apos; but found &apos;CRLF&apos;."><![CDATA[line 114, col 1, Error - Expected linebreaks to be &apos;LF&apos; but found &apos;CRLF&apos;. (linebreak-style)]]></failure></testcase>
<testcase time="0" name="org.eslint.linebreak-style" classname="C:\work\dyrectorio\web\crux-ui\src\server\registry-api\registry-connections"><failure message="Expected linebreaks to be &apos;LF&apos; but found &apos;CRLF&apos;."><![CDATA[line 115, col 78, Error - Expected linebreaks to be &apos;LF&apos; but found &apos;CRLF&apos;. (linebreak-style)]]></failure></testcase>
<testcase time="0" name="org.eslint.linebreak-style" classname="C:\work\dyrectorio\web\crux-ui\src\server\registry-api\registry-connections"><failure message="Expected linebreaks to be &apos;LF&apos; but found &apos;CRLF&apos;."><![CDATA[line 116, col 43, Error - Expected linebreaks to be &apos;LF&apos; but found &apos;CRLF&apos;. (linebreak-style)]]></failure></testcase>
<testcase time="0" name="org.eslint.semi" classname="C:\work\dyrectorio\web\crux-ui\src\server\registry-api\registry-connections"><failure message="Missing semicolon."><![CDATA[line 116, col 43, Error - Missing semicolon. (semi)]]></failure></testcase>
<testcase time="0" name="org.eslint.linebreak-style" classname="C:\work\dyrectorio\web\crux-ui\src\server\registry-api\registry-connections"><failure message="Expected linebreaks to be &apos;LF&apos; but found &apos;CRLF&apos;."><![CDATA[line 117, col 18, Error - Expected linebreaks to be &apos;LF&apos; but found &apos;CRLF&apos;. (linebreak-style)]]></failure></testcase>
<testcase time="0" name="org.eslint.semi" classname="C:\work\dyrectorio\web\crux-ui\src\server\registry-api\registry-connections"><failure message="Missing semicolon."><![CDATA[line 118, col 73, Error - Missing semicolon. (semi)]]></failure></testcase>
<testcase time="0" name="org.eslint.linebreak-style" classname="C:\work\dyrectorio\web\crux-ui\src\server\registry-api\registry-connections"><failure message="Expected linebreaks to be &apos;LF&apos; but found &apos;CRLF&apos;."><![CDATA[line 118, col 94, Error - Expected linebreaks to be &apos;LF&apos; but found &apos;CRLF&apos;. (linebreak-style)]]></failure></testcase>
<testcase time="0" name="org.eslint.linebreak-style" classname="C:\work\dyrectorio\web\crux-ui\src\server\registry-api\registry-connections"><failure message="Expected linebreaks to be &apos;LF&apos; but found &apos;CRLF&apos;."><![CDATA[line 119, col 40, Error - Expected linebreaks to be &apos;LF&apos; but found &apos;CRLF&apos;. (linebreak-style)]]></failure></testcase>
<testcase time="0" name="org.eslint.semi" classname="C:\work\dyrectorio\web\crux-ui\src\server\registry-api\registry-connections"><failure message="Missing semicolon."><![CDATA[line 119, col 40, Error - Missing semicolon. (semi)]]></failure></testcase>
<testcase time="0" name="org.eslint.linebreak-style" classname="C:\work\dyrectorio\web\crux-ui\src\server\registry-api\registry-connections"><failure message="Expected linebreaks to be &apos;LF&apos; but found &apos;CRLF&apos;."><![CDATA[line 120, col 13, Error - Expected linebreaks to be &apos;LF&apos; but found &apos;CRLF&apos;. (linebreak-style)]]></failure></testcase>
<testcase time="0" name="org.eslint.no-plusplus" classname="C:\work\dyrectorio\web\crux-ui\src\server\registry-api\registry-connections"><failure message="Unary operator &apos;++&apos; used."><![CDATA[line 121, col 7, Error - Unary operator &apos;++&apos; used. (no-plusplus)]]></failure></testcase>
<testcase time="0" name="org.eslint.linebreak-style" classname="C:\work\dyrectorio\web\crux-ui\src\server\registry-api\registry-connections"><failure message="Expected linebreaks to be &apos;LF&apos; but found &apos;CRLF&apos;."><![CDATA[line 121, col 22, Error - Expected linebreaks to be &apos;LF&apos; but found &apos;CRLF&apos;. (linebreak-style)]]></failure></testcase>
<testcase time="0" name="org.eslint.semi" classname="C:\work\dyrectorio\web\crux-ui\src\server\registry-api\registry-connections"><failure message="Missing semicolon."><![CDATA[line 121, col 22, Error - Missing semicolon. (semi)]]></failure></testcase>
<testcase time="0" name="org.eslint.linebreak-style" classname="C:\work\dyrectorio\web\crux-ui\src\server\registry-api\registry-connections"><failure message="Expected linebreaks to be &apos;LF&apos; but found &apos;CRLF&apos;."><![CDATA[line 122, col 6, Error - Expected linebreaks to be &apos;LF&apos; but found &apos;CRLF&apos;. (linebreak-style)]]></failure></testcase>
<testcase time="0" name="org.eslint.linebreak-style" classname="C:\work\dyrectorio\web\crux-ui\src\server\registry-api\registry-connections"><failure message="Expected linebreaks to be &apos;LF&apos; but found &apos;CRLF&apos;."><![CDATA[line 123, col 1, Error - Expected linebreaks to be &apos;LF&apos; but found &apos;CRLF&apos;. (linebreak-style)]]></failure></testcase>
<testcase time="0" name="org.eslint.linebreak-style" classname="C:\work\dyrectorio\web\crux-ui\src\server\registry-api\registry-connections"><failure message="Expected linebreaks to be &apos;LF&apos; but found &apos;CRLF&apos;."><![CDATA[line 124, col 54, Error - Expected linebreaks to be &apos;LF&apos; but found &apos;CRLF&apos;. (linebreak-style)]]></failure></testcase>
<testcase time="0" name="org.eslint.semi" classname="C:\work\dyrectorio\web\crux-ui\src\server\registry-api\registry-connections"><failure message="Missing semicolon."><![CDATA[line 124, col 54, Error - Missing semicolon. (semi)]]></failure></testcase>
<testcase time="0" name="org.eslint.linebreak-style" classname="C:\work\dyrectorio\web\crux-ui\src\server\registry-api\registry-connections"><failure message="Expected linebreaks to be &apos;LF&apos; but found &apos;CRLF&apos;."><![CDATA[line 125, col 1, Error - Expected linebreaks to be &apos;LF&apos; but found &apos;CRLF&apos;. (linebreak-style)]]></failure></testcase>
<testcase time="0" name="org.eslint.linebreak-style" classname="C:\work\dyrectorio\web\crux-ui\src\server\registry-api\registry-connections"><failure message="Expected linebreaks to be &apos;LF&apos; but found &apos;CRLF&apos;."><![CDATA[line 126, col 17, Error - Expected linebreaks to be &apos;LF&apos; but found &apos;CRLF&apos;. (linebreak-style)]]></failure></testcase>
<testcase time="0" name="org.eslint.semi" classname="C:\work\dyrectorio\web\crux-ui\src\server\registry-api\registry-connections"><failure message="Missing semicolon."><![CDATA[line 126, col 17, Error - Missing semicolon. (semi)]]></failure></testcase>
<testcase time="0" name="org.eslint.linebreak-style" classname="C:\work\dyrectorio\web\crux-ui\src\server\registry-api\registry-connections"><failure message="Expected linebreaks to be &apos;LF&apos; but found &apos;CRLF&apos;."><![CDATA[line 127, col 4, Error - Expected linebreaks to be &apos;LF&apos; but found &apos;CRLF&apos;. (linebreak-style)]]></failure></testcase>
<testcase time="0" name="org.eslint.linebreak-style" classname="C:\work\dyrectorio\web\crux-ui\src\server\registry-api\registry-connections"><failure message="Expected linebreaks to be &apos;LF&apos; but found &apos;CRLF&apos;."><![CDATA[line 128, col 2, Error - Expected linebreaks to be &apos;LF&apos; but found &apos;CRLF&apos;. (linebreak-style)]]></failure></testcase>
<testcase time="0" name="org.eslint.linebreak-style" classname="C:\work\dyrectorio\web\crux-ui\src\server\registry-api\registry-connections"><failure message="Expected linebreaks to be &apos;LF&apos; but found &apos;CRLF&apos;."><![CDATA[line 129, col 1, Error - Expected linebreaks to be &apos;LF&apos; but found &apos;CRLF&apos;. (linebreak-style)]]></failure></testcase>
<testcase time="0" name="org.eslint.no-underscore-dangle" classname="C:\work\dyrectorio\web\crux-ui\src\server\registry-api\registry-connections"><failure message="Unexpected dangling &apos;_&apos; in &apos;_registryConnections&apos;."><![CDATA[line 130, col 6, Error - Unexpected dangling &apos;_&apos; in &apos;_registryConnections&apos;. (no-underscore-dangle)]]></failure></testcase>
<testcase time="0" name="org.eslint.linebreak-style" classname="C:\work\dyrectorio\web\crux-ui\src\server\registry-api\registry-connections"><failure message="Expected linebreaks to be &apos;LF&apos; but found &apos;CRLF&apos;."><![CDATA[line 130, col 36, Error - Expected linebreaks to be &apos;LF&apos; but found &apos;CRLF&apos;. (linebreak-style)]]></failure></testcase>
<testcase time="0" name="org.eslint.no-underscore-dangle" classname="C:\work\dyrectorio\web\crux-ui\src\server\registry-api\registry-connections"><failure message="Unexpected dangling &apos;_&apos; in &apos;_registryConnections&apos;."><![CDATA[line 131, col 3, Error - Unexpected dangling &apos;_&apos; in &apos;_registryConnections&apos;. (no-underscore-dangle)]]></failure></testcase>
<testcase time="0" name="org.eslint.linebreak-style" classname="C:\work\dyrectorio\web\crux-ui\src\server\registry-api\registry-connections"><failure message="Expected linebreaks to be &apos;LF&apos; but found &apos;CRLF&apos;."><![CDATA[line 131, col 58, Error - Expected linebreaks to be &apos;LF&apos; but found &apos;CRLF&apos;. (linebreak-style)]]></failure></testcase>
<testcase time="0" name="org.eslint.semi" classname="C:\work\dyrectorio\web\crux-ui\src\server\registry-api\registry-connections"><failure message="Missing semicolon."><![CDATA[line 131, col 58, Error - Missing semicolon. (semi)]]></failure></testcase>
<testcase time="0" name="org.eslint.linebreak-style" classname="C:\work\dyrectorio\web\crux-ui\src\server\registry-api\registry-connections"><failure message="Expected linebreaks to be &apos;LF&apos; but found &apos;CRLF&apos;."><![CDATA[line 132, col 2, Error - Expected linebreaks to be &apos;LF&apos; but found &apos;CRLF&apos;. (linebreak-style)]]></failure></testcase>
<testcase time="0" name="org.eslint.linebreak-style" classname="C:\work\dyrectorio\web\crux-ui\src\server\registry-api\registry-connections"><failure message="Expected linebreaks to be &apos;LF&apos; but found &apos;CRLF&apos;."><![CDATA[line 133, col 1, Error - Expected linebreaks to be &apos;LF&apos; but found &apos;CRLF&apos;. (linebreak-style)]]></failure></testcase>
<testcase time="0" name="org.eslint.no-underscore-dangle" classname="C:\work\dyrectorio\web\crux-ui\src\server\registry-api\registry-connections"><failure message="Unexpected dangling &apos;_&apos; in &apos;_registryConnections&apos;."><![CDATA[line 134, col 50, Error - Unexpected dangling &apos;_&apos; in &apos;_registryConnections&apos;. (no-underscore-dangle)]]></failure></testcase>
<testcase time="0" name="org.eslint.linebreak-style" classname="C:\work\dyrectorio\web\crux-ui\src\server\registry-api\registry-connections"><failure message="Expected linebreaks to be &apos;LF&apos; but found &apos;CRLF&apos;."><![CDATA[line 134, col 77, Error - Expected linebreaks to be &apos;LF&apos; but found &apos;CRLF&apos;. (linebreak-style)]]></failure></testcase>
<testcase time="0" name="org.eslint.semi" classname="C:\work\dyrectorio\web\crux-ui\src\server\registry-api\registry-connections"><failure message="Missing semicolon."><![CDATA[line 134, col 77, Error - Missing semicolon. (semi)]]></failure></testcase>
<testcase time="0" name="org.eslint.linebreak-style" classname="C:\work\dyrectorio\web\crux-ui\src\server\registry-api\registry-connections"><failure message="Expected linebreaks to be &apos;LF&apos; but found &apos;CRLF&apos;."><![CDATA[line 135, col 35, Error - Expected linebreaks to be &apos;LF&apos; but found &apos;CRLF&apos;. (linebreak-style)]]></failure></testcase>
<testcase time="0" name="org.eslint.semi" classname="C:\work\dyrectorio\web\crux-ui\src\server\registry-api\registry-connections"><failure message="Missing semicolon."><![CDATA[line 135, col 35, Error - Missing semicolon. (semi)]]></failure></testcase>
</testsuite>
<testsuite package="org.eslint" time="0" tests="172" errors="172" name="C:\work\dyrectorio\web\crux-ui\src\server\registry-api\v2-api-client.ts">
<testcase time="0" name="org.eslint.linebreak-style" classname="C:\work\dyrectorio\web\crux-ui\src\server\registry-api\v2-api-client"><failure message="Expected linebreaks to be &apos;LF&apos; but found &apos;CRLF&apos;."><![CDATA[line 1, col 48, Error - Expected linebreaks to be &apos;LF&apos; but found &apos;CRLF&apos;. (linebreak-style)]]></failure></testcase>
<testcase time="0" name="org.eslint.semi" classname="C:\work\dyrectorio\web\crux-ui\src\server\registry-api\v2-api-client"><failure message="Missing semicolon."><![CDATA[line 1, col 48, Error - Missing semicolon. (semi)]]></failure></testcase>
<testcase time="0" name="org.eslint.linebreak-style" classname="C:\work\dyrectorio\web\crux-ui\src\server\registry-api\v2-api-client"><failure message="Expected linebreaks to be &apos;LF&apos; but found &apos;CRLF&apos;."><![CDATA[line 2, col 76, Error - Expected linebreaks to be &apos;LF&apos; but found &apos;CRLF&apos;. (linebreak-style)]]></failure></testcase>
<testcase time="0" name="org.eslint.semi" classname="C:\work\dyrectorio\web\crux-ui\src\server\registry-api\v2-api-client"><failure message="Missing semicolon."><![CDATA[line 2, col 76, Error - Missing semicolon. (semi)]]></failure></testcase>
<testcase time="0" name="org.eslint.import/extensions" classname="C:\work\dyrectorio\web\crux-ui\src\server\registry-api\v2-api-client"><failure message="Missing file extension &quot;ts&quot; for &quot;./registry-api-client&quot;"><![CDATA[line 3, col 35, Error - Missing file extension &quot;ts&quot; for &quot;./registry-api-client&quot; (import/extensions)]]></failure></testcase>
<testcase time="0" name="org.eslint.linebreak-style" classname="C:\work\dyrectorio\web\crux-ui\src\server\registry-api\v2-api-client"><failure message="Expected linebreaks to be &apos;LF&apos; but found &apos;CRLF&apos;."><![CDATA[line 3, col 58, Error - Expected linebreaks to be &apos;LF&apos; but found &apos;CRLF&apos;. (linebreak-style)]]></failure></testcase>
<testcase time="0" name="org.eslint.semi" classname="C:\work\dyrectorio\web\crux-ui\src\server\registry-api\v2-api-client"><failure message="Missing semicolon."><![CDATA[line 3, col 58, Error - Missing semicolon. (semi)]]></failure></testcase>
<testcase time="0" name="org.eslint.linebreak-style" classname="C:\work\dyrectorio\web\crux-ui\src\server\registry-api\v2-api-client"><failure message="Expected linebreaks to be &apos;LF&apos; but found &apos;CRLF&apos;."><![CDATA[line 4, col 1, Error - Expected linebreaks to be &apos;LF&apos; but found &apos;CRLF&apos;. (linebreak-style)]]></failure></testcase>
<testcase time="0" name="org.eslint.linebreak-style" classname="C:\work\dyrectorio\web\crux-ui\src\server\registry-api\v2-api-client"><failure message="Expected linebreaks to be &apos;LF&apos; but found &apos;CRLF&apos;."><![CDATA[line 5, col 43, Error - Expected linebreaks to be &apos;LF&apos; but found &apos;CRLF&apos;. (linebreak-style)]]></failure></testcase>
<testcase time="0" name="org.eslint.linebreak-style" classname="C:\work\dyrectorio\web\crux-ui\src\server\registry-api\v2-api-client"><failure message="Expected linebreaks to be &apos;LF&apos; but found &apos;CRLF&apos;."><![CDATA[line 6, col 20, Error - Expected linebreaks to be &apos;LF&apos; but found &apos;CRLF&apos;. (linebreak-style)]]></failure></testcase>
<testcase time="0" name="org.eslint.linebreak-style" classname="C:\work\dyrectorio\web\crux-ui\src\server\registry-api\v2-api-client"><failure message="Expected linebreaks to be &apos;LF&apos; but found &apos;CRLF&apos;."><![CDATA[line 7, col 20, Error - Expected linebreaks to be &apos;LF&apos; but found &apos;CRLF&apos;. (linebreak-style)]]></failure></testcase>
<testcase time="0" name="org.eslint.linebreak-style" classname="C:\work\dyrectorio\web\crux-ui\src\server\registry-api\v2-api-client"><failure message="Expected linebreaks to be &apos;LF&apos; but found &apos;CRLF&apos;."><![CDATA[line 8, col 2, Error - Expected linebreaks to be &apos;LF&apos; but found &apos;CRLF&apos;. (linebreak-style)]]></failure></testcase>
<testcase time="0" name="org.eslint.linebreak-style" classname="C:\work\dyrectorio\web\crux-ui\src\server\registry-api\v2-api-client"><failure message="Expected linebreaks to be &apos;LF&apos; but found &apos;CRLF&apos;."><![CDATA[line 9, col 1, Error - Expected linebreaks to be &apos;LF&apos; but found &apos;CRLF&apos;. (linebreak-style)]]></failure></testcase>
<testcase time="0" name="org.eslint.linebreak-style" classname="C:\work\dyrectorio\web\crux-ui\src\server\registry-api\v2-api-client"><failure message="Expected linebreaks to be &apos;LF&apos; but found &apos;CRLF&apos;."><![CDATA[line 10, col 87, Error - Expected linebreaks to be &apos;LF&apos; but found &apos;CRLF&apos;. (linebreak-style)]]></failure></testcase>
<testcase time="0" name="org.eslint.implicit-arrow-linebreak" classname="C:\work\dyrectorio\web\crux-ui\src\server\registry-api\v2-api-client"><failure message="Expected no linebreak before this expression."><![CDATA[line 11, col 3, Error - Expected no linebreak before this expression. (implicit-arrow-linebreak)]]></failure></testcase>
<testcase time="0" name="org.eslint.linebreak-style" classname="C:\work\dyrectorio\web\crux-ui\src\server\registry-api\v2-api-client"><failure message="Expected linebreaks to be &apos;LF&apos; but found &apos;CRLF&apos;."><![CDATA[line 11, col 87, Error - Expected linebreaks to be &apos;LF&apos; but found &apos;CRLF&apos;. (linebreak-style)]]></failure></testcase>
<testcase time="0" name="org.eslint.semi" classname="C:\work\dyrectorio\web\crux-ui\src\server\registry-api\v2-api-client"><failure message="Missing semicolon."><![CDATA[line 11, col 87, Error - Missing semicolon. (semi)]]></failure></testcase>
<testcase time="0" name="org.eslint.linebreak-style" classname="C:\work\dyrectorio\web\crux-ui\src\server\registry-api\v2-api-client"><failure message="Expected linebreaks to be &apos;LF&apos; but found &apos;CRLF&apos;."><![CDATA[line 12, col 1, Error - Expected linebreaks to be &apos;LF&apos; but found &apos;CRLF&apos;. (linebreak-style)]]></failure></testcase>
<testcase time="0" name="org.eslint.linebreak-style" classname="C:\work\dyrectorio\web\crux-ui\src\server\registry-api\v2-api-client"><failure message="Expected linebreaks to be &apos;LF&apos; but found &apos;CRLF&apos;."><![CDATA[line 13, col 57, Error - Expected linebreaks to be &apos;LF&apos; but found &apos;CRLF&apos;. (linebreak-style)]]></failure></testcase>
<testcase time="0" name="org.eslint.no-undef" classname="C:\work\dyrectorio\web\crux-ui\src\server\registry-api\v2-api-client"><failure message="&apos;HeadersInit&apos; is not defined."><![CDATA[line 14, col 20, Error - &apos;HeadersInit&apos; is not defined. (no-undef)]]></failure></testcase>
<testcase time="0" name="org.eslint.linebreak-style" classname="C:\work\dyrectorio\web\crux-ui\src\server\registry-api\v2-api-client"><failure message="Expected linebreaks to be &apos;LF&apos; but found &apos;CRLF&apos;."><![CDATA[line 14, col 31, Error - Expected linebreaks to be &apos;LF&apos; but found &apos;CRLF&apos;. (linebreak-style)]]></failure></testcase>
<testcase time="0" name="org.eslint.semi" classname="C:\work\dyrectorio\web\crux-ui\src\server\registry-api\v2-api-client"><failure message="Missing semicolon."><![CDATA[line 14, col 31, Error - Missing semicolon. (semi)]]></failure></testcase>
<testcase time="0" name="org.eslint.linebreak-style" classname="C:\work\dyrectorio\web\crux-ui\src\server\registry-api\v2-api-client"><failure message="Expected linebreaks to be &apos;LF&apos; but found &apos;CRLF&apos;."><![CDATA[line 15, col 1, Error - Expected linebreaks to be &apos;LF&apos; but found &apos;CRLF&apos;. (linebreak-style)]]></failure></testcase>
<testcase time="0" name="org.eslint.linebreak-style" classname="C:\work\dyrectorio\web\crux-ui\src\server\registry-api\v2-api-client"><failure message="Expected linebreaks to be &apos;LF&apos; but found &apos;CRLF&apos;."><![CDATA[line 16, col 75, Error - Expected linebreaks to be &apos;LF&apos; but found &apos;CRLF&apos;. (linebreak-style)]]></failure></testcase>
<testcase time="0" name="org.eslint.linebreak-style" classname="C:\work\dyrectorio\web\crux-ui\src\server\registry-api\v2-api-client"><failure message="Expected linebreaks to be &apos;LF&apos; but found &apos;CRLF&apos;."><![CDATA[line 17, col 29, Error - Expected linebreaks to be &apos;LF&apos; but found &apos;CRLF&apos;. (linebreak-style)]]></failure></testcase>
<testcase time="0" name="org.eslint.linebreak-style" classname="C:\work\dyrectorio\web\crux-ui\src\server\registry-api\v2-api-client"><failure message="Expected linebreaks to be &apos;LF&apos; but found &apos;CRLF&apos;."><![CDATA[line 18, col 31, Error - Expected linebreaks to be &apos;LF&apos; but found &apos;CRLF&apos;. (linebreak-style)]]></failure></testcase>
<testcase time="0" name="org.eslint.linebreak-style" classname="C:\work\dyrectorio\web\crux-ui\src\server\registry-api\v2-api-client"><failure message="Expected linebreaks to be &apos;LF&apos; but found &apos;CRLF&apos;."><![CDATA[line 19, col 81, Error - Expected linebreaks to be &apos;LF&apos; but found &apos;CRLF&apos;. (linebreak-style)]]></failure></testcase>
<testcase time="0" name="org.eslint.semi" classname="C:\work\dyrectorio\web\crux-ui\src\server\registry-api\v2-api-client"><failure message="Missing semicolon."><![CDATA[line 19, col 81, Error - Missing semicolon. (semi)]]></failure></testcase>
<testcase time="0" name="org.eslint.linebreak-style" classname="C:\work\dyrectorio\web\crux-ui\src\server\registry-api\v2-api-client"><failure message="Expected linebreaks to be &apos;LF&apos; but found &apos;CRLF&apos;."><![CDATA[line 20, col 8, Error - Expected linebreaks to be &apos;LF&apos; but found &apos;CRLF&apos;. (linebreak-style)]]></failure></testcase>
<testcase time="0" name="org.eslint.linebreak-style" classname="C:\work\dyrectorio\web\crux-ui\src\server\registry-api\v2-api-client"><failure message="Expected linebreaks to be &apos;LF&apos; but found &apos;CRLF&apos;."><![CDATA[line 21, col 1, Error - Expected linebreaks to be &apos;LF&apos; but found &apos;CRLF&apos;. (linebreak-style)]]></failure></testcase>
<testcase time="0" name="org.eslint.linebreak-style" classname="C:\work\dyrectorio\web\crux-ui\src\server\registry-api\v2-api-client"><failure message="Expected linebreaks to be &apos;LF&apos; but found &apos;CRLF&apos;."><![CDATA[line 22, col 23, Error - Expected linebreaks to be &apos;LF&apos; but found &apos;CRLF&apos;. (linebreak-style)]]></failure></testcase>
<testcase time="0" name="org.eslint.linebreak-style" classname="C:\work\dyrectorio\web\crux-ui\src\server\registry-api\v2-api-client"><failure message="Expected linebreaks to be &apos;LF&apos; but found &apos;CRLF&apos;."><![CDATA[line 23, col 64, Error - Expected linebreaks to be &apos;LF&apos; but found &apos;CRLF&apos;. (linebreak-style)]]></failure></testcase>
<testcase time="0" name="org.eslint.linebreak-style" classname="C:\work\dyrectorio\web\crux-ui\src\server\registry-api\v2-api-client"><failure message="Expected linebreaks to be &apos;LF&apos; but found &apos;CRLF&apos;."><![CDATA[line 24, col 8, Error - Expected linebreaks to be &apos;LF&apos; but found &apos;CRLF&apos;. (linebreak-style)]]></failure></testcase>
<testcase time="0" name="org.eslint.semi" classname="C:\work\dyrectorio\web\crux-ui\src\server\registry-api\v2-api-client"><failure message="Missing semicolon."><![CDATA[line 24, col 8, Error - Missing semicolon. (semi)]]></failure></testcase>
<testcase time="0" name="org.eslint.linebreak-style" classname="C:\work\dyrectorio\web\crux-ui\src\server\registry-api\v2-api-client"><failure message="Expected linebreaks to be &apos;LF&apos; but found &apos;CRLF&apos;."><![CDATA[line 25, col 13, Error - Expected linebreaks to be &apos;LF&apos; but found &apos;CRLF&apos;. (linebreak-style)]]></failure></testcase>
<testcase time="0" name="org.eslint.linebreak-style" classname="C:\work\dyrectorio\web\crux-ui\src\server\registry-api\v2-api-client"><failure message="Expected linebreaks to be &apos;LF&apos; but found &apos;CRLF&apos;."><![CDATA[line 26, col 24, Error - Expected linebreaks to be &apos;LF&apos; but found &apos;CRLF&apos;. (linebreak-style)]]></failure></testcase>
<testcase time="0" name="org.eslint.semi" classname="C:\work\dyrectorio\web\crux-ui\src\server\registry-api\v2-api-client"><failure message="Missing semicolon."><![CDATA[line 26, col 24, Error - Missing semicolon. (semi)]]></failure></testcase>
<testcase time="0" name="org.eslint.linebreak-style" classname="C:\work\dyrectorio\web\crux-ui\src\server\registry-api\v2-api-client"><failure message="Expected linebreaks to be &apos;LF&apos; but found &apos;CRLF&apos;."><![CDATA[line 27, col 6, Error - Expected linebreaks to be &apos;LF&apos; but found &apos;CRLF&apos;. (linebreak-style)]]></failure></testcase>
<testcase time="0" name="org.eslint.linebreak-style" classname="C:\work\dyrectorio\web\crux-ui\src\server\registry-api\v2-api-client"><failure message="Expected linebreaks to be &apos;LF&apos; but found &apos;CRLF&apos;."><![CDATA[line 28, col 4, Error - Expected linebreaks to be &apos;LF&apos; but found &apos;CRLF&apos;. (linebreak-style)]]></failure></testcase>
<testcase time="0" name="org.eslint.linebreak-style" classname="C:\work\dyrectorio\web\crux-ui\src\server\registry-api\v2-api-client"><failure message="Expected linebreaks to be &apos;LF&apos; but found &apos;CRLF&apos;."><![CDATA[line 29, col 1, Error - Expected linebreaks to be &apos;LF&apos; but found &apos;CRLF&apos;. (linebreak-style)]]></failure></testcase>
<testcase time="0" name="org.eslint.linebreak-style" classname="C:\work\dyrectorio\web\crux-ui\src\server\registry-api\v2-api-client"><failure message="Expected linebreaks to be &apos;LF&apos; but found &apos;CRLF&apos;."><![CDATA[line 30, col 20, Error - Expected linebreaks to be &apos;LF&apos; but found &apos;CRLF&apos;. (linebreak-style)]]></failure></testcase>
<testcase time="0" name="org.eslint.no-underscore-dangle" classname="C:\work\dyrectorio\web\crux-ui\src\server\registry-api\v2-api-client"><failure message="Unexpected dangling &apos;_&apos; in &apos;_fetch&apos;."><![CDATA[line 31, col 23, Error - Unexpected dangling &apos;_&apos; in &apos;_fetch&apos;. (no-underscore-dangle)]]></failure></testcase>
<testcase time="0" name="org.eslint.linebreak-style" classname="C:\work\dyrectorio\web\crux-ui\src\server\registry-api\v2-api-client"><failure message="Expected linebreaks to be &apos;LF&apos; but found &apos;CRLF&apos;."><![CDATA[line 31, col 39, Error - Expected linebreaks to be &apos;LF&apos; but found &apos;CRLF&apos;. (linebreak-style)]]></failure></testcase>
<testcase time="0" name="org.eslint.semi" classname="C:\work\dyrectorio\web\crux-ui\src\server\registry-api\v2-api-client"><failure message="Missing semicolon."><![CDATA[line 31, col 39, Error - Missing semicolon. (semi)]]></failure></testcase>
<testcase time="0" name="org.eslint.linebreak-style" classname="C:\work\dyrectorio\web\crux-ui\src\server\registry-api\v2-api-client"><failure message="Expected linebreaks to be &apos;LF&apos; but found &apos;CRLF&apos;."><![CDATA[line 32, col 19, Error - Expected linebreaks to be &apos;LF&apos; but found &apos;CRLF&apos;. (linebreak-style)]]></failure></testcase>
<testcase time="0" name="org.eslint.linebreak-style" classname="C:\work\dyrectorio\web\crux-ui\src\server\registry-api\v2-api-client"><failure message="Expected linebreaks to be &apos;LF&apos; but found &apos;CRLF&apos;."><![CDATA[line 33, col 97, Error - Expected linebreaks to be &apos;LF&apos; but found &apos;CRLF&apos;. (linebreak-style)]]></failure></testcase>
<testcase time="0" name="org.eslint.semi" classname="C:\work\dyrectorio\web\crux-ui\src\server\registry-api\v2-api-client"><failure message="Missing semicolon."><![CDATA[line 33, col 97, Error - Missing semicolon. (semi)]]></failure></testcase>
<testcase time="0" name="org.eslint.linebreak-style" classname="C:\work\dyrectorio\web\crux-ui\src\server\registry-api\v2-api-client"><failure message="Expected linebreaks to be &apos;LF&apos; but found &apos;CRLF&apos;."><![CDATA[line 34, col 95, Error - Expected linebreaks to be &apos;LF&apos; but found &apos;CRLF&apos;. (linebreak-style)]]></failure></testcase>
<testcase time="0" name="org.eslint.semi" classname="C:\work\dyrectorio\web\crux-ui\src\server\registry-api\v2-api-client"><failure message="Missing semicolon."><![CDATA[line 34, col 95, Error - Missing semicolon. (semi)]]></failure></testcase>
<testcase time="0" name="org.eslint.linebreak-style" classname="C:\work\dyrectorio\web\crux-ui\src\server\registry-api\v2-api-client"><failure message="Expected linebreaks to be &apos;LF&apos; but found &apos;CRLF&apos;."><![CDATA[line 35, col 6, Error - Expected linebreaks to be &apos;LF&apos; but found &apos;CRLF&apos;. (linebreak-style)]]></failure></testcase>
<testcase time="0" name="org.eslint.linebreak-style" classname="C:\work\dyrectorio\web\crux-ui\src\server\registry-api\v2-api-client"><failure message="Expected linebreaks to be &apos;LF&apos; but found &apos;CRLF&apos;."><![CDATA[line 36, col 1, Error - Expected linebreaks to be &apos;LF&apos; but found &apos;CRLF&apos;. (linebreak-style)]]></failure></testcase>
<testcase time="0" name="org.eslint.linebreak-style" classname="C:\work\dyrectorio\web\crux-ui\src\server\registry-api\v2-api-client"><failure message="Expected linebreaks to be &apos;LF&apos; but found &apos;CRLF&apos;."><![CDATA[line 37, col 15, Error - Expected linebreaks to be &apos;LF&apos; but found &apos;CRLF&apos;. (linebreak-style)]]></failure></testcase>
<testcase time="0" name="org.eslint.semi" classname="C:\work\dyrectorio\web\crux-ui\src\server\registry-api\v2-api-client"><failure message="Missing semicolon."><![CDATA[line 37, col 15, Error - Missing semicolon. (semi)]]></failure></testcase>
<testcase time="0" name="org.eslint.linebreak-style" classname="C:\work\dyrectorio\web\crux-ui\src\server\registry-api\v2-api-client"><failure message="Expected linebreaks to be &apos;LF&apos; but found &apos;CRLF&apos;."><![CDATA[line 38, col 4, Error - Expected linebreaks to be &apos;LF&apos; but found &apos;CRLF&apos;. (linebreak-style)]]></failure></testcase>
<testcase time="0" name="org.eslint.linebreak-style" classname="C:\work\dyrectorio\web\crux-ui\src\server\registry-api\v2-api-client"><failure message="Expected linebreaks to be &apos;LF&apos; but found &apos;CRLF&apos;."><![CDATA[line 39, col 1, Error - Expected linebreaks to be &apos;LF&apos; but found &apos;CRLF&apos;. (linebreak-style)]]></failure></testcase>
<testcase time="0" name="org.eslint.linebreak-style" classname="C:\work\dyrectorio\web\crux-ui\src\server\registry-api\v2-api-client"><failure message="Expected linebreaks to be &apos;LF&apos; but found &apos;CRLF&apos;."><![CDATA[line 40, col 65, Error - Expected linebreaks to be &apos;LF&apos; but found &apos;CRLF&apos;. (linebreak-style)]]></failure></testcase>
<testcase time="0" name="org.eslint.arrow-parens" classname="C:\work\dyrectorio\web\crux-ui\src\server\registry-api\v2-api-client"><failure message="Expected parentheses around arrow function argument."><![CDATA[line 41, col 66, Error - Expected parentheses around arrow function argument. (arrow-parens)]]></failure></testcase>
<testcase time="0" name="org.eslint.no-underscore-dangle" classname="C:\work\dyrectorio\web\crux-ui\src\server\registry-api\v2-api-client"><failure message="Unexpected dangling &apos;_&apos; in &apos;_fetch&apos;."><![CDATA[line 41, col 72, Error - Unexpected dangling &apos;_&apos; in &apos;_fetch&apos;. (no-underscore-dangle)]]></failure></testcase>
<testcase time="0" name="org.eslint.linebreak-style" classname="C:\work\dyrectorio\web\crux-ui\src\server\registry-api\v2-api-client"><failure message="Expected linebreaks to be &apos;LF&apos; but found &apos;CRLF&apos;."><![CDATA[line 41, col 101, Error - Expected linebreaks to be &apos;LF&apos; but found &apos;CRLF&apos;. (linebreak-style)]]></failure></testcase>
<testcase time="0" name="org.eslint.semi" classname="C:\work\dyrectorio\web\crux-ui\src\server\registry-api\v2-api-client"><failure message="Missing semicolon."><![CDATA[line 41, col 101, Error - Missing semicolon. (semi)]]></failure></testcase>
<testcase time="0" name="org.eslint.linebreak-style" classname="C:\work\dyrectorio\web\crux-ui\src\server\registry-api\v2-api-client"><failure message="Expected linebreaks to be &apos;LF&apos; but found &apos;CRLF&apos;."><![CDATA[line 42, col 19, Error - Expected linebreaks to be &apos;LF&apos; but found &apos;CRLF&apos;. (linebreak-style)]]></failure></testcase>
<testcase time="0" name="org.eslint.linebreak-style" classname="C:\work\dyrectorio\web\crux-ui\src\server\registry-api\v2-api-client"><failure message="Expected linebreaks to be &apos;LF&apos; but found &apos;CRLF&apos;."><![CDATA[line 43, col 97, Error - Expected linebreaks to be &apos;LF&apos; but found &apos;CRLF&apos;. (linebreak-style)]]></failure></testcase>
<testcase time="0" name="org.eslint.semi" classname="C:\work\dyrectorio\web\crux-ui\src\server\registry-api\v2-api-client"><failure message="Missing semicolon."><![CDATA[line 43, col 97, Error - Missing semicolon. (semi)]]></failure></testcase>
<testcase time="0" name="org.eslint.linebreak-style" classname="C:\work\dyrectorio\web\crux-ui\src\server\registry-api\v2-api-client"><failure message="Expected linebreaks to be &apos;LF&apos; but found &apos;CRLF&apos;."><![CDATA[line 44, col 95, Error - Expected linebreaks to be &apos;LF&apos; but found &apos;CRLF&apos;. (linebreak-style)]]></failure></testcase>
<testcase time="0" name="org.eslint.semi" classname="C:\work\dyrectorio\web\crux-ui\src\server\registry-api\v2-api-client"><failure message="Missing semicolon."><![CDATA[line 44, col 95, Error - Missing semicolon. (semi)]]></failure></testcase>
<testcase time="0" name="org.eslint.linebreak-style" classname="C:\work\dyrectorio\web\crux-ui\src\server\registry-api\v2-api-client"><failure message="Expected linebreaks to be &apos;LF&apos; but found &apos;CRLF&apos;."><![CDATA[line 45, col 6, Error - Expected linebreaks to be &apos;LF&apos; but found &apos;CRLF&apos;. (linebreak-style)]]></failure></testcase>
<testcase time="0" name="org.eslint.linebreak-style" classname="C:\work\dyrectorio\web\crux-ui\src\server\registry-api\v2-api-client"><failure message="Expected linebreaks to be &apos;LF&apos; but found &apos;CRLF&apos;."><![CDATA[line 46, col 1, Error - Expected linebreaks to be &apos;LF&apos; but found &apos;CRLF&apos;. (linebreak-style)]]></failure></testcase>
<testcase time="0" name="org.eslint.linebreak-style" classname="C:\work\dyrectorio\web\crux-ui\src\server\registry-api\v2-api-client"><failure message="Expected linebreaks to be &apos;LF&apos; but found &apos;CRLF&apos;."><![CDATA[line 47, col 66, Error - Expected linebreaks to be &apos;LF&apos; but found &apos;CRLF&apos;. (linebreak-style)]]></failure></testcase>
<testcase time="0" name="org.eslint.semi" classname="C:\work\dyrectorio\web\crux-ui\src\server\registry-api\v2-api-client"><failure message="Missing semicolon."><![CDATA[line 47, col 66, Error - Missing semicolon. (semi)]]></failure></testcase>
<testcase time="0" name="org.eslint.arrow-parens" classname="C:\work\dyrectorio\web\crux-ui\src\server\registry-api\v2-api-client"><failure message="Expected parentheses around arrow function argument."><![CDATA[line 48, col 39, Error - Expected parentheses around arrow function argument. (arrow-parens)]]></failure></testcase>
<testcase time="0" name="org.eslint.linebreak-style" classname="C:\work\dyrectorio\web\crux-ui\src\server\registry-api\v2-api-client"><failure message="Expected linebreaks to be &apos;LF&apos; but found &apos;CRLF&apos;."><![CDATA[line 48, col 73, Error - Expected linebreaks to be &apos;LF&apos; but found &apos;CRLF&apos;. (linebreak-style)]]></failure></testcase>
<testcase time="0" name="org.eslint.semi" classname="C:\work\dyrectorio\web\crux-ui\src\server\registry-api\v2-api-client"><failure message="Missing semicolon."><![CDATA[line 48, col 73, Error - Missing semicolon. (semi)]]></failure></testcase>
<testcase time="0" name="org.eslint.arrow-parens" classname="C:\work\dyrectorio\web\crux-ui\src\server\registry-api\v2-api-client"><failure message="Expected parentheses around arrow function argument."><![CDATA[line 49, col 32, Error - Expected parentheses around arrow function argument. (arrow-parens)]]></failure></testcase>
<testcase time="0" name="org.eslint.linebreak-style" classname="C:\work\dyrectorio\web\crux-ui\src\server\registry-api\v2-api-client"><failure message="Expected linebreaks to be &apos;LF&apos; but found &apos;CRLF&apos;."><![CDATA[line 49, col 71, Error - Expected linebreaks to be &apos;LF&apos; but found &apos;CRLF&apos;. (linebreak-style)]]></failure></testcase>
<testcase time="0" name="org.eslint.semi" classname="C:\work\dyrectorio\web\crux-ui\src\server\registry-api\v2-api-client"><failure message="Missing semicolon."><![CDATA[line 49, col 71, Error - Missing semicolon. (semi)]]></failure></testcase>
<testcase time="0" name="org.eslint.linebreak-style" classname="C:\work\dyrectorio\web\crux-ui\src\server\registry-api\v2-api-client"><failure message="Expected linebreaks to be &apos;LF&apos; but found &apos;CRLF&apos;."><![CDATA[line 50, col 4, Error - Expected linebreaks to be &apos;LF&apos; but found &apos;CRLF&apos;. (linebreak-style)]]></failure></testcase>
<testcase time="0" name="org.eslint.linebreak-style" classname="C:\work\dyrectorio\web\crux-ui\src\server\registry-api\v2-api-client"><failure message="Expected linebreaks to be &apos;LF&apos; but found &apos;CRLF&apos;."><![CDATA[line 51, col 1, Error - Expected linebreaks to be &apos;LF&apos; but found &apos;CRLF&apos;. (linebreak-style)]]></failure></testcase>
<testcase time="0" name="org.eslint.linebreak-style" classname="C:\work\dyrectorio\web\crux-ui\src\server\registry-api\v2-api-client"><failure message="Expected linebreaks to be &apos;LF&apos; but found &apos;CRLF&apos;."><![CDATA[line 52, col 58, Error - Expected linebreaks to be &apos;LF&apos; but found &apos;CRLF&apos;. (linebreak-style)]]></failure></testcase>
<testcase time="0" name="org.eslint.arrow-parens" classname="C:\work\dyrectorio\web\crux-ui\src\server\registry-api\v2-api-client"><failure message="Expected parentheses around arrow function argument."><![CDATA[line 53, col 66, Error - Expected parentheses around arrow function argument. (arrow-parens)]]></failure></testcase>
<testcase time="0" name="org.eslint.no-underscore-dangle" classname="C:\work\dyrectorio\web\crux-ui\src\server\registry-api\v2-api-client"><failure message="Unexpected dangling &apos;_&apos; in &apos;_fetch&apos;."><![CDATA[line 53, col 72, Error - Unexpected dangling &apos;_&apos; in &apos;_fetch&apos;. (no-underscore-dangle)]]></failure></testcase>
<testcase time="0" name="org.eslint.linebreak-style" classname="C:\work\dyrectorio\web\crux-ui\src\server\registry-api\v2-api-client"><failure message="Expected linebreaks to be &apos;LF&apos; but found &apos;CRLF&apos;."><![CDATA[line 53, col 111, Error - Expected linebreaks to be &apos;LF&apos; but found &apos;CRLF&apos;. (linebreak-style)]]></failure></testcase>
<testcase time="0" name="org.eslint.semi" classname="C:\work\dyrectorio\web\crux-ui\src\server\registry-api\v2-api-client"><failure message="Missing semicolon."><![CDATA[line 53, col 111, Error - Missing semicolon. (semi)]]></failure></testcase>
<testcase time="0" name="org.eslint.linebreak-style" classname="C:\work\dyrectorio\web\crux-ui\src\server\registry-api\v2-api-client"><failure message="Expected linebreaks to be &apos;LF&apos; but found &apos;CRLF&apos;."><![CDATA[line 54, col 19, Error - Expected linebreaks to be &apos;LF&apos; but found &apos;CRLF&apos;. (linebreak-style)]]></failure></testcase>
<testcase time="0" name="org.eslint.linebreak-style" classname="C:\work\dyrectorio\web\crux-ui\src\server\registry-api\v2-api-client"><failure message="Expected linebreaks to be &apos;LF&apos; but found &apos;CRLF&apos;."><![CDATA[line 55, col 94, Error - Expected linebreaks to be &apos;LF&apos; but found &apos;CRLF&apos;. (linebreak-style)]]></failure></testcase>
<testcase time="0" name="org.eslint.semi" classname="C:\work\dyrectorio\web\crux-ui\src\server\registry-api\v2-api-client"><failure message="Missing semicolon."><![CDATA[line 55, col 94, Error - Missing semicolon. (semi)]]></failure></testcase>
<testcase time="0" name="org.eslint.linebreak-style" classname="C:\work\dyrectorio\web\crux-ui\src\server\registry-api\v2-api-client"><failure message="Expected linebreaks to be &apos;LF&apos; but found &apos;CRLF&apos;."><![CDATA[line 56, col 95, Error - Expected linebreaks to be &apos;LF&apos; but found &apos;CRLF&apos;. (linebreak-style)]]></failure></testcase>
<testcase time="0" name="org.eslint.semi" classname="C:\work\dyrectorio\web\crux-ui\src\server\registry-api\v2-api-client"><failure message="Missing semicolon."><![CDATA[line 56, col 95, Error - Missing semicolon. (semi)]]></failure></testcase>
<testcase time="0" name="org.eslint.linebreak-style" classname="C:\work\dyrectorio\web\crux-ui\src\server\registry-api\v2-api-client"><failure message="Expected linebreaks to be &apos;LF&apos; but found &apos;CRLF&apos;."><![CDATA[line 57, col 6, Error - Expected linebreaks to be &apos;LF&apos; but found &apos;CRLF&apos;. (linebreak-style)]]></failure></testcase>
<testcase time="0" name="org.eslint.linebreak-style" classname="C:\work\dyrectorio\web\crux-ui\src\server\registry-api\v2-api-client"><failure message="Expected linebreaks to be &apos;LF&apos; but found &apos;CRLF&apos;."><![CDATA[line 58, col 1, Error - Expected linebreaks to be &apos;LF&apos; but found &apos;CRLF&apos;. (linebreak-style)]]></failure></testcase>
<testcase time="0" name="org.eslint.linebreak-style" classname="C:\work\dyrectorio\web\crux-ui\src\server\registry-api\v2-api-client"><failure message="Expected linebreaks to be &apos;LF&apos; but found &apos;CRLF&apos;."><![CDATA[line 59, col 59, Error - Expected linebreaks to be &apos;LF&apos; but found &apos;CRLF&apos;. (linebreak-style)]]></failure></testcase>
<testcase time="0" name="org.eslint.semi" classname="C:\work\dyrectorio\web\crux-ui\src\server\registry-api\v2-api-client"><failure message="Missing semicolon."><![CDATA[line 59, col 59, Error - Missing semicolon. (semi)]]></failure></testcase>
<testcase time="0" name="org.eslint.linebreak-style" classname="C:\work\dyrectorio\web\crux-ui\src\server\registry-api\v2-api-client"><failure message="Expected linebreaks to be &apos;LF&apos; but found &apos;CRLF&apos;."><![CDATA[line 60, col 13, Error - Expected linebreaks to be &apos;LF&apos; but found &apos;CRLF&apos;. (linebreak-style)]]></failure></testcase>
<testcase time="0" name="org.eslint.linebreak-style" classname="C:\work\dyrectorio\web\crux-ui\src\server\registry-api\v2-api-client"><failure message="Expected linebreaks to be &apos;LF&apos; but found &apos;CRLF&apos;."><![CDATA[line 61, col 19, Error - Expected linebreaks to be &apos;LF&apos; but found &apos;CRLF&apos;. (linebreak-style)]]></failure></testcase>
<testcase time="0" name="org.eslint.arrow-parens" classname="C:\work\dyrectorio\web\crux-ui\src\server\registry-api\v2-api-client"><failure message="Expected parentheses around arrow function argument."><![CDATA[line 62, col 26, Error - Expected parentheses around arrow function argument. (arrow-parens)]]></failure></testcase>
<testcase time="0" name="org.eslint.linebreak-style" classname="C:\work\dyrectorio\web\crux-ui\src\server\registry-api\v2-api-client"><failure message="Expected linebreaks to be &apos;LF&apos; but found &apos;CRLF&apos;."><![CDATA[line 62, col 41, Error - Expected linebreaks to be &apos;LF&apos; but found &apos;CRLF&apos;. (linebreak-style)]]></failure></testcase>
<testcase time="0" name="org.eslint.linebreak-style" classname="C:\work\dyrectorio\web\crux-ui\src\server\registry-api\v2-api-client"><failure message="Expected linebreaks to be &apos;LF&apos; but found &apos;CRLF&apos;."><![CDATA[line 63, col 6, Error - Expected linebreaks to be &apos;LF&apos; but found &apos;CRLF&apos;. (linebreak-style)]]></failure></testcase>
<testcase time="0" name="org.eslint.semi" classname="C:\work\dyrectorio\web\crux-ui\src\server\registry-api\v2-api-client"><failure message="Missing semicolon."><![CDATA[line 63, col 6, Error - Missing semicolon. (semi)]]></failure></testcase>
<testcase time="0" name="org.eslint.linebreak-style" classname="C:\work\dyrectorio\web\crux-ui\src\server\registry-api\v2-api-client"><failure message="Expected linebreaks to be &apos;LF&apos; but found &apos;CRLF&apos;."><![CDATA[line 64, col 4, Error - Expected linebreaks to be &apos;LF&apos; but found &apos;CRLF&apos;. (linebreak-style)]]></failure></testcase>
<testcase time="0" name="org.eslint.linebreak-style" classname="C:\work\dyrectorio\web\crux-ui\src\server\registry-api\v2-api-client"><failure message="Expected linebreaks to be &apos;LF&apos; but found &apos;CRLF&apos;."><![CDATA[line 65, col 1, Error - Expected linebreaks to be &apos;LF&apos; but found &apos;CRLF&apos;. (linebreak-style)]]></failure></testcase>
<testcase time="0" name="org.eslint.no-underscore-dangle" classname="C:\work\dyrectorio\web\crux-ui\src\server\registry-api\v2-api-client"><failure message="Unexpected dangling &apos;_&apos; in &apos;_fetch&apos;."><![CDATA[line 66, col 3, Error - Unexpected dangling &apos;_&apos; in &apos;_fetch&apos;. (no-underscore-dangle)]]></failure></testcase>
<testcase time="0" name="org.eslint.no-undef" classname="C:\work\dyrectorio\web\crux-ui\src\server\registry-api\v2-api-client"><failure message="&apos;RequestInit&apos; is not defined."><![CDATA[line 66, col 49, Error - &apos;RequestInit&apos; is not defined. (no-undef)]]></failure></testcase>
<testcase time="0" name="org.eslint.linebreak-style" classname="C:\work\dyrectorio\web\crux-ui\src\server\registry-api\v2-api-client"><failure message="Expected linebreaks to be &apos;LF&apos; but found &apos;CRLF&apos;."><![CDATA[line 66, col 82, Error - Expected linebreaks to be &apos;LF&apos; but found &apos;CRLF&apos;. (linebreak-style)]]></failure></testcase>
<testcase time="0" name="org.eslint.linebreak-style" classname="C:\work\dyrectorio\web\crux-ui\src\server\registry-api\v2-api-client"><failure message="Expected linebreaks to be &apos;LF&apos; but found &apos;CRLF&apos;."><![CDATA[line 67, col 35, Error - Expected linebreaks to be &apos;LF&apos; but found &apos;CRLF&apos;. (linebreak-style)]]></failure></testcase>
<testcase time="0" name="org.eslint.semi" classname="C:\work\dyrectorio\web\crux-ui\src\server\registry-api\v2-api-client"><failure message="Missing semicolon."><![CDATA[line 67, col 35, Error - Missing semicolon. (semi)]]></failure></testcase>
<testcase time="0" name="org.eslint.linebreak-style" classname="C:\work\dyrectorio\web\crux-ui\src\server\registry-api\v2-api-client"><failure message="Expected linebreaks to be &apos;LF&apos; but found &apos;CRLF&apos;."><![CDATA[line 68, col 56, Error - Expected linebreaks to be &apos;LF&apos; but found &apos;CRLF&apos;. (linebreak-style)]]></failure></testcase>
<testcase time="0" name="org.eslint.semi" classname="C:\work\dyrectorio\web\crux-ui\src\server\registry-api\v2-api-client"><failure message="Missing semicolon."><![CDATA[line 68, col 56, Error - Missing semicolon. (semi)]]></failure></testcase>
<testcase time="0" name="org.eslint.linebreak-style" classname="C:\work\dyrectorio\web\crux-ui\src\server\registry-api\v2-api-client"><failure message="Expected linebreaks to be &apos;LF&apos; but found &apos;CRLF&apos;."><![CDATA[line 69, col 1, Error - Expected linebreaks to be &apos;LF&apos; but found &apos;CRLF&apos;. (linebreak-style)]]></failure></testcase>
<testcase time="0" name="org.eslint.no-return-await" classname="C:\work\dyrectorio\web\crux-ui\src\server\registry-api\v2-api-client"><failure message="Redundant use of `await` on a return value."><![CDATA[line 70, col 12, Error - Redundant use of `await` on a return value. (no-return-await)]]></failure></testcase>
<testcase time="0" name="org.eslint.linebreak-style" classname="C:\work\dyrectorio\web\crux-ui\src\server\registry-api\v2-api-client"><failure message="Expected linebreaks to be &apos;LF&apos; but found &apos;CRLF&apos;."><![CDATA[line 70, col 34, Error - Expected linebreaks to be &apos;LF&apos; but found &apos;CRLF&apos;. (linebreak-style)]]></failure></testcase>
<testcase time="0" name="org.eslint.linebreak-style" classname="C:\work\dyrectorio\web\crux-ui\src\server\registry-api\v2-api-client"><failure message="Expected linebreaks to be &apos;LF&apos; but found &apos;CRLF&apos;."><![CDATA[line 71, col 22, Error - Expected linebreaks to be &apos;LF&apos; but found &apos;CRLF&apos;. (linebreak-style)]]></failure></testcase>
<testcase time="0" name="org.eslint.linebreak-style" classname="C:\work\dyrectorio\web\crux-ui\src\server\registry-api\v2-api-client"><failure message="Expected linebreaks to be &apos;LF&apos; but found &apos;CRLF&apos;."><![CDATA[line 72, col 17, Error - Expected linebreaks to be &apos;LF&apos; but found &apos;CRLF&apos;. (linebreak-style)]]></failure></testcase>
<testcase time="0" name="org.eslint.linebreak-style" classname="C:\work\dyrectorio\web\crux-ui\src\server\registry-api\v2-api-client"><failure message="Expected linebreaks to be &apos;LF&apos; but found &apos;CRLF&apos;."><![CDATA[line 73, col 25, Error - Expected linebreaks to be &apos;LF&apos; but found &apos;CRLF&apos;. (linebreak-style)]]></failure></testcase>
<testcase time="0" name="org.eslint.linebreak-style" classname="C:\work\dyrectorio\web\crux-ui\src\server\registry-api\v2-api-client"><failure message="Expected linebreaks to be &apos;LF&apos; but found &apos;CRLF&apos;."><![CDATA[line 74, col 40, Error - Expected linebreaks to be &apos;LF&apos; but found &apos;CRLF&apos;. (linebreak-style)]]></failure></testcase>
<testcase time="0" name="org.eslint.linebreak-style" classname="C:\work\dyrectorio\web\crux-ui\src\server\registry-api\v2-api-client"><failure message="Expected linebreaks to be &apos;LF&apos; but found &apos;CRLF&apos;."><![CDATA[line 75, col 9, Error - Expected linebreaks to be &apos;LF&apos; but found &apos;CRLF&apos;. (linebreak-style)]]></failure></testcase>
<testcase time="0" name="org.eslint.linebreak-style" classname="C:\work\dyrectorio\web\crux-ui\src\server\registry-api\v2-api-client"><failure message="Expected linebreaks to be &apos;LF&apos; but found &apos;CRLF&apos;."><![CDATA[line 76, col 7, Error - Expected linebreaks to be &apos;LF&apos; but found &apos;CRLF&apos;. (linebreak-style)]]></failure></testcase>
<testcase time="0" name="org.eslint.semi" classname="C:\work\dyrectorio\web\crux-ui\src\server\registry-api\v2-api-client"><failure message="Missing semicolon."><![CDATA[line 76, col 7, Error - Missing semicolon. (semi)]]></failure></testcase>
<testcase time="0" name="org.eslint.linebreak-style" classname="C:\work\dyrectorio\web\crux-ui\src\server\registry-api\v2-api-client"><failure message="Expected linebreaks to be &apos;LF&apos; but found &apos;CRLF&apos;."><![CDATA[line 77, col 4, Error - Expected linebreaks to be &apos;LF&apos; but found &apos;CRLF&apos;. (linebreak-style)]]></failure></testcase>
<testcase time="0" name="org.eslint.linebreak-style" classname="C:\work\dyrectorio\web\crux-ui\src\server\registry-api\v2-api-client"><failure message="Expected linebreaks to be &apos;LF&apos; but found &apos;CRLF&apos;."><![CDATA[line 78, col 1, Error - Expected linebreaks to be &apos;LF&apos; but found &apos;CRLF&apos;. (linebreak-style)]]></failure></testcase>
<testcase time="0" name="org.eslint.linebreak-style" classname="C:\work\dyrectorio\web\crux-ui\src\server\registry-api\v2-api-client"><failure message="Expected linebreaks to be &apos;LF&apos; but found &apos;CRLF&apos;."><![CDATA[line 79, col 46, Error - Expected linebreaks to be &apos;LF&apos; but found &apos;CRLF&apos;. (linebreak-style)]]></failure></testcase>
<testcase time="0" name="org.eslint.linebreak-style" classname="C:\work\dyrectorio\web\crux-ui\src\server\registry-api\v2-api-client"><failure message="Expected linebreaks to be &apos;LF&apos; but found &apos;CRLF&apos;."><![CDATA[line 80, col 54, Error - Expected linebreaks to be &apos;LF&apos; but found &apos;CRLF&apos;. (linebreak-style)]]></failure></testcase>
<testcase time="0" name="org.eslint.linebreak-style" classname="C:\work\dyrectorio\web\crux-ui\src\server\registry-api\v2-api-client"><failure message="Expected linebreaks to be &apos;LF&apos; but found &apos;CRLF&apos;."><![CDATA[line 81, col 22, Error - Expected linebreaks to be &apos;LF&apos; but found &apos;CRLF&apos;. (linebreak-style)]]></failure></testcase>
<testcase time="0" name="org.eslint.linebreak-style" classname="C:\work\dyrectorio\web\crux-ui\src\server\registry-api\v2-api-client"><failure message="Expected linebreaks to be &apos;LF&apos; but found &apos;CRLF&apos;."><![CDATA[line 82, col 25, Error - Expected linebreaks to be &apos;LF&apos; but found &apos;CRLF&apos;. (linebreak-style)]]></failure></testcase>
<testcase time="0" name="org.eslint.linebreak-style" classname="C:\work\dyrectorio\web\crux-ui\src\server\registry-api\v2-api-client"><failure message="Expected linebreaks to be &apos;LF&apos; but found &apos;CRLF&apos;."><![CDATA[line 83, col 22, Error - Expected linebreaks to be &apos;LF&apos; but found &apos;CRLF&apos;. (linebreak-style)]]></failure></testcase>
<testcase time="0" name="org.eslint.semi" classname="C:\work\dyrectorio\web\crux-ui\src\server\registry-api\v2-api-client"><failure message="Missing semicolon."><![CDATA[line 83, col 22, Error - Missing semicolon. (semi)]]></failure></testcase>
<testcase time="0" name="org.eslint.linebreak-style" classname="C:\work\dyrectorio\web\crux-ui\src\server\registry-api\v2-api-client"><failure message="Expected linebreaks to be &apos;LF&apos; but found &apos;CRLF&apos;."><![CDATA[line 84, col 1, Error - Expected linebreaks to be &apos;LF&apos; but found &apos;CRLF&apos;. (linebreak-style)]]></failure></testcase>
<testcase time="0" name="org.eslint.linebreak-style" classname="C:\work\dyrectorio\web\crux-ui\src\server\registry-api\v2-api-client"><failure message="Expected linebreaks to be &apos;LF&apos; but found &apos;CRLF&apos;."><![CDATA[line 85, col 63, Error - Expected linebreaks to be &apos;LF&apos; but found &apos;CRLF&apos;. (linebreak-style)]]></failure></testcase>
<testcase time="0" name="org.eslint.linebreak-style" classname="C:\work\dyrectorio\web\crux-ui\src\server\registry-api\v2-api-client"><failure message="Expected linebreaks to be &apos;LF&apos; but found &apos;CRLF&apos;."><![CDATA[line 86, col 50, Error - Expected linebreaks to be &apos;LF&apos; but found &apos;CRLF&apos;. (linebreak-style)]]></failure></testcase>
<testcase time="0" name="org.eslint.linebreak-style" classname="C:\work\dyrectorio\web\crux-ui\src\server\registry-api\v2-api-client"><failure message="Expected linebreaks to be &apos;LF&apos; but found &apos;CRLF&apos;."><![CDATA[line 87, col 36, Error - Expected linebreaks to be &apos;LF&apos; but found &apos;CRLF&apos;. (linebreak-style)]]></failure></testcase>
<testcase time="0" name="org.eslint.semi" classname="C:\work\dyrectorio\web\crux-ui\src\server\registry-api\v2-api-client"><failure message="Missing semicolon."><![CDATA[line 87, col 36, Error - Missing semicolon. (semi)]]></failure></testcase>
<testcase time="0" name="org.eslint.linebreak-style" classname="C:\work\dyrectorio\web\crux-ui\src\server\registry-api\v2-api-client"><failure message="Expected linebreaks to be &apos;LF&apos; but found &apos;CRLF&apos;."><![CDATA[line 88, col 17, Error - Expected linebreaks to be &apos;LF&apos; but found &apos;CRLF&apos;. (linebreak-style)]]></failure></testcase>
<testcase time="0" name="org.eslint.semi" classname="C:\work\dyrectorio\web\crux-ui\src\server\registry-api\v2-api-client"><failure message="Missing semicolon."><![CDATA[line 88, col 17, Error - Missing semicolon. (semi)]]></failure></testcase>
<testcase time="0" name="org.eslint.linebreak-style" classname="C:\work\dyrectorio\web\crux-ui\src\server\registry-api\v2-api-client"><failure message="Expected linebreaks to be &apos;LF&apos; but found &apos;CRLF&apos;."><![CDATA[line 89, col 6, Error - Expected linebreaks to be &apos;LF&apos; but found &apos;CRLF&apos;. (linebreak-style)]]></failure></testcase>
<testcase time="0" name="org.eslint.semi" classname="C:\work\dyrectorio\web\crux-ui\src\server\registry-api\v2-api-client"><failure message="Missing semicolon."><![CDATA[line 89, col 6, Error - Missing semicolon. (semi)]]></failure></testcase>
<testcase time="0" name="org.eslint.linebreak-style" classname="C:\work\dyrectorio\web\crux-ui\src\server\registry-api\v2-api-client"><failure message="Expected linebreaks to be &apos;LF&apos; but found &apos;CRLF&apos;."><![CDATA[line 90, col 1, Error - Expected linebreaks to be &apos;LF&apos; but found &apos;CRLF&apos;. (linebreak-style)]]></failure></testcase>
<testcase time="0" name="org.eslint.linebreak-style" classname="C:\work\dyrectorio\web\crux-ui\src\server\registry-api\v2-api-client"><failure message="Expected linebreaks to be &apos;LF&apos; but found &apos;CRLF&apos;."><![CDATA[line 91, col 24, Error - Expected linebreaks to be &apos;LF&apos; but found &apos;CRLF&apos;. (linebreak-style)]]></failure></testcase>
<testcase time="0" name="org.eslint.semi" classname="C:\work\dyrectorio\web\crux-ui\src\server\registry-api\v2-api-client"><failure message="Missing semicolon."><![CDATA[line 91, col 24, Error - Missing semicolon. (semi)]]></failure></testcase>
<testcase time="0" name="org.eslint.linebreak-style" classname="C:\work\dyrectorio\web\crux-ui\src\server\registry-api\v2-api-client"><failure message="Expected linebreaks to be &apos;LF&apos; but found &apos;CRLF&apos;."><![CDATA[line 92, col 29, Error - Expected linebreaks to be &apos;LF&apos; but found &apos;CRLF&apos;. (linebreak-style)]]></failure></testcase>
<testcase time="0" name="org.eslint.semi" classname="C:\work\dyrectorio\web\crux-ui\src\server\registry-api\v2-api-client"><failure message="Missing semicolon."><![CDATA[line 92, col 29, Error - Missing semicolon. (semi)]]></failure></testcase>
<testcase time="0" name="org.eslint.linebreak-style" classname="C:\work\dyrectorio\web\crux-ui\src\server\registry-api\v2-api-client"><failure message="Expected linebreaks to be &apos;LF&apos; but found &apos;CRLF&apos;."><![CDATA[line 93, col 19, Error - Expected linebreaks to be &apos;LF&apos; but found &apos;CRLF&apos;. (linebreak-style)]]></failure></testcase>
<testcase time="0" name="org.eslint.no-await-in-loop" classname="C:\work\dyrectorio\web\crux-ui\src\server\registry-api\v2-api-client"><failure message="Unexpected `await` inside a loop."><![CDATA[line 94, col 13, Error - Unexpected `await` inside a loop. (no-await-in-loop)]]></failure></testcase>
<testcase time="0" name="org.eslint.linebreak-style" classname="C:\work\dyrectorio\web\crux-ui\src\server\registry-api\v2-api-client"><failure message="Expected linebreaks to be &apos;LF&apos; but found &apos;CRLF&apos;."><![CDATA[line 94, col 32, Error - Expected linebreaks to be &apos;LF&apos; but found &apos;CRLF&apos;. (linebreak-style)]]></failure></testcase>
<testcase time="0" name="org.eslint.semi" classname="C:\work\dyrectorio\web\crux-ui\src\server\registry-api\v2-api-client"><failure message="Missing semicolon."><![CDATA[line 94, col 32, Error - Missing semicolon. (semi)]]></failure></testcase>
<testcase time="0" name="org.eslint.linebreak-style" classname="C:\work\dyrectorio\web\crux-ui\src\server\registry-api\v2-api-client"><failure message="Expected linebreaks to be &apos;LF&apos; but found &apos;CRLF&apos;."><![CDATA[line 95, col 21, Error - Expected linebreaks to be &apos;LF&apos; but found &apos;CRLF&apos;. (linebreak-style)]]></failure></testcase>
<testcase time="0" name="org.eslint.linebreak-style" classname="C:\work\dyrectorio\web\crux-ui\src\server\registry-api\v2-api-client"><failure message="Expected linebreaks to be &apos;LF&apos; but found &apos;CRLF&apos;."><![CDATA[line 96, col 19, Error - Expected linebreaks to be &apos;LF&apos; but found &apos;CRLF&apos;. (linebreak-style)]]></failure></testcase>
<testcase time="0" name="org.eslint.semi" classname="C:\work\dyrectorio\web\crux-ui\src\server\registry-api\v2-api-client"><failure message="Missing semicolon."><![CDATA[line 96, col 19, Error - Missing semicolon. (semi)]]></failure></testcase>
<testcase time="0" name="org.eslint.linebreak-style" classname="C:\work\dyrectorio\web\crux-ui\src\server\registry-api\v2-api-client"><failure message="Expected linebreaks to be &apos;LF&apos; but found &apos;CRLF&apos;."><![CDATA[line 97, col 8, Error - Expected linebreaks to be &apos;LF&apos; but found &apos;CRLF&apos;. (linebreak-style)]]></failure></testcase>
<testcase time="0" name="org.eslint.linebreak-style" classname="C:\work\dyrectorio\web\crux-ui\src\server\registry-api\v2-api-client"><failure message="Expected linebreaks to be &apos;LF&apos; but found &apos;CRLF&apos;."><![CDATA[line 98, col 1, Error - Expected linebreaks to be &apos;LF&apos; but found &apos;CRLF&apos;. (linebreak-style)]]></failure></testcase>
<testcase time="0" name="org.eslint.no-await-in-loop" classname="C:\work\dyrectorio\web\crux-ui\src\server\registry-api\v2-api-client"><failure message="Unexpected `await` inside a loop."><![CDATA[line 99, col 20, Error - Unexpected `await` inside a loop. (no-await-in-loop)]]></failure></testcase>
<testcase time="0" name="org.eslint.linebreak-style" classname="C:\work\dyrectorio\web\crux-ui\src\server\registry-api\v2-api-client"><failure message="Expected linebreaks to be &apos;LF&apos; but found &apos;CRLF&apos;."><![CDATA[line 99, col 36, Error - Expected linebreaks to be &apos;LF&apos; but found &apos;CRLF&apos;. (linebreak-style)]]></failure></testcase>
<testcase time="0" name="org.eslint.semi" classname="C:\work\dyrectorio\web\crux-ui\src\server\registry-api\v2-api-client"><failure message="Missing semicolon."><![CDATA[line 99, col 36, Error - Missing semicolon. (semi)]]></failure></testcase>
<testcase time="0" name="org.eslint.linebreak-style" classname="C:\work\dyrectorio\web\crux-ui\src\server\registry-api\v2-api-client"><failure message="Expected linebreaks to be &apos;LF&apos; but found &apos;CRLF&apos;."><![CDATA[line 100, col 24, Error - Expected linebreaks to be &apos;LF&apos; but found &apos;CRLF&apos;. (linebreak-style)]]></failure></testcase>
<testcase time="0" name="org.eslint.semi" classname="C:\work\dyrectorio\web\crux-ui\src\server\registry-api\v2-api-client"><failure message="Missing semicolon."><![CDATA[line 100, col 24, Error - Missing semicolon. (semi)]]></failure></testcase>
<testcase time="0" name="org.eslint.linebreak-style" classname="C:\work\dyrectorio\web\crux-ui\src\server\registry-api\v2-api-client"><failure message="Expected linebreaks to be &apos;LF&apos; but found &apos;CRLF&apos;."><![CDATA[line 101, col 1, Error - Expected linebreaks to be &apos;LF&apos; but found &apos;CRLF&apos;. (linebreak-style)]]></failure></testcase>
<testcase time="0" name="org.eslint.linebreak-style" classname="C:\work\dyrectorio\web\crux-ui\src\server\registry-api\v2-api-client"><failure message="Expected linebreaks to be &apos;LF&apos; but found &apos;CRLF&apos;."><![CDATA[line 102, col 37, Error - Expected linebreaks to be &apos;LF&apos; but found &apos;CRLF&apos;. (linebreak-style)]]></failure></testcase>
<testcase time="0" name="org.eslint.semi" classname="C:\work\dyrectorio\web\crux-ui\src\server\registry-api\v2-api-client"><failure message="Missing semicolon."><![CDATA[line 102, col 37, Error - Missing semicolon. (semi)]]></failure></testcase>
<testcase time="0" name="org.eslint.linebreak-style" classname="C:\work\dyrectorio\web\crux-ui\src\server\registry-api\v2-api-client"><failure message="Expected linebreaks to be &apos;LF&apos; but found &apos;CRLF&apos;."><![CDATA[line 103, col 38, Error - Expected linebreaks to be &apos;LF&apos; but found &apos;CRLF&apos;. (linebreak-style)]]></failure></testcase>
<testcase time="0" name="org.eslint.linebreak-style" classname="C:\work\dyrectorio\web\crux-ui\src\server\registry-api\v2-api-client"><failure message="Expected linebreaks to be &apos;LF&apos; but found &apos;CRLF&apos;."><![CDATA[line 104, col 37, Error - Expected linebreaks to be &apos;LF&apos; but found &apos;CRLF&apos;. (linebreak-style)]]></failure></testcase>
<testcase time="0" name="org.eslint.semi" classname="C:\work\dyrectorio\web\crux-ui\src\server\registry-api\v2-api-client"><failure message="Missing semicolon."><![CDATA[line 104, col 37, Error - Missing semicolon. (semi)]]></failure></testcase>
<testcase time="0" name="org.eslint.linebreak-style" classname="C:\work\dyrectorio\web\crux-ui\src\server\registry-api\v2-api-client"><failure message="Expected linebreaks to be &apos;LF&apos; but found &apos;CRLF&apos;."><![CDATA[line 105, col 8, Error - Expected linebreaks to be &apos;LF&apos; but found &apos;CRLF&apos;. (linebreak-style)]]></failure></testcase>
<testcase time="0" name="org.eslint.linebreak-style" classname="C:\work\dyrectorio\web\crux-ui\src\server\registry-api\v2-api-client"><failure message="Expected linebreaks to be &apos;LF&apos; but found &apos;CRLF&apos;."><![CDATA[line 106, col 1, Error - Expected linebreaks to be &apos;LF&apos; but found &apos;CRLF&apos;. (linebreak-style)]]></failure></testcase>
<testcase time="0" name="org.eslint.linebreak-style" classname="C:\work\dyrectorio\web\crux-ui\src\server\registry-api\v2-api-client"><failure message="Expected linebreaks to be &apos;LF&apos; but found &apos;CRLF&apos;."><![CDATA[line 107, col 59, Error - Expected linebreaks to be &apos;LF&apos; but found &apos;CRLF&apos;. (linebreak-style)]]></failure></testcase>
<testcase time="0" name="org.eslint.linebreak-style" classname="C:\work\dyrectorio\web\crux-ui\src\server\registry-api\v2-api-client"><failure message="Expected linebreaks to be &apos;LF&apos; but found &apos;CRLF&apos;."><![CDATA[line 108, col 47, Error - Expected linebreaks to be &apos;LF&apos; but found &apos;CRLF&apos;. (linebreak-style)]]></failure></testcase>
<testcase time="0" name="org.eslint.semi" classname="C:\work\dyrectorio\web\crux-ui\src\server\registry-api\v2-api-client"><failure message="Missing semicolon."><![CDATA[line 108, col 47, Error - Missing semicolon. (semi)]]></failure></testcase>
<testcase time="0" name="org.eslint.linebreak-style" classname="C:\work\dyrectorio\web\crux-ui\src\server\registry-api\v2-api-client"><failure message="Expected linebreaks to be &apos;LF&apos; but found &apos;CRLF&apos;."><![CDATA[line 109, col 6, Error - Expected linebreaks to be &apos;LF&apos; but found &apos;CRLF&apos;. (linebreak-style)]]></failure></testcase>
<testcase time="0" name="org.eslint.linebreak-style" classname="C:\work\dyrectorio\web\crux-ui\src\server\registry-api\v2-api-client"><failure message="Expected linebreaks to be &apos;LF&apos; but found &apos;CRLF&apos;."><![CDATA[line 110, col 1, Error - Expected linebreaks to be &apos;LF&apos; but found &apos;CRLF&apos;. (linebreak-style)]]></failure></testcase>
<testcase time="0" name="org.eslint.linebreak-style" classname="C:\work\dyrectorio\web\crux-ui\src\server\registry-api\v2-api-client"><failure message="Expected linebreaks to be &apos;LF&apos; but found &apos;CRLF&apos;."><![CDATA[line 111, col 33, Error - Expected linebreaks to be &apos;LF&apos; but found &apos;CRLF&apos;. (linebreak-style)]]></failure></testcase>
<testcase time="0" name="org.eslint.semi" classname="C:\work\dyrectorio\web\crux-ui\src\server\registry-api\v2-api-client"><failure message="Missing semicolon."><![CDATA[line 111, col 33, Error - Missing semicolon. (semi)]]></failure></testcase>
<testcase time="0" name="org.eslint.linebreak-style" classname="C:\work\dyrectorio\web\crux-ui\src\server\registry-api\v2-api-client"><failure message="Expected linebreaks to be &apos;LF&apos; but found &apos;CRLF&apos;."><![CDATA[line 112, col 4, Error - Expected linebreaks to be &apos;LF&apos; but found &apos;CRLF&apos;. (linebreak-style)]]></failure></testcase>
<testcase time="0" name="org.eslint.linebreak-style" classname="C:\work\dyrectorio\web\crux-ui\src\server\registry-api\v2-api-client"><failure message="Expected linebreaks to be &apos;LF&apos; but found &apos;CRLF&apos;."><![CDATA[line 113, col 2, Error - Expected linebreaks to be &apos;LF&apos; but found &apos;CRLF&apos;. (linebreak-style)]]></failure></testcase>
<testcase time="0" name="org.eslint.linebreak-style" classname="C:\work\dyrectorio\web\crux-ui\src\server\registry-api\v2-api-client"><failure message="Expected linebreaks to be &apos;LF&apos; but found &apos;CRLF&apos;."><![CDATA[line 114, col 1, Error - Expected linebreaks to be &apos;LF&apos; but found &apos;CRLF&apos;. (linebreak-style)]]></failure></testcase>
<testcase time="0" name="org.eslint.linebreak-style" classname="C:\work\dyrectorio\web\crux-ui\src\server\registry-api\v2-api-client"><failure message="Expected linebreaks to be &apos;LF&apos; but found &apos;CRLF&apos;."><![CDATA[line 115, col 35, Error - Expected linebreaks to be &apos;LF&apos; but found &apos;CRLF&apos;. (linebreak-style)]]></failure></testcase>
<testcase time="0" name="org.eslint.semi" classname="C:\work\dyrectorio\web\crux-ui\src\server\registry-api\v2-api-client"><failure message="Missing semicolon."><![CDATA[line 115, col 35, Error - Missing semicolon. (semi)]]></failure></testcase>
</testsuite>
<testsuite package="org.eslint" time="0" tests="75" errors="75" name="C:\work\dyrectorio\web\crux-ui\src\server\service-status.ts">
<testcase time="0" name="org.eslint.linebreak-style" classname="C:\work\dyrectorio\web\crux-ui\src\server\service-status"><failure message="Expected linebreaks to be &apos;LF&apos; but found &apos;CRLF&apos;."><![CDATA[line 1, col 59, Error - Expected linebreaks to be &apos;LF&apos; but found &apos;CRLF&apos;. (linebreak-style)]]></failure></testcase>
<testcase time="0" name="org.eslint.semi" classname="C:\work\dyrectorio\web\crux-ui\src\server\service-status"><failure message="Missing semicolon."><![CDATA[line 1, col 59, Error - Missing semicolon. (semi)]]></failure></testcase>
<testcase time="0" name="org.eslint.object-curly-newline" classname="C:\work\dyrectorio\web\crux-ui\src\server\service-status"><failure message="Expected a line break after this opening brace."><![CDATA[line 2, col 8, Error - Expected a line break after this opening brace. (object-curly-newline)]]></failure></testcase>
<testcase time="0" name="org.eslint.object-curly-newline" classname="C:\work\dyrectorio\web\crux-ui\src\server\service-status"><failure message="Expected a line break before this closing brace."><![CDATA[line 2, col 77, Error - Expected a line break before this closing brace. (object-curly-newline)]]></failure></testcase>
<testcase time="0" name="org.eslint.linebreak-style" classname="C:\work\dyrectorio\web\crux-ui\src\server\service-status"><failure message="Expected linebreaks to be &apos;LF&apos; but found &apos;CRLF&apos;."><![CDATA[line 2, col 97, Error - Expected linebreaks to be &apos;LF&apos; but found &apos;CRLF&apos;. (linebreak-style)]]></failure></testcase>
<testcase time="0" name="org.eslint.semi" classname="C:\work\dyrectorio\web\crux-ui\src\server\service-status"><failure message="Missing semicolon."><![CDATA[line 2, col 97, Error - Missing semicolon. (semi)]]></failure></testcase>
<testcase time="0" name="org.eslint.import/extensions" classname="C:\work\dyrectorio\web\crux-ui\src\server\service-status"><failure message="Missing file extension &quot;ts&quot; for &quot;./crux/crux&quot;"><![CDATA[line 3, col 31, Error - Missing file extension &quot;ts&quot; for &quot;./crux/crux&quot; (import/extensions)]]></failure></testcase>
<testcase time="0" name="org.eslint.linebreak-style" classname="C:\work\dyrectorio\web\crux-ui\src\server\service-status"><failure message="Expected linebreaks to be &apos;LF&apos; but found &apos;CRLF&apos;."><![CDATA[line 3, col 44, Error - Expected linebreaks to be &apos;LF&apos; but found &apos;CRLF&apos;. (linebreak-style)]]></failure></testcase>
<testcase time="0" name="org.eslint.semi" classname="C:\work\dyrectorio\web\crux-ui\src\server\service-status"><failure message="Missing semicolon."><![CDATA[line 3, col 44, Error - Missing semicolon. (semi)]]></failure></testcase>
<testcase time="0" name="org.eslint.import/extensions" classname="C:\work\dyrectorio\web\crux-ui\src\server\service-status"><failure message="Missing file extension &quot;ts&quot; for &quot;./kratos&quot;"><![CDATA[line 4, col 40, Error - Missing file extension &quot;ts&quot; for &quot;./kratos&quot; (import/extensions)]]></failure></testcase>
<testcase time="0" name="org.eslint.linebreak-style" classname="C:\work\dyrectorio\web\crux-ui\src\server\service-status"><failure message="Expected linebreaks to be &apos;LF&apos; but found &apos;CRLF&apos;."><![CDATA[line 4, col 50, Error - Expected linebreaks to be &apos;LF&apos; but found &apos;CRLF&apos;. (linebreak-style)]]></failure></testcase>
<testcase time="0" name="org.eslint.semi" classname="C:\work\dyrectorio\web\crux-ui\src\server\service-status"><failure message="Missing semicolon."><![CDATA[line 4, col 50, Error - Missing semicolon. (semi)]]></failure></testcase>
<testcase time="0" name="org.eslint.linebreak-style" classname="C:\work\dyrectorio\web\crux-ui\src\server\service-status"><failure message="Expected linebreaks to be &apos;LF&apos; but found &apos;CRLF&apos;."><![CDATA[line 5, col 1, Error - Expected linebreaks to be &apos;LF&apos; but found &apos;CRLF&apos;. (linebreak-style)]]></failure></testcase>
<testcase time="0" name="org.eslint.linebreak-style" classname="C:\work\dyrectorio\web\crux-ui\src\server\service-status"><failure message="Expected linebreaks to be &apos;LF&apos; but found &apos;CRLF&apos;."><![CDATA[line 6, col 52, Error - Expected linebreaks to be &apos;LF&apos; but found &apos;CRLF&apos;. (linebreak-style)]]></failure></testcase>
<testcase time="0" name="org.eslint.linebreak-style" classname="C:\work\dyrectorio\web\crux-ui\src\server\service-status"><failure message="Expected linebreaks to be &apos;LF&apos; but found &apos;CRLF&apos;."><![CDATA[line 7, col 24, Error - Expected linebreaks to be &apos;LF&apos; but found &apos;CRLF&apos;. (linebreak-style)]]></failure></testcase>
<testcase time="0" name="org.eslint.semi" classname="C:\work\dyrectorio\web\crux-ui\src\server\service-status"><failure message="Missing semicolon."><![CDATA[line 7, col 24, Error - Missing semicolon. (semi)]]></failure></testcase>
<testcase time="0" name="org.eslint.lines-between-class-members" classname="C:\work\dyrectorio\web\crux-ui\src\server\service-status"><failure message="Expected blank line between class members."><![CDATA[line 8, col 3, Error - Expected blank line between class members. (lines-between-class-members)]]></failure></testcase>
<testcase time="0" name="org.eslint.linebreak-style" classname="C:\work\dyrectorio\web\crux-ui\src\server\service-status"><failure message="Expected linebreaks to be &apos;LF&apos; but found &apos;CRLF&apos;."><![CDATA[line 8, col 22, Error - Expected linebreaks to be &apos;LF&apos; but found &apos;CRLF&apos;. (linebreak-style)]]></failure></testcase>
<testcase time="0" name="org.eslint.semi" classname="C:\work\dyrectorio\web\crux-ui\src\server\service-status"><failure message="Missing semicolon."><![CDATA[line 8, col 22, Error - Missing semicolon. (semi)]]></failure></testcase>
<testcase time="0" name="org.eslint.lines-between-class-members" classname="C:\work\dyrectorio\web\crux-ui\src\server\service-status"><failure message="Expected blank line between class members."><![CDATA[line 9, col 3, Error - Expected blank line between class members. (lines-between-class-members)]]></failure></testcase>
<testcase time="0" name="org.eslint.linebreak-style" classname="C:\work\dyrectorio\web\crux-ui\src\server\service-status"><failure message="Expected linebreaks to be &apos;LF&apos; but found &apos;CRLF&apos;."><![CDATA[line 9, col 27, Error - Expected linebreaks to be &apos;LF&apos; but found &apos;CRLF&apos;. (linebreak-style)]]></failure></testcase>
<testcase time="0" name="org.eslint.semi" classname="C:\work\dyrectorio\web\crux-ui\src\server\service-status"><failure message="Missing semicolon."><![CDATA[line 9, col 27, Error - Missing semicolon. (semi)]]></failure></testcase>
<testcase time="0" name="org.eslint.linebreak-style" classname="C:\work\dyrectorio\web\crux-ui\src\server\service-status"><failure message="Expected linebreaks to be &apos;LF&apos; but found &apos;CRLF&apos;."><![CDATA[line 10, col 1, Error - Expected linebreaks to be &apos;LF&apos; but found &apos;CRLF&apos;. (linebreak-style)]]></failure></testcase>
<testcase time="0" name="org.eslint.linebreak-style" classname="C:\work\dyrectorio\web\crux-ui\src\server\service-status"><failure message="Expected linebreaks to be &apos;LF&apos; but found &apos;CRLF&apos;."><![CDATA[line 11, col 68, Error - Expected linebreaks to be &apos;LF&apos; but found &apos;CRLF&apos;. (linebreak-style)]]></failure></testcase>
<testcase time="0" name="org.eslint.linebreak-style" classname="C:\work\dyrectorio\web\crux-ui\src\server\service-status"><failure message="Expected linebreaks to be &apos;LF&apos; but found &apos;CRLF&apos;."><![CDATA[line 12, col 32, Error - Expected linebreaks to be &apos;LF&apos; but found &apos;CRLF&apos;. (linebreak-style)]]></failure></testcase>
<testcase time="0" name="org.eslint.semi" classname="C:\work\dyrectorio\web\crux-ui\src\server\service-status"><failure message="Missing semicolon."><![CDATA[line 12, col 32, Error - Missing semicolon. (semi)]]></failure></testcase>
<testcase time="0" name="org.eslint.linebreak-style" classname="C:\work\dyrectorio\web\crux-ui\src\server\service-status"><failure message="Expected linebreaks to be &apos;LF&apos; but found &apos;CRLF&apos;."><![CDATA[line 13, col 4, Error - Expected linebreaks to be &apos;LF&apos; but found &apos;CRLF&apos;. (linebreak-style)]]></failure></testcase>
<testcase time="0" name="org.eslint.linebreak-style" classname="C:\work\dyrectorio\web\crux-ui\src\server\service-status"><failure message="Expected linebreaks to be &apos;LF&apos; but found &apos;CRLF&apos;."><![CDATA[line 14, col 1, Error - Expected linebreaks to be &apos;LF&apos; but found &apos;CRLF&apos;. (linebreak-style)]]></failure></testcase>
<testcase time="0" name="org.eslint.linebreak-style" classname="C:\work\dyrectorio\web\crux-ui\src\server\service-status"><failure message="Expected linebreaks to be &apos;LF&apos; but found &apos;CRLF&apos;."><![CDATA[line 15, col 29, Error - Expected linebreaks to be &apos;LF&apos; but found &apos;CRLF&apos;. (linebreak-style)]]></failure></testcase>
<testcase time="0" name="org.eslint.linebreak-style" classname="C:\work\dyrectorio\web\crux-ui\src\server\service-status"><failure message="Expected linebreaks to be &apos;LF&apos; but found &apos;CRLF&apos;."><![CDATA[line 16, col 37, Error - Expected linebreaks to be &apos;LF&apos; but found &apos;CRLF&apos;. (linebreak-style)]]></failure></testcase>
<testcase time="0" name="org.eslint.semi" classname="C:\work\dyrectorio\web\crux-ui\src\server\service-status"><failure message="Missing semicolon."><![CDATA[line 16, col 37, Error - Missing semicolon. (semi)]]></failure></testcase>
<testcase time="0" name="org.eslint.linebreak-style" classname="C:\work\dyrectorio\web\crux-ui\src\server\service-status"><failure message="Expected linebreaks to be &apos;LF&apos; but found &apos;CRLF&apos;."><![CDATA[line 17, col 1, Error - Expected linebreaks to be &apos;LF&apos; but found &apos;CRLF&apos;. (linebreak-style)]]></failure></testcase>
<testcase time="0" name="org.eslint.linebreak-style" classname="C:\work\dyrectorio\web\crux-ui\src\server\service-status"><failure message="Expected linebreaks to be &apos;LF&apos; but found &apos;CRLF&apos;."><![CDATA[line 18, col 82, Error - Expected linebreaks to be &apos;LF&apos; but found &apos;CRLF&apos;. (linebreak-style)]]></failure></testcase>
<testcase time="0" name="org.eslint.linebreak-style" classname="C:\work\dyrectorio\web\crux-ui\src\server\service-status"><failure message="Expected linebreaks to be &apos;LF&apos; but found &apos;CRLF&apos;."><![CDATA[line 19, col 27, Error - Expected linebreaks to be &apos;LF&apos; but found &apos;CRLF&apos;. (linebreak-style)]]></failure></testcase>
<testcase time="0" name="org.eslint.semi" classname="C:\work\dyrectorio\web\crux-ui\src\server\service-status"><failure message="Missing semicolon."><![CDATA[line 19, col 27, Error - Missing semicolon. (semi)]]></failure></testcase>
<testcase time="0" name="org.eslint.linebreak-style" classname="C:\work\dyrectorio\web\crux-ui\src\server\service-status"><failure message="Expected linebreaks to be &apos;LF&apos; but found &apos;CRLF&apos;."><![CDATA[line 20, col 27, Error - Expected linebreaks to be &apos;LF&apos; but found &apos;CRLF&apos;. (linebreak-style)]]></failure></testcase>
<testcase time="0" name="org.eslint.semi" classname="C:\work\dyrectorio\web\crux-ui\src\server\service-status"><failure message="Missing semicolon."><![CDATA[line 20, col 27, Error - Missing semicolon. (semi)]]></failure></testcase>
<testcase time="0" name="org.eslint.linebreak-style" classname="C:\work\dyrectorio\web\crux-ui\src\server\service-status"><failure message="Expected linebreaks to be &apos;LF&apos; but found &apos;CRLF&apos;."><![CDATA[line 21, col 1, Error - Expected linebreaks to be &apos;LF&apos; but found &apos;CRLF&apos;. (linebreak-style)]]></failure></testcase>
<testcase time="0" name="org.eslint.linebreak-style" classname="C:\work\dyrectorio\web\crux-ui\src\server\service-status"><failure message="Expected linebreaks to be &apos;LF&apos; but found &apos;CRLF&apos;."><![CDATA[line 22, col 12, Error - Expected linebreaks to be &apos;LF&apos; but found &apos;CRLF&apos;. (linebreak-style)]]></failure></testcase>
<testcase time="0" name="org.eslint.linebreak-style" classname="C:\work\dyrectorio\web\crux-ui\src\server\service-status"><failure message="Expected linebreaks to be &apos;LF&apos; but found &apos;CRLF&apos;."><![CDATA[line 23, col 46, Error - Expected linebreaks to be &apos;LF&apos; but found &apos;CRLF&apos;. (linebreak-style)]]></failure></testcase>
<testcase time="0" name="org.eslint.semi" classname="C:\work\dyrectorio\web\crux-ui\src\server\service-status"><failure message="Missing semicolon."><![CDATA[line 23, col 46, Error - Missing semicolon. (semi)]]></failure></testcase>
<testcase time="0" name="org.eslint.linebreak-style" classname="C:\work\dyrectorio\web\crux-ui\src\server\service-status"><failure message="Expected linebreaks to be &apos;LF&apos; but found &apos;CRLF&apos;."><![CDATA[line 24, col 16, Error - Expected linebreaks to be &apos;LF&apos; but found &apos;CRLF&apos;. (linebreak-style)]]></failure></testcase>
<testcase time="0" name="org.eslint.linebreak-style" classname="C:\work\dyrectorio\web\crux-ui\src\server\service-status"><failure message="Expected linebreaks to be &apos;LF&apos; but found &apos;CRLF&apos;."><![CDATA[line 25, col 45, Error - Expected linebreaks to be &apos;LF&apos; but found &apos;CRLF&apos;. (linebreak-style)]]></failure></testcase>
<testcase time="0" name="org.eslint.semi" classname="C:\work\dyrectorio\web\crux-ui\src\server\service-status"><failure message="Missing semicolon."><![CDATA[line 25, col 45, Error - Missing semicolon. (semi)]]></failure></testcase>
<testcase time="0" name="org.eslint.linebreak-style" classname="C:\work\dyrectorio\web\crux-ui\src\server\service-status"><failure message="Expected linebreaks to be &apos;LF&apos; but found &apos;CRLF&apos;."><![CDATA[line 26, col 8, Error - Expected linebreaks to be &apos;LF&apos; but found &apos;CRLF&apos;. (linebreak-style)]]></failure></testcase>
<testcase time="0" name="org.eslint.linebreak-style" classname="C:\work\dyrectorio\web\crux-ui\src\server\service-status"><failure message="Expected linebreaks to be &apos;LF&apos; but found &apos;CRLF&apos;."><![CDATA[line 27, col 1, Error - Expected linebreaks to be &apos;LF&apos; but found &apos;CRLF&apos;. (linebreak-style)]]></failure></testcase>
<testcase time="0" name="org.eslint.linebreak-style" classname="C:\work\dyrectorio\web\crux-ui\src\server\service-status"><failure message="Expected linebreaks to be &apos;LF&apos; but found &apos;CRLF&apos;."><![CDATA[line 28, col 28, Error - Expected linebreaks to be &apos;LF&apos; but found &apos;CRLF&apos;. (linebreak-style)]]></failure></testcase>
<testcase time="0" name="org.eslint.semi" classname="C:\work\dyrectorio\web\crux-ui\src\server\service-status"><failure message="Missing semicolon."><![CDATA[line 28, col 28, Error - Missing semicolon. (semi)]]></failure></testcase>
<testcase time="0" name="org.eslint.linebreak-style" classname="C:\work\dyrectorio\web\crux-ui\src\server\service-status"><failure message="Expected linebreaks to be &apos;LF&apos; but found &apos;CRLF&apos;."><![CDATA[line 29, col 6, Error - Expected linebreaks to be &apos;LF&apos; but found &apos;CRLF&apos;. (linebreak-style)]]></failure></testcase>
<testcase time="0" name="org.eslint.linebreak-style" classname="C:\work\dyrectorio\web\crux-ui\src\server\service-status"><failure message="Expected linebreaks to be &apos;LF&apos; but found &apos;CRLF&apos;."><![CDATA[line 30, col 1, Error - Expected linebreaks to be &apos;LF&apos; but found &apos;CRLF&apos;. (linebreak-style)]]></failure></testcase>
<testcase time="0" name="org.eslint.linebreak-style" classname="C:\work\dyrectorio\web\crux-ui\src\server\service-status"><failure message="Expected linebreaks to be &apos;LF&apos; but found &apos;CRLF&apos;."><![CDATA[line 31, col 25, Error - Expected linebreaks to be &apos;LF&apos; but found &apos;CRLF&apos;. (linebreak-style)]]></failure></testcase>
<testcase time="0" name="org.eslint.semi" classname="C:\work\dyrectorio\web\crux-ui\src\server\service-status"><failure message="Missing semicolon."><![CDATA[line 31, col 25, Error - Missing semicolon. (semi)]]></failure></testcase>
<testcase time="0" name="org.eslint.linebreak-style" classname="C:\work\dyrectorio\web\crux-ui\src\server\service-status"><failure message="Expected linebreaks to be &apos;LF&apos; but found &apos;CRLF&apos;."><![CDATA[line 32, col 4, Error - Expected linebreaks to be &apos;LF&apos; but found &apos;CRLF&apos;. (linebreak-style)]]></failure></testcase>
<testcase time="0" name="org.eslint.linebreak-style" classname="C:\work\dyrectorio\web\crux-ui\src\server\service-status"><failure message="Expected linebreaks to be &apos;LF&apos; but found &apos;CRLF&apos;."><![CDATA[line 33, col 2, Error - Expected linebreaks to be &apos;LF&apos; but found &apos;CRLF&apos;. (linebreak-style)]]></failure></testcase>
<testcase time="0" name="org.eslint.linebreak-style" classname="C:\work\dyrectorio\web\crux-ui\src\server\service-status"><failure message="Expected linebreaks to be &apos;LF&apos; but found &apos;CRLF&apos;."><![CDATA[line 34, col 1, Error - Expected linebreaks to be &apos;LF&apos; but found &apos;CRLF&apos;. (linebreak-style)]]></failure></testcase>
<testcase time="0" name="org.eslint.linebreak-style" classname="C:\work\dyrectorio\web\crux-ui\src\server\service-status"><failure message="Expected linebreaks to be &apos;LF&apos; but found &apos;CRLF&apos;."><![CDATA[line 35, col 41, Error - Expected linebreaks to be &apos;LF&apos; but found &apos;CRLF&apos;. (linebreak-style)]]></failure></testcase>
<testcase time="0" name="org.eslint.linebreak-style" classname="C:\work\dyrectorio\web\crux-ui\src\server\service-status"><failure message="Expected linebreaks to be &apos;LF&apos; but found &apos;CRLF&apos;."><![CDATA[line 36, col 41, Error - Expected linebreaks to be &apos;LF&apos; but found &apos;CRLF&apos;. (linebreak-style)]]></failure></testcase>
<testcase time="0" name="org.eslint.linebreak-style" classname="C:\work\dyrectorio\web\crux-ui\src\server\service-status"><failure message="Expected linebreaks to be &apos;LF&apos; but found &apos;CRLF&apos;."><![CDATA[line 37, col 44, Error - Expected linebreaks to be &apos;LF&apos; but found &apos;CRLF&apos;. (linebreak-style)]]></failure></testcase>
<testcase time="0" name="org.eslint.linebreak-style" classname="C:\work\dyrectorio\web\crux-ui\src\server\service-status"><failure message="Expected linebreaks to be &apos;LF&apos; but found &apos;CRLF&apos;."><![CDATA[line 38, col 2, Error - Expected linebreaks to be &apos;LF&apos; but found &apos;CRLF&apos;. (linebreak-style)]]></failure></testcase>
<testcase time="0" name="org.eslint.linebreak-style" classname="C:\work\dyrectorio\web\crux-ui\src\server\service-status"><failure message="Expected linebreaks to be &apos;LF&apos; but found &apos;CRLF&apos;."><![CDATA[line 39, col 1, Error - Expected linebreaks to be &apos;LF&apos; but found &apos;CRLF&apos;. (linebreak-style)]]></failure></testcase>
<testcase time="0" name="org.eslint.no-underscore-dangle" classname="C:\work\dyrectorio\web\crux-ui\src\server\service-status"><failure message="Unexpected dangling &apos;_&apos; in &apos;_serviceStatus&apos;."><![CDATA[line 40, col 6, Error - Unexpected dangling &apos;_&apos; in &apos;_serviceStatus&apos;. (no-underscore-dangle)]]></failure></testcase>
<testcase time="0" name="org.eslint.linebreak-style" classname="C:\work\dyrectorio\web\crux-ui\src\server\service-status"><failure message="Expected linebreaks to be &apos;LF&apos; but found &apos;CRLF&apos;."><![CDATA[line 40, col 30, Error - Expected linebreaks to be &apos;LF&apos; but found &apos;CRLF&apos;. (linebreak-style)]]></failure></testcase>
<testcase time="0" name="org.eslint.no-underscore-dangle" classname="C:\work\dyrectorio\web\crux-ui\src\server\service-status"><failure message="Unexpected dangling &apos;_&apos; in &apos;_serviceStatus&apos;."><![CDATA[line 41, col 3, Error - Unexpected dangling &apos;_&apos; in &apos;_serviceStatus&apos;. (no-underscore-dangle)]]></failure></testcase>
<testcase time="0" name="org.eslint.linebreak-style" classname="C:\work\dyrectorio\web\crux-ui\src\server\service-status"><failure message="Expected linebreaks to be &apos;LF&apos; but found &apos;CRLF&apos;."><![CDATA[line 41, col 28, Error - Expected linebreaks to be &apos;LF&apos; but found &apos;CRLF&apos;. (linebreak-style)]]></failure></testcase>
<testcase time="0" name="org.eslint.linebreak-style" classname="C:\work\dyrectorio\web\crux-ui\src\server\service-status"><failure message="Expected linebreaks to be &apos;LF&apos; but found &apos;CRLF&apos;."><![CDATA[line 42, col 72, Error - Expected linebreaks to be &apos;LF&apos; but found &apos;CRLF&apos;. (linebreak-style)]]></failure></testcase>
<testcase time="0" name="org.eslint.linebreak-style" classname="C:\work\dyrectorio\web\crux-ui\src\server\service-status"><failure message="Expected linebreaks to be &apos;LF&apos; but found &apos;CRLF&apos;."><![CDATA[line 43, col 84, Error - Expected linebreaks to be &apos;LF&apos; but found &apos;CRLF&apos;. (linebreak-style)]]></failure></testcase>
<testcase time="0" name="org.eslint.linebreak-style" classname="C:\work\dyrectorio\web\crux-ui\src\server\service-status"><failure message="Expected linebreaks to be &apos;LF&apos; but found &apos;CRLF&apos;."><![CDATA[line 44, col 4, Error - Expected linebreaks to be &apos;LF&apos; but found &apos;CRLF&apos;. (linebreak-style)]]></failure></testcase>
<testcase time="0" name="org.eslint.semi" classname="C:\work\dyrectorio\web\crux-ui\src\server\service-status"><failure message="Missing semicolon."><![CDATA[line 44, col 4, Error - Missing semicolon. (semi)]]></failure></testcase>
<testcase time="0" name="org.eslint.linebreak-style" classname="C:\work\dyrectorio\web\crux-ui\src\server\service-status"><failure message="Expected linebreaks to be &apos;LF&apos; but found &apos;CRLF&apos;."><![CDATA[line 45, col 2, Error - Expected linebreaks to be &apos;LF&apos; but found &apos;CRLF&apos;. (linebreak-style)]]></failure></testcase>
<testcase time="0" name="org.eslint.linebreak-style" classname="C:\work\dyrectorio\web\crux-ui\src\server\service-status"><failure message="Expected linebreaks to be &apos;LF&apos; but found &apos;CRLF&apos;."><![CDATA[line 46, col 1, Error - Expected linebreaks to be &apos;LF&apos; but found &apos;CRLF&apos;. (linebreak-style)]]></failure></testcase>
<testcase time="0" name="org.eslint.no-underscore-dangle" classname="C:\work\dyrectorio\web\crux-ui\src\server\service-status"><failure message="Unexpected dangling &apos;_&apos; in &apos;_serviceStatus&apos;."><![CDATA[line 47, col 52, Error - Unexpected dangling &apos;_&apos; in &apos;_serviceStatus&apos;. (no-underscore-dangle)]]></failure></testcase>
<testcase time="0" name="org.eslint.linebreak-style" classname="C:\work\dyrectorio\web\crux-ui\src\server\service-status"><failure message="Expected linebreaks to be &apos;LF&apos; but found &apos;CRLF&apos;."><![CDATA[line 47, col 73, Error - Expected linebreaks to be &apos;LF&apos; but found &apos;CRLF&apos;. (linebreak-style)]]></failure></testcase>
<testcase time="0" name="org.eslint.semi" classname="C:\work\dyrectorio\web\crux-ui\src\server\service-status"><failure message="Missing semicolon."><![CDATA[line 47, col 73, Error - Missing semicolon. (semi)]]></failure></testcase>
<testcase time="0" name="org.eslint.linebreak-style" classname="C:\work\dyrectorio\web\crux-ui\src\server\service-status"><failure message="Expected linebreaks to be &apos;LF&apos; but found &apos;CRLF&apos;."><![CDATA[line 48, col 32, Error - Expected linebreaks to be &apos;LF&apos; but found &apos;CRLF&apos;. (linebreak-style)]]></failure></testcase>
<testcase time="0" name="org.eslint.semi" classname="C:\work\dyrectorio\web\crux-ui\src\server\service-status"><failure message="Missing semicolon."><![CDATA[line 48, col 32, Error - Missing semicolon. (semi)]]></failure></testcase>
</testsuite>
<testsuite package="org.eslint" time="0" tests="41" errors="41" name="C:\work\dyrectorio\web\crux-ui\src\server\validation-middleware.ts">
<testcase time="0" name="org.eslint.linebreak-style" classname="C:\work\dyrectorio\web\crux-ui\src\server\validation-middleware"><failure message="Expected linebreaks to be &apos;LF&apos; but found &apos;CRLF&apos;."><![CDATA[line 1, col 55, Error - Expected linebreaks to be &apos;LF&apos; but found &apos;CRLF&apos;. (linebreak-style)]]></failure></testcase>
<testcase time="0" name="org.eslint.semi" classname="C:\work\dyrectorio\web\crux-ui\src\server\validation-middleware"><failure message="Missing semicolon."><![CDATA[line 1, col 55, Error - Missing semicolon. (semi)]]></failure></testcase>
<testcase time="0" name="org.eslint.linebreak-style" classname="C:\work\dyrectorio\web\crux-ui\src\server\validation-middleware"><failure message="Expected linebreaks to be &apos;LF&apos; but found &apos;CRLF&apos;."><![CDATA[line 2, col 49, Error - Expected linebreaks to be &apos;LF&apos; but found &apos;CRLF&apos;. (linebreak-style)]]></failure></testcase>
<testcase time="0" name="org.eslint.semi" classname="C:\work\dyrectorio\web\crux-ui\src\server\validation-middleware"><failure message="Missing semicolon."><![CDATA[line 2, col 49, Error - Missing semicolon. (semi)]]></failure></testcase>
<testcase time="0" name="org.eslint.import/extensions" classname="C:\work\dyrectorio\web\crux-ui\src\server\validation-middleware"><failure message="Missing file extension &quot;ts&quot; for &quot;./error-middleware&quot;"><![CDATA[line 3, col 33, Error - Missing file extension &quot;ts&quot; for &quot;./error-middleware&quot; (import/extensions)]]></failure></testcase>
<testcase time="0" name="org.eslint.linebreak-style" classname="C:\work\dyrectorio\web\crux-ui\src\server\validation-middleware"><failure message="Expected linebreaks to be &apos;LF&apos; but found &apos;CRLF&apos;."><![CDATA[line 3, col 53, Error - Expected linebreaks to be &apos;LF&apos; but found &apos;CRLF&apos;. (linebreak-style)]]></failure></testcase>
<testcase time="0" name="org.eslint.semi" classname="C:\work\dyrectorio\web\crux-ui\src\server\validation-middleware"><failure message="Missing semicolon."><![CDATA[line 3, col 53, Error - Missing semicolon. (semi)]]></failure></testcase>
<testcase time="0" name="org.eslint.linebreak-style" classname="C:\work\dyrectorio\web\crux-ui\src\server\validation-middleware"><failure message="Expected linebreaks to be &apos;LF&apos; but found &apos;CRLF&apos;."><![CDATA[line 4, col 1, Error - Expected linebreaks to be &apos;LF&apos; but found &apos;CRLF&apos;. (linebreak-style)]]></failure></testcase>
<testcase time="0" name="org.eslint.import/prefer-default-export" classname="C:\work\dyrectorio\web\crux-ui\src\server\validation-middleware"><failure message="Prefer default export."><![CDATA[line 5, col 1, Error - Prefer default export. (import/prefer-default-export)]]></failure></testcase>
<testcase time="0" name="org.eslint.operator-linebreak" classname="C:\work\dyrectorio\web\crux-ui\src\server\validation-middleware"><failure message="There should be no line break before or after &apos;=&apos;."><![CDATA[line 5, col 38, Error - There should be no line break before or after &apos;=&apos;. (operator-linebreak)]]></failure></testcase>
<testcase time="0" name="org.eslint.linebreak-style" classname="C:\work\dyrectorio\web\crux-ui\src\server\validation-middleware"><failure message="Expected linebreaks to be &apos;LF&apos; but found &apos;CRLF&apos;."><![CDATA[line 5, col 39, Error - Expected linebreaks to be &apos;LF&apos; but found &apos;CRLF&apos;. (linebreak-style)]]></failure></testcase>
<testcase time="0" name="org.eslint.linebreak-style" classname="C:\work\dyrectorio\web\crux-ui\src\server\validation-middleware"><failure message="Expected linebreaks to be &apos;LF&apos; but found &apos;CRLF&apos;."><![CDATA[line 6, col 25, Error - Expected linebreaks to be &apos;LF&apos; but found &apos;CRLF&apos;. (linebreak-style)]]></failure></testcase>
<testcase time="0" name="org.eslint.indent" classname="C:\work\dyrectorio\web\crux-ui\src\server\validation-middleware"><failure message="Expected indentation of 4 spaces but found 2."><![CDATA[line 7, col 1, Error - Expected indentation of 4 spaces but found 2. (indent)]]></failure></testcase>
<testcase time="0" name="org.eslint.implicit-arrow-linebreak" classname="C:\work\dyrectorio\web\crux-ui\src\server\validation-middleware"><failure message="Expected no linebreak before this expression."><![CDATA[line 7, col 3, Error - Expected no linebreak before this expression. (implicit-arrow-linebreak)]]></failure></testcase>
<testcase time="0" name="org.eslint.linebreak-style" classname="C:\work\dyrectorio\web\crux-ui\src\server\validation-middleware"><failure message="Expected linebreaks to be &apos;LF&apos; but found &apos;CRLF&apos;."><![CDATA[line 7, col 99, Error - Expected linebreaks to be &apos;LF&apos; but found &apos;CRLF&apos;. (linebreak-style)]]></failure></testcase>
<testcase time="0" name="org.eslint.indent" classname="C:\work\dyrectorio\web\crux-ui\src\server\validation-middleware"><failure message="Expected indentation of 6 spaces but found 4."><![CDATA[line 8, col 1, Error - Expected indentation of 6 spaces but found 4. (indent)]]></failure></testcase>
<testcase time="0" name="org.eslint.prefer-destructuring" classname="C:\work\dyrectorio\web\crux-ui\src\server\validation-middleware"><failure message="Use object destructuring."><![CDATA[line 8, col 11, Error - Use object destructuring. (prefer-destructuring)]]></failure></testcase>
<testcase time="0" name="org.eslint.linebreak-style" classname="C:\work\dyrectorio\web\crux-ui\src\server\validation-middleware"><failure message="Expected linebreaks to be &apos;LF&apos; but found &apos;CRLF&apos;."><![CDATA[line 8, col 26, Error - Expected linebreaks to be &apos;LF&apos; but found &apos;CRLF&apos;. (linebreak-style)]]></failure></testcase>
<testcase time="0" name="org.eslint.semi" classname="C:\work\dyrectorio\web\crux-ui\src\server\validation-middleware"><failure message="Missing semicolon."><![CDATA[line 8, col 26, Error - Missing semicolon. (semi)]]></failure></testcase>
<testcase time="0" name="org.eslint.indent" classname="C:\work\dyrectorio\web\crux-ui\src\server\validation-middleware"><failure message="Expected indentation of 6 spaces but found 4."><![CDATA[line 9, col 1, Error - Expected indentation of 6 spaces but found 4. (indent)]]></failure></testcase>
<testcase time="0" name="org.eslint.linebreak-style" classname="C:\work\dyrectorio\web\crux-ui\src\server\validation-middleware"><failure message="Expected linebreaks to be &apos;LF&apos; but found &apos;CRLF&apos;."><![CDATA[line 9, col 10, Error - Expected linebreaks to be &apos;LF&apos; but found &apos;CRLF&apos;. (linebreak-style)]]></failure></testcase>
<testcase time="0" name="org.eslint.indent" classname="C:\work\dyrectorio\web\crux-ui\src\server\validation-middleware"><failure message="Expected indentation of 8 spaces but found 6."><![CDATA[line 10, col 1, Error - Expected indentation of 8 spaces but found 6. (indent)]]></failure></testcase>
<testcase time="0" name="org.eslint.linebreak-style" classname="C:\work\dyrectorio\web\crux-ui\src\server\validation-middleware"><failure message="Expected linebreaks to be &apos;LF&apos; but found &apos;CRLF&apos;."><![CDATA[line 10, col 32, Error - Expected linebreaks to be &apos;LF&apos; but found &apos;CRLF&apos;. (linebreak-style)]]></failure></testcase>
<testcase time="0" name="org.eslint.semi" classname="C:\work\dyrectorio\web\crux-ui\src\server\validation-middleware"><failure message="Missing semicolon."><![CDATA[line 10, col 32, Error - Missing semicolon. (semi)]]></failure></testcase>
<testcase time="0" name="org.eslint.indent" classname="C:\work\dyrectorio\web\crux-ui\src\server\validation-middleware"><failure message="Expected indentation of 6 spaces but found 4."><![CDATA[line 11, col 1, Error - Expected indentation of 6 spaces but found 4. (indent)]]></failure></testcase>
<testcase time="0" name="org.eslint.linebreak-style" classname="C:\work\dyrectorio\web\crux-ui\src\server\validation-middleware"><failure message="Expected linebreaks to be &apos;LF&apos; but found &apos;CRLF&apos;."><![CDATA[line 11, col 22, Error - Expected linebreaks to be &apos;LF&apos; but found &apos;CRLF&apos;. (linebreak-style)]]></failure></testcase>
<testcase time="0" name="org.eslint.indent" classname="C:\work\dyrectorio\web\crux-ui\src\server\validation-middleware"><failure message="Expected indentation of 8 spaces but found 6."><![CDATA[line 12, col 1, Error - Expected indentation of 8 spaces but found 6. (indent)]]></failure></testcase>
<testcase time="0" name="org.eslint.linebreak-style" classname="C:\work\dyrectorio\web\crux-ui\src\server\validation-middleware"><failure message="Expected linebreaks to be &apos;LF&apos; but found &apos;CRLF&apos;."><![CDATA[line 12, col 55, Error - Expected linebreaks to be &apos;LF&apos; but found &apos;CRLF&apos;. (linebreak-style)]]></failure></testcase>
<testcase time="0" name="org.eslint.semi" classname="C:\work\dyrectorio\web\crux-ui\src\server\validation-middleware"><failure message="Missing semicolon."><![CDATA[line 12, col 55, Error - Missing semicolon. (semi)]]></failure></testcase>
<testcase time="0" name="org.eslint.indent" classname="C:\work\dyrectorio\web\crux-ui\src\server\validation-middleware"><failure message="Expected indentation of 8 spaces but found 6."><![CDATA[line 13, col 1, Error - Expected indentation of 8 spaces but found 6. (indent)]]></failure></testcase>
<testcase time="0" name="org.eslint.linebreak-style" classname="C:\work\dyrectorio\web\crux-ui\src\server\validation-middleware"><failure message="Expected linebreaks to be &apos;LF&apos; but found &apos;CRLF&apos;."><![CDATA[line 13, col 50, Error - Expected linebreaks to be &apos;LF&apos; but found &apos;CRLF&apos;. (linebreak-style)]]></failure></testcase>
<testcase time="0" name="org.eslint.semi" classname="C:\work\dyrectorio\web\crux-ui\src\server\validation-middleware"><failure message="Missing semicolon."><![CDATA[line 13, col 50, Error - Missing semicolon. (semi)]]></failure></testcase>
<testcase time="0" name="org.eslint.indent" classname="C:\work\dyrectorio\web\crux-ui\src\server\validation-middleware"><failure message="Expected indentation of 6 spaces but found 4."><![CDATA[line 14, col 1, Error - Expected indentation of 6 spaces but found 4. (indent)]]></failure></testcase>
<testcase time="0" name="org.eslint.linebreak-style" classname="C:\work\dyrectorio\web\crux-ui\src\server\validation-middleware"><failure message="Expected linebreaks to be &apos;LF&apos; but found &apos;CRLF&apos;."><![CDATA[line 14, col 6, Error - Expected linebreaks to be &apos;LF&apos; but found &apos;CRLF&apos;. (linebreak-style)]]></failure></testcase>
<testcase time="0" name="org.eslint.linebreak-style" classname="C:\work\dyrectorio\web\crux-ui\src\server\validation-middleware"><failure message="Expected linebreaks to be &apos;LF&apos; but found &apos;CRLF&apos;."><![CDATA[line 15, col 1, Error - Expected linebreaks to be &apos;LF&apos; but found &apos;CRLF&apos;. (linebreak-style)]]></failure></testcase>
<testcase time="0" name="org.eslint.indent" classname="C:\work\dyrectorio\web\crux-ui\src\server\validation-middleware"><failure message="Expected indentation of 6 spaces but found 4."><![CDATA[line 16, col 1, Error - Expected indentation of 6 spaces but found 4. (indent)]]></failure></testcase>
<testcase time="0" name="org.eslint.linebreak-style" classname="C:\work\dyrectorio\web\crux-ui\src\server\validation-middleware"><failure message="Expected linebreaks to be &apos;LF&apos; but found &apos;CRLF&apos;."><![CDATA[line 16, col 17, Error - Expected linebreaks to be &apos;LF&apos; but found &apos;CRLF&apos;. (linebreak-style)]]></failure></testcase>
<testcase time="0" name="org.eslint.semi" classname="C:\work\dyrectorio\web\crux-ui\src\server\validation-middleware"><failure message="Missing semicolon."><![CDATA[line 16, col 17, Error - Missing semicolon. (semi)]]></failure></testcase>
<testcase time="0" name="org.eslint.indent" classname="C:\work\dyrectorio\web\crux-ui\src\server\validation-middleware"><failure message="Expected indentation of 4 spaces but found 2."><![CDATA[line 17, col 1, Error - Expected indentation of 4 spaces but found 2. (indent)]]></failure></testcase>
<testcase time="0" name="org.eslint.linebreak-style" classname="C:\work\dyrectorio\web\crux-ui\src\server\validation-middleware"><failure message="Expected linebreaks to be &apos;LF&apos; but found &apos;CRLF&apos;."><![CDATA[line 17, col 4, Error - Expected linebreaks to be &apos;LF&apos; but found &apos;CRLF&apos;. (linebreak-style)]]></failure></testcase>
<testcase time="0" name="org.eslint.semi" classname="C:\work\dyrectorio\web\crux-ui\src\server\validation-middleware"><failure message="Missing semicolon."><![CDATA[line 17, col 4, Error - Missing semicolon. (semi)]]></failure></testcase>
</testsuite>
<testsuite package="org.eslint" time="0" tests="194" errors="194" name="C:\work\dyrectorio\web\crux-ui\src\server\websocket-endpoint.ts">
<testcase time="0" name="org.eslint.object-curly-newline" classname="C:\work\dyrectorio\web\crux-ui\src\server\websocket-endpoint"><failure message="Expected a line break after this opening brace."><![CDATA[line 1, col 8, Error - Expected a line break after this opening brace. (object-curly-newline)]]></failure></testcase>
<testcase time="0" name="org.eslint.object-curly-newline" classname="C:\work\dyrectorio\web\crux-ui\src\server\websocket-endpoint"><failure message="Expected a line break before this closing brace."><![CDATA[line 1, col 78, Error - Expected a line break before this closing brace. (object-curly-newline)]]></failure></testcase>
<testcase time="0" name="org.eslint.linebreak-style" classname="C:\work\dyrectorio\web\crux-ui\src\server\websocket-endpoint"><failure message="Expected linebreaks to be &apos;LF&apos; but found &apos;CRLF&apos;."><![CDATA[line 1, col 109, Error - Expected linebreaks to be &apos;LF&apos; but found &apos;CRLF&apos;. (linebreak-style)]]></failure></testcase>
<testcase time="0" name="org.eslint.semi" classname="C:\work\dyrectorio\web\crux-ui\src\server\websocket-endpoint"><failure message="Missing semicolon."><![CDATA[line 1, col 109, Error - Missing semicolon. (semi)]]></failure></testcase>
<testcase time="0" name="org.eslint.linebreak-style" classname="C:\work\dyrectorio\web\crux-ui\src\server\websocket-endpoint"><failure message="Expected linebreaks to be &apos;LF&apos; but found &apos;CRLF&apos;."><![CDATA[line 2, col 55, Error - Expected linebreaks to be &apos;LF&apos; but found &apos;CRLF&apos;. (linebreak-style)]]></failure></testcase>
<testcase time="0" name="org.eslint.semi" classname="C:\work\dyrectorio\web\crux-ui\src\server\websocket-endpoint"><failure message="Missing semicolon."><![CDATA[line 2, col 55, Error - Missing semicolon. (semi)]]></failure></testcase>
<testcase time="0" name="org.eslint.import/extensions" classname="C:\work\dyrectorio\web\crux-ui\src\server\websocket-endpoint"><failure message="Missing file extension &quot;ts&quot; for &quot;../logger&quot;"><![CDATA[line 3, col 24, Error - Missing file extension &quot;ts&quot; for &quot;../logger&quot; (import/extensions)]]></failure></testcase>
<testcase time="0" name="org.eslint.linebreak-style" classname="C:\work\dyrectorio\web\crux-ui\src\server\websocket-endpoint"><failure message="Expected linebreaks to be &apos;LF&apos; but found &apos;CRLF&apos;."><![CDATA[line 3, col 35, Error - Expected linebreaks to be &apos;LF&apos; but found &apos;CRLF&apos;. (linebreak-style)]]></failure></testcase>
<testcase time="0" name="org.eslint.semi" classname="C:\work\dyrectorio\web\crux-ui\src\server\websocket-endpoint"><failure message="Missing semicolon."><![CDATA[line 3, col 35, Error - Missing semicolon. (semi)]]></failure></testcase>
<testcase time="0" name="org.eslint.import/extensions" classname="C:\work\dyrectorio\web\crux-ui\src\server\websocket-endpoint"><failure message="Missing file extension &quot;ts&quot; for &quot;./error-middleware&quot;"><![CDATA[line 4, col 31, Error - Missing file extension &quot;ts&quot; for &quot;./error-middleware&quot; (import/extensions)]]></failure></testcase>
<testcase time="0" name="org.eslint.linebreak-style" classname="C:\work\dyrectorio\web\crux-ui\src\server\websocket-endpoint"><failure message="Expected linebreaks to be &apos;LF&apos; but found &apos;CRLF&apos;."><![CDATA[line 4, col 51, Error - Expected linebreaks to be &apos;LF&apos; but found &apos;CRLF&apos;. (linebreak-style)]]></failure></testcase>
<testcase time="0" name="org.eslint.semi" classname="C:\work\dyrectorio\web\crux-ui\src\server\websocket-endpoint"><failure message="Missing semicolon."><![CDATA[line 4, col 51, Error - Missing semicolon. (semi)]]></failure></testcase>
<testcase time="0" name="org.eslint.import/extensions" classname="C:\work\dyrectorio\web\crux-ui\src\server\websocket-endpoint"><failure message="Missing file extension &quot;ts&quot; for &quot;./middlewares&quot;"><![CDATA[line 5, col 50, Error - Missing file extension &quot;ts&quot; for &quot;./middlewares&quot; (import/extensions)]]></failure></testcase>
<testcase time="0" name="org.eslint.linebreak-style" classname="C:\work\dyrectorio\web\crux-ui\src\server\websocket-endpoint"><failure message="Expected linebreaks to be &apos;LF&apos; but found &apos;CRLF&apos;."><![CDATA[line 5, col 65, Error - Expected linebreaks to be &apos;LF&apos; but found &apos;CRLF&apos;. (linebreak-style)]]></failure></testcase>
<testcase time="0" name="org.eslint.semi" classname="C:\work\dyrectorio\web\crux-ui\src\server\websocket-endpoint"><failure message="Missing semicolon."><![CDATA[line 5, col 65, Error - Missing semicolon. (semi)]]></failure></testcase>
<testcase time="0" name="org.eslint.import/extensions" classname="C:\work\dyrectorio\web\crux-ui\src\server\websocket-endpoint"><failure message="Missing file extension &quot;ts&quot; for &quot;./websocket-middlewares&quot;"><![CDATA[line 6, col 63, Error - Missing file extension &quot;ts&quot; for &quot;./websocket-middlewares&quot; (import/extensions)]]></failure></testcase>
<testcase time="0" name="org.eslint.linebreak-style" classname="C:\work\dyrectorio\web\crux-ui\src\server\websocket-endpoint"><failure message="Expected linebreaks to be &apos;LF&apos; but found &apos;CRLF&apos;."><![CDATA[line 6, col 88, Error - Expected linebreaks to be &apos;LF&apos; but found &apos;CRLF&apos;. (linebreak-style)]]></failure></testcase>
<testcase time="0" name="org.eslint.semi" classname="C:\work\dyrectorio\web\crux-ui\src\server\websocket-endpoint"><failure message="Missing semicolon."><![CDATA[line 6, col 88, Error - Missing semicolon. (semi)]]></failure></testcase>
<testcase time="0" name="org.eslint.linebreak-style" classname="C:\work\dyrectorio\web\crux-ui\src\server\websocket-endpoint"><failure message="Expected linebreaks to be &apos;LF&apos; but found &apos;CRLF&apos;."><![CDATA[line 7, col 1, Error - Expected linebreaks to be &apos;LF&apos; but found &apos;CRLF&apos;. (linebreak-style)]]></failure></testcase>
<testcase time="0" name="org.eslint.linebreak-style" classname="C:\work\dyrectorio\web\crux-ui\src\server\websocket-endpoint"><failure message="Expected linebreaks to be &apos;LF&apos; but found &apos;CRLF&apos;."><![CDATA[line 8, col 94, Error - Expected linebreaks to be &apos;LF&apos; but found &apos;CRLF&apos;. (linebreak-style)]]></failure></testcase>
<testcase time="0" name="org.eslint.linebreak-style" classname="C:\work\dyrectorio\web\crux-ui\src\server\websocket-endpoint"><failure message="Expected linebreaks to be &apos;LF&apos; but found &apos;CRLF&apos;."><![CDATA[line 9, col 48, Error - Expected linebreaks to be &apos;LF&apos; but found &apos;CRLF&apos;. (linebreak-style)]]></failure></testcase>
<testcase time="0" name="org.eslint.semi" classname="C:\work\dyrectorio\web\crux-ui\src\server\websocket-endpoint"><failure message="Missing semicolon."><![CDATA[line 9, col 48, Error - Missing semicolon. (semi)]]></failure></testcase>
<testcase time="0" name="org.eslint.linebreak-style" classname="C:\work\dyrectorio\web\crux-ui\src\server\websocket-endpoint"><failure message="Expected linebreaks to be &apos;LF&apos; but found &apos;CRLF&apos;."><![CDATA[line 10, col 46, Error - Expected linebreaks to be &apos;LF&apos; but found &apos;CRLF&apos;. (linebreak-style)]]></failure></testcase>
<testcase time="0" name="org.eslint.semi" classname="C:\work\dyrectorio\web\crux-ui\src\server\websocket-endpoint"><failure message="Missing semicolon."><![CDATA[line 10, col 46, Error - Missing semicolon. (semi)]]></failure></testcase>
<testcase time="0" name="org.eslint.linebreak-style" classname="C:\work\dyrectorio\web\crux-ui\src\server\websocket-endpoint"><failure message="Expected linebreaks to be &apos;LF&apos; but found &apos;CRLF&apos;."><![CDATA[line 11, col 17, Error - Expected linebreaks to be &apos;LF&apos; but found &apos;CRLF&apos;. (linebreak-style)]]></failure></testcase>
<testcase time="0" name="org.eslint.linebreak-style" classname="C:\work\dyrectorio\web\crux-ui\src\server\websocket-endpoint"><failure message="Expected linebreaks to be &apos;LF&apos; but found &apos;CRLF&apos;."><![CDATA[line 12, col 45, Error - Expected linebreaks to be &apos;LF&apos; but found &apos;CRLF&apos;. (linebreak-style)]]></failure></testcase>
<testcase time="0" name="org.eslint.semi" classname="C:\work\dyrectorio\web\crux-ui\src\server\websocket-endpoint"><failure message="Missing semicolon."><![CDATA[line 12, col 45, Error - Missing semicolon. (semi)]]></failure></testcase>
<testcase time="0" name="org.eslint.linebreak-style" classname="C:\work\dyrectorio\web\crux-ui\src\server\websocket-endpoint"><failure message="Expected linebreaks to be &apos;LF&apos; but found &apos;CRLF&apos;."><![CDATA[line 13, col 27, Error - Expected linebreaks to be &apos;LF&apos; but found &apos;CRLF&apos;. (linebreak-style)]]></failure></testcase>
<testcase time="0" name="org.eslint.semi" classname="C:\work\dyrectorio\web\crux-ui\src\server\websocket-endpoint"><failure message="Missing semicolon."><![CDATA[line 13, col 27, Error - Missing semicolon. (semi)]]></failure></testcase>
<testcase time="0" name="org.eslint.linebreak-style" classname="C:\work\dyrectorio\web\crux-ui\src\server\websocket-endpoint"><failure message="Expected linebreaks to be &apos;LF&apos; but found &apos;CRLF&apos;."><![CDATA[line 14, col 4, Error - Expected linebreaks to be &apos;LF&apos; but found &apos;CRLF&apos;. (linebreak-style)]]></failure></testcase>
<testcase time="0" name="org.eslint.linebreak-style" classname="C:\work\dyrectorio\web\crux-ui\src\server\websocket-endpoint"><failure message="Expected linebreaks to be &apos;LF&apos; but found &apos;CRLF&apos;."><![CDATA[line 15, col 1, Error - Expected linebreaks to be &apos;LF&apos; but found &apos;CRLF&apos;. (linebreak-style)]]></failure></testcase>
<testcase time="0" name="org.eslint.linebreak-style" classname="C:\work\dyrectorio\web\crux-ui\src\server\websocket-endpoint"><failure message="Expected linebreaks to be &apos;LF&apos; but found &apos;CRLF&apos;."><![CDATA[line 16, col 18, Error - Expected linebreaks to be &apos;LF&apos; but found &apos;CRLF&apos;. (linebreak-style)]]></failure></testcase>
<testcase time="0" name="org.eslint.linebreak-style" classname="C:\work\dyrectorio\web\crux-ui\src\server\websocket-endpoint"><failure message="Expected linebreaks to be &apos;LF&apos; but found &apos;CRLF&apos;."><![CDATA[line 17, col 26, Error - Expected linebreaks to be &apos;LF&apos; but found &apos;CRLF&apos;. (linebreak-style)]]></failure></testcase>
<testcase time="0" name="org.eslint.semi" classname="C:\work\dyrectorio\web\crux-ui\src\server\websocket-endpoint"><failure message="Missing semicolon."><![CDATA[line 17, col 26, Error - Missing semicolon. (semi)]]></failure></testcase>
<testcase time="0" name="org.eslint.linebreak-style" classname="C:\work\dyrectorio\web\crux-ui\src\server\websocket-endpoint"><failure message="Expected linebreaks to be &apos;LF&apos; but found &apos;CRLF&apos;."><![CDATA[line 18, col 16, Error - Expected linebreaks to be &apos;LF&apos; but found &apos;CRLF&apos;. (linebreak-style)]]></failure></testcase>
<testcase time="0" name="org.eslint.semi" classname="C:\work\dyrectorio\web\crux-ui\src\server\websocket-endpoint"><failure message="Missing semicolon."><![CDATA[line 18, col 16, Error - Missing semicolon. (semi)]]></failure></testcase>
<testcase time="0" name="org.eslint.linebreak-style" classname="C:\work\dyrectorio\web\crux-ui\src\server\websocket-endpoint"><failure message="Expected linebreaks to be &apos;LF&apos; but found &apos;CRLF&apos;."><![CDATA[line 19, col 4, Error - Expected linebreaks to be &apos;LF&apos; but found &apos;CRLF&apos;. (linebreak-style)]]></failure></testcase>
<testcase time="0" name="org.eslint.linebreak-style" classname="C:\work\dyrectorio\web\crux-ui\src\server\websocket-endpoint"><failure message="Expected linebreaks to be &apos;LF&apos; but found &apos;CRLF&apos;."><![CDATA[line 20, col 1, Error - Expected linebreaks to be &apos;LF&apos; but found &apos;CRLF&apos;. (linebreak-style)]]></failure></testcase>
<testcase time="0" name="org.eslint.linebreak-style" classname="C:\work\dyrectorio\web\crux-ui\src\server\websocket-endpoint"><failure message="Expected linebreaks to be &apos;LF&apos; but found &apos;CRLF&apos;."><![CDATA[line 21, col 16, Error - Expected linebreaks to be &apos;LF&apos; but found &apos;CRLF&apos;. (linebreak-style)]]></failure></testcase>
<testcase time="0" name="org.eslint.semi" classname="C:\work\dyrectorio\web\crux-ui\src\server\websocket-endpoint"><failure message="Missing semicolon."><![CDATA[line 21, col 16, Error - Missing semicolon. (semi)]]></failure></testcase>
<testcase time="0" name="org.eslint.linebreak-style" classname="C:\work\dyrectorio\web\crux-ui\src\server\websocket-endpoint"><failure message="Expected linebreaks to be &apos;LF&apos; but found &apos;CRLF&apos;."><![CDATA[line 22, col 2, Error - Expected linebreaks to be &apos;LF&apos; but found &apos;CRLF&apos;. (linebreak-style)]]></failure></testcase>
<testcase time="0" name="org.eslint.semi" classname="C:\work\dyrectorio\web\crux-ui\src\server\websocket-endpoint"><failure message="Missing semicolon."><![CDATA[line 22, col 2, Error - Missing semicolon. (semi)]]></failure></testcase>
<testcase time="0" name="org.eslint.linebreak-style" classname="C:\work\dyrectorio\web\crux-ui\src\server\websocket-endpoint"><failure message="Expected linebreaks to be &apos;LF&apos; but found &apos;CRLF&apos;."><![CDATA[line 23, col 1, Error - Expected linebreaks to be &apos;LF&apos; but found &apos;CRLF&apos;. (linebreak-style)]]></failure></testcase>
<testcase time="0" name="org.eslint.linebreak-style" classname="C:\work\dyrectorio\web\crux-ui\src\server\websocket-endpoint"><failure message="Expected linebreaks to be &apos;LF&apos; but found &apos;CRLF&apos;."><![CDATA[line 24, col 28, Error - Expected linebreaks to be &apos;LF&apos; but found &apos;CRLF&apos;. (linebreak-style)]]></failure></testcase>
<testcase time="0" name="org.eslint.linebreak-style" classname="C:\work\dyrectorio\web\crux-ui\src\server\websocket-endpoint"><failure message="Expected linebreaks to be &apos;LF&apos; but found &apos;CRLF&apos;."><![CDATA[line 25, col 18, Error - Expected linebreaks to be &apos;LF&apos; but found &apos;CRLF&apos;. (linebreak-style)]]></failure></testcase>
<testcase time="0" name="org.eslint.linebreak-style" classname="C:\work\dyrectorio\web\crux-ui\src\server\websocket-endpoint"><failure message="Expected linebreaks to be &apos;LF&apos; but found &apos;CRLF&apos;."><![CDATA[line 26, col 35, Error - Expected linebreaks to be &apos;LF&apos; but found &apos;CRLF&apos;. (linebreak-style)]]></failure></testcase>
<testcase time="0" name="org.eslint.linebreak-style" classname="C:\work\dyrectorio\web\crux-ui\src\server\websocket-endpoint"><failure message="Expected linebreaks to be &apos;LF&apos; but found &apos;CRLF&apos;."><![CDATA[line 27, col 31, Error - Expected linebreaks to be &apos;LF&apos; but found &apos;CRLF&apos;. (linebreak-style)]]></failure></testcase>
<testcase time="0" name="org.eslint.linebreak-style" classname="C:\work\dyrectorio\web\crux-ui\src\server\websocket-endpoint"><failure message="Expected linebreaks to be &apos;LF&apos; but found &apos;CRLF&apos;."><![CDATA[line 28, col 22, Error - Expected linebreaks to be &apos;LF&apos; but found &apos;CRLF&apos;. (linebreak-style)]]></failure></testcase>
<testcase time="0" name="org.eslint.implicit-arrow-linebreak" classname="C:\work\dyrectorio\web\crux-ui\src\server\websocket-endpoint"><failure message="Expected no linebreak before this expression."><![CDATA[line 29, col 3, Error - Expected no linebreak before this expression. (implicit-arrow-linebreak)]]></failure></testcase>
<testcase time="0" name="org.eslint.linebreak-style" classname="C:\work\dyrectorio\web\crux-ui\src\server\websocket-endpoint"><failure message="Expected linebreaks to be &apos;LF&apos; but found &apos;CRLF&apos;."><![CDATA[line 29, col 40, Error - Expected linebreaks to be &apos;LF&apos; but found &apos;CRLF&apos;. (linebreak-style)]]></failure></testcase>
<testcase time="0" name="org.eslint.linebreak-style" classname="C:\work\dyrectorio\web\crux-ui\src\server\websocket-endpoint"><failure message="Expected linebreaks to be &apos;LF&apos; but found &apos;CRLF&apos;."><![CDATA[line 30, col 49, Error - Expected linebreaks to be &apos;LF&apos; but found &apos;CRLF&apos;. (linebreak-style)]]></failure></testcase>
<testcase time="0" name="org.eslint.semi" classname="C:\work\dyrectorio\web\crux-ui\src\server\websocket-endpoint"><failure message="Missing semicolon."><![CDATA[line 30, col 49, Error - Missing semicolon. (semi)]]></failure></testcase>
<testcase time="0" name="org.eslint.linebreak-style" classname="C:\work\dyrectorio\web\crux-ui\src\server\websocket-endpoint"><failure message="Expected linebreaks to be &apos;LF&apos; but found &apos;CRLF&apos;."><![CDATA[line 31, col 19, Error - Expected linebreaks to be &apos;LF&apos; but found &apos;CRLF&apos;. (linebreak-style)]]></failure></testcase>
<testcase time="0" name="org.eslint.linebreak-style" classname="C:\work\dyrectorio\web\crux-ui\src\server\websocket-endpoint"><failure message="Expected linebreaks to be &apos;LF&apos; but found &apos;CRLF&apos;."><![CDATA[line 32, col 59, Error - Expected linebreaks to be &apos;LF&apos; but found &apos;CRLF&apos;. (linebreak-style)]]></failure></testcase>
<testcase time="0" name="org.eslint.semi" classname="C:\work\dyrectorio\web\crux-ui\src\server\websocket-endpoint"><failure message="Missing semicolon."><![CDATA[line 32, col 59, Error - Missing semicolon. (semi)]]></failure></testcase>
<testcase time="0" name="org.eslint.linebreak-style" classname="C:\work\dyrectorio\web\crux-ui\src\server\websocket-endpoint"><failure message="Expected linebreaks to be &apos;LF&apos; but found &apos;CRLF&apos;."><![CDATA[line 33, col 13, Error - Expected linebreaks to be &apos;LF&apos; but found &apos;CRLF&apos;. (linebreak-style)]]></failure></testcase>
<testcase time="0" name="org.eslint.semi" classname="C:\work\dyrectorio\web\crux-ui\src\server\websocket-endpoint"><failure message="Missing semicolon."><![CDATA[line 33, col 13, Error - Missing semicolon. (semi)]]></failure></testcase>
<testcase time="0" name="org.eslint.linebreak-style" classname="C:\work\dyrectorio\web\crux-ui\src\server\websocket-endpoint"><failure message="Expected linebreaks to be &apos;LF&apos; but found &apos;CRLF&apos;."><![CDATA[line 34, col 6, Error - Expected linebreaks to be &apos;LF&apos; but found &apos;CRLF&apos;. (linebreak-style)]]></failure></testcase>
<testcase time="0" name="org.eslint.linebreak-style" classname="C:\work\dyrectorio\web\crux-ui\src\server\websocket-endpoint"><failure message="Expected linebreaks to be &apos;LF&apos; but found &apos;CRLF&apos;."><![CDATA[line 35, col 1, Error - Expected linebreaks to be &apos;LF&apos; but found &apos;CRLF&apos;. (linebreak-style)]]></failure></testcase>
<testcase time="0" name="org.eslint.linebreak-style" classname="C:\work\dyrectorio\web\crux-ui\src\server\websocket-endpoint"><failure message="Expected linebreaks to be &apos;LF&apos; but found &apos;CRLF&apos;."><![CDATA[line 36, col 26, Error - Expected linebreaks to be &apos;LF&apos; but found &apos;CRLF&apos;. (linebreak-style)]]></failure></testcase>
<testcase time="0" name="org.eslint.semi" classname="C:\work\dyrectorio\web\crux-ui\src\server\websocket-endpoint"><failure message="Missing semicolon."><![CDATA[line 36, col 26, Error - Missing semicolon. (semi)]]></failure></testcase>
<testcase time="0" name="org.eslint.prefer-destructuring" classname="C:\work\dyrectorio\web\crux-ui\src\server\websocket-endpoint"><failure message="Use object destructuring."><![CDATA[line 37, col 11, Error - Use object destructuring. (prefer-destructuring)]]></failure></testcase>
<testcase time="0" name="org.eslint.linebreak-style" classname="C:\work\dyrectorio\web\crux-ui\src\server\websocket-endpoint"><failure message="Expected linebreaks to be &apos;LF&apos; but found &apos;CRLF&apos;."><![CDATA[line 37, col 28, Error - Expected linebreaks to be &apos;LF&apos; but found &apos;CRLF&apos;. (linebreak-style)]]></failure></testcase>
<testcase time="0" name="org.eslint.semi" classname="C:\work\dyrectorio\web\crux-ui\src\server\websocket-endpoint"><failure message="Missing semicolon."><![CDATA[line 37, col 28, Error - Missing semicolon. (semi)]]></failure></testcase>
<testcase time="0" name="org.eslint.linebreak-style" classname="C:\work\dyrectorio\web\crux-ui\src\server\websocket-endpoint"><failure message="Expected linebreaks to be &apos;LF&apos; but found &apos;CRLF&apos;."><![CDATA[line 38, col 1, Error - Expected linebreaks to be &apos;LF&apos; but found &apos;CRLF&apos;. (linebreak-style)]]></failure></testcase>
<testcase time="0" name="org.eslint.linebreak-style" classname="C:\work\dyrectorio\web\crux-ui\src\server\websocket-endpoint"><failure message="Expected linebreaks to be &apos;LF&apos; but found &apos;CRLF&apos;."><![CDATA[line 39, col 26, Error - Expected linebreaks to be &apos;LF&apos; but found &apos;CRLF&apos;. (linebreak-style)]]></failure></testcase>
<testcase time="0" name="org.eslint.linebreak-style" classname="C:\work\dyrectorio\web\crux-ui\src\server\websocket-endpoint"><failure message="Expected linebreaks to be &apos;LF&apos; but found &apos;CRLF&apos;."><![CDATA[line 40, col 21, Error - Expected linebreaks to be &apos;LF&apos; but found &apos;CRLF&apos;. (linebreak-style)]]></failure></testcase>
<testcase time="0" name="org.eslint.linebreak-style" classname="C:\work\dyrectorio\web\crux-ui\src\server\websocket-endpoint"><failure message="Expected linebreaks to be &apos;LF&apos; but found &apos;CRLF&apos;."><![CDATA[line 41, col 49, Error - Expected linebreaks to be &apos;LF&apos; but found &apos;CRLF&apos;. (linebreak-style)]]></failure></testcase>
<testcase time="0" name="org.eslint.semi" classname="C:\work\dyrectorio\web\crux-ui\src\server\websocket-endpoint"><failure message="Missing semicolon."><![CDATA[line 41, col 49, Error - Missing semicolon. (semi)]]></failure></testcase>
<testcase time="0" name="org.eslint.linebreak-style" classname="C:\work\dyrectorio\web\crux-ui\src\server\websocket-endpoint"><failure message="Expected linebreaks to be &apos;LF&apos; but found &apos;CRLF&apos;."><![CDATA[line 42, col 25, Error - Expected linebreaks to be &apos;LF&apos; but found &apos;CRLF&apos;. (linebreak-style)]]></failure></testcase>
<testcase time="0" name="org.eslint.linebreak-style" classname="C:\work\dyrectorio\web\crux-ui\src\server\websocket-endpoint"><failure message="Expected linebreaks to be &apos;LF&apos; but found &apos;CRLF&apos;."><![CDATA[line 43, col 93, Error - Expected linebreaks to be &apos;LF&apos; but found &apos;CRLF&apos;. (linebreak-style)]]></failure></testcase>
<testcase time="0" name="org.eslint.semi" classname="C:\work\dyrectorio\web\crux-ui\src\server\websocket-endpoint"><failure message="Missing semicolon."><![CDATA[line 43, col 93, Error - Missing semicolon. (semi)]]></failure></testcase>
<testcase time="0" name="org.eslint.linebreak-style" classname="C:\work\dyrectorio\web\crux-ui\src\server\websocket-endpoint"><failure message="Expected linebreaks to be &apos;LF&apos; but found &apos;CRLF&apos;."><![CDATA[line 44, col 70, Error - Expected linebreaks to be &apos;LF&apos; but found &apos;CRLF&apos;. (linebreak-style)]]></failure></testcase>
<testcase time="0" name="org.eslint.semi" classname="C:\work\dyrectorio\web\crux-ui\src\server\websocket-endpoint"><failure message="Missing semicolon."><![CDATA[line 44, col 70, Error - Missing semicolon. (semi)]]></failure></testcase>
<testcase time="0" name="org.eslint.linebreak-style" classname="C:\work\dyrectorio\web\crux-ui\src\server\websocket-endpoint"><failure message="Expected linebreaks to be &apos;LF&apos; but found &apos;CRLF&apos;."><![CDATA[line 45, col 44, Error - Expected linebreaks to be &apos;LF&apos; but found &apos;CRLF&apos;. (linebreak-style)]]></failure></testcase>
<testcase time="0" name="org.eslint.semi" classname="C:\work\dyrectorio\web\crux-ui\src\server\websocket-endpoint"><failure message="Missing semicolon."><![CDATA[line 45, col 44, Error - Missing semicolon. (semi)]]></failure></testcase>
<testcase time="0" name="org.eslint.linebreak-style" classname="C:\work\dyrectorio\web\crux-ui\src\server\websocket-endpoint"><failure message="Expected linebreaks to be &apos;LF&apos; but found &apos;CRLF&apos;."><![CDATA[line 46, col 49, Error - Expected linebreaks to be &apos;LF&apos; but found &apos;CRLF&apos;. (linebreak-style)]]></failure></testcase>
<testcase time="0" name="org.eslint.semi" classname="C:\work\dyrectorio\web\crux-ui\src\server\websocket-endpoint"><failure message="Missing semicolon."><![CDATA[line 46, col 49, Error - Missing semicolon. (semi)]]></failure></testcase>
<testcase time="0" name="org.eslint.linebreak-style" classname="C:\work\dyrectorio\web\crux-ui\src\server\websocket-endpoint"><failure message="Expected linebreaks to be &apos;LF&apos; but found &apos;CRLF&apos;."><![CDATA[line 47, col 10, Error - Expected linebreaks to be &apos;LF&apos; but found &apos;CRLF&apos;. (linebreak-style)]]></failure></testcase>
<testcase time="0" name="org.eslint.linebreak-style" classname="C:\work\dyrectorio\web\crux-ui\src\server\websocket-endpoint"><failure message="Expected linebreaks to be &apos;LF&apos; but found &apos;CRLF&apos;."><![CDATA[line 48, col 1, Error - Expected linebreaks to be &apos;LF&apos; but found &apos;CRLF&apos;. (linebreak-style)]]></failure></testcase>
<testcase time="0" name="org.eslint.linebreak-style" classname="C:\work\dyrectorio\web\crux-ui\src\server\websocket-endpoint"><failure message="Expected linebreaks to be &apos;LF&apos; but found &apos;CRLF&apos;."><![CDATA[line 49, col 41, Error - Expected linebreaks to be &apos;LF&apos; but found &apos;CRLF&apos;. (linebreak-style)]]></failure></testcase>
<testcase time="0" name="org.eslint.semi" classname="C:\work\dyrectorio\web\crux-ui\src\server\websocket-endpoint"><failure message="Missing semicolon."><![CDATA[line 49, col 41, Error - Missing semicolon. (semi)]]></failure></testcase>
<testcase time="0" name="org.eslint.linebreak-style" classname="C:\work\dyrectorio\web\crux-ui\src\server\websocket-endpoint"><failure message="Expected linebreaks to be &apos;LF&apos; but found &apos;CRLF&apos;."><![CDATA[line 50, col 14, Error - Expected linebreaks to be &apos;LF&apos; but found &apos;CRLF&apos;. (linebreak-style)]]></failure></testcase>
<testcase time="0" name="org.eslint.semi" classname="C:\work\dyrectorio\web\crux-ui\src\server\websocket-endpoint"><failure message="Missing semicolon."><![CDATA[line 50, col 14, Error - Missing semicolon. (semi)]]></failure></testcase>
<testcase time="0" name="org.eslint.linebreak-style" classname="C:\work\dyrectorio\web\crux-ui\src\server\websocket-endpoint"><failure message="Expected linebreaks to be &apos;LF&apos; but found &apos;CRLF&apos;."><![CDATA[line 51, col 8, Error - Expected linebreaks to be &apos;LF&apos; but found &apos;CRLF&apos;. (linebreak-style)]]></failure></testcase>
<testcase time="0" name="org.eslint.linebreak-style" classname="C:\work\dyrectorio\web\crux-ui\src\server\websocket-endpoint"><failure message="Expected linebreaks to be &apos;LF&apos; but found &apos;CRLF&apos;."><![CDATA[line 52, col 23, Error - Expected linebreaks to be &apos;LF&apos; but found &apos;CRLF&apos;. (linebreak-style)]]></failure></testcase>
<testcase time="0" name="org.eslint.linebreak-style" classname="C:\work\dyrectorio\web\crux-ui\src\server\websocket-endpoint"><failure message="Expected linebreaks to be &apos;LF&apos; but found &apos;CRLF&apos;."><![CDATA[line 53, col 37, Error - Expected linebreaks to be &apos;LF&apos; but found &apos;CRLF&apos;. (linebreak-style)]]></failure></testcase>
<testcase time="0" name="org.eslint.semi" classname="C:\work\dyrectorio\web\crux-ui\src\server\websocket-endpoint"><failure message="Missing semicolon."><![CDATA[line 53, col 37, Error - Missing semicolon. (semi)]]></failure></testcase>
<testcase time="0" name="org.eslint.linebreak-style" classname="C:\work\dyrectorio\web\crux-ui\src\server\websocket-endpoint"><failure message="Expected linebreaks to be &apos;LF&apos; but found &apos;CRLF&apos;."><![CDATA[line 54, col 14, Error - Expected linebreaks to be &apos;LF&apos; but found &apos;CRLF&apos;. (linebreak-style)]]></failure></testcase>
<testcase time="0" name="org.eslint.semi" classname="C:\work\dyrectorio\web\crux-ui\src\server\websocket-endpoint"><failure message="Missing semicolon."><![CDATA[line 54, col 14, Error - Missing semicolon. (semi)]]></failure></testcase>
<testcase time="0" name="org.eslint.linebreak-style" classname="C:\work\dyrectorio\web\crux-ui\src\server\websocket-endpoint"><failure message="Expected linebreaks to be &apos;LF&apos; but found &apos;CRLF&apos;."><![CDATA[line 55, col 8, Error - Expected linebreaks to be &apos;LF&apos; but found &apos;CRLF&apos;. (linebreak-style)]]></failure></testcase>
<testcase time="0" name="org.eslint.linebreak-style" classname="C:\work\dyrectorio\web\crux-ui\src\server\websocket-endpoint"><failure message="Expected linebreaks to be &apos;LF&apos; but found &apos;CRLF&apos;."><![CDATA[line 56, col 17, Error - Expected linebreaks to be &apos;LF&apos; but found &apos;CRLF&apos;. (linebreak-style)]]></failure></testcase>
<testcase time="0" name="org.eslint.linebreak-style" classname="C:\work\dyrectorio\web\crux-ui\src\server\websocket-endpoint"><failure message="Expected linebreaks to be &apos;LF&apos; but found &apos;CRLF&apos;."><![CDATA[line 57, col 30, Error - Expected linebreaks to be &apos;LF&apos; but found &apos;CRLF&apos;. (linebreak-style)]]></failure></testcase>
<testcase time="0" name="org.eslint.semi" classname="C:\work\dyrectorio\web\crux-ui\src\server\websocket-endpoint"><failure message="Missing semicolon."><![CDATA[line 57, col 30, Error - Missing semicolon. (semi)]]></failure></testcase>
<testcase time="0" name="org.eslint.linebreak-style" classname="C:\work\dyrectorio\web\crux-ui\src\server\websocket-endpoint"><failure message="Expected linebreaks to be &apos;LF&apos; but found &apos;CRLF&apos;."><![CDATA[line 58, col 14, Error - Expected linebreaks to be &apos;LF&apos; but found &apos;CRLF&apos;. (linebreak-style)]]></failure></testcase>
<testcase time="0" name="org.eslint.semi" classname="C:\work\dyrectorio\web\crux-ui\src\server\websocket-endpoint"><failure message="Missing semicolon."><![CDATA[line 58, col 14, Error - Missing semicolon. (semi)]]></failure></testcase>
<testcase time="0" name="org.eslint.linebreak-style" classname="C:\work\dyrectorio\web\crux-ui\src\server\websocket-endpoint"><failure message="Expected linebreaks to be &apos;LF&apos; but found &apos;CRLF&apos;."><![CDATA[line 59, col 8, Error - Expected linebreaks to be &apos;LF&apos; but found &apos;CRLF&apos;. (linebreak-style)]]></failure></testcase>
<testcase time="0" name="org.eslint.linebreak-style" classname="C:\work\dyrectorio\web\crux-ui\src\server\websocket-endpoint"><failure message="Expected linebreaks to be &apos;LF&apos; but found &apos;CRLF&apos;."><![CDATA[line 60, col 6, Error - Expected linebreaks to be &apos;LF&apos; but found &apos;CRLF&apos;. (linebreak-style)]]></failure></testcase>
<testcase time="0" name="org.eslint.linebreak-style" classname="C:\work\dyrectorio\web\crux-ui\src\server\websocket-endpoint"><failure message="Expected linebreaks to be &apos;LF&apos; but found &apos;CRLF&apos;."><![CDATA[line 61, col 5, Error - Expected linebreaks to be &apos;LF&apos; but found &apos;CRLF&apos;. (linebreak-style)]]></failure></testcase>
<testcase time="0" name="org.eslint.semi" classname="C:\work\dyrectorio\web\crux-ui\src\server\websocket-endpoint"><failure message="Missing semicolon."><![CDATA[line 61, col 5, Error - Missing semicolon. (semi)]]></failure></testcase>
<testcase time="0" name="org.eslint.linebreak-style" classname="C:\work\dyrectorio\web\crux-ui\src\server\websocket-endpoint"><failure message="Expected linebreaks to be &apos;LF&apos; but found &apos;CRLF&apos;."><![CDATA[line 62, col 1, Error - Expected linebreaks to be &apos;LF&apos; but found &apos;CRLF&apos;. (linebreak-style)]]></failure></testcase>
<testcase time="0" name="org.eslint.linebreak-style" classname="C:\work\dyrectorio\web\crux-ui\src\server\websocket-endpoint"><failure message="Expected linebreaks to be &apos;LF&apos; but found &apos;CRLF&apos;."><![CDATA[line 63, col 65, Error - Expected linebreaks to be &apos;LF&apos; but found &apos;CRLF&apos;. (linebreak-style)]]></failure></testcase>
<testcase time="0" name="org.eslint.linebreak-style" classname="C:\work\dyrectorio\web\crux-ui\src\server\websocket-endpoint"><failure message="Expected linebreaks to be &apos;LF&apos; but found &apos;CRLF&apos;."><![CDATA[line 64, col 1, Error - Expected linebreaks to be &apos;LF&apos; but found &apos;CRLF&apos;. (linebreak-style)]]></failure></testcase>
<testcase time="0" name="org.eslint.linebreak-style" classname="C:\work\dyrectorio\web\crux-ui\src\server\websocket-endpoint"><failure message="Expected linebreaks to be &apos;LF&apos; but found &apos;CRLF&apos;."><![CDATA[line 65, col 41, Error - Expected linebreaks to be &apos;LF&apos; but found &apos;CRLF&apos;. (linebreak-style)]]></failure></testcase>
<testcase time="0" name="org.eslint.linebreak-style" classname="C:\work\dyrectorio\web\crux-ui\src\server\websocket-endpoint"><failure message="Expected linebreaks to be &apos;LF&apos; but found &apos;CRLF&apos;."><![CDATA[line 66, col 18, Error - Expected linebreaks to be &apos;LF&apos; but found &apos;CRLF&apos;. (linebreak-style)]]></failure></testcase>
<testcase time="0" name="org.eslint.linebreak-style" classname="C:\work\dyrectorio\web\crux-ui\src\server\websocket-endpoint"><failure message="Expected linebreaks to be &apos;LF&apos; but found &apos;CRLF&apos;."><![CDATA[line 67, col 34, Error - Expected linebreaks to be &apos;LF&apos; but found &apos;CRLF&apos;. (linebreak-style)]]></failure></testcase>
<testcase time="0" name="org.eslint.linebreak-style" classname="C:\work\dyrectorio\web\crux-ui\src\server\websocket-endpoint"><failure message="Expected linebreaks to be &apos;LF&apos; but found &apos;CRLF&apos;."><![CDATA[line 68, col 39, Error - Expected linebreaks to be &apos;LF&apos; but found &apos;CRLF&apos;. (linebreak-style)]]></failure></testcase>
<testcase time="0" name="org.eslint.linebreak-style" classname="C:\work\dyrectorio\web\crux-ui\src\server\websocket-endpoint"><failure message="Expected linebreaks to be &apos;LF&apos; but found &apos;CRLF&apos;."><![CDATA[line 69, col 31, Error - Expected linebreaks to be &apos;LF&apos; but found &apos;CRLF&apos;. (linebreak-style)]]></failure></testcase>
<testcase time="0" name="org.eslint.linebreak-style" classname="C:\work\dyrectorio\web\crux-ui\src\server\websocket-endpoint"><failure message="Expected linebreaks to be &apos;LF&apos; but found &apos;CRLF&apos;."><![CDATA[line 70, col 24, Error - Expected linebreaks to be &apos;LF&apos; but found &apos;CRLF&apos;. (linebreak-style)]]></failure></testcase>
<testcase time="0" name="org.eslint.linebreak-style" classname="C:\work\dyrectorio\web\crux-ui\src\server\websocket-endpoint"><failure message="Expected linebreaks to be &apos;LF&apos; but found &apos;CRLF&apos;."><![CDATA[line 71, col 63, Error - Expected linebreaks to be &apos;LF&apos; but found &apos;CRLF&apos;. (linebreak-style)]]></failure></testcase>
<testcase time="0" name="org.eslint.semi" classname="C:\work\dyrectorio\web\crux-ui\src\server\websocket-endpoint"><failure message="Missing semicolon."><![CDATA[line 71, col 63, Error - Missing semicolon. (semi)]]></failure></testcase>
<testcase time="0" name="org.eslint.arrow-parens" classname="C:\work\dyrectorio\web\crux-ui\src\server\websocket-endpoint"><failure message="Expected parentheses around arrow function argument."><![CDATA[line 72, col 18, Error - Expected parentheses around arrow function argument. (arrow-parens)]]></failure></testcase>
<testcase time="0" name="org.eslint.linebreak-style" classname="C:\work\dyrectorio\web\crux-ui\src\server\websocket-endpoint"><failure message="Expected linebreaks to be &apos;LF&apos; but found &apos;CRLF&apos;."><![CDATA[line 72, col 25, Error - Expected linebreaks to be &apos;LF&apos; but found &apos;CRLF&apos;. (linebreak-style)]]></failure></testcase>
<testcase time="0" name="org.eslint.linebreak-style" classname="C:\work\dyrectorio\web\crux-ui\src\server\websocket-endpoint"><failure message="Expected linebreaks to be &apos;LF&apos; but found &apos;CRLF&apos;."><![CDATA[line 73, col 26, Error - Expected linebreaks to be &apos;LF&apos; but found &apos;CRLF&apos;. (linebreak-style)]]></failure></testcase>
<testcase time="0" name="org.eslint.semi" classname="C:\work\dyrectorio\web\crux-ui\src\server\websocket-endpoint"><failure message="Missing semicolon."><![CDATA[line 73, col 26, Error - Missing semicolon. (semi)]]></failure></testcase>
<testcase time="0" name="org.eslint.linebreak-style" classname="C:\work\dyrectorio\web\crux-ui\src\server\websocket-endpoint"><failure message="Expected linebreaks to be &apos;LF&apos; but found &apos;CRLF&apos;."><![CDATA[line 74, col 26, Error - Expected linebreaks to be &apos;LF&apos; but found &apos;CRLF&apos;. (linebreak-style)]]></failure></testcase>
<testcase time="0" name="org.eslint.semi" classname="C:\work\dyrectorio\web\crux-ui\src\server\websocket-endpoint"><failure message="Missing semicolon."><![CDATA[line 74, col 26, Error - Missing semicolon. (semi)]]></failure></testcase>
<testcase time="0" name="org.eslint.linebreak-style" classname="C:\work\dyrectorio\web\crux-ui\src\server\websocket-endpoint"><failure message="Expected linebreaks to be &apos;LF&apos; but found &apos;CRLF&apos;."><![CDATA[line 75, col 1, Error - Expected linebreaks to be &apos;LF&apos; but found &apos;CRLF&apos;. (linebreak-style)]]></failure></testcase>
<testcase time="0" name="org.eslint.linebreak-style" classname="C:\work\dyrectorio\web\crux-ui\src\server\websocket-endpoint"><failure message="Expected linebreaks to be &apos;LF&apos; but found &apos;CRLF&apos;."><![CDATA[line 76, col 33, Error - Expected linebreaks to be &apos;LF&apos; but found &apos;CRLF&apos;. (linebreak-style)]]></failure></testcase>
<testcase time="0" name="org.eslint.linebreak-style" classname="C:\work\dyrectorio\web\crux-ui\src\server\websocket-endpoint"><failure message="Expected linebreaks to be &apos;LF&apos; but found &apos;CRLF&apos;."><![CDATA[line 77, col 92, Error - Expected linebreaks to be &apos;LF&apos; but found &apos;CRLF&apos;. (linebreak-style)]]></failure></testcase>
<testcase time="0" name="org.eslint.semi" classname="C:\work\dyrectorio\web\crux-ui\src\server\websocket-endpoint"><failure message="Missing semicolon."><![CDATA[line 77, col 92, Error - Missing semicolon. (semi)]]></failure></testcase>
<testcase time="0" name="org.eslint.linebreak-style" classname="C:\work\dyrectorio\web\crux-ui\src\server\websocket-endpoint"><failure message="Expected linebreaks to be &apos;LF&apos; but found &apos;CRLF&apos;."><![CDATA[line 78, col 6, Error - Expected linebreaks to be &apos;LF&apos; but found &apos;CRLF&apos;. (linebreak-style)]]></failure></testcase>
<testcase time="0" name="org.eslint.linebreak-style" classname="C:\work\dyrectorio\web\crux-ui\src\server\websocket-endpoint"><failure message="Expected linebreaks to be &apos;LF&apos; but found &apos;CRLF&apos;."><![CDATA[line 79, col 1, Error - Expected linebreaks to be &apos;LF&apos; but found &apos;CRLF&apos;. (linebreak-style)]]></failure></testcase>
<testcase time="0" name="org.eslint.linebreak-style" classname="C:\work\dyrectorio\web\crux-ui\src\server\websocket-endpoint"><failure message="Expected linebreaks to be &apos;LF&apos; but found &apos;CRLF&apos;."><![CDATA[line 80, col 35, Error - Expected linebreaks to be &apos;LF&apos; but found &apos;CRLF&apos;. (linebreak-style)]]></failure></testcase>
<testcase time="0" name="org.eslint.semi" classname="C:\work\dyrectorio\web\crux-ui\src\server\websocket-endpoint"><failure message="Missing semicolon."><![CDATA[line 80, col 35, Error - Missing semicolon. (semi)]]></failure></testcase>
<testcase time="0" name="org.eslint.linebreak-style" classname="C:\work\dyrectorio\web\crux-ui\src\server\websocket-endpoint"><failure message="Expected linebreaks to be &apos;LF&apos; but found &apos;CRLF&apos;."><![CDATA[line 81, col 5, Error - Expected linebreaks to be &apos;LF&apos; but found &apos;CRLF&apos;. (linebreak-style)]]></failure></testcase>
<testcase time="0" name="org.eslint.semi" classname="C:\work\dyrectorio\web\crux-ui\src\server\websocket-endpoint"><failure message="Missing semicolon."><![CDATA[line 81, col 5, Error - Missing semicolon. (semi)]]></failure></testcase>
<testcase time="0" name="org.eslint.linebreak-style" classname="C:\work\dyrectorio\web\crux-ui\src\server\websocket-endpoint"><failure message="Expected linebreaks to be &apos;LF&apos; but found &apos;CRLF&apos;."><![CDATA[line 82, col 1, Error - Expected linebreaks to be &apos;LF&apos; but found &apos;CRLF&apos;. (linebreak-style)]]></failure></testcase>
<testcase time="0" name="org.eslint.linebreak-style" classname="C:\work\dyrectorio\web\crux-ui\src\server\websocket-endpoint"><failure message="Expected linebreaks to be &apos;LF&apos; but found &apos;CRLF&apos;."><![CDATA[line 83, col 84, Error - Expected linebreaks to be &apos;LF&apos; but found &apos;CRLF&apos;. (linebreak-style)]]></failure></testcase>
<testcase time="0" name="org.eslint.linebreak-style" classname="C:\work\dyrectorio\web\crux-ui\src\server\websocket-endpoint"><failure message="Expected linebreaks to be &apos;LF&apos; but found &apos;CRLF&apos;."><![CDATA[line 84, col 35, Error - Expected linebreaks to be &apos;LF&apos; but found &apos;CRLF&apos;. (linebreak-style)]]></failure></testcase>
<testcase time="0" name="org.eslint.semi" classname="C:\work\dyrectorio\web\crux-ui\src\server\websocket-endpoint"><failure message="Missing semicolon."><![CDATA[line 84, col 35, Error - Missing semicolon. (semi)]]></failure></testcase>
<testcase time="0" name="org.eslint.linebreak-style" classname="C:\work\dyrectorio\web\crux-ui\src\server\websocket-endpoint"><failure message="Expected linebreaks to be &apos;LF&apos; but found &apos;CRLF&apos;."><![CDATA[line 85, col 1, Error - Expected linebreaks to be &apos;LF&apos; but found &apos;CRLF&apos;. (linebreak-style)]]></failure></testcase>
<testcase time="0" name="org.eslint.linebreak-style" classname="C:\work\dyrectorio\web\crux-ui\src\server\websocket-endpoint"><failure message="Expected linebreaks to be &apos;LF&apos; but found &apos;CRLF&apos;."><![CDATA[line 86, col 47, Error - Expected linebreaks to be &apos;LF&apos; but found &apos;CRLF&apos;. (linebreak-style)]]></failure></testcase>
<testcase time="0" name="org.eslint.semi" classname="C:\work\dyrectorio\web\crux-ui\src\server\websocket-endpoint"><failure message="Missing semicolon."><![CDATA[line 86, col 47, Error - Missing semicolon. (semi)]]></failure></testcase>
<testcase time="0" name="org.eslint.linebreak-style" classname="C:\work\dyrectorio\web\crux-ui\src\server\websocket-endpoint"><failure message="Expected linebreaks to be &apos;LF&apos; but found &apos;CRLF&apos;."><![CDATA[line 87, col 20, Error - Expected linebreaks to be &apos;LF&apos; but found &apos;CRLF&apos;. (linebreak-style)]]></failure></testcase>
<testcase time="0" name="org.eslint.linebreak-style" classname="C:\work\dyrectorio\web\crux-ui\src\server\websocket-endpoint"><failure message="Expected linebreaks to be &apos;LF&apos; but found &apos;CRLF&apos;."><![CDATA[line 88, col 70, Error - Expected linebreaks to be &apos;LF&apos; but found &apos;CRLF&apos;. (linebreak-style)]]></failure></testcase>
<testcase time="0" name="org.eslint.semi" classname="C:\work\dyrectorio\web\crux-ui\src\server\websocket-endpoint"><failure message="Missing semicolon."><![CDATA[line 88, col 70, Error - Missing semicolon. (semi)]]></failure></testcase>
<testcase time="0" name="org.eslint.linebreak-style" classname="C:\work\dyrectorio\web\crux-ui\src\server\websocket-endpoint"><failure message="Expected linebreaks to be &apos;LF&apos; but found &apos;CRLF&apos;."><![CDATA[line 89, col 6, Error - Expected linebreaks to be &apos;LF&apos; but found &apos;CRLF&apos;. (linebreak-style)]]></failure></testcase>
<testcase time="0" name="org.eslint.linebreak-style" classname="C:\work\dyrectorio\web\crux-ui\src\server\websocket-endpoint"><failure message="Expected linebreaks to be &apos;LF&apos; but found &apos;CRLF&apos;."><![CDATA[line 90, col 1, Error - Expected linebreaks to be &apos;LF&apos; but found &apos;CRLF&apos;. (linebreak-style)]]></failure></testcase>
<testcase time="0" name="org.eslint.linebreak-style" classname="C:\work\dyrectorio\web\crux-ui\src\server\websocket-endpoint"><failure message="Expected linebreaks to be &apos;LF&apos; but found &apos;CRLF&apos;."><![CDATA[line 91, col 35, Error - Expected linebreaks to be &apos;LF&apos; but found &apos;CRLF&apos;. (linebreak-style)]]></failure></testcase>
<testcase time="0" name="org.eslint.linebreak-style" classname="C:\work\dyrectorio\web\crux-ui\src\server\websocket-endpoint"><failure message="Expected linebreaks to be &apos;LF&apos; but found &apos;CRLF&apos;."><![CDATA[line 92, col 14, Error - Expected linebreaks to be &apos;LF&apos; but found &apos;CRLF&apos;. (linebreak-style)]]></failure></testcase>
<testcase time="0" name="org.eslint.linebreak-style" classname="C:\work\dyrectorio\web\crux-ui\src\server\websocket-endpoint"><failure message="Expected linebreaks to be &apos;LF&apos; but found &apos;CRLF&apos;."><![CDATA[line 93, col 19, Error - Expected linebreaks to be &apos;LF&apos; but found &apos;CRLF&apos;. (linebreak-style)]]></failure></testcase>
<testcase time="0" name="org.eslint.linebreak-style" classname="C:\work\dyrectorio\web\crux-ui\src\server\websocket-endpoint"><failure message="Expected linebreaks to be &apos;LF&apos; but found &apos;CRLF&apos;."><![CDATA[line 94, col 16, Error - Expected linebreaks to be &apos;LF&apos; but found &apos;CRLF&apos;. (linebreak-style)]]></failure></testcase>
<testcase time="0" name="org.eslint.linebreak-style" classname="C:\work\dyrectorio\web\crux-ui\src\server\websocket-endpoint"><failure message="Expected linebreaks to be &apos;LF&apos; but found &apos;CRLF&apos;."><![CDATA[line 95, col 18, Error - Expected linebreaks to be &apos;LF&apos; but found &apos;CRLF&apos;. (linebreak-style)]]></failure></testcase>
<testcase time="0" name="org.eslint.linebreak-style" classname="C:\work\dyrectorio\web\crux-ui\src\server\websocket-endpoint"><failure message="Expected linebreaks to be &apos;LF&apos; but found &apos;CRLF&apos;."><![CDATA[line 96, col 15, Error - Expected linebreaks to be &apos;LF&apos; but found &apos;CRLF&apos;. (linebreak-style)]]></failure></testcase>
<testcase time="0" name="org.eslint.no-return-await" classname="C:\work\dyrectorio\web\crux-ui\src\server\websocket-endpoint"><failure message="Redundant use of `await` on a return value."><![CDATA[line 97, col 19, Error - Redundant use of `await` on a return value. (no-return-await)]]></failure></testcase>
<testcase time="0" name="org.eslint.linebreak-style" classname="C:\work\dyrectorio\web\crux-ui\src\server\websocket-endpoint"><failure message="Expected linebreaks to be &apos;LF&apos; but found &apos;CRLF&apos;."><![CDATA[line 97, col 64, Error - Expected linebreaks to be &apos;LF&apos; but found &apos;CRLF&apos;. (linebreak-style)]]></failure></testcase>
<testcase time="0" name="org.eslint.linebreak-style" classname="C:\work\dyrectorio\web\crux-ui\src\server\websocket-endpoint"><failure message="Expected linebreaks to be &apos;LF&apos; but found &apos;CRLF&apos;."><![CDATA[line 98, col 6, Error - Expected linebreaks to be &apos;LF&apos; but found &apos;CRLF&apos;. (linebreak-style)]]></failure></testcase>
<testcase time="0" name="org.eslint.semi" classname="C:\work\dyrectorio\web\crux-ui\src\server\websocket-endpoint"><failure message="Missing semicolon."><![CDATA[line 98, col 6, Error - Missing semicolon. (semi)]]></failure></testcase>
<testcase time="0" name="org.eslint.linebreak-style" classname="C:\work\dyrectorio\web\crux-ui\src\server\websocket-endpoint"><failure message="Expected linebreaks to be &apos;LF&apos; but found &apos;CRLF&apos;."><![CDATA[line 99, col 4, Error - Expected linebreaks to be &apos;LF&apos; but found &apos;CRLF&apos;. (linebreak-style)]]></failure></testcase>
<testcase time="0" name="org.eslint.semi" classname="C:\work\dyrectorio\web\crux-ui\src\server\websocket-endpoint"><failure message="Missing semicolon."><![CDATA[line 99, col 4, Error - Missing semicolon. (semi)]]></failure></testcase>
<testcase time="0" name="org.eslint.linebreak-style" classname="C:\work\dyrectorio\web\crux-ui\src\server\websocket-endpoint"><failure message="Expected linebreaks to be &apos;LF&apos; but found &apos;CRLF&apos;."><![CDATA[line 100, col 1, Error - Expected linebreaks to be &apos;LF&apos; but found &apos;CRLF&apos;. (linebreak-style)]]></failure></testcase>
<testcase time="0" name="org.eslint.linebreak-style" classname="C:\work\dyrectorio\web\crux-ui\src\server\websocket-endpoint"><failure message="Expected linebreaks to be &apos;LF&apos; but found &apos;CRLF&apos;."><![CDATA[line 101, col 28, Error - Expected linebreaks to be &apos;LF&apos; but found &apos;CRLF&apos;. (linebreak-style)]]></failure></testcase>
<testcase time="0" name="org.eslint.linebreak-style" classname="C:\work\dyrectorio\web\crux-ui\src\server\websocket-endpoint"><failure message="Expected linebreaks to be &apos;LF&apos; but found &apos;CRLF&apos;."><![CDATA[line 102, col 12, Error - Expected linebreaks to be &apos;LF&apos; but found &apos;CRLF&apos;. (linebreak-style)]]></failure></testcase>
<testcase time="0" name="org.eslint.arrow-parens" classname="C:\work\dyrectorio\web\crux-ui\src\server\websocket-endpoint"><failure message="Expected parentheses around arrow function argument."><![CDATA[line 103, col 16, Error - Expected parentheses around arrow function argument. (arrow-parens)]]></failure></testcase>
<testcase time="0" name="org.eslint.linebreak-style" classname="C:\work\dyrectorio\web\crux-ui\src\server\websocket-endpoint"><failure message="Expected linebreaks to be &apos;LF&apos; but found &apos;CRLF&apos;."><![CDATA[line 103, col 29, Error - Expected linebreaks to be &apos;LF&apos; but found &apos;CRLF&apos;. (linebreak-style)]]></failure></testcase>
<testcase time="0" name="org.eslint.linebreak-style" classname="C:\work\dyrectorio\web\crux-ui\src\server\websocket-endpoint"><failure message="Expected linebreaks to be &apos;LF&apos; but found &apos;CRLF&apos;."><![CDATA[line 104, col 6, Error - Expected linebreaks to be &apos;LF&apos; but found &apos;CRLF&apos;. (linebreak-style)]]></failure></testcase>
<testcase time="0" name="org.eslint.linebreak-style" classname="C:\work\dyrectorio\web\crux-ui\src\server\websocket-endpoint"><failure message="Expected linebreaks to be &apos;LF&apos; but found &apos;CRLF&apos;."><![CDATA[line 105, col 26, Error - Expected linebreaks to be &apos;LF&apos; but found &apos;CRLF&apos;. (linebreak-style)]]></failure></testcase>
<testcase time="0" name="org.eslint.linebreak-style" classname="C:\work\dyrectorio\web\crux-ui\src\server\websocket-endpoint"><failure message="Expected linebreaks to be &apos;LF&apos; but found &apos;CRLF&apos;."><![CDATA[line 106, col 17, Error - Expected linebreaks to be &apos;LF&apos; but found &apos;CRLF&apos;. (linebreak-style)]]></failure></testcase>
<testcase time="0" name="org.eslint.linebreak-style" classname="C:\work\dyrectorio\web\crux-ui\src\server\websocket-endpoint"><failure message="Expected linebreaks to be &apos;LF&apos; but found &apos;CRLF&apos;."><![CDATA[line 107, col 7, Error - Expected linebreaks to be &apos;LF&apos; but found &apos;CRLF&apos;. (linebreak-style)]]></failure></testcase>
<testcase time="0" name="org.eslint.linebreak-style" classname="C:\work\dyrectorio\web\crux-ui\src\server\websocket-endpoint"><failure message="Expected linebreaks to be &apos;LF&apos; but found &apos;CRLF&apos;."><![CDATA[line 108, col 4, Error - Expected linebreaks to be &apos;LF&apos; but found &apos;CRLF&apos;. (linebreak-style)]]></failure></testcase>
<testcase time="0" name="org.eslint.semi" classname="C:\work\dyrectorio\web\crux-ui\src\server\websocket-endpoint"><failure message="Missing semicolon."><![CDATA[line 108, col 4, Error - Missing semicolon. (semi)]]></failure></testcase>
<testcase time="0" name="org.eslint.linebreak-style" classname="C:\work\dyrectorio\web\crux-ui\src\server\websocket-endpoint"><failure message="Expected linebreaks to be &apos;LF&apos; but found &apos;CRLF&apos;."><![CDATA[line 109, col 2, Error - Expected linebreaks to be &apos;LF&apos; but found &apos;CRLF&apos;. (linebreak-style)]]></failure></testcase>
<testcase time="0" name="org.eslint.semi" classname="C:\work\dyrectorio\web\crux-ui\src\server\websocket-endpoint"><failure message="Missing semicolon."><![CDATA[line 109, col 2, Error - Missing semicolon. (semi)]]></failure></testcase>
<testcase time="0" name="org.eslint.linebreak-style" classname="C:\work\dyrectorio\web\crux-ui\src\server\websocket-endpoint"><failure message="Expected linebreaks to be &apos;LF&apos; but found &apos;CRLF&apos;."><![CDATA[line 110, col 1, Error - Expected linebreaks to be &apos;LF&apos; but found &apos;CRLF&apos;. (linebreak-style)]]></failure></testcase>
<testcase time="0" name="org.eslint.linebreak-style" classname="C:\work\dyrectorio\web\crux-ui\src\server\websocket-endpoint"><failure message="Expected linebreaks to be &apos;LF&apos; but found &apos;CRLF&apos;."><![CDATA[line 111, col 45, Error - Expected linebreaks to be &apos;LF&apos; but found &apos;CRLF&apos;. (linebreak-style)]]></failure></testcase>
<testcase time="0" name="org.eslint.linebreak-style" classname="C:\work\dyrectorio\web\crux-ui\src\server\websocket-endpoint"><failure message="Expected linebreaks to be &apos;LF&apos; but found &apos;CRLF&apos;."><![CDATA[line 112, col 18, Error - Expected linebreaks to be &apos;LF&apos; but found &apos;CRLF&apos;. (linebreak-style)]]></failure></testcase>
<testcase time="0" name="org.eslint.linebreak-style" classname="C:\work\dyrectorio\web\crux-ui\src\server\websocket-endpoint"><failure message="Expected linebreaks to be &apos;LF&apos; but found &apos;CRLF&apos;."><![CDATA[line 113, col 60, Error - Expected linebreaks to be &apos;LF&apos; but found &apos;CRLF&apos;. (linebreak-style)]]></failure></testcase>
<testcase time="0" name="org.eslint.linebreak-style" classname="C:\work\dyrectorio\web\crux-ui\src\server\websocket-endpoint"><failure message="Expected linebreaks to be &apos;LF&apos; but found &apos;CRLF&apos;."><![CDATA[line 114, col 22, Error - Expected linebreaks to be &apos;LF&apos; but found &apos;CRLF&apos;. (linebreak-style)]]></failure></testcase>
<testcase time="0" name="org.eslint.implicit-arrow-linebreak" classname="C:\work\dyrectorio\web\crux-ui\src\server\websocket-endpoint"><failure message="Expected no linebreak before this expression."><![CDATA[line 115, col 3, Error - Expected no linebreak before this expression. (implicit-arrow-linebreak)]]></failure></testcase>
<testcase time="0" name="org.eslint.linebreak-style" classname="C:\work\dyrectorio\web\crux-ui\src\server\websocket-endpoint"><failure message="Expected linebreaks to be &apos;LF&apos; but found &apos;CRLF&apos;."><![CDATA[line 115, col 40, Error - Expected linebreaks to be &apos;LF&apos; but found &apos;CRLF&apos;. (linebreak-style)]]></failure></testcase>
<testcase time="0" name="org.eslint.linebreak-style" classname="C:\work\dyrectorio\web\crux-ui\src\server\websocket-endpoint"><failure message="Expected linebreaks to be &apos;LF&apos; but found &apos;CRLF&apos;."><![CDATA[line 116, col 49, Error - Expected linebreaks to be &apos;LF&apos; but found &apos;CRLF&apos;. (linebreak-style)]]></failure></testcase>
<testcase time="0" name="org.eslint.semi" classname="C:\work\dyrectorio\web\crux-ui\src\server\websocket-endpoint"><failure message="Missing semicolon."><![CDATA[line 116, col 49, Error - Missing semicolon. (semi)]]></failure></testcase>
<testcase time="0" name="org.eslint.linebreak-style" classname="C:\work\dyrectorio\web\crux-ui\src\server\websocket-endpoint"><failure message="Expected linebreaks to be &apos;LF&apos; but found &apos;CRLF&apos;."><![CDATA[line 117, col 19, Error - Expected linebreaks to be &apos;LF&apos; but found &apos;CRLF&apos;. (linebreak-style)]]></failure></testcase>
<testcase time="0" name="org.eslint.linebreak-style" classname="C:\work\dyrectorio\web\crux-ui\src\server\websocket-endpoint"><failure message="Expected linebreaks to be &apos;LF&apos; but found &apos;CRLF&apos;."><![CDATA[line 118, col 60, Error - Expected linebreaks to be &apos;LF&apos; but found &apos;CRLF&apos;. (linebreak-style)]]></failure></testcase>
<testcase time="0" name="org.eslint.semi" classname="C:\work\dyrectorio\web\crux-ui\src\server\websocket-endpoint"><failure message="Missing semicolon."><![CDATA[line 118, col 60, Error - Missing semicolon. (semi)]]></failure></testcase>
<testcase time="0" name="org.eslint.linebreak-style" classname="C:\work\dyrectorio\web\crux-ui\src\server\websocket-endpoint"><failure message="Expected linebreaks to be &apos;LF&apos; but found &apos;CRLF&apos;."><![CDATA[line 119, col 13, Error - Expected linebreaks to be &apos;LF&apos; but found &apos;CRLF&apos;. (linebreak-style)]]></failure></testcase>
<testcase time="0" name="org.eslint.semi" classname="C:\work\dyrectorio\web\crux-ui\src\server\websocket-endpoint"><failure message="Missing semicolon."><![CDATA[line 119, col 13, Error - Missing semicolon. (semi)]]></failure></testcase>
<testcase time="0" name="org.eslint.linebreak-style" classname="C:\work\dyrectorio\web\crux-ui\src\server\websocket-endpoint"><failure message="Expected linebreaks to be &apos;LF&apos; but found &apos;CRLF&apos;."><![CDATA[line 120, col 6, Error - Expected linebreaks to be &apos;LF&apos; but found &apos;CRLF&apos;. (linebreak-style)]]></failure></testcase>
<testcase time="0" name="org.eslint.linebreak-style" classname="C:\work\dyrectorio\web\crux-ui\src\server\websocket-endpoint"><failure message="Expected linebreaks to be &apos;LF&apos; but found &apos;CRLF&apos;."><![CDATA[line 121, col 1, Error - Expected linebreaks to be &apos;LF&apos; but found &apos;CRLF&apos;. (linebreak-style)]]></failure></testcase>
<testcase time="0" name="org.eslint.linebreak-style" classname="C:\work\dyrectorio\web\crux-ui\src\server\websocket-endpoint"><failure message="Expected linebreaks to be &apos;LF&apos; but found &apos;CRLF&apos;."><![CDATA[line 122, col 60, Error - Expected linebreaks to be &apos;LF&apos; but found &apos;CRLF&apos;. (linebreak-style)]]></failure></testcase>
<testcase time="0" name="org.eslint.linebreak-style" classname="C:\work\dyrectorio\web\crux-ui\src\server\websocket-endpoint"><failure message="Expected linebreaks to be &apos;LF&apos; but found &apos;CRLF&apos;."><![CDATA[line 123, col 40, Error - Expected linebreaks to be &apos;LF&apos; but found &apos;CRLF&apos;. (linebreak-style)]]></failure></testcase>
<testcase time="0" name="org.eslint.semi" classname="C:\work\dyrectorio\web\crux-ui\src\server\websocket-endpoint"><failure message="Missing semicolon."><![CDATA[line 123, col 40, Error - Missing semicolon. (semi)]]></failure></testcase>
<testcase time="0" name="org.eslint.linebreak-style" classname="C:\work\dyrectorio\web\crux-ui\src\server\websocket-endpoint"><failure message="Expected linebreaks to be &apos;LF&apos; but found &apos;CRLF&apos;."><![CDATA[line 124, col 29, Error - Expected linebreaks to be &apos;LF&apos; but found &apos;CRLF&apos;. (linebreak-style)]]></failure></testcase>
<testcase time="0" name="org.eslint.semi" classname="C:\work\dyrectorio\web\crux-ui\src\server\websocket-endpoint"><failure message="Missing semicolon."><![CDATA[line 124, col 29, Error - Missing semicolon. (semi)]]></failure></testcase>
<testcase time="0" name="org.eslint.linebreak-style" classname="C:\work\dyrectorio\web\crux-ui\src\server\websocket-endpoint"><failure message="Expected linebreaks to be &apos;LF&apos; but found &apos;CRLF&apos;."><![CDATA[line 125, col 13, Error - Expected linebreaks to be &apos;LF&apos; but found &apos;CRLF&apos;. (linebreak-style)]]></failure></testcase>
<testcase time="0" name="org.eslint.linebreak-style" classname="C:\work\dyrectorio\web\crux-ui\src\server\websocket-endpoint"><failure message="Expected linebreaks to be &apos;LF&apos; but found &apos;CRLF&apos;."><![CDATA[line 126, col 28, Error - Expected linebreaks to be &apos;LF&apos; but found &apos;CRLF&apos;. (linebreak-style)]]></failure></testcase>
<testcase time="0" name="org.eslint.semi" classname="C:\work\dyrectorio\web\crux-ui\src\server\websocket-endpoint"><failure message="Missing semicolon."><![CDATA[line 126, col 28, Error - Missing semicolon. (semi)]]></failure></testcase>
<testcase time="0" name="org.eslint.linebreak-style" classname="C:\work\dyrectorio\web\crux-ui\src\server\websocket-endpoint"><failure message="Expected linebreaks to be &apos;LF&apos; but found &apos;CRLF&apos;."><![CDATA[line 127, col 6, Error - Expected linebreaks to be &apos;LF&apos; but found &apos;CRLF&apos;. (linebreak-style)]]></failure></testcase>
<testcase time="0" name="org.eslint.linebreak-style" classname="C:\work\dyrectorio\web\crux-ui\src\server\websocket-endpoint"><failure message="Expected linebreaks to be &apos;LF&apos; but found &apos;CRLF&apos;."><![CDATA[line 128, col 5, Error - Expected linebreaks to be &apos;LF&apos; but found &apos;CRLF&apos;. (linebreak-style)]]></failure></testcase>
<testcase time="0" name="org.eslint.semi" classname="C:\work\dyrectorio\web\crux-ui\src\server\websocket-endpoint"><failure message="Missing semicolon."><![CDATA[line 128, col 5, Error - Missing semicolon. (semi)]]></failure></testcase>
<testcase time="0" name="org.eslint.linebreak-style" classname="C:\work\dyrectorio\web\crux-ui\src\server\websocket-endpoint"><failure message="Expected linebreaks to be &apos;LF&apos; but found &apos;CRLF&apos;."><![CDATA[line 129, col 1, Error - Expected linebreaks to be &apos;LF&apos; but found &apos;CRLF&apos;. (linebreak-style)]]></failure></testcase>
<testcase time="0" name="org.eslint.linebreak-style" classname="C:\work\dyrectorio\web\crux-ui\src\server\websocket-endpoint"><failure message="Expected linebreaks to be &apos;LF&apos; but found &apos;CRLF&apos;."><![CDATA[line 130, col 33, Error - Expected linebreaks to be &apos;LF&apos; but found &apos;CRLF&apos;. (linebreak-style)]]></failure></testcase>
<testcase time="0" name="org.eslint.semi" classname="C:\work\dyrectorio\web\crux-ui\src\server\websocket-endpoint"><failure message="Missing semicolon."><![CDATA[line 130, col 33, Error - Missing semicolon. (semi)]]></failure></testcase>
</testsuite>
<testsuite package="org.eslint" time="0" tests="39" errors="39" name="C:\work\dyrectorio\web\crux-ui\src\server\websocket-error-middleware.ts">
<testcase time="0" name="org.eslint.linebreak-style" classname="C:\work\dyrectorio\web\crux-ui\src\server\websocket-error-middleware"><failure message="Expected linebreaks to be &apos;LF&apos; but found &apos;CRLF&apos;."><![CDATA[line 1, col 48, Error - Expected linebreaks to be &apos;LF&apos; but found &apos;CRLF&apos;. (linebreak-style)]]></failure></testcase>
<testcase time="0" name="org.eslint.semi" classname="C:\work\dyrectorio\web\crux-ui\src\server\websocket-error-middleware"><failure message="Missing semicolon."><![CDATA[line 1, col 48, Error - Missing semicolon. (semi)]]></failure></testcase>
<testcase time="0" name="org.eslint.linebreak-style" classname="C:\work\dyrectorio\web\crux-ui\src\server\websocket-error-middleware"><failure message="Expected linebreaks to be &apos;LF&apos; but found &apos;CRLF&apos;."><![CDATA[line 2, col 51, Error - Expected linebreaks to be &apos;LF&apos; but found &apos;CRLF&apos;. (linebreak-style)]]></failure></testcase>
<testcase time="0" name="org.eslint.semi" classname="C:\work\dyrectorio\web\crux-ui\src\server\websocket-error-middleware"><failure message="Missing semicolon."><![CDATA[line 2, col 51, Error - Missing semicolon. (semi)]]></failure></testcase>
<testcase time="0" name="org.eslint.linebreak-style" classname="C:\work\dyrectorio\web\crux-ui\src\server\websocket-error-middleware"><failure message="Expected linebreaks to be &apos;LF&apos; but found &apos;CRLF&apos;."><![CDATA[line 3, col 66, Error - Expected linebreaks to be &apos;LF&apos; but found &apos;CRLF&apos;. (linebreak-style)]]></failure></testcase>
<testcase time="0" name="org.eslint.semi" classname="C:\work\dyrectorio\web\crux-ui\src\server\websocket-error-middleware"><failure message="Missing semicolon."><![CDATA[line 3, col 66, Error - Missing semicolon. (semi)]]></failure></testcase>
<testcase time="0" name="org.eslint.import/extensions" classname="C:\work\dyrectorio\web\crux-ui\src\server\websocket-error-middleware"><failure message="Missing file extension &quot;ts&quot; for &quot;../logger&quot;"><![CDATA[line 4, col 24, Error - Missing file extension &quot;ts&quot; for &quot;../logger&quot; (import/extensions)]]></failure></testcase>
<testcase time="0" name="org.eslint.linebreak-style" classname="C:\work\dyrectorio\web\crux-ui\src\server\websocket-error-middleware"><failure message="Expected linebreaks to be &apos;LF&apos; but found &apos;CRLF&apos;."><![CDATA[line 4, col 35, Error - Expected linebreaks to be &apos;LF&apos; but found &apos;CRLF&apos;. (linebreak-style)]]></failure></testcase>
<testcase time="0" name="org.eslint.semi" classname="C:\work\dyrectorio\web\crux-ui\src\server\websocket-error-middleware"><failure message="Missing semicolon."><![CDATA[line 4, col 35, Error - Missing semicolon. (semi)]]></failure></testcase>
<testcase time="0" name="org.eslint.import/extensions" classname="C:\work\dyrectorio\web\crux-ui\src\server\websocket-error-middleware"><failure message="Missing file extension &quot;ts&quot; for &quot;./error-middleware&quot;"><![CDATA[line 5, col 59, Error - Missing file extension &quot;ts&quot; for &quot;./error-middleware&quot; (import/extensions)]]></failure></testcase>
<testcase time="0" name="org.eslint.linebreak-style" classname="C:\work\dyrectorio\web\crux-ui\src\server\websocket-error-middleware"><failure message="Expected linebreaks to be &apos;LF&apos; but found &apos;CRLF&apos;."><![CDATA[line 5, col 79, Error - Expected linebreaks to be &apos;LF&apos; but found &apos;CRLF&apos;. (linebreak-style)]]></failure></testcase>
<testcase time="0" name="org.eslint.semi" classname="C:\work\dyrectorio\web\crux-ui\src\server\websocket-error-middleware"><failure message="Missing semicolon."><![CDATA[line 5, col 79, Error - Missing semicolon. (semi)]]></failure></testcase>
<testcase time="0" name="org.eslint.linebreak-style" classname="C:\work\dyrectorio\web\crux-ui\src\server\websocket-error-middleware"><failure message="Expected linebreaks to be &apos;LF&apos; but found &apos;CRLF&apos;."><![CDATA[line 6, col 1, Error - Expected linebreaks to be &apos;LF&apos; but found &apos;CRLF&apos;. (linebreak-style)]]></failure></testcase>
<testcase time="0" name="org.eslint.import/prefer-default-export" classname="C:\work\dyrectorio\web\crux-ui\src\server\websocket-error-middleware"><failure message="Prefer default export."><![CDATA[line 7, col 1, Error - Prefer default export. (import/prefer-default-export)]]></failure></testcase>
<testcase time="0" name="org.eslint.linebreak-style" classname="C:\work\dyrectorio\web\crux-ui\src\server\websocket-error-middleware"><failure message="Expected linebreaks to be &apos;LF&apos; but found &apos;CRLF&apos;."><![CDATA[line 7, col 51, Error - Expected linebreaks to be &apos;LF&apos; but found &apos;CRLF&apos;. (linebreak-style)]]></failure></testcase>
<testcase time="0" name="org.eslint.linebreak-style" classname="C:\work\dyrectorio\web\crux-ui\src\server\websocket-error-middleware"><failure message="Expected linebreaks to be &apos;LF&apos; but found &apos;CRLF&apos;."><![CDATA[line 8, col 18, Error - Expected linebreaks to be &apos;LF&apos; but found &apos;CRLF&apos;. (linebreak-style)]]></failure></testcase>
<testcase time="0" name="org.eslint.linebreak-style" classname="C:\work\dyrectorio\web\crux-ui\src\server\websocket-error-middleware"><failure message="Expected linebreaks to be &apos;LF&apos; but found &apos;CRLF&apos;."><![CDATA[line 9, col 24, Error - Expected linebreaks to be &apos;LF&apos; but found &apos;CRLF&apos;. (linebreak-style)]]></failure></testcase>
<testcase time="0" name="org.eslint.linebreak-style" classname="C:\work\dyrectorio\web\crux-ui\src\server\websocket-error-middleware"><failure message="Expected linebreaks to be &apos;LF&apos; but found &apos;CRLF&apos;."><![CDATA[line 10, col 28, Error - Expected linebreaks to be &apos;LF&apos; but found &apos;CRLF&apos;. (linebreak-style)]]></failure></testcase>
<testcase time="0" name="org.eslint.linebreak-style" classname="C:\work\dyrectorio\web\crux-ui\src\server\websocket-error-middleware"><failure message="Expected linebreaks to be &apos;LF&apos; but found &apos;CRLF&apos;."><![CDATA[line 11, col 30, Error - Expected linebreaks to be &apos;LF&apos; but found &apos;CRLF&apos;. (linebreak-style)]]></failure></testcase>
<testcase time="0" name="org.eslint.linebreak-style" classname="C:\work\dyrectorio\web\crux-ui\src\server\websocket-error-middleware"><failure message="Expected linebreaks to be &apos;LF&apos; but found &apos;CRLF&apos;."><![CDATA[line 12, col 29, Error - Expected linebreaks to be &apos;LF&apos; but found &apos;CRLF&apos;. (linebreak-style)]]></failure></testcase>
<testcase time="0" name="org.eslint.linebreak-style" classname="C:\work\dyrectorio\web\crux-ui\src\server\websocket-error-middleware"><failure message="Expected linebreaks to be &apos;LF&apos; but found &apos;CRLF&apos;."><![CDATA[line 13, col 22, Error - Expected linebreaks to be &apos;LF&apos; but found &apos;CRLF&apos;. (linebreak-style)]]></failure></testcase>
<testcase time="0" name="org.eslint.linebreak-style" classname="C:\work\dyrectorio\web\crux-ui\src\server\websocket-error-middleware"><failure message="Expected linebreaks to be &apos;LF&apos; but found &apos;CRLF&apos;."><![CDATA[line 14, col 8, Error - Expected linebreaks to be &apos;LF&apos; but found &apos;CRLF&apos;. (linebreak-style)]]></failure></testcase>
<testcase time="0" name="org.eslint.linebreak-style" classname="C:\work\dyrectorio\web\crux-ui\src\server\websocket-error-middleware"><failure message="Expected linebreaks to be &apos;LF&apos; but found &apos;CRLF&apos;."><![CDATA[line 15, col 17, Error - Expected linebreaks to be &apos;LF&apos; but found &apos;CRLF&apos;. (linebreak-style)]]></failure></testcase>
<testcase time="0" name="org.eslint.semi" classname="C:\work\dyrectorio\web\crux-ui\src\server\websocket-error-middleware"><failure message="Missing semicolon."><![CDATA[line 15, col 17, Error - Missing semicolon. (semi)]]></failure></testcase>
<testcase time="0" name="org.eslint.linebreak-style" classname="C:\work\dyrectorio\web\crux-ui\src\server\websocket-error-middleware"><failure message="Expected linebreaks to be &apos;LF&apos; but found &apos;CRLF&apos;."><![CDATA[line 16, col 16, Error - Expected linebreaks to be &apos;LF&apos; but found &apos;CRLF&apos;. (linebreak-style)]]></failure></testcase>
<testcase time="0" name="org.eslint.linebreak-style" classname="C:\work\dyrectorio\web\crux-ui\src\server\websocket-error-middleware"><failure message="Expected linebreaks to be &apos;LF&apos; but found &apos;CRLF&apos;."><![CDATA[line 17, col 46, Error - Expected linebreaks to be &apos;LF&apos; but found &apos;CRLF&apos;. (linebreak-style)]]></failure></testcase>
<testcase time="0" name="org.eslint.linebreak-style" classname="C:\work\dyrectorio\web\crux-ui\src\server\websocket-error-middleware"><failure message="Expected linebreaks to be &apos;LF&apos; but found &apos;CRLF&apos;."><![CDATA[line 18, col 37, Error - Expected linebreaks to be &apos;LF&apos; but found &apos;CRLF&apos;. (linebreak-style)]]></failure></testcase>
<testcase time="0" name="org.eslint.semi" classname="C:\work\dyrectorio\web\crux-ui\src\server\websocket-error-middleware"><failure message="Missing semicolon."><![CDATA[line 18, col 37, Error - Missing semicolon. (semi)]]></failure></testcase>
<testcase time="0" name="org.eslint.linebreak-style" classname="C:\work\dyrectorio\web\crux-ui\src\server\websocket-error-middleware"><failure message="Expected linebreaks to be &apos;LF&apos; but found &apos;CRLF&apos;."><![CDATA[line 19, col 48, Error - Expected linebreaks to be &apos;LF&apos; but found &apos;CRLF&apos;. (linebreak-style)]]></failure></testcase>
<testcase time="0" name="org.eslint.semi" classname="C:\work\dyrectorio\web\crux-ui\src\server\websocket-error-middleware"><failure message="Missing semicolon."><![CDATA[line 19, col 48, Error - Missing semicolon. (semi)]]></failure></testcase>
<testcase time="0" name="org.eslint.linebreak-style" classname="C:\work\dyrectorio\web\crux-ui\src\server\websocket-error-middleware"><failure message="Expected linebreaks to be &apos;LF&apos; but found &apos;CRLF&apos;."><![CDATA[line 20, col 13, Error - Expected linebreaks to be &apos;LF&apos; but found &apos;CRLF&apos;. (linebreak-style)]]></failure></testcase>
<testcase time="0" name="org.eslint.linebreak-style" classname="C:\work\dyrectorio\web\crux-ui\src\server\websocket-error-middleware"><failure message="Expected linebreaks to be &apos;LF&apos; but found &apos;CRLF&apos;."><![CDATA[line 21, col 49, Error - Expected linebreaks to be &apos;LF&apos; but found &apos;CRLF&apos;. (linebreak-style)]]></failure></testcase>
<testcase time="0" name="org.eslint.semi" classname="C:\work\dyrectorio\web\crux-ui\src\server\websocket-error-middleware"><failure message="Missing semicolon."><![CDATA[line 21, col 49, Error - Missing semicolon. (semi)]]></failure></testcase>
<testcase time="0" name="org.eslint.linebreak-style" classname="C:\work\dyrectorio\web\crux-ui\src\server\websocket-error-middleware"><failure message="Expected linebreaks to be &apos;LF&apos; but found &apos;CRLF&apos;."><![CDATA[line 22, col 75, Error - Expected linebreaks to be &apos;LF&apos; but found &apos;CRLF&apos;. (linebreak-style)]]></failure></testcase>
<testcase time="0" name="org.eslint.semi" classname="C:\work\dyrectorio\web\crux-ui\src\server\websocket-error-middleware"><failure message="Missing semicolon."><![CDATA[line 22, col 75, Error - Missing semicolon. (semi)]]></failure></testcase>
<testcase time="0" name="org.eslint.linebreak-style" classname="C:\work\dyrectorio\web\crux-ui\src\server\websocket-error-middleware"><failure message="Expected linebreaks to be &apos;LF&apos; but found &apos;CRLF&apos;."><![CDATA[line 23, col 6, Error - Expected linebreaks to be &apos;LF&apos; but found &apos;CRLF&apos;. (linebreak-style)]]></failure></testcase>
<testcase time="0" name="org.eslint.linebreak-style" classname="C:\work\dyrectorio\web\crux-ui\src\server\websocket-error-middleware"><failure message="Expected linebreaks to be &apos;LF&apos; but found &apos;CRLF&apos;."><![CDATA[line 24, col 4, Error - Expected linebreaks to be &apos;LF&apos; but found &apos;CRLF&apos;. (linebreak-style)]]></failure></testcase>
<testcase time="0" name="org.eslint.linebreak-style" classname="C:\work\dyrectorio\web\crux-ui\src\server\websocket-error-middleware"><failure message="Expected linebreaks to be &apos;LF&apos; but found &apos;CRLF&apos;."><![CDATA[line 25, col 2, Error - Expected linebreaks to be &apos;LF&apos; but found &apos;CRLF&apos;. (linebreak-style)]]></failure></testcase>
<testcase time="0" name="org.eslint.semi" classname="C:\work\dyrectorio\web\crux-ui\src\server\websocket-error-middleware"><failure message="Missing semicolon."><![CDATA[line 25, col 2, Error - Missing semicolon. (semi)]]></failure></testcase>
</testsuite>
<testsuite package="org.eslint" time="0" tests="52" errors="52" name="C:\work\dyrectorio\web\crux-ui\src\server\websocket-middlewares.ts">
<testcase time="0" name="org.eslint.linebreak-style" classname="C:\work\dyrectorio\web\crux-ui\src\server\websocket-middlewares"><failure message="Expected linebreaks to be &apos;LF&apos; but found &apos;CRLF&apos;."><![CDATA[line 1, col 51, Error - Expected linebreaks to be &apos;LF&apos; but found &apos;CRLF&apos;. (linebreak-style)]]></failure></testcase>
<testcase time="0" name="org.eslint.semi" classname="C:\work\dyrectorio\web\crux-ui\src\server\websocket-middlewares"><failure message="Missing semicolon."><![CDATA[line 1, col 51, Error - Missing semicolon. (semi)]]></failure></testcase>
<testcase time="0" name="org.eslint.linebreak-style" classname="C:\work\dyrectorio\web\crux-ui\src\server\websocket-middlewares"><failure message="Expected linebreaks to be &apos;LF&apos; but found &apos;CRLF&apos;."><![CDATA[line 2, col 66, Error - Expected linebreaks to be &apos;LF&apos; but found &apos;CRLF&apos;. (linebreak-style)]]></failure></testcase>
<testcase time="0" name="org.eslint.semi" classname="C:\work\dyrectorio\web\crux-ui\src\server\websocket-middlewares"><failure message="Missing semicolon."><![CDATA[line 2, col 66, Error - Missing semicolon. (semi)]]></failure></testcase>
<testcase time="0" name="org.eslint.import/extensions" classname="C:\work\dyrectorio\web\crux-ui\src\server\websocket-middlewares"><failure message="Missing file extension &quot;ts&quot; for &quot;../logger&quot;"><![CDATA[line 3, col 24, Error - Missing file extension &quot;ts&quot; for &quot;../logger&quot; (import/extensions)]]></failure></testcase>
<testcase time="0" name="org.eslint.linebreak-style" classname="C:\work\dyrectorio\web\crux-ui\src\server\websocket-middlewares"><failure message="Expected linebreaks to be &apos;LF&apos; but found &apos;CRLF&apos;."><![CDATA[line 3, col 35, Error - Expected linebreaks to be &apos;LF&apos; but found &apos;CRLF&apos;. (linebreak-style)]]></failure></testcase>
<testcase time="0" name="org.eslint.semi" classname="C:\work\dyrectorio\web\crux-ui\src\server\websocket-middlewares"><failure message="Missing semicolon."><![CDATA[line 3, col 35, Error - Missing semicolon. (semi)]]></failure></testcase>
<testcase time="0" name="org.eslint.import/extensions" classname="C:\work\dyrectorio\web\crux-ui\src\server\websocket-middlewares"><failure message="Missing file extension &quot;ts&quot; for &quot;./middlewares&quot;"><![CDATA[line 4, col 35, Error - Missing file extension &quot;ts&quot; for &quot;./middlewares&quot; (import/extensions)]]></failure></testcase>
<testcase time="0" name="org.eslint.linebreak-style" classname="C:\work\dyrectorio\web\crux-ui\src\server\websocket-middlewares"><failure message="Expected linebreaks to be &apos;LF&apos; but found &apos;CRLF&apos;."><![CDATA[line 4, col 50, Error - Expected linebreaks to be &apos;LF&apos; but found &apos;CRLF&apos;. (linebreak-style)]]></failure></testcase>
<testcase time="0" name="org.eslint.semi" classname="C:\work\dyrectorio\web\crux-ui\src\server\websocket-middlewares"><failure message="Missing semicolon."><![CDATA[line 4, col 50, Error - Missing semicolon. (semi)]]></failure></testcase>
<testcase time="0" name="org.eslint.linebreak-style" classname="C:\work\dyrectorio\web\crux-ui\src\server\websocket-middlewares"><failure message="Expected linebreaks to be &apos;LF&apos; but found &apos;CRLF&apos;."><![CDATA[line 5, col 1, Error - Expected linebreaks to be &apos;LF&apos; but found &apos;CRLF&apos;. (linebreak-style)]]></failure></testcase>
<testcase time="0" name="org.eslint.linebreak-style" classname="C:\work\dyrectorio\web\crux-ui\src\server\websocket-middlewares"><failure message="Expected linebreaks to be &apos;LF&apos; but found &apos;CRLF&apos;."><![CDATA[line 6, col 37, Error - Expected linebreaks to be &apos;LF&apos; but found &apos;CRLF&apos;. (linebreak-style)]]></failure></testcase>
<testcase time="0" name="org.eslint.linebreak-style" classname="C:\work\dyrectorio\web\crux-ui\src\server\websocket-middlewares"><failure message="Expected linebreaks to be &apos;LF&apos; but found &apos;CRLF&apos;."><![CDATA[line 7, col 18, Error - Expected linebreaks to be &apos;LF&apos; but found &apos;CRLF&apos;. (linebreak-style)]]></failure></testcase>
<testcase time="0" name="org.eslint.linebreak-style" classname="C:\work\dyrectorio\web\crux-ui\src\server\websocket-middlewares"><failure message="Expected linebreaks to be &apos;LF&apos; but found &apos;CRLF&apos;."><![CDATA[line 8, col 24, Error - Expected linebreaks to be &apos;LF&apos; but found &apos;CRLF&apos;. (linebreak-style)]]></failure></testcase>
<testcase time="0" name="org.eslint.linebreak-style" classname="C:\work\dyrectorio\web\crux-ui\src\server\websocket-middlewares"><failure message="Expected linebreaks to be &apos;LF&apos; but found &apos;CRLF&apos;."><![CDATA[line 9, col 28, Error - Expected linebreaks to be &apos;LF&apos; but found &apos;CRLF&apos;. (linebreak-style)]]></failure></testcase>
<testcase time="0" name="org.eslint.linebreak-style" classname="C:\work\dyrectorio\web\crux-ui\src\server\websocket-middlewares"><failure message="Expected linebreaks to be &apos;LF&apos; but found &apos;CRLF&apos;."><![CDATA[line 10, col 30, Error - Expected linebreaks to be &apos;LF&apos; but found &apos;CRLF&apos;. (linebreak-style)]]></failure></testcase>
<testcase time="0" name="org.eslint.linebreak-style" classname="C:\work\dyrectorio\web\crux-ui\src\server\websocket-middlewares"><failure message="Expected linebreaks to be &apos;LF&apos; but found &apos;CRLF&apos;."><![CDATA[line 11, col 27, Error - Expected linebreaks to be &apos;LF&apos; but found &apos;CRLF&apos;. (linebreak-style)]]></failure></testcase>
<testcase time="0" name="org.eslint.linebreak-style" classname="C:\work\dyrectorio\web\crux-ui\src\server\websocket-middlewares"><failure message="Expected linebreaks to be &apos;LF&apos; but found &apos;CRLF&apos;."><![CDATA[line 12, col 19, Error - Expected linebreaks to be &apos;LF&apos; but found &apos;CRLF&apos;. (linebreak-style)]]></failure></testcase>
<testcase time="0" name="org.eslint.linebreak-style" classname="C:\work\dyrectorio\web\crux-ui\src\server\websocket-middlewares"><failure message="Expected linebreaks to be &apos;LF&apos; but found &apos;CRLF&apos;."><![CDATA[line 13, col 1, Error - Expected linebreaks to be &apos;LF&apos; but found &apos;CRLF&apos;. (linebreak-style)]]></failure></testcase>
<testcase time="0" name="org.eslint.linebreak-style" classname="C:\work\dyrectorio\web\crux-ui\src\server\websocket-middlewares"><failure message="Expected linebreaks to be &apos;LF&apos; but found &apos;CRLF&apos;."><![CDATA[line 14, col 47, Error - Expected linebreaks to be &apos;LF&apos; but found &apos;CRLF&apos;. (linebreak-style)]]></failure></testcase>
<testcase time="0" name="org.eslint.linebreak-style" classname="C:\work\dyrectorio\web\crux-ui\src\server\websocket-middlewares"><failure message="Expected linebreaks to be &apos;LF&apos; but found &apos;CRLF&apos;."><![CDATA[line 15, col 18, Error - Expected linebreaks to be &apos;LF&apos; but found &apos;CRLF&apos;. (linebreak-style)]]></failure></testcase>
<testcase time="0" name="org.eslint.linebreak-style" classname="C:\work\dyrectorio\web\crux-ui\src\server\websocket-middlewares"><failure message="Expected linebreaks to be &apos;LF&apos; but found &apos;CRLF&apos;."><![CDATA[line 16, col 39, Error - Expected linebreaks to be &apos;LF&apos; but found &apos;CRLF&apos;. (linebreak-style)]]></failure></testcase>
<testcase time="0" name="org.eslint.linebreak-style" classname="C:\work\dyrectorio\web\crux-ui\src\server\websocket-middlewares"><failure message="Expected linebreaks to be &apos;LF&apos; but found &apos;CRLF&apos;."><![CDATA[line 17, col 24, Error - Expected linebreaks to be &apos;LF&apos; but found &apos;CRLF&apos;. (linebreak-style)]]></failure></testcase>
<testcase time="0" name="org.eslint.linebreak-style" classname="C:\work\dyrectorio\web\crux-ui\src\server\websocket-middlewares"><failure message="Expected linebreaks to be &apos;LF&apos; but found &apos;CRLF&apos;."><![CDATA[line 18, col 28, Error - Expected linebreaks to be &apos;LF&apos; but found &apos;CRLF&apos;. (linebreak-style)]]></failure></testcase>
<testcase time="0" name="org.eslint.linebreak-style" classname="C:\work\dyrectorio\web\crux-ui\src\server\websocket-middlewares"><failure message="Expected linebreaks to be &apos;LF&apos; but found &apos;CRLF&apos;."><![CDATA[line 19, col 30, Error - Expected linebreaks to be &apos;LF&apos; but found &apos;CRLF&apos;. (linebreak-style)]]></failure></testcase>
<testcase time="0" name="org.eslint.linebreak-style" classname="C:\work\dyrectorio\web\crux-ui\src\server\websocket-middlewares"><failure message="Expected linebreaks to be &apos;LF&apos; but found &apos;CRLF&apos;."><![CDATA[line 20, col 27, Error - Expected linebreaks to be &apos;LF&apos; but found &apos;CRLF&apos;. (linebreak-style)]]></failure></testcase>
<testcase time="0" name="org.eslint.linebreak-style" classname="C:\work\dyrectorio\web\crux-ui\src\server\websocket-middlewares"><failure message="Expected linebreaks to be &apos;LF&apos; but found &apos;CRLF&apos;."><![CDATA[line 21, col 7, Error - Expected linebreaks to be &apos;LF&apos; but found &apos;CRLF&apos;. (linebreak-style)]]></failure></testcase>
<testcase time="0" name="org.eslint.linebreak-style" classname="C:\work\dyrectorio\web\crux-ui\src\server\websocket-middlewares"><failure message="Expected linebreaks to be &apos;LF&apos; but found &apos;CRLF&apos;."><![CDATA[line 22, col 32, Error - Expected linebreaks to be &apos;LF&apos; but found &apos;CRLF&apos;. (linebreak-style)]]></failure></testcase>
<testcase time="0" name="org.eslint.linebreak-style" classname="C:\work\dyrectorio\web\crux-ui\src\server\websocket-middlewares"><failure message="Expected linebreaks to be &apos;LF&apos; but found &apos;CRLF&apos;."><![CDATA[line 23, col 17, Error - Expected linebreaks to be &apos;LF&apos; but found &apos;CRLF&apos;. (linebreak-style)]]></failure></testcase>
<testcase time="0" name="org.eslint.semi" classname="C:\work\dyrectorio\web\crux-ui\src\server\websocket-middlewares"><failure message="Missing semicolon."><![CDATA[line 23, col 17, Error - Missing semicolon. (semi)]]></failure></testcase>
<testcase time="0" name="org.eslint.linebreak-style" classname="C:\work\dyrectorio\web\crux-ui\src\server\websocket-middlewares"><failure message="Expected linebreaks to be &apos;LF&apos; but found &apos;CRLF&apos;."><![CDATA[line 24, col 11, Error - Expected linebreaks to be &apos;LF&apos; but found &apos;CRLF&apos;. (linebreak-style)]]></failure></testcase>
<testcase time="0" name="org.eslint.semi" classname="C:\work\dyrectorio\web\crux-ui\src\server\websocket-middlewares"><failure message="Missing semicolon."><![CDATA[line 24, col 11, Error - Missing semicolon. (semi)]]></failure></testcase>
<testcase time="0" name="org.eslint.linebreak-style" classname="C:\work\dyrectorio\web\crux-ui\src\server\websocket-middlewares"><failure message="Expected linebreaks to be &apos;LF&apos; but found &apos;CRLF&apos;."><![CDATA[line 25, col 4, Error - Expected linebreaks to be &apos;LF&apos; but found &apos;CRLF&apos;. (linebreak-style)]]></failure></testcase>
<testcase time="0" name="org.eslint.linebreak-style" classname="C:\work\dyrectorio\web\crux-ui\src\server\websocket-middlewares"><failure message="Expected linebreaks to be &apos;LF&apos; but found &apos;CRLF&apos;."><![CDATA[line 26, col 1, Error - Expected linebreaks to be &apos;LF&apos; but found &apos;CRLF&apos;. (linebreak-style)]]></failure></testcase>
<testcase time="0" name="org.eslint.linebreak-style" classname="C:\work\dyrectorio\web\crux-ui\src\server\websocket-middlewares"><failure message="Expected linebreaks to be &apos;LF&apos; but found &apos;CRLF&apos;."><![CDATA[line 27, col 12, Error - Expected linebreaks to be &apos;LF&apos; but found &apos;CRLF&apos;. (linebreak-style)]]></failure></testcase>
<testcase time="0" name="org.eslint.semi" classname="C:\work\dyrectorio\web\crux-ui\src\server\websocket-middlewares"><failure message="Missing semicolon."><![CDATA[line 27, col 12, Error - Missing semicolon. (semi)]]></failure></testcase>
<testcase time="0" name="org.eslint.no-return-await" classname="C:\work\dyrectorio\web\crux-ui\src\server\websocket-middlewares"><failure message="Redundant use of `await` on a return value."><![CDATA[line 28, col 58, Error - Redundant use of `await` on a return value. (no-return-await)]]></failure></testcase>
<testcase time="0" name="org.eslint.no-use-before-define" classname="C:\work\dyrectorio\web\crux-ui\src\server\websocket-middlewares"><failure message="&apos;callNextMiddleware&apos; was used before it was defined."><![CDATA[line 28, col 64, Error - &apos;callNextMiddleware&apos; was used before it was defined. (no-use-before-define)]]></failure></testcase>
<testcase time="0" name="org.eslint.no-return-await" classname="C:\work\dyrectorio\web\crux-ui\src\server\websocket-middlewares"><failure message="Redundant use of `await` on a return value."><![CDATA[line 28, col 87, Error - Redundant use of `await` on a return value. (no-return-await)]]></failure></testcase>
<testcase time="0" name="org.eslint.linebreak-style" classname="C:\work\dyrectorio\web\crux-ui\src\server\websocket-middlewares"><failure message="Expected linebreaks to be &apos;LF&apos; but found &apos;CRLF&apos;."><![CDATA[line 28, col 100, Error - Expected linebreaks to be &apos;LF&apos; but found &apos;CRLF&apos;. (linebreak-style)]]></failure></testcase>
<testcase time="0" name="org.eslint.semi" classname="C:\work\dyrectorio\web\crux-ui\src\server\websocket-middlewares"><failure message="Missing semicolon."><![CDATA[line 28, col 100, Error - Missing semicolon. (semi)]]></failure></testcase>
<testcase time="0" name="org.eslint.linebreak-style" classname="C:\work\dyrectorio\web\crux-ui\src\server\websocket-middlewares"><failure message="Expected linebreaks to be &apos;LF&apos; but found &apos;CRLF&apos;."><![CDATA[line 29, col 1, Error - Expected linebreaks to be &apos;LF&apos; but found &apos;CRLF&apos;. (linebreak-style)]]></failure></testcase>
<testcase time="0" name="org.eslint.max-len" classname="C:\work\dyrectorio\web\crux-ui\src\server\websocket-middlewares"><failure message="This line has a length of 112. Maximum allowed is 100."><![CDATA[line 30, col 1, Error - This line has a length of 112. Maximum allowed is 100. (max-len)]]></failure></testcase>
<testcase time="0" name="org.eslint.no-return-await" classname="C:\work\dyrectorio\web\crux-ui\src\server\websocket-middlewares"><failure message="Redundant use of `await` on a return value."><![CDATA[line 30, col 42, Error - Redundant use of `await` on a return value. (no-return-await)]]></failure></testcase>
<testcase time="0" name="org.eslint.no-plusplus" classname="C:\work\dyrectorio\web\crux-ui\src\server\websocket-middlewares"><failure message="Unary operator &apos;++&apos; used."><![CDATA[line 30, col 60, Error - Unary operator &apos;++&apos; used. (no-plusplus)]]></failure></testcase>
<testcase time="0" name="org.eslint.linebreak-style" classname="C:\work\dyrectorio\web\crux-ui\src\server\websocket-middlewares"><failure message="Expected linebreaks to be &apos;LF&apos; but found &apos;CRLF&apos;."><![CDATA[line 30, col 113, Error - Expected linebreaks to be &apos;LF&apos; but found &apos;CRLF&apos;. (linebreak-style)]]></failure></testcase>
<testcase time="0" name="org.eslint.semi" classname="C:\work\dyrectorio\web\crux-ui\src\server\websocket-middlewares"><failure message="Missing semicolon."><![CDATA[line 30, col 113, Error - Missing semicolon. (semi)]]></failure></testcase>
<testcase time="0" name="org.eslint.linebreak-style" classname="C:\work\dyrectorio\web\crux-ui\src\server\websocket-middlewares"><failure message="Expected linebreaks to be &apos;LF&apos; but found &apos;CRLF&apos;."><![CDATA[line 31, col 1, Error - Expected linebreaks to be &apos;LF&apos; but found &apos;CRLF&apos;. (linebreak-style)]]></failure></testcase>
<testcase time="0" name="org.eslint.linebreak-style" classname="C:\work\dyrectorio\web\crux-ui\src\server\websocket-middlewares"><failure message="Expected linebreaks to be &apos;LF&apos; but found &apos;CRLF&apos;."><![CDATA[line 32, col 29, Error - Expected linebreaks to be &apos;LF&apos; but found &apos;CRLF&apos;. (linebreak-style)]]></failure></testcase>
<testcase time="0" name="org.eslint.semi" classname="C:\work\dyrectorio\web\crux-ui\src\server\websocket-middlewares"><failure message="Missing semicolon."><![CDATA[line 32, col 29, Error - Missing semicolon. (semi)]]></failure></testcase>
<testcase time="0" name="org.eslint.linebreak-style" classname="C:\work\dyrectorio\web\crux-ui\src\server\websocket-middlewares"><failure message="Expected linebreaks to be &apos;LF&apos; but found &apos;CRLF&apos;."><![CDATA[line 33, col 2, Error - Expected linebreaks to be &apos;LF&apos; but found &apos;CRLF&apos;. (linebreak-style)]]></failure></testcase>
<testcase time="0" name="org.eslint.semi" classname="C:\work\dyrectorio\web\crux-ui\src\server\websocket-middlewares"><failure message="Missing semicolon."><![CDATA[line 33, col 2, Error - Missing semicolon. (semi)]]></failure></testcase>
</testsuite>
</testsuites>
